ARM GAS  C:\Users\gjl\AppData\Local\Temp\cc14cMJm.s 			page 1


   1              		.syntax unified
   2              		.cpu cortex-m0plus
   3              		.fpu softvfp
   4              		.eabi_attribute 20, 1
   5              		.eabi_attribute 21, 1
   6              		.eabi_attribute 23, 3
   7              		.eabi_attribute 24, 1
   8              		.eabi_attribute 25, 1
   9              		.eabi_attribute 26, 1
  10              		.eabi_attribute 30, 1
  11              		.eabi_attribute 34, 0
  12              		.eabi_attribute 18, 4
  13              		.thumb
  14              		.syntax unified
  15              		.file	"cy_ble_gap.c"
  16              		.text
  17              	.Ltext0:
  18              		.cfi_sections	.debug_frame
  19              	.Letext0:
  20              		.section	.debug_info,"",%progbits
  21              	.Ldebug_info0:
  22 0000 8A000000 		.4byte	0x8a
  23 0004 0400     		.2byte	0x4
  24 0006 00000000 		.4byte	.Ldebug_abbrev0
  25 000a 04       		.byte	0x4
  26 000b 01       		.uleb128 0x1
  27 000c A2000000 		.4byte	.LASF15
  28 0010 0C       		.byte	0xc
  29 0011 8A010000 		.4byte	.LASF16
  30 0015 29000000 		.4byte	.LASF17
  31 0019 00000000 		.4byte	.Ldebug_line0
  32 001d 02       		.uleb128 0x2
  33 001e 04       		.byte	0x4
  34 001f 05       		.byte	0x5
  35 0020 696E7400 		.ascii	"int\000"
  36 0024 03       		.uleb128 0x3
  37 0025 04       		.byte	0x4
  38 0026 07       		.byte	0x7
  39 0027 0E000000 		.4byte	.LASF0
  40 002b 03       		.uleb128 0x3
  41 002c 08       		.byte	0x8
  42 002d 05       		.byte	0x5
  43 002e 00000000 		.4byte	.LASF1
  44 0032 03       		.uleb128 0x3
  45 0033 08       		.byte	0x8
  46 0034 04       		.byte	0x4
  47 0035 74010000 		.4byte	.LASF2
  48 0039 03       		.uleb128 0x3
  49 003a 01       		.byte	0x1
  50 003b 06       		.byte	0x6
  51 003c 68010000 		.4byte	.LASF3
  52 0040 03       		.uleb128 0x3
  53 0041 01       		.byte	0x1
  54 0042 08       		.byte	0x8
  55 0043 1B000000 		.4byte	.LASF4
  56 0047 03       		.uleb128 0x3
  57 0048 02       		.byte	0x2
ARM GAS  C:\Users\gjl\AppData\Local\Temp\cc14cMJm.s 			page 2


  58 0049 05       		.byte	0x5
  59 004a 80010000 		.4byte	.LASF5
  60 004e 03       		.uleb128 0x3
  61 004f 02       		.byte	0x2
  62 0050 07       		.byte	0x7
  63 0051 55010000 		.4byte	.LASF6
  64 0055 03       		.uleb128 0x3
  65 0056 04       		.byte	0x4
  66 0057 05       		.byte	0x5
  67 0058 45010000 		.4byte	.LASF7
  68 005c 03       		.uleb128 0x3
  69 005d 04       		.byte	0x4
  70 005e 07       		.byte	0x7
  71 005f 79000000 		.4byte	.LASF8
  72 0063 03       		.uleb128 0x3
  73 0064 08       		.byte	0x8
  74 0065 07       		.byte	0x7
  75 0066 8B000000 		.4byte	.LASF9
  76 006a 03       		.uleb128 0x3
  77 006b 04       		.byte	0x4
  78 006c 07       		.byte	0x7
  79 006d C1010000 		.4byte	.LASF10
  80 0071 03       		.uleb128 0x3
  81 0072 01       		.byte	0x1
  82 0073 08       		.byte	0x8
  83 0074 40010000 		.4byte	.LASF11
  84 0078 03       		.uleb128 0x3
  85 0079 04       		.byte	0x4
  86 007a 04       		.byte	0x4
  87 007b 34010000 		.4byte	.LASF12
  88 007f 03       		.uleb128 0x3
  89 0080 08       		.byte	0x8
  90 0081 04       		.byte	0x4
  91 0082 4E010000 		.4byte	.LASF13
  92 0086 03       		.uleb128 0x3
  93 0087 01       		.byte	0x1
  94 0088 02       		.byte	0x2
  95 0089 3A010000 		.4byte	.LASF14
  96 008d 00       		.byte	0
  97              		.section	.debug_abbrev,"",%progbits
  98              	.Ldebug_abbrev0:
  99 0000 01       		.uleb128 0x1
 100 0001 11       		.uleb128 0x11
 101 0002 01       		.byte	0x1
 102 0003 25       		.uleb128 0x25
 103 0004 0E       		.uleb128 0xe
 104 0005 13       		.uleb128 0x13
 105 0006 0B       		.uleb128 0xb
 106 0007 03       		.uleb128 0x3
 107 0008 0E       		.uleb128 0xe
 108 0009 1B       		.uleb128 0x1b
 109 000a 0E       		.uleb128 0xe
 110 000b 10       		.uleb128 0x10
 111 000c 17       		.uleb128 0x17
 112 000d 00       		.byte	0
 113 000e 00       		.byte	0
 114 000f 02       		.uleb128 0x2
ARM GAS  C:\Users\gjl\AppData\Local\Temp\cc14cMJm.s 			page 3


 115 0010 24       		.uleb128 0x24
 116 0011 00       		.byte	0
 117 0012 0B       		.uleb128 0xb
 118 0013 0B       		.uleb128 0xb
 119 0014 3E       		.uleb128 0x3e
 120 0015 0B       		.uleb128 0xb
 121 0016 03       		.uleb128 0x3
 122 0017 08       		.uleb128 0x8
 123 0018 00       		.byte	0
 124 0019 00       		.byte	0
 125 001a 03       		.uleb128 0x3
 126 001b 24       		.uleb128 0x24
 127 001c 00       		.byte	0
 128 001d 0B       		.uleb128 0xb
 129 001e 0B       		.uleb128 0xb
 130 001f 3E       		.uleb128 0x3e
 131 0020 0B       		.uleb128 0xb
 132 0021 03       		.uleb128 0x3
 133 0022 0E       		.uleb128 0xe
 134 0023 00       		.byte	0
 135 0024 00       		.byte	0
 136 0025 00       		.byte	0
 137              		.section	.debug_aranges,"",%progbits
 138 0000 14000000 		.4byte	0x14
 139 0004 0200     		.2byte	0x2
 140 0006 00000000 		.4byte	.Ldebug_info0
 141 000a 04       		.byte	0x4
 142 000b 00       		.byte	0
 143 000c 0000     		.2byte	0
 144 000e 0000     		.2byte	0
 145 0010 00000000 		.4byte	0
 146 0014 00000000 		.4byte	0
 147              		.section	.debug_line,"",%progbits
 148              	.Ldebug_line0:
 149 0000 19000000 		.section	.debug_str,"MS",%progbits,1
 149      02001300 
 149      00000201 
 149      FB0E0D00 
 149      01010101 
 150              	.LASF1:
 151 0000 6C6F6E67 		.ascii	"long long int\000"
 151      206C6F6E 
 151      6720696E 
 151      7400
 152              	.LASF0:
 153 000e 756E7369 		.ascii	"unsigned int\000"
 153      676E6564 
 153      20696E74 
 153      00
 154              	.LASF4:
 155 001b 756E7369 		.ascii	"unsigned char\000"
 155      676E6564 
 155      20636861 
 155      7200
 156              	.LASF17:
 157 0029 433A5C47 		.ascii	"C:\\Git\\PSoC6-101-Videos\\Projects_ScreenCapture\\"
 157      69745C50 
ARM GAS  C:\Users\gjl\AppData\Local\Temp\cc14cMJm.s 			page 4


 157      536F4336 
 157      2D313031 
 157      2D566964 
 158 0058 50536F43 		.ascii	"PSoC 6_101\\RC-3-4-CapSense.cydsn\000"
 158      20365F31 
 158      30315C52 
 158      432D332D 
 158      342D4361 
 159              	.LASF8:
 160 0079 6C6F6E67 		.ascii	"long unsigned int\000"
 160      20756E73 
 160      69676E65 
 160      6420696E 
 160      7400
 161              	.LASF9:
 162 008b 6C6F6E67 		.ascii	"long long unsigned int\000"
 162      206C6F6E 
 162      6720756E 
 162      7369676E 
 162      65642069 
 163              	.LASF15:
 164 00a2 474E5520 		.ascii	"GNU C11 5.4.1 20160609 (release) [ARM/embedded-5-br"
 164      43313120 
 164      352E342E 
 164      31203230 
 164      31363036 
 165 00d5 616E6368 		.ascii	"anch revision 237715] -mcpu=cortex-m0plus -mthumb -"
 165      20726576 
 165      6973696F 
 165      6E203233 
 165      37373135 
 166 0108 67202D4F 		.ascii	"g -Og -ffunction-sections -ffat-lto-objects\000"
 166      67202D66 
 166      66756E63 
 166      74696F6E 
 166      2D736563 
 167              	.LASF12:
 168 0134 666C6F61 		.ascii	"float\000"
 168      7400
 169              	.LASF14:
 170 013a 5F426F6F 		.ascii	"_Bool\000"
 170      6C00
 171              	.LASF11:
 172 0140 63686172 		.ascii	"char\000"
 172      00
 173              	.LASF7:
 174 0145 6C6F6E67 		.ascii	"long int\000"
 174      20696E74 
 174      00
 175              	.LASF13:
 176 014e 646F7562 		.ascii	"double\000"
 176      6C6500
 177              	.LASF6:
 178 0155 73686F72 		.ascii	"short unsigned int\000"
 178      7420756E 
 178      7369676E 
 178      65642069 
ARM GAS  C:\Users\gjl\AppData\Local\Temp\cc14cMJm.s 			page 5


 178      6E7400
 179              	.LASF3:
 180 0168 7369676E 		.ascii	"signed char\000"
 180      65642063 
 180      68617200 
 181              	.LASF2:
 182 0174 6C6F6E67 		.ascii	"long double\000"
 182      20646F75 
 182      626C6500 
 183              	.LASF5:
 184 0180 73686F72 		.ascii	"short int\000"
 184      7420696E 
 184      7400
 185              	.LASF16:
 186 018a 47656E65 		.ascii	"Generated_Source\\PSoC6\\pdl\\middleware\\ble\\cy_b"
 186      72617465 
 186      645F536F 
 186      75726365 
 186      5C50536F 
 187 01b8 6C655F67 		.ascii	"le_gap.c\000"
 187      61702E63 
 187      00
 188              	.LASF10:
 189 01c1 73697A65 		.ascii	"sizetype\000"
 189      74797065 
 189      00
 190              		.ident	"GCC: (GNU Tools for ARM Embedded Processors) 5.4.1 20160609 (release) [ARM/embedded-5-bran
