ARM GAS  C:\Users\gjl\AppData\Local\Temp\ccOlFTRc.s 			page 1


   1              		.syntax unified
   2              		.cpu cortex-m4
   3              		.eabi_attribute 27, 1
   4              		.fpu fpv4-sp-d16
   5              		.eabi_attribute 20, 1
   6              		.eabi_attribute 21, 1
   7              		.eabi_attribute 23, 3
   8              		.eabi_attribute 24, 1
   9              		.eabi_attribute 25, 1
  10              		.eabi_attribute 26, 1
  11              		.eabi_attribute 30, 1
  12              		.eabi_attribute 34, 1
  13              		.eabi_attribute 18, 4
  14              		.thumb
  15              		.syntax unified
  16              		.file	"BLE_ias_config.c"
  17              		.text
  18              	.Ltext0:
  19              		.cfi_sections	.debug_frame
  20              		.global	cy_ble_iasConfig
  21              		.section	.rodata
  22              		.align	2
  23              		.type	cy_ble_iass, %object
  24              		.size	cy_ble_iass, 4
  25              	cy_ble_iass:
  26 0000 1000     		.short	16
  27 0002 1200     		.short	18
  28              		.data
  29              		.align	2
  30              		.type	cy_ble_iasConfig, %object
  31              		.size	cy_ble_iasConfig, 8
  32              	cy_ble_iasConfig:
  33 0000 00000000 		.word	cy_ble_iass
  34 0004 00000000 		.word	0
  35              		.text
  36              	.Letext0:
  37              		.file 1 "c:\\program files (x86)\\cypress\\psoc creator\\4.2\\psoc creator\\import\\gnu\\arm\\5.4.
  38              		.file 2 "c:\\program files (x86)\\cypress\\psoc creator\\4.2\\psoc creator\\import\\gnu\\arm\\5.4.
  39              		.file 3 "Generated_Source\\PSoC6\\pdl\\middleware/ble/cy_ble_stack_host_main.h"
  40              		.file 4 "Generated_Source\\PSoC6\\pdl\\middleware/ble/cy_ble_stack_gatt.h"
  41              		.file 5 "Generated_Source\\PSoC6\\pdl\\middleware/ble/cy_ble_gap.h"
  42              		.file 6 "Generated_Source\\PSoC6\\pdl\\middleware/ble/cy_ble.h"
  43              		.file 7 "Generated_Source\\PSoC6\\pdl\\middleware/ble/cy_ble_ias.h"
  44              		.file 8 "Generated_Source\\PSoC6\\pdl\\cmsis/include/core_cm4.h"
  45              		.file 9 "Generated_Source\\PSoC6\\BLE_ias_config.c"
  46              		.section	.debug_info,"",%progbits
  47              	.Ldebug_info0:
  48 0000 9F020000 		.4byte	0x29f
  49 0004 0400     		.2byte	0x4
  50 0006 00000000 		.4byte	.Ldebug_abbrev0
  51 000a 04       		.byte	0x4
  52 000b 01       		.uleb128 0x1
  53 000c D4000000 		.4byte	.LASF54
  54 0010 0C       		.byte	0xc
  55 0011 D6020000 		.4byte	.LASF55
  56 0015 9C040000 		.4byte	.LASF56
  57 0019 00000000 		.4byte	.Ldebug_line0
ARM GAS  C:\Users\gjl\AppData\Local\Temp\ccOlFTRc.s 			page 2


  58 001d 02       		.uleb128 0x2
  59 001e 04       		.byte	0x4
  60 001f 05       		.byte	0x5
  61 0020 696E7400 		.ascii	"int\000"
  62 0024 03       		.uleb128 0x3
  63 0025 04       		.byte	0x4
  64 0026 07       		.byte	0x7
  65 0027 FE020000 		.4byte	.LASF0
  66 002b 03       		.uleb128 0x3
  67 002c 08       		.byte	0x8
  68 002d 05       		.byte	0x5
  69 002e D2030000 		.4byte	.LASF1
  70 0032 03       		.uleb128 0x3
  71 0033 08       		.byte	0x8
  72 0034 04       		.byte	0x4
  73 0035 84040000 		.4byte	.LASF2
  74 0039 03       		.uleb128 0x3
  75 003a 01       		.byte	0x1
  76 003b 06       		.byte	0x6
  77 003c 90040000 		.4byte	.LASF3
  78 0040 04       		.uleb128 0x4
  79 0041 00000000 		.4byte	.LASF6
  80 0045 01       		.byte	0x1
  81 0046 1D       		.byte	0x1d
  82 0047 4B000000 		.4byte	0x4b
  83 004b 03       		.uleb128 0x3
  84 004c 01       		.byte	0x1
  85 004d 08       		.byte	0x8
  86 004e F9010000 		.4byte	.LASF4
  87 0052 03       		.uleb128 0x3
  88 0053 02       		.byte	0x2
  89 0054 05       		.byte	0x5
  90 0055 11040000 		.4byte	.LASF5
  91 0059 04       		.uleb128 0x4
  92 005a A1020000 		.4byte	.LASF7
  93 005e 01       		.byte	0x1
  94 005f 2B       		.byte	0x2b
  95 0060 64000000 		.4byte	0x64
  96 0064 03       		.uleb128 0x3
  97 0065 02       		.byte	0x2
  98 0066 07       		.byte	0x7
  99 0067 47020000 		.4byte	.LASF8
 100 006b 04       		.uleb128 0x4
 101 006c 8C000000 		.4byte	.LASF9
 102 0070 01       		.byte	0x1
 103 0071 3F       		.byte	0x3f
 104 0072 76000000 		.4byte	0x76
 105 0076 03       		.uleb128 0x3
 106 0077 04       		.byte	0x4
 107 0078 05       		.byte	0x5
 108 0079 7B040000 		.4byte	.LASF10
 109 007d 04       		.uleb128 0x4
 110 007e CB020000 		.4byte	.LASF11
 111 0082 01       		.byte	0x1
 112 0083 41       		.byte	0x41
 113 0084 88000000 		.4byte	0x88
 114 0088 03       		.uleb128 0x3
ARM GAS  C:\Users\gjl\AppData\Local\Temp\ccOlFTRc.s 			page 3


 115 0089 04       		.byte	0x4
 116 008a 07       		.byte	0x7
 117 008b 35020000 		.4byte	.LASF12
 118 008f 03       		.uleb128 0x3
 119 0090 08       		.byte	0x8
 120 0091 07       		.byte	0x7
 121 0092 2F030000 		.4byte	.LASF13
 122 0096 03       		.uleb128 0x3
 123 0097 04       		.byte	0x4
 124 0098 07       		.byte	0x7
 125 0099 C9030000 		.4byte	.LASF14
 126 009d 05       		.uleb128 0x5
 127 009e 04       		.byte	0x4
 128 009f 03       		.uleb128 0x3
 129 00a0 01       		.byte	0x1
 130 00a1 08       		.byte	0x8
 131 00a2 E0030000 		.4byte	.LASF15
 132 00a6 04       		.uleb128 0x4
 133 00a7 A8000000 		.4byte	.LASF16
 134 00ab 02       		.byte	0x2
 135 00ac 18       		.byte	0x18
 136 00ad 40000000 		.4byte	0x40
 137 00b1 04       		.uleb128 0x4
 138 00b2 1B040000 		.4byte	.LASF17
 139 00b6 02       		.byte	0x2
 140 00b7 24       		.byte	0x24
 141 00b8 59000000 		.4byte	0x59
 142 00bc 04       		.uleb128 0x4
 143 00bd BB030000 		.4byte	.LASF18
 144 00c1 02       		.byte	0x2
 145 00c2 2C       		.byte	0x2c
 146 00c3 6B000000 		.4byte	0x6b
 147 00c7 04       		.uleb128 0x4
 148 00c8 72040000 		.4byte	.LASF19
 149 00cc 02       		.byte	0x2
 150 00cd 30       		.byte	0x30
 151 00ce 7D000000 		.4byte	0x7d
 152 00d2 03       		.uleb128 0x3
 153 00d3 04       		.byte	0x4
 154 00d4 04       		.byte	0x4
 155 00d5 C7010000 		.4byte	.LASF20
 156 00d9 03       		.uleb128 0x3
 157 00da 08       		.byte	0x8
 158 00db 04       		.byte	0x4
 159 00dc AC020000 		.4byte	.LASF21
 160 00e0 06       		.uleb128 0x6
 161 00e1 02       		.byte	0x2
 162 00e2 03       		.byte	0x3
 163 00e3 5B01     		.2byte	0x15b
 164 00e5 04010000 		.4byte	0x104
 165 00e9 07       		.uleb128 0x7
 166 00ea 23000000 		.4byte	.LASF22
 167 00ee 03       		.byte	0x3
 168 00ef 6501     		.2byte	0x165
 169 00f1 A6000000 		.4byte	0xa6
 170 00f5 00       		.byte	0
 171 00f6 07       		.uleb128 0x7
ARM GAS  C:\Users\gjl\AppData\Local\Temp\ccOlFTRc.s 			page 4


 172 00f7 C3030000 		.4byte	.LASF23
 173 00fb 03       		.byte	0x3
 174 00fc 6901     		.2byte	0x169
 175 00fe A6000000 		.4byte	0xa6
 176 0102 01       		.byte	0x1
 177 0103 00       		.byte	0
 178 0104 08       		.uleb128 0x8
 179 0105 57000000 		.4byte	.LASF24
 180 0109 03       		.byte	0x3
 181 010a 6B01     		.2byte	0x16b
 182 010c E0000000 		.4byte	0xe0
 183 0110 08       		.uleb128 0x8
 184 0111 18020000 		.4byte	.LASF25
 185 0115 04       		.byte	0x4
 186 0116 7F01     		.2byte	0x17f
 187 0118 B1000000 		.4byte	0xb1
 188 011c 09       		.uleb128 0x9
 189 011d 01       		.byte	0x1
 190 011e 4B000000 		.4byte	0x4b
 191 0122 05       		.byte	0x5
 192 0123 7E       		.byte	0x7e
 193 0124 41010000 		.4byte	0x141
 194 0128 0A       		.uleb128 0xa
 195 0129 0A000000 		.4byte	.LASF26
 196 012d 00       		.byte	0
 197 012e 0A       		.uleb128 0xa
 198 012f 70030000 		.4byte	.LASF27
 199 0133 01       		.byte	0x1
 200 0134 0A       		.uleb128 0xa
 201 0135 24040000 		.4byte	.LASF28
 202 0139 02       		.byte	0x2
 203 013a 0A       		.uleb128 0xa
 204 013b CD010000 		.4byte	.LASF29
 205 013f 03       		.byte	0x3
 206 0140 00       		.byte	0
 207 0141 04       		.uleb128 0x4
 208 0142 B1010000 		.4byte	.LASF30
 209 0146 05       		.byte	0x5
 210 0147 83       		.byte	0x83
 211 0148 1C010000 		.4byte	0x11c
 212 014c 09       		.uleb128 0x9
 213 014d 01       		.byte	0x1
 214 014e 4B000000 		.4byte	0x4b
 215 0152 05       		.byte	0x5
 216 0153 87       		.byte	0x87
 217 0154 89010000 		.4byte	0x189
 218 0158 0A       		.uleb128 0xa
 219 0159 E5030000 		.4byte	.LASF31
 220 015d 00       		.byte	0
 221 015e 0A       		.uleb128 0xa
 222 015f 41040000 		.4byte	.LASF32
 223 0163 01       		.byte	0x1
 224 0164 0A       		.uleb128 0xa
 225 0165 70000000 		.4byte	.LASF33
 226 0169 02       		.byte	0x2
 227 016a 0A       		.uleb128 0xa
 228 016b 87010000 		.4byte	.LASF34
ARM GAS  C:\Users\gjl\AppData\Local\Temp\ccOlFTRc.s 			page 5


 229 016f 03       		.byte	0x3
 230 0170 0A       		.uleb128 0xa
 231 0171 46030000 		.4byte	.LASF35
 232 0175 04       		.byte	0x4
 233 0176 0A       		.uleb128 0xa
 234 0177 5A020000 		.4byte	.LASF36
 235 017b 05       		.byte	0x5
 236 017c 0A       		.uleb128 0xa
 237 017d 2C000000 		.4byte	.LASF37
 238 0181 06       		.byte	0x6
 239 0182 0A       		.uleb128 0xa
 240 0183 0B030000 		.4byte	.LASF38
 241 0187 07       		.byte	0x7
 242 0188 00       		.byte	0
 243 0189 04       		.uleb128 0x4
 244 018a A4030000 		.4byte	.LASF39
 245 018e 05       		.byte	0x5
 246 018f 90       		.byte	0x90
 247 0190 4C010000 		.4byte	0x14c
 248 0194 04       		.uleb128 0x4
 249 0195 B0000000 		.4byte	.LASF40
 250 0199 06       		.byte	0x6
 251 019a 40       		.byte	0x40
 252 019b 9F010000 		.4byte	0x19f
 253 019f 0B       		.uleb128 0xb
 254 01a0 04       		.byte	0x4
 255 01a1 A5010000 		.4byte	0x1a5
 256 01a5 0C       		.uleb128 0xc
 257 01a6 B5010000 		.4byte	0x1b5
 258 01aa 0D       		.uleb128 0xd
 259 01ab C7000000 		.4byte	0xc7
 260 01af 0D       		.uleb128 0xd
 261 01b0 9D000000 		.4byte	0x9d
 262 01b4 00       		.byte	0
 263 01b5 03       		.uleb128 0x3
 264 01b6 01       		.byte	0x1
 265 01b7 02       		.byte	0x2
 266 01b8 EA040000 		.4byte	.LASF41
 267 01bc 0E       		.uleb128 0xe
 268 01bd 04       		.byte	0x4
 269 01be 07       		.byte	0x7
 270 01bf 30       		.byte	0x30
 271 01c0 DD010000 		.4byte	0x1dd
 272 01c4 0F       		.uleb128 0xf
 273 01c5 F0040000 		.4byte	.LASF42
 274 01c9 07       		.byte	0x7
 275 01ca 32       		.byte	0x32
 276 01cb 10010000 		.4byte	0x110
 277 01cf 00       		.byte	0
 278 01d0 0F       		.uleb128 0xf
 279 01d1 8F030000 		.4byte	.LASF43
 280 01d5 07       		.byte	0x7
 281 01d6 33       		.byte	0x33
 282 01d7 10010000 		.4byte	0x110
 283 01db 02       		.byte	0x2
 284 01dc 00       		.byte	0
 285 01dd 04       		.uleb128 0x4
ARM GAS  C:\Users\gjl\AppData\Local\Temp\ccOlFTRc.s 			page 6


 286 01de C2000000 		.4byte	.LASF44
 287 01e2 07       		.byte	0x7
 288 01e3 34       		.byte	0x34
 289 01e4 BC010000 		.4byte	0x1bc
 290 01e8 0E       		.uleb128 0xe
 291 01e9 08       		.byte	0x8
 292 01ea 07       		.byte	0x7
 293 01eb 46       		.byte	0x46
 294 01ec 09020000 		.4byte	0x209
 295 01f0 0F       		.uleb128 0xf
 296 01f1 28050000 		.4byte	.LASF45
 297 01f5 07       		.byte	0x7
 298 01f6 49       		.byte	0x49
 299 01f7 09020000 		.4byte	0x209
 300 01fb 00       		.byte	0
 301 01fc 0F       		.uleb128 0xf
 302 01fd 04040000 		.4byte	.LASF46
 303 0201 07       		.byte	0x7
 304 0202 4C       		.byte	0x4c
 305 0203 94010000 		.4byte	0x194
 306 0207 04       		.byte	0x4
 307 0208 00       		.byte	0
 308 0209 0B       		.uleb128 0xb
 309 020a 04       		.byte	0x4
 310 020b 0F020000 		.4byte	0x20f
 311 020f 10       		.uleb128 0x10
 312 0210 DD010000 		.4byte	0x1dd
 313 0214 04       		.uleb128 0x4
 314 0215 B3020000 		.4byte	.LASF47
 315 0219 07       		.byte	0x7
 316 021a 4D       		.byte	0x4d
 317 021b E8010000 		.4byte	0x1e8
 318 021f 11       		.uleb128 0x11
 319 0220 ED010000 		.4byte	.LASF57
 320 0224 09       		.byte	0x9
 321 0225 17       		.byte	0x17
 322 0226 0F020000 		.4byte	0x20f
 323 022a 05       		.uleb128 0x5
 324 022b 03       		.byte	0x3
 325 022c 00000000 		.4byte	cy_ble_iass
 326 0230 12       		.uleb128 0x12
 327 0231 84020000 		.4byte	.LASF48
 328 0235 08       		.byte	0x8
 329 0236 EA07     		.2byte	0x7ea
 330 0238 3C020000 		.4byte	0x23c
 331 023c 13       		.uleb128 0x13
 332 023d BC000000 		.4byte	0xbc
 333 0241 12       		.uleb128 0x12
 334 0242 91020000 		.4byte	.LASF49
 335 0246 05       		.byte	0x5
 336 0247 2202     		.2byte	0x222
 337 0249 41010000 		.4byte	0x141
 338 024d 14       		.uleb128 0x14
 339 024e 04010000 		.4byte	0x104
 340 0252 5D020000 		.4byte	0x25d
 341 0256 15       		.uleb128 0x15
 342 0257 96000000 		.4byte	0x96
ARM GAS  C:\Users\gjl\AppData\Local\Temp\ccOlFTRc.s 			page 7


 343 025b 00       		.byte	0
 344 025c 00       		.byte	0
 345 025d 12       		.uleb128 0x12
 346 025e 96000000 		.4byte	.LASF50
 347 0262 05       		.byte	0x5
 348 0263 2C02     		.2byte	0x22c
 349 0265 4D020000 		.4byte	0x24d
 350 0269 14       		.uleb128 0x14
 351 026a 89010000 		.4byte	0x189
 352 026e 79020000 		.4byte	0x279
 353 0272 15       		.uleb128 0x15
 354 0273 96000000 		.4byte	0x96
 355 0277 00       		.byte	0
 356 0278 00       		.byte	0
 357 0279 12       		.uleb128 0x12
 358 027a FE040000 		.4byte	.LASF51
 359 027e 05       		.byte	0x5
 360 027f 2D02     		.2byte	0x22d
 361 0281 69020000 		.4byte	0x269
 362 0285 12       		.uleb128 0x12
 363 0286 0F050000 		.4byte	.LASF52
 364 028a 05       		.byte	0x5
 365 028b 5202     		.2byte	0x252
 366 028d A6000000 		.4byte	0xa6
 367 0291 16       		.uleb128 0x16
 368 0292 07020000 		.4byte	.LASF53
 369 0296 09       		.byte	0x9
 370 0297 24       		.byte	0x24
 371 0298 14020000 		.4byte	0x214
 372 029c 05       		.uleb128 0x5
 373 029d 03       		.byte	0x3
 374 029e 00000000 		.4byte	cy_ble_iasConfig
 375 02a2 00       		.byte	0
 376              		.section	.debug_abbrev,"",%progbits
 377              	.Ldebug_abbrev0:
 378 0000 01       		.uleb128 0x1
 379 0001 11       		.uleb128 0x11
 380 0002 01       		.byte	0x1
 381 0003 25       		.uleb128 0x25
 382 0004 0E       		.uleb128 0xe
 383 0005 13       		.uleb128 0x13
 384 0006 0B       		.uleb128 0xb
 385 0007 03       		.uleb128 0x3
 386 0008 0E       		.uleb128 0xe
 387 0009 1B       		.uleb128 0x1b
 388 000a 0E       		.uleb128 0xe
 389 000b 10       		.uleb128 0x10
 390 000c 17       		.uleb128 0x17
 391 000d 00       		.byte	0
 392 000e 00       		.byte	0
 393 000f 02       		.uleb128 0x2
 394 0010 24       		.uleb128 0x24
 395 0011 00       		.byte	0
 396 0012 0B       		.uleb128 0xb
 397 0013 0B       		.uleb128 0xb
 398 0014 3E       		.uleb128 0x3e
 399 0015 0B       		.uleb128 0xb
ARM GAS  C:\Users\gjl\AppData\Local\Temp\ccOlFTRc.s 			page 8


 400 0016 03       		.uleb128 0x3
 401 0017 08       		.uleb128 0x8
 402 0018 00       		.byte	0
 403 0019 00       		.byte	0
 404 001a 03       		.uleb128 0x3
 405 001b 24       		.uleb128 0x24
 406 001c 00       		.byte	0
 407 001d 0B       		.uleb128 0xb
 408 001e 0B       		.uleb128 0xb
 409 001f 3E       		.uleb128 0x3e
 410 0020 0B       		.uleb128 0xb
 411 0021 03       		.uleb128 0x3
 412 0022 0E       		.uleb128 0xe
 413 0023 00       		.byte	0
 414 0024 00       		.byte	0
 415 0025 04       		.uleb128 0x4
 416 0026 16       		.uleb128 0x16
 417 0027 00       		.byte	0
 418 0028 03       		.uleb128 0x3
 419 0029 0E       		.uleb128 0xe
 420 002a 3A       		.uleb128 0x3a
 421 002b 0B       		.uleb128 0xb
 422 002c 3B       		.uleb128 0x3b
 423 002d 0B       		.uleb128 0xb
 424 002e 49       		.uleb128 0x49
 425 002f 13       		.uleb128 0x13
 426 0030 00       		.byte	0
 427 0031 00       		.byte	0
 428 0032 05       		.uleb128 0x5
 429 0033 0F       		.uleb128 0xf
 430 0034 00       		.byte	0
 431 0035 0B       		.uleb128 0xb
 432 0036 0B       		.uleb128 0xb
 433 0037 00       		.byte	0
 434 0038 00       		.byte	0
 435 0039 06       		.uleb128 0x6
 436 003a 13       		.uleb128 0x13
 437 003b 01       		.byte	0x1
 438 003c 0B       		.uleb128 0xb
 439 003d 0B       		.uleb128 0xb
 440 003e 3A       		.uleb128 0x3a
 441 003f 0B       		.uleb128 0xb
 442 0040 3B       		.uleb128 0x3b
 443 0041 05       		.uleb128 0x5
 444 0042 01       		.uleb128 0x1
 445 0043 13       		.uleb128 0x13
 446 0044 00       		.byte	0
 447 0045 00       		.byte	0
 448 0046 07       		.uleb128 0x7
 449 0047 0D       		.uleb128 0xd
 450 0048 00       		.byte	0
 451 0049 03       		.uleb128 0x3
 452 004a 0E       		.uleb128 0xe
 453 004b 3A       		.uleb128 0x3a
 454 004c 0B       		.uleb128 0xb
 455 004d 3B       		.uleb128 0x3b
 456 004e 05       		.uleb128 0x5
ARM GAS  C:\Users\gjl\AppData\Local\Temp\ccOlFTRc.s 			page 9


 457 004f 49       		.uleb128 0x49
 458 0050 13       		.uleb128 0x13
 459 0051 38       		.uleb128 0x38
 460 0052 0B       		.uleb128 0xb
 461 0053 00       		.byte	0
 462 0054 00       		.byte	0
 463 0055 08       		.uleb128 0x8
 464 0056 16       		.uleb128 0x16
 465 0057 00       		.byte	0
 466 0058 03       		.uleb128 0x3
 467 0059 0E       		.uleb128 0xe
 468 005a 3A       		.uleb128 0x3a
 469 005b 0B       		.uleb128 0xb
 470 005c 3B       		.uleb128 0x3b
 471 005d 05       		.uleb128 0x5
 472 005e 49       		.uleb128 0x49
 473 005f 13       		.uleb128 0x13
 474 0060 00       		.byte	0
 475 0061 00       		.byte	0
 476 0062 09       		.uleb128 0x9
 477 0063 04       		.uleb128 0x4
 478 0064 01       		.byte	0x1
 479 0065 0B       		.uleb128 0xb
 480 0066 0B       		.uleb128 0xb
 481 0067 49       		.uleb128 0x49
 482 0068 13       		.uleb128 0x13
 483 0069 3A       		.uleb128 0x3a
 484 006a 0B       		.uleb128 0xb
 485 006b 3B       		.uleb128 0x3b
 486 006c 0B       		.uleb128 0xb
 487 006d 01       		.uleb128 0x1
 488 006e 13       		.uleb128 0x13
 489 006f 00       		.byte	0
 490 0070 00       		.byte	0
 491 0071 0A       		.uleb128 0xa
 492 0072 28       		.uleb128 0x28
 493 0073 00       		.byte	0
 494 0074 03       		.uleb128 0x3
 495 0075 0E       		.uleb128 0xe
 496 0076 1C       		.uleb128 0x1c
 497 0077 0B       		.uleb128 0xb
 498 0078 00       		.byte	0
 499 0079 00       		.byte	0
 500 007a 0B       		.uleb128 0xb
 501 007b 0F       		.uleb128 0xf
 502 007c 00       		.byte	0
 503 007d 0B       		.uleb128 0xb
 504 007e 0B       		.uleb128 0xb
 505 007f 49       		.uleb128 0x49
 506 0080 13       		.uleb128 0x13
 507 0081 00       		.byte	0
 508 0082 00       		.byte	0
 509 0083 0C       		.uleb128 0xc
 510 0084 15       		.uleb128 0x15
 511 0085 01       		.byte	0x1
 512 0086 27       		.uleb128 0x27
 513 0087 19       		.uleb128 0x19
ARM GAS  C:\Users\gjl\AppData\Local\Temp\ccOlFTRc.s 			page 10


 514 0088 01       		.uleb128 0x1
 515 0089 13       		.uleb128 0x13
 516 008a 00       		.byte	0
 517 008b 00       		.byte	0
 518 008c 0D       		.uleb128 0xd
 519 008d 05       		.uleb128 0x5
 520 008e 00       		.byte	0
 521 008f 49       		.uleb128 0x49
 522 0090 13       		.uleb128 0x13
 523 0091 00       		.byte	0
 524 0092 00       		.byte	0
 525 0093 0E       		.uleb128 0xe
 526 0094 13       		.uleb128 0x13
 527 0095 01       		.byte	0x1
 528 0096 0B       		.uleb128 0xb
 529 0097 0B       		.uleb128 0xb
 530 0098 3A       		.uleb128 0x3a
 531 0099 0B       		.uleb128 0xb
 532 009a 3B       		.uleb128 0x3b
 533 009b 0B       		.uleb128 0xb
 534 009c 01       		.uleb128 0x1
 535 009d 13       		.uleb128 0x13
 536 009e 00       		.byte	0
 537 009f 00       		.byte	0
 538 00a0 0F       		.uleb128 0xf
 539 00a1 0D       		.uleb128 0xd
 540 00a2 00       		.byte	0
 541 00a3 03       		.uleb128 0x3
 542 00a4 0E       		.uleb128 0xe
 543 00a5 3A       		.uleb128 0x3a
 544 00a6 0B       		.uleb128 0xb
 545 00a7 3B       		.uleb128 0x3b
 546 00a8 0B       		.uleb128 0xb
 547 00a9 49       		.uleb128 0x49
 548 00aa 13       		.uleb128 0x13
 549 00ab 38       		.uleb128 0x38
 550 00ac 0B       		.uleb128 0xb
 551 00ad 00       		.byte	0
 552 00ae 00       		.byte	0
 553 00af 10       		.uleb128 0x10
 554 00b0 26       		.uleb128 0x26
 555 00b1 00       		.byte	0
 556 00b2 49       		.uleb128 0x49
 557 00b3 13       		.uleb128 0x13
 558 00b4 00       		.byte	0
 559 00b5 00       		.byte	0
 560 00b6 11       		.uleb128 0x11
 561 00b7 34       		.uleb128 0x34
 562 00b8 00       		.byte	0
 563 00b9 03       		.uleb128 0x3
 564 00ba 0E       		.uleb128 0xe
 565 00bb 3A       		.uleb128 0x3a
 566 00bc 0B       		.uleb128 0xb
 567 00bd 3B       		.uleb128 0x3b
 568 00be 0B       		.uleb128 0xb
 569 00bf 49       		.uleb128 0x49
 570 00c0 13       		.uleb128 0x13
ARM GAS  C:\Users\gjl\AppData\Local\Temp\ccOlFTRc.s 			page 11


 571 00c1 02       		.uleb128 0x2
 572 00c2 18       		.uleb128 0x18
 573 00c3 00       		.byte	0
 574 00c4 00       		.byte	0
 575 00c5 12       		.uleb128 0x12
 576 00c6 34       		.uleb128 0x34
 577 00c7 00       		.byte	0
 578 00c8 03       		.uleb128 0x3
 579 00c9 0E       		.uleb128 0xe
 580 00ca 3A       		.uleb128 0x3a
 581 00cb 0B       		.uleb128 0xb
 582 00cc 3B       		.uleb128 0x3b
 583 00cd 05       		.uleb128 0x5
 584 00ce 49       		.uleb128 0x49
 585 00cf 13       		.uleb128 0x13
 586 00d0 3F       		.uleb128 0x3f
 587 00d1 19       		.uleb128 0x19
 588 00d2 3C       		.uleb128 0x3c
 589 00d3 19       		.uleb128 0x19
 590 00d4 00       		.byte	0
 591 00d5 00       		.byte	0
 592 00d6 13       		.uleb128 0x13
 593 00d7 35       		.uleb128 0x35
 594 00d8 00       		.byte	0
 595 00d9 49       		.uleb128 0x49
 596 00da 13       		.uleb128 0x13
 597 00db 00       		.byte	0
 598 00dc 00       		.byte	0
 599 00dd 14       		.uleb128 0x14
 600 00de 01       		.uleb128 0x1
 601 00df 01       		.byte	0x1
 602 00e0 49       		.uleb128 0x49
 603 00e1 13       		.uleb128 0x13
 604 00e2 01       		.uleb128 0x1
 605 00e3 13       		.uleb128 0x13
 606 00e4 00       		.byte	0
 607 00e5 00       		.byte	0
 608 00e6 15       		.uleb128 0x15
 609 00e7 21       		.uleb128 0x21
 610 00e8 00       		.byte	0
 611 00e9 49       		.uleb128 0x49
 612 00ea 13       		.uleb128 0x13
 613 00eb 2F       		.uleb128 0x2f
 614 00ec 0B       		.uleb128 0xb
 615 00ed 00       		.byte	0
 616 00ee 00       		.byte	0
 617 00ef 16       		.uleb128 0x16
 618 00f0 34       		.uleb128 0x34
 619 00f1 00       		.byte	0
 620 00f2 03       		.uleb128 0x3
 621 00f3 0E       		.uleb128 0xe
 622 00f4 3A       		.uleb128 0x3a
 623 00f5 0B       		.uleb128 0xb
 624 00f6 3B       		.uleb128 0x3b
 625 00f7 0B       		.uleb128 0xb
 626 00f8 49       		.uleb128 0x49
 627 00f9 13       		.uleb128 0x13
ARM GAS  C:\Users\gjl\AppData\Local\Temp\ccOlFTRc.s 			page 12


 628 00fa 3F       		.uleb128 0x3f
 629 00fb 19       		.uleb128 0x19
 630 00fc 02       		.uleb128 0x2
 631 00fd 18       		.uleb128 0x18
 632 00fe 00       		.byte	0
 633 00ff 00       		.byte	0
 634 0100 00       		.byte	0
 635              		.section	.debug_aranges,"",%progbits
 636 0000 14000000 		.4byte	0x14
 637 0004 0200     		.2byte	0x2
 638 0006 00000000 		.4byte	.Ldebug_info0
 639 000a 04       		.byte	0x4
 640 000b 00       		.byte	0
 641 000c 0000     		.2byte	0
 642 000e 0000     		.2byte	0
 643 0010 00000000 		.4byte	0
 644 0014 00000000 		.4byte	0
 645              		.section	.debug_line,"",%progbits
 646              	.Ldebug_line0:
 647 0000 01020000 		.section	.debug_str,"MS",%progbits,1
 647      0200FB01 
 647      00000201 
 647      FB0E0D00 
 647      01010101 
 648              	.LASF6:
 649 0000 5F5F7569 		.ascii	"__uint8_t\000"
 649      6E74385F 
 649      7400
 650              	.LASF26:
 651 000a 43595F42 		.ascii	"CY_BLE_ADV_STATE_STOPPED\000"
 651      4C455F41 
 651      44565F53 
 651      54415445 
 651      5F53544F 
 652              	.LASF22:
 653 0023 62644861 		.ascii	"bdHandle\000"
 653      6E646C65 
 653      00
 654              	.LASF37:
 655 002c 43595F42 		.ascii	"CY_BLE_CONN_STATE_CLIENT_DESCR_DISCOVERING\000"
 655      4C455F43 
 655      4F4E4E5F 
 655      53544154 
 655      455F434C 
 656              	.LASF24:
 657 0057 63795F73 		.ascii	"cy_stc_ble_conn_handle_t\000"
 657      74635F62 
 657      6C655F63 
 657      6F6E6E5F 
 657      68616E64 
 658              	.LASF33:
 659 0070 43595F42 		.ascii	"CY_BLE_CONN_STATE_CONNECTED\000"
 659      4C455F43 
 659      4F4E4E5F 
 659      53544154 
 659      455F434F 
 660              	.LASF9:
ARM GAS  C:\Users\gjl\AppData\Local\Temp\ccOlFTRc.s 			page 13


 661 008c 5F5F696E 		.ascii	"__int32_t\000"
 661      7433325F 
 661      7400
 662              	.LASF50:
 663 0096 63795F62 		.ascii	"cy_ble_connHandle\000"
 663      6C655F63 
 663      6F6E6E48 
 663      616E646C 
 663      6500
 664              	.LASF16:
 665 00a8 75696E74 		.ascii	"uint8_t\000"
 665      385F7400 
 666              	.LASF40:
 667 00b0 63795F62 		.ascii	"cy_ble_callback_t\000"
 667      6C655F63 
 667      616C6C62 
 667      61636B5F 
 667      7400
 668              	.LASF44:
 669 00c2 63795F73 		.ascii	"cy_stc_ble_iass_t\000"
 669      74635F62 
 669      6C655F69 
 669      6173735F 
 669      7400
 670              	.LASF54:
 671 00d4 474E5520 		.ascii	"GNU C11 5.4.1 20160609 (release) [ARM/embedded-5-br"
 671      43313120 
 671      352E342E 
 671      31203230 
 671      31363036 
 672 0107 616E6368 		.ascii	"anch revision 237715] -mcpu=cortex-m4 -mfloat-abi=s"
 672      20726576 
 672      6973696F 
 672      6E203233 
 672      37373135 
 673 013a 6F667466 		.ascii	"oftfp -mfpu=fpv4-sp-d16 -mthumb -g -Og -ffunction-s"
 673      70202D6D 
 673      6670753D 
 673      66707634 
 673      2D73702D 
 674 016d 65637469 		.ascii	"ections -ffat-lto-objects\000"
 674      6F6E7320 
 674      2D666661 
 674      742D6C74 
 674      6F2D6F62 
 675              	.LASF34:
 676 0187 43595F42 		.ascii	"CY_BLE_CONN_STATE_CLIENT_SRVC_DISCOVERING\000"
 676      4C455F43 
 676      4F4E4E5F 
 676      53544154 
 676      455F434C 
 677              	.LASF30:
 678 01b1 63795F65 		.ascii	"cy_en_ble_adv_state_t\000"
 678      6E5F626C 
 678      655F6164 
 678      765F7374 
 678      6174655F 
ARM GAS  C:\Users\gjl\AppData\Local\Temp\ccOlFTRc.s 			page 14


 679              	.LASF20:
 680 01c7 666C6F61 		.ascii	"float\000"
 680      7400
 681              	.LASF29:
 682 01cd 43595F42 		.ascii	"CY_BLE_ADV_STATE_STOP_INITIATED\000"
 682      4C455F41 
 682      44565F53 
 682      54415445 
 682      5F53544F 
 683              	.LASF57:
 684 01ed 63795F62 		.ascii	"cy_ble_iass\000"
 684      6C655F69 
 684      61737300 
 685              	.LASF4:
 686 01f9 756E7369 		.ascii	"unsigned char\000"
 686      676E6564 
 686      20636861 
 686      7200
 687              	.LASF53:
 688 0207 63795F62 		.ascii	"cy_ble_iasConfig\000"
 688      6C655F69 
 688      6173436F 
 688      6E666967 
 688      00
 689              	.LASF25:
 690 0218 63795F62 		.ascii	"cy_ble_gatt_db_attr_handle_t\000"
 690      6C655F67 
 690      6174745F 
 690      64625F61 
 690      7474725F 
 691              	.LASF12:
 692 0235 6C6F6E67 		.ascii	"long unsigned int\000"
 692      20756E73 
 692      69676E65 
 692      6420696E 
 692      7400
 693              	.LASF8:
 694 0247 73686F72 		.ascii	"short unsigned int\000"
 694      7420756E 
 694      7369676E 
 694      65642069 
 694      6E7400
 695              	.LASF36:
 696 025a 43595F42 		.ascii	"CY_BLE_CONN_STATE_CLIENT_CHAR_DISCOVERING\000"
 696      4C455F43 
 696      4F4E4E5F 
 696      53544154 
 696      455F434C 
 697              	.LASF48:
 698 0284 49544D5F 		.ascii	"ITM_RxBuffer\000"
 698      52784275 
 698      66666572 
 698      00
 699              	.LASF49:
 700 0291 63795F62 		.ascii	"cy_ble_advState\000"
 700      6C655F61 
 700      64765374 
ARM GAS  C:\Users\gjl\AppData\Local\Temp\ccOlFTRc.s 			page 15


 700      61746500 
 701              	.LASF7:
 702 02a1 5F5F7569 		.ascii	"__uint16_t\000"
 702      6E743136 
 702      5F7400
 703              	.LASF21:
 704 02ac 646F7562 		.ascii	"double\000"
 704      6C6500
 705              	.LASF47:
 706 02b3 63795F73 		.ascii	"cy_stc_ble_ias_config_t\000"
 706      74635F62 
 706      6C655F69 
 706      61735F63 
 706      6F6E6669 
 707              	.LASF11:
 708 02cb 5F5F7569 		.ascii	"__uint32_t\000"
 708      6E743332 
 708      5F7400
 709              	.LASF55:
 710 02d6 47656E65 		.ascii	"Generated_Source\\PSoC6\\BLE_ias_config.c\000"
 710      72617465 
 710      645F536F 
 710      75726365 
 710      5C50536F 
 711              	.LASF0:
 712 02fe 756E7369 		.ascii	"unsigned int\000"
 712      676E6564 
 712      20696E74 
 712      00
 713              	.LASF38:
 714 030b 43595F42 		.ascii	"CY_BLE_CONN_STATE_CLIENT_DISCOVERED\000"
 714      4C455F43 
 714      4F4E4E5F 
 714      53544154 
 714      455F434C 
 715              	.LASF13:
 716 032f 6C6F6E67 		.ascii	"long long unsigned int\000"
 716      206C6F6E 
 716      6720756E 
 716      7369676E 
 716      65642069 
 717              	.LASF35:
 718 0346 43595F42 		.ascii	"CY_BLE_CONN_STATE_CLIENT_INCL_DISCOVERING\000"
 718      4C455F43 
 718      4F4E4E5F 
 718      53544154 
 718      455F434C 
 719              	.LASF27:
 720 0370 43595F42 		.ascii	"CY_BLE_ADV_STATE_ADV_INITIATED\000"
 720      4C455F41 
 720      44565F53 
 720      54415445 
 720      5F414456 
 721              	.LASF43:
 722 038f 616C6572 		.ascii	"alertLevelCharHandle\000"
 722      744C6576 
 722      656C4368 
ARM GAS  C:\Users\gjl\AppData\Local\Temp\ccOlFTRc.s 			page 16


 722      61724861 
 722      6E646C65 
 723              	.LASF39:
 724 03a4 63795F65 		.ascii	"cy_en_ble_conn_state_t\000"
 724      6E5F626C 
 724      655F636F 
 724      6E6E5F73 
 724      74617465 
 725              	.LASF18:
 726 03bb 696E7433 		.ascii	"int32_t\000"
 726      325F7400 
 727              	.LASF23:
 728 03c3 61747449 		.ascii	"attId\000"
 728      6400
 729              	.LASF14:
 730 03c9 73697A65 		.ascii	"sizetype\000"
 730      74797065 
 730      00
 731              	.LASF1:
 732 03d2 6C6F6E67 		.ascii	"long long int\000"
 732      206C6F6E 
 732      6720696E 
 732      7400
 733              	.LASF15:
 734 03e0 63686172 		.ascii	"char\000"
 734      00
 735              	.LASF31:
 736 03e5 43595F42 		.ascii	"CY_BLE_CONN_STATE_DISCONNECTED\000"
 736      4C455F43 
 736      4F4E4E5F 
 736      53544154 
 736      455F4449 
 737              	.LASF46:
 738 0404 63616C6C 		.ascii	"callbackFunc\000"
 738      6261636B 
 738      46756E63 
 738      00
 739              	.LASF5:
 740 0411 73686F72 		.ascii	"short int\000"
 740      7420696E 
 740      7400
 741              	.LASF17:
 742 041b 75696E74 		.ascii	"uint16_t\000"
 742      31365F74 
 742      00
 743              	.LASF28:
 744 0424 43595F42 		.ascii	"CY_BLE_ADV_STATE_ADVERTISING\000"
 744      4C455F41 
 744      44565F53 
 744      54415445 
 744      5F414456 
 745              	.LASF32:
 746 0441 43595F42 		.ascii	"CY_BLE_CONN_STATE_CLIENT_DISCONNECTED_DISCOVERED\000"
 746      4C455F43 
 746      4F4E4E5F 
 746      53544154 
 746      455F434C 
ARM GAS  C:\Users\gjl\AppData\Local\Temp\ccOlFTRc.s 			page 17


 747              	.LASF19:
 748 0472 75696E74 		.ascii	"uint32_t\000"
 748      33325F74 
 748      00
 749              	.LASF10:
 750 047b 6C6F6E67 		.ascii	"long int\000"
 750      20696E74 
 750      00
 751              	.LASF2:
 752 0484 6C6F6E67 		.ascii	"long double\000"
 752      20646F75 
 752      626C6500 
 753              	.LASF3:
 754 0490 7369676E 		.ascii	"signed char\000"
 754      65642063 
 754      68617200 
 755              	.LASF56:
 756 049c 433A5C47 		.ascii	"C:\\Git\\PSoC6-101-Videos\\Projects_ScreenCapture\\"
 756      69745C50 
 756      536F4336 
 756      2D313031 
 756      2D566964 
 757 04cb 50536F43 		.ascii	"PSoC 6_101\\3-1-BLEFindMe.cydsn\000"
 757      20365F31 
 757      30315C33 
 757      2D312D42 
 757      4C454669 
 758              	.LASF41:
 759 04ea 5F426F6F 		.ascii	"_Bool\000"
 759      6C00
 760              	.LASF42:
 761 04f0 73657276 		.ascii	"serviceHandle\000"
 761      69636548 
 761      616E646C 
 761      6500
 762              	.LASF51:
 763 04fe 63795F62 		.ascii	"cy_ble_connState\000"
 763      6C655F63 
 763      6F6E6E53 
 763      74617465 
 763      00
 764              	.LASF52:
 765 050f 63795F62 		.ascii	"cy_ble_pendingFlashWrite\000"
 765      6C655F70 
 765      656E6469 
 765      6E67466C 
 765      61736857 
 766              	.LASF45:
 767 0528 69617373 		.ascii	"iass\000"
 767      00
 768              		.ident	"GCC: (GNU Tools for ARM Embedded Processors) 5.4.1 20160609 (release) [ARM/embedded-5-bran
