ARM GAS  C:\Users\gjl\AppData\Local\Temp\ccbPGD0o.s 			page 1


   1              		.syntax unified
   2              		.cpu cortex-m4
   3              		.eabi_attribute 27, 1
   4              		.fpu fpv4-sp-d16
   5              		.eabi_attribute 20, 1
   6              		.eabi_attribute 21, 1
   7              		.eabi_attribute 23, 3
   8              		.eabi_attribute 24, 1
   9              		.eabi_attribute 25, 1
  10              		.eabi_attribute 26, 1
  11              		.eabi_attribute 30, 1
  12              		.eabi_attribute 34, 1
  13              		.eabi_attribute 18, 4
  14              		.thumb
  15              		.syntax unified
  16              		.file	"cymetadata.c"
  17              		.text
  18              	.Ltext0:
  19              		.cfi_sections	.debug_frame
  20              		.global	cy_metadata
  21              		.section	.cymeta,"a",%progbits
  22              		.align	2
  23              		.type	cy_metadata, %object
  24              		.size	cy_metadata, 12
  25              	cy_metadata:
  26 0000 00       		.byte	0
  27 0001 05       		.byte	5
  28 0002 E2       		.byte	-30
  29 0003 07       		.byte	7
  30 0004 21       		.byte	33
  31 0005 00       		.byte	0
  32 0006 21       		.byte	33
  33 0007 01       		.byte	1
  34 0008 00       		.byte	0
  35 0009 00       		.byte	0
  36 000a 00       		.byte	0
  37 000b 00       		.byte	0
  38              		.text
  39              	.Letext0:
  40              		.file 1 "c:\\program files (x86)\\cypress\\psoc creator\\4.2\\psoc creator\\import\\gnu\\arm\\5.4.
  41              		.file 2 "c:\\program files (x86)\\cypress\\psoc creator\\4.2\\psoc creator\\import\\gnu\\arm\\5.4.
  42              		.file 3 "Generated_Source\\PSoC6\\cymetadata.c"
  43              		.section	.debug_info,"",%progbits
  44              	.Ldebug_info0:
  45 0000 A8000000 		.4byte	0xa8
  46 0004 0400     		.2byte	0x4
  47 0006 00000000 		.4byte	.Ldebug_abbrev0
  48 000a 04       		.byte	0x4
  49 000b 01       		.uleb128 0x1
  50 000c 99000000 		.4byte	.LASF12
  51 0010 0C       		.byte	0xc
  52 0011 49000000 		.4byte	.LASF13
  53 0015 82010000 		.4byte	.LASF14
  54 0019 00000000 		.4byte	.Ldebug_line0
  55 001d 02       		.uleb128 0x2
  56 001e 01       		.byte	0x1
  57 001f 06       		.byte	0x6
ARM GAS  C:\Users\gjl\AppData\Local\Temp\ccbPGD0o.s 			page 2


  58 0020 76010000 		.4byte	.LASF0
  59 0024 03       		.uleb128 0x3
  60 0025 00000000 		.4byte	.LASF9
  61 0029 01       		.byte	0x1
  62 002a 1D       		.byte	0x1d
  63 002b 2F000000 		.4byte	0x2f
  64 002f 02       		.uleb128 0x2
  65 0030 01       		.byte	0x1
  66 0031 08       		.byte	0x8
  67 0032 16000000 		.4byte	.LASF1
  68 0036 02       		.uleb128 0x2
  69 0037 02       		.byte	0x2
  70 0038 05       		.byte	0x5
  71 0039 63010000 		.4byte	.LASF2
  72 003d 02       		.uleb128 0x2
  73 003e 02       		.byte	0x2
  74 003f 07       		.byte	0x7
  75 0040 36000000 		.4byte	.LASF3
  76 0044 02       		.uleb128 0x2
  77 0045 04       		.byte	0x4
  78 0046 05       		.byte	0x5
  79 0047 6D010000 		.4byte	.LASF4
  80 004b 02       		.uleb128 0x2
  81 004c 04       		.byte	0x4
  82 004d 07       		.byte	0x7
  83 004e 24000000 		.4byte	.LASF5
  84 0052 02       		.uleb128 0x2
  85 0053 08       		.byte	0x8
  86 0054 05       		.byte	0x5
  87 0055 55010000 		.4byte	.LASF6
  88 0059 02       		.uleb128 0x2
  89 005a 08       		.byte	0x8
  90 005b 07       		.byte	0x7
  91 005c 7A000000 		.4byte	.LASF7
  92 0060 04       		.uleb128 0x4
  93 0061 04       		.byte	0x4
  94 0062 05       		.byte	0x5
  95 0063 696E7400 		.ascii	"int\000"
  96 0067 02       		.uleb128 0x2
  97 0068 04       		.byte	0x4
  98 0069 07       		.byte	0x7
  99 006a 6D000000 		.4byte	.LASF8
 100 006e 03       		.uleb128 0x3
 101 006f 91000000 		.4byte	.LASF10
 102 0073 02       		.byte	0x2
 103 0074 18       		.byte	0x18
 104 0075 24000000 		.4byte	0x24
 105 0079 05       		.uleb128 0x5
 106 007a 90000000 		.4byte	0x90
 107 007e 89000000 		.4byte	0x89
 108 0082 06       		.uleb128 0x6
 109 0083 89000000 		.4byte	0x89
 110 0087 0B       		.byte	0xb
 111 0088 00       		.byte	0
 112 0089 02       		.uleb128 0x2
 113 008a 04       		.byte	0x4
 114 008b 07       		.byte	0x7
ARM GAS  C:\Users\gjl\AppData\Local\Temp\ccbPGD0o.s 			page 3


 115 008c 4C010000 		.4byte	.LASF11
 116 0090 07       		.uleb128 0x7
 117 0091 6E000000 		.4byte	0x6e
 118 0095 08       		.uleb128 0x8
 119 0096 0A000000 		.4byte	.LASF15
 120 009a 03       		.byte	0x3
 121 009b 1F       		.byte	0x1f
 122 009c A6000000 		.4byte	0xa6
 123 00a0 05       		.uleb128 0x5
 124 00a1 03       		.byte	0x3
 125 00a2 00000000 		.4byte	cy_metadata
 126 00a6 07       		.uleb128 0x7
 127 00a7 79000000 		.4byte	0x79
 128 00ab 00       		.byte	0
 129              		.section	.debug_abbrev,"",%progbits
 130              	.Ldebug_abbrev0:
 131 0000 01       		.uleb128 0x1
 132 0001 11       		.uleb128 0x11
 133 0002 01       		.byte	0x1
 134 0003 25       		.uleb128 0x25
 135 0004 0E       		.uleb128 0xe
 136 0005 13       		.uleb128 0x13
 137 0006 0B       		.uleb128 0xb
 138 0007 03       		.uleb128 0x3
 139 0008 0E       		.uleb128 0xe
 140 0009 1B       		.uleb128 0x1b
 141 000a 0E       		.uleb128 0xe
 142 000b 10       		.uleb128 0x10
 143 000c 17       		.uleb128 0x17
 144 000d 00       		.byte	0
 145 000e 00       		.byte	0
 146 000f 02       		.uleb128 0x2
 147 0010 24       		.uleb128 0x24
 148 0011 00       		.byte	0
 149 0012 0B       		.uleb128 0xb
 150 0013 0B       		.uleb128 0xb
 151 0014 3E       		.uleb128 0x3e
 152 0015 0B       		.uleb128 0xb
 153 0016 03       		.uleb128 0x3
 154 0017 0E       		.uleb128 0xe
 155 0018 00       		.byte	0
 156 0019 00       		.byte	0
 157 001a 03       		.uleb128 0x3
 158 001b 16       		.uleb128 0x16
 159 001c 00       		.byte	0
 160 001d 03       		.uleb128 0x3
 161 001e 0E       		.uleb128 0xe
 162 001f 3A       		.uleb128 0x3a
 163 0020 0B       		.uleb128 0xb
 164 0021 3B       		.uleb128 0x3b
 165 0022 0B       		.uleb128 0xb
 166 0023 49       		.uleb128 0x49
 167 0024 13       		.uleb128 0x13
 168 0025 00       		.byte	0
 169 0026 00       		.byte	0
 170 0027 04       		.uleb128 0x4
 171 0028 24       		.uleb128 0x24
ARM GAS  C:\Users\gjl\AppData\Local\Temp\ccbPGD0o.s 			page 4


 172 0029 00       		.byte	0
 173 002a 0B       		.uleb128 0xb
 174 002b 0B       		.uleb128 0xb
 175 002c 3E       		.uleb128 0x3e
 176 002d 0B       		.uleb128 0xb
 177 002e 03       		.uleb128 0x3
 178 002f 08       		.uleb128 0x8
 179 0030 00       		.byte	0
 180 0031 00       		.byte	0
 181 0032 05       		.uleb128 0x5
 182 0033 01       		.uleb128 0x1
 183 0034 01       		.byte	0x1
 184 0035 49       		.uleb128 0x49
 185 0036 13       		.uleb128 0x13
 186 0037 01       		.uleb128 0x1
 187 0038 13       		.uleb128 0x13
 188 0039 00       		.byte	0
 189 003a 00       		.byte	0
 190 003b 06       		.uleb128 0x6
 191 003c 21       		.uleb128 0x21
 192 003d 00       		.byte	0
 193 003e 49       		.uleb128 0x49
 194 003f 13       		.uleb128 0x13
 195 0040 2F       		.uleb128 0x2f
 196 0041 0B       		.uleb128 0xb
 197 0042 00       		.byte	0
 198 0043 00       		.byte	0
 199 0044 07       		.uleb128 0x7
 200 0045 26       		.uleb128 0x26
 201 0046 00       		.byte	0
 202 0047 49       		.uleb128 0x49
 203 0048 13       		.uleb128 0x13
 204 0049 00       		.byte	0
 205 004a 00       		.byte	0
 206 004b 08       		.uleb128 0x8
 207 004c 34       		.uleb128 0x34
 208 004d 00       		.byte	0
 209 004e 03       		.uleb128 0x3
 210 004f 0E       		.uleb128 0xe
 211 0050 3A       		.uleb128 0x3a
 212 0051 0B       		.uleb128 0xb
 213 0052 3B       		.uleb128 0x3b
 214 0053 0B       		.uleb128 0xb
 215 0054 49       		.uleb128 0x49
 216 0055 13       		.uleb128 0x13
 217 0056 3F       		.uleb128 0x3f
 218 0057 19       		.uleb128 0x19
 219 0058 02       		.uleb128 0x2
 220 0059 18       		.uleb128 0x18
 221 005a 00       		.byte	0
 222 005b 00       		.byte	0
 223 005c 00       		.byte	0
 224              		.section	.debug_aranges,"",%progbits
 225 0000 14000000 		.4byte	0x14
 226 0004 0200     		.2byte	0x2
 227 0006 00000000 		.4byte	.Ldebug_info0
 228 000a 04       		.byte	0x4
ARM GAS  C:\Users\gjl\AppData\Local\Temp\ccbPGD0o.s 			page 5


 229 000b 00       		.byte	0
 230 000c 0000     		.2byte	0
 231 000e 0000     		.2byte	0
 232 0010 00000000 		.4byte	0
 233 0014 00000000 		.4byte	0
 234              		.section	.debug_line,"",%progbits
 235              	.Ldebug_line0:
 236 0000 3D010000 		.section	.debug_str,"MS",%progbits,1
 236      02003701 
 236      00000201 
 236      FB0E0D00 
 236      01010101 
 237              	.LASF9:
 238 0000 5F5F7569 		.ascii	"__uint8_t\000"
 238      6E74385F 
 238      7400
 239              	.LASF15:
 240 000a 63795F6D 		.ascii	"cy_metadata\000"
 240      65746164 
 240      61746100 
 241              	.LASF1:
 242 0016 756E7369 		.ascii	"unsigned char\000"
 242      676E6564 
 242      20636861 
 242      7200
 243              	.LASF5:
 244 0024 6C6F6E67 		.ascii	"long unsigned int\000"
 244      20756E73 
 244      69676E65 
 244      6420696E 
 244      7400
 245              	.LASF3:
 246 0036 73686F72 		.ascii	"short unsigned int\000"
 246      7420756E 
 246      7369676E 
 246      65642069 
 246      6E7400
 247              	.LASF13:
 248 0049 47656E65 		.ascii	"Generated_Source\\PSoC6\\cymetadata.c\000"
 248      72617465 
 248      645F536F 
 248      75726365 
 248      5C50536F 
 249              	.LASF8:
 250 006d 756E7369 		.ascii	"unsigned int\000"
 250      676E6564 
 250      20696E74 
 250      00
 251              	.LASF7:
 252 007a 6C6F6E67 		.ascii	"long long unsigned int\000"
 252      206C6F6E 
 252      6720756E 
 252      7369676E 
 252      65642069 
 253              	.LASF10:
 254 0091 75696E74 		.ascii	"uint8_t\000"
 254      385F7400 
ARM GAS  C:\Users\gjl\AppData\Local\Temp\ccbPGD0o.s 			page 6


 255              	.LASF12:
 256 0099 474E5520 		.ascii	"GNU C11 5.4.1 20160609 (release) [ARM/embedded-5-br"
 256      43313120 
 256      352E342E 
 256      31203230 
 256      31363036 
 257 00cc 616E6368 		.ascii	"anch revision 237715] -mcpu=cortex-m4 -mfloat-abi=s"
 257      20726576 
 257      6973696F 
 257      6E203233 
 257      37373135 
 258 00ff 6F667466 		.ascii	"oftfp -mfpu=fpv4-sp-d16 -mthumb -g -Og -ffunction-s"
 258      70202D6D 
 258      6670753D 
 258      66707634 
 258      2D73702D 
 259 0132 65637469 		.ascii	"ections -ffat-lto-objects\000"
 259      6F6E7320 
 259      2D666661 
 259      742D6C74 
 259      6F2D6F62 
 260              	.LASF11:
 261 014c 73697A65 		.ascii	"sizetype\000"
 261      74797065 
 261      00
 262              	.LASF6:
 263 0155 6C6F6E67 		.ascii	"long long int\000"
 263      206C6F6E 
 263      6720696E 
 263      7400
 264              	.LASF2:
 265 0163 73686F72 		.ascii	"short int\000"
 265      7420696E 
 265      7400
 266              	.LASF4:
 267 016d 6C6F6E67 		.ascii	"long int\000"
 267      20696E74 
 267      00
 268              	.LASF0:
 269 0176 7369676E 		.ascii	"signed char\000"
 269      65642063 
 269      68617200 
 270              	.LASF14:
 271 0182 433A5C47 		.ascii	"C:\\Git\\PSoC6-101-Videos\\Projects_ScreenCapture\\"
 271      69745C50 
 271      536F4336 
 271      2D313031 
 271      2D566964 
 272 01b1 50536F43 		.ascii	"PSoC 6_101\\3-1-BLEFindMe.cydsn\000"
 272      20365F31 
 272      30315C33 
 272      2D312D42 
 272      4C454669 
 273              		.ident	"GCC: (GNU Tools for ARM Embedded Processors) 5.4.1 20160609 (release) [ARM/embedded-5-bran
