ARM GAS  C:\Users\gjl\AppData\Local\Temp\cc4FFmYA.s 			page 1


   1              		.syntax unified
   2              		.cpu cortex-m4
   3              		.eabi_attribute 27, 1
   4              		.fpu fpv4-sp-d16
   5              		.eabi_attribute 20, 1
   6              		.eabi_attribute 21, 1
   7              		.eabi_attribute 23, 3
   8              		.eabi_attribute 24, 1
   9              		.eabi_attribute 25, 1
  10              		.eabi_attribute 26, 1
  11              		.eabi_attribute 30, 1
  12              		.eabi_attribute 34, 1
  13              		.eabi_attribute 18, 4
  14              		.thumb
  15              		.syntax unified
  16              		.file	"list.c"
  17              		.text
  18              	.Ltext0:
  19              		.cfi_sections	.debug_frame
  20              		.section	.text.vListInitialise,"ax",%progbits
  21              		.align	2
  22              		.global	vListInitialise
  23              		.thumb
  24              		.thumb_func
  25              		.type	vListInitialise, %function
  26              	vListInitialise:
  27              	.LFB129:
  28              		.file 1 "Generated_Source\\PSoC6\\pdl\\rtos\\FreeRTOS\\9.0.0\\Source\\list.c"
   1:Generated_Source\PSoC6\pdl\rtos\FreeRTOS\9.0.0\Source/list.c **** /*
   2:Generated_Source\PSoC6\pdl\rtos\FreeRTOS\9.0.0\Source/list.c ****     FreeRTOS V9.0.0 - Copyright (C) 2016 Real Time Engineers Ltd.
   3:Generated_Source\PSoC6\pdl\rtos\FreeRTOS\9.0.0\Source/list.c ****     All rights reserved
   4:Generated_Source\PSoC6\pdl\rtos\FreeRTOS\9.0.0\Source/list.c **** 
   5:Generated_Source\PSoC6\pdl\rtos\FreeRTOS\9.0.0\Source/list.c ****     VISIT http://www.FreeRTOS.org TO ENSURE YOU ARE USING THE LATEST VERSION.
   6:Generated_Source\PSoC6\pdl\rtos\FreeRTOS\9.0.0\Source/list.c **** 
   7:Generated_Source\PSoC6\pdl\rtos\FreeRTOS\9.0.0\Source/list.c ****     This file is part of the FreeRTOS distribution.
   8:Generated_Source\PSoC6\pdl\rtos\FreeRTOS\9.0.0\Source/list.c **** 
   9:Generated_Source\PSoC6\pdl\rtos\FreeRTOS\9.0.0\Source/list.c ****     FreeRTOS is free software; you can redistribute it and/or modify it under
  10:Generated_Source\PSoC6\pdl\rtos\FreeRTOS\9.0.0\Source/list.c ****     the terms of the GNU General Public License (version 2) as published by the
  11:Generated_Source\PSoC6\pdl\rtos\FreeRTOS\9.0.0\Source/list.c ****     Free Software Foundation >>>> AND MODIFIED BY <<<< the FreeRTOS exception.
  12:Generated_Source\PSoC6\pdl\rtos\FreeRTOS\9.0.0\Source/list.c **** 
  13:Generated_Source\PSoC6\pdl\rtos\FreeRTOS\9.0.0\Source/list.c ****     ***************************************************************************
  14:Generated_Source\PSoC6\pdl\rtos\FreeRTOS\9.0.0\Source/list.c ****     >>!   NOTE: The modification to the GPL is included to allow you to     !<<
  15:Generated_Source\PSoC6\pdl\rtos\FreeRTOS\9.0.0\Source/list.c ****     >>!   distribute a combined work that includes FreeRTOS without being   !<<
  16:Generated_Source\PSoC6\pdl\rtos\FreeRTOS\9.0.0\Source/list.c ****     >>!   obliged to provide the source code for proprietary components     !<<
  17:Generated_Source\PSoC6\pdl\rtos\FreeRTOS\9.0.0\Source/list.c ****     >>!   outside of the FreeRTOS kernel.                                   !<<
  18:Generated_Source\PSoC6\pdl\rtos\FreeRTOS\9.0.0\Source/list.c ****     ***************************************************************************
  19:Generated_Source\PSoC6\pdl\rtos\FreeRTOS\9.0.0\Source/list.c **** 
  20:Generated_Source\PSoC6\pdl\rtos\FreeRTOS\9.0.0\Source/list.c ****     FreeRTOS is distributed in the hope that it will be useful, but WITHOUT ANY
  21:Generated_Source\PSoC6\pdl\rtos\FreeRTOS\9.0.0\Source/list.c ****     WARRANTY; without even the implied warranty of MERCHANTABILITY or FITNESS
  22:Generated_Source\PSoC6\pdl\rtos\FreeRTOS\9.0.0\Source/list.c ****     FOR A PARTICULAR PURPOSE.  Full license text is available on the following
  23:Generated_Source\PSoC6\pdl\rtos\FreeRTOS\9.0.0\Source/list.c ****     link: http://www.freertos.org/a00114.html
  24:Generated_Source\PSoC6\pdl\rtos\FreeRTOS\9.0.0\Source/list.c **** 
  25:Generated_Source\PSoC6\pdl\rtos\FreeRTOS\9.0.0\Source/list.c ****     ***************************************************************************
  26:Generated_Source\PSoC6\pdl\rtos\FreeRTOS\9.0.0\Source/list.c ****      *                                                                       *
  27:Generated_Source\PSoC6\pdl\rtos\FreeRTOS\9.0.0\Source/list.c ****      *    FreeRTOS provides completely free yet professionally developed,    *
  28:Generated_Source\PSoC6\pdl\rtos\FreeRTOS\9.0.0\Source/list.c ****      *    robust, strictly quality controlled, supported, and cross          *
  29:Generated_Source\PSoC6\pdl\rtos\FreeRTOS\9.0.0\Source/list.c ****      *    platform software that is more than just the market leader, it     *
ARM GAS  C:\Users\gjl\AppData\Local\Temp\cc4FFmYA.s 			page 2


  30:Generated_Source\PSoC6\pdl\rtos\FreeRTOS\9.0.0\Source/list.c ****      *    is the industry's de facto standard.                               *
  31:Generated_Source\PSoC6\pdl\rtos\FreeRTOS\9.0.0\Source/list.c ****      *                                                                       *
  32:Generated_Source\PSoC6\pdl\rtos\FreeRTOS\9.0.0\Source/list.c ****      *    Help yourself get started quickly while simultaneously helping     *
  33:Generated_Source\PSoC6\pdl\rtos\FreeRTOS\9.0.0\Source/list.c ****      *    to support the FreeRTOS project by purchasing a FreeRTOS           *
  34:Generated_Source\PSoC6\pdl\rtos\FreeRTOS\9.0.0\Source/list.c ****      *    tutorial book, reference manual, or both:                          *
  35:Generated_Source\PSoC6\pdl\rtos\FreeRTOS\9.0.0\Source/list.c ****      *    http://www.FreeRTOS.org/Documentation                              *
  36:Generated_Source\PSoC6\pdl\rtos\FreeRTOS\9.0.0\Source/list.c ****      *                                                                       *
  37:Generated_Source\PSoC6\pdl\rtos\FreeRTOS\9.0.0\Source/list.c ****     ***************************************************************************
  38:Generated_Source\PSoC6\pdl\rtos\FreeRTOS\9.0.0\Source/list.c **** 
  39:Generated_Source\PSoC6\pdl\rtos\FreeRTOS\9.0.0\Source/list.c ****     http://www.FreeRTOS.org/FAQHelp.html - Having a problem?  Start by reading
  40:Generated_Source\PSoC6\pdl\rtos\FreeRTOS\9.0.0\Source/list.c ****     the FAQ page "My application does not run, what could be wrong?".  Have you
  41:Generated_Source\PSoC6\pdl\rtos\FreeRTOS\9.0.0\Source/list.c ****     defined configASSERT()?
  42:Generated_Source\PSoC6\pdl\rtos\FreeRTOS\9.0.0\Source/list.c **** 
  43:Generated_Source\PSoC6\pdl\rtos\FreeRTOS\9.0.0\Source/list.c ****     http://www.FreeRTOS.org/support - In return for receiving this top quality
  44:Generated_Source\PSoC6\pdl\rtos\FreeRTOS\9.0.0\Source/list.c ****     embedded software for free we request you assist our global community by
  45:Generated_Source\PSoC6\pdl\rtos\FreeRTOS\9.0.0\Source/list.c ****     participating in the support forum.
  46:Generated_Source\PSoC6\pdl\rtos\FreeRTOS\9.0.0\Source/list.c **** 
  47:Generated_Source\PSoC6\pdl\rtos\FreeRTOS\9.0.0\Source/list.c ****     http://www.FreeRTOS.org/training - Investing in training allows your team to
  48:Generated_Source\PSoC6\pdl\rtos\FreeRTOS\9.0.0\Source/list.c ****     be as productive as possible as early as possible.  Now you can receive
  49:Generated_Source\PSoC6\pdl\rtos\FreeRTOS\9.0.0\Source/list.c ****     FreeRTOS training directly from Richard Barry, CEO of Real Time Engineers
  50:Generated_Source\PSoC6\pdl\rtos\FreeRTOS\9.0.0\Source/list.c ****     Ltd, and the world's leading authority on the world's leading RTOS.
  51:Generated_Source\PSoC6\pdl\rtos\FreeRTOS\9.0.0\Source/list.c **** 
  52:Generated_Source\PSoC6\pdl\rtos\FreeRTOS\9.0.0\Source/list.c ****     http://www.FreeRTOS.org/plus - A selection of FreeRTOS ecosystem products,
  53:Generated_Source\PSoC6\pdl\rtos\FreeRTOS\9.0.0\Source/list.c ****     including FreeRTOS+Trace - an indispensable productivity tool, a DOS
  54:Generated_Source\PSoC6\pdl\rtos\FreeRTOS\9.0.0\Source/list.c ****     compatible FAT file system, and our tiny thread aware UDP/IP stack.
  55:Generated_Source\PSoC6\pdl\rtos\FreeRTOS\9.0.0\Source/list.c **** 
  56:Generated_Source\PSoC6\pdl\rtos\FreeRTOS\9.0.0\Source/list.c ****     http://www.FreeRTOS.org/labs - Where new FreeRTOS products go to incubate.
  57:Generated_Source\PSoC6\pdl\rtos\FreeRTOS\9.0.0\Source/list.c ****     Come and try FreeRTOS+TCP, our new open source TCP/IP stack for FreeRTOS.
  58:Generated_Source\PSoC6\pdl\rtos\FreeRTOS\9.0.0\Source/list.c **** 
  59:Generated_Source\PSoC6\pdl\rtos\FreeRTOS\9.0.0\Source/list.c ****     http://www.OpenRTOS.com - Real Time Engineers ltd. license FreeRTOS to High
  60:Generated_Source\PSoC6\pdl\rtos\FreeRTOS\9.0.0\Source/list.c ****     Integrity Systems ltd. to sell under the OpenRTOS brand.  Low cost OpenRTOS
  61:Generated_Source\PSoC6\pdl\rtos\FreeRTOS\9.0.0\Source/list.c ****     licenses offer ticketed support, indemnification and commercial middleware.
  62:Generated_Source\PSoC6\pdl\rtos\FreeRTOS\9.0.0\Source/list.c **** 
  63:Generated_Source\PSoC6\pdl\rtos\FreeRTOS\9.0.0\Source/list.c ****     http://www.SafeRTOS.com - High Integrity Systems also provide a safety
  64:Generated_Source\PSoC6\pdl\rtos\FreeRTOS\9.0.0\Source/list.c ****     engineered and independently SIL3 certified version for use in safety and
  65:Generated_Source\PSoC6\pdl\rtos\FreeRTOS\9.0.0\Source/list.c ****     mission critical applications that require provable dependability.
  66:Generated_Source\PSoC6\pdl\rtos\FreeRTOS\9.0.0\Source/list.c **** 
  67:Generated_Source\PSoC6\pdl\rtos\FreeRTOS\9.0.0\Source/list.c ****     1 tab == 4 spaces!
  68:Generated_Source\PSoC6\pdl\rtos\FreeRTOS\9.0.0\Source/list.c **** */
  69:Generated_Source\PSoC6\pdl\rtos\FreeRTOS\9.0.0\Source/list.c **** 
  70:Generated_Source\PSoC6\pdl\rtos\FreeRTOS\9.0.0\Source/list.c **** 
  71:Generated_Source\PSoC6\pdl\rtos\FreeRTOS\9.0.0\Source/list.c **** #include <stdlib.h>
  72:Generated_Source\PSoC6\pdl\rtos\FreeRTOS\9.0.0\Source/list.c **** #include "FreeRTOS.h"
  73:Generated_Source\PSoC6\pdl\rtos\FreeRTOS\9.0.0\Source/list.c **** #include "list.h"
  74:Generated_Source\PSoC6\pdl\rtos\FreeRTOS\9.0.0\Source/list.c **** 
  75:Generated_Source\PSoC6\pdl\rtos\FreeRTOS\9.0.0\Source/list.c **** /*-----------------------------------------------------------
  76:Generated_Source\PSoC6\pdl\rtos\FreeRTOS\9.0.0\Source/list.c ****  * PUBLIC LIST API documented in list.h
  77:Generated_Source\PSoC6\pdl\rtos\FreeRTOS\9.0.0\Source/list.c ****  *----------------------------------------------------------*/
  78:Generated_Source\PSoC6\pdl\rtos\FreeRTOS\9.0.0\Source/list.c **** 
  79:Generated_Source\PSoC6\pdl\rtos\FreeRTOS\9.0.0\Source/list.c **** void vListInitialise( List_t * const pxList )
  80:Generated_Source\PSoC6\pdl\rtos\FreeRTOS\9.0.0\Source/list.c **** {
  29              		.loc 1 80 0
  30              		.cfi_startproc
  31              		@ args = 0, pretend = 0, frame = 0
  32              		@ frame_needed = 0, uses_anonymous_args = 0
  33              		@ link register save eliminated.
  34              	.LVL0:
ARM GAS  C:\Users\gjl\AppData\Local\Temp\cc4FFmYA.s 			page 3


  81:Generated_Source\PSoC6\pdl\rtos\FreeRTOS\9.0.0\Source/list.c **** 	/* The list structure contains a list item which is used to mark the
  82:Generated_Source\PSoC6\pdl\rtos\FreeRTOS\9.0.0\Source/list.c **** 	end of the list.  To initialise the list the list end is inserted
  83:Generated_Source\PSoC6\pdl\rtos\FreeRTOS\9.0.0\Source/list.c **** 	as the only list entry. */
  84:Generated_Source\PSoC6\pdl\rtos\FreeRTOS\9.0.0\Source/list.c **** 	pxList->pxIndex = ( ListItem_t * ) &( pxList->xListEnd );			/*lint !e826 !e740 The mini list struc
  35              		.loc 1 84 0
  36 0000 00F10803 		add	r3, r0, #8
  37 0004 4360     		str	r3, [r0, #4]
  85:Generated_Source\PSoC6\pdl\rtos\FreeRTOS\9.0.0\Source/list.c **** 
  86:Generated_Source\PSoC6\pdl\rtos\FreeRTOS\9.0.0\Source/list.c **** 	/* The list end value is the highest possible value in the list to
  87:Generated_Source\PSoC6\pdl\rtos\FreeRTOS\9.0.0\Source/list.c **** 	ensure it remains at the end of the list. */
  88:Generated_Source\PSoC6\pdl\rtos\FreeRTOS\9.0.0\Source/list.c **** 	pxList->xListEnd.xItemValue = portMAX_DELAY;
  38              		.loc 1 88 0
  39 0006 4FF0FF32 		mov	r2, #-1
  40 000a 8260     		str	r2, [r0, #8]
  89:Generated_Source\PSoC6\pdl\rtos\FreeRTOS\9.0.0\Source/list.c **** 
  90:Generated_Source\PSoC6\pdl\rtos\FreeRTOS\9.0.0\Source/list.c **** 	/* The list end next and previous pointers point to itself so we know
  91:Generated_Source\PSoC6\pdl\rtos\FreeRTOS\9.0.0\Source/list.c **** 	when the list is empty. */
  92:Generated_Source\PSoC6\pdl\rtos\FreeRTOS\9.0.0\Source/list.c **** 	pxList->xListEnd.pxNext = ( ListItem_t * ) &( pxList->xListEnd );	/*lint !e826 !e740 The mini list
  41              		.loc 1 92 0
  42 000c C360     		str	r3, [r0, #12]
  93:Generated_Source\PSoC6\pdl\rtos\FreeRTOS\9.0.0\Source/list.c **** 	pxList->xListEnd.pxPrevious = ( ListItem_t * ) &( pxList->xListEnd );/*lint !e826 !e740 The mini l
  43              		.loc 1 93 0
  44 000e 0361     		str	r3, [r0, #16]
  94:Generated_Source\PSoC6\pdl\rtos\FreeRTOS\9.0.0\Source/list.c **** 
  95:Generated_Source\PSoC6\pdl\rtos\FreeRTOS\9.0.0\Source/list.c **** 	pxList->uxNumberOfItems = ( UBaseType_t ) 0U;
  45              		.loc 1 95 0
  46 0010 0023     		movs	r3, #0
  47 0012 0360     		str	r3, [r0]
  48 0014 7047     		bx	lr
  49              		.cfi_endproc
  50              	.LFE129:
  51              		.size	vListInitialise, .-vListInitialise
  52 0016 00BF     		.section	.text.vListInitialiseItem,"ax",%progbits
  53              		.align	2
  54              		.global	vListInitialiseItem
  55              		.thumb
  56              		.thumb_func
  57              		.type	vListInitialiseItem, %function
  58              	vListInitialiseItem:
  59              	.LFB130:
  96:Generated_Source\PSoC6\pdl\rtos\FreeRTOS\9.0.0\Source/list.c **** 
  97:Generated_Source\PSoC6\pdl\rtos\FreeRTOS\9.0.0\Source/list.c **** 	/* Write known values into the list if
  98:Generated_Source\PSoC6\pdl\rtos\FreeRTOS\9.0.0\Source/list.c **** 	configUSE_LIST_DATA_INTEGRITY_CHECK_BYTES is set to 1. */
  99:Generated_Source\PSoC6\pdl\rtos\FreeRTOS\9.0.0\Source/list.c **** 	listSET_LIST_INTEGRITY_CHECK_1_VALUE( pxList );
 100:Generated_Source\PSoC6\pdl\rtos\FreeRTOS\9.0.0\Source/list.c **** 	listSET_LIST_INTEGRITY_CHECK_2_VALUE( pxList );
 101:Generated_Source\PSoC6\pdl\rtos\FreeRTOS\9.0.0\Source/list.c **** }
 102:Generated_Source\PSoC6\pdl\rtos\FreeRTOS\9.0.0\Source/list.c **** /*-----------------------------------------------------------*/
 103:Generated_Source\PSoC6\pdl\rtos\FreeRTOS\9.0.0\Source/list.c **** 
 104:Generated_Source\PSoC6\pdl\rtos\FreeRTOS\9.0.0\Source/list.c **** void vListInitialiseItem( ListItem_t * const pxItem )
 105:Generated_Source\PSoC6\pdl\rtos\FreeRTOS\9.0.0\Source/list.c **** {
  60              		.loc 1 105 0
  61              		.cfi_startproc
  62              		@ args = 0, pretend = 0, frame = 0
  63              		@ frame_needed = 0, uses_anonymous_args = 0
  64              		@ link register save eliminated.
  65              	.LVL1:
 106:Generated_Source\PSoC6\pdl\rtos\FreeRTOS\9.0.0\Source/list.c **** 	/* Make sure the list item is not recorded as being on a list. */
ARM GAS  C:\Users\gjl\AppData\Local\Temp\cc4FFmYA.s 			page 4


 107:Generated_Source\PSoC6\pdl\rtos\FreeRTOS\9.0.0\Source/list.c **** 	pxItem->pvContainer = NULL;
  66              		.loc 1 107 0
  67 0000 0023     		movs	r3, #0
  68 0002 0361     		str	r3, [r0, #16]
  69 0004 7047     		bx	lr
  70              		.cfi_endproc
  71              	.LFE130:
  72              		.size	vListInitialiseItem, .-vListInitialiseItem
  73 0006 00BF     		.section	.text.vListInsertEnd,"ax",%progbits
  74              		.align	2
  75              		.global	vListInsertEnd
  76              		.thumb
  77              		.thumb_func
  78              		.type	vListInsertEnd, %function
  79              	vListInsertEnd:
  80              	.LFB131:
 108:Generated_Source\PSoC6\pdl\rtos\FreeRTOS\9.0.0\Source/list.c **** 
 109:Generated_Source\PSoC6\pdl\rtos\FreeRTOS\9.0.0\Source/list.c **** 	/* Write known values into the list item if
 110:Generated_Source\PSoC6\pdl\rtos\FreeRTOS\9.0.0\Source/list.c **** 	configUSE_LIST_DATA_INTEGRITY_CHECK_BYTES is set to 1. */
 111:Generated_Source\PSoC6\pdl\rtos\FreeRTOS\9.0.0\Source/list.c **** 	listSET_FIRST_LIST_ITEM_INTEGRITY_CHECK_VALUE( pxItem );
 112:Generated_Source\PSoC6\pdl\rtos\FreeRTOS\9.0.0\Source/list.c **** 	listSET_SECOND_LIST_ITEM_INTEGRITY_CHECK_VALUE( pxItem );
 113:Generated_Source\PSoC6\pdl\rtos\FreeRTOS\9.0.0\Source/list.c **** }
 114:Generated_Source\PSoC6\pdl\rtos\FreeRTOS\9.0.0\Source/list.c **** /*-----------------------------------------------------------*/
 115:Generated_Source\PSoC6\pdl\rtos\FreeRTOS\9.0.0\Source/list.c **** 
 116:Generated_Source\PSoC6\pdl\rtos\FreeRTOS\9.0.0\Source/list.c **** void vListInsertEnd( List_t * const pxList, ListItem_t * const pxNewListItem )
 117:Generated_Source\PSoC6\pdl\rtos\FreeRTOS\9.0.0\Source/list.c **** {
  81              		.loc 1 117 0
  82              		.cfi_startproc
  83              		@ args = 0, pretend = 0, frame = 0
  84              		@ frame_needed = 0, uses_anonymous_args = 0
  85              		@ link register save eliminated.
  86              	.LVL2:
 118:Generated_Source\PSoC6\pdl\rtos\FreeRTOS\9.0.0\Source/list.c **** ListItem_t * const pxIndex = pxList->pxIndex;
  87              		.loc 1 118 0
  88 0000 4368     		ldr	r3, [r0, #4]
  89              	.LVL3:
 119:Generated_Source\PSoC6\pdl\rtos\FreeRTOS\9.0.0\Source/list.c **** 
 120:Generated_Source\PSoC6\pdl\rtos\FreeRTOS\9.0.0\Source/list.c **** 	/* Only effective when configASSERT() is also defined, these tests may catch
 121:Generated_Source\PSoC6\pdl\rtos\FreeRTOS\9.0.0\Source/list.c **** 	the list data structures being overwritten in memory.  They will not catch
 122:Generated_Source\PSoC6\pdl\rtos\FreeRTOS\9.0.0\Source/list.c **** 	data errors caused by incorrect configuration or use of FreeRTOS. */
 123:Generated_Source\PSoC6\pdl\rtos\FreeRTOS\9.0.0\Source/list.c **** 	listTEST_LIST_INTEGRITY( pxList );
 124:Generated_Source\PSoC6\pdl\rtos\FreeRTOS\9.0.0\Source/list.c **** 	listTEST_LIST_ITEM_INTEGRITY( pxNewListItem );
 125:Generated_Source\PSoC6\pdl\rtos\FreeRTOS\9.0.0\Source/list.c **** 
 126:Generated_Source\PSoC6\pdl\rtos\FreeRTOS\9.0.0\Source/list.c **** 	/* Insert a new list item into pxList, but rather than sort the list,
 127:Generated_Source\PSoC6\pdl\rtos\FreeRTOS\9.0.0\Source/list.c **** 	makes the new list item the last item to be removed by a call to
 128:Generated_Source\PSoC6\pdl\rtos\FreeRTOS\9.0.0\Source/list.c **** 	listGET_OWNER_OF_NEXT_ENTRY(). */
 129:Generated_Source\PSoC6\pdl\rtos\FreeRTOS\9.0.0\Source/list.c **** 	pxNewListItem->pxNext = pxIndex;
  90              		.loc 1 129 0
  91 0002 4B60     		str	r3, [r1, #4]
 130:Generated_Source\PSoC6\pdl\rtos\FreeRTOS\9.0.0\Source/list.c **** 	pxNewListItem->pxPrevious = pxIndex->pxPrevious;
  92              		.loc 1 130 0
  93 0004 9A68     		ldr	r2, [r3, #8]
  94 0006 8A60     		str	r2, [r1, #8]
 131:Generated_Source\PSoC6\pdl\rtos\FreeRTOS\9.0.0\Source/list.c **** 
 132:Generated_Source\PSoC6\pdl\rtos\FreeRTOS\9.0.0\Source/list.c **** 	/* Only used during decision coverage testing. */
 133:Generated_Source\PSoC6\pdl\rtos\FreeRTOS\9.0.0\Source/list.c **** 	mtCOVERAGE_TEST_DELAY();
 134:Generated_Source\PSoC6\pdl\rtos\FreeRTOS\9.0.0\Source/list.c **** 
ARM GAS  C:\Users\gjl\AppData\Local\Temp\cc4FFmYA.s 			page 5


 135:Generated_Source\PSoC6\pdl\rtos\FreeRTOS\9.0.0\Source/list.c **** 	pxIndex->pxPrevious->pxNext = pxNewListItem;
  95              		.loc 1 135 0
  96 0008 9A68     		ldr	r2, [r3, #8]
  97 000a 5160     		str	r1, [r2, #4]
 136:Generated_Source\PSoC6\pdl\rtos\FreeRTOS\9.0.0\Source/list.c **** 	pxIndex->pxPrevious = pxNewListItem;
  98              		.loc 1 136 0
  99 000c 9960     		str	r1, [r3, #8]
 137:Generated_Source\PSoC6\pdl\rtos\FreeRTOS\9.0.0\Source/list.c **** 
 138:Generated_Source\PSoC6\pdl\rtos\FreeRTOS\9.0.0\Source/list.c **** 	/* Remember which list the item is in. */
 139:Generated_Source\PSoC6\pdl\rtos\FreeRTOS\9.0.0\Source/list.c **** 	pxNewListItem->pvContainer = ( void * ) pxList;
 100              		.loc 1 139 0
 101 000e 0861     		str	r0, [r1, #16]
 140:Generated_Source\PSoC6\pdl\rtos\FreeRTOS\9.0.0\Source/list.c **** 
 141:Generated_Source\PSoC6\pdl\rtos\FreeRTOS\9.0.0\Source/list.c **** 	( pxList->uxNumberOfItems )++;
 102              		.loc 1 141 0
 103 0010 0368     		ldr	r3, [r0]
 104              	.LVL4:
 105 0012 0133     		adds	r3, r3, #1
 106 0014 0360     		str	r3, [r0]
 107 0016 7047     		bx	lr
 108              		.cfi_endproc
 109              	.LFE131:
 110              		.size	vListInsertEnd, .-vListInsertEnd
 111              		.section	.text.vListInsert,"ax",%progbits
 112              		.align	2
 113              		.global	vListInsert
 114              		.thumb
 115              		.thumb_func
 116              		.type	vListInsert, %function
 117              	vListInsert:
 118              	.LFB132:
 142:Generated_Source\PSoC6\pdl\rtos\FreeRTOS\9.0.0\Source/list.c **** }
 143:Generated_Source\PSoC6\pdl\rtos\FreeRTOS\9.0.0\Source/list.c **** /*-----------------------------------------------------------*/
 144:Generated_Source\PSoC6\pdl\rtos\FreeRTOS\9.0.0\Source/list.c **** 
 145:Generated_Source\PSoC6\pdl\rtos\FreeRTOS\9.0.0\Source/list.c **** void vListInsert( List_t * const pxList, ListItem_t * const pxNewListItem )
 146:Generated_Source\PSoC6\pdl\rtos\FreeRTOS\9.0.0\Source/list.c **** {
 119              		.loc 1 146 0
 120              		.cfi_startproc
 121              		@ args = 0, pretend = 0, frame = 0
 122              		@ frame_needed = 0, uses_anonymous_args = 0
 123              		@ link register save eliminated.
 124              	.LVL5:
 125 0000 30B4     		push	{r4, r5}
 126              		.cfi_def_cfa_offset 8
 127              		.cfi_offset 4, -8
 128              		.cfi_offset 5, -4
 147:Generated_Source\PSoC6\pdl\rtos\FreeRTOS\9.0.0\Source/list.c **** ListItem_t *pxIterator;
 148:Generated_Source\PSoC6\pdl\rtos\FreeRTOS\9.0.0\Source/list.c **** const TickType_t xValueOfInsertion = pxNewListItem->xItemValue;
 129              		.loc 1 148 0
 130 0002 0D68     		ldr	r5, [r1]
 131              	.LVL6:
 149:Generated_Source\PSoC6\pdl\rtos\FreeRTOS\9.0.0\Source/list.c **** 
 150:Generated_Source\PSoC6\pdl\rtos\FreeRTOS\9.0.0\Source/list.c **** 	/* Only effective when configASSERT() is also defined, these tests may catch
 151:Generated_Source\PSoC6\pdl\rtos\FreeRTOS\9.0.0\Source/list.c **** 	the list data structures being overwritten in memory.  They will not catch
 152:Generated_Source\PSoC6\pdl\rtos\FreeRTOS\9.0.0\Source/list.c **** 	data errors caused by incorrect configuration or use of FreeRTOS. */
 153:Generated_Source\PSoC6\pdl\rtos\FreeRTOS\9.0.0\Source/list.c **** 	listTEST_LIST_INTEGRITY( pxList );
 154:Generated_Source\PSoC6\pdl\rtos\FreeRTOS\9.0.0\Source/list.c **** 	listTEST_LIST_ITEM_INTEGRITY( pxNewListItem );
ARM GAS  C:\Users\gjl\AppData\Local\Temp\cc4FFmYA.s 			page 6


 155:Generated_Source\PSoC6\pdl\rtos\FreeRTOS\9.0.0\Source/list.c **** 
 156:Generated_Source\PSoC6\pdl\rtos\FreeRTOS\9.0.0\Source/list.c **** 	/* Insert the new list item into the list, sorted in xItemValue order.
 157:Generated_Source\PSoC6\pdl\rtos\FreeRTOS\9.0.0\Source/list.c **** 
 158:Generated_Source\PSoC6\pdl\rtos\FreeRTOS\9.0.0\Source/list.c **** 	If the list already contains a list item with the same item value then the
 159:Generated_Source\PSoC6\pdl\rtos\FreeRTOS\9.0.0\Source/list.c **** 	new list item should be placed after it.  This ensures that TCB's which are
 160:Generated_Source\PSoC6\pdl\rtos\FreeRTOS\9.0.0\Source/list.c **** 	stored in ready lists (all of which have the same xItemValue value) get a
 161:Generated_Source\PSoC6\pdl\rtos\FreeRTOS\9.0.0\Source/list.c **** 	share of the CPU.  However, if the xItemValue is the same as the back marker
 162:Generated_Source\PSoC6\pdl\rtos\FreeRTOS\9.0.0\Source/list.c **** 	the iteration loop below will not end.  Therefore the value is checked
 163:Generated_Source\PSoC6\pdl\rtos\FreeRTOS\9.0.0\Source/list.c **** 	first, and the algorithm slightly modified if necessary. */
 164:Generated_Source\PSoC6\pdl\rtos\FreeRTOS\9.0.0\Source/list.c **** 	if( xValueOfInsertion == portMAX_DELAY )
 132              		.loc 1 164 0
 133 0004 B5F1FF3F 		cmp	r5, #-1
 134 0008 01D1     		bne	.L5
 165:Generated_Source\PSoC6\pdl\rtos\FreeRTOS\9.0.0\Source/list.c **** 	{
 166:Generated_Source\PSoC6\pdl\rtos\FreeRTOS\9.0.0\Source/list.c **** 		pxIterator = pxList->xListEnd.pxPrevious;
 135              		.loc 1 166 0
 136 000a 0269     		ldr	r2, [r0, #16]
 137              	.LVL7:
 138 000c 07E0     		b	.L6
 139              	.LVL8:
 140              	.L5:
 167:Generated_Source\PSoC6\pdl\rtos\FreeRTOS\9.0.0\Source/list.c **** 	}
 168:Generated_Source\PSoC6\pdl\rtos\FreeRTOS\9.0.0\Source/list.c **** 	else
 169:Generated_Source\PSoC6\pdl\rtos\FreeRTOS\9.0.0\Source/list.c **** 	{
 170:Generated_Source\PSoC6\pdl\rtos\FreeRTOS\9.0.0\Source/list.c **** 		/* *** NOTE ***********************************************************
 171:Generated_Source\PSoC6\pdl\rtos\FreeRTOS\9.0.0\Source/list.c **** 		If you find your application is crashing here then likely causes are
 172:Generated_Source\PSoC6\pdl\rtos\FreeRTOS\9.0.0\Source/list.c **** 		listed below.  In addition see http://www.freertos.org/FAQHelp.html for
 173:Generated_Source\PSoC6\pdl\rtos\FreeRTOS\9.0.0\Source/list.c **** 		more tips, and ensure configASSERT() is defined!
 174:Generated_Source\PSoC6\pdl\rtos\FreeRTOS\9.0.0\Source/list.c **** 		http://www.freertos.org/a00110.html#configASSERT
 175:Generated_Source\PSoC6\pdl\rtos\FreeRTOS\9.0.0\Source/list.c **** 
 176:Generated_Source\PSoC6\pdl\rtos\FreeRTOS\9.0.0\Source/list.c **** 			1) Stack overflow -
 177:Generated_Source\PSoC6\pdl\rtos\FreeRTOS\9.0.0\Source/list.c **** 			   see http://www.freertos.org/Stacks-and-stack-overflow-checking.html
 178:Generated_Source\PSoC6\pdl\rtos\FreeRTOS\9.0.0\Source/list.c **** 			2) Incorrect interrupt priority assignment, especially on Cortex-M
 179:Generated_Source\PSoC6\pdl\rtos\FreeRTOS\9.0.0\Source/list.c **** 			   parts where numerically high priority values denote low actual
 180:Generated_Source\PSoC6\pdl\rtos\FreeRTOS\9.0.0\Source/list.c **** 			   interrupt priorities, which can seem counter intuitive.  See
 181:Generated_Source\PSoC6\pdl\rtos\FreeRTOS\9.0.0\Source/list.c **** 			   http://www.freertos.org/RTOS-Cortex-M3-M4.html and the definition
 182:Generated_Source\PSoC6\pdl\rtos\FreeRTOS\9.0.0\Source/list.c **** 			   of configMAX_SYSCALL_INTERRUPT_PRIORITY on
 183:Generated_Source\PSoC6\pdl\rtos\FreeRTOS\9.0.0\Source/list.c **** 			   http://www.freertos.org/a00110.html
 184:Generated_Source\PSoC6\pdl\rtos\FreeRTOS\9.0.0\Source/list.c **** 			3) Calling an API function from within a critical section or when
 185:Generated_Source\PSoC6\pdl\rtos\FreeRTOS\9.0.0\Source/list.c **** 			   the scheduler is suspended, or calling an API function that does
 186:Generated_Source\PSoC6\pdl\rtos\FreeRTOS\9.0.0\Source/list.c **** 			   not end in "FromISR" from an interrupt.
 187:Generated_Source\PSoC6\pdl\rtos\FreeRTOS\9.0.0\Source/list.c **** 			4) Using a queue or semaphore before it has been initialised or
 188:Generated_Source\PSoC6\pdl\rtos\FreeRTOS\9.0.0\Source/list.c **** 			   before the scheduler has been started (are interrupts firing
 189:Generated_Source\PSoC6\pdl\rtos\FreeRTOS\9.0.0\Source/list.c **** 			   before vTaskStartScheduler() has been called?).
 190:Generated_Source\PSoC6\pdl\rtos\FreeRTOS\9.0.0\Source/list.c **** 		**********************************************************************/
 191:Generated_Source\PSoC6\pdl\rtos\FreeRTOS\9.0.0\Source/list.c **** 
 192:Generated_Source\PSoC6\pdl\rtos\FreeRTOS\9.0.0\Source/list.c **** 		for( pxIterator = ( ListItem_t * ) &( pxList->xListEnd ); pxIterator->pxNext->xItemValue <= xValu
 141              		.loc 1 192 0
 142 000e 00F10802 		add	r2, r0, #8
 143              	.LVL9:
 144 0012 00E0     		b	.L7
 145              	.L8:
 146 0014 1A46     		mov	r2, r3
 147              	.LVL10:
 148              	.L7:
 149              		.loc 1 192 0 is_stmt 0 discriminator 1
 150 0016 5368     		ldr	r3, [r2, #4]
ARM GAS  C:\Users\gjl\AppData\Local\Temp\cc4FFmYA.s 			page 7


 151 0018 1C68     		ldr	r4, [r3]
 152 001a A542     		cmp	r5, r4
 153 001c FAD2     		bcs	.L8
 154              	.L6:
 193:Generated_Source\PSoC6\pdl\rtos\FreeRTOS\9.0.0\Source/list.c **** 		{
 194:Generated_Source\PSoC6\pdl\rtos\FreeRTOS\9.0.0\Source/list.c **** 			/* There is nothing to do here, just iterating to the wanted
 195:Generated_Source\PSoC6\pdl\rtos\FreeRTOS\9.0.0\Source/list.c **** 			insertion position. */
 196:Generated_Source\PSoC6\pdl\rtos\FreeRTOS\9.0.0\Source/list.c **** 		}
 197:Generated_Source\PSoC6\pdl\rtos\FreeRTOS\9.0.0\Source/list.c **** 	}
 198:Generated_Source\PSoC6\pdl\rtos\FreeRTOS\9.0.0\Source/list.c **** 
 199:Generated_Source\PSoC6\pdl\rtos\FreeRTOS\9.0.0\Source/list.c **** 	pxNewListItem->pxNext = pxIterator->pxNext;
 155              		.loc 1 199 0 is_stmt 1
 156 001e 5368     		ldr	r3, [r2, #4]
 157 0020 4B60     		str	r3, [r1, #4]
 200:Generated_Source\PSoC6\pdl\rtos\FreeRTOS\9.0.0\Source/list.c **** 	pxNewListItem->pxNext->pxPrevious = pxNewListItem;
 158              		.loc 1 200 0
 159 0022 9960     		str	r1, [r3, #8]
 201:Generated_Source\PSoC6\pdl\rtos\FreeRTOS\9.0.0\Source/list.c **** 	pxNewListItem->pxPrevious = pxIterator;
 160              		.loc 1 201 0
 161 0024 8A60     		str	r2, [r1, #8]
 202:Generated_Source\PSoC6\pdl\rtos\FreeRTOS\9.0.0\Source/list.c **** 	pxIterator->pxNext = pxNewListItem;
 162              		.loc 1 202 0
 163 0026 5160     		str	r1, [r2, #4]
 203:Generated_Source\PSoC6\pdl\rtos\FreeRTOS\9.0.0\Source/list.c **** 
 204:Generated_Source\PSoC6\pdl\rtos\FreeRTOS\9.0.0\Source/list.c **** 	/* Remember which list the item is in.  This allows fast removal of the
 205:Generated_Source\PSoC6\pdl\rtos\FreeRTOS\9.0.0\Source/list.c **** 	item later. */
 206:Generated_Source\PSoC6\pdl\rtos\FreeRTOS\9.0.0\Source/list.c **** 	pxNewListItem->pvContainer = ( void * ) pxList;
 164              		.loc 1 206 0
 165 0028 0861     		str	r0, [r1, #16]
 207:Generated_Source\PSoC6\pdl\rtos\FreeRTOS\9.0.0\Source/list.c **** 
 208:Generated_Source\PSoC6\pdl\rtos\FreeRTOS\9.0.0\Source/list.c **** 	( pxList->uxNumberOfItems )++;
 166              		.loc 1 208 0
 167 002a 0368     		ldr	r3, [r0]
 168 002c 0133     		adds	r3, r3, #1
 169 002e 0360     		str	r3, [r0]
 209:Generated_Source\PSoC6\pdl\rtos\FreeRTOS\9.0.0\Source/list.c **** }
 170              		.loc 1 209 0
 171 0030 30BC     		pop	{r4, r5}
 172              		.cfi_restore 5
 173              		.cfi_restore 4
 174              		.cfi_def_cfa_offset 0
 175              	.LVL11:
 176 0032 7047     		bx	lr
 177              		.cfi_endproc
 178              	.LFE132:
 179              		.size	vListInsert, .-vListInsert
 180              		.section	.text.uxListRemove,"ax",%progbits
 181              		.align	2
 182              		.global	uxListRemove
 183              		.thumb
 184              		.thumb_func
 185              		.type	uxListRemove, %function
 186              	uxListRemove:
 187              	.LFB133:
 210:Generated_Source\PSoC6\pdl\rtos\FreeRTOS\9.0.0\Source/list.c **** /*-----------------------------------------------------------*/
 211:Generated_Source\PSoC6\pdl\rtos\FreeRTOS\9.0.0\Source/list.c **** 
 212:Generated_Source\PSoC6\pdl\rtos\FreeRTOS\9.0.0\Source/list.c **** UBaseType_t uxListRemove( ListItem_t * const pxItemToRemove )
ARM GAS  C:\Users\gjl\AppData\Local\Temp\cc4FFmYA.s 			page 8


 213:Generated_Source\PSoC6\pdl\rtos\FreeRTOS\9.0.0\Source/list.c **** {
 188              		.loc 1 213 0
 189              		.cfi_startproc
 190              		@ args = 0, pretend = 0, frame = 0
 191              		@ frame_needed = 0, uses_anonymous_args = 0
 192              		@ link register save eliminated.
 193              	.LVL12:
 214:Generated_Source\PSoC6\pdl\rtos\FreeRTOS\9.0.0\Source/list.c **** /* The list item knows which list it is in.  Obtain the list from the list
 215:Generated_Source\PSoC6\pdl\rtos\FreeRTOS\9.0.0\Source/list.c **** item. */
 216:Generated_Source\PSoC6\pdl\rtos\FreeRTOS\9.0.0\Source/list.c **** List_t * const pxList = ( List_t * ) pxItemToRemove->pvContainer;
 194              		.loc 1 216 0
 195 0000 0369     		ldr	r3, [r0, #16]
 196              	.LVL13:
 217:Generated_Source\PSoC6\pdl\rtos\FreeRTOS\9.0.0\Source/list.c **** 
 218:Generated_Source\PSoC6\pdl\rtos\FreeRTOS\9.0.0\Source/list.c **** 	pxItemToRemove->pxNext->pxPrevious = pxItemToRemove->pxPrevious;
 197              		.loc 1 218 0
 198 0002 4268     		ldr	r2, [r0, #4]
 199 0004 8168     		ldr	r1, [r0, #8]
 200 0006 9160     		str	r1, [r2, #8]
 219:Generated_Source\PSoC6\pdl\rtos\FreeRTOS\9.0.0\Source/list.c **** 	pxItemToRemove->pxPrevious->pxNext = pxItemToRemove->pxNext;
 201              		.loc 1 219 0
 202 0008 8268     		ldr	r2, [r0, #8]
 203 000a 4168     		ldr	r1, [r0, #4]
 204 000c 5160     		str	r1, [r2, #4]
 220:Generated_Source\PSoC6\pdl\rtos\FreeRTOS\9.0.0\Source/list.c **** 
 221:Generated_Source\PSoC6\pdl\rtos\FreeRTOS\9.0.0\Source/list.c **** 	/* Only used during decision coverage testing. */
 222:Generated_Source\PSoC6\pdl\rtos\FreeRTOS\9.0.0\Source/list.c **** 	mtCOVERAGE_TEST_DELAY();
 223:Generated_Source\PSoC6\pdl\rtos\FreeRTOS\9.0.0\Source/list.c **** 
 224:Generated_Source\PSoC6\pdl\rtos\FreeRTOS\9.0.0\Source/list.c **** 	/* Make sure the index is left pointing to a valid item. */
 225:Generated_Source\PSoC6\pdl\rtos\FreeRTOS\9.0.0\Source/list.c **** 	if( pxList->pxIndex == pxItemToRemove )
 205              		.loc 1 225 0
 206 000e 5A68     		ldr	r2, [r3, #4]
 207 0010 9042     		cmp	r0, r2
 208 0012 01D1     		bne	.L11
 226:Generated_Source\PSoC6\pdl\rtos\FreeRTOS\9.0.0\Source/list.c **** 	{
 227:Generated_Source\PSoC6\pdl\rtos\FreeRTOS\9.0.0\Source/list.c **** 		pxList->pxIndex = pxItemToRemove->pxPrevious;
 209              		.loc 1 227 0
 210 0014 8268     		ldr	r2, [r0, #8]
 211 0016 5A60     		str	r2, [r3, #4]
 212              	.L11:
 228:Generated_Source\PSoC6\pdl\rtos\FreeRTOS\9.0.0\Source/list.c **** 	}
 229:Generated_Source\PSoC6\pdl\rtos\FreeRTOS\9.0.0\Source/list.c **** 	else
 230:Generated_Source\PSoC6\pdl\rtos\FreeRTOS\9.0.0\Source/list.c **** 	{
 231:Generated_Source\PSoC6\pdl\rtos\FreeRTOS\9.0.0\Source/list.c **** 		mtCOVERAGE_TEST_MARKER();
 232:Generated_Source\PSoC6\pdl\rtos\FreeRTOS\9.0.0\Source/list.c **** 	}
 233:Generated_Source\PSoC6\pdl\rtos\FreeRTOS\9.0.0\Source/list.c **** 
 234:Generated_Source\PSoC6\pdl\rtos\FreeRTOS\9.0.0\Source/list.c **** 	pxItemToRemove->pvContainer = NULL;
 213              		.loc 1 234 0
 214 0018 0022     		movs	r2, #0
 215 001a 0261     		str	r2, [r0, #16]
 235:Generated_Source\PSoC6\pdl\rtos\FreeRTOS\9.0.0\Source/list.c **** 	( pxList->uxNumberOfItems )--;
 216              		.loc 1 235 0
 217 001c 1868     		ldr	r0, [r3]
 218              	.LVL14:
 219 001e 0138     		subs	r0, r0, #1
 220 0020 1860     		str	r0, [r3]
 236:Generated_Source\PSoC6\pdl\rtos\FreeRTOS\9.0.0\Source/list.c **** 
ARM GAS  C:\Users\gjl\AppData\Local\Temp\cc4FFmYA.s 			page 9


 237:Generated_Source\PSoC6\pdl\rtos\FreeRTOS\9.0.0\Source/list.c **** 	return pxList->uxNumberOfItems;
 238:Generated_Source\PSoC6\pdl\rtos\FreeRTOS\9.0.0\Source/list.c **** }
 221              		.loc 1 238 0
 222 0022 7047     		bx	lr
 223              		.cfi_endproc
 224              	.LFE133:
 225              		.size	uxListRemove, .-uxListRemove
 226              		.text
 227              	.Letext0:
 228              		.file 2 "c:\\program files (x86)\\cypress\\psoc creator\\4.2\\psoc creator\\import\\gnu\\arm\\5.4.
 229              		.file 3 "c:\\program files (x86)\\cypress\\psoc creator\\4.2\\psoc creator\\import\\gnu\\arm\\5.4.
 230              		.file 4 "Generated_Source\\PSoC6\\pdl\\rtos/FreeRTOS/9.0.0/Source/portable/GCC/CM4F/portmacro.h"
 231              		.file 5 "Generated_Source\\PSoC6\\pdl\\rtos/FreeRTOS/9.0.0/Source/include/list.h"
 232              		.file 6 "Generated_Source\\PSoC6\\pdl\\cmsis/include/core_cm4.h"
 233              		.section	.debug_info,"",%progbits
 234              	.Ldebug_info0:
 235 0000 D6020000 		.4byte	0x2d6
 236 0004 0400     		.2byte	0x4
 237 0006 00000000 		.4byte	.Ldebug_abbrev0
 238 000a 04       		.byte	0x4
 239 000b 01       		.uleb128 0x1
 240 000c EC010000 		.4byte	.LASF44
 241 0010 0C       		.byte	0xc
 242 0011 2E000000 		.4byte	.LASF45
 243 0015 E6020000 		.4byte	.LASF46
 244 0019 00000000 		.4byte	.Ldebug_ranges0+0
 245 001d 00000000 		.4byte	0
 246 0021 00000000 		.4byte	.Ldebug_line0
 247 0025 02       		.uleb128 0x2
 248 0026 04       		.byte	0x4
 249 0027 07       		.byte	0x7
 250 0028 54010000 		.4byte	.LASF0
 251 002c 03       		.uleb128 0x3
 252 002d 04       		.byte	0x4
 253 002e 05       		.byte	0x5
 254 002f 696E7400 		.ascii	"int\000"
 255 0033 02       		.uleb128 0x2
 256 0034 08       		.byte	0x8
 257 0035 05       		.byte	0x5
 258 0036 B9010000 		.4byte	.LASF1
 259 003a 02       		.uleb128 0x2
 260 003b 08       		.byte	0x8
 261 003c 04       		.byte	0x4
 262 003d B1020000 		.4byte	.LASF2
 263 0041 02       		.uleb128 0x2
 264 0042 01       		.byte	0x1
 265 0043 06       		.byte	0x6
 266 0044 CD020000 		.4byte	.LASF3
 267 0048 02       		.uleb128 0x2
 268 0049 01       		.byte	0x1
 269 004a 08       		.byte	0x8
 270 004b B9000000 		.4byte	.LASF4
 271 004f 02       		.uleb128 0x2
 272 0050 02       		.byte	0x2
 273 0051 05       		.byte	0x5
 274 0052 D7010000 		.4byte	.LASF5
 275 0056 02       		.uleb128 0x2
ARM GAS  C:\Users\gjl\AppData\Local\Temp\cc4FFmYA.s 			page 10


 276 0057 02       		.byte	0x2
 277 0058 07       		.byte	0x7
 278 0059 E8000000 		.4byte	.LASF6
 279 005d 04       		.uleb128 0x4
 280 005e 6B000000 		.4byte	.LASF8
 281 0062 02       		.byte	0x2
 282 0063 3F       		.byte	0x3f
 283 0064 68000000 		.4byte	0x68
 284 0068 02       		.uleb128 0x2
 285 0069 04       		.byte	0x4
 286 006a 05       		.byte	0x5
 287 006b A8020000 		.4byte	.LASF7
 288 006f 04       		.uleb128 0x4
 289 0070 2A010000 		.4byte	.LASF9
 290 0074 02       		.byte	0x2
 291 0075 41       		.byte	0x41
 292 0076 7A000000 		.4byte	0x7a
 293 007a 02       		.uleb128 0x2
 294 007b 04       		.byte	0x4
 295 007c 07       		.byte	0x7
 296 007d C7000000 		.4byte	.LASF10
 297 0081 02       		.uleb128 0x2
 298 0082 08       		.byte	0x8
 299 0083 07       		.byte	0x7
 300 0084 A2000000 		.4byte	.LASF11
 301 0088 02       		.uleb128 0x2
 302 0089 04       		.byte	0x4
 303 008a 07       		.byte	0x7
 304 008b B0010000 		.4byte	.LASF12
 305 008f 05       		.uleb128 0x5
 306 0090 04       		.byte	0x4
 307 0091 02       		.uleb128 0x2
 308 0092 01       		.byte	0x1
 309 0093 08       		.byte	0x8
 310 0094 C7010000 		.4byte	.LASF13
 311 0098 04       		.uleb128 0x4
 312 0099 A8010000 		.4byte	.LASF14
 313 009d 03       		.byte	0x3
 314 009e 2C       		.byte	0x2c
 315 009f 5D000000 		.4byte	0x5d
 316 00a3 04       		.uleb128 0x4
 317 00a4 9F020000 		.4byte	.LASF15
 318 00a8 03       		.byte	0x3
 319 00a9 30       		.byte	0x30
 320 00aa 6F000000 		.4byte	0x6f
 321 00ae 02       		.uleb128 0x2
 322 00af 04       		.byte	0x4
 323 00b0 04       		.byte	0x4
 324 00b1 9C000000 		.4byte	.LASF16
 325 00b5 02       		.uleb128 0x2
 326 00b6 08       		.byte	0x8
 327 00b7 04       		.byte	0x4
 328 00b8 23010000 		.4byte	.LASF17
 329 00bc 04       		.uleb128 0x4
 330 00bd 91010000 		.4byte	.LASF18
 331 00c1 04       		.byte	0x4
 332 00c2 63       		.byte	0x63
ARM GAS  C:\Users\gjl\AppData\Local\Temp\cc4FFmYA.s 			page 11


 333 00c3 7A000000 		.4byte	0x7a
 334 00c7 04       		.uleb128 0x4
 335 00c8 00000000 		.4byte	.LASF19
 336 00cc 04       		.byte	0x4
 337 00cd 69       		.byte	0x69
 338 00ce A3000000 		.4byte	0xa3
 339 00d2 06       		.uleb128 0x6
 340 00d3 91000000 		.4byte	.LASF26
 341 00d7 14       		.byte	0x14
 342 00d8 05       		.byte	0x5
 343 00d9 B5       		.byte	0xb5
 344 00da 1B010000 		.4byte	0x11b
 345 00de 07       		.uleb128 0x7
 346 00df 75000000 		.4byte	.LASF20
 347 00e3 05       		.byte	0x5
 348 00e4 B8       		.byte	0xb8
 349 00e5 C7000000 		.4byte	0xc7
 350 00e9 00       		.byte	0
 351 00ea 07       		.uleb128 0x7
 352 00eb 83010000 		.4byte	.LASF21
 353 00ef 05       		.byte	0x5
 354 00f0 B9       		.byte	0xb9
 355 00f1 1B010000 		.4byte	0x11b
 356 00f5 04       		.byte	0x4
 357 00f6 07       		.uleb128 0x7
 358 00f7 E1010000 		.4byte	.LASF22
 359 00fb 05       		.byte	0x5
 360 00fc BA       		.byte	0xba
 361 00fd 1B010000 		.4byte	0x11b
 362 0101 08       		.byte	0x8
 363 0102 07       		.uleb128 0x7
 364 0103 89000000 		.4byte	.LASF23
 365 0107 05       		.byte	0x5
 366 0108 BB       		.byte	0xbb
 367 0109 8F000000 		.4byte	0x8f
 368 010d 0C       		.byte	0xc
 369 010e 07       		.uleb128 0x7
 370 010f 0B000000 		.4byte	.LASF24
 371 0113 05       		.byte	0x5
 372 0114 BC       		.byte	0xbc
 373 0115 8F000000 		.4byte	0x8f
 374 0119 10       		.byte	0x10
 375 011a 00       		.byte	0
 376 011b 08       		.uleb128 0x8
 377 011c 04       		.byte	0x4
 378 011d D2000000 		.4byte	0xd2
 379 0121 04       		.uleb128 0x4
 380 0122 9D010000 		.4byte	.LASF25
 381 0126 05       		.byte	0x5
 382 0127 BF       		.byte	0xbf
 383 0128 D2000000 		.4byte	0xd2
 384 012c 06       		.uleb128 0x6
 385 012d BD020000 		.4byte	.LASF27
 386 0131 0C       		.byte	0xc
 387 0132 05       		.byte	0x5
 388 0133 C1       		.byte	0xc1
 389 0134 5D010000 		.4byte	0x15d
ARM GAS  C:\Users\gjl\AppData\Local\Temp\cc4FFmYA.s 			page 12


 390 0138 07       		.uleb128 0x7
 391 0139 75000000 		.4byte	.LASF20
 392 013d 05       		.byte	0x5
 393 013e C4       		.byte	0xc4
 394 013f C7000000 		.4byte	0xc7
 395 0143 00       		.byte	0
 396 0144 07       		.uleb128 0x7
 397 0145 83010000 		.4byte	.LASF21
 398 0149 05       		.byte	0x5
 399 014a C5       		.byte	0xc5
 400 014b 1B010000 		.4byte	0x11b
 401 014f 04       		.byte	0x4
 402 0150 07       		.uleb128 0x7
 403 0151 E1010000 		.4byte	.LASF22
 404 0155 05       		.byte	0x5
 405 0156 C6       		.byte	0xc6
 406 0157 1B010000 		.4byte	0x11b
 407 015b 08       		.byte	0x8
 408 015c 00       		.byte	0
 409 015d 04       		.uleb128 0x4
 410 015e 1F000000 		.4byte	.LASF28
 411 0162 05       		.byte	0x5
 412 0163 C8       		.byte	0xc8
 413 0164 2C010000 		.4byte	0x12c
 414 0168 06       		.uleb128 0x6
 415 0169 E0020000 		.4byte	.LASF29
 416 016d 14       		.byte	0x14
 417 016e 05       		.byte	0x5
 418 016f CD       		.byte	0xcd
 419 0170 99010000 		.4byte	0x199
 420 0174 07       		.uleb128 0x7
 421 0175 35010000 		.4byte	.LASF30
 422 0179 05       		.byte	0x5
 423 017a D0       		.byte	0xd0
 424 017b BC000000 		.4byte	0xbc
 425 017f 00       		.byte	0
 426 0180 07       		.uleb128 0x7
 427 0181 17000000 		.4byte	.LASF31
 428 0185 05       		.byte	0x5
 429 0186 D1       		.byte	0xd1
 430 0187 99010000 		.4byte	0x199
 431 018b 04       		.byte	0x4
 432 018c 07       		.uleb128 0x7
 433 018d 80000000 		.4byte	.LASF32
 434 0191 05       		.byte	0x5
 435 0192 D2       		.byte	0xd2
 436 0193 5D010000 		.4byte	0x15d
 437 0197 08       		.byte	0x8
 438 0198 00       		.byte	0
 439 0199 08       		.uleb128 0x8
 440 019a 04       		.byte	0x4
 441 019b 21010000 		.4byte	0x121
 442 019f 04       		.uleb128 0x4
 443 01a0 1C010000 		.4byte	.LASF33
 444 01a4 05       		.byte	0x5
 445 01a5 D4       		.byte	0xd4
 446 01a6 68010000 		.4byte	0x168
ARM GAS  C:\Users\gjl\AppData\Local\Temp\cc4FFmYA.s 			page 13


 447 01aa 09       		.uleb128 0x9
 448 01ab 61010000 		.4byte	.LASF34
 449 01af 01       		.byte	0x1
 450 01b0 4F       		.byte	0x4f
 451 01b1 00000000 		.4byte	.LFB129
 452 01b5 16000000 		.4byte	.LFE129-.LFB129
 453 01b9 01       		.uleb128 0x1
 454 01ba 9C       		.byte	0x9c
 455 01bb CD010000 		.4byte	0x1cd
 456 01bf 0A       		.uleb128 0xa
 457 01c0 D9020000 		.4byte	.LASF36
 458 01c4 01       		.byte	0x1
 459 01c5 4F       		.byte	0x4f
 460 01c6 D3010000 		.4byte	0x1d3
 461 01ca 01       		.uleb128 0x1
 462 01cb 50       		.byte	0x50
 463 01cc 00       		.byte	0
 464 01cd 08       		.uleb128 0x8
 465 01ce 04       		.byte	0x4
 466 01cf 9F010000 		.4byte	0x19f
 467 01d3 0B       		.uleb128 0xb
 468 01d4 CD010000 		.4byte	0x1cd
 469 01d8 09       		.uleb128 0x9
 470 01d9 08010000 		.4byte	.LASF35
 471 01dd 01       		.byte	0x1
 472 01de 68       		.byte	0x68
 473 01df 00000000 		.4byte	.LFB130
 474 01e3 06000000 		.4byte	.LFE130-.LFB130
 475 01e7 01       		.uleb128 0x1
 476 01e8 9C       		.byte	0x9c
 477 01e9 FB010000 		.4byte	0x1fb
 478 01ed 0A       		.uleb128 0xa
 479 01ee 8A010000 		.4byte	.LASF37
 480 01f2 01       		.byte	0x1
 481 01f3 68       		.byte	0x68
 482 01f4 FB010000 		.4byte	0x1fb
 483 01f8 01       		.uleb128 0x1
 484 01f9 50       		.byte	0x50
 485 01fa 00       		.byte	0
 486 01fb 0B       		.uleb128 0xb
 487 01fc 99010000 		.4byte	0x199
 488 0200 09       		.uleb128 0x9
 489 0201 45010000 		.4byte	.LASF38
 490 0205 01       		.byte	0x1
 491 0206 74       		.byte	0x74
 492 0207 00000000 		.4byte	.LFB131
 493 020b 18000000 		.4byte	.LFE131-.LFB131
 494 020f 01       		.uleb128 0x1
 495 0210 9C       		.byte	0x9c
 496 0211 3F020000 		.4byte	0x23f
 497 0215 0A       		.uleb128 0xa
 498 0216 D9020000 		.4byte	.LASF36
 499 021a 01       		.byte	0x1
 500 021b 74       		.byte	0x74
 501 021c D3010000 		.4byte	0x1d3
 502 0220 01       		.uleb128 0x1
 503 0221 50       		.byte	0x50
ARM GAS  C:\Users\gjl\AppData\Local\Temp\cc4FFmYA.s 			page 14


 504 0222 0A       		.uleb128 0xa
 505 0223 41030000 		.4byte	.LASF39
 506 0227 01       		.byte	0x1
 507 0228 74       		.byte	0x74
 508 0229 FB010000 		.4byte	0x1fb
 509 022d 01       		.uleb128 0x1
 510 022e 51       		.byte	0x51
 511 022f 0C       		.uleb128 0xc
 512 0230 17000000 		.4byte	.LASF31
 513 0234 01       		.byte	0x1
 514 0235 76       		.byte	0x76
 515 0236 FB010000 		.4byte	0x1fb
 516 023a 00000000 		.4byte	.LLST0
 517 023e 00       		.byte	0
 518 023f 09       		.uleb128 0x9
 519 0240 4F030000 		.4byte	.LASF40
 520 0244 01       		.byte	0x1
 521 0245 91       		.byte	0x91
 522 0246 00000000 		.4byte	.LFB132
 523 024a 34000000 		.4byte	.LFE132-.LFB132
 524 024e 01       		.uleb128 0x1
 525 024f 9C       		.byte	0x9c
 526 0250 8D020000 		.4byte	0x28d
 527 0254 0A       		.uleb128 0xa
 528 0255 D9020000 		.4byte	.LASF36
 529 0259 01       		.byte	0x1
 530 025a 91       		.byte	0x91
 531 025b D3010000 		.4byte	0x1d3
 532 025f 01       		.uleb128 0x1
 533 0260 50       		.byte	0x50
 534 0261 0A       		.uleb128 0xa
 535 0262 41030000 		.4byte	.LASF39
 536 0266 01       		.byte	0x1
 537 0267 91       		.byte	0x91
 538 0268 FB010000 		.4byte	0x1fb
 539 026c 01       		.uleb128 0x1
 540 026d 51       		.byte	0x51
 541 026e 0C       		.uleb128 0xc
 542 026f CC010000 		.4byte	.LASF41
 543 0273 01       		.byte	0x1
 544 0274 93       		.byte	0x93
 545 0275 99010000 		.4byte	0x199
 546 0279 13000000 		.4byte	.LLST1
 547 027d 0C       		.uleb128 0xc
 548 027e 71010000 		.4byte	.LASF42
 549 0282 01       		.byte	0x1
 550 0283 94       		.byte	0x94
 551 0284 8D020000 		.4byte	0x28d
 552 0288 31000000 		.4byte	.LLST2
 553 028c 00       		.byte	0
 554 028d 0B       		.uleb128 0xb
 555 028e C7000000 		.4byte	0xc7
 556 0292 0D       		.uleb128 0xd
 557 0293 34030000 		.4byte	.LASF47
 558 0297 01       		.byte	0x1
 559 0298 D4       		.byte	0xd4
 560 0299 BC000000 		.4byte	0xbc
ARM GAS  C:\Users\gjl\AppData\Local\Temp\cc4FFmYA.s 			page 15


 561 029d 00000000 		.4byte	.LFB133
 562 02a1 24000000 		.4byte	.LFE133-.LFB133
 563 02a5 01       		.uleb128 0x1
 564 02a6 9C       		.byte	0x9c
 565 02a7 C8020000 		.4byte	0x2c8
 566 02ab 0E       		.uleb128 0xe
 567 02ac D9000000 		.4byte	.LASF43
 568 02b0 01       		.byte	0x1
 569 02b1 D4       		.byte	0xd4
 570 02b2 FB010000 		.4byte	0x1fb
 571 02b6 44000000 		.4byte	.LLST3
 572 02ba 0F       		.uleb128 0xf
 573 02bb D9020000 		.4byte	.LASF36
 574 02bf 01       		.byte	0x1
 575 02c0 D8       		.byte	0xd8
 576 02c1 D3010000 		.4byte	0x1d3
 577 02c5 01       		.uleb128 0x1
 578 02c6 53       		.byte	0x53
 579 02c7 00       		.byte	0
 580 02c8 10       		.uleb128 0x10
 581 02c9 FB000000 		.4byte	.LASF48
 582 02cd 06       		.byte	0x6
 583 02ce EA07     		.2byte	0x7ea
 584 02d0 D4020000 		.4byte	0x2d4
 585 02d4 11       		.uleb128 0x11
 586 02d5 98000000 		.4byte	0x98
 587 02d9 00       		.byte	0
 588              		.section	.debug_abbrev,"",%progbits
 589              	.Ldebug_abbrev0:
 590 0000 01       		.uleb128 0x1
 591 0001 11       		.uleb128 0x11
 592 0002 01       		.byte	0x1
 593 0003 25       		.uleb128 0x25
 594 0004 0E       		.uleb128 0xe
 595 0005 13       		.uleb128 0x13
 596 0006 0B       		.uleb128 0xb
 597 0007 03       		.uleb128 0x3
 598 0008 0E       		.uleb128 0xe
 599 0009 1B       		.uleb128 0x1b
 600 000a 0E       		.uleb128 0xe
 601 000b 55       		.uleb128 0x55
 602 000c 17       		.uleb128 0x17
 603 000d 11       		.uleb128 0x11
 604 000e 01       		.uleb128 0x1
 605 000f 10       		.uleb128 0x10
 606 0010 17       		.uleb128 0x17
 607 0011 00       		.byte	0
 608 0012 00       		.byte	0
 609 0013 02       		.uleb128 0x2
 610 0014 24       		.uleb128 0x24
 611 0015 00       		.byte	0
 612 0016 0B       		.uleb128 0xb
 613 0017 0B       		.uleb128 0xb
 614 0018 3E       		.uleb128 0x3e
 615 0019 0B       		.uleb128 0xb
 616 001a 03       		.uleb128 0x3
 617 001b 0E       		.uleb128 0xe
ARM GAS  C:\Users\gjl\AppData\Local\Temp\cc4FFmYA.s 			page 16


 618 001c 00       		.byte	0
 619 001d 00       		.byte	0
 620 001e 03       		.uleb128 0x3
 621 001f 24       		.uleb128 0x24
 622 0020 00       		.byte	0
 623 0021 0B       		.uleb128 0xb
 624 0022 0B       		.uleb128 0xb
 625 0023 3E       		.uleb128 0x3e
 626 0024 0B       		.uleb128 0xb
 627 0025 03       		.uleb128 0x3
 628 0026 08       		.uleb128 0x8
 629 0027 00       		.byte	0
 630 0028 00       		.byte	0
 631 0029 04       		.uleb128 0x4
 632 002a 16       		.uleb128 0x16
 633 002b 00       		.byte	0
 634 002c 03       		.uleb128 0x3
 635 002d 0E       		.uleb128 0xe
 636 002e 3A       		.uleb128 0x3a
 637 002f 0B       		.uleb128 0xb
 638 0030 3B       		.uleb128 0x3b
 639 0031 0B       		.uleb128 0xb
 640 0032 49       		.uleb128 0x49
 641 0033 13       		.uleb128 0x13
 642 0034 00       		.byte	0
 643 0035 00       		.byte	0
 644 0036 05       		.uleb128 0x5
 645 0037 0F       		.uleb128 0xf
 646 0038 00       		.byte	0
 647 0039 0B       		.uleb128 0xb
 648 003a 0B       		.uleb128 0xb
 649 003b 00       		.byte	0
 650 003c 00       		.byte	0
 651 003d 06       		.uleb128 0x6
 652 003e 13       		.uleb128 0x13
 653 003f 01       		.byte	0x1
 654 0040 03       		.uleb128 0x3
 655 0041 0E       		.uleb128 0xe
 656 0042 0B       		.uleb128 0xb
 657 0043 0B       		.uleb128 0xb
 658 0044 3A       		.uleb128 0x3a
 659 0045 0B       		.uleb128 0xb
 660 0046 3B       		.uleb128 0x3b
 661 0047 0B       		.uleb128 0xb
 662 0048 01       		.uleb128 0x1
 663 0049 13       		.uleb128 0x13
 664 004a 00       		.byte	0
 665 004b 00       		.byte	0
 666 004c 07       		.uleb128 0x7
 667 004d 0D       		.uleb128 0xd
 668 004e 00       		.byte	0
 669 004f 03       		.uleb128 0x3
 670 0050 0E       		.uleb128 0xe
 671 0051 3A       		.uleb128 0x3a
 672 0052 0B       		.uleb128 0xb
 673 0053 3B       		.uleb128 0x3b
 674 0054 0B       		.uleb128 0xb
ARM GAS  C:\Users\gjl\AppData\Local\Temp\cc4FFmYA.s 			page 17


 675 0055 49       		.uleb128 0x49
 676 0056 13       		.uleb128 0x13
 677 0057 38       		.uleb128 0x38
 678 0058 0B       		.uleb128 0xb
 679 0059 00       		.byte	0
 680 005a 00       		.byte	0
 681 005b 08       		.uleb128 0x8
 682 005c 0F       		.uleb128 0xf
 683 005d 00       		.byte	0
 684 005e 0B       		.uleb128 0xb
 685 005f 0B       		.uleb128 0xb
 686 0060 49       		.uleb128 0x49
 687 0061 13       		.uleb128 0x13
 688 0062 00       		.byte	0
 689 0063 00       		.byte	0
 690 0064 09       		.uleb128 0x9
 691 0065 2E       		.uleb128 0x2e
 692 0066 01       		.byte	0x1
 693 0067 3F       		.uleb128 0x3f
 694 0068 19       		.uleb128 0x19
 695 0069 03       		.uleb128 0x3
 696 006a 0E       		.uleb128 0xe
 697 006b 3A       		.uleb128 0x3a
 698 006c 0B       		.uleb128 0xb
 699 006d 3B       		.uleb128 0x3b
 700 006e 0B       		.uleb128 0xb
 701 006f 27       		.uleb128 0x27
 702 0070 19       		.uleb128 0x19
 703 0071 11       		.uleb128 0x11
 704 0072 01       		.uleb128 0x1
 705 0073 12       		.uleb128 0x12
 706 0074 06       		.uleb128 0x6
 707 0075 40       		.uleb128 0x40
 708 0076 18       		.uleb128 0x18
 709 0077 9742     		.uleb128 0x2117
 710 0079 19       		.uleb128 0x19
 711 007a 01       		.uleb128 0x1
 712 007b 13       		.uleb128 0x13
 713 007c 00       		.byte	0
 714 007d 00       		.byte	0
 715 007e 0A       		.uleb128 0xa
 716 007f 05       		.uleb128 0x5
 717 0080 00       		.byte	0
 718 0081 03       		.uleb128 0x3
 719 0082 0E       		.uleb128 0xe
 720 0083 3A       		.uleb128 0x3a
 721 0084 0B       		.uleb128 0xb
 722 0085 3B       		.uleb128 0x3b
 723 0086 0B       		.uleb128 0xb
 724 0087 49       		.uleb128 0x49
 725 0088 13       		.uleb128 0x13
 726 0089 02       		.uleb128 0x2
 727 008a 18       		.uleb128 0x18
 728 008b 00       		.byte	0
 729 008c 00       		.byte	0
 730 008d 0B       		.uleb128 0xb
 731 008e 26       		.uleb128 0x26
ARM GAS  C:\Users\gjl\AppData\Local\Temp\cc4FFmYA.s 			page 18


 732 008f 00       		.byte	0
 733 0090 49       		.uleb128 0x49
 734 0091 13       		.uleb128 0x13
 735 0092 00       		.byte	0
 736 0093 00       		.byte	0
 737 0094 0C       		.uleb128 0xc
 738 0095 34       		.uleb128 0x34
 739 0096 00       		.byte	0
 740 0097 03       		.uleb128 0x3
 741 0098 0E       		.uleb128 0xe
 742 0099 3A       		.uleb128 0x3a
 743 009a 0B       		.uleb128 0xb
 744 009b 3B       		.uleb128 0x3b
 745 009c 0B       		.uleb128 0xb
 746 009d 49       		.uleb128 0x49
 747 009e 13       		.uleb128 0x13
 748 009f 02       		.uleb128 0x2
 749 00a0 17       		.uleb128 0x17
 750 00a1 00       		.byte	0
 751 00a2 00       		.byte	0
 752 00a3 0D       		.uleb128 0xd
 753 00a4 2E       		.uleb128 0x2e
 754 00a5 01       		.byte	0x1
 755 00a6 3F       		.uleb128 0x3f
 756 00a7 19       		.uleb128 0x19
 757 00a8 03       		.uleb128 0x3
 758 00a9 0E       		.uleb128 0xe
 759 00aa 3A       		.uleb128 0x3a
 760 00ab 0B       		.uleb128 0xb
 761 00ac 3B       		.uleb128 0x3b
 762 00ad 0B       		.uleb128 0xb
 763 00ae 27       		.uleb128 0x27
 764 00af 19       		.uleb128 0x19
 765 00b0 49       		.uleb128 0x49
 766 00b1 13       		.uleb128 0x13
 767 00b2 11       		.uleb128 0x11
 768 00b3 01       		.uleb128 0x1
 769 00b4 12       		.uleb128 0x12
 770 00b5 06       		.uleb128 0x6
 771 00b6 40       		.uleb128 0x40
 772 00b7 18       		.uleb128 0x18
 773 00b8 9742     		.uleb128 0x2117
 774 00ba 19       		.uleb128 0x19
 775 00bb 01       		.uleb128 0x1
 776 00bc 13       		.uleb128 0x13
 777 00bd 00       		.byte	0
 778 00be 00       		.byte	0
 779 00bf 0E       		.uleb128 0xe
 780 00c0 05       		.uleb128 0x5
 781 00c1 00       		.byte	0
 782 00c2 03       		.uleb128 0x3
 783 00c3 0E       		.uleb128 0xe
 784 00c4 3A       		.uleb128 0x3a
 785 00c5 0B       		.uleb128 0xb
 786 00c6 3B       		.uleb128 0x3b
 787 00c7 0B       		.uleb128 0xb
 788 00c8 49       		.uleb128 0x49
ARM GAS  C:\Users\gjl\AppData\Local\Temp\cc4FFmYA.s 			page 19


 789 00c9 13       		.uleb128 0x13
 790 00ca 02       		.uleb128 0x2
 791 00cb 17       		.uleb128 0x17
 792 00cc 00       		.byte	0
 793 00cd 00       		.byte	0
 794 00ce 0F       		.uleb128 0xf
 795 00cf 34       		.uleb128 0x34
 796 00d0 00       		.byte	0
 797 00d1 03       		.uleb128 0x3
 798 00d2 0E       		.uleb128 0xe
 799 00d3 3A       		.uleb128 0x3a
 800 00d4 0B       		.uleb128 0xb
 801 00d5 3B       		.uleb128 0x3b
 802 00d6 0B       		.uleb128 0xb
 803 00d7 49       		.uleb128 0x49
 804 00d8 13       		.uleb128 0x13
 805 00d9 02       		.uleb128 0x2
 806 00da 18       		.uleb128 0x18
 807 00db 00       		.byte	0
 808 00dc 00       		.byte	0
 809 00dd 10       		.uleb128 0x10
 810 00de 34       		.uleb128 0x34
 811 00df 00       		.byte	0
 812 00e0 03       		.uleb128 0x3
 813 00e1 0E       		.uleb128 0xe
 814 00e2 3A       		.uleb128 0x3a
 815 00e3 0B       		.uleb128 0xb
 816 00e4 3B       		.uleb128 0x3b
 817 00e5 05       		.uleb128 0x5
 818 00e6 49       		.uleb128 0x49
 819 00e7 13       		.uleb128 0x13
 820 00e8 3F       		.uleb128 0x3f
 821 00e9 19       		.uleb128 0x19
 822 00ea 3C       		.uleb128 0x3c
 823 00eb 19       		.uleb128 0x19
 824 00ec 00       		.byte	0
 825 00ed 00       		.byte	0
 826 00ee 11       		.uleb128 0x11
 827 00ef 35       		.uleb128 0x35
 828 00f0 00       		.byte	0
 829 00f1 49       		.uleb128 0x49
 830 00f2 13       		.uleb128 0x13
 831 00f3 00       		.byte	0
 832 00f4 00       		.byte	0
 833 00f5 00       		.byte	0
 834              		.section	.debug_loc,"",%progbits
 835              	.Ldebug_loc0:
 836              	.LLST0:
 837 0000 02000000 		.4byte	.LVL3
 838 0004 12000000 		.4byte	.LVL4
 839 0008 0100     		.2byte	0x1
 840 000a 53       		.byte	0x53
 841 000b 00000000 		.4byte	0
 842 000f 00000000 		.4byte	0
 843              	.LLST1:
 844 0013 0C000000 		.4byte	.LVL7
 845 0017 0E000000 		.4byte	.LVL8
ARM GAS  C:\Users\gjl\AppData\Local\Temp\cc4FFmYA.s 			page 20


 846 001b 0100     		.2byte	0x1
 847 001d 52       		.byte	0x52
 848 001e 12000000 		.4byte	.LVL9
 849 0022 34000000 		.4byte	.LFE132
 850 0026 0100     		.2byte	0x1
 851 0028 52       		.byte	0x52
 852 0029 00000000 		.4byte	0
 853 002d 00000000 		.4byte	0
 854              	.LLST2:
 855 0031 04000000 		.4byte	.LVL6
 856 0035 32000000 		.4byte	.LVL11
 857 0039 0100     		.2byte	0x1
 858 003b 55       		.byte	0x55
 859 003c 00000000 		.4byte	0
 860 0040 00000000 		.4byte	0
 861              	.LLST3:
 862 0044 00000000 		.4byte	.LVL12
 863 0048 1E000000 		.4byte	.LVL14
 864 004c 0100     		.2byte	0x1
 865 004e 50       		.byte	0x50
 866 004f 1E000000 		.4byte	.LVL14
 867 0053 24000000 		.4byte	.LFE133
 868 0057 0400     		.2byte	0x4
 869 0059 F3       		.byte	0xf3
 870 005a 01       		.uleb128 0x1
 871 005b 50       		.byte	0x50
 872 005c 9F       		.byte	0x9f
 873 005d 00000000 		.4byte	0
 874 0061 00000000 		.4byte	0
 875              		.section	.debug_aranges,"",%progbits
 876 0000 3C000000 		.4byte	0x3c
 877 0004 0200     		.2byte	0x2
 878 0006 00000000 		.4byte	.Ldebug_info0
 879 000a 04       		.byte	0x4
 880 000b 00       		.byte	0
 881 000c 0000     		.2byte	0
 882 000e 0000     		.2byte	0
 883 0010 00000000 		.4byte	.LFB129
 884 0014 16000000 		.4byte	.LFE129-.LFB129
 885 0018 00000000 		.4byte	.LFB130
 886 001c 06000000 		.4byte	.LFE130-.LFB130
 887 0020 00000000 		.4byte	.LFB131
 888 0024 18000000 		.4byte	.LFE131-.LFB131
 889 0028 00000000 		.4byte	.LFB132
 890 002c 34000000 		.4byte	.LFE132-.LFB132
 891 0030 00000000 		.4byte	.LFB133
 892 0034 24000000 		.4byte	.LFE133-.LFB133
 893 0038 00000000 		.4byte	0
 894 003c 00000000 		.4byte	0
 895              		.section	.debug_ranges,"",%progbits
 896              	.Ldebug_ranges0:
 897 0000 00000000 		.4byte	.LFB129
 898 0004 16000000 		.4byte	.LFE129
 899 0008 00000000 		.4byte	.LFB130
 900 000c 06000000 		.4byte	.LFE130
 901 0010 00000000 		.4byte	.LFB131
 902 0014 18000000 		.4byte	.LFE131
ARM GAS  C:\Users\gjl\AppData\Local\Temp\cc4FFmYA.s 			page 21


 903 0018 00000000 		.4byte	.LFB132
 904 001c 34000000 		.4byte	.LFE132
 905 0020 00000000 		.4byte	.LFB133
 906 0024 24000000 		.4byte	.LFE133
 907 0028 00000000 		.4byte	0
 908 002c 00000000 		.4byte	0
 909              		.section	.debug_line,"",%progbits
 910              	.Ldebug_line0:
 911 0000 A9020000 		.section	.debug_str,"MS",%progbits,1
 911      02002602 
 911      00000201 
 911      FB0E0D00 
 911      01010101 
 912              	.LASF19:
 913 0000 5469636B 		.ascii	"TickType_t\000"
 913      54797065 
 913      5F7400
 914              	.LASF24:
 915 000b 7076436F 		.ascii	"pvContainer\000"
 915      6E746169 
 915      6E657200 
 916              	.LASF31:
 917 0017 7078496E 		.ascii	"pxIndex\000"
 917      64657800 
 918              	.LASF28:
 919 001f 4D696E69 		.ascii	"MiniListItem_t\000"
 919      4C697374 
 919      4974656D 
 919      5F7400
 920              	.LASF45:
 921 002e 47656E65 		.ascii	"Generated_Source\\PSoC6\\pdl\\rtos\\FreeRTOS\\9.0.0"
 921      72617465 
 921      645F536F 
 921      75726365 
 921      5C50536F 
 922 005c 5C536F75 		.ascii	"\\Source\\list.c\000"
 922      7263655C 
 922      6C697374 
 922      2E6300
 923              	.LASF8:
 924 006b 5F5F696E 		.ascii	"__int32_t\000"
 924      7433325F 
 924      7400
 925              	.LASF20:
 926 0075 78497465 		.ascii	"xItemValue\000"
 926      6D56616C 
 926      756500
 927              	.LASF32:
 928 0080 784C6973 		.ascii	"xListEnd\000"
 928      74456E64 
 928      00
 929              	.LASF23:
 930 0089 70764F77 		.ascii	"pvOwner\000"
 930      6E657200 
 931              	.LASF26:
 932 0091 784C4953 		.ascii	"xLIST_ITEM\000"
 932      545F4954 
ARM GAS  C:\Users\gjl\AppData\Local\Temp\cc4FFmYA.s 			page 22


 932      454D00
 933              	.LASF16:
 934 009c 666C6F61 		.ascii	"float\000"
 934      7400
 935              	.LASF11:
 936 00a2 6C6F6E67 		.ascii	"long long unsigned int\000"
 936      206C6F6E 
 936      6720756E 
 936      7369676E 
 936      65642069 
 937              	.LASF4:
 938 00b9 756E7369 		.ascii	"unsigned char\000"
 938      676E6564 
 938      20636861 
 938      7200
 939              	.LASF10:
 940 00c7 6C6F6E67 		.ascii	"long unsigned int\000"
 940      20756E73 
 940      69676E65 
 940      6420696E 
 940      7400
 941              	.LASF43:
 942 00d9 70784974 		.ascii	"pxItemToRemove\000"
 942      656D546F 
 942      52656D6F 
 942      766500
 943              	.LASF6:
 944 00e8 73686F72 		.ascii	"short unsigned int\000"
 944      7420756E 
 944      7369676E 
 944      65642069 
 944      6E7400
 945              	.LASF48:
 946 00fb 49544D5F 		.ascii	"ITM_RxBuffer\000"
 946      52784275 
 946      66666572 
 946      00
 947              	.LASF35:
 948 0108 764C6973 		.ascii	"vListInitialiseItem\000"
 948      74496E69 
 948      7469616C 
 948      69736549 
 948      74656D00 
 949              	.LASF33:
 950 011c 4C697374 		.ascii	"List_t\000"
 950      5F7400
 951              	.LASF17:
 952 0123 646F7562 		.ascii	"double\000"
 952      6C6500
 953              	.LASF9:
 954 012a 5F5F7569 		.ascii	"__uint32_t\000"
 954      6E743332 
 954      5F7400
 955              	.LASF30:
 956 0135 75784E75 		.ascii	"uxNumberOfItems\000"
 956      6D626572 
 956      4F664974 
ARM GAS  C:\Users\gjl\AppData\Local\Temp\cc4FFmYA.s 			page 23


 956      656D7300 
 957              	.LASF38:
 958 0145 764C6973 		.ascii	"vListInsertEnd\000"
 958      74496E73 
 958      65727445 
 958      6E6400
 959              	.LASF0:
 960 0154 756E7369 		.ascii	"unsigned int\000"
 960      676E6564 
 960      20696E74 
 960      00
 961              	.LASF34:
 962 0161 764C6973 		.ascii	"vListInitialise\000"
 962      74496E69 
 962      7469616C 
 962      69736500 
 963              	.LASF42:
 964 0171 7856616C 		.ascii	"xValueOfInsertion\000"
 964      75654F66 
 964      496E7365 
 964      7274696F 
 964      6E00
 965              	.LASF21:
 966 0183 70784E65 		.ascii	"pxNext\000"
 966      787400
 967              	.LASF37:
 968 018a 70784974 		.ascii	"pxItem\000"
 968      656D00
 969              	.LASF18:
 970 0191 55426173 		.ascii	"UBaseType_t\000"
 970      65547970 
 970      655F7400 
 971              	.LASF25:
 972 019d 4C697374 		.ascii	"ListItem_t\000"
 972      4974656D 
 972      5F7400
 973              	.LASF14:
 974 01a8 696E7433 		.ascii	"int32_t\000"
 974      325F7400 
 975              	.LASF12:
 976 01b0 73697A65 		.ascii	"sizetype\000"
 976      74797065 
 976      00
 977              	.LASF1:
 978 01b9 6C6F6E67 		.ascii	"long long int\000"
 978      206C6F6E 
 978      6720696E 
 978      7400
 979              	.LASF13:
 980 01c7 63686172 		.ascii	"char\000"
 980      00
 981              	.LASF41:
 982 01cc 70784974 		.ascii	"pxIterator\000"
 982      65726174 
 982      6F7200
 983              	.LASF5:
 984 01d7 73686F72 		.ascii	"short int\000"
ARM GAS  C:\Users\gjl\AppData\Local\Temp\cc4FFmYA.s 			page 24


 984      7420696E 
 984      7400
 985              	.LASF22:
 986 01e1 70785072 		.ascii	"pxPrevious\000"
 986      6576696F 
 986      757300
 987              	.LASF44:
 988 01ec 474E5520 		.ascii	"GNU C11 5.4.1 20160609 (release) [ARM/embedded-5-br"
 988      43313120 
 988      352E342E 
 988      31203230 
 988      31363036 
 989 021f 616E6368 		.ascii	"anch revision 237715] -mcpu=cortex-m4 -mfloat-abi=s"
 989      20726576 
 989      6973696F 
 989      6E203233 
 989      37373135 
 990 0252 6F667466 		.ascii	"oftfp -mfpu=fpv4-sp-d16 -mthumb -g -Og -ffunction-s"
 990      70202D6D 
 990      6670753D 
 990      66707634 
 990      2D73702D 
 991 0285 65637469 		.ascii	"ections -ffat-lto-objects\000"
 991      6F6E7320 
 991      2D666661 
 991      742D6C74 
 991      6F2D6F62 
 992              	.LASF15:
 993 029f 75696E74 		.ascii	"uint32_t\000"
 993      33325F74 
 993      00
 994              	.LASF7:
 995 02a8 6C6F6E67 		.ascii	"long int\000"
 995      20696E74 
 995      00
 996              	.LASF2:
 997 02b1 6C6F6E67 		.ascii	"long double\000"
 997      20646F75 
 997      626C6500 
 998              	.LASF27:
 999 02bd 784D494E 		.ascii	"xMINI_LIST_ITEM\000"
 999      495F4C49 
 999      53545F49 
 999      54454D00 
 1000              	.LASF3:
 1001 02cd 7369676E 		.ascii	"signed char\000"
 1001      65642063 
 1001      68617200 
 1002              	.LASF36:
 1003 02d9 70784C69 		.ascii	"pxList\000"
 1003      737400
 1004              	.LASF29:
 1005 02e0 784C4953 		.ascii	"xLIST\000"
 1005      5400
 1006              	.LASF46:
 1007 02e6 433A5C47 		.ascii	"C:\\Git\\PSoC6-101-Videos\\Projects_ScreenCapture\\"
 1007      69745C50 
ARM GAS  C:\Users\gjl\AppData\Local\Temp\cc4FFmYA.s 			page 25


 1007      536F4336 
 1007      2D313031 
 1007      2D566964 
 1008 0315 50536F43 		.ascii	"PSoC 6_101\\3-1-BLEFindMe.cydsn\000"
 1008      20365F31 
 1008      30315C33 
 1008      2D312D42 
 1008      4C454669 
 1009              	.LASF47:
 1010 0334 75784C69 		.ascii	"uxListRemove\000"
 1010      73745265 
 1010      6D6F7665 
 1010      00
 1011              	.LASF39:
 1012 0341 70784E65 		.ascii	"pxNewListItem\000"
 1012      774C6973 
 1012      74497465 
 1012      6D00
 1013              	.LASF40:
 1014 034f 764C6973 		.ascii	"vListInsert\000"
 1014      74496E73 
 1014      65727400 
 1015              		.ident	"GCC: (GNU Tools for ARM Embedded Processors) 5.4.1 20160609 (release) [ARM/embedded-5-bran
