ARM GAS  C:\Users\gjl\AppData\Local\Temp\ccL8RgCd.s 			page 1


   1              		.syntax unified
   2              		.cpu cortex-m4
   3              		.eabi_attribute 27, 1
   4              		.fpu fpv4-sp-d16
   5              		.eabi_attribute 20, 1
   6              		.eabi_attribute 21, 1
   7              		.eabi_attribute 23, 3
   8              		.eabi_attribute 24, 1
   9              		.eabi_attribute 25, 1
  10              		.eabi_attribute 26, 1
  11              		.eabi_attribute 30, 1
  12              		.eabi_attribute 34, 1
  13              		.eabi_attribute 18, 4
  14              		.thumb
  15              		.syntax unified
  16              		.file	"BLE_custom_config.c"
  17              		.text
  18              	.Ltext0:
  19              		.cfi_sections	.debug_frame
  20              		.global	cy_ble_customConfig
  21              		.section	.rodata
  22              		.align	2
  23              		.type	cy_ble_customs, %object
  24              		.size	cy_ble_customs, 6
  25              	cy_ble_customs:
  26 0000 1000     		.short	16
  27 0002 1200     		.short	18
  28 0004 1300     		.short	19
  29              		.data
  30              		.align	2
  31              		.type	cy_ble_customConfig, %object
  32              		.size	cy_ble_customConfig, 4
  33              	cy_ble_customConfig:
  34 0000 00000000 		.word	cy_ble_customs
  35              		.text
  36              	.Letext0:
  37              		.file 1 "c:\\program files (x86)\\cypress\\psoc creator\\4.2\\psoc creator\\import\\gnu\\arm\\5.4.
  38              		.file 2 "c:\\program files (x86)\\cypress\\psoc creator\\4.2\\psoc creator\\import\\gnu\\arm\\5.4.
  39              		.file 3 "Generated_Source\\PSoC6\\pdl\\middleware/ble/cy_ble_stack_host_main.h"
  40              		.file 4 "Generated_Source\\PSoC6\\pdl\\middleware/ble/cy_ble_stack_gatt.h"
  41              		.file 5 "Generated_Source\\PSoC6\\pdl\\middleware/ble/cy_ble_gap.h"
  42              		.file 6 "Generated_Source\\PSoC6\\pdl\\middleware/ble/cy_ble_custom.h"
  43              		.file 7 "Generated_Source\\PSoC6\\pdl\\cmsis/include/core_cm4.h"
  44              		.file 8 "Generated_Source\\PSoC6\\BLE_custom_config.c"
  45              		.section	.debug_info,"",%progbits
  46              	.Ldebug_info0:
  47 0000 D1020000 		.4byte	0x2d1
  48 0004 0400     		.2byte	0x4
  49 0006 00000000 		.4byte	.Ldebug_abbrev0
  50 000a 04       		.byte	0x4
  51 000b 01       		.uleb128 0x1
  52 000c 34030000 		.4byte	.LASF55
  53 0010 0C       		.byte	0xc
  54 0011 6E000000 		.4byte	.LASF56
  55 0015 7C020000 		.4byte	.LASF57
  56 0019 00000000 		.4byte	.Ldebug_line0
  57 001d 02       		.uleb128 0x2
ARM GAS  C:\Users\gjl\AppData\Local\Temp\ccL8RgCd.s 			page 2


  58 001e 04       		.byte	0x4
  59 001f 05       		.byte	0x5
  60 0020 696E7400 		.ascii	"int\000"
  61 0024 03       		.uleb128 0x3
  62 0025 04       		.byte	0x4
  63 0026 07       		.byte	0x7
  64 0027 4B020000 		.4byte	.LASF0
  65 002b 03       		.uleb128 0x3
  66 002c 08       		.byte	0x8
  67 002d 05       		.byte	0x5
  68 002e 13040000 		.4byte	.LASF1
  69 0032 03       		.uleb128 0x3
  70 0033 08       		.byte	0x8
  71 0034 04       		.byte	0x4
  72 0035 F1040000 		.4byte	.LASF2
  73 0039 03       		.uleb128 0x3
  74 003a 01       		.byte	0x1
  75 003b 06       		.byte	0x6
  76 003c FD040000 		.4byte	.LASF3
  77 0040 04       		.uleb128 0x4
  78 0041 1B000000 		.4byte	.LASF6
  79 0045 01       		.byte	0x1
  80 0046 1D       		.byte	0x1d
  81 0047 4B000000 		.4byte	0x4b
  82 004b 03       		.uleb128 0x3
  83 004c 01       		.byte	0x1
  84 004d 08       		.byte	0x8
  85 004e 20020000 		.4byte	.LASF4
  86 0052 03       		.uleb128 0x3
  87 0053 02       		.byte	0x2
  88 0054 05       		.byte	0x5
  89 0055 79040000 		.4byte	.LASF5
  90 0059 04       		.uleb128 0x4
  91 005a 2E020000 		.4byte	.LASF7
  92 005e 01       		.byte	0x1
  93 005f 2B       		.byte	0x2b
  94 0060 64000000 		.4byte	0x64
  95 0064 03       		.uleb128 0x3
  96 0065 02       		.byte	0x2
  97 0066 07       		.byte	0x7
  98 0067 BF010000 		.4byte	.LASF8
  99 006b 04       		.uleb128 0x4
 100 006c FB000000 		.4byte	.LASF9
 101 0070 01       		.byte	0x1
 102 0071 3F       		.byte	0x3f
 103 0072 76000000 		.4byte	0x76
 104 0076 03       		.uleb128 0x3
 105 0077 04       		.byte	0x4
 106 0078 05       		.byte	0x5
 107 0079 E3040000 		.4byte	.LASF10
 108 007d 04       		.uleb128 0x4
 109 007e 40020000 		.4byte	.LASF11
 110 0082 01       		.byte	0x1
 111 0083 41       		.byte	0x41
 112 0084 88000000 		.4byte	0x88
 113 0088 03       		.uleb128 0x3
 114 0089 04       		.byte	0x4
ARM GAS  C:\Users\gjl\AppData\Local\Temp\ccL8RgCd.s 			page 3


 115 008a 07       		.byte	0x7
 116 008b AD010000 		.4byte	.LASF12
 117 008f 03       		.uleb128 0x3
 118 0090 08       		.byte	0x8
 119 0091 07       		.byte	0x7
 120 0092 1D030000 		.4byte	.LASF13
 121 0096 03       		.uleb128 0x3
 122 0097 04       		.byte	0x4
 123 0098 07       		.byte	0x7
 124 0099 0A040000 		.4byte	.LASF14
 125 009d 03       		.uleb128 0x3
 126 009e 01       		.byte	0x1
 127 009f 08       		.byte	0x8
 128 00a0 EC040000 		.4byte	.LASF15
 129 00a4 04       		.uleb128 0x4
 130 00a5 F3000000 		.4byte	.LASF16
 131 00a9 02       		.byte	0x2
 132 00aa 18       		.byte	0x18
 133 00ab 40000000 		.4byte	0x40
 134 00af 04       		.uleb128 0x4
 135 00b0 83040000 		.4byte	.LASF17
 136 00b4 02       		.byte	0x2
 137 00b5 24       		.byte	0x24
 138 00b6 59000000 		.4byte	0x59
 139 00ba 04       		.uleb128 0x4
 140 00bb FC030000 		.4byte	.LASF18
 141 00bf 02       		.byte	0x2
 142 00c0 2C       		.byte	0x2c
 143 00c1 6B000000 		.4byte	0x6b
 144 00c5 04       		.uleb128 0x4
 145 00c6 DA040000 		.4byte	.LASF19
 146 00ca 02       		.byte	0x2
 147 00cb 30       		.byte	0x30
 148 00cc 7D000000 		.4byte	0x7d
 149 00d0 03       		.uleb128 0x3
 150 00d1 04       		.byte	0x4
 151 00d2 04       		.byte	0x4
 152 00d3 45010000 		.4byte	.LASF20
 153 00d7 03       		.uleb128 0x3
 154 00d8 08       		.byte	0x8
 155 00d9 04       		.byte	0x4
 156 00da 39020000 		.4byte	.LASF21
 157 00de 05       		.uleb128 0x5
 158 00df 02       		.byte	0x2
 159 00e0 03       		.byte	0x3
 160 00e1 5B01     		.2byte	0x15b
 161 00e3 02010000 		.4byte	0x102
 162 00e7 06       		.uleb128 0x6
 163 00e8 3A000000 		.4byte	.LASF22
 164 00ec 03       		.byte	0x3
 165 00ed 6501     		.2byte	0x165
 166 00ef A4000000 		.4byte	0xa4
 167 00f3 00       		.byte	0
 168 00f4 06       		.uleb128 0x6
 169 00f5 04040000 		.4byte	.LASF23
 170 00f9 03       		.byte	0x3
 171 00fa 6901     		.2byte	0x169
ARM GAS  C:\Users\gjl\AppData\Local\Temp\ccL8RgCd.s 			page 4


 172 00fc A4000000 		.4byte	0xa4
 173 0100 01       		.byte	0x1
 174 0101 00       		.byte	0
 175 0102 07       		.uleb128 0x7
 176 0103 99000000 		.4byte	.LASF24
 177 0107 03       		.byte	0x3
 178 0108 6B01     		.2byte	0x16b
 179 010a DE000000 		.4byte	0xde
 180 010e 07       		.uleb128 0x7
 181 010f 90010000 		.4byte	.LASF25
 182 0113 04       		.byte	0x4
 183 0114 7F01     		.2byte	0x17f
 184 0116 AF000000 		.4byte	0xaf
 185 011a 08       		.uleb128 0x8
 186 011b 01       		.byte	0x1
 187 011c 4B000000 		.4byte	0x4b
 188 0120 05       		.byte	0x5
 189 0121 7E       		.byte	0x7e
 190 0122 3F010000 		.4byte	0x13f
 191 0126 09       		.uleb128 0x9
 192 0127 09050000 		.4byte	.LASF26
 193 012b 00       		.byte	0
 194 012c 09       		.uleb128 0x9
 195 012d FE020000 		.4byte	.LASF27
 196 0131 01       		.byte	0x1
 197 0132 09       		.uleb128 0x9
 198 0133 8C040000 		.4byte	.LASF28
 199 0137 02       		.byte	0x2
 200 0138 09       		.uleb128 0x9
 201 0139 4B010000 		.4byte	.LASF29
 202 013d 03       		.byte	0x3
 203 013e 00       		.byte	0
 204 013f 04       		.uleb128 0x4
 205 0140 2F010000 		.4byte	.LASF30
 206 0144 05       		.byte	0x5
 207 0145 83       		.byte	0x83
 208 0146 1A010000 		.4byte	0x11a
 209 014a 08       		.uleb128 0x8
 210 014b 01       		.byte	0x1
 211 014c 4B000000 		.4byte	0x4b
 212 0150 05       		.byte	0x5
 213 0151 87       		.byte	0x87
 214 0152 87010000 		.4byte	0x187
 215 0156 09       		.uleb128 0x9
 216 0157 3B040000 		.4byte	.LASF31
 217 015b 00       		.byte	0
 218 015c 09       		.uleb128 0x9
 219 015d A9040000 		.4byte	.LASF32
 220 0161 01       		.byte	0x1
 221 0162 09       		.uleb128 0x9
 222 0163 B2000000 		.4byte	.LASF33
 223 0167 02       		.byte	0x2
 224 0168 09       		.uleb128 0x9
 225 0169 05010000 		.4byte	.LASF34
 226 016d 03       		.byte	0x3
 227 016e 09       		.uleb128 0x9
 228 016f D4020000 		.4byte	.LASF35
ARM GAS  C:\Users\gjl\AppData\Local\Temp\ccL8RgCd.s 			page 5


 229 0173 04       		.byte	0x4
 230 0174 09       		.uleb128 0x9
 231 0175 DA010000 		.4byte	.LASF36
 232 0179 05       		.byte	0x5
 233 017a 09       		.uleb128 0x9
 234 017b 43000000 		.4byte	.LASF37
 235 017f 06       		.byte	0x6
 236 0180 09       		.uleb128 0x9
 237 0181 58020000 		.4byte	.LASF38
 238 0185 07       		.byte	0x7
 239 0186 00       		.byte	0
 240 0187 04       		.uleb128 0x4
 241 0188 52050000 		.4byte	.LASF39
 242 018c 05       		.byte	0x5
 243 018d 90       		.byte	0x90
 244 018e 4A010000 		.4byte	0x14a
 245 0192 03       		.uleb128 0x3
 246 0193 01       		.byte	0x1
 247 0194 02       		.byte	0x2
 248 0195 22050000 		.4byte	.LASF40
 249 0199 0A       		.uleb128 0xa
 250 019a 04       		.byte	0x4
 251 019b 06       		.byte	0x6
 252 019c 3B       		.byte	0x3b
 253 019d BA010000 		.4byte	0x1ba
 254 01a1 0B       		.uleb128 0xb
 255 01a2 25000000 		.4byte	.LASF41
 256 01a6 06       		.byte	0x6
 257 01a7 3E       		.byte	0x3e
 258 01a8 0E010000 		.4byte	0x10e
 259 01ac 00       		.byte	0
 260 01ad 0B       		.uleb128 0xb
 261 01ae CE000000 		.4byte	.LASF42
 262 01b2 06       		.byte	0x6
 263 01b3 41       		.byte	0x41
 264 01b4 BA010000 		.4byte	0x1ba
 265 01b8 02       		.byte	0x2
 266 01b9 00       		.byte	0
 267 01ba 0C       		.uleb128 0xc
 268 01bb 0E010000 		.4byte	0x10e
 269 01bf CA010000 		.4byte	0x1ca
 270 01c3 0D       		.uleb128 0xd
 271 01c4 96000000 		.4byte	0x96
 272 01c8 00       		.byte	0
 273 01c9 00       		.byte	0
 274 01ca 04       		.uleb128 0x4
 275 01cb 21040000 		.4byte	.LASF43
 276 01cf 06       		.byte	0x6
 277 01d0 43       		.byte	0x43
 278 01d1 99010000 		.4byte	0x199
 279 01d5 0A       		.uleb128 0xa
 280 01d6 06       		.byte	0x6
 281 01d7 06       		.byte	0x6
 282 01d8 46       		.byte	0x46
 283 01d9 F6010000 		.4byte	0x1f6
 284 01dd 0B       		.uleb128 0xb
 285 01de 7F010000 		.4byte	.LASF44
ARM GAS  C:\Users\gjl\AppData\Local\Temp\ccL8RgCd.s 			page 6


 286 01e2 06       		.byte	0x6
 287 01e3 49       		.byte	0x49
 288 01e4 0E010000 		.4byte	0x10e
 289 01e8 00       		.byte	0
 290 01e9 0B       		.uleb128 0xb
 291 01ea 6A040000 		.4byte	.LASF45
 292 01ee 06       		.byte	0x6
 293 01ef 4C       		.byte	0x4c
 294 01f0 F6010000 		.4byte	0x1f6
 295 01f4 02       		.byte	0x2
 296 01f5 00       		.byte	0
 297 01f6 0C       		.uleb128 0xc
 298 01f7 CA010000 		.4byte	0x1ca
 299 01fb 06020000 		.4byte	0x206
 300 01ff 0D       		.uleb128 0xd
 301 0200 96000000 		.4byte	0x96
 302 0204 00       		.byte	0
 303 0205 00       		.byte	0
 304 0206 04       		.uleb128 0x4
 305 0207 E7030000 		.4byte	.LASF46
 306 020b 06       		.byte	0x6
 307 020c 4E       		.byte	0x4e
 308 020d D5010000 		.4byte	0x1d5
 309 0211 0A       		.uleb128 0xa
 310 0212 04       		.byte	0x4
 311 0213 06       		.byte	0x6
 312 0214 90       		.byte	0x90
 313 0215 26020000 		.4byte	0x226
 314 0219 0B       		.uleb128 0xb
 315 021a D2010000 		.4byte	.LASF47
 316 021e 06       		.byte	0x6
 317 021f 94       		.byte	0x94
 318 0220 26020000 		.4byte	0x226
 319 0224 00       		.byte	0
 320 0225 00       		.byte	0
 321 0226 0E       		.uleb128 0xe
 322 0227 04       		.byte	0x4
 323 0228 2C020000 		.4byte	0x22c
 324 022c 0F       		.uleb128 0xf
 325 022d 06020000 		.4byte	0x206
 326 0231 04       		.uleb128 0x4
 327 0232 00000000 		.4byte	.LASF48
 328 0236 06       		.byte	0x6
 329 0237 9B       		.byte	0x9b
 330 0238 11020000 		.4byte	0x211
 331 023c 0C       		.uleb128 0xc
 332 023d 2C020000 		.4byte	0x22c
 333 0241 4C020000 		.4byte	0x24c
 334 0245 0D       		.uleb128 0xd
 335 0246 96000000 		.4byte	0x96
 336 024a 00       		.byte	0
 337 024b 00       		.byte	0
 338 024c 10       		.uleb128 0x10
 339 024d 11020000 		.4byte	.LASF58
 340 0251 08       		.byte	0x8
 341 0252 1C       		.byte	0x1c
 342 0253 5D020000 		.4byte	0x25d
ARM GAS  C:\Users\gjl\AppData\Local\Temp\ccL8RgCd.s 			page 7


 343 0257 05       		.uleb128 0x5
 344 0258 03       		.byte	0x3
 345 0259 00000000 		.4byte	cy_ble_customs
 346 025d 0F       		.uleb128 0xf
 347 025e 3C020000 		.4byte	0x23c
 348 0262 11       		.uleb128 0x11
 349 0263 04020000 		.4byte	.LASF49
 350 0267 07       		.byte	0x7
 351 0268 EA07     		.2byte	0x7ea
 352 026a 6E020000 		.4byte	0x26e
 353 026e 12       		.uleb128 0x12
 354 026f BA000000 		.4byte	0xba
 355 0273 11       		.uleb128 0x11
 356 0274 5A040000 		.4byte	.LASF50
 357 0278 05       		.byte	0x5
 358 0279 2202     		.2byte	0x222
 359 027b 3F010000 		.4byte	0x13f
 360 027f 0C       		.uleb128 0xc
 361 0280 02010000 		.4byte	0x102
 362 0284 8F020000 		.4byte	0x28f
 363 0288 0D       		.uleb128 0xd
 364 0289 96000000 		.4byte	0x96
 365 028d 00       		.byte	0
 366 028e 00       		.byte	0
 367 028f 11       		.uleb128 0x11
 368 0290 E1000000 		.4byte	.LASF51
 369 0294 05       		.byte	0x5
 370 0295 2C02     		.2byte	0x22c
 371 0297 7F020000 		.4byte	0x27f
 372 029b 0C       		.uleb128 0xc
 373 029c 87010000 		.4byte	0x187
 374 02a0 AB020000 		.4byte	0x2ab
 375 02a4 0D       		.uleb128 0xd
 376 02a5 96000000 		.4byte	0x96
 377 02a9 00       		.byte	0
 378 02aa 00       		.byte	0
 379 02ab 11       		.uleb128 0x11
 380 02ac 28050000 		.4byte	.LASF52
 381 02b0 05       		.byte	0x5
 382 02b1 2D02     		.2byte	0x22d
 383 02b3 9B020000 		.4byte	0x29b
 384 02b7 11       		.uleb128 0x11
 385 02b8 39050000 		.4byte	.LASF53
 386 02bc 05       		.byte	0x5
 387 02bd 5202     		.2byte	0x252
 388 02bf A4000000 		.4byte	0xa4
 389 02c3 13       		.uleb128 0x13
 390 02c4 6B010000 		.4byte	.LASF54
 391 02c8 08       		.byte	0x8
 392 02c9 3E       		.byte	0x3e
 393 02ca 31020000 		.4byte	0x231
 394 02ce 05       		.uleb128 0x5
 395 02cf 03       		.byte	0x3
 396 02d0 00000000 		.4byte	cy_ble_customConfig
 397 02d4 00       		.byte	0
 398              		.section	.debug_abbrev,"",%progbits
 399              	.Ldebug_abbrev0:
ARM GAS  C:\Users\gjl\AppData\Local\Temp\ccL8RgCd.s 			page 8


 400 0000 01       		.uleb128 0x1
 401 0001 11       		.uleb128 0x11
 402 0002 01       		.byte	0x1
 403 0003 25       		.uleb128 0x25
 404 0004 0E       		.uleb128 0xe
 405 0005 13       		.uleb128 0x13
 406 0006 0B       		.uleb128 0xb
 407 0007 03       		.uleb128 0x3
 408 0008 0E       		.uleb128 0xe
 409 0009 1B       		.uleb128 0x1b
 410 000a 0E       		.uleb128 0xe
 411 000b 10       		.uleb128 0x10
 412 000c 17       		.uleb128 0x17
 413 000d 00       		.byte	0
 414 000e 00       		.byte	0
 415 000f 02       		.uleb128 0x2
 416 0010 24       		.uleb128 0x24
 417 0011 00       		.byte	0
 418 0012 0B       		.uleb128 0xb
 419 0013 0B       		.uleb128 0xb
 420 0014 3E       		.uleb128 0x3e
 421 0015 0B       		.uleb128 0xb
 422 0016 03       		.uleb128 0x3
 423 0017 08       		.uleb128 0x8
 424 0018 00       		.byte	0
 425 0019 00       		.byte	0
 426 001a 03       		.uleb128 0x3
 427 001b 24       		.uleb128 0x24
 428 001c 00       		.byte	0
 429 001d 0B       		.uleb128 0xb
 430 001e 0B       		.uleb128 0xb
 431 001f 3E       		.uleb128 0x3e
 432 0020 0B       		.uleb128 0xb
 433 0021 03       		.uleb128 0x3
 434 0022 0E       		.uleb128 0xe
 435 0023 00       		.byte	0
 436 0024 00       		.byte	0
 437 0025 04       		.uleb128 0x4
 438 0026 16       		.uleb128 0x16
 439 0027 00       		.byte	0
 440 0028 03       		.uleb128 0x3
 441 0029 0E       		.uleb128 0xe
 442 002a 3A       		.uleb128 0x3a
 443 002b 0B       		.uleb128 0xb
 444 002c 3B       		.uleb128 0x3b
 445 002d 0B       		.uleb128 0xb
 446 002e 49       		.uleb128 0x49
 447 002f 13       		.uleb128 0x13
 448 0030 00       		.byte	0
 449 0031 00       		.byte	0
 450 0032 05       		.uleb128 0x5
 451 0033 13       		.uleb128 0x13
 452 0034 01       		.byte	0x1
 453 0035 0B       		.uleb128 0xb
 454 0036 0B       		.uleb128 0xb
 455 0037 3A       		.uleb128 0x3a
 456 0038 0B       		.uleb128 0xb
ARM GAS  C:\Users\gjl\AppData\Local\Temp\ccL8RgCd.s 			page 9


 457 0039 3B       		.uleb128 0x3b
 458 003a 05       		.uleb128 0x5
 459 003b 01       		.uleb128 0x1
 460 003c 13       		.uleb128 0x13
 461 003d 00       		.byte	0
 462 003e 00       		.byte	0
 463 003f 06       		.uleb128 0x6
 464 0040 0D       		.uleb128 0xd
 465 0041 00       		.byte	0
 466 0042 03       		.uleb128 0x3
 467 0043 0E       		.uleb128 0xe
 468 0044 3A       		.uleb128 0x3a
 469 0045 0B       		.uleb128 0xb
 470 0046 3B       		.uleb128 0x3b
 471 0047 05       		.uleb128 0x5
 472 0048 49       		.uleb128 0x49
 473 0049 13       		.uleb128 0x13
 474 004a 38       		.uleb128 0x38
 475 004b 0B       		.uleb128 0xb
 476 004c 00       		.byte	0
 477 004d 00       		.byte	0
 478 004e 07       		.uleb128 0x7
 479 004f 16       		.uleb128 0x16
 480 0050 00       		.byte	0
 481 0051 03       		.uleb128 0x3
 482 0052 0E       		.uleb128 0xe
 483 0053 3A       		.uleb128 0x3a
 484 0054 0B       		.uleb128 0xb
 485 0055 3B       		.uleb128 0x3b
 486 0056 05       		.uleb128 0x5
 487 0057 49       		.uleb128 0x49
 488 0058 13       		.uleb128 0x13
 489 0059 00       		.byte	0
 490 005a 00       		.byte	0
 491 005b 08       		.uleb128 0x8
 492 005c 04       		.uleb128 0x4
 493 005d 01       		.byte	0x1
 494 005e 0B       		.uleb128 0xb
 495 005f 0B       		.uleb128 0xb
 496 0060 49       		.uleb128 0x49
 497 0061 13       		.uleb128 0x13
 498 0062 3A       		.uleb128 0x3a
 499 0063 0B       		.uleb128 0xb
 500 0064 3B       		.uleb128 0x3b
 501 0065 0B       		.uleb128 0xb
 502 0066 01       		.uleb128 0x1
 503 0067 13       		.uleb128 0x13
 504 0068 00       		.byte	0
 505 0069 00       		.byte	0
 506 006a 09       		.uleb128 0x9
 507 006b 28       		.uleb128 0x28
 508 006c 00       		.byte	0
 509 006d 03       		.uleb128 0x3
 510 006e 0E       		.uleb128 0xe
 511 006f 1C       		.uleb128 0x1c
 512 0070 0B       		.uleb128 0xb
 513 0071 00       		.byte	0
ARM GAS  C:\Users\gjl\AppData\Local\Temp\ccL8RgCd.s 			page 10


 514 0072 00       		.byte	0
 515 0073 0A       		.uleb128 0xa
 516 0074 13       		.uleb128 0x13
 517 0075 01       		.byte	0x1
 518 0076 0B       		.uleb128 0xb
 519 0077 0B       		.uleb128 0xb
 520 0078 3A       		.uleb128 0x3a
 521 0079 0B       		.uleb128 0xb
 522 007a 3B       		.uleb128 0x3b
 523 007b 0B       		.uleb128 0xb
 524 007c 01       		.uleb128 0x1
 525 007d 13       		.uleb128 0x13
 526 007e 00       		.byte	0
 527 007f 00       		.byte	0
 528 0080 0B       		.uleb128 0xb
 529 0081 0D       		.uleb128 0xd
 530 0082 00       		.byte	0
 531 0083 03       		.uleb128 0x3
 532 0084 0E       		.uleb128 0xe
 533 0085 3A       		.uleb128 0x3a
 534 0086 0B       		.uleb128 0xb
 535 0087 3B       		.uleb128 0x3b
 536 0088 0B       		.uleb128 0xb
 537 0089 49       		.uleb128 0x49
 538 008a 13       		.uleb128 0x13
 539 008b 38       		.uleb128 0x38
 540 008c 0B       		.uleb128 0xb
 541 008d 00       		.byte	0
 542 008e 00       		.byte	0
 543 008f 0C       		.uleb128 0xc
 544 0090 01       		.uleb128 0x1
 545 0091 01       		.byte	0x1
 546 0092 49       		.uleb128 0x49
 547 0093 13       		.uleb128 0x13
 548 0094 01       		.uleb128 0x1
 549 0095 13       		.uleb128 0x13
 550 0096 00       		.byte	0
 551 0097 00       		.byte	0
 552 0098 0D       		.uleb128 0xd
 553 0099 21       		.uleb128 0x21
 554 009a 00       		.byte	0
 555 009b 49       		.uleb128 0x49
 556 009c 13       		.uleb128 0x13
 557 009d 2F       		.uleb128 0x2f
 558 009e 0B       		.uleb128 0xb
 559 009f 00       		.byte	0
 560 00a0 00       		.byte	0
 561 00a1 0E       		.uleb128 0xe
 562 00a2 0F       		.uleb128 0xf
 563 00a3 00       		.byte	0
 564 00a4 0B       		.uleb128 0xb
 565 00a5 0B       		.uleb128 0xb
 566 00a6 49       		.uleb128 0x49
 567 00a7 13       		.uleb128 0x13
 568 00a8 00       		.byte	0
 569 00a9 00       		.byte	0
 570 00aa 0F       		.uleb128 0xf
ARM GAS  C:\Users\gjl\AppData\Local\Temp\ccL8RgCd.s 			page 11


 571 00ab 26       		.uleb128 0x26
 572 00ac 00       		.byte	0
 573 00ad 49       		.uleb128 0x49
 574 00ae 13       		.uleb128 0x13
 575 00af 00       		.byte	0
 576 00b0 00       		.byte	0
 577 00b1 10       		.uleb128 0x10
 578 00b2 34       		.uleb128 0x34
 579 00b3 00       		.byte	0
 580 00b4 03       		.uleb128 0x3
 581 00b5 0E       		.uleb128 0xe
 582 00b6 3A       		.uleb128 0x3a
 583 00b7 0B       		.uleb128 0xb
 584 00b8 3B       		.uleb128 0x3b
 585 00b9 0B       		.uleb128 0xb
 586 00ba 49       		.uleb128 0x49
 587 00bb 13       		.uleb128 0x13
 588 00bc 02       		.uleb128 0x2
 589 00bd 18       		.uleb128 0x18
 590 00be 00       		.byte	0
 591 00bf 00       		.byte	0
 592 00c0 11       		.uleb128 0x11
 593 00c1 34       		.uleb128 0x34
 594 00c2 00       		.byte	0
 595 00c3 03       		.uleb128 0x3
 596 00c4 0E       		.uleb128 0xe
 597 00c5 3A       		.uleb128 0x3a
 598 00c6 0B       		.uleb128 0xb
 599 00c7 3B       		.uleb128 0x3b
 600 00c8 05       		.uleb128 0x5
 601 00c9 49       		.uleb128 0x49
 602 00ca 13       		.uleb128 0x13
 603 00cb 3F       		.uleb128 0x3f
 604 00cc 19       		.uleb128 0x19
 605 00cd 3C       		.uleb128 0x3c
 606 00ce 19       		.uleb128 0x19
 607 00cf 00       		.byte	0
 608 00d0 00       		.byte	0
 609 00d1 12       		.uleb128 0x12
 610 00d2 35       		.uleb128 0x35
 611 00d3 00       		.byte	0
 612 00d4 49       		.uleb128 0x49
 613 00d5 13       		.uleb128 0x13
 614 00d6 00       		.byte	0
 615 00d7 00       		.byte	0
 616 00d8 13       		.uleb128 0x13
 617 00d9 34       		.uleb128 0x34
 618 00da 00       		.byte	0
 619 00db 03       		.uleb128 0x3
 620 00dc 0E       		.uleb128 0xe
 621 00dd 3A       		.uleb128 0x3a
 622 00de 0B       		.uleb128 0xb
 623 00df 3B       		.uleb128 0x3b
 624 00e0 0B       		.uleb128 0xb
 625 00e1 49       		.uleb128 0x49
 626 00e2 13       		.uleb128 0x13
 627 00e3 3F       		.uleb128 0x3f
ARM GAS  C:\Users\gjl\AppData\Local\Temp\ccL8RgCd.s 			page 12


 628 00e4 19       		.uleb128 0x19
 629 00e5 02       		.uleb128 0x2
 630 00e6 18       		.uleb128 0x18
 631 00e7 00       		.byte	0
 632 00e8 00       		.byte	0
 633 00e9 00       		.byte	0
 634              		.section	.debug_aranges,"",%progbits
 635 0000 14000000 		.4byte	0x14
 636 0004 0200     		.2byte	0x2
 637 0006 00000000 		.4byte	.Ldebug_info0
 638 000a 04       		.byte	0x4
 639 000b 00       		.byte	0
 640 000c 0000     		.2byte	0
 641 000e 0000     		.2byte	0
 642 0010 00000000 		.4byte	0
 643 0014 00000000 		.4byte	0
 644              		.section	.debug_line,"",%progbits
 645              	.Ldebug_line0:
 646 0000 FB010000 		.section	.debug_str,"MS",%progbits,1
 646      0200F501 
 646      00000201 
 646      FB0E0D00 
 646      01010101 
 647              	.LASF48:
 648 0000 63795F73 		.ascii	"cy_stc_ble_custom_config_t\000"
 648      74635F62 
 648      6C655F63 
 648      7573746F 
 648      6D5F636F 
 649              	.LASF6:
 650 001b 5F5F7569 		.ascii	"__uint8_t\000"
 650      6E74385F 
 650      7400
 651              	.LASF41:
 652 0025 63757374 		.ascii	"customServCharHandle\000"
 652      6F6D5365 
 652      72764368 
 652      61724861 
 652      6E646C65 
 653              	.LASF22:
 654 003a 62644861 		.ascii	"bdHandle\000"
 654      6E646C65 
 654      00
 655              	.LASF37:
 656 0043 43595F42 		.ascii	"CY_BLE_CONN_STATE_CLIENT_DESCR_DISCOVERING\000"
 656      4C455F43 
 656      4F4E4E5F 
 656      53544154 
 656      455F434C 
 657              	.LASF56:
 658 006e 47656E65 		.ascii	"Generated_Source\\PSoC6\\BLE_custom_config.c\000"
 658      72617465 
 658      645F536F 
 658      75726365 
 658      5C50536F 
 659              	.LASF24:
 660 0099 63795F73 		.ascii	"cy_stc_ble_conn_handle_t\000"
ARM GAS  C:\Users\gjl\AppData\Local\Temp\ccL8RgCd.s 			page 13


 660      74635F62 
 660      6C655F63 
 660      6F6E6E5F 
 660      68616E64 
 661              	.LASF33:
 662 00b2 43595F42 		.ascii	"CY_BLE_CONN_STATE_CONNECTED\000"
 662      4C455F43 
 662      4F4E4E5F 
 662      53544154 
 662      455F434F 
 663              	.LASF42:
 664 00ce 63757374 		.ascii	"customServCharDesc\000"
 664      6F6D5365 
 664      72764368 
 664      61724465 
 664      736300
 665              	.LASF51:
 666 00e1 63795F62 		.ascii	"cy_ble_connHandle\000"
 666      6C655F63 
 666      6F6E6E48 
 666      616E646C 
 666      6500
 667              	.LASF16:
 668 00f3 75696E74 		.ascii	"uint8_t\000"
 668      385F7400 
 669              	.LASF9:
 670 00fb 5F5F696E 		.ascii	"__int32_t\000"
 670      7433325F 
 670      7400
 671              	.LASF34:
 672 0105 43595F42 		.ascii	"CY_BLE_CONN_STATE_CLIENT_SRVC_DISCOVERING\000"
 672      4C455F43 
 672      4F4E4E5F 
 672      53544154 
 672      455F434C 
 673              	.LASF30:
 674 012f 63795F65 		.ascii	"cy_en_ble_adv_state_t\000"
 674      6E5F626C 
 674      655F6164 
 674      765F7374 
 674      6174655F 
 675              	.LASF20:
 676 0145 666C6F61 		.ascii	"float\000"
 676      7400
 677              	.LASF29:
 678 014b 43595F42 		.ascii	"CY_BLE_ADV_STATE_STOP_INITIATED\000"
 678      4C455F41 
 678      44565F53 
 678      54415445 
 678      5F53544F 
 679              	.LASF54:
 680 016b 63795F62 		.ascii	"cy_ble_customConfig\000"
 680      6C655F63 
 680      7573746F 
 680      6D436F6E 
 680      66696700 
 681              	.LASF44:
ARM GAS  C:\Users\gjl\AppData\Local\Temp\ccL8RgCd.s 			page 14


 682 017f 63757374 		.ascii	"customServHandle\000"
 682      6F6D5365 
 682      72764861 
 682      6E646C65 
 682      00
 683              	.LASF25:
 684 0190 63795F62 		.ascii	"cy_ble_gatt_db_attr_handle_t\000"
 684      6C655F67 
 684      6174745F 
 684      64625F61 
 684      7474725F 
 685              	.LASF12:
 686 01ad 6C6F6E67 		.ascii	"long unsigned int\000"
 686      20756E73 
 686      69676E65 
 686      6420696E 
 686      7400
 687              	.LASF8:
 688 01bf 73686F72 		.ascii	"short unsigned int\000"
 688      7420756E 
 688      7369676E 
 688      65642069 
 688      6E7400
 689              	.LASF47:
 690 01d2 63757374 		.ascii	"customs\000"
 690      6F6D7300 
 691              	.LASF36:
 692 01da 43595F42 		.ascii	"CY_BLE_CONN_STATE_CLIENT_CHAR_DISCOVERING\000"
 692      4C455F43 
 692      4F4E4E5F 
 692      53544154 
 692      455F434C 
 693              	.LASF49:
 694 0204 49544D5F 		.ascii	"ITM_RxBuffer\000"
 694      52784275 
 694      66666572 
 694      00
 695              	.LASF58:
 696 0211 63795F62 		.ascii	"cy_ble_customs\000"
 696      6C655F63 
 696      7573746F 
 696      6D7300
 697              	.LASF4:
 698 0220 756E7369 		.ascii	"unsigned char\000"
 698      676E6564 
 698      20636861 
 698      7200
 699              	.LASF7:
 700 022e 5F5F7569 		.ascii	"__uint16_t\000"
 700      6E743136 
 700      5F7400
 701              	.LASF21:
 702 0239 646F7562 		.ascii	"double\000"
 702      6C6500
 703              	.LASF11:
 704 0240 5F5F7569 		.ascii	"__uint32_t\000"
 704      6E743332 
ARM GAS  C:\Users\gjl\AppData\Local\Temp\ccL8RgCd.s 			page 15


 704      5F7400
 705              	.LASF0:
 706 024b 756E7369 		.ascii	"unsigned int\000"
 706      676E6564 
 706      20696E74 
 706      00
 707              	.LASF38:
 708 0258 43595F42 		.ascii	"CY_BLE_CONN_STATE_CLIENT_DISCOVERED\000"
 708      4C455F43 
 708      4F4E4E5F 
 708      53544154 
 708      455F434C 
 709              	.LASF57:
 710 027c 433A5C47 		.ascii	"C:\\Git\\PSoC6-101-Videos\\Projects_ScreenCapture\\"
 710      69745C50 
 710      536F4336 
 710      2D313031 
 710      2D566964 
 711 02ab 50536F43 		.ascii	"PSoC 6_101\\3-2-SimpleBLEPeripheral.cydsn\000"
 711      20365F31 
 711      30315C33 
 711      2D322D53 
 711      696D706C 
 712              	.LASF35:
 713 02d4 43595F42 		.ascii	"CY_BLE_CONN_STATE_CLIENT_INCL_DISCOVERING\000"
 713      4C455F43 
 713      4F4E4E5F 
 713      53544154 
 713      455F434C 
 714              	.LASF27:
 715 02fe 43595F42 		.ascii	"CY_BLE_ADV_STATE_ADV_INITIATED\000"
 715      4C455F41 
 715      44565F53 
 715      54415445 
 715      5F414456 
 716              	.LASF13:
 717 031d 6C6F6E67 		.ascii	"long long unsigned int\000"
 717      206C6F6E 
 717      6720756E 
 717      7369676E 
 717      65642069 
 718              	.LASF55:
 719 0334 474E5520 		.ascii	"GNU C11 5.4.1 20160609 (release) [ARM/embedded-5-br"
 719      43313120 
 719      352E342E 
 719      31203230 
 719      31363036 
 720 0367 616E6368 		.ascii	"anch revision 237715] -mcpu=cortex-m4 -mfloat-abi=s"
 720      20726576 
 720      6973696F 
 720      6E203233 
 720      37373135 
 721 039a 6F667466 		.ascii	"oftfp -mfpu=fpv4-sp-d16 -mthumb -g -Og -ffunction-s"
 721      70202D6D 
 721      6670753D 
 721      66707634 
 721      2D73702D 
ARM GAS  C:\Users\gjl\AppData\Local\Temp\ccL8RgCd.s 			page 16


 722 03cd 65637469 		.ascii	"ections -ffat-lto-objects\000"
 722      6F6E7320 
 722      2D666661 
 722      742D6C74 
 722      6F2D6F62 
 723              	.LASF46:
 724 03e7 63795F73 		.ascii	"cy_stc_ble_customs_t\000"
 724      74635F62 
 724      6C655F63 
 724      7573746F 
 724      6D735F74 
 725              	.LASF18:
 726 03fc 696E7433 		.ascii	"int32_t\000"
 726      325F7400 
 727              	.LASF23:
 728 0404 61747449 		.ascii	"attId\000"
 728      6400
 729              	.LASF14:
 730 040a 73697A65 		.ascii	"sizetype\000"
 730      74797065 
 730      00
 731              	.LASF1:
 732 0413 6C6F6E67 		.ascii	"long long int\000"
 732      206C6F6E 
 732      6720696E 
 732      7400
 733              	.LASF43:
 734 0421 63795F73 		.ascii	"cy_stc_ble_customs_info_t\000"
 734      74635F62 
 734      6C655F63 
 734      7573746F 
 734      6D735F69 
 735              	.LASF31:
 736 043b 43595F42 		.ascii	"CY_BLE_CONN_STATE_DISCONNECTED\000"
 736      4C455F43 
 736      4F4E4E5F 
 736      53544154 
 736      455F4449 
 737              	.LASF50:
 738 045a 63795F62 		.ascii	"cy_ble_advState\000"
 738      6C655F61 
 738      64765374 
 738      61746500 
 739              	.LASF45:
 740 046a 63757374 		.ascii	"customServInfo\000"
 740      6F6D5365 
 740      7276496E 
 740      666F00
 741              	.LASF5:
 742 0479 73686F72 		.ascii	"short int\000"
 742      7420696E 
 742      7400
 743              	.LASF17:
 744 0483 75696E74 		.ascii	"uint16_t\000"
 744      31365F74 
 744      00
 745              	.LASF28:
ARM GAS  C:\Users\gjl\AppData\Local\Temp\ccL8RgCd.s 			page 17


 746 048c 43595F42 		.ascii	"CY_BLE_ADV_STATE_ADVERTISING\000"
 746      4C455F41 
 746      44565F53 
 746      54415445 
 746      5F414456 
 747              	.LASF32:
 748 04a9 43595F42 		.ascii	"CY_BLE_CONN_STATE_CLIENT_DISCONNECTED_DISCOVERED\000"
 748      4C455F43 
 748      4F4E4E5F 
 748      53544154 
 748      455F434C 
 749              	.LASF19:
 750 04da 75696E74 		.ascii	"uint32_t\000"
 750      33325F74 
 750      00
 751              	.LASF10:
 752 04e3 6C6F6E67 		.ascii	"long int\000"
 752      20696E74 
 752      00
 753              	.LASF15:
 754 04ec 63686172 		.ascii	"char\000"
 754      00
 755              	.LASF2:
 756 04f1 6C6F6E67 		.ascii	"long double\000"
 756      20646F75 
 756      626C6500 
 757              	.LASF3:
 758 04fd 7369676E 		.ascii	"signed char\000"
 758      65642063 
 758      68617200 
 759              	.LASF26:
 760 0509 43595F42 		.ascii	"CY_BLE_ADV_STATE_STOPPED\000"
 760      4C455F41 
 760      44565F53 
 760      54415445 
 760      5F53544F 
 761              	.LASF40:
 762 0522 5F426F6F 		.ascii	"_Bool\000"
 762      6C00
 763              	.LASF52:
 764 0528 63795F62 		.ascii	"cy_ble_connState\000"
 764      6C655F63 
 764      6F6E6E53 
 764      74617465 
 764      00
 765              	.LASF53:
 766 0539 63795F62 		.ascii	"cy_ble_pendingFlashWrite\000"
 766      6C655F70 
 766      656E6469 
 766      6E67466C 
 766      61736857 
 767              	.LASF39:
 768 0552 63795F65 		.ascii	"cy_en_ble_conn_state_t\000"
 768      6E5F626C 
 768      655F636F 
 768      6E6E5F73 
 768      74617465 
ARM GAS  C:\Users\gjl\AppData\Local\Temp\ccL8RgCd.s 			page 18


 769              		.ident	"GCC: (GNU Tools for ARM Embedded Processors) 5.4.1 20160609 (release) [ARM/embedded-5-bran
