ARM GAS  C:\Users\gjl\AppData\Local\Temp\ccQw3KcW.s 			page 1


   1              		.syntax unified
   2              		.cpu cortex-m0plus
   3              		.fpu softvfp
   4              		.eabi_attribute 20, 1
   5              		.eabi_attribute 21, 1
   6              		.eabi_attribute 23, 3
   7              		.eabi_attribute 24, 1
   8              		.eabi_attribute 25, 1
   9              		.eabi_attribute 26, 1
  10              		.eabi_attribute 30, 1
  11              		.eabi_attribute 34, 0
  12              		.eabi_attribute 18, 4
  13              		.thumb
  14              		.syntax unified
  15              		.file	"main_cm0p.c"
  16              		.text
  17              	.Ltext0:
  18              		.cfi_sections	.debug_frame
  19              		.section	.text.main,"ax",%progbits
  20              		.align	2
  21              		.global	main
  22              		.code	16
  23              		.thumb_func
  24              		.type	main, %function
  25              	main:
  26              	.LFB377:
  27              		.file 1 "main_cm0p.c"
   1:main_cm0p.c   **** /* ========================================
   2:main_cm0p.c   ****  *
   3:main_cm0p.c   ****  * Copyright YOUR COMPANY, THE YEAR
   4:main_cm0p.c   ****  * All Rights Reserved
   5:main_cm0p.c   ****  * UNPUBLISHED, LICENSED SOFTWARE.
   6:main_cm0p.c   ****  *
   7:main_cm0p.c   ****  * CONFIDENTIAL AND PROPRIETARY INFORMATION
   8:main_cm0p.c   ****  * WHICH IS THE PROPERTY OF your company.
   9:main_cm0p.c   ****  *
  10:main_cm0p.c   ****  * ========================================
  11:main_cm0p.c   **** */
  12:main_cm0p.c   **** #include "project.h"
  13:main_cm0p.c   **** 
  14:main_cm0p.c   **** int main(void)
  15:main_cm0p.c   **** {
  28              		.loc 1 15 0
  29              		.cfi_startproc
  30              		@ Volatile: function does not return.
  31              		@ args = 0, pretend = 0, frame = 0
  32              		@ frame_needed = 0, uses_anonymous_args = 0
  33 0000 10B5     		push	{r4, lr}
  34              		.cfi_def_cfa_offset 8
  35              		.cfi_offset 4, -8
  36              		.cfi_offset 14, -4
  37              	.LBB4:
  38              	.LBB5:
  39              		.file 2 "Generated_Source\\PSoC6\\pdl\\cmsis/include/cmsis_gcc.h"
   1:Generated_Source\PSoC6\pdl\cmsis/include/cmsis_gcc.h **** /**************************************************************************//**
   2:Generated_Source\PSoC6\pdl\cmsis/include/cmsis_gcc.h ****  * @file     cmsis_gcc.h
   3:Generated_Source\PSoC6\pdl\cmsis/include/cmsis_gcc.h ****  * @brief    CMSIS compiler GCC header file
ARM GAS  C:\Users\gjl\AppData\Local\Temp\ccQw3KcW.s 			page 2


   4:Generated_Source\PSoC6\pdl\cmsis/include/cmsis_gcc.h ****  * @version  V5.0.1
   5:Generated_Source\PSoC6\pdl\cmsis/include/cmsis_gcc.h ****  * @date     02. February 2017
   6:Generated_Source\PSoC6\pdl\cmsis/include/cmsis_gcc.h ****  ******************************************************************************/
   7:Generated_Source\PSoC6\pdl\cmsis/include/cmsis_gcc.h **** /*
   8:Generated_Source\PSoC6\pdl\cmsis/include/cmsis_gcc.h ****  * Copyright (c) 2009-2017 ARM Limited. All rights reserved.
   9:Generated_Source\PSoC6\pdl\cmsis/include/cmsis_gcc.h ****  *
  10:Generated_Source\PSoC6\pdl\cmsis/include/cmsis_gcc.h ****  * SPDX-License-Identifier: Apache-2.0
  11:Generated_Source\PSoC6\pdl\cmsis/include/cmsis_gcc.h ****  *
  12:Generated_Source\PSoC6\pdl\cmsis/include/cmsis_gcc.h ****  * Licensed under the Apache License, Version 2.0 (the License); you may
  13:Generated_Source\PSoC6\pdl\cmsis/include/cmsis_gcc.h ****  * not use this file except in compliance with the License.
  14:Generated_Source\PSoC6\pdl\cmsis/include/cmsis_gcc.h ****  * You may obtain a copy of the License at
  15:Generated_Source\PSoC6\pdl\cmsis/include/cmsis_gcc.h ****  *
  16:Generated_Source\PSoC6\pdl\cmsis/include/cmsis_gcc.h ****  * www.apache.org/licenses/LICENSE-2.0
  17:Generated_Source\PSoC6\pdl\cmsis/include/cmsis_gcc.h ****  *
  18:Generated_Source\PSoC6\pdl\cmsis/include/cmsis_gcc.h ****  * Unless required by applicable law or agreed to in writing, software
  19:Generated_Source\PSoC6\pdl\cmsis/include/cmsis_gcc.h ****  * distributed under the License is distributed on an AS IS BASIS, WITHOUT
  20:Generated_Source\PSoC6\pdl\cmsis/include/cmsis_gcc.h ****  * WARRANTIES OR CONDITIONS OF ANY KIND, either express or implied.
  21:Generated_Source\PSoC6\pdl\cmsis/include/cmsis_gcc.h ****  * See the License for the specific language governing permissions and
  22:Generated_Source\PSoC6\pdl\cmsis/include/cmsis_gcc.h ****  * limitations under the License.
  23:Generated_Source\PSoC6\pdl\cmsis/include/cmsis_gcc.h ****  */
  24:Generated_Source\PSoC6\pdl\cmsis/include/cmsis_gcc.h **** 
  25:Generated_Source\PSoC6\pdl\cmsis/include/cmsis_gcc.h **** #ifndef __CMSIS_GCC_H
  26:Generated_Source\PSoC6\pdl\cmsis/include/cmsis_gcc.h **** #define __CMSIS_GCC_H
  27:Generated_Source\PSoC6\pdl\cmsis/include/cmsis_gcc.h **** 
  28:Generated_Source\PSoC6\pdl\cmsis/include/cmsis_gcc.h **** /* ignore some GCC warnings */
  29:Generated_Source\PSoC6\pdl\cmsis/include/cmsis_gcc.h **** #pragma GCC diagnostic push
  30:Generated_Source\PSoC6\pdl\cmsis/include/cmsis_gcc.h **** #pragma GCC diagnostic ignored "-Wsign-conversion"
  31:Generated_Source\PSoC6\pdl\cmsis/include/cmsis_gcc.h **** #pragma GCC diagnostic ignored "-Wconversion"
  32:Generated_Source\PSoC6\pdl\cmsis/include/cmsis_gcc.h **** #pragma GCC diagnostic ignored "-Wunused-parameter"
  33:Generated_Source\PSoC6\pdl\cmsis/include/cmsis_gcc.h **** 
  34:Generated_Source\PSoC6\pdl\cmsis/include/cmsis_gcc.h **** /* CMSIS compiler specific defines */
  35:Generated_Source\PSoC6\pdl\cmsis/include/cmsis_gcc.h **** #ifndef   __ASM
  36:Generated_Source\PSoC6\pdl\cmsis/include/cmsis_gcc.h ****   #define __ASM                     __asm
  37:Generated_Source\PSoC6\pdl\cmsis/include/cmsis_gcc.h **** #endif
  38:Generated_Source\PSoC6\pdl\cmsis/include/cmsis_gcc.h **** #ifndef   __INLINE
  39:Generated_Source\PSoC6\pdl\cmsis/include/cmsis_gcc.h ****   #define __INLINE                  inline
  40:Generated_Source\PSoC6\pdl\cmsis/include/cmsis_gcc.h **** #endif
  41:Generated_Source\PSoC6\pdl\cmsis/include/cmsis_gcc.h **** #ifndef   __STATIC_INLINE
  42:Generated_Source\PSoC6\pdl\cmsis/include/cmsis_gcc.h ****   #define __STATIC_INLINE           static inline
  43:Generated_Source\PSoC6\pdl\cmsis/include/cmsis_gcc.h **** #endif
  44:Generated_Source\PSoC6\pdl\cmsis/include/cmsis_gcc.h **** #ifndef   __NO_RETURN
  45:Generated_Source\PSoC6\pdl\cmsis/include/cmsis_gcc.h ****   #define __NO_RETURN               __attribute__((noreturn))
  46:Generated_Source\PSoC6\pdl\cmsis/include/cmsis_gcc.h **** #endif
  47:Generated_Source\PSoC6\pdl\cmsis/include/cmsis_gcc.h **** #ifndef   __USED
  48:Generated_Source\PSoC6\pdl\cmsis/include/cmsis_gcc.h ****   #define __USED                    __attribute__((used))
  49:Generated_Source\PSoC6\pdl\cmsis/include/cmsis_gcc.h **** #endif
  50:Generated_Source\PSoC6\pdl\cmsis/include/cmsis_gcc.h **** #ifndef   __WEAK
  51:Generated_Source\PSoC6\pdl\cmsis/include/cmsis_gcc.h ****   #define __WEAK                    __attribute__((weak))
  52:Generated_Source\PSoC6\pdl\cmsis/include/cmsis_gcc.h **** #endif
  53:Generated_Source\PSoC6\pdl\cmsis/include/cmsis_gcc.h **** #ifndef   __UNALIGNED_UINT32
  54:Generated_Source\PSoC6\pdl\cmsis/include/cmsis_gcc.h **** #pragma GCC diagnostic push
  55:Generated_Source\PSoC6\pdl\cmsis/include/cmsis_gcc.h **** #pragma GCC diagnostic ignored "-Wpacked"
  56:Generated_Source\PSoC6\pdl\cmsis/include/cmsis_gcc.h **** #pragma GCC diagnostic ignored "-Wattributes"
  57:Generated_Source\PSoC6\pdl\cmsis/include/cmsis_gcc.h ****   struct __attribute__((packed)) T_UINT32 { uint32_t v; };
  58:Generated_Source\PSoC6\pdl\cmsis/include/cmsis_gcc.h **** #pragma GCC diagnostic pop
  59:Generated_Source\PSoC6\pdl\cmsis/include/cmsis_gcc.h ****   #define __UNALIGNED_UINT32(x)     (((struct T_UINT32 *)(x))->v)
  60:Generated_Source\PSoC6\pdl\cmsis/include/cmsis_gcc.h **** #endif
ARM GAS  C:\Users\gjl\AppData\Local\Temp\ccQw3KcW.s 			page 3


  61:Generated_Source\PSoC6\pdl\cmsis/include/cmsis_gcc.h **** #ifndef   __ALIGNED
  62:Generated_Source\PSoC6\pdl\cmsis/include/cmsis_gcc.h ****   #define __ALIGNED(x)              __attribute__((aligned(x)))
  63:Generated_Source\PSoC6\pdl\cmsis/include/cmsis_gcc.h **** #endif
  64:Generated_Source\PSoC6\pdl\cmsis/include/cmsis_gcc.h **** #ifndef   __PACKED
  65:Generated_Source\PSoC6\pdl\cmsis/include/cmsis_gcc.h ****   #define __PACKED                  __attribute__((packed, aligned(1)))
  66:Generated_Source\PSoC6\pdl\cmsis/include/cmsis_gcc.h **** #endif
  67:Generated_Source\PSoC6\pdl\cmsis/include/cmsis_gcc.h **** #ifndef   __PACKED_STRUCT
  68:Generated_Source\PSoC6\pdl\cmsis/include/cmsis_gcc.h ****   #define __PACKED_STRUCT           struct __attribute__((packed, aligned(1)))
  69:Generated_Source\PSoC6\pdl\cmsis/include/cmsis_gcc.h **** #endif
  70:Generated_Source\PSoC6\pdl\cmsis/include/cmsis_gcc.h **** 
  71:Generated_Source\PSoC6\pdl\cmsis/include/cmsis_gcc.h **** 
  72:Generated_Source\PSoC6\pdl\cmsis/include/cmsis_gcc.h **** /* ###########################  Core Function Access  ########################### */
  73:Generated_Source\PSoC6\pdl\cmsis/include/cmsis_gcc.h **** /** \ingroup  CMSIS_Core_FunctionInterface
  74:Generated_Source\PSoC6\pdl\cmsis/include/cmsis_gcc.h ****     \defgroup CMSIS_Core_RegAccFunctions CMSIS Core Register Access Functions
  75:Generated_Source\PSoC6\pdl\cmsis/include/cmsis_gcc.h ****   @{
  76:Generated_Source\PSoC6\pdl\cmsis/include/cmsis_gcc.h ****  */
  77:Generated_Source\PSoC6\pdl\cmsis/include/cmsis_gcc.h **** 
  78:Generated_Source\PSoC6\pdl\cmsis/include/cmsis_gcc.h **** /**
  79:Generated_Source\PSoC6\pdl\cmsis/include/cmsis_gcc.h ****   \brief   Enable IRQ Interrupts
  80:Generated_Source\PSoC6\pdl\cmsis/include/cmsis_gcc.h ****   \details Enables IRQ interrupts by clearing the I-bit in the CPSR.
  81:Generated_Source\PSoC6\pdl\cmsis/include/cmsis_gcc.h ****            Can only be executed in Privileged modes.
  82:Generated_Source\PSoC6\pdl\cmsis/include/cmsis_gcc.h ****  */
  83:Generated_Source\PSoC6\pdl\cmsis/include/cmsis_gcc.h **** __attribute__((always_inline)) __STATIC_INLINE void __enable_irq(void)
  84:Generated_Source\PSoC6\pdl\cmsis/include/cmsis_gcc.h **** {
  85:Generated_Source\PSoC6\pdl\cmsis/include/cmsis_gcc.h ****   __ASM volatile ("cpsie i" : : : "memory");
  40              		.loc 2 85 0
  41              		.syntax divided
  42              	@ 85 "Generated_Source\PSoC6\pdl\cmsis/include/cmsis_gcc.h" 1
  43 0002 62B6     		cpsie i
  44              	@ 0 "" 2
  45              		.thumb
  46              		.syntax unified
  47              	.LBE5:
  48              	.LBE4:
  16:main_cm0p.c   ****     __enable_irq(); /* Enable global interrupts. */
  17:main_cm0p.c   ****     /* Enable CM4.  CY_CORTEX_M4_APPL_ADDR must be updated if CM4 memory layout is changed. */
  18:main_cm0p.c   ****     Cy_SysEnableCM4(CY_CORTEX_M4_APPL_ADDR); 
  49              		.loc 1 18 0
  50 0004 0148     		ldr	r0, .L3
  51 0006 FFF7FEFF 		bl	Cy_SysEnableCM4
  52              	.LVL0:
  53              	.L2:
  54 000a FEE7     		b	.L2
  55              	.L4:
  56              		.align	2
  57              	.L3:
  58 000c 00000810 		.word	268959744
  59              		.cfi_endproc
  60              	.LFE377:
  61              		.size	main, .-main
  62              		.text
  63              	.Letext0:
  64              		.file 3 "c:\\program files (x86)\\cypress\\psoc creator\\4.2\\psoc creator\\import\\gnu\\arm\\5.4.
  65              		.file 4 "c:\\program files (x86)\\cypress\\psoc creator\\4.2\\psoc creator\\import\\gnu\\arm\\5.4.
  66              		.file 5 "Generated_Source\\PSoC6\\pdl\\drivers/peripheral/scb/cy_scb_uart.h"
  67              		.file 6 "Generated_Source\\PSoC6/UART.h"
  68              		.file 7 "./system_psoc63.h"
ARM GAS  C:\Users\gjl\AppData\Local\Temp\ccQw3KcW.s 			page 4


  69              		.section	.debug_info,"",%progbits
  70              	.Ldebug_info0:
  71 0000 F7010000 		.4byte	0x1f7
  72 0004 0400     		.2byte	0x4
  73 0006 00000000 		.4byte	.Ldebug_abbrev0
  74 000a 04       		.byte	0x4
  75 000b 01       		.uleb128 0x1
  76 000c 08020000 		.4byte	.LASF33
  77 0010 0C       		.byte	0xc
  78 0011 11010000 		.4byte	.LASF34
  79 0015 90000000 		.4byte	.LASF35
  80 0019 00000000 		.4byte	.Ldebug_ranges0+0
  81 001d 00000000 		.4byte	0
  82 0021 00000000 		.4byte	.Ldebug_line0
  83 0025 02       		.uleb128 0x2
  84 0026 02       		.byte	0x2
  85 0027 05       		.byte	0x5
  86 0028 CF010000 		.4byte	.LASF0
  87 002c 02       		.uleb128 0x2
  88 002d 01       		.byte	0x1
  89 002e 08       		.byte	0x8
  90 002f DE000000 		.4byte	.LASF1
  91 0033 02       		.uleb128 0x2
  92 0034 01       		.byte	0x1
  93 0035 06       		.byte	0x6
  94 0036 9A020000 		.4byte	.LASF2
  95 003a 02       		.uleb128 0x2
  96 003b 02       		.byte	0x2
  97 003c 07       		.byte	0x7
  98 003d FE000000 		.4byte	.LASF3
  99 0041 02       		.uleb128 0x2
 100 0042 04       		.byte	0x4
 101 0043 05       		.byte	0x5
 102 0044 F3010000 		.4byte	.LASF4
 103 0048 03       		.uleb128 0x3
 104 0049 1D010000 		.4byte	.LASF9
 105 004d 03       		.byte	0x3
 106 004e 41       		.byte	0x41
 107 004f 53000000 		.4byte	0x53
 108 0053 02       		.uleb128 0x2
 109 0054 04       		.byte	0x4
 110 0055 07       		.byte	0x7
 111 0056 EC000000 		.4byte	.LASF5
 112 005a 02       		.uleb128 0x2
 113 005b 08       		.byte	0x8
 114 005c 05       		.byte	0x5
 115 005d A9010000 		.4byte	.LASF6
 116 0061 02       		.uleb128 0x2
 117 0062 08       		.byte	0x8
 118 0063 07       		.byte	0x7
 119 0064 6A010000 		.4byte	.LASF7
 120 0068 04       		.uleb128 0x4
 121 0069 04       		.byte	0x4
 122 006a 05       		.byte	0x5
 123 006b 696E7400 		.ascii	"int\000"
 124 006f 02       		.uleb128 0x2
 125 0070 04       		.byte	0x4
ARM GAS  C:\Users\gjl\AppData\Local\Temp\ccQw3KcW.s 			page 5


 126 0071 07       		.byte	0x7
 127 0072 5D010000 		.4byte	.LASF8
 128 0076 03       		.uleb128 0x3
 129 0077 EA010000 		.4byte	.LASF10
 130 007b 04       		.byte	0x4
 131 007c 30       		.byte	0x30
 132 007d 48000000 		.4byte	0x48
 133 0081 02       		.uleb128 0x2
 134 0082 04       		.byte	0x4
 135 0083 07       		.byte	0x7
 136 0084 97010000 		.4byte	.LASF11
 137 0088 05       		.uleb128 0x5
 138 0089 76000000 		.4byte	0x76
 139 008d 02       		.uleb128 0x2
 140 008e 08       		.byte	0x8
 141 008f 04       		.byte	0x4
 142 0090 FC010000 		.4byte	.LASF12
 143 0094 02       		.uleb128 0x2
 144 0095 01       		.byte	0x1
 145 0096 08       		.byte	0x8
 146 0097 B7010000 		.4byte	.LASF13
 147 009b 02       		.uleb128 0x2
 148 009c 04       		.byte	0x4
 149 009d 04       		.byte	0x4
 150 009e 8A000000 		.4byte	.LASF14
 151 00a2 02       		.uleb128 0x2
 152 00a3 08       		.byte	0x8
 153 00a4 04       		.byte	0x4
 154 00a5 31010000 		.4byte	.LASF15
 155 00a9 06       		.uleb128 0x6
 156 00aa 04       		.byte	0x4
 157 00ab 02       		.uleb128 0x2
 158 00ac 01       		.byte	0x1
 159 00ad 02       		.byte	0x2
 160 00ae A6020000 		.4byte	.LASF16
 161 00b2 07       		.uleb128 0x7
 162 00b3 04       		.byte	0x4
 163 00b4 B8000000 		.4byte	0xb8
 164 00b8 08       		.uleb128 0x8
 165 00b9 C3000000 		.4byte	0xc3
 166 00bd 09       		.uleb128 0x9
 167 00be 76000000 		.4byte	0x76
 168 00c2 00       		.byte	0
 169 00c3 0A       		.uleb128 0xa
 170 00c4 6B000000 		.4byte	.LASF17
 171 00c8 05       		.byte	0x5
 172 00c9 AB01     		.2byte	0x1ab
 173 00cb B2000000 		.4byte	0xb2
 174 00cf 0B       		.uleb128 0xb
 175 00d0 2E000000 		.4byte	.LASF36
 176 00d4 38       		.byte	0x38
 177 00d5 05       		.byte	0x5
 178 00d6 4702     		.2byte	0x247
 179 00d8 93010000 		.4byte	0x193
 180 00dc 0C       		.uleb128 0xc
 181 00dd 46000000 		.4byte	.LASF18
 182 00e1 05       		.byte	0x5
ARM GAS  C:\Users\gjl\AppData\Local\Temp\ccQw3KcW.s 			page 6


 183 00e2 4A02     		.2byte	0x24a
 184 00e4 88000000 		.4byte	0x88
 185 00e8 00       		.byte	0
 186 00e9 0C       		.uleb128 0xc
 187 00ea 28010000 		.4byte	.LASF19
 188 00ee 05       		.byte	0x5
 189 00ef 4B02     		.2byte	0x24b
 190 00f1 88000000 		.4byte	0x88
 191 00f5 04       		.byte	0x4
 192 00f6 0C       		.uleb128 0xc
 193 00f7 C5010000 		.4byte	.LASF20
 194 00fb 05       		.byte	0x5
 195 00fc 4D02     		.2byte	0x24d
 196 00fe A9000000 		.4byte	0xa9
 197 0102 08       		.byte	0x8
 198 0103 0C       		.uleb128 0xc
 199 0104 4F000000 		.4byte	.LASF21
 200 0108 05       		.byte	0x5
 201 0109 4E02     		.2byte	0x24e
 202 010b 76000000 		.4byte	0x76
 203 010f 0C       		.byte	0xc
 204 0110 0C       		.uleb128 0xc
 205 0111 5D000000 		.4byte	.LASF22
 206 0115 05       		.byte	0x5
 207 0116 4F02     		.2byte	0x24f
 208 0118 88000000 		.4byte	0x88
 209 011c 10       		.byte	0x10
 210 011d 0C       		.uleb128 0xc
 211 011e 81010000 		.4byte	.LASF23
 212 0122 05       		.byte	0x5
 213 0123 5002     		.2byte	0x250
 214 0125 88000000 		.4byte	0x88
 215 0129 14       		.byte	0x14
 216 012a 0C       		.uleb128 0xc
 217 012b 38010000 		.4byte	.LASF24
 218 012f 05       		.byte	0x5
 219 0130 5202     		.2byte	0x252
 220 0132 A9000000 		.4byte	0xa9
 221 0136 18       		.byte	0x18
 222 0137 0C       		.uleb128 0xc
 223 0138 24000000 		.4byte	.LASF25
 224 013c 05       		.byte	0x5
 225 013d 5302     		.2byte	0x253
 226 013f 76000000 		.4byte	0x76
 227 0143 1C       		.byte	0x1c
 228 0144 0C       		.uleb128 0xc
 229 0145 A0010000 		.4byte	.LASF26
 230 0149 05       		.byte	0x5
 231 014a 5402     		.2byte	0x254
 232 014c 88000000 		.4byte	0x88
 233 0150 20       		.byte	0x20
 234 0151 0C       		.uleb128 0xc
 235 0152 AC020000 		.4byte	.LASF27
 236 0156 05       		.byte	0x5
 237 0157 5602     		.2byte	0x256
 238 0159 A9000000 		.4byte	0xa9
 239 015d 24       		.byte	0x24
ARM GAS  C:\Users\gjl\AppData\Local\Temp\ccQw3KcW.s 			page 7


 240 015e 0C       		.uleb128 0xc
 241 015f 1A000000 		.4byte	.LASF28
 242 0163 05       		.byte	0x5
 243 0164 5702     		.2byte	0x257
 244 0166 76000000 		.4byte	0x76
 245 016a 28       		.byte	0x28
 246 016b 0C       		.uleb128 0xc
 247 016c D9010000 		.4byte	.LASF29
 248 0170 05       		.byte	0x5
 249 0171 5802     		.2byte	0x258
 250 0173 88000000 		.4byte	0x88
 251 0177 2C       		.byte	0x2c
 252 0178 0C       		.uleb128 0xc
 253 0179 BC010000 		.4byte	.LASF30
 254 017d 05       		.byte	0x5
 255 017e 5D02     		.2byte	0x25d
 256 0180 C3000000 		.4byte	0xc3
 257 0184 30       		.byte	0x30
 258 0185 0C       		.uleb128 0xc
 259 0186 8F010000 		.4byte	.LASF31
 260 018a 05       		.byte	0x5
 261 018b 6002     		.2byte	0x260
 262 018d 76000000 		.4byte	0x76
 263 0191 34       		.byte	0x34
 264 0192 00       		.byte	0
 265 0193 0A       		.uleb128 0xa
 266 0194 00000000 		.4byte	.LASF32
 267 0198 05       		.byte	0x5
 268 0199 6302     		.2byte	0x263
 269 019b CF000000 		.4byte	0xcf
 270 019f 0D       		.uleb128 0xd
 271 01a0 43010000 		.4byte	.LASF37
 272 01a4 02       		.byte	0x2
 273 01a5 53       		.byte	0x53
 274 01a6 03       		.byte	0x3
 275 01a7 0E       		.uleb128 0xe
 276 01a8 3E010000 		.4byte	.LASF38
 277 01ac 01       		.byte	0x1
 278 01ad 0E       		.byte	0xe
 279 01ae 68000000 		.4byte	0x68
 280 01b2 00000000 		.4byte	.LFB377
 281 01b6 10000000 		.4byte	.LFE377-.LFB377
 282 01ba 01       		.uleb128 0x1
 283 01bb 9C       		.byte	0x9c
 284 01bc E3010000 		.4byte	0x1e3
 285 01c0 0F       		.uleb128 0xf
 286 01c1 9F010000 		.4byte	0x19f
 287 01c5 02000000 		.4byte	.LBB4
 288 01c9 02000000 		.4byte	.LBE4-.LBB4
 289 01cd 01       		.byte	0x1
 290 01ce 10       		.byte	0x10
 291 01cf 10       		.uleb128 0x10
 292 01d0 0A000000 		.4byte	.LVL0
 293 01d4 EE010000 		.4byte	0x1ee
 294 01d8 11       		.uleb128 0x11
 295 01d9 01       		.uleb128 0x1
 296 01da 50       		.byte	0x50
ARM GAS  C:\Users\gjl\AppData\Local\Temp\ccQw3KcW.s 			page 8


 297 01db 05       		.uleb128 0x5
 298 01dc 0C       		.byte	0xc
 299 01dd 00000810 		.4byte	0x10080000
 300 01e1 00       		.byte	0
 301 01e2 00       		.byte	0
 302 01e3 12       		.uleb128 0x12
 303 01e4 50010000 		.4byte	.LASF39
 304 01e8 06       		.byte	0x6
 305 01e9 87       		.byte	0x87
 306 01ea 93010000 		.4byte	0x193
 307 01ee 13       		.uleb128 0x13
 308 01ef B2020000 		.4byte	.LASF40
 309 01f3 B2020000 		.4byte	.LASF40
 310 01f7 07       		.byte	0x7
 311 01f8 FE01     		.2byte	0x1fe
 312 01fa 00       		.byte	0
 313              		.section	.debug_abbrev,"",%progbits
 314              	.Ldebug_abbrev0:
 315 0000 01       		.uleb128 0x1
 316 0001 11       		.uleb128 0x11
 317 0002 01       		.byte	0x1
 318 0003 25       		.uleb128 0x25
 319 0004 0E       		.uleb128 0xe
 320 0005 13       		.uleb128 0x13
 321 0006 0B       		.uleb128 0xb
 322 0007 03       		.uleb128 0x3
 323 0008 0E       		.uleb128 0xe
 324 0009 1B       		.uleb128 0x1b
 325 000a 0E       		.uleb128 0xe
 326 000b 55       		.uleb128 0x55
 327 000c 17       		.uleb128 0x17
 328 000d 11       		.uleb128 0x11
 329 000e 01       		.uleb128 0x1
 330 000f 10       		.uleb128 0x10
 331 0010 17       		.uleb128 0x17
 332 0011 00       		.byte	0
 333 0012 00       		.byte	0
 334 0013 02       		.uleb128 0x2
 335 0014 24       		.uleb128 0x24
 336 0015 00       		.byte	0
 337 0016 0B       		.uleb128 0xb
 338 0017 0B       		.uleb128 0xb
 339 0018 3E       		.uleb128 0x3e
 340 0019 0B       		.uleb128 0xb
 341 001a 03       		.uleb128 0x3
 342 001b 0E       		.uleb128 0xe
 343 001c 00       		.byte	0
 344 001d 00       		.byte	0
 345 001e 03       		.uleb128 0x3
 346 001f 16       		.uleb128 0x16
 347 0020 00       		.byte	0
 348 0021 03       		.uleb128 0x3
 349 0022 0E       		.uleb128 0xe
 350 0023 3A       		.uleb128 0x3a
 351 0024 0B       		.uleb128 0xb
 352 0025 3B       		.uleb128 0x3b
 353 0026 0B       		.uleb128 0xb
ARM GAS  C:\Users\gjl\AppData\Local\Temp\ccQw3KcW.s 			page 9


 354 0027 49       		.uleb128 0x49
 355 0028 13       		.uleb128 0x13
 356 0029 00       		.byte	0
 357 002a 00       		.byte	0
 358 002b 04       		.uleb128 0x4
 359 002c 24       		.uleb128 0x24
 360 002d 00       		.byte	0
 361 002e 0B       		.uleb128 0xb
 362 002f 0B       		.uleb128 0xb
 363 0030 3E       		.uleb128 0x3e
 364 0031 0B       		.uleb128 0xb
 365 0032 03       		.uleb128 0x3
 366 0033 08       		.uleb128 0x8
 367 0034 00       		.byte	0
 368 0035 00       		.byte	0
 369 0036 05       		.uleb128 0x5
 370 0037 35       		.uleb128 0x35
 371 0038 00       		.byte	0
 372 0039 49       		.uleb128 0x49
 373 003a 13       		.uleb128 0x13
 374 003b 00       		.byte	0
 375 003c 00       		.byte	0
 376 003d 06       		.uleb128 0x6
 377 003e 0F       		.uleb128 0xf
 378 003f 00       		.byte	0
 379 0040 0B       		.uleb128 0xb
 380 0041 0B       		.uleb128 0xb
 381 0042 00       		.byte	0
 382 0043 00       		.byte	0
 383 0044 07       		.uleb128 0x7
 384 0045 0F       		.uleb128 0xf
 385 0046 00       		.byte	0
 386 0047 0B       		.uleb128 0xb
 387 0048 0B       		.uleb128 0xb
 388 0049 49       		.uleb128 0x49
 389 004a 13       		.uleb128 0x13
 390 004b 00       		.byte	0
 391 004c 00       		.byte	0
 392 004d 08       		.uleb128 0x8
 393 004e 15       		.uleb128 0x15
 394 004f 01       		.byte	0x1
 395 0050 27       		.uleb128 0x27
 396 0051 19       		.uleb128 0x19
 397 0052 01       		.uleb128 0x1
 398 0053 13       		.uleb128 0x13
 399 0054 00       		.byte	0
 400 0055 00       		.byte	0
 401 0056 09       		.uleb128 0x9
 402 0057 05       		.uleb128 0x5
 403 0058 00       		.byte	0
 404 0059 49       		.uleb128 0x49
 405 005a 13       		.uleb128 0x13
 406 005b 00       		.byte	0
 407 005c 00       		.byte	0
 408 005d 0A       		.uleb128 0xa
 409 005e 16       		.uleb128 0x16
 410 005f 00       		.byte	0
ARM GAS  C:\Users\gjl\AppData\Local\Temp\ccQw3KcW.s 			page 10


 411 0060 03       		.uleb128 0x3
 412 0061 0E       		.uleb128 0xe
 413 0062 3A       		.uleb128 0x3a
 414 0063 0B       		.uleb128 0xb
 415 0064 3B       		.uleb128 0x3b
 416 0065 05       		.uleb128 0x5
 417 0066 49       		.uleb128 0x49
 418 0067 13       		.uleb128 0x13
 419 0068 00       		.byte	0
 420 0069 00       		.byte	0
 421 006a 0B       		.uleb128 0xb
 422 006b 13       		.uleb128 0x13
 423 006c 01       		.byte	0x1
 424 006d 03       		.uleb128 0x3
 425 006e 0E       		.uleb128 0xe
 426 006f 0B       		.uleb128 0xb
 427 0070 0B       		.uleb128 0xb
 428 0071 3A       		.uleb128 0x3a
 429 0072 0B       		.uleb128 0xb
 430 0073 3B       		.uleb128 0x3b
 431 0074 05       		.uleb128 0x5
 432 0075 01       		.uleb128 0x1
 433 0076 13       		.uleb128 0x13
 434 0077 00       		.byte	0
 435 0078 00       		.byte	0
 436 0079 0C       		.uleb128 0xc
 437 007a 0D       		.uleb128 0xd
 438 007b 00       		.byte	0
 439 007c 03       		.uleb128 0x3
 440 007d 0E       		.uleb128 0xe
 441 007e 3A       		.uleb128 0x3a
 442 007f 0B       		.uleb128 0xb
 443 0080 3B       		.uleb128 0x3b
 444 0081 05       		.uleb128 0x5
 445 0082 49       		.uleb128 0x49
 446 0083 13       		.uleb128 0x13
 447 0084 38       		.uleb128 0x38
 448 0085 0B       		.uleb128 0xb
 449 0086 00       		.byte	0
 450 0087 00       		.byte	0
 451 0088 0D       		.uleb128 0xd
 452 0089 2E       		.uleb128 0x2e
 453 008a 00       		.byte	0
 454 008b 03       		.uleb128 0x3
 455 008c 0E       		.uleb128 0xe
 456 008d 3A       		.uleb128 0x3a
 457 008e 0B       		.uleb128 0xb
 458 008f 3B       		.uleb128 0x3b
 459 0090 0B       		.uleb128 0xb
 460 0091 27       		.uleb128 0x27
 461 0092 19       		.uleb128 0x19
 462 0093 20       		.uleb128 0x20
 463 0094 0B       		.uleb128 0xb
 464 0095 00       		.byte	0
 465 0096 00       		.byte	0
 466 0097 0E       		.uleb128 0xe
 467 0098 2E       		.uleb128 0x2e
ARM GAS  C:\Users\gjl\AppData\Local\Temp\ccQw3KcW.s 			page 11


 468 0099 01       		.byte	0x1
 469 009a 3F       		.uleb128 0x3f
 470 009b 19       		.uleb128 0x19
 471 009c 03       		.uleb128 0x3
 472 009d 0E       		.uleb128 0xe
 473 009e 3A       		.uleb128 0x3a
 474 009f 0B       		.uleb128 0xb
 475 00a0 3B       		.uleb128 0x3b
 476 00a1 0B       		.uleb128 0xb
 477 00a2 27       		.uleb128 0x27
 478 00a3 19       		.uleb128 0x19
 479 00a4 49       		.uleb128 0x49
 480 00a5 13       		.uleb128 0x13
 481 00a6 8701     		.uleb128 0x87
 482 00a8 19       		.uleb128 0x19
 483 00a9 11       		.uleb128 0x11
 484 00aa 01       		.uleb128 0x1
 485 00ab 12       		.uleb128 0x12
 486 00ac 06       		.uleb128 0x6
 487 00ad 40       		.uleb128 0x40
 488 00ae 18       		.uleb128 0x18
 489 00af 9742     		.uleb128 0x2117
 490 00b1 19       		.uleb128 0x19
 491 00b2 01       		.uleb128 0x1
 492 00b3 13       		.uleb128 0x13
 493 00b4 00       		.byte	0
 494 00b5 00       		.byte	0
 495 00b6 0F       		.uleb128 0xf
 496 00b7 1D       		.uleb128 0x1d
 497 00b8 00       		.byte	0
 498 00b9 31       		.uleb128 0x31
 499 00ba 13       		.uleb128 0x13
 500 00bb 11       		.uleb128 0x11
 501 00bc 01       		.uleb128 0x1
 502 00bd 12       		.uleb128 0x12
 503 00be 06       		.uleb128 0x6
 504 00bf 58       		.uleb128 0x58
 505 00c0 0B       		.uleb128 0xb
 506 00c1 59       		.uleb128 0x59
 507 00c2 0B       		.uleb128 0xb
 508 00c3 00       		.byte	0
 509 00c4 00       		.byte	0
 510 00c5 10       		.uleb128 0x10
 511 00c6 898201   		.uleb128 0x4109
 512 00c9 01       		.byte	0x1
 513 00ca 11       		.uleb128 0x11
 514 00cb 01       		.uleb128 0x1
 515 00cc 31       		.uleb128 0x31
 516 00cd 13       		.uleb128 0x13
 517 00ce 00       		.byte	0
 518 00cf 00       		.byte	0
 519 00d0 11       		.uleb128 0x11
 520 00d1 8A8201   		.uleb128 0x410a
 521 00d4 00       		.byte	0
 522 00d5 02       		.uleb128 0x2
 523 00d6 18       		.uleb128 0x18
 524 00d7 9142     		.uleb128 0x2111
ARM GAS  C:\Users\gjl\AppData\Local\Temp\ccQw3KcW.s 			page 12


 525 00d9 18       		.uleb128 0x18
 526 00da 00       		.byte	0
 527 00db 00       		.byte	0
 528 00dc 12       		.uleb128 0x12
 529 00dd 34       		.uleb128 0x34
 530 00de 00       		.byte	0
 531 00df 03       		.uleb128 0x3
 532 00e0 0E       		.uleb128 0xe
 533 00e1 3A       		.uleb128 0x3a
 534 00e2 0B       		.uleb128 0xb
 535 00e3 3B       		.uleb128 0x3b
 536 00e4 0B       		.uleb128 0xb
 537 00e5 49       		.uleb128 0x49
 538 00e6 13       		.uleb128 0x13
 539 00e7 3F       		.uleb128 0x3f
 540 00e8 19       		.uleb128 0x19
 541 00e9 3C       		.uleb128 0x3c
 542 00ea 19       		.uleb128 0x19
 543 00eb 00       		.byte	0
 544 00ec 00       		.byte	0
 545 00ed 13       		.uleb128 0x13
 546 00ee 2E       		.uleb128 0x2e
 547 00ef 00       		.byte	0
 548 00f0 3F       		.uleb128 0x3f
 549 00f1 19       		.uleb128 0x19
 550 00f2 3C       		.uleb128 0x3c
 551 00f3 19       		.uleb128 0x19
 552 00f4 6E       		.uleb128 0x6e
 553 00f5 0E       		.uleb128 0xe
 554 00f6 03       		.uleb128 0x3
 555 00f7 0E       		.uleb128 0xe
 556 00f8 3A       		.uleb128 0x3a
 557 00f9 0B       		.uleb128 0xb
 558 00fa 3B       		.uleb128 0x3b
 559 00fb 05       		.uleb128 0x5
 560 00fc 00       		.byte	0
 561 00fd 00       		.byte	0
 562 00fe 00       		.byte	0
 563              		.section	.debug_aranges,"",%progbits
 564 0000 1C000000 		.4byte	0x1c
 565 0004 0200     		.2byte	0x2
 566 0006 00000000 		.4byte	.Ldebug_info0
 567 000a 04       		.byte	0x4
 568 000b 00       		.byte	0
 569 000c 0000     		.2byte	0
 570 000e 0000     		.2byte	0
 571 0010 00000000 		.4byte	.LFB377
 572 0014 10000000 		.4byte	.LFE377-.LFB377
 573 0018 00000000 		.4byte	0
 574 001c 00000000 		.4byte	0
 575              		.section	.debug_ranges,"",%progbits
 576              	.Ldebug_ranges0:
 577 0000 00000000 		.4byte	.LFB377
 578 0004 10000000 		.4byte	.LFE377
 579 0008 00000000 		.4byte	0
 580 000c 00000000 		.4byte	0
 581              		.section	.debug_line,"",%progbits
ARM GAS  C:\Users\gjl\AppData\Local\Temp\ccQw3KcW.s 			page 13


 582              	.Ldebug_line0:
 583 0000 F1010000 		.section	.debug_str,"MS",%progbits,1
 583      0200D001 
 583      00000201 
 583      FB0E0D00 
 583      01010101 
 584              	.LASF32:
 585 0000 63795F73 		.ascii	"cy_stc_scb_uart_context_t\000"
 585      74635F73 
 585      63625F75 
 585      6172745F 
 585      636F6E74 
 586              	.LASF28:
 587 001a 74784275 		.ascii	"txBufSize\000"
 587      6653697A 
 587      6500
 588              	.LASF25:
 589 0024 72784275 		.ascii	"rxBufSize\000"
 589      6653697A 
 589      6500
 590              	.LASF36:
 591 002e 63795F73 		.ascii	"cy_stc_scb_uart_context\000"
 591      74635F73 
 591      63625F75 
 591      6172745F 
 591      636F6E74 
 592              	.LASF18:
 593 0046 74785374 		.ascii	"txStatus\000"
 593      61747573 
 593      00
 594              	.LASF21:
 595 004f 72785269 		.ascii	"rxRingBufSize\000"
 595      6E674275 
 595      6653697A 
 595      6500
 596              	.LASF22:
 597 005d 72785269 		.ascii	"rxRingBufHead\000"
 597      6E674275 
 597      66486561 
 597      6400
 598              	.LASF17:
 599 006b 63795F63 		.ascii	"cy_cb_scb_uart_handle_events_t\000"
 599      625F7363 
 599      625F7561 
 599      72745F68 
 599      616E646C 
 600              	.LASF14:
 601 008a 666C6F61 		.ascii	"float\000"
 601      7400
 602              	.LASF35:
 603 0090 433A5C47 		.ascii	"C:\\Git\\PSoC6-101-Videos\\Projects_ScreenCapture\\"
 603      69745C50 
 603      536F4336 
 603      2D313031 
 603      2D566964 
 604 00bf 50536F43 		.ascii	"PSoC 6_101\\2-1-BasicUART.cydsn\000"
 604      20365F31 
ARM GAS  C:\Users\gjl\AppData\Local\Temp\ccQw3KcW.s 			page 14


 604      30315C32 
 604      2D312D42 
 604      61736963 
 605              	.LASF1:
 606 00de 756E7369 		.ascii	"unsigned char\000"
 606      676E6564 
 606      20636861 
 606      7200
 607              	.LASF5:
 608 00ec 6C6F6E67 		.ascii	"long unsigned int\000"
 608      20756E73 
 608      69676E65 
 608      6420696E 
 608      7400
 609              	.LASF3:
 610 00fe 73686F72 		.ascii	"short unsigned int\000"
 610      7420756E 
 610      7369676E 
 610      65642069 
 610      6E7400
 611              	.LASF34:
 612 0111 6D61696E 		.ascii	"main_cm0p.c\000"
 612      5F636D30 
 612      702E6300 
 613              	.LASF9:
 614 011d 5F5F7569 		.ascii	"__uint32_t\000"
 614      6E743332 
 614      5F7400
 615              	.LASF19:
 616 0128 72785374 		.ascii	"rxStatus\000"
 616      61747573 
 616      00
 617              	.LASF15:
 618 0131 646F7562 		.ascii	"double\000"
 618      6C6500
 619              	.LASF24:
 620 0138 72784275 		.ascii	"rxBuf\000"
 620      6600
 621              	.LASF38:
 622 013e 6D61696E 		.ascii	"main\000"
 622      00
 623              	.LASF37:
 624 0143 5F5F656E 		.ascii	"__enable_irq\000"
 624      61626C65 
 624      5F697271 
 624      00
 625              	.LASF39:
 626 0150 55415254 		.ascii	"UART_context\000"
 626      5F636F6E 
 626      74657874 
 626      00
 627              	.LASF8:
 628 015d 756E7369 		.ascii	"unsigned int\000"
 628      676E6564 
 628      20696E74 
 628      00
 629              	.LASF7:
ARM GAS  C:\Users\gjl\AppData\Local\Temp\ccQw3KcW.s 			page 15


 630 016a 6C6F6E67 		.ascii	"long long unsigned int\000"
 630      206C6F6E 
 630      6720756E 
 630      7369676E 
 630      65642069 
 631              	.LASF23:
 632 0181 72785269 		.ascii	"rxRingBufTail\000"
 632      6E674275 
 632      66546169 
 632      6C00
 633              	.LASF31:
 634 018f 696E6974 		.ascii	"initKey\000"
 634      4B657900 
 635              	.LASF11:
 636 0197 73697A65 		.ascii	"sizetype\000"
 636      74797065 
 636      00
 637              	.LASF26:
 638 01a0 72784275 		.ascii	"rxBufIdx\000"
 638      66496478 
 638      00
 639              	.LASF6:
 640 01a9 6C6F6E67 		.ascii	"long long int\000"
 640      206C6F6E 
 640      6720696E 
 640      7400
 641              	.LASF13:
 642 01b7 63686172 		.ascii	"char\000"
 642      00
 643              	.LASF30:
 644 01bc 63624576 		.ascii	"cbEvents\000"
 644      656E7473 
 644      00
 645              	.LASF20:
 646 01c5 72785269 		.ascii	"rxRingBuf\000"
 646      6E674275 
 646      6600
 647              	.LASF0:
 648 01cf 73686F72 		.ascii	"short int\000"
 648      7420696E 
 648      7400
 649              	.LASF29:
 650 01d9 74784C65 		.ascii	"txLeftToTransmit\000"
 650      6674546F 
 650      5472616E 
 650      736D6974 
 650      00
 651              	.LASF10:
 652 01ea 75696E74 		.ascii	"uint32_t\000"
 652      33325F74 
 652      00
 653              	.LASF4:
 654 01f3 6C6F6E67 		.ascii	"long int\000"
 654      20696E74 
 654      00
 655              	.LASF12:
 656 01fc 6C6F6E67 		.ascii	"long double\000"
ARM GAS  C:\Users\gjl\AppData\Local\Temp\ccQw3KcW.s 			page 16


 656      20646F75 
 656      626C6500 
 657              	.LASF33:
 658 0208 474E5520 		.ascii	"GNU C11 5.4.1 20160609 (release) [ARM/embedded-5-br"
 658      43313120 
 658      352E342E 
 658      31203230 
 658      31363036 
 659 023b 616E6368 		.ascii	"anch revision 237715] -mcpu=cortex-m0plus -mthumb -"
 659      20726576 
 659      6973696F 
 659      6E203233 
 659      37373135 
 660 026e 67202D4F 		.ascii	"g -Og -ffunction-sections -ffat-lto-objects\000"
 660      67202D66 
 660      66756E63 
 660      74696F6E 
 660      2D736563 
 661              	.LASF2:
 662 029a 7369676E 		.ascii	"signed char\000"
 662      65642063 
 662      68617200 
 663              	.LASF16:
 664 02a6 5F426F6F 		.ascii	"_Bool\000"
 664      6C00
 665              	.LASF27:
 666 02ac 74784275 		.ascii	"txBuf\000"
 666      6600
 667              	.LASF40:
 668 02b2 43795F53 		.ascii	"Cy_SysEnableCM4\000"
 668      7973456E 
 668      61626C65 
 668      434D3400 
 669              		.ident	"GCC: (GNU Tools for ARM Embedded Processors) 5.4.1 20160609 (release) [ARM/embedded-5-bran
