ARM GAS  C:\Users\gjl\AppData\Local\Temp\ccSOhtYK.s 			page 1


   1              		.syntax unified
   2              		.cpu cortex-m0plus
   3              		.fpu softvfp
   4              		.eabi_attribute 20, 1
   5              		.eabi_attribute 21, 1
   6              		.eabi_attribute 23, 3
   7              		.eabi_attribute 24, 1
   8              		.eabi_attribute 25, 1
   9              		.eabi_attribute 26, 1
  10              		.eabi_attribute 30, 1
  11              		.eabi_attribute 34, 0
  12              		.eabi_attribute 18, 4
  13              		.thumb
  14              		.syntax unified
  15              		.file	"BLE_config.c"
  16              		.text
  17              	.Ltext0:
  18              		.cfi_sections	.debug_frame
  19              	.Letext0:
  20              		.section	.debug_info,"",%progbits
  21              	.Ldebug_info0:
  22 0000 7C000000 		.4byte	0x7c
  23 0004 0400     		.2byte	0x4
  24 0006 00000000 		.4byte	.Ldebug_abbrev0
  25 000a 04       		.byte	0x4
  26 000b 01       		.uleb128 0x1
  27 000c 12010000 		.4byte	.LASF13
  28 0010 0C       		.byte	0xc
  29 0011 B8000000 		.4byte	.LASF14
  30 0015 44000000 		.4byte	.LASF15
  31 0019 00000000 		.4byte	.Ldebug_line0
  32 001d 02       		.uleb128 0x2
  33 001e 02       		.byte	0x2
  34 001f 05       		.byte	0x5
  35 0020 08010000 		.4byte	.LASF0
  36 0024 02       		.uleb128 0x2
  37 0025 01       		.byte	0x1
  38 0026 08       		.byte	0x8
  39 0027 9C000000 		.4byte	.LASF1
  40 002b 02       		.uleb128 0x2
  41 002c 01       		.byte	0x1
  42 002d 06       		.byte	0x6
  43 002e F6000000 		.4byte	.LASF2
  44 0032 02       		.uleb128 0x2
  45 0033 02       		.byte	0x2
  46 0034 07       		.byte	0x7
  47 0035 E3000000 		.4byte	.LASF3
  48 0039 02       		.uleb128 0x2
  49 003a 04       		.byte	0x4
  50 003b 05       		.byte	0x5
  51 003c AF000000 		.4byte	.LASF4
  52 0040 02       		.uleb128 0x2
  53 0041 04       		.byte	0x4
  54 0042 07       		.byte	0x7
  55 0043 1B000000 		.4byte	.LASF5
  56 0047 02       		.uleb128 0x2
  57 0048 08       		.byte	0x8
ARM GAS  C:\Users\gjl\AppData\Local\Temp\ccSOhtYK.s 			page 2


  58 0049 05       		.byte	0x5
  59 004a 00000000 		.4byte	.LASF6
  60 004e 02       		.uleb128 0x2
  61 004f 08       		.byte	0x8
  62 0050 07       		.byte	0x7
  63 0051 2D000000 		.4byte	.LASF7
  64 0055 03       		.uleb128 0x3
  65 0056 04       		.byte	0x4
  66 0057 05       		.byte	0x5
  67 0058 696E7400 		.ascii	"int\000"
  68 005c 02       		.uleb128 0x2
  69 005d 04       		.byte	0x4
  70 005e 07       		.byte	0x7
  71 005f 0E000000 		.4byte	.LASF8
  72 0063 02       		.uleb128 0x2
  73 0064 04       		.byte	0x4
  74 0065 07       		.byte	0x7
  75 0066 A4010000 		.4byte	.LASF9
  76 006a 02       		.uleb128 0x2
  77 006b 01       		.byte	0x1
  78 006c 08       		.byte	0x8
  79 006d AA000000 		.4byte	.LASF10
  80 0071 02       		.uleb128 0x2
  81 0072 04       		.byte	0x4
  82 0073 04       		.byte	0x4
  83 0074 02010000 		.4byte	.LASF11
  84 0078 02       		.uleb128 0x2
  85 0079 08       		.byte	0x8
  86 007a 04       		.byte	0x4
  87 007b DC000000 		.4byte	.LASF12
  88 007f 00       		.byte	0
  89              		.section	.debug_abbrev,"",%progbits
  90              	.Ldebug_abbrev0:
  91 0000 01       		.uleb128 0x1
  92 0001 11       		.uleb128 0x11
  93 0002 01       		.byte	0x1
  94 0003 25       		.uleb128 0x25
  95 0004 0E       		.uleb128 0xe
  96 0005 13       		.uleb128 0x13
  97 0006 0B       		.uleb128 0xb
  98 0007 03       		.uleb128 0x3
  99 0008 0E       		.uleb128 0xe
 100 0009 1B       		.uleb128 0x1b
 101 000a 0E       		.uleb128 0xe
 102 000b 10       		.uleb128 0x10
 103 000c 17       		.uleb128 0x17
 104 000d 00       		.byte	0
 105 000e 00       		.byte	0
 106 000f 02       		.uleb128 0x2
 107 0010 24       		.uleb128 0x24
 108 0011 00       		.byte	0
 109 0012 0B       		.uleb128 0xb
 110 0013 0B       		.uleb128 0xb
 111 0014 3E       		.uleb128 0x3e
 112 0015 0B       		.uleb128 0xb
 113 0016 03       		.uleb128 0x3
 114 0017 0E       		.uleb128 0xe
ARM GAS  C:\Users\gjl\AppData\Local\Temp\ccSOhtYK.s 			page 3


 115 0018 00       		.byte	0
 116 0019 00       		.byte	0
 117 001a 03       		.uleb128 0x3
 118 001b 24       		.uleb128 0x24
 119 001c 00       		.byte	0
 120 001d 0B       		.uleb128 0xb
 121 001e 0B       		.uleb128 0xb
 122 001f 3E       		.uleb128 0x3e
 123 0020 0B       		.uleb128 0xb
 124 0021 03       		.uleb128 0x3
 125 0022 08       		.uleb128 0x8
 126 0023 00       		.byte	0
 127 0024 00       		.byte	0
 128 0025 00       		.byte	0
 129              		.section	.debug_aranges,"",%progbits
 130 0000 14000000 		.4byte	0x14
 131 0004 0200     		.2byte	0x2
 132 0006 00000000 		.4byte	.Ldebug_info0
 133 000a 04       		.byte	0x4
 134 000b 00       		.byte	0
 135 000c 0000     		.2byte	0
 136 000e 0000     		.2byte	0
 137 0010 00000000 		.4byte	0
 138 0014 00000000 		.4byte	0
 139              		.section	.debug_line,"",%progbits
 140              	.Ldebug_line0:
 141 0000 19000000 		.section	.debug_str,"MS",%progbits,1
 141      02001300 
 141      00000201 
 141      FB0E0D00 
 141      01010101 
 142              	.LASF6:
 143 0000 6C6F6E67 		.ascii	"long long int\000"
 143      206C6F6E 
 143      6720696E 
 143      7400
 144              	.LASF8:
 145 000e 756E7369 		.ascii	"unsigned int\000"
 145      676E6564 
 145      20696E74 
 145      00
 146              	.LASF5:
 147 001b 6C6F6E67 		.ascii	"long unsigned int\000"
 147      20756E73 
 147      69676E65 
 147      6420696E 
 147      7400
 148              	.LASF7:
 149 002d 6C6F6E67 		.ascii	"long long unsigned int\000"
 149      206C6F6E 
 149      6720756E 
 149      7369676E 
 149      65642069 
 150              	.LASF15:
 151 0044 433A5C47 		.ascii	"C:\\Git\\PSoC6-101-Videos\\Projects_ScreenCapture\\"
 151      69745C50 
 151      536F4336 
ARM GAS  C:\Users\gjl\AppData\Local\Temp\ccSOhtYK.s 			page 4


 151      2D313031 
 151      2D566964 
 152 0073 50536F43 		.ascii	"PSoC 6_101\\3-2-SimpleBLEPeripheral.cydsn\000"
 152      20365F31 
 152      30315C33 
 152      2D322D53 
 152      696D706C 
 153              	.LASF1:
 154 009c 756E7369 		.ascii	"unsigned char\000"
 154      676E6564 
 154      20636861 
 154      7200
 155              	.LASF10:
 156 00aa 63686172 		.ascii	"char\000"
 156      00
 157              	.LASF4:
 158 00af 6C6F6E67 		.ascii	"long int\000"
 158      20696E74 
 158      00
 159              	.LASF14:
 160 00b8 47656E65 		.ascii	"Generated_Source\\PSoC6\\BLE_config.c\000"
 160      72617465 
 160      645F536F 
 160      75726365 
 160      5C50536F 
 161              	.LASF12:
 162 00dc 646F7562 		.ascii	"double\000"
 162      6C6500
 163              	.LASF3:
 164 00e3 73686F72 		.ascii	"short unsigned int\000"
 164      7420756E 
 164      7369676E 
 164      65642069 
 164      6E7400
 165              	.LASF2:
 166 00f6 7369676E 		.ascii	"signed char\000"
 166      65642063 
 166      68617200 
 167              	.LASF11:
 168 0102 666C6F61 		.ascii	"float\000"
 168      7400
 169              	.LASF0:
 170 0108 73686F72 		.ascii	"short int\000"
 170      7420696E 
 170      7400
 171              	.LASF13:
 172 0112 474E5520 		.ascii	"GNU C11 5.4.1 20160609 (release) [ARM/embedded-5-br"
 172      43313120 
 172      352E342E 
 172      31203230 
 172      31363036 
 173 0145 616E6368 		.ascii	"anch revision 237715] -mcpu=cortex-m0plus -mthumb -"
 173      20726576 
 173      6973696F 
 173      6E203233 
 173      37373135 
 174 0178 67202D4F 		.ascii	"g -Og -ffunction-sections -ffat-lto-objects\000"
ARM GAS  C:\Users\gjl\AppData\Local\Temp\ccSOhtYK.s 			page 5


 174      67202D66 
 174      66756E63 
 174      74696F6E 
 174      2D736563 
 175              	.LASF9:
 176 01a4 73697A65 		.ascii	"sizetype\000"
 176      74797065 
 176      00
 177              		.ident	"GCC: (GNU Tools for ARM Embedded Processors) 5.4.1 20160609 (release) [ARM/embedded-5-bran
