ARM GAS  C:\Users\gjl\AppData\Local\Temp\ccV7Ihtd.s 			page 1


   1              		.syntax unified
   2              		.cpu cortex-m0plus
   3              		.fpu softvfp
   4              		.eabi_attribute 20, 1
   5              		.eabi_attribute 21, 1
   6              		.eabi_attribute 23, 3
   7              		.eabi_attribute 24, 1
   8              		.eabi_attribute 25, 1
   9              		.eabi_attribute 26, 1
  10              		.eabi_attribute 30, 1
  11              		.eabi_attribute 34, 0
  12              		.eabi_attribute 18, 4
  13              		.thumb
  14              		.syntax unified
  15              		.file	"main_cm0p.c"
  16              		.text
  17              	.Ltext0:
  18              		.cfi_sections	.debug_frame
  19              		.section	.text.main,"ax",%progbits
  20              		.align	2
  21              		.global	main
  22              		.code	16
  23              		.thumb_func
  24              		.type	main, %function
  25              	main:
  26              	.LFB430:
  27              		.file 1 "main_cm0p.c"
   1:main_cm0p.c   **** /* ========================================
   2:main_cm0p.c   ****  *
   3:main_cm0p.c   ****  * Copyright YOUR COMPANY, THE YEAR
   4:main_cm0p.c   ****  * All Rights Reserved
   5:main_cm0p.c   ****  * UNPUBLISHED, LICENSED SOFTWARE.
   6:main_cm0p.c   ****  *
   7:main_cm0p.c   ****  * CONFIDENTIAL AND PROPRIETARY INFORMATION
   8:main_cm0p.c   ****  * WHICH IS THE PROPERTY OF your company.
   9:main_cm0p.c   ****  *
  10:main_cm0p.c   ****  * ========================================
  11:main_cm0p.c   **** */
  12:main_cm0p.c   **** #include "project.h"
  13:main_cm0p.c   **** 
  14:main_cm0p.c   **** int main(void)
  15:main_cm0p.c   **** {
  28              		.loc 1 15 0
  29              		.cfi_startproc
  30              		@ Volatile: function does not return.
  31              		@ args = 0, pretend = 0, frame = 0
  32              		@ frame_needed = 0, uses_anonymous_args = 0
  33 0000 10B5     		push	{r4, lr}
  34              		.cfi_def_cfa_offset 8
  35              		.cfi_offset 4, -8
  36              		.cfi_offset 14, -4
  37              	.LBB4:
  38              	.LBB5:
  39              		.file 2 "Generated_Source\\PSoC6\\pdl\\cmsis/include/cmsis_gcc.h"
   1:Generated_Source\PSoC6\pdl\cmsis/include/cmsis_gcc.h **** /**************************************************************************//**
   2:Generated_Source\PSoC6\pdl\cmsis/include/cmsis_gcc.h ****  * @file     cmsis_gcc.h
   3:Generated_Source\PSoC6\pdl\cmsis/include/cmsis_gcc.h ****  * @brief    CMSIS compiler GCC header file
ARM GAS  C:\Users\gjl\AppData\Local\Temp\ccV7Ihtd.s 			page 2


   4:Generated_Source\PSoC6\pdl\cmsis/include/cmsis_gcc.h ****  * @version  V5.0.1
   5:Generated_Source\PSoC6\pdl\cmsis/include/cmsis_gcc.h ****  * @date     02. February 2017
   6:Generated_Source\PSoC6\pdl\cmsis/include/cmsis_gcc.h ****  ******************************************************************************/
   7:Generated_Source\PSoC6\pdl\cmsis/include/cmsis_gcc.h **** /*
   8:Generated_Source\PSoC6\pdl\cmsis/include/cmsis_gcc.h ****  * Copyright (c) 2009-2017 ARM Limited. All rights reserved.
   9:Generated_Source\PSoC6\pdl\cmsis/include/cmsis_gcc.h ****  *
  10:Generated_Source\PSoC6\pdl\cmsis/include/cmsis_gcc.h ****  * SPDX-License-Identifier: Apache-2.0
  11:Generated_Source\PSoC6\pdl\cmsis/include/cmsis_gcc.h ****  *
  12:Generated_Source\PSoC6\pdl\cmsis/include/cmsis_gcc.h ****  * Licensed under the Apache License, Version 2.0 (the License); you may
  13:Generated_Source\PSoC6\pdl\cmsis/include/cmsis_gcc.h ****  * not use this file except in compliance with the License.
  14:Generated_Source\PSoC6\pdl\cmsis/include/cmsis_gcc.h ****  * You may obtain a copy of the License at
  15:Generated_Source\PSoC6\pdl\cmsis/include/cmsis_gcc.h ****  *
  16:Generated_Source\PSoC6\pdl\cmsis/include/cmsis_gcc.h ****  * www.apache.org/licenses/LICENSE-2.0
  17:Generated_Source\PSoC6\pdl\cmsis/include/cmsis_gcc.h ****  *
  18:Generated_Source\PSoC6\pdl\cmsis/include/cmsis_gcc.h ****  * Unless required by applicable law or agreed to in writing, software
  19:Generated_Source\PSoC6\pdl\cmsis/include/cmsis_gcc.h ****  * distributed under the License is distributed on an AS IS BASIS, WITHOUT
  20:Generated_Source\PSoC6\pdl\cmsis/include/cmsis_gcc.h ****  * WARRANTIES OR CONDITIONS OF ANY KIND, either express or implied.
  21:Generated_Source\PSoC6\pdl\cmsis/include/cmsis_gcc.h ****  * See the License for the specific language governing permissions and
  22:Generated_Source\PSoC6\pdl\cmsis/include/cmsis_gcc.h ****  * limitations under the License.
  23:Generated_Source\PSoC6\pdl\cmsis/include/cmsis_gcc.h ****  */
  24:Generated_Source\PSoC6\pdl\cmsis/include/cmsis_gcc.h **** 
  25:Generated_Source\PSoC6\pdl\cmsis/include/cmsis_gcc.h **** #ifndef __CMSIS_GCC_H
  26:Generated_Source\PSoC6\pdl\cmsis/include/cmsis_gcc.h **** #define __CMSIS_GCC_H
  27:Generated_Source\PSoC6\pdl\cmsis/include/cmsis_gcc.h **** 
  28:Generated_Source\PSoC6\pdl\cmsis/include/cmsis_gcc.h **** /* ignore some GCC warnings */
  29:Generated_Source\PSoC6\pdl\cmsis/include/cmsis_gcc.h **** #pragma GCC diagnostic push
  30:Generated_Source\PSoC6\pdl\cmsis/include/cmsis_gcc.h **** #pragma GCC diagnostic ignored "-Wsign-conversion"
  31:Generated_Source\PSoC6\pdl\cmsis/include/cmsis_gcc.h **** #pragma GCC diagnostic ignored "-Wconversion"
  32:Generated_Source\PSoC6\pdl\cmsis/include/cmsis_gcc.h **** #pragma GCC diagnostic ignored "-Wunused-parameter"
  33:Generated_Source\PSoC6\pdl\cmsis/include/cmsis_gcc.h **** 
  34:Generated_Source\PSoC6\pdl\cmsis/include/cmsis_gcc.h **** /* CMSIS compiler specific defines */
  35:Generated_Source\PSoC6\pdl\cmsis/include/cmsis_gcc.h **** #ifndef   __ASM
  36:Generated_Source\PSoC6\pdl\cmsis/include/cmsis_gcc.h ****   #define __ASM                     __asm
  37:Generated_Source\PSoC6\pdl\cmsis/include/cmsis_gcc.h **** #endif
  38:Generated_Source\PSoC6\pdl\cmsis/include/cmsis_gcc.h **** #ifndef   __INLINE
  39:Generated_Source\PSoC6\pdl\cmsis/include/cmsis_gcc.h ****   #define __INLINE                  inline
  40:Generated_Source\PSoC6\pdl\cmsis/include/cmsis_gcc.h **** #endif
  41:Generated_Source\PSoC6\pdl\cmsis/include/cmsis_gcc.h **** #ifndef   __STATIC_INLINE
  42:Generated_Source\PSoC6\pdl\cmsis/include/cmsis_gcc.h ****   #define __STATIC_INLINE           static inline
  43:Generated_Source\PSoC6\pdl\cmsis/include/cmsis_gcc.h **** #endif
  44:Generated_Source\PSoC6\pdl\cmsis/include/cmsis_gcc.h **** #ifndef   __NO_RETURN
  45:Generated_Source\PSoC6\pdl\cmsis/include/cmsis_gcc.h ****   #define __NO_RETURN               __attribute__((noreturn))
  46:Generated_Source\PSoC6\pdl\cmsis/include/cmsis_gcc.h **** #endif
  47:Generated_Source\PSoC6\pdl\cmsis/include/cmsis_gcc.h **** #ifndef   __USED
  48:Generated_Source\PSoC6\pdl\cmsis/include/cmsis_gcc.h ****   #define __USED                    __attribute__((used))
  49:Generated_Source\PSoC6\pdl\cmsis/include/cmsis_gcc.h **** #endif
  50:Generated_Source\PSoC6\pdl\cmsis/include/cmsis_gcc.h **** #ifndef   __WEAK
  51:Generated_Source\PSoC6\pdl\cmsis/include/cmsis_gcc.h ****   #define __WEAK                    __attribute__((weak))
  52:Generated_Source\PSoC6\pdl\cmsis/include/cmsis_gcc.h **** #endif
  53:Generated_Source\PSoC6\pdl\cmsis/include/cmsis_gcc.h **** #ifndef   __UNALIGNED_UINT32
  54:Generated_Source\PSoC6\pdl\cmsis/include/cmsis_gcc.h **** #pragma GCC diagnostic push
  55:Generated_Source\PSoC6\pdl\cmsis/include/cmsis_gcc.h **** #pragma GCC diagnostic ignored "-Wpacked"
  56:Generated_Source\PSoC6\pdl\cmsis/include/cmsis_gcc.h **** #pragma GCC diagnostic ignored "-Wattributes"
  57:Generated_Source\PSoC6\pdl\cmsis/include/cmsis_gcc.h ****   struct __attribute__((packed)) T_UINT32 { uint32_t v; };
  58:Generated_Source\PSoC6\pdl\cmsis/include/cmsis_gcc.h **** #pragma GCC diagnostic pop
  59:Generated_Source\PSoC6\pdl\cmsis/include/cmsis_gcc.h ****   #define __UNALIGNED_UINT32(x)     (((struct T_UINT32 *)(x))->v)
  60:Generated_Source\PSoC6\pdl\cmsis/include/cmsis_gcc.h **** #endif
ARM GAS  C:\Users\gjl\AppData\Local\Temp\ccV7Ihtd.s 			page 3


  61:Generated_Source\PSoC6\pdl\cmsis/include/cmsis_gcc.h **** #ifndef   __ALIGNED
  62:Generated_Source\PSoC6\pdl\cmsis/include/cmsis_gcc.h ****   #define __ALIGNED(x)              __attribute__((aligned(x)))
  63:Generated_Source\PSoC6\pdl\cmsis/include/cmsis_gcc.h **** #endif
  64:Generated_Source\PSoC6\pdl\cmsis/include/cmsis_gcc.h **** #ifndef   __PACKED
  65:Generated_Source\PSoC6\pdl\cmsis/include/cmsis_gcc.h ****   #define __PACKED                  __attribute__((packed, aligned(1)))
  66:Generated_Source\PSoC6\pdl\cmsis/include/cmsis_gcc.h **** #endif
  67:Generated_Source\PSoC6\pdl\cmsis/include/cmsis_gcc.h **** #ifndef   __PACKED_STRUCT
  68:Generated_Source\PSoC6\pdl\cmsis/include/cmsis_gcc.h ****   #define __PACKED_STRUCT           struct __attribute__((packed, aligned(1)))
  69:Generated_Source\PSoC6\pdl\cmsis/include/cmsis_gcc.h **** #endif
  70:Generated_Source\PSoC6\pdl\cmsis/include/cmsis_gcc.h **** 
  71:Generated_Source\PSoC6\pdl\cmsis/include/cmsis_gcc.h **** 
  72:Generated_Source\PSoC6\pdl\cmsis/include/cmsis_gcc.h **** /* ###########################  Core Function Access  ########################### */
  73:Generated_Source\PSoC6\pdl\cmsis/include/cmsis_gcc.h **** /** \ingroup  CMSIS_Core_FunctionInterface
  74:Generated_Source\PSoC6\pdl\cmsis/include/cmsis_gcc.h ****     \defgroup CMSIS_Core_RegAccFunctions CMSIS Core Register Access Functions
  75:Generated_Source\PSoC6\pdl\cmsis/include/cmsis_gcc.h ****   @{
  76:Generated_Source\PSoC6\pdl\cmsis/include/cmsis_gcc.h ****  */
  77:Generated_Source\PSoC6\pdl\cmsis/include/cmsis_gcc.h **** 
  78:Generated_Source\PSoC6\pdl\cmsis/include/cmsis_gcc.h **** /**
  79:Generated_Source\PSoC6\pdl\cmsis/include/cmsis_gcc.h ****   \brief   Enable IRQ Interrupts
  80:Generated_Source\PSoC6\pdl\cmsis/include/cmsis_gcc.h ****   \details Enables IRQ interrupts by clearing the I-bit in the CPSR.
  81:Generated_Source\PSoC6\pdl\cmsis/include/cmsis_gcc.h ****            Can only be executed in Privileged modes.
  82:Generated_Source\PSoC6\pdl\cmsis/include/cmsis_gcc.h ****  */
  83:Generated_Source\PSoC6\pdl\cmsis/include/cmsis_gcc.h **** __attribute__((always_inline)) __STATIC_INLINE void __enable_irq(void)
  84:Generated_Source\PSoC6\pdl\cmsis/include/cmsis_gcc.h **** {
  85:Generated_Source\PSoC6\pdl\cmsis/include/cmsis_gcc.h ****   __ASM volatile ("cpsie i" : : : "memory");
  40              		.loc 2 85 0
  41              		.syntax divided
  42              	@ 85 "Generated_Source\PSoC6\pdl\cmsis/include/cmsis_gcc.h" 1
  43 0002 62B6     		cpsie i
  44              	@ 0 "" 2
  45              		.thumb
  46              		.syntax unified
  47              	.LBE5:
  48              	.LBE4:
  16:main_cm0p.c   ****     __enable_irq(); /* Enable global interrupts. */
  17:main_cm0p.c   ****     /* Enable CM4.  CY_CORTEX_M4_APPL_ADDR must be updated if CM4 memory layout is changed. */
  18:main_cm0p.c   ****     Cy_SysEnableCM4(CY_CORTEX_M4_APPL_ADDR); 
  49              		.loc 1 18 0
  50 0004 0148     		ldr	r0, .L3
  51 0006 FFF7FEFF 		bl	Cy_SysEnableCM4
  52              	.LVL0:
  53              	.L2:
  54 000a FEE7     		b	.L2
  55              	.L4:
  56              		.align	2
  57              	.L3:
  58 000c 00000810 		.word	268959744
  59              		.cfi_endproc
  60              	.LFE430:
  61              		.size	main, .-main
  62              		.text
  63              	.Letext0:
  64              		.file 3 "c:\\program files (x86)\\cypress\\psoc creator\\4.2\\psoc creator\\import\\gnu\\arm\\5.4.
  65              		.file 4 "c:\\program files (x86)\\cypress\\psoc creator\\4.2\\psoc creator\\import\\gnu\\arm\\5.4.
  66              		.file 5 "Generated_Source\\PSoC6\\pdl\\drivers/peripheral/tcpwm/cy_tcpwm_pwm.h"
  67              		.file 6 "Generated_Source\\PSoC6\\pdl\\drivers/peripheral/scb/cy_scb_ezi2c.h"
  68              		.file 7 "Generated_Source\\PSoC6/PWM.h"
ARM GAS  C:\Users\gjl\AppData\Local\Temp\ccV7Ihtd.s 			page 4


  69              		.file 8 "Generated_Source\\PSoC6/EZI2C.h"
  70              		.file 9 "./system_psoc63.h"
  71              		.section	.debug_info,"",%progbits
  72              	.Ldebug_info0:
  73 0000 DE030000 		.4byte	0x3de
  74 0004 0400     		.2byte	0x4
  75 0006 00000000 		.4byte	.Ldebug_abbrev0
  76 000a 04       		.byte	0x4
  77 000b 01       		.uleb128 0x1
  78 000c 94000000 		.4byte	.LASF77
  79 0010 0C       		.byte	0xc
  80 0011 27050000 		.4byte	.LASF78
  81 0015 31010000 		.4byte	.LASF79
  82 0019 00000000 		.4byte	.Ldebug_ranges0+0
  83 001d 00000000 		.4byte	0
  84 0021 00000000 		.4byte	.Ldebug_line0
  85 0025 02       		.uleb128 0x2
  86 0026 02       		.byte	0x2
  87 0027 05       		.byte	0x5
  88 0028 81000000 		.4byte	.LASF0
  89 002c 02       		.uleb128 0x2
  90 002d 01       		.byte	0x1
  91 002e 08       		.byte	0x8
  92 002f EF020000 		.4byte	.LASF1
  93 0033 02       		.uleb128 0x2
  94 0034 01       		.byte	0x1
  95 0035 06       		.byte	0x6
  96 0036 0E030000 		.4byte	.LASF2
  97 003a 03       		.uleb128 0x3
  98 003b 86020000 		.4byte	.LASF5
  99 003f 03       		.byte	0x3
 100 0040 1D       		.byte	0x1d
 101 0041 2C000000 		.4byte	0x2c
 102 0045 02       		.uleb128 0x2
 103 0046 02       		.byte	0x2
 104 0047 07       		.byte	0x7
 105 0048 75030000 		.4byte	.LASF3
 106 004c 02       		.uleb128 0x2
 107 004d 04       		.byte	0x4
 108 004e 05       		.byte	0x5
 109 004f 71020000 		.4byte	.LASF4
 110 0053 03       		.uleb128 0x3
 111 0054 9B010000 		.4byte	.LASF6
 112 0058 03       		.byte	0x3
 113 0059 41       		.byte	0x41
 114 005a 5E000000 		.4byte	0x5e
 115 005e 02       		.uleb128 0x2
 116 005f 04       		.byte	0x4
 117 0060 07       		.byte	0x7
 118 0061 47040000 		.4byte	.LASF7
 119 0065 02       		.uleb128 0x2
 120 0066 08       		.byte	0x8
 121 0067 05       		.byte	0x5
 122 0068 4D020000 		.4byte	.LASF8
 123 006c 02       		.uleb128 0x2
 124 006d 08       		.byte	0x8
 125 006e 07       		.byte	0x7
ARM GAS  C:\Users\gjl\AppData\Local\Temp\ccV7Ihtd.s 			page 5


 126 006f 1A030000 		.4byte	.LASF9
 127 0073 04       		.uleb128 0x4
 128 0074 04       		.byte	0x4
 129 0075 05       		.byte	0x5
 130 0076 696E7400 		.ascii	"int\000"
 131 007a 02       		.uleb128 0x2
 132 007b 04       		.byte	0x4
 133 007c 07       		.byte	0x7
 134 007d 3A030000 		.4byte	.LASF10
 135 0081 03       		.uleb128 0x3
 136 0082 EF010000 		.4byte	.LASF11
 137 0086 04       		.byte	0x4
 138 0087 18       		.byte	0x18
 139 0088 3A000000 		.4byte	0x3a
 140 008c 03       		.uleb128 0x3
 141 008d 31030000 		.4byte	.LASF12
 142 0091 04       		.byte	0x4
 143 0092 30       		.byte	0x30
 144 0093 53000000 		.4byte	0x53
 145 0097 02       		.uleb128 0x2
 146 0098 04       		.byte	0x4
 147 0099 07       		.byte	0x7
 148 009a 8B000000 		.4byte	.LASF13
 149 009e 05       		.uleb128 0x5
 150 009f 8C000000 		.4byte	0x8c
 151 00a3 02       		.uleb128 0x2
 152 00a4 08       		.byte	0x8
 153 00a5 04       		.byte	0x4
 154 00a6 D4020000 		.4byte	.LASF14
 155 00aa 02       		.uleb128 0x2
 156 00ab 01       		.byte	0x1
 157 00ac 08       		.byte	0x8
 158 00ad B9030000 		.4byte	.LASF15
 159 00b1 02       		.uleb128 0x2
 160 00b2 04       		.byte	0x4
 161 00b3 04       		.byte	0x4
 162 00b4 27020000 		.4byte	.LASF16
 163 00b8 02       		.uleb128 0x2
 164 00b9 08       		.byte	0x8
 165 00ba 04       		.byte	0x4
 166 00bb 59040000 		.4byte	.LASF17
 167 00bf 02       		.uleb128 0x2
 168 00c0 01       		.byte	0x1
 169 00c1 02       		.byte	0x2
 170 00c2 D6030000 		.4byte	.LASF18
 171 00c6 06       		.uleb128 0x6
 172 00c7 7E010000 		.4byte	.LASF56
 173 00cb 64       		.byte	0x64
 174 00cc 05       		.byte	0x5
 175 00cd 2B       		.byte	0x2b
 176 00ce FF010000 		.4byte	0x1ff
 177 00d2 07       		.uleb128 0x7
 178 00d3 1F050000 		.4byte	.LASF19
 179 00d7 05       		.byte	0x5
 180 00d8 2D       		.byte	0x2d
 181 00d9 8C000000 		.4byte	0x8c
 182 00dd 00       		.byte	0
ARM GAS  C:\Users\gjl\AppData\Local\Temp\ccV7Ihtd.s 			page 6


 183 00de 07       		.uleb128 0x7
 184 00df 15000000 		.4byte	.LASF20
 185 00e3 05       		.byte	0x5
 186 00e4 2F       		.byte	0x2f
 187 00e5 8C000000 		.4byte	0x8c
 188 00e9 04       		.byte	0x4
 189 00ea 07       		.uleb128 0x7
 190 00eb C2010000 		.4byte	.LASF21
 191 00ef 05       		.byte	0x5
 192 00f0 30       		.byte	0x30
 193 00f1 8C000000 		.4byte	0x8c
 194 00f5 08       		.byte	0x8
 195 00f6 07       		.uleb128 0x7
 196 00f7 C7030000 		.4byte	.LASF22
 197 00fb 05       		.byte	0x5
 198 00fc 31       		.byte	0x31
 199 00fd 8C000000 		.4byte	0x8c
 200 0101 0C       		.byte	0xc
 201 0102 07       		.uleb128 0x7
 202 0103 69020000 		.4byte	.LASF23
 203 0107 05       		.byte	0x5
 204 0108 32       		.byte	0x32
 205 0109 8C000000 		.4byte	0x8c
 206 010d 10       		.byte	0x10
 207 010e 07       		.uleb128 0x7
 208 010f 2D020000 		.4byte	.LASF24
 209 0113 05       		.byte	0x5
 210 0114 33       		.byte	0x33
 211 0115 8C000000 		.4byte	0x8c
 212 0119 14       		.byte	0x14
 213 011a 07       		.uleb128 0x7
 214 011b 35020000 		.4byte	.LASF25
 215 011f 05       		.byte	0x5
 216 0120 34       		.byte	0x34
 217 0121 8C000000 		.4byte	0x8c
 218 0125 18       		.byte	0x18
 219 0126 07       		.uleb128 0x7
 220 0127 FD020000 		.4byte	.LASF26
 221 012b 05       		.byte	0x5
 222 012c 35       		.byte	0x35
 223 012d BF000000 		.4byte	0xbf
 224 0131 1C       		.byte	0x1c
 225 0132 07       		.uleb128 0x7
 226 0133 33000000 		.4byte	.LASF27
 227 0137 05       		.byte	0x5
 228 0138 36       		.byte	0x36
 229 0139 8C000000 		.4byte	0x8c
 230 013d 20       		.byte	0x20
 231 013e 07       		.uleb128 0x7
 232 013f 3C000000 		.4byte	.LASF28
 233 0143 05       		.byte	0x5
 234 0144 37       		.byte	0x37
 235 0145 8C000000 		.4byte	0x8c
 236 0149 24       		.byte	0x24
 237 014a 07       		.uleb128 0x7
 238 014b CF010000 		.4byte	.LASF29
 239 014f 05       		.byte	0x5
ARM GAS  C:\Users\gjl\AppData\Local\Temp\ccV7Ihtd.s 			page 7


 240 0150 38       		.byte	0x38
 241 0151 BF000000 		.4byte	0xbf
 242 0155 28       		.byte	0x28
 243 0156 07       		.uleb128 0x7
 244 0157 01020000 		.4byte	.LASF30
 245 015b 05       		.byte	0x5
 246 015c 3A       		.byte	0x3a
 247 015d 8C000000 		.4byte	0x8c
 248 0161 2C       		.byte	0x2c
 249 0162 07       		.uleb128 0x7
 250 0163 CF040000 		.4byte	.LASF31
 251 0167 05       		.byte	0x5
 252 0168 3B       		.byte	0x3b
 253 0169 8C000000 		.4byte	0x8c
 254 016d 30       		.byte	0x30
 255 016e 07       		.uleb128 0x7
 256 016f 47030000 		.4byte	.LASF32
 257 0173 05       		.byte	0x5
 258 0174 3C       		.byte	0x3c
 259 0175 8C000000 		.4byte	0x8c
 260 0179 34       		.byte	0x34
 261 017a 07       		.uleb128 0x7
 262 017b 1E020000 		.4byte	.LASF33
 263 017f 05       		.byte	0x5
 264 0180 3D       		.byte	0x3d
 265 0181 8C000000 		.4byte	0x8c
 266 0185 38       		.byte	0x38
 267 0186 07       		.uleb128 0x7
 268 0187 79040000 		.4byte	.LASF34
 269 018b 05       		.byte	0x5
 270 018c 3E       		.byte	0x3e
 271 018d 8C000000 		.4byte	0x8c
 272 0191 3C       		.byte	0x3c
 273 0192 07       		.uleb128 0x7
 274 0193 C5040000 		.4byte	.LASF35
 275 0197 05       		.byte	0x5
 276 0198 40       		.byte	0x40
 277 0199 8C000000 		.4byte	0x8c
 278 019d 40       		.byte	0x40
 279 019e 07       		.uleb128 0x7
 280 019f 3D020000 		.4byte	.LASF36
 281 01a3 05       		.byte	0x5
 282 01a4 41       		.byte	0x41
 283 01a5 8C000000 		.4byte	0x8c
 284 01a9 44       		.byte	0x44
 285 01aa 07       		.uleb128 0x7
 286 01ab 09000000 		.4byte	.LASF37
 287 01af 05       		.byte	0x5
 288 01b0 43       		.byte	0x43
 289 01b1 8C000000 		.4byte	0x8c
 290 01b5 48       		.byte	0x48
 291 01b6 07       		.uleb128 0x7
 292 01b7 E0020000 		.4byte	.LASF38
 293 01bb 05       		.byte	0x5
 294 01bc 44       		.byte	0x44
 295 01bd 8C000000 		.4byte	0x8c
 296 01c1 4C       		.byte	0x4c
ARM GAS  C:\Users\gjl\AppData\Local\Temp\ccV7Ihtd.s 			page 8


 297 01c2 07       		.uleb128 0x7
 298 01c3 A8040000 		.4byte	.LASF39
 299 01c7 05       		.byte	0x5
 300 01c8 46       		.byte	0x46
 301 01c9 8C000000 		.4byte	0x8c
 302 01cd 50       		.byte	0x50
 303 01ce 07       		.uleb128 0x7
 304 01cf F4040000 		.4byte	.LASF40
 305 01d3 05       		.byte	0x5
 306 01d4 47       		.byte	0x47
 307 01d5 8C000000 		.4byte	0x8c
 308 01d9 54       		.byte	0x54
 309 01da 07       		.uleb128 0x7
 310 01db F7010000 		.4byte	.LASF41
 311 01df 05       		.byte	0x5
 312 01e0 49       		.byte	0x49
 313 01e1 8C000000 		.4byte	0x8c
 314 01e5 58       		.byte	0x58
 315 01e6 07       		.uleb128 0x7
 316 01e7 24000000 		.4byte	.LASF42
 317 01eb 05       		.byte	0x5
 318 01ec 4A       		.byte	0x4a
 319 01ed 8C000000 		.4byte	0x8c
 320 01f1 5C       		.byte	0x5c
 321 01f2 07       		.uleb128 0x7
 322 01f3 33050000 		.4byte	.LASF43
 323 01f7 05       		.byte	0x5
 324 01f8 4C       		.byte	0x4c
 325 01f9 8C000000 		.4byte	0x8c
 326 01fd 60       		.byte	0x60
 327 01fe 00       		.byte	0
 328 01ff 03       		.uleb128 0x3
 329 0200 45000000 		.4byte	.LASF44
 330 0204 05       		.byte	0x5
 331 0205 4D       		.byte	0x4d
 332 0206 C6000000 		.4byte	0xc6
 333 020a 08       		.uleb128 0x8
 334 020b 04       		.byte	0x4
 335 020c 81000000 		.4byte	0x81
 336 0210 09       		.uleb128 0x9
 337 0211 01       		.byte	0x1
 338 0212 2C000000 		.4byte	0x2c
 339 0216 06       		.byte	0x6
 340 0217 2A01     		.2byte	0x12a
 341 0219 2A020000 		.4byte	0x22a
 342 021d 0A       		.uleb128 0xa
 343 021e A6010000 		.4byte	.LASF45
 344 0222 00       		.byte	0
 345 0223 0A       		.uleb128 0xa
 346 0224 02050000 		.4byte	.LASF46
 347 0228 01       		.byte	0x1
 348 0229 00       		.byte	0
 349 022a 0B       		.uleb128 0xb
 350 022b 55030000 		.4byte	.LASF47
 351 022f 06       		.byte	0x6
 352 0230 2D01     		.2byte	0x12d
 353 0232 10020000 		.4byte	0x210
ARM GAS  C:\Users\gjl\AppData\Local\Temp\ccV7Ihtd.s 			page 9


 354 0236 09       		.uleb128 0x9
 355 0237 01       		.byte	0x1
 356 0238 2C000000 		.4byte	0x2c
 357 023c 06       		.byte	0x6
 358 023d 3201     		.2byte	0x132
 359 023f 6E020000 		.4byte	0x26e
 360 0243 0A       		.uleb128 0xa
 361 0244 DC040000 		.4byte	.LASF48
 362 0248 00       		.byte	0
 363 0249 0A       		.uleb128 0xa
 364 024a 1F040000 		.4byte	.LASF49
 365 024e 01       		.byte	0x1
 366 024f 0A       		.uleb128 0xa
 367 0250 DC030000 		.4byte	.LASF50
 368 0254 02       		.byte	0x2
 369 0255 0A       		.uleb128 0xa
 370 0256 87040000 		.4byte	.LASF51
 371 025a 03       		.byte	0x3
 372 025b 0A       		.uleb128 0xa
 373 025c 8F030000 		.4byte	.LASF52
 374 0260 04       		.byte	0x4
 375 0261 0A       		.uleb128 0xa
 376 0262 5F000000 		.4byte	.LASF53
 377 0266 05       		.byte	0x5
 378 0267 0A       		.uleb128 0xa
 379 0268 FD030000 		.4byte	.LASF54
 380 026c 06       		.byte	0x6
 381 026d 00       		.byte	0
 382 026e 0B       		.uleb128 0xb
 383 026f 3E050000 		.4byte	.LASF55
 384 0273 06       		.byte	0x6
 385 0274 3A01     		.2byte	0x13a
 386 0276 36020000 		.4byte	0x236
 387 027a 0C       		.uleb128 0xc
 388 027b 60040000 		.4byte	.LASF57
 389 027f 3C       		.byte	0x3c
 390 0280 06       		.byte	0x6
 391 0281 6601     		.2byte	0x166
 392 0283 65030000 		.4byte	0x365
 393 0287 0D       		.uleb128 0xd
 394 0288 7B000000 		.4byte	.LASF58
 395 028c 06       		.byte	0x6
 396 028d 6901     		.2byte	0x169
 397 028f 65030000 		.4byte	0x365
 398 0293 00       		.byte	0
 399 0294 0D       		.uleb128 0xd
 400 0295 88030000 		.4byte	.LASF59
 401 0299 06       		.byte	0x6
 402 029a 6A01     		.2byte	0x16a
 403 029c 9E000000 		.4byte	0x9e
 404 02a0 04       		.byte	0x4
 405 02a1 0D       		.uleb128 0xd
 406 02a2 B3040000 		.4byte	.LASF60
 407 02a6 06       		.byte	0x6
 408 02a7 6C01     		.2byte	0x16c
 409 02a9 81000000 		.4byte	0x81
 410 02ad 08       		.byte	0x8
ARM GAS  C:\Users\gjl\AppData\Local\Temp\ccV7Ihtd.s 			page 10


 411 02ae 0D       		.uleb128 0xd
 412 02af BC040000 		.4byte	.LASF61
 413 02b3 06       		.byte	0x6
 414 02b4 6D01     		.2byte	0x16d
 415 02b6 81000000 		.4byte	0x81
 416 02ba 09       		.byte	0x9
 417 02bb 0D       		.uleb128 0xd
 418 02bc 12020000 		.4byte	.LASF62
 419 02c0 06       		.byte	0x6
 420 02c1 6E01     		.2byte	0x16e
 421 02c3 2A020000 		.4byte	0x22a
 422 02c7 0A       		.byte	0xa
 423 02c8 0E       		.uleb128 0xe
 424 02c9 69647800 		.ascii	"idx\000"
 425 02cd 06       		.byte	0x6
 426 02ce 7001     		.2byte	0x170
 427 02d0 8C000000 		.4byte	0x8c
 428 02d4 0C       		.byte	0xc
 429 02d5 0D       		.uleb128 0xd
 430 02d6 C0020000 		.4byte	.LASF63
 431 02da 06       		.byte	0x6
 432 02db 7101     		.2byte	0x171
 433 02dd 8C000000 		.4byte	0x8c
 434 02e1 10       		.byte	0x10
 435 02e2 0D       		.uleb128 0xd
 436 02e3 CA020000 		.4byte	.LASF64
 437 02e7 06       		.byte	0x6
 438 02e8 7201     		.2byte	0x172
 439 02ea 8C000000 		.4byte	0x8c
 440 02ee 14       		.byte	0x14
 441 02ef 0D       		.uleb128 0xd
 442 02f0 7A020000 		.4byte	.LASF65
 443 02f4 06       		.byte	0x6
 444 02f5 7401     		.2byte	0x174
 445 02f7 BF000000 		.4byte	0xbf
 446 02fb 18       		.byte	0x18
 447 02fc 0D       		.uleb128 0xd
 448 02fd 18040000 		.4byte	.LASF66
 449 0301 06       		.byte	0x6
 450 0302 7501     		.2byte	0x175
 451 0304 0A020000 		.4byte	0x20a
 452 0308 1C       		.byte	0x1c
 453 0309 0D       		.uleb128 0xd
 454 030a 90020000 		.4byte	.LASF67
 455 030e 06       		.byte	0x6
 456 030f 7601     		.2byte	0x176
 457 0311 8C000000 		.4byte	0x8c
 458 0315 20       		.byte	0x20
 459 0316 0D       		.uleb128 0xd
 460 0317 56050000 		.4byte	.LASF68
 461 031b 06       		.byte	0x6
 462 031c 7801     		.2byte	0x178
 463 031e 0A020000 		.4byte	0x20a
 464 0322 24       		.byte	0x24
 465 0323 0D       		.uleb128 0xd
 466 0324 BE030000 		.4byte	.LASF69
 467 0328 06       		.byte	0x6
ARM GAS  C:\Users\gjl\AppData\Local\Temp\ccV7Ihtd.s 			page 11


 468 0329 7901     		.2byte	0x179
 469 032b 8C000000 		.4byte	0x8c
 470 032f 28       		.byte	0x28
 471 0330 0D       		.uleb128 0xd
 472 0331 5B020000 		.4byte	.LASF70
 473 0335 06       		.byte	0x6
 474 0336 7A01     		.2byte	0x17a
 475 0338 8C000000 		.4byte	0x8c
 476 033c 2C       		.byte	0x2c
 477 033d 0D       		.uleb128 0xd
 478 033e 5B050000 		.4byte	.LASF71
 479 0342 06       		.byte	0x6
 480 0343 7C01     		.2byte	0x17c
 481 0345 0A020000 		.4byte	0x20a
 482 0349 30       		.byte	0x30
 483 034a 0D       		.uleb128 0xd
 484 034b 00000000 		.4byte	.LASF72
 485 034f 06       		.byte	0x6
 486 0350 7D01     		.2byte	0x17d
 487 0352 8C000000 		.4byte	0x8c
 488 0356 34       		.byte	0x34
 489 0357 0D       		.uleb128 0xd
 490 0358 E1010000 		.4byte	.LASF73
 491 035c 06       		.byte	0x6
 492 035d 7E01     		.2byte	0x17e
 493 035f 8C000000 		.4byte	0x8c
 494 0363 38       		.byte	0x38
 495 0364 00       		.byte	0
 496 0365 05       		.uleb128 0x5
 497 0366 6E020000 		.4byte	0x26e
 498 036a 0B       		.uleb128 0xb
 499 036b A5020000 		.4byte	.LASF74
 500 036f 06       		.byte	0x6
 501 0370 8001     		.2byte	0x180
 502 0372 7A020000 		.4byte	0x27a
 503 0376 0F       		.uleb128 0xf
 504 0377 98020000 		.4byte	.LASF80
 505 037b 02       		.byte	0x2
 506 037c 53       		.byte	0x53
 507 037d 03       		.byte	0x3
 508 037e 10       		.uleb128 0x10
 509 037f 96010000 		.4byte	.LASF81
 510 0383 01       		.byte	0x1
 511 0384 0E       		.byte	0xe
 512 0385 73000000 		.4byte	0x73
 513 0389 00000000 		.4byte	.LFB430
 514 038d 10000000 		.4byte	.LFE430-.LFB430
 515 0391 01       		.uleb128 0x1
 516 0392 9C       		.byte	0x9c
 517 0393 BA030000 		.4byte	0x3ba
 518 0397 11       		.uleb128 0x11
 519 0398 76030000 		.4byte	0x376
 520 039c 02000000 		.4byte	.LBB4
 521 03a0 02000000 		.4byte	.LBE4-.LBB4
 522 03a4 01       		.byte	0x1
 523 03a5 10       		.byte	0x10
 524 03a6 12       		.uleb128 0x12
ARM GAS  C:\Users\gjl\AppData\Local\Temp\ccV7Ihtd.s 			page 12


 525 03a7 0A000000 		.4byte	.LVL0
 526 03ab D5030000 		.4byte	0x3d5
 527 03af 13       		.uleb128 0x13
 528 03b0 01       		.uleb128 0x1
 529 03b1 50       		.byte	0x50
 530 03b2 05       		.uleb128 0x5
 531 03b3 0C       		.byte	0xc
 532 03b4 00000810 		.4byte	0x10080000
 533 03b8 00       		.byte	0
 534 03b9 00       		.byte	0
 535 03ba 14       		.uleb128 0x14
 536 03bb 26010000 		.4byte	.LASF75
 537 03bf 07       		.byte	0x7
 538 03c0 1F       		.byte	0x1f
 539 03c1 C5030000 		.4byte	0x3c5
 540 03c5 15       		.uleb128 0x15
 541 03c6 FF010000 		.4byte	0x1ff
 542 03ca 14       		.uleb128 0x14
 543 03cb AB030000 		.4byte	.LASF76
 544 03cf 08       		.byte	0x8
 545 03d0 4B       		.byte	0x4b
 546 03d1 6A030000 		.4byte	0x36a
 547 03d5 16       		.uleb128 0x16
 548 03d6 37040000 		.4byte	.LASF82
 549 03da 37040000 		.4byte	.LASF82
 550 03de 09       		.byte	0x9
 551 03df FE01     		.2byte	0x1fe
 552 03e1 00       		.byte	0
 553              		.section	.debug_abbrev,"",%progbits
 554              	.Ldebug_abbrev0:
 555 0000 01       		.uleb128 0x1
 556 0001 11       		.uleb128 0x11
 557 0002 01       		.byte	0x1
 558 0003 25       		.uleb128 0x25
 559 0004 0E       		.uleb128 0xe
 560 0005 13       		.uleb128 0x13
 561 0006 0B       		.uleb128 0xb
 562 0007 03       		.uleb128 0x3
 563 0008 0E       		.uleb128 0xe
 564 0009 1B       		.uleb128 0x1b
 565 000a 0E       		.uleb128 0xe
 566 000b 55       		.uleb128 0x55
 567 000c 17       		.uleb128 0x17
 568 000d 11       		.uleb128 0x11
 569 000e 01       		.uleb128 0x1
 570 000f 10       		.uleb128 0x10
 571 0010 17       		.uleb128 0x17
 572 0011 00       		.byte	0
 573 0012 00       		.byte	0
 574 0013 02       		.uleb128 0x2
 575 0014 24       		.uleb128 0x24
 576 0015 00       		.byte	0
 577 0016 0B       		.uleb128 0xb
 578 0017 0B       		.uleb128 0xb
 579 0018 3E       		.uleb128 0x3e
 580 0019 0B       		.uleb128 0xb
 581 001a 03       		.uleb128 0x3
ARM GAS  C:\Users\gjl\AppData\Local\Temp\ccV7Ihtd.s 			page 13


 582 001b 0E       		.uleb128 0xe
 583 001c 00       		.byte	0
 584 001d 00       		.byte	0
 585 001e 03       		.uleb128 0x3
 586 001f 16       		.uleb128 0x16
 587 0020 00       		.byte	0
 588 0021 03       		.uleb128 0x3
 589 0022 0E       		.uleb128 0xe
 590 0023 3A       		.uleb128 0x3a
 591 0024 0B       		.uleb128 0xb
 592 0025 3B       		.uleb128 0x3b
 593 0026 0B       		.uleb128 0xb
 594 0027 49       		.uleb128 0x49
 595 0028 13       		.uleb128 0x13
 596 0029 00       		.byte	0
 597 002a 00       		.byte	0
 598 002b 04       		.uleb128 0x4
 599 002c 24       		.uleb128 0x24
 600 002d 00       		.byte	0
 601 002e 0B       		.uleb128 0xb
 602 002f 0B       		.uleb128 0xb
 603 0030 3E       		.uleb128 0x3e
 604 0031 0B       		.uleb128 0xb
 605 0032 03       		.uleb128 0x3
 606 0033 08       		.uleb128 0x8
 607 0034 00       		.byte	0
 608 0035 00       		.byte	0
 609 0036 05       		.uleb128 0x5
 610 0037 35       		.uleb128 0x35
 611 0038 00       		.byte	0
 612 0039 49       		.uleb128 0x49
 613 003a 13       		.uleb128 0x13
 614 003b 00       		.byte	0
 615 003c 00       		.byte	0
 616 003d 06       		.uleb128 0x6
 617 003e 13       		.uleb128 0x13
 618 003f 01       		.byte	0x1
 619 0040 03       		.uleb128 0x3
 620 0041 0E       		.uleb128 0xe
 621 0042 0B       		.uleb128 0xb
 622 0043 0B       		.uleb128 0xb
 623 0044 3A       		.uleb128 0x3a
 624 0045 0B       		.uleb128 0xb
 625 0046 3B       		.uleb128 0x3b
 626 0047 0B       		.uleb128 0xb
 627 0048 01       		.uleb128 0x1
 628 0049 13       		.uleb128 0x13
 629 004a 00       		.byte	0
 630 004b 00       		.byte	0
 631 004c 07       		.uleb128 0x7
 632 004d 0D       		.uleb128 0xd
 633 004e 00       		.byte	0
 634 004f 03       		.uleb128 0x3
 635 0050 0E       		.uleb128 0xe
 636 0051 3A       		.uleb128 0x3a
 637 0052 0B       		.uleb128 0xb
 638 0053 3B       		.uleb128 0x3b
ARM GAS  C:\Users\gjl\AppData\Local\Temp\ccV7Ihtd.s 			page 14


 639 0054 0B       		.uleb128 0xb
 640 0055 49       		.uleb128 0x49
 641 0056 13       		.uleb128 0x13
 642 0057 38       		.uleb128 0x38
 643 0058 0B       		.uleb128 0xb
 644 0059 00       		.byte	0
 645 005a 00       		.byte	0
 646 005b 08       		.uleb128 0x8
 647 005c 0F       		.uleb128 0xf
 648 005d 00       		.byte	0
 649 005e 0B       		.uleb128 0xb
 650 005f 0B       		.uleb128 0xb
 651 0060 49       		.uleb128 0x49
 652 0061 13       		.uleb128 0x13
 653 0062 00       		.byte	0
 654 0063 00       		.byte	0
 655 0064 09       		.uleb128 0x9
 656 0065 04       		.uleb128 0x4
 657 0066 01       		.byte	0x1
 658 0067 0B       		.uleb128 0xb
 659 0068 0B       		.uleb128 0xb
 660 0069 49       		.uleb128 0x49
 661 006a 13       		.uleb128 0x13
 662 006b 3A       		.uleb128 0x3a
 663 006c 0B       		.uleb128 0xb
 664 006d 3B       		.uleb128 0x3b
 665 006e 05       		.uleb128 0x5
 666 006f 01       		.uleb128 0x1
 667 0070 13       		.uleb128 0x13
 668 0071 00       		.byte	0
 669 0072 00       		.byte	0
 670 0073 0A       		.uleb128 0xa
 671 0074 28       		.uleb128 0x28
 672 0075 00       		.byte	0
 673 0076 03       		.uleb128 0x3
 674 0077 0E       		.uleb128 0xe
 675 0078 1C       		.uleb128 0x1c
 676 0079 0B       		.uleb128 0xb
 677 007a 00       		.byte	0
 678 007b 00       		.byte	0
 679 007c 0B       		.uleb128 0xb
 680 007d 16       		.uleb128 0x16
 681 007e 00       		.byte	0
 682 007f 03       		.uleb128 0x3
 683 0080 0E       		.uleb128 0xe
 684 0081 3A       		.uleb128 0x3a
 685 0082 0B       		.uleb128 0xb
 686 0083 3B       		.uleb128 0x3b
 687 0084 05       		.uleb128 0x5
 688 0085 49       		.uleb128 0x49
 689 0086 13       		.uleb128 0x13
 690 0087 00       		.byte	0
 691 0088 00       		.byte	0
 692 0089 0C       		.uleb128 0xc
 693 008a 13       		.uleb128 0x13
 694 008b 01       		.byte	0x1
 695 008c 03       		.uleb128 0x3
ARM GAS  C:\Users\gjl\AppData\Local\Temp\ccV7Ihtd.s 			page 15


 696 008d 0E       		.uleb128 0xe
 697 008e 0B       		.uleb128 0xb
 698 008f 0B       		.uleb128 0xb
 699 0090 3A       		.uleb128 0x3a
 700 0091 0B       		.uleb128 0xb
 701 0092 3B       		.uleb128 0x3b
 702 0093 05       		.uleb128 0x5
 703 0094 01       		.uleb128 0x1
 704 0095 13       		.uleb128 0x13
 705 0096 00       		.byte	0
 706 0097 00       		.byte	0
 707 0098 0D       		.uleb128 0xd
 708 0099 0D       		.uleb128 0xd
 709 009a 00       		.byte	0
 710 009b 03       		.uleb128 0x3
 711 009c 0E       		.uleb128 0xe
 712 009d 3A       		.uleb128 0x3a
 713 009e 0B       		.uleb128 0xb
 714 009f 3B       		.uleb128 0x3b
 715 00a0 05       		.uleb128 0x5
 716 00a1 49       		.uleb128 0x49
 717 00a2 13       		.uleb128 0x13
 718 00a3 38       		.uleb128 0x38
 719 00a4 0B       		.uleb128 0xb
 720 00a5 00       		.byte	0
 721 00a6 00       		.byte	0
 722 00a7 0E       		.uleb128 0xe
 723 00a8 0D       		.uleb128 0xd
 724 00a9 00       		.byte	0
 725 00aa 03       		.uleb128 0x3
 726 00ab 08       		.uleb128 0x8
 727 00ac 3A       		.uleb128 0x3a
 728 00ad 0B       		.uleb128 0xb
 729 00ae 3B       		.uleb128 0x3b
 730 00af 05       		.uleb128 0x5
 731 00b0 49       		.uleb128 0x49
 732 00b1 13       		.uleb128 0x13
 733 00b2 38       		.uleb128 0x38
 734 00b3 0B       		.uleb128 0xb
 735 00b4 00       		.byte	0
 736 00b5 00       		.byte	0
 737 00b6 0F       		.uleb128 0xf
 738 00b7 2E       		.uleb128 0x2e
 739 00b8 00       		.byte	0
 740 00b9 03       		.uleb128 0x3
 741 00ba 0E       		.uleb128 0xe
 742 00bb 3A       		.uleb128 0x3a
 743 00bc 0B       		.uleb128 0xb
 744 00bd 3B       		.uleb128 0x3b
 745 00be 0B       		.uleb128 0xb
 746 00bf 27       		.uleb128 0x27
 747 00c0 19       		.uleb128 0x19
 748 00c1 20       		.uleb128 0x20
 749 00c2 0B       		.uleb128 0xb
 750 00c3 00       		.byte	0
 751 00c4 00       		.byte	0
 752 00c5 10       		.uleb128 0x10
ARM GAS  C:\Users\gjl\AppData\Local\Temp\ccV7Ihtd.s 			page 16


 753 00c6 2E       		.uleb128 0x2e
 754 00c7 01       		.byte	0x1
 755 00c8 3F       		.uleb128 0x3f
 756 00c9 19       		.uleb128 0x19
 757 00ca 03       		.uleb128 0x3
 758 00cb 0E       		.uleb128 0xe
 759 00cc 3A       		.uleb128 0x3a
 760 00cd 0B       		.uleb128 0xb
 761 00ce 3B       		.uleb128 0x3b
 762 00cf 0B       		.uleb128 0xb
 763 00d0 27       		.uleb128 0x27
 764 00d1 19       		.uleb128 0x19
 765 00d2 49       		.uleb128 0x49
 766 00d3 13       		.uleb128 0x13
 767 00d4 8701     		.uleb128 0x87
 768 00d6 19       		.uleb128 0x19
 769 00d7 11       		.uleb128 0x11
 770 00d8 01       		.uleb128 0x1
 771 00d9 12       		.uleb128 0x12
 772 00da 06       		.uleb128 0x6
 773 00db 40       		.uleb128 0x40
 774 00dc 18       		.uleb128 0x18
 775 00dd 9742     		.uleb128 0x2117
 776 00df 19       		.uleb128 0x19
 777 00e0 01       		.uleb128 0x1
 778 00e1 13       		.uleb128 0x13
 779 00e2 00       		.byte	0
 780 00e3 00       		.byte	0
 781 00e4 11       		.uleb128 0x11
 782 00e5 1D       		.uleb128 0x1d
 783 00e6 00       		.byte	0
 784 00e7 31       		.uleb128 0x31
 785 00e8 13       		.uleb128 0x13
 786 00e9 11       		.uleb128 0x11
 787 00ea 01       		.uleb128 0x1
 788 00eb 12       		.uleb128 0x12
 789 00ec 06       		.uleb128 0x6
 790 00ed 58       		.uleb128 0x58
 791 00ee 0B       		.uleb128 0xb
 792 00ef 59       		.uleb128 0x59
 793 00f0 0B       		.uleb128 0xb
 794 00f1 00       		.byte	0
 795 00f2 00       		.byte	0
 796 00f3 12       		.uleb128 0x12
 797 00f4 898201   		.uleb128 0x4109
 798 00f7 01       		.byte	0x1
 799 00f8 11       		.uleb128 0x11
 800 00f9 01       		.uleb128 0x1
 801 00fa 31       		.uleb128 0x31
 802 00fb 13       		.uleb128 0x13
 803 00fc 00       		.byte	0
 804 00fd 00       		.byte	0
 805 00fe 13       		.uleb128 0x13
 806 00ff 8A8201   		.uleb128 0x410a
 807 0102 00       		.byte	0
 808 0103 02       		.uleb128 0x2
 809 0104 18       		.uleb128 0x18
ARM GAS  C:\Users\gjl\AppData\Local\Temp\ccV7Ihtd.s 			page 17


 810 0105 9142     		.uleb128 0x2111
 811 0107 18       		.uleb128 0x18
 812 0108 00       		.byte	0
 813 0109 00       		.byte	0
 814 010a 14       		.uleb128 0x14
 815 010b 34       		.uleb128 0x34
 816 010c 00       		.byte	0
 817 010d 03       		.uleb128 0x3
 818 010e 0E       		.uleb128 0xe
 819 010f 3A       		.uleb128 0x3a
 820 0110 0B       		.uleb128 0xb
 821 0111 3B       		.uleb128 0x3b
 822 0112 0B       		.uleb128 0xb
 823 0113 49       		.uleb128 0x49
 824 0114 13       		.uleb128 0x13
 825 0115 3F       		.uleb128 0x3f
 826 0116 19       		.uleb128 0x19
 827 0117 3C       		.uleb128 0x3c
 828 0118 19       		.uleb128 0x19
 829 0119 00       		.byte	0
 830 011a 00       		.byte	0
 831 011b 15       		.uleb128 0x15
 832 011c 26       		.uleb128 0x26
 833 011d 00       		.byte	0
 834 011e 49       		.uleb128 0x49
 835 011f 13       		.uleb128 0x13
 836 0120 00       		.byte	0
 837 0121 00       		.byte	0
 838 0122 16       		.uleb128 0x16
 839 0123 2E       		.uleb128 0x2e
 840 0124 00       		.byte	0
 841 0125 3F       		.uleb128 0x3f
 842 0126 19       		.uleb128 0x19
 843 0127 3C       		.uleb128 0x3c
 844 0128 19       		.uleb128 0x19
 845 0129 6E       		.uleb128 0x6e
 846 012a 0E       		.uleb128 0xe
 847 012b 03       		.uleb128 0x3
 848 012c 0E       		.uleb128 0xe
 849 012d 3A       		.uleb128 0x3a
 850 012e 0B       		.uleb128 0xb
 851 012f 3B       		.uleb128 0x3b
 852 0130 05       		.uleb128 0x5
 853 0131 00       		.byte	0
 854 0132 00       		.byte	0
 855 0133 00       		.byte	0
 856              		.section	.debug_aranges,"",%progbits
 857 0000 1C000000 		.4byte	0x1c
 858 0004 0200     		.2byte	0x2
 859 0006 00000000 		.4byte	.Ldebug_info0
 860 000a 04       		.byte	0x4
 861 000b 00       		.byte	0
 862 000c 0000     		.2byte	0
 863 000e 0000     		.2byte	0
 864 0010 00000000 		.4byte	.LFB430
 865 0014 10000000 		.4byte	.LFE430-.LFB430
 866 0018 00000000 		.4byte	0
ARM GAS  C:\Users\gjl\AppData\Local\Temp\ccV7Ihtd.s 			page 18


 867 001c 00000000 		.4byte	0
 868              		.section	.debug_ranges,"",%progbits
 869              	.Ldebug_ranges0:
 870 0000 00000000 		.4byte	.LFB430
 871 0004 10000000 		.4byte	.LFE430
 872 0008 00000000 		.4byte	0
 873 000c 00000000 		.4byte	0
 874              		.section	.debug_line,"",%progbits
 875              	.Ldebug_line0:
 876 0000 42020000 		.section	.debug_str,"MS",%progbits,1
 876      02002102 
 876      00000201 
 876      FB0E0D00 
 876      01010101 
 877              	.LASF72:
 878 0000 62756632 		.ascii	"buf2Size\000"
 878      53697A65 
 878      00
 879              	.LASF37:
 880 0009 72656C6F 		.ascii	"reloadInput\000"
 880      6164496E 
 880      70757400 
 881              	.LASF20:
 882 0015 636C6F63 		.ascii	"clockPrescaler\000"
 882      6B507265 
 882      7363616C 
 882      657200
 883              	.LASF42:
 884 0024 636F756E 		.ascii	"countInputMode\000"
 884      74496E70 
 884      75744D6F 
 884      646500
 885              	.LASF27:
 886 0033 636F6D70 		.ascii	"compare0\000"
 886      61726530 
 886      00
 887              	.LASF28:
 888 003c 636F6D70 		.ascii	"compare1\000"
 888      61726531 
 888      00
 889              	.LASF44:
 890 0045 63795F73 		.ascii	"cy_stc_tcpwm_pwm_config_t\000"
 890      74635F74 
 890      6370776D 
 890      5F70776D 
 890      5F636F6E 
 891              	.LASF53:
 892 005f 43595F53 		.ascii	"CY_SCB_EZI2C_STATE_RX_DATA1\000"
 892      43425F45 
 892      5A493243 
 892      5F535441 
 892      54455F52 
 893              	.LASF58:
 894 007b 73746174 		.ascii	"state\000"
 894      6500
 895              	.LASF0:
 896 0081 73686F72 		.ascii	"short int\000"
ARM GAS  C:\Users\gjl\AppData\Local\Temp\ccV7Ihtd.s 			page 19


 896      7420696E 
 896      7400
 897              	.LASF13:
 898 008b 73697A65 		.ascii	"sizetype\000"
 898      74797065 
 898      00
 899              	.LASF77:
 900 0094 474E5520 		.ascii	"GNU C11 5.4.1 20160609 (release) [ARM/embedded-5-br"
 900      43313120 
 900      352E342E 
 900      31203230 
 900      31363036 
 901 00c7 616E6368 		.ascii	"anch revision 237715] -mcpu=cortex-m0plus -mthumb -"
 901      20726576 
 901      6973696F 
 901      6E203233 
 901      37373135 
 902 00fa 67202D4F 		.ascii	"g -Og -ffunction-sections -ffat-lto-objects\000"
 902      67202D66 
 902      66756E63 
 902      74696F6E 
 902      2D736563 
 903              	.LASF75:
 904 0126 50574D5F 		.ascii	"PWM_config\000"
 904      636F6E66 
 904      696700
 905              	.LASF79:
 906 0131 433A5C47 		.ascii	"C:\\Git\\PSoC6-101-Videos\\Projects_ScreenCapture\\"
 906      69745C50 
 906      536F4336 
 906      2D313031 
 906      2D566964 
 907 0160 50536F43 		.ascii	"PSoC 6_101\\2-3-BasicI2C.cydsn\000"
 907      20365F31 
 907      30315C32 
 907      2D332D42 
 907      61736963 
 908              	.LASF56:
 909 017e 63795F73 		.ascii	"cy_stc_tcpwm_pwm_config\000"
 909      74635F74 
 909      6370776D 
 909      5F70776D 
 909      5F636F6E 
 910              	.LASF81:
 911 0196 6D61696E 		.ascii	"main\000"
 911      00
 912              	.LASF6:
 913 019b 5F5F7569 		.ascii	"__uint32_t\000"
 913      6E743332 
 913      5F7400
 914              	.LASF45:
 915 01a6 43595F53 		.ascii	"CY_SCB_EZI2C_SUB_ADDR8_BITS\000"
 915      43425F45 
 915      5A493243 
 915      5F535542 
 915      5F414444 
 916              	.LASF21:
ARM GAS  C:\Users\gjl\AppData\Local\Temp\ccV7Ihtd.s 			page 20


 917 01c2 70776D41 		.ascii	"pwmAlignment\000"
 917      6C69676E 
 917      6D656E74 
 917      00
 918              	.LASF29:
 919 01cf 656E6162 		.ascii	"enableCompareSwap\000"
 919      6C65436F 
 919      6D706172 
 919      65537761 
 919      7000
 920              	.LASF73:
 921 01e1 62756632 		.ascii	"buf2rwBondary\000"
 921      7277426F 
 921      6E646172 
 921      7900
 922              	.LASF11:
 923 01ef 75696E74 		.ascii	"uint8_t\000"
 923      385F7400 
 924              	.LASF41:
 925 01f7 6B696C6C 		.ascii	"killInput\000"
 925      496E7075 
 925      7400
 926              	.LASF30:
 927 0201 696E7465 		.ascii	"interruptSources\000"
 927      72727570 
 927      74536F75 
 927      72636573 
 927      00
 928              	.LASF62:
 929 0212 73756241 		.ascii	"subAddrSize\000"
 929      64647253 
 929      697A6500 
 930              	.LASF33:
 931 021e 6B696C6C 		.ascii	"killMode\000"
 931      4D6F6465 
 931      00
 932              	.LASF16:
 933 0227 666C6F61 		.ascii	"float\000"
 933      7400
 934              	.LASF24:
 935 022d 70657269 		.ascii	"period0\000"
 935      6F643000 
 936              	.LASF25:
 937 0235 70657269 		.ascii	"period1\000"
 937      6F643100 
 938              	.LASF36:
 939 023d 72656C6F 		.ascii	"reloadInputMode\000"
 939      6164496E 
 939      7075744D 
 939      6F646500 
 940              	.LASF8:
 941 024d 6C6F6E67 		.ascii	"long long int\000"
 941      206C6F6E 
 941      6720696E 
 941      7400
 942              	.LASF70:
 943 025b 62756631 		.ascii	"buf1rwBondary\000"
ARM GAS  C:\Users\gjl\AppData\Local\Temp\ccV7Ihtd.s 			page 21


 943      7277426F 
 943      6E646172 
 943      7900
 944              	.LASF23:
 945 0269 72756E4D 		.ascii	"runMode\000"
 945      6F646500 
 946              	.LASF4:
 947 0271 6C6F6E67 		.ascii	"long int\000"
 947      20696E74 
 947      00
 948              	.LASF65:
 949 027a 61646472 		.ascii	"addr1Active\000"
 949      31416374 
 949      69766500 
 950              	.LASF5:
 951 0286 5F5F7569 		.ascii	"__uint8_t\000"
 951      6E74385F 
 951      7400
 952              	.LASF67:
 953 0290 62756653 		.ascii	"bufSize\000"
 953      697A6500 
 954              	.LASF80:
 955 0298 5F5F656E 		.ascii	"__enable_irq\000"
 955      61626C65 
 955      5F697271 
 955      00
 956              	.LASF74:
 957 02a5 63795F73 		.ascii	"cy_stc_scb_ezi2c_context_t\000"
 957      74635F73 
 957      63625F65 
 957      7A693263 
 957      5F636F6E 
 958              	.LASF63:
 959 02c0 62617365 		.ascii	"baseAddr1\000"
 959      41646472 
 959      3100
 960              	.LASF64:
 961 02ca 62617365 		.ascii	"baseAddr2\000"
 961      41646472 
 961      3200
 962              	.LASF14:
 963 02d4 6C6F6E67 		.ascii	"long double\000"
 963      20646F75 
 963      626C6500 
 964              	.LASF38:
 965 02e0 73746172 		.ascii	"startInputMode\000"
 965      74496E70 
 965      75744D6F 
 965      646500
 966              	.LASF1:
 967 02ef 756E7369 		.ascii	"unsigned char\000"
 967      676E6564 
 967      20636861 
 967      7200
 968              	.LASF26:
 969 02fd 656E6162 		.ascii	"enablePeriodSwap\000"
 969      6C655065 
ARM GAS  C:\Users\gjl\AppData\Local\Temp\ccV7Ihtd.s 			page 22


 969      72696F64 
 969      53776170 
 969      00
 970              	.LASF2:
 971 030e 7369676E 		.ascii	"signed char\000"
 971      65642063 
 971      68617200 
 972              	.LASF9:
 973 031a 6C6F6E67 		.ascii	"long long unsigned int\000"
 973      206C6F6E 
 973      6720756E 
 973      7369676E 
 973      65642069 
 974              	.LASF12:
 975 0331 75696E74 		.ascii	"uint32_t\000"
 975      33325F74 
 975      00
 976              	.LASF10:
 977 033a 756E7369 		.ascii	"unsigned int\000"
 977      676E6564 
 977      20696E74 
 977      00
 978              	.LASF32:
 979 0347 696E7665 		.ascii	"invertPWMOutN\000"
 979      72745057 
 979      4D4F7574 
 979      4E00
 980              	.LASF47:
 981 0355 63795F65 		.ascii	"cy_en_scb_ezi2c_sub_addr_size_t\000"
 981      6E5F7363 
 981      625F657A 
 981      6932635F 
 981      7375625F 
 982              	.LASF3:
 983 0375 73686F72 		.ascii	"short unsigned int\000"
 983      7420756E 
 983      7369676E 
 983      65642069 
 983      6E7400
 984              	.LASF59:
 985 0388 73746174 		.ascii	"status\000"
 985      757300
 986              	.LASF52:
 987 038f 43595F53 		.ascii	"CY_SCB_EZI2C_STATE_RX_DATA0\000"
 987      43425F45 
 987      5A493243 
 987      5F535441 
 987      54455F52 
 988              	.LASF76:
 989 03ab 455A4932 		.ascii	"EZI2C_context\000"
 989      435F636F 
 989      6E746578 
 989      7400
 990              	.LASF15:
 991 03b9 63686172 		.ascii	"char\000"
 991      00
 992              	.LASF69:
ARM GAS  C:\Users\gjl\AppData\Local\Temp\ccV7Ihtd.s 			page 23


 993 03be 62756631 		.ascii	"buf1Size\000"
 993      53697A65 
 993      00
 994              	.LASF22:
 995 03c7 64656164 		.ascii	"deadTimeClocks\000"
 995      54696D65 
 995      436C6F63 
 995      6B7300
 996              	.LASF18:
 997 03d6 5F426F6F 		.ascii	"_Bool\000"
 997      6C00
 998              	.LASF50:
 999 03dc 43595F53 		.ascii	"CY_SCB_EZI2C_STATE_RX_OFFSET_MSB\000"
 999      43425F45 
 999      5A493243 
 999      5F535441 
 999      54455F52 
 1000              	.LASF54:
 1001 03fd 43595F53 		.ascii	"CY_SCB_EZI2C_STATE_TX_DATA\000"
 1001      43425F45 
 1001      5A493243 
 1001      5F535441 
 1001      54455F54 
 1002              	.LASF66:
 1003 0418 63757242 		.ascii	"curBuf\000"
 1003      756600
 1004              	.LASF49:
 1005 041f 43595F53 		.ascii	"CY_SCB_EZI2C_STATE_ADDR\000"
 1005      43425F45 
 1005      5A493243 
 1005      5F535441 
 1005      54455F41 
 1006              	.LASF82:
 1007 0437 43795F53 		.ascii	"Cy_SysEnableCM4\000"
 1007      7973456E 
 1007      61626C65 
 1007      434D3400 
 1008              	.LASF7:
 1009 0447 6C6F6E67 		.ascii	"long unsigned int\000"
 1009      20756E73 
 1009      69676E65 
 1009      6420696E 
 1009      7400
 1010              	.LASF17:
 1011 0459 646F7562 		.ascii	"double\000"
 1011      6C6500
 1012              	.LASF57:
 1013 0460 63795F73 		.ascii	"cy_stc_scb_ezi2c_context\000"
 1013      74635F73 
 1013      63625F65 
 1013      7A693263 
 1013      5F636F6E 
 1014              	.LASF34:
 1015 0479 73776170 		.ascii	"swapInputMode\000"
 1015      496E7075 
 1015      744D6F64 
 1015      6500
ARM GAS  C:\Users\gjl\AppData\Local\Temp\ccV7Ihtd.s 			page 24


 1016              	.LASF51:
 1017 0487 43595F53 		.ascii	"CY_SCB_EZI2C_STATE_RX_OFFSET_LSB\000"
 1017      43425F45 
 1017      5A493243 
 1017      5F535441 
 1017      54455F52 
 1018              	.LASF39:
 1019 04a8 73746172 		.ascii	"startInput\000"
 1019      74496E70 
 1019      757400
 1020              	.LASF60:
 1021 04b3 61646472 		.ascii	"address1\000"
 1021      65737331 
 1021      00
 1022              	.LASF61:
 1023 04bc 61646472 		.ascii	"address2\000"
 1023      65737332 
 1023      00
 1024              	.LASF35:
 1025 04c5 73776170 		.ascii	"swapInput\000"
 1025      496E7075 
 1025      7400
 1026              	.LASF31:
 1027 04cf 696E7665 		.ascii	"invertPWMOut\000"
 1027      72745057 
 1027      4D4F7574 
 1027      00
 1028              	.LASF48:
 1029 04dc 43595F53 		.ascii	"CY_SCB_EZI2C_STATE_IDLE\000"
 1029      43425F45 
 1029      5A493243 
 1029      5F535441 
 1029      54455F49 
 1030              	.LASF40:
 1031 04f4 6B696C6C 		.ascii	"killInputMode\000"
 1031      496E7075 
 1031      744D6F64 
 1031      6500
 1032              	.LASF46:
 1033 0502 43595F53 		.ascii	"CY_SCB_EZI2C_SUB_ADDR16_BITS\000"
 1033      43425F45 
 1033      5A493243 
 1033      5F535542 
 1033      5F414444 
 1034              	.LASF19:
 1035 051f 70776D4D 		.ascii	"pwmMode\000"
 1035      6F646500 
 1036              	.LASF78:
 1037 0527 6D61696E 		.ascii	"main_cm0p.c\000"
 1037      5F636D30 
 1037      702E6300 
 1038              	.LASF43:
 1039 0533 636F756E 		.ascii	"countInput\000"
 1039      74496E70 
 1039      757400
 1040              	.LASF55:
 1041 053e 63795F65 		.ascii	"cy_en_scb_ezi2c_state_t\000"
ARM GAS  C:\Users\gjl\AppData\Local\Temp\ccV7Ihtd.s 			page 25


 1041      6E5F7363 
 1041      625F657A 
 1041      6932635F 
 1041      73746174 
 1042              	.LASF68:
 1043 0556 62756631 		.ascii	"buf1\000"
 1043      00
 1044              	.LASF71:
 1045 055b 62756632 		.ascii	"buf2\000"
 1045      00
 1046              		.ident	"GCC: (GNU Tools for ARM Embedded Processors) 5.4.1 20160609 (release) [ARM/embedded-5-bran
