ARM GAS  C:\Users\gjl\AppData\Local\Temp\ccAnxWT2.s 			page 1


   1              		.syntax unified
   2              		.cpu cortex-m0plus
   3              		.fpu softvfp
   4              		.eabi_attribute 20, 1
   5              		.eabi_attribute 21, 1
   6              		.eabi_attribute 23, 3
   7              		.eabi_attribute 24, 1
   8              		.eabi_attribute 25, 1
   9              		.eabi_attribute 26, 1
  10              		.eabi_attribute 30, 1
  11              		.eabi_attribute 34, 0
  12              		.eabi_attribute 18, 4
  13              		.thumb
  14              		.syntax unified
  15              		.file	"main_cm0p.c"
  16              		.text
  17              	.Ltext0:
  18              		.cfi_sections	.debug_frame
  19              		.section	.text.main,"ax",%progbits
  20              		.align	2
  21              		.global	main
  22              		.code	16
  23              		.thumb_func
  24              		.type	main, %function
  25              	main:
  26              	.LFB425:
  27              		.file 1 "main_cm0p.c"
   1:main_cm0p.c   **** /* ========================================
   2:main_cm0p.c   ****  *
   3:main_cm0p.c   ****  * Copyright YOUR COMPANY, THE YEAR
   4:main_cm0p.c   ****  * All Rights Reserved
   5:main_cm0p.c   ****  * UNPUBLISHED, LICENSED SOFTWARE.
   6:main_cm0p.c   ****  *
   7:main_cm0p.c   ****  * CONFIDENTIAL AND PROPRIETARY INFORMATION
   8:main_cm0p.c   ****  * WHICH IS THE PROPERTY OF your company.
   9:main_cm0p.c   ****  *
  10:main_cm0p.c   ****  * ========================================
  11:main_cm0p.c   **** */
  12:main_cm0p.c   **** #include "project.h"
  13:main_cm0p.c   **** 
  14:main_cm0p.c   **** int main(void)
  15:main_cm0p.c   **** {
  28              		.loc 1 15 0
  29              		.cfi_startproc
  30              		@ Volatile: function does not return.
  31              		@ args = 0, pretend = 0, frame = 0
  32              		@ frame_needed = 0, uses_anonymous_args = 0
  33 0000 10B5     		push	{r4, lr}
  34              		.cfi_def_cfa_offset 8
  35              		.cfi_offset 4, -8
  36              		.cfi_offset 14, -4
  37              	.LBB4:
  38              	.LBB5:
  39              		.file 2 "Generated_Source\\PSoC6\\pdl\\cmsis/include/cmsis_gcc.h"
   1:Generated_Source\PSoC6\pdl\cmsis/include/cmsis_gcc.h **** /**************************************************************************//**
   2:Generated_Source\PSoC6\pdl\cmsis/include/cmsis_gcc.h ****  * @file     cmsis_gcc.h
   3:Generated_Source\PSoC6\pdl\cmsis/include/cmsis_gcc.h ****  * @brief    CMSIS compiler GCC header file
ARM GAS  C:\Users\gjl\AppData\Local\Temp\ccAnxWT2.s 			page 2


   4:Generated_Source\PSoC6\pdl\cmsis/include/cmsis_gcc.h ****  * @version  V5.0.1
   5:Generated_Source\PSoC6\pdl\cmsis/include/cmsis_gcc.h ****  * @date     02. February 2017
   6:Generated_Source\PSoC6\pdl\cmsis/include/cmsis_gcc.h ****  ******************************************************************************/
   7:Generated_Source\PSoC6\pdl\cmsis/include/cmsis_gcc.h **** /*
   8:Generated_Source\PSoC6\pdl\cmsis/include/cmsis_gcc.h ****  * Copyright (c) 2009-2017 ARM Limited. All rights reserved.
   9:Generated_Source\PSoC6\pdl\cmsis/include/cmsis_gcc.h ****  *
  10:Generated_Source\PSoC6\pdl\cmsis/include/cmsis_gcc.h ****  * SPDX-License-Identifier: Apache-2.0
  11:Generated_Source\PSoC6\pdl\cmsis/include/cmsis_gcc.h ****  *
  12:Generated_Source\PSoC6\pdl\cmsis/include/cmsis_gcc.h ****  * Licensed under the Apache License, Version 2.0 (the License); you may
  13:Generated_Source\PSoC6\pdl\cmsis/include/cmsis_gcc.h ****  * not use this file except in compliance with the License.
  14:Generated_Source\PSoC6\pdl\cmsis/include/cmsis_gcc.h ****  * You may obtain a copy of the License at
  15:Generated_Source\PSoC6\pdl\cmsis/include/cmsis_gcc.h ****  *
  16:Generated_Source\PSoC6\pdl\cmsis/include/cmsis_gcc.h ****  * www.apache.org/licenses/LICENSE-2.0
  17:Generated_Source\PSoC6\pdl\cmsis/include/cmsis_gcc.h ****  *
  18:Generated_Source\PSoC6\pdl\cmsis/include/cmsis_gcc.h ****  * Unless required by applicable law or agreed to in writing, software
  19:Generated_Source\PSoC6\pdl\cmsis/include/cmsis_gcc.h ****  * distributed under the License is distributed on an AS IS BASIS, WITHOUT
  20:Generated_Source\PSoC6\pdl\cmsis/include/cmsis_gcc.h ****  * WARRANTIES OR CONDITIONS OF ANY KIND, either express or implied.
  21:Generated_Source\PSoC6\pdl\cmsis/include/cmsis_gcc.h ****  * See the License for the specific language governing permissions and
  22:Generated_Source\PSoC6\pdl\cmsis/include/cmsis_gcc.h ****  * limitations under the License.
  23:Generated_Source\PSoC6\pdl\cmsis/include/cmsis_gcc.h ****  */
  24:Generated_Source\PSoC6\pdl\cmsis/include/cmsis_gcc.h **** 
  25:Generated_Source\PSoC6\pdl\cmsis/include/cmsis_gcc.h **** #ifndef __CMSIS_GCC_H
  26:Generated_Source\PSoC6\pdl\cmsis/include/cmsis_gcc.h **** #define __CMSIS_GCC_H
  27:Generated_Source\PSoC6\pdl\cmsis/include/cmsis_gcc.h **** 
  28:Generated_Source\PSoC6\pdl\cmsis/include/cmsis_gcc.h **** /* ignore some GCC warnings */
  29:Generated_Source\PSoC6\pdl\cmsis/include/cmsis_gcc.h **** #pragma GCC diagnostic push
  30:Generated_Source\PSoC6\pdl\cmsis/include/cmsis_gcc.h **** #pragma GCC diagnostic ignored "-Wsign-conversion"
  31:Generated_Source\PSoC6\pdl\cmsis/include/cmsis_gcc.h **** #pragma GCC diagnostic ignored "-Wconversion"
  32:Generated_Source\PSoC6\pdl\cmsis/include/cmsis_gcc.h **** #pragma GCC diagnostic ignored "-Wunused-parameter"
  33:Generated_Source\PSoC6\pdl\cmsis/include/cmsis_gcc.h **** 
  34:Generated_Source\PSoC6\pdl\cmsis/include/cmsis_gcc.h **** /* CMSIS compiler specific defines */
  35:Generated_Source\PSoC6\pdl\cmsis/include/cmsis_gcc.h **** #ifndef   __ASM
  36:Generated_Source\PSoC6\pdl\cmsis/include/cmsis_gcc.h ****   #define __ASM                     __asm
  37:Generated_Source\PSoC6\pdl\cmsis/include/cmsis_gcc.h **** #endif
  38:Generated_Source\PSoC6\pdl\cmsis/include/cmsis_gcc.h **** #ifndef   __INLINE
  39:Generated_Source\PSoC6\pdl\cmsis/include/cmsis_gcc.h ****   #define __INLINE                  inline
  40:Generated_Source\PSoC6\pdl\cmsis/include/cmsis_gcc.h **** #endif
  41:Generated_Source\PSoC6\pdl\cmsis/include/cmsis_gcc.h **** #ifndef   __STATIC_INLINE
  42:Generated_Source\PSoC6\pdl\cmsis/include/cmsis_gcc.h ****   #define __STATIC_INLINE           static inline
  43:Generated_Source\PSoC6\pdl\cmsis/include/cmsis_gcc.h **** #endif
  44:Generated_Source\PSoC6\pdl\cmsis/include/cmsis_gcc.h **** #ifndef   __NO_RETURN
  45:Generated_Source\PSoC6\pdl\cmsis/include/cmsis_gcc.h ****   #define __NO_RETURN               __attribute__((noreturn))
  46:Generated_Source\PSoC6\pdl\cmsis/include/cmsis_gcc.h **** #endif
  47:Generated_Source\PSoC6\pdl\cmsis/include/cmsis_gcc.h **** #ifndef   __USED
  48:Generated_Source\PSoC6\pdl\cmsis/include/cmsis_gcc.h ****   #define __USED                    __attribute__((used))
  49:Generated_Source\PSoC6\pdl\cmsis/include/cmsis_gcc.h **** #endif
  50:Generated_Source\PSoC6\pdl\cmsis/include/cmsis_gcc.h **** #ifndef   __WEAK
  51:Generated_Source\PSoC6\pdl\cmsis/include/cmsis_gcc.h ****   #define __WEAK                    __attribute__((weak))
  52:Generated_Source\PSoC6\pdl\cmsis/include/cmsis_gcc.h **** #endif
  53:Generated_Source\PSoC6\pdl\cmsis/include/cmsis_gcc.h **** #ifndef   __UNALIGNED_UINT32
  54:Generated_Source\PSoC6\pdl\cmsis/include/cmsis_gcc.h **** #pragma GCC diagnostic push
  55:Generated_Source\PSoC6\pdl\cmsis/include/cmsis_gcc.h **** #pragma GCC diagnostic ignored "-Wpacked"
  56:Generated_Source\PSoC6\pdl\cmsis/include/cmsis_gcc.h **** #pragma GCC diagnostic ignored "-Wattributes"
  57:Generated_Source\PSoC6\pdl\cmsis/include/cmsis_gcc.h ****   struct __attribute__((packed)) T_UINT32 { uint32_t v; };
  58:Generated_Source\PSoC6\pdl\cmsis/include/cmsis_gcc.h **** #pragma GCC diagnostic pop
  59:Generated_Source\PSoC6\pdl\cmsis/include/cmsis_gcc.h ****   #define __UNALIGNED_UINT32(x)     (((struct T_UINT32 *)(x))->v)
  60:Generated_Source\PSoC6\pdl\cmsis/include/cmsis_gcc.h **** #endif
ARM GAS  C:\Users\gjl\AppData\Local\Temp\ccAnxWT2.s 			page 3


  61:Generated_Source\PSoC6\pdl\cmsis/include/cmsis_gcc.h **** #ifndef   __ALIGNED
  62:Generated_Source\PSoC6\pdl\cmsis/include/cmsis_gcc.h ****   #define __ALIGNED(x)              __attribute__((aligned(x)))
  63:Generated_Source\PSoC6\pdl\cmsis/include/cmsis_gcc.h **** #endif
  64:Generated_Source\PSoC6\pdl\cmsis/include/cmsis_gcc.h **** #ifndef   __PACKED
  65:Generated_Source\PSoC6\pdl\cmsis/include/cmsis_gcc.h ****   #define __PACKED                  __attribute__((packed, aligned(1)))
  66:Generated_Source\PSoC6\pdl\cmsis/include/cmsis_gcc.h **** #endif
  67:Generated_Source\PSoC6\pdl\cmsis/include/cmsis_gcc.h **** #ifndef   __PACKED_STRUCT
  68:Generated_Source\PSoC6\pdl\cmsis/include/cmsis_gcc.h ****   #define __PACKED_STRUCT           struct __attribute__((packed, aligned(1)))
  69:Generated_Source\PSoC6\pdl\cmsis/include/cmsis_gcc.h **** #endif
  70:Generated_Source\PSoC6\pdl\cmsis/include/cmsis_gcc.h **** 
  71:Generated_Source\PSoC6\pdl\cmsis/include/cmsis_gcc.h **** 
  72:Generated_Source\PSoC6\pdl\cmsis/include/cmsis_gcc.h **** /* ###########################  Core Function Access  ########################### */
  73:Generated_Source\PSoC6\pdl\cmsis/include/cmsis_gcc.h **** /** \ingroup  CMSIS_Core_FunctionInterface
  74:Generated_Source\PSoC6\pdl\cmsis/include/cmsis_gcc.h ****     \defgroup CMSIS_Core_RegAccFunctions CMSIS Core Register Access Functions
  75:Generated_Source\PSoC6\pdl\cmsis/include/cmsis_gcc.h ****   @{
  76:Generated_Source\PSoC6\pdl\cmsis/include/cmsis_gcc.h ****  */
  77:Generated_Source\PSoC6\pdl\cmsis/include/cmsis_gcc.h **** 
  78:Generated_Source\PSoC6\pdl\cmsis/include/cmsis_gcc.h **** /**
  79:Generated_Source\PSoC6\pdl\cmsis/include/cmsis_gcc.h ****   \brief   Enable IRQ Interrupts
  80:Generated_Source\PSoC6\pdl\cmsis/include/cmsis_gcc.h ****   \details Enables IRQ interrupts by clearing the I-bit in the CPSR.
  81:Generated_Source\PSoC6\pdl\cmsis/include/cmsis_gcc.h ****            Can only be executed in Privileged modes.
  82:Generated_Source\PSoC6\pdl\cmsis/include/cmsis_gcc.h ****  */
  83:Generated_Source\PSoC6\pdl\cmsis/include/cmsis_gcc.h **** __attribute__((always_inline)) __STATIC_INLINE void __enable_irq(void)
  84:Generated_Source\PSoC6\pdl\cmsis/include/cmsis_gcc.h **** {
  85:Generated_Source\PSoC6\pdl\cmsis/include/cmsis_gcc.h ****   __ASM volatile ("cpsie i" : : : "memory");
  40              		.loc 2 85 0
  41              		.syntax divided
  42              	@ 85 "Generated_Source\PSoC6\pdl\cmsis/include/cmsis_gcc.h" 1
  43 0002 62B6     		cpsie i
  44              	@ 0 "" 2
  45              		.thumb
  46              		.syntax unified
  47              	.LBE5:
  48              	.LBE4:
  16:main_cm0p.c   ****     __enable_irq(); /* Enable global interrupts. */
  17:main_cm0p.c   ****     /* Enable CM4.  CY_CORTEX_M4_APPL_ADDR must be updated if CM4 memory layout is changed. */
  18:main_cm0p.c   ****     Cy_SysEnableCM4(CY_CORTEX_M4_APPL_ADDR); 
  49              		.loc 1 18 0
  50 0004 0148     		ldr	r0, .L3
  51 0006 FFF7FEFF 		bl	Cy_SysEnableCM4
  52              	.LVL0:
  53              	.L2:
  54 000a FEE7     		b	.L2
  55              	.L4:
  56              		.align	2
  57              	.L3:
  58 000c 00000810 		.word	268959744
  59              		.cfi_endproc
  60              	.LFE425:
  61              		.size	main, .-main
  62              		.text
  63              	.Letext0:
  64              		.file 3 "c:\\program files (x86)\\cypress\\psoc creator\\4.2\\psoc creator\\import\\gnu\\arm\\5.4.
  65              		.file 4 "c:\\program files (x86)\\cypress\\psoc creator\\4.2\\psoc creator\\import\\gnu\\arm\\5.4.
  66              		.file 5 "Generated_Source\\PSoC6\\pdl\\drivers/peripheral/scb/cy_scb_uart.h"
  67              		.file 6 "Generated_Source\\PSoC6\\pdl\\drivers/peripheral/sar/cy_sar.h"
  68              		.file 7 "Generated_Source\\PSoC6/ADC_1.h"
ARM GAS  C:\Users\gjl\AppData\Local\Temp\ccAnxWT2.s 			page 4


  69              		.file 8 "Generated_Source\\PSoC6/UART_1.h"
  70              		.file 9 "./system_psoc63.h"
  71              		.section	.debug_info,"",%progbits
  72              	.Ldebug_info0:
  73 0000 9F030000 		.4byte	0x39f
  74 0004 0400     		.2byte	0x4
  75 0006 00000000 		.4byte	.Ldebug_abbrev0
  76 000a 04       		.byte	0x4
  77 000b 01       		.uleb128 0x1
  78 000c F3000000 		.4byte	.LASF63
  79 0010 0C       		.byte	0xc
  80 0011 07040000 		.4byte	.LASF64
  81 0015 3E000000 		.4byte	.LASF65
  82 0019 00000000 		.4byte	.Ldebug_ranges0+0
  83 001d 00000000 		.4byte	0
  84 0021 00000000 		.4byte	.Ldebug_line0
  85 0025 02       		.uleb128 0x2
  86 0026 02       		.byte	0x2
  87 0027 05       		.byte	0x5
  88 0028 A5000000 		.4byte	.LASF0
  89 002c 02       		.uleb128 0x2
  90 002d 01       		.byte	0x1
  91 002e 08       		.byte	0x8
  92 002f 8B020000 		.4byte	.LASF1
  93 0033 02       		.uleb128 0x2
  94 0034 01       		.byte	0x1
  95 0035 06       		.byte	0x6
  96 0036 B7020000 		.4byte	.LASF2
  97 003a 02       		.uleb128 0x2
  98 003b 02       		.byte	0x2
  99 003c 07       		.byte	0x7
 100 003d 0B030000 		.4byte	.LASF3
 101 0041 02       		.uleb128 0x2
 102 0042 04       		.byte	0x4
 103 0043 05       		.byte	0x5
 104 0044 20040000 		.4byte	.LASF4
 105 0048 03       		.uleb128 0x3
 106 0049 95010000 		.4byte	.LASF9
 107 004d 03       		.byte	0x3
 108 004e 41       		.byte	0x41
 109 004f 53000000 		.4byte	0x53
 110 0053 02       		.uleb128 0x2
 111 0054 04       		.byte	0x4
 112 0055 07       		.byte	0x7
 113 0056 81030000 		.4byte	.LASF5
 114 005a 02       		.uleb128 0x2
 115 005b 08       		.byte	0x8
 116 005c 05       		.byte	0x5
 117 005d 19020000 		.4byte	.LASF6
 118 0061 02       		.uleb128 0x2
 119 0062 08       		.byte	0x8
 120 0063 07       		.byte	0x7
 121 0064 C3020000 		.4byte	.LASF7
 122 0068 04       		.uleb128 0x4
 123 0069 04       		.byte	0x4
 124 006a 05       		.byte	0x5
 125 006b 696E7400 		.ascii	"int\000"
ARM GAS  C:\Users\gjl\AppData\Local\Temp\ccAnxWT2.s 			page 5


 126 006f 02       		.uleb128 0x2
 127 0070 04       		.byte	0x4
 128 0071 07       		.byte	0x7
 129 0072 3A040000 		.4byte	.LASF8
 130 0076 03       		.uleb128 0x3
 131 0077 DA020000 		.4byte	.LASF10
 132 007b 04       		.byte	0x4
 133 007c 30       		.byte	0x30
 134 007d 48000000 		.4byte	0x48
 135 0081 02       		.uleb128 0x2
 136 0082 04       		.byte	0x4
 137 0083 07       		.byte	0x7
 138 0084 AF000000 		.4byte	.LASF11
 139 0088 05       		.uleb128 0x5
 140 0089 76000000 		.4byte	0x76
 141 008d 02       		.uleb128 0x2
 142 008e 08       		.byte	0x8
 143 008f 04       		.byte	0x4
 144 0090 76020000 		.4byte	.LASF12
 145 0094 02       		.uleb128 0x2
 146 0095 01       		.byte	0x1
 147 0096 08       		.byte	0x8
 148 0097 2F030000 		.4byte	.LASF13
 149 009b 02       		.uleb128 0x2
 150 009c 04       		.byte	0x4
 151 009d 04       		.byte	0x4
 152 009e F5010000 		.4byte	.LASF14
 153 00a2 02       		.uleb128 0x2
 154 00a3 08       		.byte	0x8
 155 00a4 04       		.byte	0x4
 156 00a5 93030000 		.4byte	.LASF15
 157 00a9 06       		.uleb128 0x6
 158 00aa 04       		.byte	0x4
 159 00ab 02       		.uleb128 0x2
 160 00ac 01       		.byte	0x1
 161 00ad 02       		.byte	0x2
 162 00ae 5F030000 		.4byte	.LASF16
 163 00b2 07       		.uleb128 0x7
 164 00b3 04       		.byte	0x4
 165 00b4 B8000000 		.4byte	0xb8
 166 00b8 08       		.uleb128 0x8
 167 00b9 C3000000 		.4byte	0xc3
 168 00bd 09       		.uleb128 0x9
 169 00be 76000000 		.4byte	0x76
 170 00c2 00       		.byte	0
 171 00c3 0A       		.uleb128 0xa
 172 00c4 86000000 		.4byte	.LASF17
 173 00c8 05       		.byte	0x5
 174 00c9 AB01     		.2byte	0x1ab
 175 00cb B2000000 		.4byte	0xb2
 176 00cf 0B       		.uleb128 0xb
 177 00d0 CF000000 		.4byte	.LASF66
 178 00d4 38       		.byte	0x38
 179 00d5 05       		.byte	0x5
 180 00d6 4702     		.2byte	0x247
 181 00d8 93010000 		.4byte	0x193
 182 00dc 0C       		.uleb128 0xc
ARM GAS  C:\Users\gjl\AppData\Local\Temp\ccAnxWT2.s 			page 6


 183 00dd A0010000 		.4byte	.LASF18
 184 00e1 05       		.byte	0x5
 185 00e2 4A02     		.2byte	0x24a
 186 00e4 88000000 		.4byte	0x88
 187 00e8 00       		.byte	0
 188 00e9 0C       		.uleb128 0xc
 189 00ea 82020000 		.4byte	.LASF19
 190 00ee 05       		.byte	0x5
 191 00ef 4B02     		.2byte	0x24b
 192 00f1 88000000 		.4byte	0x88
 193 00f5 04       		.byte	0x4
 194 00f6 0C       		.uleb128 0xc
 195 00f7 99020000 		.4byte	.LASF20
 196 00fb 05       		.byte	0x5
 197 00fc 4D02     		.2byte	0x24d
 198 00fe A9000000 		.4byte	0xa9
 199 0102 08       		.byte	0x8
 200 0103 0C       		.uleb128 0xc
 201 0104 35020000 		.4byte	.LASF21
 202 0108 05       		.byte	0x5
 203 0109 4E02     		.2byte	0x24e
 204 010b 76000000 		.4byte	0x76
 205 010f 0C       		.byte	0xc
 206 0110 0C       		.uleb128 0xc
 207 0111 E7010000 		.4byte	.LASF22
 208 0115 05       		.byte	0x5
 209 0116 4F02     		.2byte	0x24f
 210 0118 88000000 		.4byte	0x88
 211 011c 10       		.byte	0x10
 212 011d 0C       		.uleb128 0xc
 213 011e 26000000 		.4byte	.LASF23
 214 0122 05       		.byte	0x5
 215 0123 5002     		.2byte	0x250
 216 0125 88000000 		.4byte	0x88
 217 0129 14       		.byte	0x14
 218 012a 0C       		.uleb128 0xc
 219 012b 1E030000 		.4byte	.LASF24
 220 012f 05       		.byte	0x5
 221 0130 5202     		.2byte	0x252
 222 0132 A9000000 		.4byte	0xa9
 223 0136 18       		.byte	0x18
 224 0137 0C       		.uleb128 0xc
 225 0138 34000000 		.4byte	.LASF25
 226 013c 05       		.byte	0x5
 227 013d 5302     		.2byte	0x253
 228 013f 76000000 		.4byte	0x76
 229 0143 1C       		.byte	0x1c
 230 0144 0C       		.uleb128 0xc
 231 0145 A9010000 		.4byte	.LASF26
 232 0149 05       		.byte	0x5
 233 014a 5402     		.2byte	0x254
 234 014c 88000000 		.4byte	0x88
 235 0150 20       		.byte	0x20
 236 0151 0C       		.uleb128 0xc
 237 0152 FB010000 		.4byte	.LASF27
 238 0156 05       		.byte	0x5
 239 0157 5602     		.2byte	0x256
ARM GAS  C:\Users\gjl\AppData\Local\Temp\ccAnxWT2.s 			page 7


 240 0159 A9000000 		.4byte	0xa9
 241 015d 24       		.byte	0x24
 242 015e 0C       		.uleb128 0xc
 243 015f 01030000 		.4byte	.LASF28
 244 0163 05       		.byte	0x5
 245 0164 5702     		.2byte	0x257
 246 0166 76000000 		.4byte	0x76
 247 016a 28       		.byte	0x28
 248 016b 0C       		.uleb128 0xc
 249 016c 29040000 		.4byte	.LASF29
 250 0170 05       		.byte	0x5
 251 0171 5802     		.2byte	0x258
 252 0173 88000000 		.4byte	0x88
 253 0177 2C       		.byte	0x2c
 254 0178 0C       		.uleb128 0xc
 255 0179 3E030000 		.4byte	.LASF30
 256 017d 05       		.byte	0x5
 257 017e 5D02     		.2byte	0x25d
 258 0180 C3000000 		.4byte	0xc3
 259 0184 30       		.byte	0x30
 260 0185 0C       		.uleb128 0xc
 261 0186 B3030000 		.4byte	.LASF31
 262 018a 05       		.byte	0x5
 263 018b 6002     		.2byte	0x260
 264 018d 76000000 		.4byte	0x76
 265 0191 34       		.byte	0x34
 266 0192 00       		.byte	0
 267 0193 0A       		.uleb128 0xa
 268 0194 DA030000 		.4byte	.LASF32
 269 0198 05       		.byte	0x5
 270 0199 6302     		.2byte	0x263
 271 019b CF000000 		.4byte	0xcf
 272 019f 0D       		.uleb128 0xd
 273 01a0 01       		.byte	0x1
 274 01a1 2C000000 		.4byte	0x2c
 275 01a5 06       		.byte	0x6
 276 01a6 0504     		.2byte	0x405
 277 01a8 C5010000 		.4byte	0x1c5
 278 01ac 0E       		.uleb128 0xe
 279 01ad 01020000 		.4byte	.LASF33
 280 01b1 00       		.byte	0
 281 01b2 0E       		.uleb128 0xe
 282 01b3 9A030000 		.4byte	.LASF34
 283 01b7 01       		.byte	0x1
 284 01b8 0E       		.uleb128 0xe
 285 01b9 47030000 		.4byte	.LASF35
 286 01bd 02       		.byte	0x2
 287 01be 0E       		.uleb128 0xe
 288 01bf 0C000000 		.4byte	.LASF36
 289 01c3 03       		.byte	0x3
 290 01c4 00       		.byte	0
 291 01c5 0A       		.uleb128 0xa
 292 01c6 50040000 		.4byte	.LASF37
 293 01ca 06       		.byte	0x6
 294 01cb 0A04     		.2byte	0x40a
 295 01cd 9F010000 		.4byte	0x19f
 296 01d1 0F       		.uleb128 0xf
ARM GAS  C:\Users\gjl\AppData\Local\Temp\ccAnxWT2.s 			page 8


 297 01d2 78       		.byte	0x78
 298 01d3 06       		.byte	0x6
 299 01d4 F404     		.2byte	0x4f4
 300 01d6 9E020000 		.4byte	0x29e
 301 01da 0C       		.uleb128 0xc
 302 01db 43020000 		.4byte	.LASF38
 303 01df 06       		.byte	0x6
 304 01e0 F604     		.2byte	0x4f6
 305 01e2 76000000 		.4byte	0x76
 306 01e6 00       		.byte	0
 307 01e7 0C       		.uleb128 0xc
 308 01e8 C4000000 		.4byte	.LASF39
 309 01ec 06       		.byte	0x6
 310 01ed F704     		.2byte	0x4f7
 311 01ef 76000000 		.4byte	0x76
 312 01f3 04       		.byte	0x4
 313 01f4 0C       		.uleb128 0xc
 314 01f5 48020000 		.4byte	.LASF40
 315 01f9 06       		.byte	0x6
 316 01fa F804     		.2byte	0x4f8
 317 01fc 76000000 		.4byte	0x76
 318 0200 08       		.byte	0x8
 319 0201 0C       		.uleb128 0xc
 320 0202 13040000 		.4byte	.LASF41
 321 0206 06       		.byte	0x6
 322 0207 F904     		.2byte	0x4f9
 323 0209 76000000 		.4byte	0x76
 324 020d 0C       		.byte	0xc
 325 020e 0C       		.uleb128 0xc
 326 020f 85010000 		.4byte	.LASF42
 327 0213 06       		.byte	0x6
 328 0214 FA04     		.2byte	0x4fa
 329 0216 76000000 		.4byte	0x76
 330 021a 10       		.byte	0x10
 331 021b 0C       		.uleb128 0xc
 332 021c C1010000 		.4byte	.LASF43
 333 0220 06       		.byte	0x6
 334 0221 FB04     		.2byte	0x4fb
 335 0223 C5010000 		.4byte	0x1c5
 336 0227 14       		.byte	0x14
 337 0228 0C       		.uleb128 0xc
 338 0229 F4030000 		.4byte	.LASF44
 339 022d 06       		.byte	0x6
 340 022e FC04     		.2byte	0x4fc
 341 0230 76000000 		.4byte	0x76
 342 0234 18       		.byte	0x18
 343 0235 0C       		.uleb128 0xc
 344 0236 BB030000 		.4byte	.LASF45
 345 023a 06       		.byte	0x6
 346 023b FD04     		.2byte	0x4fd
 347 023d 9E020000 		.4byte	0x29e
 348 0241 1C       		.byte	0x1c
 349 0242 0C       		.uleb128 0xc
 350 0243 47040000 		.4byte	.LASF46
 351 0247 06       		.byte	0x6
 352 0248 FE04     		.2byte	0x4fe
 353 024a 76000000 		.4byte	0x76
ARM GAS  C:\Users\gjl\AppData\Local\Temp\ccAnxWT2.s 			page 9


 354 024e 5C       		.byte	0x5c
 355 024f 0C       		.uleb128 0xc
 356 0250 B8000000 		.4byte	.LASF47
 357 0254 06       		.byte	0x6
 358 0255 FF04     		.2byte	0x4ff
 359 0257 76000000 		.4byte	0x76
 360 025b 60       		.byte	0x60
 361 025c 0C       		.uleb128 0xc
 362 025d E3020000 		.4byte	.LASF48
 363 0261 06       		.byte	0x6
 364 0262 0005     		.2byte	0x500
 365 0264 76000000 		.4byte	0x76
 366 0268 64       		.byte	0x64
 367 0269 0C       		.uleb128 0xc
 368 026a 34030000 		.4byte	.LASF49
 369 026e 06       		.byte	0x6
 370 026f 0105     		.2byte	0x501
 371 0271 76000000 		.4byte	0x76
 372 0275 68       		.byte	0x68
 373 0276 0C       		.uleb128 0xc
 374 0277 F1020000 		.4byte	.LASF50
 375 027b 06       		.byte	0x6
 376 027c 0205     		.2byte	0x502
 377 027e 76000000 		.4byte	0x76
 378 0282 6C       		.byte	0x6c
 379 0283 0C       		.uleb128 0xc
 380 0284 27020000 		.4byte	.LASF51
 381 0288 06       		.byte	0x6
 382 0289 0305     		.2byte	0x503
 383 028b AB000000 		.4byte	0xab
 384 028f 70       		.byte	0x70
 385 0290 0C       		.uleb128 0xc
 386 0291 E7000000 		.4byte	.LASF52
 387 0295 06       		.byte	0x6
 388 0296 0405     		.2byte	0x504
 389 0298 76000000 		.4byte	0x76
 390 029c 74       		.byte	0x74
 391 029d 00       		.byte	0
 392 029e 10       		.uleb128 0x10
 393 029f 76000000 		.4byte	0x76
 394 02a3 AE020000 		.4byte	0x2ae
 395 02a7 11       		.uleb128 0x11
 396 02a8 81000000 		.4byte	0x81
 397 02ac 0F       		.byte	0xf
 398 02ad 00       		.byte	0
 399 02ae 0A       		.uleb128 0xa
 400 02af C6030000 		.4byte	.LASF53
 401 02b3 06       		.byte	0x6
 402 02b4 0505     		.2byte	0x505
 403 02b6 D1010000 		.4byte	0x1d1
 404 02ba 12       		.uleb128 0x12
 405 02bb 14       		.byte	0x14
 406 02bc 07       		.byte	0x7
 407 02bd 3B       		.byte	0x3b
 408 02be FF020000 		.4byte	0x2ff
 409 02c2 13       		.uleb128 0x13
 410 02c3 00000000 		.4byte	.LASF54
ARM GAS  C:\Users\gjl\AppData\Local\Temp\ccAnxWT2.s 			page 10


 411 02c7 07       		.byte	0x7
 412 02c8 3D       		.byte	0x3d
 413 02c9 76000000 		.4byte	0x76
 414 02cd 00       		.byte	0
 415 02ce 13       		.uleb128 0x13
 416 02cf FB030000 		.4byte	.LASF55
 417 02d3 07       		.byte	0x7
 418 02d4 3E       		.byte	0x3e
 419 02d5 76000000 		.4byte	0x76
 420 02d9 04       		.byte	0x4
 421 02da 13       		.uleb128 0x13
 422 02db 65030000 		.4byte	.LASF56
 423 02df 07       		.byte	0x7
 424 02e0 3F       		.byte	0x3f
 425 02e1 FF020000 		.4byte	0x2ff
 426 02e5 08       		.byte	0x8
 427 02e6 13       		.uleb128 0x13
 428 02e7 24030000 		.4byte	.LASF57
 429 02eb 07       		.byte	0x7
 430 02ec 40       		.byte	0x40
 431 02ed 76000000 		.4byte	0x76
 432 02f1 0C       		.byte	0xc
 433 02f2 13       		.uleb128 0x13
 434 02f3 DC010000 		.4byte	.LASF58
 435 02f7 07       		.byte	0x7
 436 02f8 45       		.byte	0x45
 437 02f9 76000000 		.4byte	0x76
 438 02fd 10       		.byte	0x10
 439 02fe 00       		.byte	0
 440 02ff 07       		.uleb128 0x7
 441 0300 04       		.byte	0x4
 442 0301 05030000 		.4byte	0x305
 443 0305 14       		.uleb128 0x14
 444 0306 AE020000 		.4byte	0x2ae
 445 030a 03       		.uleb128 0x3
 446 030b A3020000 		.4byte	.LASF59
 447 030f 07       		.byte	0x7
 448 0310 48       		.byte	0x48
 449 0311 BA020000 		.4byte	0x2ba
 450 0315 15       		.uleb128 0x15
 451 0316 69020000 		.4byte	.LASF67
 452 031a 02       		.byte	0x2
 453 031b 53       		.byte	0x53
 454 031c 03       		.byte	0x3
 455 031d 16       		.uleb128 0x16
 456 031e 90010000 		.4byte	.LASF68
 457 0322 01       		.byte	0x1
 458 0323 0E       		.byte	0xe
 459 0324 68000000 		.4byte	0x68
 460 0328 00000000 		.4byte	.LFB425
 461 032c 10000000 		.4byte	.LFE425-.LFB425
 462 0330 01       		.uleb128 0x1
 463 0331 9C       		.byte	0x9c
 464 0332 59030000 		.4byte	0x359
 465 0336 17       		.uleb128 0x17
 466 0337 15030000 		.4byte	0x315
 467 033b 02000000 		.4byte	.LBB4
ARM GAS  C:\Users\gjl\AppData\Local\Temp\ccAnxWT2.s 			page 11


 468 033f 02000000 		.4byte	.LBE4-.LBB4
 469 0343 01       		.byte	0x1
 470 0344 10       		.byte	0x10
 471 0345 18       		.uleb128 0x18
 472 0346 0A000000 		.4byte	.LVL0
 473 034a 96030000 		.4byte	0x396
 474 034e 19       		.uleb128 0x19
 475 034f 01       		.uleb128 0x1
 476 0350 50       		.byte	0x50
 477 0351 05       		.uleb128 0x5
 478 0352 0C       		.byte	0xc
 479 0353 00000810 		.4byte	0x10080000
 480 0357 00       		.byte	0
 481 0358 00       		.byte	0
 482 0359 1A       		.uleb128 0x1a
 483 035a B2010000 		.4byte	.LASF60
 484 035e 08       		.byte	0x8
 485 035f 87       		.byte	0x87
 486 0360 93010000 		.4byte	0x193
 487 0364 1B       		.uleb128 0x1b
 488 0365 55020000 		.4byte	.LASF61
 489 0369 07       		.byte	0x7
 490 036a 6001     		.2byte	0x160
 491 036c 76000000 		.4byte	0x76
 492 0370 10       		.uleb128 0x10
 493 0371 80030000 		.4byte	0x380
 494 0375 80030000 		.4byte	0x380
 495 0379 11       		.uleb128 0x11
 496 037a 81000000 		.4byte	0x81
 497 037e 00       		.byte	0
 498 037f 00       		.byte	0
 499 0380 14       		.uleb128 0x14
 500 0381 0A030000 		.4byte	0x30a
 501 0385 1B       		.uleb128 0x1b
 502 0386 CB010000 		.4byte	.LASF62
 503 038a 07       		.byte	0x7
 504 038b 6401     		.2byte	0x164
 505 038d 91030000 		.4byte	0x391
 506 0391 14       		.uleb128 0x14
 507 0392 70030000 		.4byte	0x370
 508 0396 1C       		.uleb128 0x1c
 509 0397 71030000 		.4byte	.LASF69
 510 039b 71030000 		.4byte	.LASF69
 511 039f 09       		.byte	0x9
 512 03a0 FE01     		.2byte	0x1fe
 513 03a2 00       		.byte	0
 514              		.section	.debug_abbrev,"",%progbits
 515              	.Ldebug_abbrev0:
 516 0000 01       		.uleb128 0x1
 517 0001 11       		.uleb128 0x11
 518 0002 01       		.byte	0x1
 519 0003 25       		.uleb128 0x25
 520 0004 0E       		.uleb128 0xe
 521 0005 13       		.uleb128 0x13
 522 0006 0B       		.uleb128 0xb
 523 0007 03       		.uleb128 0x3
 524 0008 0E       		.uleb128 0xe
ARM GAS  C:\Users\gjl\AppData\Local\Temp\ccAnxWT2.s 			page 12


 525 0009 1B       		.uleb128 0x1b
 526 000a 0E       		.uleb128 0xe
 527 000b 55       		.uleb128 0x55
 528 000c 17       		.uleb128 0x17
 529 000d 11       		.uleb128 0x11
 530 000e 01       		.uleb128 0x1
 531 000f 10       		.uleb128 0x10
 532 0010 17       		.uleb128 0x17
 533 0011 00       		.byte	0
 534 0012 00       		.byte	0
 535 0013 02       		.uleb128 0x2
 536 0014 24       		.uleb128 0x24
 537 0015 00       		.byte	0
 538 0016 0B       		.uleb128 0xb
 539 0017 0B       		.uleb128 0xb
 540 0018 3E       		.uleb128 0x3e
 541 0019 0B       		.uleb128 0xb
 542 001a 03       		.uleb128 0x3
 543 001b 0E       		.uleb128 0xe
 544 001c 00       		.byte	0
 545 001d 00       		.byte	0
 546 001e 03       		.uleb128 0x3
 547 001f 16       		.uleb128 0x16
 548 0020 00       		.byte	0
 549 0021 03       		.uleb128 0x3
 550 0022 0E       		.uleb128 0xe
 551 0023 3A       		.uleb128 0x3a
 552 0024 0B       		.uleb128 0xb
 553 0025 3B       		.uleb128 0x3b
 554 0026 0B       		.uleb128 0xb
 555 0027 49       		.uleb128 0x49
 556 0028 13       		.uleb128 0x13
 557 0029 00       		.byte	0
 558 002a 00       		.byte	0
 559 002b 04       		.uleb128 0x4
 560 002c 24       		.uleb128 0x24
 561 002d 00       		.byte	0
 562 002e 0B       		.uleb128 0xb
 563 002f 0B       		.uleb128 0xb
 564 0030 3E       		.uleb128 0x3e
 565 0031 0B       		.uleb128 0xb
 566 0032 03       		.uleb128 0x3
 567 0033 08       		.uleb128 0x8
 568 0034 00       		.byte	0
 569 0035 00       		.byte	0
 570 0036 05       		.uleb128 0x5
 571 0037 35       		.uleb128 0x35
 572 0038 00       		.byte	0
 573 0039 49       		.uleb128 0x49
 574 003a 13       		.uleb128 0x13
 575 003b 00       		.byte	0
 576 003c 00       		.byte	0
 577 003d 06       		.uleb128 0x6
 578 003e 0F       		.uleb128 0xf
 579 003f 00       		.byte	0
 580 0040 0B       		.uleb128 0xb
 581 0041 0B       		.uleb128 0xb
ARM GAS  C:\Users\gjl\AppData\Local\Temp\ccAnxWT2.s 			page 13


 582 0042 00       		.byte	0
 583 0043 00       		.byte	0
 584 0044 07       		.uleb128 0x7
 585 0045 0F       		.uleb128 0xf
 586 0046 00       		.byte	0
 587 0047 0B       		.uleb128 0xb
 588 0048 0B       		.uleb128 0xb
 589 0049 49       		.uleb128 0x49
 590 004a 13       		.uleb128 0x13
 591 004b 00       		.byte	0
 592 004c 00       		.byte	0
 593 004d 08       		.uleb128 0x8
 594 004e 15       		.uleb128 0x15
 595 004f 01       		.byte	0x1
 596 0050 27       		.uleb128 0x27
 597 0051 19       		.uleb128 0x19
 598 0052 01       		.uleb128 0x1
 599 0053 13       		.uleb128 0x13
 600 0054 00       		.byte	0
 601 0055 00       		.byte	0
 602 0056 09       		.uleb128 0x9
 603 0057 05       		.uleb128 0x5
 604 0058 00       		.byte	0
 605 0059 49       		.uleb128 0x49
 606 005a 13       		.uleb128 0x13
 607 005b 00       		.byte	0
 608 005c 00       		.byte	0
 609 005d 0A       		.uleb128 0xa
 610 005e 16       		.uleb128 0x16
 611 005f 00       		.byte	0
 612 0060 03       		.uleb128 0x3
 613 0061 0E       		.uleb128 0xe
 614 0062 3A       		.uleb128 0x3a
 615 0063 0B       		.uleb128 0xb
 616 0064 3B       		.uleb128 0x3b
 617 0065 05       		.uleb128 0x5
 618 0066 49       		.uleb128 0x49
 619 0067 13       		.uleb128 0x13
 620 0068 00       		.byte	0
 621 0069 00       		.byte	0
 622 006a 0B       		.uleb128 0xb
 623 006b 13       		.uleb128 0x13
 624 006c 01       		.byte	0x1
 625 006d 03       		.uleb128 0x3
 626 006e 0E       		.uleb128 0xe
 627 006f 0B       		.uleb128 0xb
 628 0070 0B       		.uleb128 0xb
 629 0071 3A       		.uleb128 0x3a
 630 0072 0B       		.uleb128 0xb
 631 0073 3B       		.uleb128 0x3b
 632 0074 05       		.uleb128 0x5
 633 0075 01       		.uleb128 0x1
 634 0076 13       		.uleb128 0x13
 635 0077 00       		.byte	0
 636 0078 00       		.byte	0
 637 0079 0C       		.uleb128 0xc
 638 007a 0D       		.uleb128 0xd
ARM GAS  C:\Users\gjl\AppData\Local\Temp\ccAnxWT2.s 			page 14


 639 007b 00       		.byte	0
 640 007c 03       		.uleb128 0x3
 641 007d 0E       		.uleb128 0xe
 642 007e 3A       		.uleb128 0x3a
 643 007f 0B       		.uleb128 0xb
 644 0080 3B       		.uleb128 0x3b
 645 0081 05       		.uleb128 0x5
 646 0082 49       		.uleb128 0x49
 647 0083 13       		.uleb128 0x13
 648 0084 38       		.uleb128 0x38
 649 0085 0B       		.uleb128 0xb
 650 0086 00       		.byte	0
 651 0087 00       		.byte	0
 652 0088 0D       		.uleb128 0xd
 653 0089 04       		.uleb128 0x4
 654 008a 01       		.byte	0x1
 655 008b 0B       		.uleb128 0xb
 656 008c 0B       		.uleb128 0xb
 657 008d 49       		.uleb128 0x49
 658 008e 13       		.uleb128 0x13
 659 008f 3A       		.uleb128 0x3a
 660 0090 0B       		.uleb128 0xb
 661 0091 3B       		.uleb128 0x3b
 662 0092 05       		.uleb128 0x5
 663 0093 01       		.uleb128 0x1
 664 0094 13       		.uleb128 0x13
 665 0095 00       		.byte	0
 666 0096 00       		.byte	0
 667 0097 0E       		.uleb128 0xe
 668 0098 28       		.uleb128 0x28
 669 0099 00       		.byte	0
 670 009a 03       		.uleb128 0x3
 671 009b 0E       		.uleb128 0xe
 672 009c 1C       		.uleb128 0x1c
 673 009d 0B       		.uleb128 0xb
 674 009e 00       		.byte	0
 675 009f 00       		.byte	0
 676 00a0 0F       		.uleb128 0xf
 677 00a1 13       		.uleb128 0x13
 678 00a2 01       		.byte	0x1
 679 00a3 0B       		.uleb128 0xb
 680 00a4 0B       		.uleb128 0xb
 681 00a5 3A       		.uleb128 0x3a
 682 00a6 0B       		.uleb128 0xb
 683 00a7 3B       		.uleb128 0x3b
 684 00a8 05       		.uleb128 0x5
 685 00a9 01       		.uleb128 0x1
 686 00aa 13       		.uleb128 0x13
 687 00ab 00       		.byte	0
 688 00ac 00       		.byte	0
 689 00ad 10       		.uleb128 0x10
 690 00ae 01       		.uleb128 0x1
 691 00af 01       		.byte	0x1
 692 00b0 49       		.uleb128 0x49
 693 00b1 13       		.uleb128 0x13
 694 00b2 01       		.uleb128 0x1
 695 00b3 13       		.uleb128 0x13
ARM GAS  C:\Users\gjl\AppData\Local\Temp\ccAnxWT2.s 			page 15


 696 00b4 00       		.byte	0
 697 00b5 00       		.byte	0
 698 00b6 11       		.uleb128 0x11
 699 00b7 21       		.uleb128 0x21
 700 00b8 00       		.byte	0
 701 00b9 49       		.uleb128 0x49
 702 00ba 13       		.uleb128 0x13
 703 00bb 2F       		.uleb128 0x2f
 704 00bc 0B       		.uleb128 0xb
 705 00bd 00       		.byte	0
 706 00be 00       		.byte	0
 707 00bf 12       		.uleb128 0x12
 708 00c0 13       		.uleb128 0x13
 709 00c1 01       		.byte	0x1
 710 00c2 0B       		.uleb128 0xb
 711 00c3 0B       		.uleb128 0xb
 712 00c4 3A       		.uleb128 0x3a
 713 00c5 0B       		.uleb128 0xb
 714 00c6 3B       		.uleb128 0x3b
 715 00c7 0B       		.uleb128 0xb
 716 00c8 01       		.uleb128 0x1
 717 00c9 13       		.uleb128 0x13
 718 00ca 00       		.byte	0
 719 00cb 00       		.byte	0
 720 00cc 13       		.uleb128 0x13
 721 00cd 0D       		.uleb128 0xd
 722 00ce 00       		.byte	0
 723 00cf 03       		.uleb128 0x3
 724 00d0 0E       		.uleb128 0xe
 725 00d1 3A       		.uleb128 0x3a
 726 00d2 0B       		.uleb128 0xb
 727 00d3 3B       		.uleb128 0x3b
 728 00d4 0B       		.uleb128 0xb
 729 00d5 49       		.uleb128 0x49
 730 00d6 13       		.uleb128 0x13
 731 00d7 38       		.uleb128 0x38
 732 00d8 0B       		.uleb128 0xb
 733 00d9 00       		.byte	0
 734 00da 00       		.byte	0
 735 00db 14       		.uleb128 0x14
 736 00dc 26       		.uleb128 0x26
 737 00dd 00       		.byte	0
 738 00de 49       		.uleb128 0x49
 739 00df 13       		.uleb128 0x13
 740 00e0 00       		.byte	0
 741 00e1 00       		.byte	0
 742 00e2 15       		.uleb128 0x15
 743 00e3 2E       		.uleb128 0x2e
 744 00e4 00       		.byte	0
 745 00e5 03       		.uleb128 0x3
 746 00e6 0E       		.uleb128 0xe
 747 00e7 3A       		.uleb128 0x3a
 748 00e8 0B       		.uleb128 0xb
 749 00e9 3B       		.uleb128 0x3b
 750 00ea 0B       		.uleb128 0xb
 751 00eb 27       		.uleb128 0x27
 752 00ec 19       		.uleb128 0x19
ARM GAS  C:\Users\gjl\AppData\Local\Temp\ccAnxWT2.s 			page 16


 753 00ed 20       		.uleb128 0x20
 754 00ee 0B       		.uleb128 0xb
 755 00ef 00       		.byte	0
 756 00f0 00       		.byte	0
 757 00f1 16       		.uleb128 0x16
 758 00f2 2E       		.uleb128 0x2e
 759 00f3 01       		.byte	0x1
 760 00f4 3F       		.uleb128 0x3f
 761 00f5 19       		.uleb128 0x19
 762 00f6 03       		.uleb128 0x3
 763 00f7 0E       		.uleb128 0xe
 764 00f8 3A       		.uleb128 0x3a
 765 00f9 0B       		.uleb128 0xb
 766 00fa 3B       		.uleb128 0x3b
 767 00fb 0B       		.uleb128 0xb
 768 00fc 27       		.uleb128 0x27
 769 00fd 19       		.uleb128 0x19
 770 00fe 49       		.uleb128 0x49
 771 00ff 13       		.uleb128 0x13
 772 0100 8701     		.uleb128 0x87
 773 0102 19       		.uleb128 0x19
 774 0103 11       		.uleb128 0x11
 775 0104 01       		.uleb128 0x1
 776 0105 12       		.uleb128 0x12
 777 0106 06       		.uleb128 0x6
 778 0107 40       		.uleb128 0x40
 779 0108 18       		.uleb128 0x18
 780 0109 9742     		.uleb128 0x2117
 781 010b 19       		.uleb128 0x19
 782 010c 01       		.uleb128 0x1
 783 010d 13       		.uleb128 0x13
 784 010e 00       		.byte	0
 785 010f 00       		.byte	0
 786 0110 17       		.uleb128 0x17
 787 0111 1D       		.uleb128 0x1d
 788 0112 00       		.byte	0
 789 0113 31       		.uleb128 0x31
 790 0114 13       		.uleb128 0x13
 791 0115 11       		.uleb128 0x11
 792 0116 01       		.uleb128 0x1
 793 0117 12       		.uleb128 0x12
 794 0118 06       		.uleb128 0x6
 795 0119 58       		.uleb128 0x58
 796 011a 0B       		.uleb128 0xb
 797 011b 59       		.uleb128 0x59
 798 011c 0B       		.uleb128 0xb
 799 011d 00       		.byte	0
 800 011e 00       		.byte	0
 801 011f 18       		.uleb128 0x18
 802 0120 898201   		.uleb128 0x4109
 803 0123 01       		.byte	0x1
 804 0124 11       		.uleb128 0x11
 805 0125 01       		.uleb128 0x1
 806 0126 31       		.uleb128 0x31
 807 0127 13       		.uleb128 0x13
 808 0128 00       		.byte	0
 809 0129 00       		.byte	0
ARM GAS  C:\Users\gjl\AppData\Local\Temp\ccAnxWT2.s 			page 17


 810 012a 19       		.uleb128 0x19
 811 012b 8A8201   		.uleb128 0x410a
 812 012e 00       		.byte	0
 813 012f 02       		.uleb128 0x2
 814 0130 18       		.uleb128 0x18
 815 0131 9142     		.uleb128 0x2111
 816 0133 18       		.uleb128 0x18
 817 0134 00       		.byte	0
 818 0135 00       		.byte	0
 819 0136 1A       		.uleb128 0x1a
 820 0137 34       		.uleb128 0x34
 821 0138 00       		.byte	0
 822 0139 03       		.uleb128 0x3
 823 013a 0E       		.uleb128 0xe
 824 013b 3A       		.uleb128 0x3a
 825 013c 0B       		.uleb128 0xb
 826 013d 3B       		.uleb128 0x3b
 827 013e 0B       		.uleb128 0xb
 828 013f 49       		.uleb128 0x49
 829 0140 13       		.uleb128 0x13
 830 0141 3F       		.uleb128 0x3f
 831 0142 19       		.uleb128 0x19
 832 0143 3C       		.uleb128 0x3c
 833 0144 19       		.uleb128 0x19
 834 0145 00       		.byte	0
 835 0146 00       		.byte	0
 836 0147 1B       		.uleb128 0x1b
 837 0148 34       		.uleb128 0x34
 838 0149 00       		.byte	0
 839 014a 03       		.uleb128 0x3
 840 014b 0E       		.uleb128 0xe
 841 014c 3A       		.uleb128 0x3a
 842 014d 0B       		.uleb128 0xb
 843 014e 3B       		.uleb128 0x3b
 844 014f 05       		.uleb128 0x5
 845 0150 49       		.uleb128 0x49
 846 0151 13       		.uleb128 0x13
 847 0152 3F       		.uleb128 0x3f
 848 0153 19       		.uleb128 0x19
 849 0154 3C       		.uleb128 0x3c
 850 0155 19       		.uleb128 0x19
 851 0156 00       		.byte	0
 852 0157 00       		.byte	0
 853 0158 1C       		.uleb128 0x1c
 854 0159 2E       		.uleb128 0x2e
 855 015a 00       		.byte	0
 856 015b 3F       		.uleb128 0x3f
 857 015c 19       		.uleb128 0x19
 858 015d 3C       		.uleb128 0x3c
 859 015e 19       		.uleb128 0x19
 860 015f 6E       		.uleb128 0x6e
 861 0160 0E       		.uleb128 0xe
 862 0161 03       		.uleb128 0x3
 863 0162 0E       		.uleb128 0xe
 864 0163 3A       		.uleb128 0x3a
 865 0164 0B       		.uleb128 0xb
 866 0165 3B       		.uleb128 0x3b
ARM GAS  C:\Users\gjl\AppData\Local\Temp\ccAnxWT2.s 			page 18


 867 0166 05       		.uleb128 0x5
 868 0167 00       		.byte	0
 869 0168 00       		.byte	0
 870 0169 00       		.byte	0
 871              		.section	.debug_aranges,"",%progbits
 872 0000 1C000000 		.4byte	0x1c
 873 0004 0200     		.2byte	0x2
 874 0006 00000000 		.4byte	.Ldebug_info0
 875 000a 04       		.byte	0x4
 876 000b 00       		.byte	0
 877 000c 0000     		.2byte	0
 878 000e 0000     		.2byte	0
 879 0010 00000000 		.4byte	.LFB425
 880 0014 10000000 		.4byte	.LFE425-.LFB425
 881 0018 00000000 		.4byte	0
 882 001c 00000000 		.4byte	0
 883              		.section	.debug_ranges,"",%progbits
 884              	.Ldebug_ranges0:
 885 0000 00000000 		.4byte	.LFB425
 886 0004 10000000 		.4byte	.LFE425
 887 0008 00000000 		.4byte	0
 888 000c 00000000 		.4byte	0
 889              		.section	.debug_line,"",%progbits
 890              	.Ldebug_line0:
 891 0000 3C020000 		.section	.debug_str,"MS",%progbits,1
 891      02001B02 
 891      00000201 
 891      FB0E0D00 
 891      01010101 
 892              	.LASF54:
 893 0000 6368616E 		.ascii	"channelBase\000"
 893      6E656C42 
 893      61736500 
 894              	.LASF36:
 895 000c 43595F53 		.ascii	"CY_SAR_RANGE_COND_OUTSIDE\000"
 895      41525F52 
 895      414E4745 
 895      5F434F4E 
 895      445F4F55 
 896              	.LASF23:
 897 0026 72785269 		.ascii	"rxRingBufTail\000"
 897      6E674275 
 897      66546169 
 897      6C00
 898              	.LASF25:
 899 0034 72784275 		.ascii	"rxBufSize\000"
 899      6653697A 
 899      6500
 900              	.LASF65:
 901 003e 433A5C47 		.ascii	"C:\\Git\\PSoC6-101-Videos\\Projects_ScreenCapture\\"
 901      69745C50 
 901      536F4336 
 901      2D313031 
 901      2D566964 
 902 006d 50536F43 		.ascii	"PSoC 6_101\\2-6-ADC.cydsn\000"
 902      20365F31 
 902      30315C32 
ARM GAS  C:\Users\gjl\AppData\Local\Temp\ccAnxWT2.s 			page 19


 902      2D362D41 
 902      44432E63 
 903              	.LASF17:
 904 0086 63795F63 		.ascii	"cy_cb_scb_uart_handle_events_t\000"
 904      625F7363 
 904      625F7561 
 904      72745F68 
 904      616E646C 
 905              	.LASF0:
 906 00a5 73686F72 		.ascii	"short int\000"
 906      7420696E 
 906      7400
 907              	.LASF11:
 908 00af 73697A65 		.ascii	"sizetype\000"
 908      74797065 
 908      00
 909              	.LASF47:
 910 00b8 73617449 		.ascii	"satIntrMask\000"
 910      6E74724D 
 910      61736B00 
 911              	.LASF39:
 912 00c4 73616D70 		.ascii	"sampleCtrl\000"
 912      6C654374 
 912      726C00
 913              	.LASF66:
 914 00cf 63795F73 		.ascii	"cy_stc_scb_uart_context\000"
 914      74635F73 
 914      63625F75 
 914      6172745F 
 914      636F6E74 
 915              	.LASF52:
 916 00e7 76726566 		.ascii	"vrefMvValue\000"
 916      4D765661 
 916      6C756500 
 917              	.LASF63:
 918 00f3 474E5520 		.ascii	"GNU C11 5.4.1 20160609 (release) [ARM/embedded-5-br"
 918      43313120 
 918      352E342E 
 918      31203230 
 918      31363036 
 919 0126 616E6368 		.ascii	"anch revision 237715] -mcpu=cortex-m0plus -mthumb -"
 919      20726576 
 919      6973696F 
 919      6E203233 
 919      37373135 
 920 0159 67202D4F 		.ascii	"g -Og -ffunction-sections -ffat-lto-objects\000"
 920      67202D66 
 920      66756E63 
 920      74696F6E 
 920      2D736563 
 921              	.LASF42:
 922 0185 72616E67 		.ascii	"rangeThres\000"
 922      65546872 
 922      657300
 923              	.LASF68:
 924 0190 6D61696E 		.ascii	"main\000"
 924      00
ARM GAS  C:\Users\gjl\AppData\Local\Temp\ccAnxWT2.s 			page 20


 925              	.LASF9:
 926 0195 5F5F7569 		.ascii	"__uint32_t\000"
 926      6E743332 
 926      5F7400
 927              	.LASF18:
 928 01a0 74785374 		.ascii	"txStatus\000"
 928      61747573 
 928      00
 929              	.LASF26:
 930 01a9 72784275 		.ascii	"rxBufIdx\000"
 930      66496478 
 930      00
 931              	.LASF60:
 932 01b2 55415254 		.ascii	"UART_1_context\000"
 932      5F315F63 
 932      6F6E7465 
 932      787400
 933              	.LASF43:
 934 01c1 72616E67 		.ascii	"rangeCond\000"
 934      65436F6E 
 934      6400
 935              	.LASF62:
 936 01cb 4144435F 		.ascii	"ADC_1_allConfigs\000"
 936      315F616C 
 936      6C436F6E 
 936      66696773 
 936      00
 937              	.LASF58:
 938 01dc 636C6B44 		.ascii	"clkDivider\000"
 938      69766964 
 938      657200
 939              	.LASF22:
 940 01e7 72785269 		.ascii	"rxRingBufHead\000"
 940      6E674275 
 940      66486561 
 940      6400
 941              	.LASF14:
 942 01f5 666C6F61 		.ascii	"float\000"
 942      7400
 943              	.LASF27:
 944 01fb 74784275 		.ascii	"txBuf\000"
 944      6600
 945              	.LASF33:
 946 0201 43595F53 		.ascii	"CY_SAR_RANGE_COND_BELOW\000"
 946      41525F52 
 946      414E4745 
 946      5F434F4E 
 946      445F4245 
 947              	.LASF6:
 948 0219 6C6F6E67 		.ascii	"long long int\000"
 948      206C6F6E 
 948      6720696E 
 948      7400
 949              	.LASF51:
 950 0227 636F6E66 		.ascii	"configRouting\000"
 950      6967526F 
 950      7574696E 
ARM GAS  C:\Users\gjl\AppData\Local\Temp\ccAnxWT2.s 			page 21


 950      6700
 951              	.LASF21:
 952 0235 72785269 		.ascii	"rxRingBufSize\000"
 952      6E674275 
 952      6653697A 
 952      6500
 953              	.LASF38:
 954 0243 6374726C 		.ascii	"ctrl\000"
 954      00
 955              	.LASF40:
 956 0248 73616D70 		.ascii	"sampleTime01\000"
 956      6C655469 
 956      6D653031 
 956      00
 957              	.LASF61:
 958 0255 4144435F 		.ascii	"ADC_1_currentConfig\000"
 958      315F6375 
 958      7272656E 
 958      74436F6E 
 958      66696700 
 959              	.LASF67:
 960 0269 5F5F656E 		.ascii	"__enable_irq\000"
 960      61626C65 
 960      5F697271 
 960      00
 961              	.LASF12:
 962 0276 6C6F6E67 		.ascii	"long double\000"
 962      20646F75 
 962      626C6500 
 963              	.LASF19:
 964 0282 72785374 		.ascii	"rxStatus\000"
 964      61747573 
 964      00
 965              	.LASF1:
 966 028b 756E7369 		.ascii	"unsigned char\000"
 966      676E6564 
 966      20636861 
 966      7200
 967              	.LASF20:
 968 0299 72785269 		.ascii	"rxRingBuf\000"
 968      6E674275 
 968      6600
 969              	.LASF59:
 970 02a3 4144435F 		.ascii	"ADC_1_CONFIG_STRUCT\000"
 970      315F434F 
 970      4E464947 
 970      5F535452 
 970      55435400 
 971              	.LASF2:
 972 02b7 7369676E 		.ascii	"signed char\000"
 972      65642063 
 972      68617200 
 973              	.LASF7:
 974 02c3 6C6F6E67 		.ascii	"long long unsigned int\000"
 974      206C6F6E 
 974      6720756E 
 974      7369676E 
ARM GAS  C:\Users\gjl\AppData\Local\Temp\ccAnxWT2.s 			page 22


 974      65642069 
 975              	.LASF10:
 976 02da 75696E74 		.ascii	"uint32_t\000"
 976      33325F74 
 976      00
 977              	.LASF48:
 978 02e3 72616E67 		.ascii	"rangeIntrMask\000"
 978      65496E74 
 978      724D6173 
 978      6B00
 979              	.LASF50:
 980 02f1 6D757853 		.ascii	"muxSwitchSqCtrl\000"
 980      77697463 
 980      68537143 
 980      74726C00 
 981              	.LASF28:
 982 0301 74784275 		.ascii	"txBufSize\000"
 982      6653697A 
 982      6500
 983              	.LASF3:
 984 030b 73686F72 		.ascii	"short unsigned int\000"
 984      7420756E 
 984      7369676E 
 984      65642069 
 984      6E7400
 985              	.LASF24:
 986 031e 72784275 		.ascii	"rxBuf\000"
 986      6600
 987              	.LASF57:
 988 0324 6D697363 		.ascii	"miscConfig\000"
 988      436F6E66 
 988      696700
 989              	.LASF13:
 990 032f 63686172 		.ascii	"char\000"
 990      00
 991              	.LASF49:
 992 0334 6D757853 		.ascii	"muxSwitch\000"
 992      77697463 
 992      6800
 993              	.LASF30:
 994 033e 63624576 		.ascii	"cbEvents\000"
 994      656E7473 
 994      00
 995              	.LASF35:
 996 0347 43595F53 		.ascii	"CY_SAR_RANGE_COND_ABOVE\000"
 996      41525F52 
 996      414E4745 
 996      5F434F4E 
 996      445F4142 
 997              	.LASF16:
 998 035f 5F426F6F 		.ascii	"_Bool\000"
 998      6C00
 999              	.LASF56:
 1000 0365 6877436F 		.ascii	"hwConfigStc\000"
 1000      6E666967 
 1000      53746300 
 1001              	.LASF69:
ARM GAS  C:\Users\gjl\AppData\Local\Temp\ccAnxWT2.s 			page 23


 1002 0371 43795F53 		.ascii	"Cy_SysEnableCM4\000"
 1002      7973456E 
 1002      61626C65 
 1002      434D3400 
 1003              	.LASF5:
 1004 0381 6C6F6E67 		.ascii	"long unsigned int\000"
 1004      20756E73 
 1004      69676E65 
 1004      6420696E 
 1004      7400
 1005              	.LASF15:
 1006 0393 646F7562 		.ascii	"double\000"
 1006      6C6500
 1007              	.LASF34:
 1008 039a 43595F53 		.ascii	"CY_SAR_RANGE_COND_INSIDE\000"
 1008      41525F52 
 1008      414E4745 
 1008      5F434F4E 
 1008      445F494E 
 1009              	.LASF31:
 1010 03b3 696E6974 		.ascii	"initKey\000"
 1010      4B657900 
 1011              	.LASF45:
 1012 03bb 6368616E 		.ascii	"chanConfig\000"
 1012      436F6E66 
 1012      696700
 1013              	.LASF53:
 1014 03c6 63795F73 		.ascii	"cy_stc_sar_config_t\000"
 1014      74635F73 
 1014      61725F63 
 1014      6F6E6669 
 1014      675F7400 
 1015              	.LASF32:
 1016 03da 63795F73 		.ascii	"cy_stc_scb_uart_context_t\000"
 1016      74635F73 
 1016      63625F75 
 1016      6172745F 
 1016      636F6E74 
 1017              	.LASF44:
 1018 03f4 6368616E 		.ascii	"chanEn\000"
 1018      456E00
 1019              	.LASF55:
 1020 03fb 6E756D43 		.ascii	"numChannels\000"
 1020      68616E6E 
 1020      656C7300 
 1021              	.LASF64:
 1022 0407 6D61696E 		.ascii	"main_cm0p.c\000"
 1022      5F636D30 
 1022      702E6300 
 1023              	.LASF41:
 1024 0413 73616D70 		.ascii	"sampleTime23\000"
 1024      6C655469 
 1024      6D653233 
 1024      00
 1025              	.LASF4:
 1026 0420 6C6F6E67 		.ascii	"long int\000"
 1026      20696E74 
ARM GAS  C:\Users\gjl\AppData\Local\Temp\ccAnxWT2.s 			page 24


 1026      00
 1027              	.LASF29:
 1028 0429 74784C65 		.ascii	"txLeftToTransmit\000"
 1028      6674546F 
 1028      5472616E 
 1028      736D6974 
 1028      00
 1029              	.LASF8:
 1030 043a 756E7369 		.ascii	"unsigned int\000"
 1030      676E6564 
 1030      20696E74 
 1030      00
 1031              	.LASF46:
 1032 0447 696E7472 		.ascii	"intrMask\000"
 1032      4D61736B 
 1032      00
 1033              	.LASF37:
 1034 0450 63795F65 		.ascii	"cy_en_sar_range_detect_condition_t\000"
 1034      6E5F7361 
 1034      725F7261 
 1034      6E67655F 
 1034      64657465 
 1035              		.ident	"GCC: (GNU Tools for ARM Embedded Processors) 5.4.1 20160609 (release) [ARM/embedded-5-bran
