ARM GAS  C:\Users\gjl\AppData\Local\Temp\ccrjaIka.s 			page 1


   1              		.syntax unified
   2              		.cpu cortex-m0plus
   3              		.fpu softvfp
   4              		.eabi_attribute 20, 1
   5              		.eabi_attribute 21, 1
   6              		.eabi_attribute 23, 3
   7              		.eabi_attribute 24, 1
   8              		.eabi_attribute 25, 1
   9              		.eabi_attribute 26, 1
  10              		.eabi_attribute 30, 1
  11              		.eabi_attribute 34, 0
  12              		.eabi_attribute 18, 4
  13              		.thumb
  14              		.syntax unified
  15              		.file	"retarget.c"
  16              		.text
  17              	.Ltext0:
  18              		.cfi_sections	.debug_frame
  19              		.syntax divided
  20              		.global _printf_float
  21              		.global _scanf_float
  22              		.thumb
  23              		.syntax unified
  24              		.section	.text._write,"ax",%progbits
  25              		.align	2
  26              		.weak	_write
  27              		.code	16
  28              		.thumb_func
  29              		.type	_write, %function
  30              	_write:
  31              	.LFB426:
  32              		.file 1 "Generated_Source\\PSoC6\\pdl\\utilities\\retarget_io\\retarget.c"
   1:Generated_Source\PSoC6\pdl\utilities\retarget_io/retarget.c **** /***************************************************************************//**
   2:Generated_Source\PSoC6\pdl\utilities\retarget_io/retarget.c **** * \file retarget.c
   3:Generated_Source\PSoC6\pdl\utilities\retarget_io/retarget.c **** * \version 1.10
   4:Generated_Source\PSoC6\pdl\utilities\retarget_io/retarget.c **** *
   5:Generated_Source\PSoC6\pdl\utilities\retarget_io/retarget.c **** * \brief
   6:Generated_Source\PSoC6\pdl\utilities\retarget_io/retarget.c **** * 'Retarget' layer for target-dependent low level function.
   7:Generated_Source\PSoC6\pdl\utilities\retarget_io/retarget.c **** *
   8:Generated_Source\PSoC6\pdl\utilities\retarget_io/retarget.c **** ********************************************************************************
   9:Generated_Source\PSoC6\pdl\utilities\retarget_io/retarget.c **** * \copyright
  10:Generated_Source\PSoC6\pdl\utilities\retarget_io/retarget.c **** * Copyright 2016-2018, Cypress Semiconductor Corporation. All rights reserved.
  11:Generated_Source\PSoC6\pdl\utilities\retarget_io/retarget.c **** * You may use this file only in accordance with the license, terms, conditions,
  12:Generated_Source\PSoC6\pdl\utilities\retarget_io/retarget.c **** * disclaimers, and limitations in the end user license agreement accompanying
  13:Generated_Source\PSoC6\pdl\utilities\retarget_io/retarget.c **** * the software package with which this file was provided.
  14:Generated_Source\PSoC6\pdl\utilities\retarget_io/retarget.c **** *******************************************************************************/
  15:Generated_Source\PSoC6\pdl\utilities\retarget_io/retarget.c **** 
  16:Generated_Source\PSoC6\pdl\utilities\retarget_io/retarget.c **** #include <stdio.h>
  17:Generated_Source\PSoC6\pdl\utilities\retarget_io/retarget.c **** #include "stdio_user.h"
  18:Generated_Source\PSoC6\pdl\utilities\retarget_io/retarget.c **** 
  19:Generated_Source\PSoC6\pdl\utilities\retarget_io/retarget.c **** #if defined(__cplusplus)
  20:Generated_Source\PSoC6\pdl\utilities\retarget_io/retarget.c **** extern "C" {
  21:Generated_Source\PSoC6\pdl\utilities\retarget_io/retarget.c **** #endif
  22:Generated_Source\PSoC6\pdl\utilities\retarget_io/retarget.c **** 
  23:Generated_Source\PSoC6\pdl\utilities\retarget_io/retarget.c **** #ifdef IO_STDOUT_ENABLE
  24:Generated_Source\PSoC6\pdl\utilities\retarget_io/retarget.c **** 
  25:Generated_Source\PSoC6\pdl\utilities\retarget_io/retarget.c **** #if defined(__ARMCC_VERSION) /* ARM-MDK */
ARM GAS  C:\Users\gjl\AppData\Local\Temp\ccrjaIka.s 			page 2


  26:Generated_Source\PSoC6\pdl\utilities\retarget_io/retarget.c ****     /***************************************************************************
  27:Generated_Source\PSoC6\pdl\utilities\retarget_io/retarget.c ****     * Function Name: fputc
  28:Generated_Source\PSoC6\pdl\utilities\retarget_io/retarget.c ****     ***************************************************************************/
  29:Generated_Source\PSoC6\pdl\utilities\retarget_io/retarget.c ****     __attribute__((weak)) int fputc(int ch, FILE *f)
  30:Generated_Source\PSoC6\pdl\utilities\retarget_io/retarget.c ****     {
  31:Generated_Source\PSoC6\pdl\utilities\retarget_io/retarget.c ****         (void)f;
  32:Generated_Source\PSoC6\pdl\utilities\retarget_io/retarget.c ****     #if (STDOUT_CR_LF != 0)
  33:Generated_Source\PSoC6\pdl\utilities\retarget_io/retarget.c ****         if ((char)ch == '\n')
  34:Generated_Source\PSoC6\pdl\utilities\retarget_io/retarget.c ****         {
  35:Generated_Source\PSoC6\pdl\utilities\retarget_io/retarget.c ****             STDIO_PutChar('\r');
  36:Generated_Source\PSoC6\pdl\utilities\retarget_io/retarget.c ****         }
  37:Generated_Source\PSoC6\pdl\utilities\retarget_io/retarget.c ****     #endif /* STDOUT_CR_LF != 0 */
  38:Generated_Source\PSoC6\pdl\utilities\retarget_io/retarget.c ****         STDIO_PutChar(ch);
  39:Generated_Source\PSoC6\pdl\utilities\retarget_io/retarget.c ****         return (ch);
  40:Generated_Source\PSoC6\pdl\utilities\retarget_io/retarget.c ****     }
  41:Generated_Source\PSoC6\pdl\utilities\retarget_io/retarget.c **** #elif defined (__ICCARM__) /* IAR */
  42:Generated_Source\PSoC6\pdl\utilities\retarget_io/retarget.c ****     #include <yfuns.h>
  43:Generated_Source\PSoC6\pdl\utilities\retarget_io/retarget.c **** 
  44:Generated_Source\PSoC6\pdl\utilities\retarget_io/retarget.c ****     /***************************************************************************
  45:Generated_Source\PSoC6\pdl\utilities\retarget_io/retarget.c ****     * Function Name: __write
  46:Generated_Source\PSoC6\pdl\utilities\retarget_io/retarget.c ****     ***************************************************************************/
  47:Generated_Source\PSoC6\pdl\utilities\retarget_io/retarget.c ****     __weak size_t __write(int handle, const unsigned char * buffer, size_t size)
  48:Generated_Source\PSoC6\pdl\utilities\retarget_io/retarget.c ****     {
  49:Generated_Source\PSoC6\pdl\utilities\retarget_io/retarget.c ****         size_t nChars = 0;
  50:Generated_Source\PSoC6\pdl\utilities\retarget_io/retarget.c ****         /* This template only writes to "standard out", for all other file
  51:Generated_Source\PSoC6\pdl\utilities\retarget_io/retarget.c ****         * handles it returns failure. */
  52:Generated_Source\PSoC6\pdl\utilities\retarget_io/retarget.c ****         if (handle != _LLIO_STDOUT)
  53:Generated_Source\PSoC6\pdl\utilities\retarget_io/retarget.c ****         {
  54:Generated_Source\PSoC6\pdl\utilities\retarget_io/retarget.c ****             return (_LLIO_ERROR);
  55:Generated_Source\PSoC6\pdl\utilities\retarget_io/retarget.c ****         }
  56:Generated_Source\PSoC6\pdl\utilities\retarget_io/retarget.c ****         if (buffer != NULL)
  57:Generated_Source\PSoC6\pdl\utilities\retarget_io/retarget.c ****         {
  58:Generated_Source\PSoC6\pdl\utilities\retarget_io/retarget.c ****             for (/* Empty */; nChars < size; ++nChars)
  59:Generated_Source\PSoC6\pdl\utilities\retarget_io/retarget.c ****             {
  60:Generated_Source\PSoC6\pdl\utilities\retarget_io/retarget.c ****             #if (STDOUT_CR_LF != 0)
  61:Generated_Source\PSoC6\pdl\utilities\retarget_io/retarget.c ****                 if(*buffer == '\n')
  62:Generated_Source\PSoC6\pdl\utilities\retarget_io/retarget.c ****                 {
  63:Generated_Source\PSoC6\pdl\utilities\retarget_io/retarget.c ****                     STDIO_PutChar('\r');
  64:Generated_Source\PSoC6\pdl\utilities\retarget_io/retarget.c ****                 }
  65:Generated_Source\PSoC6\pdl\utilities\retarget_io/retarget.c ****             #endif /* STDOUT_CR_LF != 0 */
  66:Generated_Source\PSoC6\pdl\utilities\retarget_io/retarget.c ****                 STDIO_PutChar(*buffer);
  67:Generated_Source\PSoC6\pdl\utilities\retarget_io/retarget.c ****                 ++buffer;
  68:Generated_Source\PSoC6\pdl\utilities\retarget_io/retarget.c ****             }
  69:Generated_Source\PSoC6\pdl\utilities\retarget_io/retarget.c ****         }
  70:Generated_Source\PSoC6\pdl\utilities\retarget_io/retarget.c ****         return (nChars);
  71:Generated_Source\PSoC6\pdl\utilities\retarget_io/retarget.c ****     }
  72:Generated_Source\PSoC6\pdl\utilities\retarget_io/retarget.c **** #else /* (__GNUC__)  GCC */    
  73:Generated_Source\PSoC6\pdl\utilities\retarget_io/retarget.c ****     /* Add an explicit reference to the floating point printf library to allow
  74:Generated_Source\PSoC6\pdl\utilities\retarget_io/retarget.c ****     the usage of floating point conversion specifier. */
  75:Generated_Source\PSoC6\pdl\utilities\retarget_io/retarget.c ****     __asm (".global _printf_float");
  76:Generated_Source\PSoC6\pdl\utilities\retarget_io/retarget.c ****     /***************************************************************************
  77:Generated_Source\PSoC6\pdl\utilities\retarget_io/retarget.c ****     * Function Name: _write
  78:Generated_Source\PSoC6\pdl\utilities\retarget_io/retarget.c ****     ***************************************************************************/
  79:Generated_Source\PSoC6\pdl\utilities\retarget_io/retarget.c ****     __attribute__((weak)) int _write (int fd, const char *ptr, int len)
  80:Generated_Source\PSoC6\pdl\utilities\retarget_io/retarget.c ****     {
  33              		.loc 1 80 0
  34              		.cfi_startproc
ARM GAS  C:\Users\gjl\AppData\Local\Temp\ccrjaIka.s 			page 3


  35              		@ args = 0, pretend = 0, frame = 0
  36              		@ frame_needed = 0, uses_anonymous_args = 0
  37              	.LVL0:
  38 0000 70B5     		push	{r4, r5, r6, lr}
  39              		.cfi_def_cfa_offset 16
  40              		.cfi_offset 4, -16
  41              		.cfi_offset 5, -12
  42              		.cfi_offset 6, -8
  43              		.cfi_offset 14, -4
  44 0002 0D00     		movs	r5, r1
  45 0004 1600     		movs	r6, r2
  46              	.LVL1:
  81:Generated_Source\PSoC6\pdl\utilities\retarget_io/retarget.c ****         int nChars = 0;
  82:Generated_Source\PSoC6\pdl\utilities\retarget_io/retarget.c ****         (void)fd;
  83:Generated_Source\PSoC6\pdl\utilities\retarget_io/retarget.c ****         if (ptr != NULL)
  47              		.loc 1 83 0
  48 0006 0029     		cmp	r1, #0
  49 0008 07D1     		bne	.L5
  81:Generated_Source\PSoC6\pdl\utilities\retarget_io/retarget.c ****         int nChars = 0;
  50              		.loc 1 81 0
  51 000a 0024     		movs	r4, #0
  52 000c 08E0     		b	.L3
  53              	.LVL2:
  54              	.L4:
  84:Generated_Source\PSoC6\pdl\utilities\retarget_io/retarget.c ****         {
  85:Generated_Source\PSoC6\pdl\utilities\retarget_io/retarget.c ****             for (/* Empty */; nChars < len; ++nChars)
  86:Generated_Source\PSoC6\pdl\utilities\retarget_io/retarget.c ****             {
  87:Generated_Source\PSoC6\pdl\utilities\retarget_io/retarget.c ****             #if (STDOUT_CR_LF != 0)
  88:Generated_Source\PSoC6\pdl\utilities\retarget_io/retarget.c ****                 if(*ptr == '\n')
  89:Generated_Source\PSoC6\pdl\utilities\retarget_io/retarget.c ****                 {
  90:Generated_Source\PSoC6\pdl\utilities\retarget_io/retarget.c ****                     STDIO_PutChar('\r');
  91:Generated_Source\PSoC6\pdl\utilities\retarget_io/retarget.c ****                 }
  92:Generated_Source\PSoC6\pdl\utilities\retarget_io/retarget.c ****             #endif /* STDOUT_CR_LF != 0 */
  93:Generated_Source\PSoC6\pdl\utilities\retarget_io/retarget.c ****                 STDIO_PutChar((uint32_t)*ptr);
  55              		.loc 1 93 0 discriminator 2
  56 000e 2878     		ldrb	r0, [r5]
  57 0010 FFF7FEFF 		bl	STDIO_PutChar
  58              	.LVL3:
  94:Generated_Source\PSoC6\pdl\utilities\retarget_io/retarget.c ****                 ++ptr;
  59              		.loc 1 94 0 discriminator 2
  60 0014 0135     		adds	r5, r5, #1
  61              	.LVL4:
  85:Generated_Source\PSoC6\pdl\utilities\retarget_io/retarget.c ****             {
  62              		.loc 1 85 0 discriminator 2
  63 0016 0134     		adds	r4, r4, #1
  64              	.LVL5:
  65 0018 00E0     		b	.L2
  66              	.LVL6:
  67              	.L5:
  68 001a 0024     		movs	r4, #0
  69              	.LVL7:
  70              	.L2:
  85:Generated_Source\PSoC6\pdl\utilities\retarget_io/retarget.c ****             {
  71              		.loc 1 85 0 is_stmt 0 discriminator 1
  72 001c B442     		cmp	r4, r6
  73 001e F6DB     		blt	.L4
  74              	.LVL8:
ARM GAS  C:\Users\gjl\AppData\Local\Temp\ccrjaIka.s 			page 4


  75              	.L3:
  95:Generated_Source\PSoC6\pdl\utilities\retarget_io/retarget.c ****             }
  96:Generated_Source\PSoC6\pdl\utilities\retarget_io/retarget.c ****         }
  97:Generated_Source\PSoC6\pdl\utilities\retarget_io/retarget.c ****         return (nChars);
  98:Generated_Source\PSoC6\pdl\utilities\retarget_io/retarget.c ****     }
  76              		.loc 1 98 0 is_stmt 1
  77 0020 2000     		movs	r0, r4
  78              		@ sp needed
  79              	.LVL9:
  80              	.LVL10:
  81              	.LVL11:
  82 0022 70BD     		pop	{r4, r5, r6, pc}
  83              		.cfi_endproc
  84              	.LFE426:
  85              		.size	_write, .-_write
  86              		.section	.text._read,"ax",%progbits
  87              		.align	2
  88              		.weak	_read
  89              		.code	16
  90              		.thumb_func
  91              		.type	_read, %function
  92              	_read:
  93              	.LFB427:
  99:Generated_Source\PSoC6\pdl\utilities\retarget_io/retarget.c **** #endif
 100:Generated_Source\PSoC6\pdl\utilities\retarget_io/retarget.c **** 
 101:Generated_Source\PSoC6\pdl\utilities\retarget_io/retarget.c **** #endif /* IO_STDOUT_ENABLE */
 102:Generated_Source\PSoC6\pdl\utilities\retarget_io/retarget.c **** 
 103:Generated_Source\PSoC6\pdl\utilities\retarget_io/retarget.c **** #if defined(IO_STDIN_ENABLE)
 104:Generated_Source\PSoC6\pdl\utilities\retarget_io/retarget.c **** 
 105:Generated_Source\PSoC6\pdl\utilities\retarget_io/retarget.c **** #if defined(__ARMCC_VERSION) /* ARM-MDK */
 106:Generated_Source\PSoC6\pdl\utilities\retarget_io/retarget.c ****     /***************************************************************************
 107:Generated_Source\PSoC6\pdl\utilities\retarget_io/retarget.c ****     * Function Name: fgetc
 108:Generated_Source\PSoC6\pdl\utilities\retarget_io/retarget.c ****     ***************************************************************************/
 109:Generated_Source\PSoC6\pdl\utilities\retarget_io/retarget.c ****     __attribute__((weak)) int fgetc(FILE *f) 
 110:Generated_Source\PSoC6\pdl\utilities\retarget_io/retarget.c ****     {
 111:Generated_Source\PSoC6\pdl\utilities\retarget_io/retarget.c ****         (void)f;
 112:Generated_Source\PSoC6\pdl\utilities\retarget_io/retarget.c ****         return (STDIO_GetChar());
 113:Generated_Source\PSoC6\pdl\utilities\retarget_io/retarget.c ****     }
 114:Generated_Source\PSoC6\pdl\utilities\retarget_io/retarget.c **** #elif defined (__ICCARM__) /* IAR */
 115:Generated_Source\PSoC6\pdl\utilities\retarget_io/retarget.c ****     __weak size_t __read(int handle, unsigned char * buffer, size_t size)
 116:Generated_Source\PSoC6\pdl\utilities\retarget_io/retarget.c ****     {
 117:Generated_Source\PSoC6\pdl\utilities\retarget_io/retarget.c ****         /* This template only reads from "standard in", for all other file
 118:Generated_Source\PSoC6\pdl\utilities\retarget_io/retarget.c ****         handles it returns failure. */
 119:Generated_Source\PSoC6\pdl\utilities\retarget_io/retarget.c ****         if ((handle != _LLIO_STDIN) || (buffer == NULL))
 120:Generated_Source\PSoC6\pdl\utilities\retarget_io/retarget.c ****         {
 121:Generated_Source\PSoC6\pdl\utilities\retarget_io/retarget.c ****             return (_LLIO_ERROR);
 122:Generated_Source\PSoC6\pdl\utilities\retarget_io/retarget.c ****         }
 123:Generated_Source\PSoC6\pdl\utilities\retarget_io/retarget.c ****         else
 124:Generated_Source\PSoC6\pdl\utilities\retarget_io/retarget.c ****         {
 125:Generated_Source\PSoC6\pdl\utilities\retarget_io/retarget.c ****             *buffer = STDIO_GetChar();
 126:Generated_Source\PSoC6\pdl\utilities\retarget_io/retarget.c ****             return (1);
 127:Generated_Source\PSoC6\pdl\utilities\retarget_io/retarget.c ****         }
 128:Generated_Source\PSoC6\pdl\utilities\retarget_io/retarget.c ****     }
 129:Generated_Source\PSoC6\pdl\utilities\retarget_io/retarget.c **** #else /* (__GNUC__)  GCC */
 130:Generated_Source\PSoC6\pdl\utilities\retarget_io/retarget.c ****     /* Add an explicit reference to the floating point scanf library to allow
 131:Generated_Source\PSoC6\pdl\utilities\retarget_io/retarget.c ****     the usage of floating point conversion specifier. */
 132:Generated_Source\PSoC6\pdl\utilities\retarget_io/retarget.c ****     __asm (".global _scanf_float");
ARM GAS  C:\Users\gjl\AppData\Local\Temp\ccrjaIka.s 			page 5


 133:Generated_Source\PSoC6\pdl\utilities\retarget_io/retarget.c ****     __attribute__((weak)) int _read (int fd, char *ptr, int len)
 134:Generated_Source\PSoC6\pdl\utilities\retarget_io/retarget.c ****     {
  94              		.loc 1 134 0
  95              		.cfi_startproc
  96              		@ args = 0, pretend = 0, frame = 0
  97              		@ frame_needed = 0, uses_anonymous_args = 0
  98              	.LVL12:
  99 0000 70B5     		push	{r4, r5, r6, lr}
 100              		.cfi_def_cfa_offset 16
 101              		.cfi_offset 4, -16
 102              		.cfi_offset 5, -12
 103              		.cfi_offset 6, -8
 104              		.cfi_offset 14, -4
 105 0002 0D00     		movs	r5, r1
 106 0004 1600     		movs	r6, r2
 107              	.LVL13:
 135:Generated_Source\PSoC6\pdl\utilities\retarget_io/retarget.c ****         int nChars = 0;
 136:Generated_Source\PSoC6\pdl\utilities\retarget_io/retarget.c ****         (void)fd;
 137:Generated_Source\PSoC6\pdl\utilities\retarget_io/retarget.c ****         if (ptr != NULL)
 108              		.loc 1 137 0
 109 0006 0029     		cmp	r1, #0
 110 0008 0AD1     		bne	.L10
 135:Generated_Source\PSoC6\pdl\utilities\retarget_io/retarget.c ****         int nChars = 0;
 111              		.loc 1 135 0
 112 000a 0024     		movs	r4, #0
 113 000c 0BE0     		b	.L8
 114              	.LVL14:
 115              	.L9:
 138:Generated_Source\PSoC6\pdl\utilities\retarget_io/retarget.c ****         {
 139:Generated_Source\PSoC6\pdl\utilities\retarget_io/retarget.c ****             for(/* Empty */;nChars < len;++ptr)
 140:Generated_Source\PSoC6\pdl\utilities\retarget_io/retarget.c ****             {
 141:Generated_Source\PSoC6\pdl\utilities\retarget_io/retarget.c ****                 *ptr = (char)STDIO_GetChar();
 116              		.loc 1 141 0
 117 000e FFF7FEFF 		bl	STDIO_GetChar
 118              	.LVL15:
 119 0012 C0B2     		uxtb	r0, r0
 120 0014 2870     		strb	r0, [r5]
 142:Generated_Source\PSoC6\pdl\utilities\retarget_io/retarget.c ****                 ++nChars;
 121              		.loc 1 142 0
 122 0016 0134     		adds	r4, r4, #1
 123              	.LVL16:
 143:Generated_Source\PSoC6\pdl\utilities\retarget_io/retarget.c ****                 if(*ptr == '\n')
 124              		.loc 1 143 0
 125 0018 0A28     		cmp	r0, #10
 126 001a 04D0     		beq	.L8
 139:Generated_Source\PSoC6\pdl\utilities\retarget_io/retarget.c ****             {
 127              		.loc 1 139 0
 128 001c 0135     		adds	r5, r5, #1
 129              	.LVL17:
 130 001e 00E0     		b	.L7
 131              	.LVL18:
 132              	.L10:
 133 0020 0024     		movs	r4, #0
 134              	.LVL19:
 135              	.L7:
 139:Generated_Source\PSoC6\pdl\utilities\retarget_io/retarget.c ****             {
 136              		.loc 1 139 0 is_stmt 0 discriminator 1
ARM GAS  C:\Users\gjl\AppData\Local\Temp\ccrjaIka.s 			page 6


 137 0022 B442     		cmp	r4, r6
 138 0024 F3DB     		blt	.L9
 139              	.LVL20:
 140              	.L8:
 144:Generated_Source\PSoC6\pdl\utilities\retarget_io/retarget.c ****                 {
 145:Generated_Source\PSoC6\pdl\utilities\retarget_io/retarget.c ****                     break;
 146:Generated_Source\PSoC6\pdl\utilities\retarget_io/retarget.c ****                 }
 147:Generated_Source\PSoC6\pdl\utilities\retarget_io/retarget.c ****             }
 148:Generated_Source\PSoC6\pdl\utilities\retarget_io/retarget.c ****         }
 149:Generated_Source\PSoC6\pdl\utilities\retarget_io/retarget.c ****         return (nChars);
 150:Generated_Source\PSoC6\pdl\utilities\retarget_io/retarget.c ****     }
 141              		.loc 1 150 0 is_stmt 1
 142 0026 2000     		movs	r0, r4
 143              		@ sp needed
 144              	.LVL21:
 145              	.LVL22:
 146              	.LVL23:
 147 0028 70BD     		pop	{r4, r5, r6, pc}
 148              		.cfi_endproc
 149              	.LFE427:
 150              		.size	_read, .-_read
 151 002a C046     		.text
 152              	.Letext0:
 153              		.file 2 "c:\\program files (x86)\\cypress\\psoc creator\\4.2\\psoc creator\\import\\gnu\\arm\\5.4.
 154              		.file 3 "c:\\program files (x86)\\cypress\\psoc creator\\4.2\\psoc creator\\import\\gnu\\arm\\5.4.
 155              		.file 4 "Generated_Source\\PSoC6\\pdl\\drivers/peripheral/scb/cy_scb_uart.h"
 156              		.file 5 "Generated_Source\\PSoC6\\pdl\\drivers/peripheral/sar/cy_sar.h"
 157              		.file 6 "Generated_Source\\PSoC6/ADC_1.h"
 158              		.file 7 "Generated_Source\\PSoC6/UART_1.h"
 159              		.file 8 "./stdio_user.h"
 160              		.section	.debug_info,"",%progbits
 161              	.Ldebug_info0:
 162 0000 32040000 		.4byte	0x432
 163 0004 0400     		.2byte	0x4
 164 0006 00000000 		.4byte	.Ldebug_abbrev0
 165 000a 04       		.byte	0x4
 166 000b 01       		.uleb128 0x1
 167 000c 01010000 		.4byte	.LASF68
 168 0010 0C       		.byte	0xc
 169 0011 49040000 		.4byte	.LASF69
 170 0015 3E000000 		.4byte	.LASF70
 171 0019 00000000 		.4byte	.Ldebug_ranges0+0
 172 001d 00000000 		.4byte	0
 173 0021 00000000 		.4byte	.Ldebug_line0
 174 0025 02       		.uleb128 0x2
 175 0026 01       		.byte	0x1
 176 0027 06       		.byte	0x6
 177 0028 D2020000 		.4byte	.LASF0
 178 002c 02       		.uleb128 0x2
 179 002d 01       		.byte	0x1
 180 002e 08       		.byte	0x8
 181 002f A0020000 		.4byte	.LASF1
 182 0033 02       		.uleb128 0x2
 183 0034 02       		.byte	0x2
 184 0035 05       		.byte	0x5
 185 0036 A5000000 		.4byte	.LASF2
 186 003a 02       		.uleb128 0x2
ARM GAS  C:\Users\gjl\AppData\Local\Temp\ccrjaIka.s 			page 7


 187 003b 02       		.byte	0x2
 188 003c 07       		.byte	0x7
 189 003d 26030000 		.4byte	.LASF3
 190 0041 02       		.uleb128 0x2
 191 0042 04       		.byte	0x4
 192 0043 05       		.byte	0x5
 193 0044 22040000 		.4byte	.LASF4
 194 0048 03       		.uleb128 0x3
 195 0049 9E010000 		.4byte	.LASF12
 196 004d 02       		.byte	0x2
 197 004e 41       		.byte	0x41
 198 004f 53000000 		.4byte	0x53
 199 0053 02       		.uleb128 0x2
 200 0054 04       		.byte	0x4
 201 0055 07       		.byte	0x7
 202 0056 9A030000 		.4byte	.LASF5
 203 005a 02       		.uleb128 0x2
 204 005b 08       		.byte	0x8
 205 005c 05       		.byte	0x5
 206 005d 30020000 		.4byte	.LASF6
 207 0061 02       		.uleb128 0x2
 208 0062 08       		.byte	0x8
 209 0063 07       		.byte	0x7
 210 0064 DE020000 		.4byte	.LASF7
 211 0068 04       		.uleb128 0x4
 212 0069 04       		.byte	0x4
 213 006a 05       		.byte	0x5
 214 006b 696E7400 		.ascii	"int\000"
 215 006f 02       		.uleb128 0x2
 216 0070 04       		.byte	0x4
 217 0071 07       		.byte	0x7
 218 0072 3C040000 		.4byte	.LASF8
 219 0076 02       		.uleb128 0x2
 220 0077 08       		.byte	0x8
 221 0078 04       		.byte	0x4
 222 0079 8B020000 		.4byte	.LASF9
 223 007d 05       		.uleb128 0x5
 224 007e 04       		.byte	0x4
 225 007f 02       		.uleb128 0x2
 226 0080 04       		.byte	0x4
 227 0081 07       		.byte	0x7
 228 0082 BD000000 		.4byte	.LASF10
 229 0086 06       		.uleb128 0x6
 230 0087 04       		.byte	0x4
 231 0088 8C000000 		.4byte	0x8c
 232 008c 02       		.uleb128 0x2
 233 008d 01       		.byte	0x1
 234 008e 08       		.byte	0x8
 235 008f 4A030000 		.4byte	.LASF11
 236 0093 06       		.uleb128 0x6
 237 0094 04       		.byte	0x4
 238 0095 99000000 		.4byte	0x99
 239 0099 07       		.uleb128 0x7
 240 009a 8C000000 		.4byte	0x8c
 241 009e 03       		.uleb128 0x3
 242 009f F5020000 		.4byte	.LASF13
 243 00a3 03       		.byte	0x3
ARM GAS  C:\Users\gjl\AppData\Local\Temp\ccrjaIka.s 			page 8


 244 00a4 30       		.byte	0x30
 245 00a5 48000000 		.4byte	0x48
 246 00a9 08       		.uleb128 0x8
 247 00aa 9E000000 		.4byte	0x9e
 248 00ae 02       		.uleb128 0x2
 249 00af 04       		.byte	0x4
 250 00b0 04       		.byte	0x4
 251 00b1 0C020000 		.4byte	.LASF14
 252 00b5 02       		.uleb128 0x2
 253 00b6 08       		.byte	0x8
 254 00b7 04       		.byte	0x4
 255 00b8 AC030000 		.4byte	.LASF15
 256 00bc 02       		.uleb128 0x2
 257 00bd 01       		.byte	0x1
 258 00be 02       		.byte	0x2
 259 00bf 7A030000 		.4byte	.LASF16
 260 00c3 06       		.uleb128 0x6
 261 00c4 04       		.byte	0x4
 262 00c5 C9000000 		.4byte	0xc9
 263 00c9 09       		.uleb128 0x9
 264 00ca D4000000 		.4byte	0xd4
 265 00ce 0A       		.uleb128 0xa
 266 00cf 9E000000 		.4byte	0x9e
 267 00d3 00       		.byte	0
 268 00d4 0B       		.uleb128 0xb
 269 00d5 86000000 		.4byte	.LASF17
 270 00d9 04       		.byte	0x4
 271 00da AB01     		.2byte	0x1ab
 272 00dc C3000000 		.4byte	0xc3
 273 00e0 0C       		.uleb128 0xc
 274 00e1 DD000000 		.4byte	.LASF71
 275 00e5 38       		.byte	0x38
 276 00e6 04       		.byte	0x4
 277 00e7 4702     		.2byte	0x247
 278 00e9 A4010000 		.4byte	0x1a4
 279 00ed 0D       		.uleb128 0xd
 280 00ee A9010000 		.4byte	.LASF18
 281 00f2 04       		.byte	0x4
 282 00f3 4A02     		.2byte	0x24a
 283 00f5 A9000000 		.4byte	0xa9
 284 00f9 00       		.byte	0
 285 00fa 0D       		.uleb128 0xd
 286 00fb 97020000 		.4byte	.LASF19
 287 00ff 04       		.byte	0x4
 288 0100 4B02     		.2byte	0x24b
 289 0102 A9000000 		.4byte	0xa9
 290 0106 04       		.byte	0x4
 291 0107 0D       		.uleb128 0xd
 292 0108 AE020000 		.4byte	.LASF20
 293 010c 04       		.byte	0x4
 294 010d 4D02     		.2byte	0x24d
 295 010f 7D000000 		.4byte	0x7d
 296 0113 08       		.byte	0x8
 297 0114 0D       		.uleb128 0xd
 298 0115 57020000 		.4byte	.LASF21
 299 0119 04       		.byte	0x4
 300 011a 4E02     		.2byte	0x24e
ARM GAS  C:\Users\gjl\AppData\Local\Temp\ccrjaIka.s 			page 9


 301 011c 9E000000 		.4byte	0x9e
 302 0120 0C       		.byte	0xc
 303 0121 0D       		.uleb128 0xd
 304 0122 FE010000 		.4byte	.LASF22
 305 0126 04       		.byte	0x4
 306 0127 4F02     		.2byte	0x24f
 307 0129 A9000000 		.4byte	0xa9
 308 012d 10       		.byte	0x10
 309 012e 0D       		.uleb128 0xd
 310 012f 26000000 		.4byte	.LASF23
 311 0133 04       		.byte	0x4
 312 0134 5002     		.2byte	0x250
 313 0136 A9000000 		.4byte	0xa9
 314 013a 14       		.byte	0x14
 315 013b 0D       		.uleb128 0xd
 316 013c 39030000 		.4byte	.LASF24
 317 0140 04       		.byte	0x4
 318 0141 5202     		.2byte	0x252
 319 0143 7D000000 		.4byte	0x7d
 320 0147 18       		.byte	0x18
 321 0148 0D       		.uleb128 0xd
 322 0149 34000000 		.4byte	.LASF25
 323 014d 04       		.byte	0x4
 324 014e 5302     		.2byte	0x253
 325 0150 9E000000 		.4byte	0x9e
 326 0154 1C       		.byte	0x1c
 327 0155 0D       		.uleb128 0xd
 328 0156 B9010000 		.4byte	.LASF26
 329 015a 04       		.byte	0x4
 330 015b 5402     		.2byte	0x254
 331 015d A9000000 		.4byte	0xa9
 332 0161 20       		.byte	0x20
 333 0162 0D       		.uleb128 0xd
 334 0163 12020000 		.4byte	.LASF27
 335 0167 04       		.byte	0x4
 336 0168 5602     		.2byte	0x256
 337 016a 7D000000 		.4byte	0x7d
 338 016e 24       		.byte	0x24
 339 016f 0D       		.uleb128 0xd
 340 0170 1C030000 		.4byte	.LASF28
 341 0174 04       		.byte	0x4
 342 0175 5702     		.2byte	0x257
 343 0177 9E000000 		.4byte	0x9e
 344 017b 28       		.byte	0x28
 345 017c 0D       		.uleb128 0xd
 346 017d 2B040000 		.4byte	.LASF29
 347 0181 04       		.byte	0x4
 348 0182 5802     		.2byte	0x258
 349 0184 A9000000 		.4byte	0xa9
 350 0188 2C       		.byte	0x2c
 351 0189 0D       		.uleb128 0xd
 352 018a 59030000 		.4byte	.LASF30
 353 018e 04       		.byte	0x4
 354 018f 5D02     		.2byte	0x25d
 355 0191 D4000000 		.4byte	0xd4
 356 0195 30       		.byte	0x30
 357 0196 0D       		.uleb128 0xd
ARM GAS  C:\Users\gjl\AppData\Local\Temp\ccrjaIka.s 			page 10


 358 0197 CC030000 		.4byte	.LASF31
 359 019b 04       		.byte	0x4
 360 019c 6002     		.2byte	0x260
 361 019e 9E000000 		.4byte	0x9e
 362 01a2 34       		.byte	0x34
 363 01a3 00       		.byte	0
 364 01a4 0B       		.uleb128 0xb
 365 01a5 E8030000 		.4byte	.LASF32
 366 01a9 04       		.byte	0x4
 367 01aa 6302     		.2byte	0x263
 368 01ac E0000000 		.4byte	0xe0
 369 01b0 0E       		.uleb128 0xe
 370 01b1 01       		.byte	0x1
 371 01b2 2C000000 		.4byte	0x2c
 372 01b6 05       		.byte	0x5
 373 01b7 0504     		.2byte	0x405
 374 01b9 D6010000 		.4byte	0x1d6
 375 01bd 0F       		.uleb128 0xf
 376 01be 18020000 		.4byte	.LASF33
 377 01c2 00       		.byte	0
 378 01c3 0F       		.uleb128 0xf
 379 01c4 B3030000 		.4byte	.LASF34
 380 01c8 01       		.byte	0x1
 381 01c9 0F       		.uleb128 0xf
 382 01ca 62030000 		.4byte	.LASF35
 383 01ce 02       		.byte	0x2
 384 01cf 0F       		.uleb128 0xf
 385 01d0 0C000000 		.4byte	.LASF36
 386 01d4 03       		.byte	0x3
 387 01d5 00       		.byte	0
 388 01d6 0B       		.uleb128 0xb
 389 01d7 8E040000 		.4byte	.LASF37
 390 01db 05       		.byte	0x5
 391 01dc 0A04     		.2byte	0x40a
 392 01de B0010000 		.4byte	0x1b0
 393 01e2 10       		.uleb128 0x10
 394 01e3 78       		.byte	0x78
 395 01e4 05       		.byte	0x5
 396 01e5 F404     		.2byte	0x4f4
 397 01e7 AF020000 		.4byte	0x2af
 398 01eb 0D       		.uleb128 0xd
 399 01ec 65020000 		.4byte	.LASF38
 400 01f0 05       		.byte	0x5
 401 01f1 F604     		.2byte	0x4f6
 402 01f3 9E000000 		.4byte	0x9e
 403 01f7 00       		.byte	0
 404 01f8 0D       		.uleb128 0xd
 405 01f9 D2000000 		.4byte	.LASF39
 406 01fd 05       		.byte	0x5
 407 01fe F704     		.2byte	0x4f7
 408 0200 9E000000 		.4byte	0x9e
 409 0204 04       		.byte	0x4
 410 0205 0D       		.uleb128 0xd
 411 0206 6A020000 		.4byte	.LASF40
 412 020a 05       		.byte	0x5
 413 020b F804     		.2byte	0x4f8
 414 020d 9E000000 		.4byte	0x9e
ARM GAS  C:\Users\gjl\AppData\Local\Temp\ccrjaIka.s 			page 11


 415 0211 08       		.byte	0x8
 416 0212 0D       		.uleb128 0xd
 417 0213 15040000 		.4byte	.LASF41
 418 0217 05       		.byte	0x5
 419 0218 F904     		.2byte	0x4f9
 420 021a 9E000000 		.4byte	0x9e
 421 021e 0C       		.byte	0xc
 422 021f 0D       		.uleb128 0xd
 423 0220 93010000 		.4byte	.LASF42
 424 0224 05       		.byte	0x5
 425 0225 FA04     		.2byte	0x4fa
 426 0227 9E000000 		.4byte	0x9e
 427 022b 10       		.byte	0x10
 428 022c 0D       		.uleb128 0xd
 429 022d D1010000 		.4byte	.LASF43
 430 0231 05       		.byte	0x5
 431 0232 FB04     		.2byte	0x4fb
 432 0234 D6010000 		.4byte	0x1d6
 433 0238 14       		.byte	0x14
 434 0239 0D       		.uleb128 0xd
 435 023a 02040000 		.4byte	.LASF44
 436 023e 05       		.byte	0x5
 437 023f FC04     		.2byte	0x4fc
 438 0241 9E000000 		.4byte	0x9e
 439 0245 18       		.byte	0x18
 440 0246 0D       		.uleb128 0xd
 441 0247 4C020000 		.4byte	.LASF45
 442 024b 05       		.byte	0x5
 443 024c FD04     		.2byte	0x4fd
 444 024e AF020000 		.4byte	0x2af
 445 0252 1C       		.byte	0x1c
 446 0253 0D       		.uleb128 0xd
 447 0254 85040000 		.4byte	.LASF46
 448 0258 05       		.byte	0x5
 449 0259 FE04     		.2byte	0x4fe
 450 025b 9E000000 		.4byte	0x9e
 451 025f 5C       		.byte	0x5c
 452 0260 0D       		.uleb128 0xd
 453 0261 C6000000 		.4byte	.LASF47
 454 0265 05       		.byte	0x5
 455 0266 FF04     		.2byte	0x4ff
 456 0268 9E000000 		.4byte	0x9e
 457 026c 60       		.byte	0x60
 458 026d 0D       		.uleb128 0xd
 459 026e FE020000 		.4byte	.LASF48
 460 0272 05       		.byte	0x5
 461 0273 0005     		.2byte	0x500
 462 0275 9E000000 		.4byte	0x9e
 463 0279 64       		.byte	0x64
 464 027a 0D       		.uleb128 0xd
 465 027b 4F030000 		.4byte	.LASF49
 466 027f 05       		.byte	0x5
 467 0280 0105     		.2byte	0x501
 468 0282 9E000000 		.4byte	0x9e
 469 0286 68       		.byte	0x68
 470 0287 0D       		.uleb128 0xd
 471 0288 0C030000 		.4byte	.LASF50
ARM GAS  C:\Users\gjl\AppData\Local\Temp\ccrjaIka.s 			page 12


 472 028c 05       		.byte	0x5
 473 028d 0205     		.2byte	0x502
 474 028f 9E000000 		.4byte	0x9e
 475 0293 6C       		.byte	0x6c
 476 0294 0D       		.uleb128 0xd
 477 0295 3E020000 		.4byte	.LASF51
 478 0299 05       		.byte	0x5
 479 029a 0305     		.2byte	0x503
 480 029c BC000000 		.4byte	0xbc
 481 02a0 70       		.byte	0x70
 482 02a1 0D       		.uleb128 0xd
 483 02a2 F5000000 		.4byte	.LASF52
 484 02a6 05       		.byte	0x5
 485 02a7 0405     		.2byte	0x504
 486 02a9 9E000000 		.4byte	0x9e
 487 02ad 74       		.byte	0x74
 488 02ae 00       		.byte	0
 489 02af 11       		.uleb128 0x11
 490 02b0 9E000000 		.4byte	0x9e
 491 02b4 BF020000 		.4byte	0x2bf
 492 02b8 12       		.uleb128 0x12
 493 02b9 7F000000 		.4byte	0x7f
 494 02bd 0F       		.byte	0xf
 495 02be 00       		.byte	0
 496 02bf 0B       		.uleb128 0xb
 497 02c0 D4030000 		.4byte	.LASF53
 498 02c4 05       		.byte	0x5
 499 02c5 0505     		.2byte	0x505
 500 02c7 E2010000 		.4byte	0x1e2
 501 02cb 13       		.uleb128 0x13
 502 02cc 14       		.byte	0x14
 503 02cd 06       		.byte	0x6
 504 02ce 3B       		.byte	0x3b
 505 02cf 10030000 		.4byte	0x310
 506 02d3 14       		.uleb128 0x14
 507 02d4 00000000 		.4byte	.LASF54
 508 02d8 06       		.byte	0x6
 509 02d9 3D       		.byte	0x3d
 510 02da 9E000000 		.4byte	0x9e
 511 02de 00       		.byte	0
 512 02df 14       		.uleb128 0x14
 513 02e0 09040000 		.4byte	.LASF55
 514 02e4 06       		.byte	0x6
 515 02e5 3E       		.byte	0x3e
 516 02e6 9E000000 		.4byte	0x9e
 517 02ea 04       		.byte	0x4
 518 02eb 14       		.uleb128 0x14
 519 02ec 80030000 		.4byte	.LASF56
 520 02f0 06       		.byte	0x6
 521 02f1 3F       		.byte	0x3f
 522 02f2 10030000 		.4byte	0x310
 523 02f6 08       		.byte	0x8
 524 02f7 14       		.uleb128 0x14
 525 02f8 3F030000 		.4byte	.LASF57
 526 02fc 06       		.byte	0x6
 527 02fd 40       		.byte	0x40
 528 02fe 9E000000 		.4byte	0x9e
ARM GAS  C:\Users\gjl\AppData\Local\Temp\ccrjaIka.s 			page 13


 529 0302 0C       		.byte	0xc
 530 0303 14       		.uleb128 0x14
 531 0304 EC010000 		.4byte	.LASF58
 532 0308 06       		.byte	0x6
 533 0309 45       		.byte	0x45
 534 030a 9E000000 		.4byte	0x9e
 535 030e 10       		.byte	0x10
 536 030f 00       		.byte	0
 537 0310 06       		.uleb128 0x6
 538 0311 04       		.byte	0x4
 539 0312 16030000 		.4byte	0x316
 540 0316 07       		.uleb128 0x7
 541 0317 BF020000 		.4byte	0x2bf
 542 031b 03       		.uleb128 0x3
 543 031c BE020000 		.4byte	.LASF59
 544 0320 06       		.byte	0x6
 545 0321 48       		.byte	0x48
 546 0322 CB020000 		.4byte	0x2cb
 547 0326 15       		.uleb128 0x15
 548 0327 F7010000 		.4byte	.LASF60
 549 032b 01       		.byte	0x1
 550 032c 4F       		.byte	0x4f
 551 032d 68000000 		.4byte	0x68
 552 0331 00000000 		.4byte	.LFB426
 553 0335 24000000 		.4byte	.LFE426-.LFB426
 554 0339 01       		.uleb128 0x1
 555 033a 9C       		.byte	0x9c
 556 033b 84030000 		.4byte	0x384
 557 033f 16       		.uleb128 0x16
 558 0340 666400   		.ascii	"fd\000"
 559 0343 01       		.byte	0x1
 560 0344 4F       		.byte	0x4f
 561 0345 68000000 		.4byte	0x68
 562 0349 00000000 		.4byte	.LLST0
 563 034d 16       		.uleb128 0x16
 564 034e 70747200 		.ascii	"ptr\000"
 565 0352 01       		.byte	0x1
 566 0353 4F       		.byte	0x4f
 567 0354 93000000 		.4byte	0x93
 568 0358 3A000000 		.4byte	.LLST1
 569 035c 16       		.uleb128 0x16
 570 035d 6C656E00 		.ascii	"len\000"
 571 0361 01       		.byte	0x1
 572 0362 4F       		.byte	0x4f
 573 0363 68000000 		.4byte	0x68
 574 0367 6E000000 		.4byte	.LLST2
 575 036b 17       		.uleb128 0x17
 576 036c B2010000 		.4byte	.LASF62
 577 0370 01       		.byte	0x1
 578 0371 51       		.byte	0x51
 579 0372 68000000 		.4byte	0x68
 580 0376 B0000000 		.4byte	.LLST3
 581 037a 18       		.uleb128 0x18
 582 037b 14000000 		.4byte	.LVL3
 583 037f 1F040000 		.4byte	0x41f
 584 0383 00       		.byte	0
 585 0384 15       		.uleb128 0x15
ARM GAS  C:\Users\gjl\AppData\Local\Temp\ccrjaIka.s 			page 14


 586 0385 B8020000 		.4byte	.LASF61
 587 0389 01       		.byte	0x1
 588 038a 85       		.byte	0x85
 589 038b 68000000 		.4byte	0x68
 590 038f 00000000 		.4byte	.LFB427
 591 0393 2A000000 		.4byte	.LFE427-.LFB427
 592 0397 01       		.uleb128 0x1
 593 0398 9C       		.byte	0x9c
 594 0399 E2030000 		.4byte	0x3e2
 595 039d 16       		.uleb128 0x16
 596 039e 666400   		.ascii	"fd\000"
 597 03a1 01       		.byte	0x1
 598 03a2 85       		.byte	0x85
 599 03a3 68000000 		.4byte	0x68
 600 03a7 F1000000 		.4byte	.LLST4
 601 03ab 16       		.uleb128 0x16
 602 03ac 70747200 		.ascii	"ptr\000"
 603 03b0 01       		.byte	0x1
 604 03b1 85       		.byte	0x85
 605 03b2 86000000 		.4byte	0x86
 606 03b6 2B010000 		.4byte	.LLST5
 607 03ba 16       		.uleb128 0x16
 608 03bb 6C656E00 		.ascii	"len\000"
 609 03bf 01       		.byte	0x1
 610 03c0 85       		.byte	0x85
 611 03c1 68000000 		.4byte	0x68
 612 03c5 5F010000 		.4byte	.LLST6
 613 03c9 17       		.uleb128 0x17
 614 03ca B2010000 		.4byte	.LASF62
 615 03ce 01       		.byte	0x1
 616 03cf 87       		.byte	0x87
 617 03d0 68000000 		.4byte	0x68
 618 03d4 A1010000 		.4byte	.LLST7
 619 03d8 18       		.uleb128 0x18
 620 03d9 12000000 		.4byte	.LVL15
 621 03dd 2A040000 		.4byte	0x42a
 622 03e1 00       		.byte	0
 623 03e2 19       		.uleb128 0x19
 624 03e3 C2010000 		.4byte	.LASF63
 625 03e7 07       		.byte	0x7
 626 03e8 87       		.byte	0x87
 627 03e9 A4010000 		.4byte	0x1a4
 628 03ed 1A       		.uleb128 0x1a
 629 03ee 77020000 		.4byte	.LASF64
 630 03f2 06       		.byte	0x6
 631 03f3 6001     		.2byte	0x160
 632 03f5 9E000000 		.4byte	0x9e
 633 03f9 11       		.uleb128 0x11
 634 03fa 09040000 		.4byte	0x409
 635 03fe 09040000 		.4byte	0x409
 636 0402 12       		.uleb128 0x12
 637 0403 7F000000 		.4byte	0x7f
 638 0407 00       		.byte	0
 639 0408 00       		.byte	0
 640 0409 07       		.uleb128 0x7
 641 040a 1B030000 		.4byte	0x31b
 642 040e 1A       		.uleb128 0x1a
ARM GAS  C:\Users\gjl\AppData\Local\Temp\ccrjaIka.s 			page 15


 643 040f DB010000 		.4byte	.LASF65
 644 0413 06       		.byte	0x6
 645 0414 6401     		.2byte	0x164
 646 0416 1A040000 		.4byte	0x41a
 647 041a 07       		.uleb128 0x7
 648 041b F9030000 		.4byte	0x3f9
 649 041f 1B       		.uleb128 0x1b
 650 0420 8C030000 		.4byte	.LASF66
 651 0424 8C030000 		.4byte	.LASF66
 652 0428 08       		.byte	0x8
 653 0429 AE       		.byte	0xae
 654 042a 1B       		.uleb128 0x1b
 655 042b AF000000 		.4byte	.LASF67
 656 042f AF000000 		.4byte	.LASF67
 657 0433 08       		.byte	0x8
 658 0434 B2       		.byte	0xb2
 659 0435 00       		.byte	0
 660              		.section	.debug_abbrev,"",%progbits
 661              	.Ldebug_abbrev0:
 662 0000 01       		.uleb128 0x1
 663 0001 11       		.uleb128 0x11
 664 0002 01       		.byte	0x1
 665 0003 25       		.uleb128 0x25
 666 0004 0E       		.uleb128 0xe
 667 0005 13       		.uleb128 0x13
 668 0006 0B       		.uleb128 0xb
 669 0007 03       		.uleb128 0x3
 670 0008 0E       		.uleb128 0xe
 671 0009 1B       		.uleb128 0x1b
 672 000a 0E       		.uleb128 0xe
 673 000b 55       		.uleb128 0x55
 674 000c 17       		.uleb128 0x17
 675 000d 11       		.uleb128 0x11
 676 000e 01       		.uleb128 0x1
 677 000f 10       		.uleb128 0x10
 678 0010 17       		.uleb128 0x17
 679 0011 00       		.byte	0
 680 0012 00       		.byte	0
 681 0013 02       		.uleb128 0x2
 682 0014 24       		.uleb128 0x24
 683 0015 00       		.byte	0
 684 0016 0B       		.uleb128 0xb
 685 0017 0B       		.uleb128 0xb
 686 0018 3E       		.uleb128 0x3e
 687 0019 0B       		.uleb128 0xb
 688 001a 03       		.uleb128 0x3
 689 001b 0E       		.uleb128 0xe
 690 001c 00       		.byte	0
 691 001d 00       		.byte	0
 692 001e 03       		.uleb128 0x3
 693 001f 16       		.uleb128 0x16
 694 0020 00       		.byte	0
 695 0021 03       		.uleb128 0x3
 696 0022 0E       		.uleb128 0xe
 697 0023 3A       		.uleb128 0x3a
 698 0024 0B       		.uleb128 0xb
 699 0025 3B       		.uleb128 0x3b
ARM GAS  C:\Users\gjl\AppData\Local\Temp\ccrjaIka.s 			page 16


 700 0026 0B       		.uleb128 0xb
 701 0027 49       		.uleb128 0x49
 702 0028 13       		.uleb128 0x13
 703 0029 00       		.byte	0
 704 002a 00       		.byte	0
 705 002b 04       		.uleb128 0x4
 706 002c 24       		.uleb128 0x24
 707 002d 00       		.byte	0
 708 002e 0B       		.uleb128 0xb
 709 002f 0B       		.uleb128 0xb
 710 0030 3E       		.uleb128 0x3e
 711 0031 0B       		.uleb128 0xb
 712 0032 03       		.uleb128 0x3
 713 0033 08       		.uleb128 0x8
 714 0034 00       		.byte	0
 715 0035 00       		.byte	0
 716 0036 05       		.uleb128 0x5
 717 0037 0F       		.uleb128 0xf
 718 0038 00       		.byte	0
 719 0039 0B       		.uleb128 0xb
 720 003a 0B       		.uleb128 0xb
 721 003b 00       		.byte	0
 722 003c 00       		.byte	0
 723 003d 06       		.uleb128 0x6
 724 003e 0F       		.uleb128 0xf
 725 003f 00       		.byte	0
 726 0040 0B       		.uleb128 0xb
 727 0041 0B       		.uleb128 0xb
 728 0042 49       		.uleb128 0x49
 729 0043 13       		.uleb128 0x13
 730 0044 00       		.byte	0
 731 0045 00       		.byte	0
 732 0046 07       		.uleb128 0x7
 733 0047 26       		.uleb128 0x26
 734 0048 00       		.byte	0
 735 0049 49       		.uleb128 0x49
 736 004a 13       		.uleb128 0x13
 737 004b 00       		.byte	0
 738 004c 00       		.byte	0
 739 004d 08       		.uleb128 0x8
 740 004e 35       		.uleb128 0x35
 741 004f 00       		.byte	0
 742 0050 49       		.uleb128 0x49
 743 0051 13       		.uleb128 0x13
 744 0052 00       		.byte	0
 745 0053 00       		.byte	0
 746 0054 09       		.uleb128 0x9
 747 0055 15       		.uleb128 0x15
 748 0056 01       		.byte	0x1
 749 0057 27       		.uleb128 0x27
 750 0058 19       		.uleb128 0x19
 751 0059 01       		.uleb128 0x1
 752 005a 13       		.uleb128 0x13
 753 005b 00       		.byte	0
 754 005c 00       		.byte	0
 755 005d 0A       		.uleb128 0xa
 756 005e 05       		.uleb128 0x5
ARM GAS  C:\Users\gjl\AppData\Local\Temp\ccrjaIka.s 			page 17


 757 005f 00       		.byte	0
 758 0060 49       		.uleb128 0x49
 759 0061 13       		.uleb128 0x13
 760 0062 00       		.byte	0
 761 0063 00       		.byte	0
 762 0064 0B       		.uleb128 0xb
 763 0065 16       		.uleb128 0x16
 764 0066 00       		.byte	0
 765 0067 03       		.uleb128 0x3
 766 0068 0E       		.uleb128 0xe
 767 0069 3A       		.uleb128 0x3a
 768 006a 0B       		.uleb128 0xb
 769 006b 3B       		.uleb128 0x3b
 770 006c 05       		.uleb128 0x5
 771 006d 49       		.uleb128 0x49
 772 006e 13       		.uleb128 0x13
 773 006f 00       		.byte	0
 774 0070 00       		.byte	0
 775 0071 0C       		.uleb128 0xc
 776 0072 13       		.uleb128 0x13
 777 0073 01       		.byte	0x1
 778 0074 03       		.uleb128 0x3
 779 0075 0E       		.uleb128 0xe
 780 0076 0B       		.uleb128 0xb
 781 0077 0B       		.uleb128 0xb
 782 0078 3A       		.uleb128 0x3a
 783 0079 0B       		.uleb128 0xb
 784 007a 3B       		.uleb128 0x3b
 785 007b 05       		.uleb128 0x5
 786 007c 01       		.uleb128 0x1
 787 007d 13       		.uleb128 0x13
 788 007e 00       		.byte	0
 789 007f 00       		.byte	0
 790 0080 0D       		.uleb128 0xd
 791 0081 0D       		.uleb128 0xd
 792 0082 00       		.byte	0
 793 0083 03       		.uleb128 0x3
 794 0084 0E       		.uleb128 0xe
 795 0085 3A       		.uleb128 0x3a
 796 0086 0B       		.uleb128 0xb
 797 0087 3B       		.uleb128 0x3b
 798 0088 05       		.uleb128 0x5
 799 0089 49       		.uleb128 0x49
 800 008a 13       		.uleb128 0x13
 801 008b 38       		.uleb128 0x38
 802 008c 0B       		.uleb128 0xb
 803 008d 00       		.byte	0
 804 008e 00       		.byte	0
 805 008f 0E       		.uleb128 0xe
 806 0090 04       		.uleb128 0x4
 807 0091 01       		.byte	0x1
 808 0092 0B       		.uleb128 0xb
 809 0093 0B       		.uleb128 0xb
 810 0094 49       		.uleb128 0x49
 811 0095 13       		.uleb128 0x13
 812 0096 3A       		.uleb128 0x3a
 813 0097 0B       		.uleb128 0xb
ARM GAS  C:\Users\gjl\AppData\Local\Temp\ccrjaIka.s 			page 18


 814 0098 3B       		.uleb128 0x3b
 815 0099 05       		.uleb128 0x5
 816 009a 01       		.uleb128 0x1
 817 009b 13       		.uleb128 0x13
 818 009c 00       		.byte	0
 819 009d 00       		.byte	0
 820 009e 0F       		.uleb128 0xf
 821 009f 28       		.uleb128 0x28
 822 00a0 00       		.byte	0
 823 00a1 03       		.uleb128 0x3
 824 00a2 0E       		.uleb128 0xe
 825 00a3 1C       		.uleb128 0x1c
 826 00a4 0B       		.uleb128 0xb
 827 00a5 00       		.byte	0
 828 00a6 00       		.byte	0
 829 00a7 10       		.uleb128 0x10
 830 00a8 13       		.uleb128 0x13
 831 00a9 01       		.byte	0x1
 832 00aa 0B       		.uleb128 0xb
 833 00ab 0B       		.uleb128 0xb
 834 00ac 3A       		.uleb128 0x3a
 835 00ad 0B       		.uleb128 0xb
 836 00ae 3B       		.uleb128 0x3b
 837 00af 05       		.uleb128 0x5
 838 00b0 01       		.uleb128 0x1
 839 00b1 13       		.uleb128 0x13
 840 00b2 00       		.byte	0
 841 00b3 00       		.byte	0
 842 00b4 11       		.uleb128 0x11
 843 00b5 01       		.uleb128 0x1
 844 00b6 01       		.byte	0x1
 845 00b7 49       		.uleb128 0x49
 846 00b8 13       		.uleb128 0x13
 847 00b9 01       		.uleb128 0x1
 848 00ba 13       		.uleb128 0x13
 849 00bb 00       		.byte	0
 850 00bc 00       		.byte	0
 851 00bd 12       		.uleb128 0x12
 852 00be 21       		.uleb128 0x21
 853 00bf 00       		.byte	0
 854 00c0 49       		.uleb128 0x49
 855 00c1 13       		.uleb128 0x13
 856 00c2 2F       		.uleb128 0x2f
 857 00c3 0B       		.uleb128 0xb
 858 00c4 00       		.byte	0
 859 00c5 00       		.byte	0
 860 00c6 13       		.uleb128 0x13
 861 00c7 13       		.uleb128 0x13
 862 00c8 01       		.byte	0x1
 863 00c9 0B       		.uleb128 0xb
 864 00ca 0B       		.uleb128 0xb
 865 00cb 3A       		.uleb128 0x3a
 866 00cc 0B       		.uleb128 0xb
 867 00cd 3B       		.uleb128 0x3b
 868 00ce 0B       		.uleb128 0xb
 869 00cf 01       		.uleb128 0x1
 870 00d0 13       		.uleb128 0x13
ARM GAS  C:\Users\gjl\AppData\Local\Temp\ccrjaIka.s 			page 19


 871 00d1 00       		.byte	0
 872 00d2 00       		.byte	0
 873 00d3 14       		.uleb128 0x14
 874 00d4 0D       		.uleb128 0xd
 875 00d5 00       		.byte	0
 876 00d6 03       		.uleb128 0x3
 877 00d7 0E       		.uleb128 0xe
 878 00d8 3A       		.uleb128 0x3a
 879 00d9 0B       		.uleb128 0xb
 880 00da 3B       		.uleb128 0x3b
 881 00db 0B       		.uleb128 0xb
 882 00dc 49       		.uleb128 0x49
 883 00dd 13       		.uleb128 0x13
 884 00de 38       		.uleb128 0x38
 885 00df 0B       		.uleb128 0xb
 886 00e0 00       		.byte	0
 887 00e1 00       		.byte	0
 888 00e2 15       		.uleb128 0x15
 889 00e3 2E       		.uleb128 0x2e
 890 00e4 01       		.byte	0x1
 891 00e5 3F       		.uleb128 0x3f
 892 00e6 19       		.uleb128 0x19
 893 00e7 03       		.uleb128 0x3
 894 00e8 0E       		.uleb128 0xe
 895 00e9 3A       		.uleb128 0x3a
 896 00ea 0B       		.uleb128 0xb
 897 00eb 3B       		.uleb128 0x3b
 898 00ec 0B       		.uleb128 0xb
 899 00ed 27       		.uleb128 0x27
 900 00ee 19       		.uleb128 0x19
 901 00ef 49       		.uleb128 0x49
 902 00f0 13       		.uleb128 0x13
 903 00f1 11       		.uleb128 0x11
 904 00f2 01       		.uleb128 0x1
 905 00f3 12       		.uleb128 0x12
 906 00f4 06       		.uleb128 0x6
 907 00f5 40       		.uleb128 0x40
 908 00f6 18       		.uleb128 0x18
 909 00f7 9742     		.uleb128 0x2117
 910 00f9 19       		.uleb128 0x19
 911 00fa 01       		.uleb128 0x1
 912 00fb 13       		.uleb128 0x13
 913 00fc 00       		.byte	0
 914 00fd 00       		.byte	0
 915 00fe 16       		.uleb128 0x16
 916 00ff 05       		.uleb128 0x5
 917 0100 00       		.byte	0
 918 0101 03       		.uleb128 0x3
 919 0102 08       		.uleb128 0x8
 920 0103 3A       		.uleb128 0x3a
 921 0104 0B       		.uleb128 0xb
 922 0105 3B       		.uleb128 0x3b
 923 0106 0B       		.uleb128 0xb
 924 0107 49       		.uleb128 0x49
 925 0108 13       		.uleb128 0x13
 926 0109 02       		.uleb128 0x2
 927 010a 17       		.uleb128 0x17
ARM GAS  C:\Users\gjl\AppData\Local\Temp\ccrjaIka.s 			page 20


 928 010b 00       		.byte	0
 929 010c 00       		.byte	0
 930 010d 17       		.uleb128 0x17
 931 010e 34       		.uleb128 0x34
 932 010f 00       		.byte	0
 933 0110 03       		.uleb128 0x3
 934 0111 0E       		.uleb128 0xe
 935 0112 3A       		.uleb128 0x3a
 936 0113 0B       		.uleb128 0xb
 937 0114 3B       		.uleb128 0x3b
 938 0115 0B       		.uleb128 0xb
 939 0116 49       		.uleb128 0x49
 940 0117 13       		.uleb128 0x13
 941 0118 02       		.uleb128 0x2
 942 0119 17       		.uleb128 0x17
 943 011a 00       		.byte	0
 944 011b 00       		.byte	0
 945 011c 18       		.uleb128 0x18
 946 011d 898201   		.uleb128 0x4109
 947 0120 00       		.byte	0
 948 0121 11       		.uleb128 0x11
 949 0122 01       		.uleb128 0x1
 950 0123 31       		.uleb128 0x31
 951 0124 13       		.uleb128 0x13
 952 0125 00       		.byte	0
 953 0126 00       		.byte	0
 954 0127 19       		.uleb128 0x19
 955 0128 34       		.uleb128 0x34
 956 0129 00       		.byte	0
 957 012a 03       		.uleb128 0x3
 958 012b 0E       		.uleb128 0xe
 959 012c 3A       		.uleb128 0x3a
 960 012d 0B       		.uleb128 0xb
 961 012e 3B       		.uleb128 0x3b
 962 012f 0B       		.uleb128 0xb
 963 0130 49       		.uleb128 0x49
 964 0131 13       		.uleb128 0x13
 965 0132 3F       		.uleb128 0x3f
 966 0133 19       		.uleb128 0x19
 967 0134 3C       		.uleb128 0x3c
 968 0135 19       		.uleb128 0x19
 969 0136 00       		.byte	0
 970 0137 00       		.byte	0
 971 0138 1A       		.uleb128 0x1a
 972 0139 34       		.uleb128 0x34
 973 013a 00       		.byte	0
 974 013b 03       		.uleb128 0x3
 975 013c 0E       		.uleb128 0xe
 976 013d 3A       		.uleb128 0x3a
 977 013e 0B       		.uleb128 0xb
 978 013f 3B       		.uleb128 0x3b
 979 0140 05       		.uleb128 0x5
 980 0141 49       		.uleb128 0x49
 981 0142 13       		.uleb128 0x13
 982 0143 3F       		.uleb128 0x3f
 983 0144 19       		.uleb128 0x19
 984 0145 3C       		.uleb128 0x3c
ARM GAS  C:\Users\gjl\AppData\Local\Temp\ccrjaIka.s 			page 21


 985 0146 19       		.uleb128 0x19
 986 0147 00       		.byte	0
 987 0148 00       		.byte	0
 988 0149 1B       		.uleb128 0x1b
 989 014a 2E       		.uleb128 0x2e
 990 014b 00       		.byte	0
 991 014c 3F       		.uleb128 0x3f
 992 014d 19       		.uleb128 0x19
 993 014e 3C       		.uleb128 0x3c
 994 014f 19       		.uleb128 0x19
 995 0150 6E       		.uleb128 0x6e
 996 0151 0E       		.uleb128 0xe
 997 0152 03       		.uleb128 0x3
 998 0153 0E       		.uleb128 0xe
 999 0154 3A       		.uleb128 0x3a
 1000 0155 0B       		.uleb128 0xb
 1001 0156 3B       		.uleb128 0x3b
 1002 0157 0B       		.uleb128 0xb
 1003 0158 00       		.byte	0
 1004 0159 00       		.byte	0
 1005 015a 00       		.byte	0
 1006              		.section	.debug_loc,"",%progbits
 1007              	.Ldebug_loc0:
 1008              	.LLST0:
 1009 0000 00000000 		.4byte	.LVL0
 1010 0004 0E000000 		.4byte	.LVL2
 1011 0008 0100     		.2byte	0x1
 1012 000a 50       		.byte	0x50
 1013 000b 0E000000 		.4byte	.LVL2
 1014 000f 1A000000 		.4byte	.LVL6
 1015 0013 0400     		.2byte	0x4
 1016 0015 F3       		.byte	0xf3
 1017 0016 01       		.uleb128 0x1
 1018 0017 50       		.byte	0x50
 1019 0018 9F       		.byte	0x9f
 1020 0019 1A000000 		.4byte	.LVL6
 1021 001d 1C000000 		.4byte	.LVL7
 1022 0021 0100     		.2byte	0x1
 1023 0023 50       		.byte	0x50
 1024 0024 1C000000 		.4byte	.LVL7
 1025 0028 24000000 		.4byte	.LFE426
 1026 002c 0400     		.2byte	0x4
 1027 002e F3       		.byte	0xf3
 1028 002f 01       		.uleb128 0x1
 1029 0030 50       		.byte	0x50
 1030 0031 9F       		.byte	0x9f
 1031 0032 00000000 		.4byte	0
 1032 0036 00000000 		.4byte	0
 1033              	.LLST1:
 1034 003a 00000000 		.4byte	.LVL0
 1035 003e 0E000000 		.4byte	.LVL2
 1036 0042 0100     		.2byte	0x1
 1037 0044 51       		.byte	0x51
 1038 0045 0E000000 		.4byte	.LVL2
 1039 0049 1A000000 		.4byte	.LVL6
 1040 004d 0100     		.2byte	0x1
 1041 004f 55       		.byte	0x55
ARM GAS  C:\Users\gjl\AppData\Local\Temp\ccrjaIka.s 			page 22


 1042 0050 1A000000 		.4byte	.LVL6
 1043 0054 1C000000 		.4byte	.LVL7
 1044 0058 0100     		.2byte	0x1
 1045 005a 51       		.byte	0x51
 1046 005b 1C000000 		.4byte	.LVL7
 1047 005f 22000000 		.4byte	.LVL10
 1048 0063 0100     		.2byte	0x1
 1049 0065 55       		.byte	0x55
 1050 0066 00000000 		.4byte	0
 1051 006a 00000000 		.4byte	0
 1052              	.LLST2:
 1053 006e 00000000 		.4byte	.LVL0
 1054 0072 0E000000 		.4byte	.LVL2
 1055 0076 0100     		.2byte	0x1
 1056 0078 52       		.byte	0x52
 1057 0079 0E000000 		.4byte	.LVL2
 1058 007d 1A000000 		.4byte	.LVL6
 1059 0081 0100     		.2byte	0x1
 1060 0083 56       		.byte	0x56
 1061 0084 1A000000 		.4byte	.LVL6
 1062 0088 1C000000 		.4byte	.LVL7
 1063 008c 0100     		.2byte	0x1
 1064 008e 52       		.byte	0x52
 1065 008f 1C000000 		.4byte	.LVL7
 1066 0093 22000000 		.4byte	.LVL11
 1067 0097 0100     		.2byte	0x1
 1068 0099 56       		.byte	0x56
 1069 009a 22000000 		.4byte	.LVL11
 1070 009e 24000000 		.4byte	.LFE426
 1071 00a2 0400     		.2byte	0x4
 1072 00a4 F3       		.byte	0xf3
 1073 00a5 01       		.uleb128 0x1
 1074 00a6 52       		.byte	0x52
 1075 00a7 9F       		.byte	0x9f
 1076 00a8 00000000 		.4byte	0
 1077 00ac 00000000 		.4byte	0
 1078              	.LLST3:
 1079 00b0 06000000 		.4byte	.LVL1
 1080 00b4 0E000000 		.4byte	.LVL2
 1081 00b8 0200     		.2byte	0x2
 1082 00ba 30       		.byte	0x30
 1083 00bb 9F       		.byte	0x9f
 1084 00bc 0E000000 		.4byte	.LVL2
 1085 00c0 1A000000 		.4byte	.LVL6
 1086 00c4 0100     		.2byte	0x1
 1087 00c6 54       		.byte	0x54
 1088 00c7 1A000000 		.4byte	.LVL6
 1089 00cb 1C000000 		.4byte	.LVL7
 1090 00cf 0200     		.2byte	0x2
 1091 00d1 30       		.byte	0x30
 1092 00d2 9F       		.byte	0x9f
 1093 00d3 1C000000 		.4byte	.LVL7
 1094 00d7 22000000 		.4byte	.LVL9
 1095 00db 0100     		.2byte	0x1
 1096 00dd 54       		.byte	0x54
 1097 00de 22000000 		.4byte	.LVL9
 1098 00e2 24000000 		.4byte	.LFE426
ARM GAS  C:\Users\gjl\AppData\Local\Temp\ccrjaIka.s 			page 23


 1099 00e6 0100     		.2byte	0x1
 1100 00e8 50       		.byte	0x50
 1101 00e9 00000000 		.4byte	0
 1102 00ed 00000000 		.4byte	0
 1103              	.LLST4:
 1104 00f1 00000000 		.4byte	.LVL12
 1105 00f5 0E000000 		.4byte	.LVL14
 1106 00f9 0100     		.2byte	0x1
 1107 00fb 50       		.byte	0x50
 1108 00fc 0E000000 		.4byte	.LVL14
 1109 0100 20000000 		.4byte	.LVL18
 1110 0104 0400     		.2byte	0x4
 1111 0106 F3       		.byte	0xf3
 1112 0107 01       		.uleb128 0x1
 1113 0108 50       		.byte	0x50
 1114 0109 9F       		.byte	0x9f
 1115 010a 20000000 		.4byte	.LVL18
 1116 010e 22000000 		.4byte	.LVL19
 1117 0112 0100     		.2byte	0x1
 1118 0114 50       		.byte	0x50
 1119 0115 22000000 		.4byte	.LVL19
 1120 0119 2A000000 		.4byte	.LFE427
 1121 011d 0400     		.2byte	0x4
 1122 011f F3       		.byte	0xf3
 1123 0120 01       		.uleb128 0x1
 1124 0121 50       		.byte	0x50
 1125 0122 9F       		.byte	0x9f
 1126 0123 00000000 		.4byte	0
 1127 0127 00000000 		.4byte	0
 1128              	.LLST5:
 1129 012b 00000000 		.4byte	.LVL12
 1130 012f 0E000000 		.4byte	.LVL14
 1131 0133 0100     		.2byte	0x1
 1132 0135 51       		.byte	0x51
 1133 0136 0E000000 		.4byte	.LVL14
 1134 013a 20000000 		.4byte	.LVL18
 1135 013e 0100     		.2byte	0x1
 1136 0140 55       		.byte	0x55
 1137 0141 20000000 		.4byte	.LVL18
 1138 0145 22000000 		.4byte	.LVL19
 1139 0149 0100     		.2byte	0x1
 1140 014b 51       		.byte	0x51
 1141 014c 22000000 		.4byte	.LVL19
 1142 0150 28000000 		.4byte	.LVL22
 1143 0154 0100     		.2byte	0x1
 1144 0156 55       		.byte	0x55
 1145 0157 00000000 		.4byte	0
 1146 015b 00000000 		.4byte	0
 1147              	.LLST6:
 1148 015f 00000000 		.4byte	.LVL12
 1149 0163 0E000000 		.4byte	.LVL14
 1150 0167 0100     		.2byte	0x1
 1151 0169 52       		.byte	0x52
 1152 016a 0E000000 		.4byte	.LVL14
 1153 016e 20000000 		.4byte	.LVL18
 1154 0172 0100     		.2byte	0x1
 1155 0174 56       		.byte	0x56
ARM GAS  C:\Users\gjl\AppData\Local\Temp\ccrjaIka.s 			page 24


 1156 0175 20000000 		.4byte	.LVL18
 1157 0179 22000000 		.4byte	.LVL19
 1158 017d 0100     		.2byte	0x1
 1159 017f 52       		.byte	0x52
 1160 0180 22000000 		.4byte	.LVL19
 1161 0184 28000000 		.4byte	.LVL23
 1162 0188 0100     		.2byte	0x1
 1163 018a 56       		.byte	0x56
 1164 018b 28000000 		.4byte	.LVL23
 1165 018f 2A000000 		.4byte	.LFE427
 1166 0193 0400     		.2byte	0x4
 1167 0195 F3       		.byte	0xf3
 1168 0196 01       		.uleb128 0x1
 1169 0197 52       		.byte	0x52
 1170 0198 9F       		.byte	0x9f
 1171 0199 00000000 		.4byte	0
 1172 019d 00000000 		.4byte	0
 1173              	.LLST7:
 1174 01a1 06000000 		.4byte	.LVL13
 1175 01a5 0E000000 		.4byte	.LVL14
 1176 01a9 0200     		.2byte	0x2
 1177 01ab 30       		.byte	0x30
 1178 01ac 9F       		.byte	0x9f
 1179 01ad 0E000000 		.4byte	.LVL14
 1180 01b1 20000000 		.4byte	.LVL18
 1181 01b5 0100     		.2byte	0x1
 1182 01b7 54       		.byte	0x54
 1183 01b8 20000000 		.4byte	.LVL18
 1184 01bc 22000000 		.4byte	.LVL19
 1185 01c0 0200     		.2byte	0x2
 1186 01c2 30       		.byte	0x30
 1187 01c3 9F       		.byte	0x9f
 1188 01c4 22000000 		.4byte	.LVL19
 1189 01c8 28000000 		.4byte	.LVL21
 1190 01cc 0100     		.2byte	0x1
 1191 01ce 54       		.byte	0x54
 1192 01cf 28000000 		.4byte	.LVL21
 1193 01d3 2A000000 		.4byte	.LFE427
 1194 01d7 0100     		.2byte	0x1
 1195 01d9 50       		.byte	0x50
 1196 01da 00000000 		.4byte	0
 1197 01de 00000000 		.4byte	0
 1198              		.section	.debug_aranges,"",%progbits
 1199 0000 24000000 		.4byte	0x24
 1200 0004 0200     		.2byte	0x2
 1201 0006 00000000 		.4byte	.Ldebug_info0
 1202 000a 04       		.byte	0x4
 1203 000b 00       		.byte	0
 1204 000c 0000     		.2byte	0
 1205 000e 0000     		.2byte	0
 1206 0010 00000000 		.4byte	.LFB426
 1207 0014 24000000 		.4byte	.LFE426-.LFB426
 1208 0018 00000000 		.4byte	.LFB427
 1209 001c 2A000000 		.4byte	.LFE427-.LFB427
 1210 0020 00000000 		.4byte	0
 1211 0024 00000000 		.4byte	0
 1212              		.section	.debug_ranges,"",%progbits
ARM GAS  C:\Users\gjl\AppData\Local\Temp\ccrjaIka.s 			page 25


 1213              	.Ldebug_ranges0:
 1214 0000 00000000 		.4byte	.LFB426
 1215 0004 24000000 		.4byte	.LFE426
 1216 0008 00000000 		.4byte	.LFB427
 1217 000c 2A000000 		.4byte	.LFE427
 1218 0010 00000000 		.4byte	0
 1219 0014 00000000 		.4byte	0
 1220              		.section	.debug_line,"",%progbits
 1221              	.Ldebug_line0:
 1222 0000 65020000 		.section	.debug_str,"MS",%progbits,1
 1222      02001002 
 1222      00000201 
 1222      FB0E0D00 
 1222      01010101 
 1223              	.LASF54:
 1224 0000 6368616E 		.ascii	"channelBase\000"
 1224      6E656C42 
 1224      61736500 
 1225              	.LASF36:
 1226 000c 43595F53 		.ascii	"CY_SAR_RANGE_COND_OUTSIDE\000"
 1226      41525F52 
 1226      414E4745 
 1226      5F434F4E 
 1226      445F4F55 
 1227              	.LASF23:
 1228 0026 72785269 		.ascii	"rxRingBufTail\000"
 1228      6E674275 
 1228      66546169 
 1228      6C00
 1229              	.LASF25:
 1230 0034 72784275 		.ascii	"rxBufSize\000"
 1230      6653697A 
 1230      6500
 1231              	.LASF70:
 1232 003e 433A5C47 		.ascii	"C:\\Git\\PSoC6-101-Videos\\Projects_ScreenCapture\\"
 1232      69745C50 
 1232      536F4336 
 1232      2D313031 
 1232      2D566964 
 1233 006d 50536F43 		.ascii	"PSoC 6_101\\2-6-ADC.cydsn\000"
 1233      20365F31 
 1233      30315C32 
 1233      2D362D41 
 1233      44432E63 
 1234              	.LASF17:
 1235 0086 63795F63 		.ascii	"cy_cb_scb_uart_handle_events_t\000"
 1235      625F7363 
 1235      625F7561 
 1235      72745F68 
 1235      616E646C 
 1236              	.LASF2:
 1237 00a5 73686F72 		.ascii	"short int\000"
 1237      7420696E 
 1237      7400
 1238              	.LASF67:
 1239 00af 53544449 		.ascii	"STDIO_GetChar\000"
 1239      4F5F4765 
ARM GAS  C:\Users\gjl\AppData\Local\Temp\ccrjaIka.s 			page 26


 1239      74436861 
 1239      7200
 1240              	.LASF10:
 1241 00bd 73697A65 		.ascii	"sizetype\000"
 1241      74797065 
 1241      00
 1242              	.LASF47:
 1243 00c6 73617449 		.ascii	"satIntrMask\000"
 1243      6E74724D 
 1243      61736B00 
 1244              	.LASF39:
 1245 00d2 73616D70 		.ascii	"sampleCtrl\000"
 1245      6C654374 
 1245      726C00
 1246              	.LASF71:
 1247 00dd 63795F73 		.ascii	"cy_stc_scb_uart_context\000"
 1247      74635F73 
 1247      63625F75 
 1247      6172745F 
 1247      636F6E74 
 1248              	.LASF52:
 1249 00f5 76726566 		.ascii	"vrefMvValue\000"
 1249      4D765661 
 1249      6C756500 
 1250              	.LASF68:
 1251 0101 474E5520 		.ascii	"GNU C11 5.4.1 20160609 (release) [ARM/embedded-5-br"
 1251      43313120 
 1251      352E342E 
 1251      31203230 
 1251      31363036 
 1252 0134 616E6368 		.ascii	"anch revision 237715] -mcpu=cortex-m0plus -mthumb -"
 1252      20726576 
 1252      6973696F 
 1252      6E203233 
 1252      37373135 
 1253 0167 67202D4F 		.ascii	"g -Og -ffunction-sections -ffat-lto-objects\000"
 1253      67202D66 
 1253      66756E63 
 1253      74696F6E 
 1253      2D736563 
 1254              	.LASF42:
 1255 0193 72616E67 		.ascii	"rangeThres\000"
 1255      65546872 
 1255      657300
 1256              	.LASF12:
 1257 019e 5F5F7569 		.ascii	"__uint32_t\000"
 1257      6E743332 
 1257      5F7400
 1258              	.LASF18:
 1259 01a9 74785374 		.ascii	"txStatus\000"
 1259      61747573 
 1259      00
 1260              	.LASF62:
 1261 01b2 6E436861 		.ascii	"nChars\000"
 1261      727300
 1262              	.LASF26:
 1263 01b9 72784275 		.ascii	"rxBufIdx\000"
ARM GAS  C:\Users\gjl\AppData\Local\Temp\ccrjaIka.s 			page 27


 1263      66496478 
 1263      00
 1264              	.LASF63:
 1265 01c2 55415254 		.ascii	"UART_1_context\000"
 1265      5F315F63 
 1265      6F6E7465 
 1265      787400
 1266              	.LASF43:
 1267 01d1 72616E67 		.ascii	"rangeCond\000"
 1267      65436F6E 
 1267      6400
 1268              	.LASF65:
 1269 01db 4144435F 		.ascii	"ADC_1_allConfigs\000"
 1269      315F616C 
 1269      6C436F6E 
 1269      66696773 
 1269      00
 1270              	.LASF58:
 1271 01ec 636C6B44 		.ascii	"clkDivider\000"
 1271      69766964 
 1271      657200
 1272              	.LASF60:
 1273 01f7 5F777269 		.ascii	"_write\000"
 1273      746500
 1274              	.LASF22:
 1275 01fe 72785269 		.ascii	"rxRingBufHead\000"
 1275      6E674275 
 1275      66486561 
 1275      6400
 1276              	.LASF14:
 1277 020c 666C6F61 		.ascii	"float\000"
 1277      7400
 1278              	.LASF27:
 1279 0212 74784275 		.ascii	"txBuf\000"
 1279      6600
 1280              	.LASF33:
 1281 0218 43595F53 		.ascii	"CY_SAR_RANGE_COND_BELOW\000"
 1281      41525F52 
 1281      414E4745 
 1281      5F434F4E 
 1281      445F4245 
 1282              	.LASF6:
 1283 0230 6C6F6E67 		.ascii	"long long int\000"
 1283      206C6F6E 
 1283      6720696E 
 1283      7400
 1284              	.LASF51:
 1285 023e 636F6E66 		.ascii	"configRouting\000"
 1285      6967526F 
 1285      7574696E 
 1285      6700
 1286              	.LASF45:
 1287 024c 6368616E 		.ascii	"chanConfig\000"
 1287      436F6E66 
 1287      696700
 1288              	.LASF21:
 1289 0257 72785269 		.ascii	"rxRingBufSize\000"
ARM GAS  C:\Users\gjl\AppData\Local\Temp\ccrjaIka.s 			page 28


 1289      6E674275 
 1289      6653697A 
 1289      6500
 1290              	.LASF38:
 1291 0265 6374726C 		.ascii	"ctrl\000"
 1291      00
 1292              	.LASF40:
 1293 026a 73616D70 		.ascii	"sampleTime01\000"
 1293      6C655469 
 1293      6D653031 
 1293      00
 1294              	.LASF64:
 1295 0277 4144435F 		.ascii	"ADC_1_currentConfig\000"
 1295      315F6375 
 1295      7272656E 
 1295      74436F6E 
 1295      66696700 
 1296              	.LASF9:
 1297 028b 6C6F6E67 		.ascii	"long double\000"
 1297      20646F75 
 1297      626C6500 
 1298              	.LASF19:
 1299 0297 72785374 		.ascii	"rxStatus\000"
 1299      61747573 
 1299      00
 1300              	.LASF1:
 1301 02a0 756E7369 		.ascii	"unsigned char\000"
 1301      676E6564 
 1301      20636861 
 1301      7200
 1302              	.LASF20:
 1303 02ae 72785269 		.ascii	"rxRingBuf\000"
 1303      6E674275 
 1303      6600
 1304              	.LASF61:
 1305 02b8 5F726561 		.ascii	"_read\000"
 1305      6400
 1306              	.LASF59:
 1307 02be 4144435F 		.ascii	"ADC_1_CONFIG_STRUCT\000"
 1307      315F434F 
 1307      4E464947 
 1307      5F535452 
 1307      55435400 
 1308              	.LASF0:
 1309 02d2 7369676E 		.ascii	"signed char\000"
 1309      65642063 
 1309      68617200 
 1310              	.LASF7:
 1311 02de 6C6F6E67 		.ascii	"long long unsigned int\000"
 1311      206C6F6E 
 1311      6720756E 
 1311      7369676E 
 1311      65642069 
 1312              	.LASF13:
 1313 02f5 75696E74 		.ascii	"uint32_t\000"
 1313      33325F74 
 1313      00
ARM GAS  C:\Users\gjl\AppData\Local\Temp\ccrjaIka.s 			page 29


 1314              	.LASF48:
 1315 02fe 72616E67 		.ascii	"rangeIntrMask\000"
 1315      65496E74 
 1315      724D6173 
 1315      6B00
 1316              	.LASF50:
 1317 030c 6D757853 		.ascii	"muxSwitchSqCtrl\000"
 1317      77697463 
 1317      68537143 
 1317      74726C00 
 1318              	.LASF28:
 1319 031c 74784275 		.ascii	"txBufSize\000"
 1319      6653697A 
 1319      6500
 1320              	.LASF3:
 1321 0326 73686F72 		.ascii	"short unsigned int\000"
 1321      7420756E 
 1321      7369676E 
 1321      65642069 
 1321      6E7400
 1322              	.LASF24:
 1323 0339 72784275 		.ascii	"rxBuf\000"
 1323      6600
 1324              	.LASF57:
 1325 033f 6D697363 		.ascii	"miscConfig\000"
 1325      436F6E66 
 1325      696700
 1326              	.LASF11:
 1327 034a 63686172 		.ascii	"char\000"
 1327      00
 1328              	.LASF49:
 1329 034f 6D757853 		.ascii	"muxSwitch\000"
 1329      77697463 
 1329      6800
 1330              	.LASF30:
 1331 0359 63624576 		.ascii	"cbEvents\000"
 1331      656E7473 
 1331      00
 1332              	.LASF35:
 1333 0362 43595F53 		.ascii	"CY_SAR_RANGE_COND_ABOVE\000"
 1333      41525F52 
 1333      414E4745 
 1333      5F434F4E 
 1333      445F4142 
 1334              	.LASF16:
 1335 037a 5F426F6F 		.ascii	"_Bool\000"
 1335      6C00
 1336              	.LASF56:
 1337 0380 6877436F 		.ascii	"hwConfigStc\000"
 1337      6E666967 
 1337      53746300 
 1338              	.LASF66:
 1339 038c 53544449 		.ascii	"STDIO_PutChar\000"
 1339      4F5F5075 
 1339      74436861 
 1339      7200
 1340              	.LASF5:
ARM GAS  C:\Users\gjl\AppData\Local\Temp\ccrjaIka.s 			page 30


 1341 039a 6C6F6E67 		.ascii	"long unsigned int\000"
 1341      20756E73 
 1341      69676E65 
 1341      6420696E 
 1341      7400
 1342              	.LASF15:
 1343 03ac 646F7562 		.ascii	"double\000"
 1343      6C6500
 1344              	.LASF34:
 1345 03b3 43595F53 		.ascii	"CY_SAR_RANGE_COND_INSIDE\000"
 1345      41525F52 
 1345      414E4745 
 1345      5F434F4E 
 1345      445F494E 
 1346              	.LASF31:
 1347 03cc 696E6974 		.ascii	"initKey\000"
 1347      4B657900 
 1348              	.LASF53:
 1349 03d4 63795F73 		.ascii	"cy_stc_sar_config_t\000"
 1349      74635F73 
 1349      61725F63 
 1349      6F6E6669 
 1349      675F7400 
 1350              	.LASF32:
 1351 03e8 63795F73 		.ascii	"cy_stc_scb_uart_context_t\000"
 1351      74635F73 
 1351      63625F75 
 1351      6172745F 
 1351      636F6E74 
 1352              	.LASF44:
 1353 0402 6368616E 		.ascii	"chanEn\000"
 1353      456E00
 1354              	.LASF55:
 1355 0409 6E756D43 		.ascii	"numChannels\000"
 1355      68616E6E 
 1355      656C7300 
 1356              	.LASF41:
 1357 0415 73616D70 		.ascii	"sampleTime23\000"
 1357      6C655469 
 1357      6D653233 
 1357      00
 1358              	.LASF4:
 1359 0422 6C6F6E67 		.ascii	"long int\000"
 1359      20696E74 
 1359      00
 1360              	.LASF29:
 1361 042b 74784C65 		.ascii	"txLeftToTransmit\000"
 1361      6674546F 
 1361      5472616E 
 1361      736D6974 
 1361      00
 1362              	.LASF8:
 1363 043c 756E7369 		.ascii	"unsigned int\000"
 1363      676E6564 
 1363      20696E74 
 1363      00
 1364              	.LASF69:
ARM GAS  C:\Users\gjl\AppData\Local\Temp\ccrjaIka.s 			page 31


 1365 0449 47656E65 		.ascii	"Generated_Source\\PSoC6\\pdl\\utilities\\retarget_i"
 1365      72617465 
 1365      645F536F 
 1365      75726365 
 1365      5C50536F 
 1366 0478 6F5C7265 		.ascii	"o\\retarget.c\000"
 1366      74617267 
 1366      65742E63 
 1366      00
 1367              	.LASF46:
 1368 0485 696E7472 		.ascii	"intrMask\000"
 1368      4D61736B 
 1368      00
 1369              	.LASF37:
 1370 048e 63795F65 		.ascii	"cy_en_sar_range_detect_condition_t\000"
 1370      6E5F7361 
 1370      725F7261 
 1370      6E67655F 
 1370      64657465 
 1371              		.ident	"GCC: (GNU Tools for ARM Embedded Processors) 5.4.1 20160609 (release) [ARM/embedded-5-bran
