ARM GAS  C:\Users\gjl\AppData\Local\Temp\cco1wngt.s 			page 1


   1              		.syntax unified
   2              		.cpu cortex-m4
   3              		.eabi_attribute 27, 1
   4              		.fpu fpv4-sp-d16
   5              		.eabi_attribute 20, 1
   6              		.eabi_attribute 21, 1
   7              		.eabi_attribute 23, 3
   8              		.eabi_attribute 24, 1
   9              		.eabi_attribute 25, 1
  10              		.eabi_attribute 26, 1
  11              		.eabi_attribute 30, 1
  12              		.eabi_attribute 34, 1
  13              		.eabi_attribute 18, 4
  14              		.thumb
  15              		.syntax unified
  16              		.file	"cy_tcpwm_counter.c"
  17              		.text
  18              	.Ltext0:
  19              		.cfi_sections	.debug_frame
  20              		.section	.text.Cy_TCPWM_Counter_Init,"ax",%progbits
  21              		.align	2
  22              		.global	Cy_TCPWM_Counter_Init
  23              		.thumb
  24              		.thumb_func
  25              		.type	Cy_TCPWM_Counter_Init, %function
  26              	Cy_TCPWM_Counter_Init:
  27              	.LFB151:
  28              		.file 1 "Generated_Source\\PSoC6\\pdl\\drivers\\peripheral\\tcpwm\\cy_tcpwm_counter.c"
   1:Generated_Source\PSoC6\pdl\drivers\peripheral\tcpwm/cy_tcpwm_counter.c **** /***************************************************************************//**
   2:Generated_Source\PSoC6\pdl\drivers\peripheral\tcpwm/cy_tcpwm_counter.c **** * \file cy_tcpwm_counter.c
   3:Generated_Source\PSoC6\pdl\drivers\peripheral\tcpwm/cy_tcpwm_counter.c **** * \version 1.0.1
   4:Generated_Source\PSoC6\pdl\drivers\peripheral\tcpwm/cy_tcpwm_counter.c **** *
   5:Generated_Source\PSoC6\pdl\drivers\peripheral\tcpwm/cy_tcpwm_counter.c **** * \brief
   6:Generated_Source\PSoC6\pdl\drivers\peripheral\tcpwm/cy_tcpwm_counter.c **** *  The source file of the tcpwm driver.
   7:Generated_Source\PSoC6\pdl\drivers\peripheral\tcpwm/cy_tcpwm_counter.c **** *
   8:Generated_Source\PSoC6\pdl\drivers\peripheral\tcpwm/cy_tcpwm_counter.c **** ********************************************************************************
   9:Generated_Source\PSoC6\pdl\drivers\peripheral\tcpwm/cy_tcpwm_counter.c **** * \copyright
  10:Generated_Source\PSoC6\pdl\drivers\peripheral\tcpwm/cy_tcpwm_counter.c **** * Copyright 2016-2018, Cypress Semiconductor Corporation.  All rights reserved.
  11:Generated_Source\PSoC6\pdl\drivers\peripheral\tcpwm/cy_tcpwm_counter.c **** * You may use this file only in accordance with the license, terms, conditions,
  12:Generated_Source\PSoC6\pdl\drivers\peripheral\tcpwm/cy_tcpwm_counter.c **** * disclaimers, and limitations in the end user license agreement accompanying
  13:Generated_Source\PSoC6\pdl\drivers\peripheral\tcpwm/cy_tcpwm_counter.c **** * the software package with which this file was provided.
  14:Generated_Source\PSoC6\pdl\drivers\peripheral\tcpwm/cy_tcpwm_counter.c **** *******************************************************************************/
  15:Generated_Source\PSoC6\pdl\drivers\peripheral\tcpwm/cy_tcpwm_counter.c **** 
  16:Generated_Source\PSoC6\pdl\drivers\peripheral\tcpwm/cy_tcpwm_counter.c **** #include "cy_tcpwm_counter.h"
  17:Generated_Source\PSoC6\pdl\drivers\peripheral\tcpwm/cy_tcpwm_counter.c **** 
  18:Generated_Source\PSoC6\pdl\drivers\peripheral\tcpwm/cy_tcpwm_counter.c **** #if defined(__cplusplus)
  19:Generated_Source\PSoC6\pdl\drivers\peripheral\tcpwm/cy_tcpwm_counter.c **** extern "C" {
  20:Generated_Source\PSoC6\pdl\drivers\peripheral\tcpwm/cy_tcpwm_counter.c **** #endif
  21:Generated_Source\PSoC6\pdl\drivers\peripheral\tcpwm/cy_tcpwm_counter.c **** 
  22:Generated_Source\PSoC6\pdl\drivers\peripheral\tcpwm/cy_tcpwm_counter.c **** 
  23:Generated_Source\PSoC6\pdl\drivers\peripheral\tcpwm/cy_tcpwm_counter.c **** /*******************************************************************************
  24:Generated_Source\PSoC6\pdl\drivers\peripheral\tcpwm/cy_tcpwm_counter.c **** * Function Name: Cy_TCPWM_Counter_Init
  25:Generated_Source\PSoC6\pdl\drivers\peripheral\tcpwm/cy_tcpwm_counter.c **** ****************************************************************************//**
  26:Generated_Source\PSoC6\pdl\drivers\peripheral\tcpwm/cy_tcpwm_counter.c **** *
  27:Generated_Source\PSoC6\pdl\drivers\peripheral\tcpwm/cy_tcpwm_counter.c **** * Initializes the counter in the TCPWM block for the Counter operation.
  28:Generated_Source\PSoC6\pdl\drivers\peripheral\tcpwm/cy_tcpwm_counter.c **** *
  29:Generated_Source\PSoC6\pdl\drivers\peripheral\tcpwm/cy_tcpwm_counter.c **** * \param base
ARM GAS  C:\Users\gjl\AppData\Local\Temp\cco1wngt.s 			page 2


  30:Generated_Source\PSoC6\pdl\drivers\peripheral\tcpwm/cy_tcpwm_counter.c **** * The pointer to a TCPWM instance.
  31:Generated_Source\PSoC6\pdl\drivers\peripheral\tcpwm/cy_tcpwm_counter.c **** *
  32:Generated_Source\PSoC6\pdl\drivers\peripheral\tcpwm/cy_tcpwm_counter.c **** * \param cntNum
  33:Generated_Source\PSoC6\pdl\drivers\peripheral\tcpwm/cy_tcpwm_counter.c **** * The Counter instance number in the selected TCPWM.
  34:Generated_Source\PSoC6\pdl\drivers\peripheral\tcpwm/cy_tcpwm_counter.c **** *
  35:Generated_Source\PSoC6\pdl\drivers\peripheral\tcpwm/cy_tcpwm_counter.c **** * \param config
  36:Generated_Source\PSoC6\pdl\drivers\peripheral\tcpwm/cy_tcpwm_counter.c **** * The pointer to configuration structure. See \ref cy_stc_tcpwm_counter_config_t.
  37:Generated_Source\PSoC6\pdl\drivers\peripheral\tcpwm/cy_tcpwm_counter.c **** *
  38:Generated_Source\PSoC6\pdl\drivers\peripheral\tcpwm/cy_tcpwm_counter.c **** * \return error / status code. See \ref cy_en_tcpwm_status_t.
  39:Generated_Source\PSoC6\pdl\drivers\peripheral\tcpwm/cy_tcpwm_counter.c **** *
  40:Generated_Source\PSoC6\pdl\drivers\peripheral\tcpwm/cy_tcpwm_counter.c **** * \funcusage
  41:Generated_Source\PSoC6\pdl\drivers\peripheral\tcpwm/cy_tcpwm_counter.c **** * \snippet tcpwm/tcpwm_v1_0_counter_sut_01.cydsn/main_cm4.c snippet_Cy_TCPWM_Counter_Config
  42:Generated_Source\PSoC6\pdl\drivers\peripheral\tcpwm/cy_tcpwm_counter.c **** * \snippet tcpwm/tcpwm_v1_0_counter_sut_01.cydsn/main_cm4.c snippet_Cy_TCPWM_Counter_Init
  43:Generated_Source\PSoC6\pdl\drivers\peripheral\tcpwm/cy_tcpwm_counter.c **** *
  44:Generated_Source\PSoC6\pdl\drivers\peripheral\tcpwm/cy_tcpwm_counter.c **** *******************************************************************************/
  45:Generated_Source\PSoC6\pdl\drivers\peripheral\tcpwm/cy_tcpwm_counter.c **** cy_en_tcpwm_status_t Cy_TCPWM_Counter_Init(TCPWM_Type *base, uint32_t cntNum, 
  46:Generated_Source\PSoC6\pdl\drivers\peripheral\tcpwm/cy_tcpwm_counter.c ****                                            cy_stc_tcpwm_counter_config_t const *config)
  47:Generated_Source\PSoC6\pdl\drivers\peripheral\tcpwm/cy_tcpwm_counter.c **** {
  29              		.loc 1 47 0
  30              		.cfi_startproc
  31              		@ args = 0, pretend = 0, frame = 0
  32              		@ frame_needed = 0, uses_anonymous_args = 0
  33              		@ link register save eliminated.
  34              	.LVL0:
  48:Generated_Source\PSoC6\pdl\drivers\peripheral\tcpwm/cy_tcpwm_counter.c ****     cy_en_tcpwm_status_t status = CY_TCPWM_BAD_PARAM;
  49:Generated_Source\PSoC6\pdl\drivers\peripheral\tcpwm/cy_tcpwm_counter.c **** 
  50:Generated_Source\PSoC6\pdl\drivers\peripheral\tcpwm/cy_tcpwm_counter.c ****     if ((NULL != base) && (NULL != config))
  35              		.loc 1 50 0
  36 0000 0028     		cmp	r0, #0
  37 0002 7DD0     		beq	.L9
  38 0004 0346     		mov	r3, r0
  39              		.loc 1 50 0 is_stmt 0 discriminator 1
  40 0006 002A     		cmp	r2, #0
  41 0008 7CD0     		beq	.L10
  47:Generated_Source\PSoC6\pdl\drivers\peripheral\tcpwm/cy_tcpwm_counter.c ****     cy_en_tcpwm_status_t status = CY_TCPWM_BAD_PARAM;
  42              		.loc 1 47 0 is_stmt 1
  43 000a 70B4     		push	{r4, r5, r6}
  44              		.cfi_def_cfa_offset 12
  45              		.cfi_offset 4, -12
  46              		.cfi_offset 5, -8
  47              		.cfi_offset 6, -4
  51:Generated_Source\PSoC6\pdl\drivers\peripheral\tcpwm/cy_tcpwm_counter.c ****     {
  52:Generated_Source\PSoC6\pdl\drivers\peripheral\tcpwm/cy_tcpwm_counter.c ****         base->CNT[cntNum].CTRL = (_VAL2FLD(TCPWM_CNT_CTRL_GENERIC, config->clockPrescaler) |
  48              		.loc 1 52 0
  49 000c 5068     		ldr	r0, [r2, #4]
  50              	.LVL1:
  51 000e 0002     		lsls	r0, r0, #8
  52 0010 80B2     		uxth	r0, r0
  53:Generated_Source\PSoC6\pdl\drivers\peripheral\tcpwm/cy_tcpwm_counter.c ****                                   _VAL2FLD(TCPWM_CNT_CTRL_ONE_SHOT, config->runMode) |
  53              		.loc 1 53 0
  54 0012 9568     		ldr	r5, [r2, #8]
  55 0014 AD04     		lsls	r5, r5, #18
  56 0016 05F48025 		and	r5, r5, #262144
  52:Generated_Source\PSoC6\pdl\drivers\peripheral\tcpwm/cy_tcpwm_counter.c ****                                   _VAL2FLD(TCPWM_CNT_CTRL_ONE_SHOT, config->runMode) |
  57              		.loc 1 52 0
  58 001a 2843     		orrs	r0, r0, r5
  54:Generated_Source\PSoC6\pdl\drivers\peripheral\tcpwm/cy_tcpwm_counter.c ****                                   _VAL2FLD(TCPWM_CNT_CTRL_UP_DOWN_MODE, config->countDirection) |
ARM GAS  C:\Users\gjl\AppData\Local\Temp\cco1wngt.s 			page 3


  59              		.loc 1 54 0
  60 001c D468     		ldr	r4, [r2, #12]
  61 001e 2404     		lsls	r4, r4, #16
  62 0020 04F44034 		and	r4, r4, #196608
  53:Generated_Source\PSoC6\pdl\drivers\peripheral\tcpwm/cy_tcpwm_counter.c ****                                   _VAL2FLD(TCPWM_CNT_CTRL_ONE_SHOT, config->runMode) |
  63              		.loc 1 53 0
  64 0024 0443     		orrs	r4, r4, r0
  55:Generated_Source\PSoC6\pdl\drivers\peripheral\tcpwm/cy_tcpwm_counter.c ****                                   _VAL2FLD(TCPWM_CNT_CTRL_MODE, config->compareOrCapture) |
  65              		.loc 1 55 0
  66 0026 1069     		ldr	r0, [r2, #16]
  67 0028 0006     		lsls	r0, r0, #24
  68 002a 00F0E060 		and	r0, r0, #117440512
  54:Generated_Source\PSoC6\pdl\drivers\peripheral\tcpwm/cy_tcpwm_counter.c ****                                   _VAL2FLD(TCPWM_CNT_CTRL_UP_DOWN_MODE, config->countDirection) |
  69              		.loc 1 54 0
  70 002e 2043     		orrs	r0, r0, r4
  56:Generated_Source\PSoC6\pdl\drivers\peripheral\tcpwm/cy_tcpwm_counter.c ****                                   (config->enableCompareSwap ? TCPWM_CNT_CTRL_AUTO_RELOAD_CC_Msk : 
  71              		.loc 1 56 0
  72 0030 147F     		ldrb	r4, [r2, #28]	@ zero_extendqisi2
  73 0032 0CB1     		cbz	r4, .L11
  74 0034 0124     		movs	r4, #1
  75 0036 00E0     		b	.L3
  76              	.L11:
  77 0038 0024     		movs	r4, #0
  78              	.L3:
  55:Generated_Source\PSoC6\pdl\drivers\peripheral\tcpwm/cy_tcpwm_counter.c ****                                   _VAL2FLD(TCPWM_CNT_CTRL_MODE, config->compareOrCapture) |
  79              		.loc 1 55 0
  80 003a 2043     		orrs	r0, r0, r4
  52:Generated_Source\PSoC6\pdl\drivers\peripheral\tcpwm/cy_tcpwm_counter.c ****                                   _VAL2FLD(TCPWM_CNT_CTRL_ONE_SHOT, config->runMode) |
  81              		.loc 1 52 0
  82 003c 0C1D     		adds	r4, r1, #4
  83 003e A401     		lsls	r4, r4, #6
  84 0040 1851     		str	r0, [r3, r4]
  57:Generated_Source\PSoC6\pdl\drivers\peripheral\tcpwm/cy_tcpwm_counter.c **** 
  58:Generated_Source\PSoC6\pdl\drivers\peripheral\tcpwm/cy_tcpwm_counter.c ****         if (CY_TCPWM_COUNTER_COUNT_UP == config->countDirection)
  85              		.loc 1 58 0
  86 0042 D068     		ldr	r0, [r2, #12]
  87 0044 28B9     		cbnz	r0, .L4
  59:Generated_Source\PSoC6\pdl\drivers\peripheral\tcpwm/cy_tcpwm_counter.c ****         {
  60:Generated_Source\PSoC6\pdl\drivers\peripheral\tcpwm/cy_tcpwm_counter.c ****             base->CNT[cntNum].COUNTER = CY_TCPWM_CNT_UP_INIT_VAL;
  88              		.loc 1 60 0
  89 0046 03EB8110 		add	r0, r3, r1, lsl #6
  90 004a 0024     		movs	r4, #0
  91 004c C0F80841 		str	r4, [r0, #264]
  92 0050 0CE0     		b	.L5
  93              	.L4:
  61:Generated_Source\PSoC6\pdl\drivers\peripheral\tcpwm/cy_tcpwm_counter.c ****         }
  62:Generated_Source\PSoC6\pdl\drivers\peripheral\tcpwm/cy_tcpwm_counter.c ****         else if (CY_TCPWM_COUNTER_COUNT_DOWN == config->countDirection)
  94              		.loc 1 62 0
  95 0052 0128     		cmp	r0, #1
  96 0054 05D1     		bne	.L6
  63:Generated_Source\PSoC6\pdl\drivers\peripheral\tcpwm/cy_tcpwm_counter.c ****         {
  64:Generated_Source\PSoC6\pdl\drivers\peripheral\tcpwm/cy_tcpwm_counter.c ****             base->CNT[cntNum].COUNTER = config->period;
  97              		.loc 1 64 0
  98 0056 1468     		ldr	r4, [r2]
  99 0058 03EB8110 		add	r0, r3, r1, lsl #6
 100 005c C0F80841 		str	r4, [r0, #264]
 101 0060 04E0     		b	.L5
ARM GAS  C:\Users\gjl\AppData\Local\Temp\cco1wngt.s 			page 4


 102              	.L6:
  65:Generated_Source\PSoC6\pdl\drivers\peripheral\tcpwm/cy_tcpwm_counter.c ****         }
  66:Generated_Source\PSoC6\pdl\drivers\peripheral\tcpwm/cy_tcpwm_counter.c ****         else
  67:Generated_Source\PSoC6\pdl\drivers\peripheral\tcpwm/cy_tcpwm_counter.c ****         {
  68:Generated_Source\PSoC6\pdl\drivers\peripheral\tcpwm/cy_tcpwm_counter.c ****             base->CNT[cntNum].COUNTER = CY_TCPWM_CNT_UP_DOWN_INIT_VAL;
 103              		.loc 1 68 0
 104 0062 03EB8110 		add	r0, r3, r1, lsl #6
 105 0066 0124     		movs	r4, #1
 106 0068 C0F80841 		str	r4, [r0, #264]
 107              	.L5:
  69:Generated_Source\PSoC6\pdl\drivers\peripheral\tcpwm/cy_tcpwm_counter.c ****         }
  70:Generated_Source\PSoC6\pdl\drivers\peripheral\tcpwm/cy_tcpwm_counter.c **** 
  71:Generated_Source\PSoC6\pdl\drivers\peripheral\tcpwm/cy_tcpwm_counter.c ****         if (CY_TCPWM_COUNTER_MODE_COMPARE == config->compareOrCapture)
 108              		.loc 1 71 0
 109 006c 1069     		ldr	r0, [r2, #16]
 110 006e 38B9     		cbnz	r0, .L7
  72:Generated_Source\PSoC6\pdl\drivers\peripheral\tcpwm/cy_tcpwm_counter.c ****         {
  73:Generated_Source\PSoC6\pdl\drivers\peripheral\tcpwm/cy_tcpwm_counter.c ****             base->CNT[cntNum].CC = config->compare0;
 111              		.loc 1 73 0
 112 0070 5469     		ldr	r4, [r2, #20]
 113 0072 03EB8110 		add	r0, r3, r1, lsl #6
 114 0076 C0F80C41 		str	r4, [r0, #268]
  74:Generated_Source\PSoC6\pdl\drivers\peripheral\tcpwm/cy_tcpwm_counter.c ****             base->CNT[cntNum].CC_BUFF = config->compare1;
 115              		.loc 1 74 0
 116 007a 9469     		ldr	r4, [r2, #24]
 117 007c C0F81041 		str	r4, [r0, #272]
 118              	.L7:
  75:Generated_Source\PSoC6\pdl\drivers\peripheral\tcpwm/cy_tcpwm_counter.c ****         }
  76:Generated_Source\PSoC6\pdl\drivers\peripheral\tcpwm/cy_tcpwm_counter.c **** 
  77:Generated_Source\PSoC6\pdl\drivers\peripheral\tcpwm/cy_tcpwm_counter.c ****         base->CNT[cntNum].PERIOD = config->period;
 119              		.loc 1 77 0
 120 0080 1468     		ldr	r4, [r2]
 121 0082 03EB8110 		add	r0, r3, r1, lsl #6
 122 0086 C0F81441 		str	r4, [r0, #276]
  78:Generated_Source\PSoC6\pdl\drivers\peripheral\tcpwm/cy_tcpwm_counter.c **** 
  79:Generated_Source\PSoC6\pdl\drivers\peripheral\tcpwm/cy_tcpwm_counter.c ****         if (CY_TCPWM_INPUT_CREATOR != config->countInput)
 123              		.loc 1 79 0
 124 008a 906C     		ldr	r0, [r2, #72]
 125 008c B0F1FF3F 		cmp	r0, #-1
 126 0090 17D0     		beq	.L8
  80:Generated_Source\PSoC6\pdl\drivers\peripheral\tcpwm/cy_tcpwm_counter.c ****         {
  81:Generated_Source\PSoC6\pdl\drivers\peripheral\tcpwm/cy_tcpwm_counter.c ****             base->CNT[cntNum].TR_CTRL0 = (_VAL2FLD(TCPWM_CNT_TR_CTRL0_CAPTURE_SEL, config->captureI
 127              		.loc 1 81 0
 128 0092 946A     		ldr	r4, [r2, #40]
 129 0094 04F00F04 		and	r4, r4, #15
  82:Generated_Source\PSoC6\pdl\drivers\peripheral\tcpwm/cy_tcpwm_counter.c ****                                           _VAL2FLD(TCPWM_CNT_TR_CTRL0_RELOAD_SEL, config->reloadInp
 130              		.loc 1 82 0
 131 0098 166B     		ldr	r6, [r2, #48]
 132 009a 3602     		lsls	r6, r6, #8
 133 009c 06F47066 		and	r6, r6, #3840
  81:Generated_Source\PSoC6\pdl\drivers\peripheral\tcpwm/cy_tcpwm_counter.c ****                                           _VAL2FLD(TCPWM_CNT_TR_CTRL0_RELOAD_SEL, config->reloadInp
 134              		.loc 1 81 0
 135 00a0 3443     		orrs	r4, r4, r6
  83:Generated_Source\PSoC6\pdl\drivers\peripheral\tcpwm/cy_tcpwm_counter.c ****                                           _VAL2FLD(TCPWM_CNT_TR_CTRL0_START_SEL, config->startInput
 136              		.loc 1 83 0
 137 00a2 956B     		ldr	r5, [r2, #56]
 138 00a4 2D04     		lsls	r5, r5, #16
ARM GAS  C:\Users\gjl\AppData\Local\Temp\cco1wngt.s 			page 5


 139 00a6 05F47025 		and	r5, r5, #983040
  82:Generated_Source\PSoC6\pdl\drivers\peripheral\tcpwm/cy_tcpwm_counter.c ****                                           _VAL2FLD(TCPWM_CNT_TR_CTRL0_RELOAD_SEL, config->reloadInp
 140              		.loc 1 82 0
 141 00aa 2543     		orrs	r5, r5, r4
  84:Generated_Source\PSoC6\pdl\drivers\peripheral\tcpwm/cy_tcpwm_counter.c ****                                           _VAL2FLD(TCPWM_CNT_TR_CTRL0_STOP_SEL, config->stopInput) 
 142              		.loc 1 84 0
 143 00ac 146C     		ldr	r4, [r2, #64]
 144 00ae 2403     		lsls	r4, r4, #12
 145 00b0 A4B2     		uxth	r4, r4
  83:Generated_Source\PSoC6\pdl\drivers\peripheral\tcpwm/cy_tcpwm_counter.c ****                                           _VAL2FLD(TCPWM_CNT_TR_CTRL0_START_SEL, config->startInput
 146              		.loc 1 83 0
 147 00b2 2C43     		orrs	r4, r4, r5
  85:Generated_Source\PSoC6\pdl\drivers\peripheral\tcpwm/cy_tcpwm_counter.c ****                                           _VAL2FLD(TCPWM_CNT_TR_CTRL0_COUNT_SEL, config->countInput
 148              		.loc 1 85 0
 149 00b4 0001     		lsls	r0, r0, #4
 150 00b6 C0B2     		uxtb	r0, r0
  84:Generated_Source\PSoC6\pdl\drivers\peripheral\tcpwm/cy_tcpwm_counter.c ****                                           _VAL2FLD(TCPWM_CNT_TR_CTRL0_STOP_SEL, config->stopInput) 
 151              		.loc 1 84 0
 152 00b8 2043     		orrs	r0, r0, r4
  81:Generated_Source\PSoC6\pdl\drivers\peripheral\tcpwm/cy_tcpwm_counter.c ****                                           _VAL2FLD(TCPWM_CNT_TR_CTRL0_RELOAD_SEL, config->reloadInp
 153              		.loc 1 81 0
 154 00ba 03EB8114 		add	r4, r3, r1, lsl #6
 155 00be C4F82001 		str	r0, [r4, #288]
 156              	.L8:
  86:Generated_Source\PSoC6\pdl\drivers\peripheral\tcpwm/cy_tcpwm_counter.c ****         }
  87:Generated_Source\PSoC6\pdl\drivers\peripheral\tcpwm/cy_tcpwm_counter.c **** 
  88:Generated_Source\PSoC6\pdl\drivers\peripheral\tcpwm/cy_tcpwm_counter.c ****         base->CNT[cntNum].TR_CTRL1 = (_VAL2FLD(TCPWM_CNT_TR_CTRL1_CAPTURE_EDGE, config->captureInpu
 157              		.loc 1 88 0
 158 00c2 506A     		ldr	r0, [r2, #36]
 159 00c4 00F00300 		and	r0, r0, #3
  89:Generated_Source\PSoC6\pdl\drivers\peripheral\tcpwm/cy_tcpwm_counter.c ****                                       _VAL2FLD(TCPWM_CNT_TR_CTRL1_RELOAD_EDGE, config->reloadInputM
 160              		.loc 1 89 0
 161 00c8 D66A     		ldr	r6, [r2, #44]
 162 00ca 3601     		lsls	r6, r6, #4
 163 00cc 06F03006 		and	r6, r6, #48
  88:Generated_Source\PSoC6\pdl\drivers\peripheral\tcpwm/cy_tcpwm_counter.c ****                                       _VAL2FLD(TCPWM_CNT_TR_CTRL1_RELOAD_EDGE, config->reloadInputM
 164              		.loc 1 88 0
 165 00d0 3043     		orrs	r0, r0, r6
  90:Generated_Source\PSoC6\pdl\drivers\peripheral\tcpwm/cy_tcpwm_counter.c ****                                       _VAL2FLD(TCPWM_CNT_TR_CTRL1_START_EDGE, config->startInputMod
 166              		.loc 1 90 0
 167 00d2 556B     		ldr	r5, [r2, #52]
 168 00d4 2D02     		lsls	r5, r5, #8
 169 00d6 05F44075 		and	r5, r5, #768
  89:Generated_Source\PSoC6\pdl\drivers\peripheral\tcpwm/cy_tcpwm_counter.c ****                                       _VAL2FLD(TCPWM_CNT_TR_CTRL1_RELOAD_EDGE, config->reloadInputM
 170              		.loc 1 89 0
 171 00da 2843     		orrs	r0, r0, r5
  91:Generated_Source\PSoC6\pdl\drivers\peripheral\tcpwm/cy_tcpwm_counter.c ****                                       _VAL2FLD(TCPWM_CNT_TR_CTRL1_STOP_EDGE, config->stopInputMode)
 172              		.loc 1 91 0
 173 00dc D46B     		ldr	r4, [r2, #60]
 174 00de A401     		lsls	r4, r4, #6
 175 00e0 E4B2     		uxtb	r4, r4
  90:Generated_Source\PSoC6\pdl\drivers\peripheral\tcpwm/cy_tcpwm_counter.c ****                                       _VAL2FLD(TCPWM_CNT_TR_CTRL1_START_EDGE, config->startInputMod
 176              		.loc 1 90 0
 177 00e2 0443     		orrs	r4, r4, r0
  92:Generated_Source\PSoC6\pdl\drivers\peripheral\tcpwm/cy_tcpwm_counter.c ****                                       _VAL2FLD(TCPWM_CNT_TR_CTRL1_COUNT_EDGE, config->countInputMod
 178              		.loc 1 92 0
 179 00e4 506C     		ldr	r0, [r2, #68]
ARM GAS  C:\Users\gjl\AppData\Local\Temp\cco1wngt.s 			page 6


 180 00e6 8000     		lsls	r0, r0, #2
 181 00e8 00F00C00 		and	r0, r0, #12
  91:Generated_Source\PSoC6\pdl\drivers\peripheral\tcpwm/cy_tcpwm_counter.c ****                                       _VAL2FLD(TCPWM_CNT_TR_CTRL1_STOP_EDGE, config->stopInputMode)
 182              		.loc 1 91 0
 183 00ec 2043     		orrs	r0, r0, r4
  88:Generated_Source\PSoC6\pdl\drivers\peripheral\tcpwm/cy_tcpwm_counter.c ****                                       _VAL2FLD(TCPWM_CNT_TR_CTRL1_RELOAD_EDGE, config->reloadInputM
 184              		.loc 1 88 0
 185 00ee 03EB8113 		add	r3, r3, r1, lsl #6
 186              	.LVL2:
 187 00f2 C3F82401 		str	r0, [r3, #292]
  93:Generated_Source\PSoC6\pdl\drivers\peripheral\tcpwm/cy_tcpwm_counter.c **** 
  94:Generated_Source\PSoC6\pdl\drivers\peripheral\tcpwm/cy_tcpwm_counter.c ****         base->CNT[cntNum].INTR_MASK = config->interruptSources;
 188              		.loc 1 94 0
 189 00f6 126A     		ldr	r2, [r2, #32]
 190              	.LVL3:
 191 00f8 C3F83821 		str	r2, [r3, #312]
 192              	.LVL4:
  95:Generated_Source\PSoC6\pdl\drivers\peripheral\tcpwm/cy_tcpwm_counter.c **** 
  96:Generated_Source\PSoC6\pdl\drivers\peripheral\tcpwm/cy_tcpwm_counter.c ****         status = CY_TCPWM_SUCCESS;
 193              		.loc 1 96 0
 194 00fc 0020     		movs	r0, #0
 195 00fe 03E0     		b	.L2
 196              	.LVL5:
 197              	.L9:
 198              		.cfi_def_cfa_offset 0
 199              		.cfi_restore 4
 200              		.cfi_restore 5
 201              		.cfi_restore 6
  48:Generated_Source\PSoC6\pdl\drivers\peripheral\tcpwm/cy_tcpwm_counter.c **** 
 202              		.loc 1 48 0
 203 0100 0248     		ldr	r0, .L14
 204              	.LVL6:
 205 0102 7047     		bx	lr
 206              	.LVL7:
 207              	.L10:
 208 0104 0148     		ldr	r0, .L14
 209              	.LVL8:
 210 0106 7047     		bx	lr
 211              	.LVL9:
 212              	.L2:
 213              		.cfi_def_cfa_offset 12
 214              		.cfi_offset 4, -12
 215              		.cfi_offset 5, -8
 216              		.cfi_offset 6, -4
  97:Generated_Source\PSoC6\pdl\drivers\peripheral\tcpwm/cy_tcpwm_counter.c ****     }
  98:Generated_Source\PSoC6\pdl\drivers\peripheral\tcpwm/cy_tcpwm_counter.c **** 
  99:Generated_Source\PSoC6\pdl\drivers\peripheral\tcpwm/cy_tcpwm_counter.c ****     return(status);
 100:Generated_Source\PSoC6\pdl\drivers\peripheral\tcpwm/cy_tcpwm_counter.c **** }
 217              		.loc 1 100 0
 218 0108 70BC     		pop	{r4, r5, r6}
 219              		.cfi_restore 6
 220              		.cfi_restore 5
 221              		.cfi_restore 4
 222              		.cfi_def_cfa_offset 0
 223 010a 7047     		bx	lr
 224              	.L15:
 225              		.align	2
ARM GAS  C:\Users\gjl\AppData\Local\Temp\cco1wngt.s 			page 7


 226              	.L14:
 227 010c 0100B600 		.word	11927553
 228              		.cfi_endproc
 229              	.LFE151:
 230              		.size	Cy_TCPWM_Counter_Init, .-Cy_TCPWM_Counter_Init
 231              		.section	.text.Cy_TCPWM_Counter_DeInit,"ax",%progbits
 232              		.align	2
 233              		.global	Cy_TCPWM_Counter_DeInit
 234              		.thumb
 235              		.thumb_func
 236              		.type	Cy_TCPWM_Counter_DeInit, %function
 237              	Cy_TCPWM_Counter_DeInit:
 238              	.LFB152:
 101:Generated_Source\PSoC6\pdl\drivers\peripheral\tcpwm/cy_tcpwm_counter.c **** 
 102:Generated_Source\PSoC6\pdl\drivers\peripheral\tcpwm/cy_tcpwm_counter.c **** 
 103:Generated_Source\PSoC6\pdl\drivers\peripheral\tcpwm/cy_tcpwm_counter.c **** /*******************************************************************************
 104:Generated_Source\PSoC6\pdl\drivers\peripheral\tcpwm/cy_tcpwm_counter.c **** * Function Name: Cy_TCPWM_Counter_DeInit
 105:Generated_Source\PSoC6\pdl\drivers\peripheral\tcpwm/cy_tcpwm_counter.c **** ****************************************************************************//**
 106:Generated_Source\PSoC6\pdl\drivers\peripheral\tcpwm/cy_tcpwm_counter.c **** *
 107:Generated_Source\PSoC6\pdl\drivers\peripheral\tcpwm/cy_tcpwm_counter.c **** * De-initializes the counter in the TCPWM block, returns register values to 
 108:Generated_Source\PSoC6\pdl\drivers\peripheral\tcpwm/cy_tcpwm_counter.c **** * default.
 109:Generated_Source\PSoC6\pdl\drivers\peripheral\tcpwm/cy_tcpwm_counter.c **** *
 110:Generated_Source\PSoC6\pdl\drivers\peripheral\tcpwm/cy_tcpwm_counter.c **** * \param base
 111:Generated_Source\PSoC6\pdl\drivers\peripheral\tcpwm/cy_tcpwm_counter.c **** * The pointer to a TCPWM instance.
 112:Generated_Source\PSoC6\pdl\drivers\peripheral\tcpwm/cy_tcpwm_counter.c **** *
 113:Generated_Source\PSoC6\pdl\drivers\peripheral\tcpwm/cy_tcpwm_counter.c **** * \param cntNum
 114:Generated_Source\PSoC6\pdl\drivers\peripheral\tcpwm/cy_tcpwm_counter.c **** * The Counter instance number in the selected TCPWM.
 115:Generated_Source\PSoC6\pdl\drivers\peripheral\tcpwm/cy_tcpwm_counter.c **** *
 116:Generated_Source\PSoC6\pdl\drivers\peripheral\tcpwm/cy_tcpwm_counter.c **** * \param config
 117:Generated_Source\PSoC6\pdl\drivers\peripheral\tcpwm/cy_tcpwm_counter.c **** * The pointer to configuration structure. See \ref cy_stc_tcpwm_counter_config_t.
 118:Generated_Source\PSoC6\pdl\drivers\peripheral\tcpwm/cy_tcpwm_counter.c **** *
 119:Generated_Source\PSoC6\pdl\drivers\peripheral\tcpwm/cy_tcpwm_counter.c **** * \funcusage
 120:Generated_Source\PSoC6\pdl\drivers\peripheral\tcpwm/cy_tcpwm_counter.c **** * \snippet tcpwm/tcpwm_v1_0_counter_sut_01.cydsn/main_cm4.c snippet_Cy_TCPWM_Counter_DeInit
 121:Generated_Source\PSoC6\pdl\drivers\peripheral\tcpwm/cy_tcpwm_counter.c **** *
 122:Generated_Source\PSoC6\pdl\drivers\peripheral\tcpwm/cy_tcpwm_counter.c **** *******************************************************************************/
 123:Generated_Source\PSoC6\pdl\drivers\peripheral\tcpwm/cy_tcpwm_counter.c **** void Cy_TCPWM_Counter_DeInit(TCPWM_Type *base, uint32_t cntNum, cy_stc_tcpwm_counter_config_t const
 124:Generated_Source\PSoC6\pdl\drivers\peripheral\tcpwm/cy_tcpwm_counter.c **** {
 239              		.loc 1 124 0
 240              		.cfi_startproc
 241              		@ args = 0, pretend = 0, frame = 0
 242              		@ frame_needed = 0, uses_anonymous_args = 0
 243              		@ link register save eliminated.
 244              	.LVL10:
 245 0000 30B4     		push	{r4, r5}
 246              		.cfi_def_cfa_offset 8
 247              		.cfi_offset 4, -8
 248              		.cfi_offset 5, -4
 125:Generated_Source\PSoC6\pdl\drivers\peripheral\tcpwm/cy_tcpwm_counter.c ****     base->CNT[cntNum].CTRL = CY_TCPWM_CNT_CTRL_DEFAULT;
 249              		.loc 1 125 0
 250 0002 0B1D     		adds	r3, r1, #4
 251 0004 9B01     		lsls	r3, r3, #6
 252 0006 0024     		movs	r4, #0
 253 0008 C450     		str	r4, [r0, r3]
 126:Generated_Source\PSoC6\pdl\drivers\peripheral\tcpwm/cy_tcpwm_counter.c ****     base->CNT[cntNum].COUNTER = CY_TCPWM_CNT_COUNTER_DEFAULT;
 254              		.loc 1 126 0
 255 000a 00EB8113 		add	r3, r0, r1, lsl #6
 256 000e C3F80841 		str	r4, [r3, #264]
ARM GAS  C:\Users\gjl\AppData\Local\Temp\cco1wngt.s 			page 8


 127:Generated_Source\PSoC6\pdl\drivers\peripheral\tcpwm/cy_tcpwm_counter.c ****     base->CNT[cntNum].CC = CY_TCPWM_CNT_CC_DEFAULT;
 257              		.loc 1 127 0
 258 0012 4FF0FF35 		mov	r5, #-1
 259 0016 C3F80C51 		str	r5, [r3, #268]
 128:Generated_Source\PSoC6\pdl\drivers\peripheral\tcpwm/cy_tcpwm_counter.c ****     base->CNT[cntNum].CC_BUFF = CY_TCPWM_CNT_CC_BUFF_DEFAULT;
 260              		.loc 1 128 0
 261 001a C3F81051 		str	r5, [r3, #272]
 129:Generated_Source\PSoC6\pdl\drivers\peripheral\tcpwm/cy_tcpwm_counter.c ****     base->CNT[cntNum].PERIOD = CY_TCPWM_CNT_PERIOD_DEFAULT;
 262              		.loc 1 129 0
 263 001e C3F81451 		str	r5, [r3, #276]
 130:Generated_Source\PSoC6\pdl\drivers\peripheral\tcpwm/cy_tcpwm_counter.c ****     base->CNT[cntNum].PERIOD_BUFF = CY_TCPWM_CNT_PERIOD_BUFF_DEFAULT;
 264              		.loc 1 130 0
 265 0022 C3F81851 		str	r5, [r3, #280]
 131:Generated_Source\PSoC6\pdl\drivers\peripheral\tcpwm/cy_tcpwm_counter.c ****     base->CNT[cntNum].TR_CTRL1 = CY_TCPWM_CNT_TR_CTRL1_DEFAULT;
 266              		.loc 1 131 0
 267 0026 40F2FF35 		movw	r5, #1023
 268 002a C3F82451 		str	r5, [r3, #292]
 132:Generated_Source\PSoC6\pdl\drivers\peripheral\tcpwm/cy_tcpwm_counter.c ****     base->CNT[cntNum].TR_CTRL2 = CY_TCPWM_CNT_TR_CTRL2_DEFAULT;
 269              		.loc 1 132 0
 270 002e 3F25     		movs	r5, #63
 271 0030 C3F82851 		str	r5, [r3, #296]
 133:Generated_Source\PSoC6\pdl\drivers\peripheral\tcpwm/cy_tcpwm_counter.c ****     base->CNT[cntNum].INTR = CY_TCPWM_CNT_INTR_DEFAULT;
 272              		.loc 1 133 0
 273 0034 0325     		movs	r5, #3
 274 0036 C3F83051 		str	r5, [r3, #304]
 134:Generated_Source\PSoC6\pdl\drivers\peripheral\tcpwm/cy_tcpwm_counter.c ****     base->CNT[cntNum].INTR_SET = CY_TCPWM_CNT_INTR_SET_DEFAULT;
 275              		.loc 1 134 0
 276 003a C3F83441 		str	r4, [r3, #308]
 135:Generated_Source\PSoC6\pdl\drivers\peripheral\tcpwm/cy_tcpwm_counter.c ****     base->CNT[cntNum].INTR_MASK = CY_TCPWM_CNT_INTR_MASK_DEFAULT;
 277              		.loc 1 135 0
 278 003e C3F83841 		str	r4, [r3, #312]
 136:Generated_Source\PSoC6\pdl\drivers\peripheral\tcpwm/cy_tcpwm_counter.c ****     
 137:Generated_Source\PSoC6\pdl\drivers\peripheral\tcpwm/cy_tcpwm_counter.c ****     if (CY_TCPWM_INPUT_CREATOR != config->countInput)
 279              		.loc 1 137 0
 280 0042 936C     		ldr	r3, [r2, #72]
 281 0044 B3F1FF3F 		cmp	r3, #-1
 282 0048 04D0     		beq	.L16
 138:Generated_Source\PSoC6\pdl\drivers\peripheral\tcpwm/cy_tcpwm_counter.c ****     {
 139:Generated_Source\PSoC6\pdl\drivers\peripheral\tcpwm/cy_tcpwm_counter.c ****         base->CNT[cntNum].TR_CTRL0 = CY_TCPWM_CNT_TR_CTRL0_DEFAULT;
 283              		.loc 1 139 0
 284 004a 00EB8110 		add	r0, r0, r1, lsl #6
 285              	.LVL11:
 286 004e 1023     		movs	r3, #16
 287 0050 C0F82031 		str	r3, [r0, #288]
 288              	.L16:
 140:Generated_Source\PSoC6\pdl\drivers\peripheral\tcpwm/cy_tcpwm_counter.c ****     }
 141:Generated_Source\PSoC6\pdl\drivers\peripheral\tcpwm/cy_tcpwm_counter.c **** }
 289              		.loc 1 141 0
 290 0054 30BC     		pop	{r4, r5}
 291              		.cfi_restore 5
 292              		.cfi_restore 4
 293              		.cfi_def_cfa_offset 0
 294 0056 7047     		bx	lr
 295              		.cfi_endproc
 296              	.LFE152:
 297              		.size	Cy_TCPWM_Counter_DeInit, .-Cy_TCPWM_Counter_DeInit
 298              		.text
ARM GAS  C:\Users\gjl\AppData\Local\Temp\cco1wngt.s 			page 9


 299              	.Letext0:
 300              		.file 2 "c:\\program files (x86)\\cypress\\psoc creator\\4.2\\psoc creator\\import\\gnu\\arm\\5.4.
 301              		.file 3 "c:\\program files (x86)\\cypress\\psoc creator\\4.2\\psoc creator\\import\\gnu\\arm\\5.4.
 302              		.file 4 "Generated_Source\\PSoC6\\pdl\\devices/psoc6/ip/cyip_tcpwm.h"
 303              		.file 5 "Generated_Source\\PSoC6\\pdl\\drivers\\peripheral\\tcpwm\\cy_tcpwm.h"
 304              		.file 6 "Generated_Source\\PSoC6\\pdl\\drivers\\peripheral\\tcpwm\\cy_tcpwm_counter.h"
 305              		.file 7 "Generated_Source\\PSoC6\\pdl\\cmsis/include/core_cm4.h"
 306              		.section	.debug_info,"",%progbits
 307              	.Ldebug_info0:
 308 0000 2D040000 		.4byte	0x42d
 309 0004 0400     		.2byte	0x4
 310 0006 00000000 		.4byte	.Ldebug_abbrev0
 311 000a 04       		.byte	0x4
 312 000b 01       		.uleb128 0x1
 313 000c E2000000 		.4byte	.LASF69
 314 0010 0C       		.byte	0xc
 315 0011 B1010000 		.4byte	.LASF70
 316 0015 3C000000 		.4byte	.LASF71
 317 0019 00000000 		.4byte	.Ldebug_ranges0+0
 318 001d 00000000 		.4byte	0
 319 0021 00000000 		.4byte	.Ldebug_line0
 320 0025 02       		.uleb128 0x2
 321 0026 01       		.byte	0x1
 322 0027 06       		.byte	0x6
 323 0028 10030000 		.4byte	.LASF0
 324 002c 02       		.uleb128 0x2
 325 002d 01       		.byte	0x1
 326 002e 08       		.byte	0x8
 327 002f E3020000 		.4byte	.LASF1
 328 0033 02       		.uleb128 0x2
 329 0034 02       		.byte	0x2
 330 0035 05       		.byte	0x5
 331 0036 96000000 		.4byte	.LASF2
 332 003a 02       		.uleb128 0x2
 333 003b 02       		.byte	0x2
 334 003c 07       		.byte	0x7
 335 003d 99030000 		.4byte	.LASF3
 336 0041 03       		.uleb128 0x3
 337 0042 38040000 		.4byte	.LASF5
 338 0046 02       		.byte	0x2
 339 0047 3F       		.byte	0x3f
 340 0048 4C000000 		.4byte	0x4c
 341 004c 02       		.uleb128 0x2
 342 004d 04       		.byte	0x4
 343 004e 05       		.byte	0x5
 344 004f 95020000 		.4byte	.LASF4
 345 0053 03       		.uleb128 0x3
 346 0054 A6010000 		.4byte	.LASF6
 347 0058 02       		.byte	0x2
 348 0059 41       		.byte	0x41
 349 005a 5E000000 		.4byte	0x5e
 350 005e 02       		.uleb128 0x2
 351 005f 04       		.byte	0x4
 352 0060 07       		.byte	0x7
 353 0061 F8030000 		.4byte	.LASF7
 354 0065 02       		.uleb128 0x2
 355 0066 08       		.byte	0x8
ARM GAS  C:\Users\gjl\AppData\Local\Temp\cco1wngt.s 			page 10


 356 0067 05       		.byte	0x5
 357 0068 69020000 		.4byte	.LASF8
 358 006c 02       		.uleb128 0x2
 359 006d 08       		.byte	0x8
 360 006e 07       		.byte	0x7
 361 006f 25030000 		.4byte	.LASF9
 362 0073 04       		.uleb128 0x4
 363 0074 04       		.byte	0x4
 364 0075 05       		.byte	0x5
 365 0076 696E7400 		.ascii	"int\000"
 366 007a 02       		.uleb128 0x2
 367 007b 04       		.byte	0x4
 368 007c 07       		.byte	0x7
 369 007d 4C020000 		.4byte	.LASF10
 370 0081 03       		.uleb128 0x3
 371 0082 A5020000 		.4byte	.LASF11
 372 0086 03       		.byte	0x3
 373 0087 2C       		.byte	0x2c
 374 0088 41000000 		.4byte	0x41
 375 008c 03       		.uleb128 0x3
 376 008d 3C030000 		.4byte	.LASF12
 377 0091 03       		.byte	0x3
 378 0092 30       		.byte	0x30
 379 0093 53000000 		.4byte	0x53
 380 0097 02       		.uleb128 0x2
 381 0098 08       		.byte	0x8
 382 0099 04       		.byte	0x4
 383 009a C8020000 		.4byte	.LASF13
 384 009e 02       		.uleb128 0x2
 385 009f 04       		.byte	0x4
 386 00a0 07       		.byte	0x7
 387 00a1 A0000000 		.4byte	.LASF14
 388 00a5 05       		.uleb128 0x5
 389 00a6 8C000000 		.4byte	0x8c
 390 00aa 06       		.uleb128 0x6
 391 00ab A5000000 		.4byte	0xa5
 392 00af 07       		.uleb128 0x7
 393 00b0 40       		.byte	0x40
 394 00b1 04       		.byte	0x4
 395 00b2 22       		.byte	0x22
 396 00b3 77010000 		.4byte	0x177
 397 00b7 08       		.uleb128 0x8
 398 00b8 00030000 		.4byte	.LASF15
 399 00bc 04       		.byte	0x4
 400 00bd 23       		.byte	0x23
 401 00be A5000000 		.4byte	0xa5
 402 00c2 00       		.byte	0
 403 00c3 08       		.uleb128 0x8
 404 00c4 B8030000 		.4byte	.LASF16
 405 00c8 04       		.byte	0x4
 406 00c9 24       		.byte	0x24
 407 00ca AA000000 		.4byte	0xaa
 408 00ce 04       		.byte	0x4
 409 00cf 08       		.uleb128 0x8
 410 00d0 71040000 		.4byte	.LASF17
 411 00d4 04       		.byte	0x4
 412 00d5 25       		.byte	0x25
ARM GAS  C:\Users\gjl\AppData\Local\Temp\cco1wngt.s 			page 11


 413 00d6 A5000000 		.4byte	0xa5
 414 00da 08       		.byte	0x8
 415 00db 09       		.uleb128 0x9
 416 00dc 434300   		.ascii	"CC\000"
 417 00df 04       		.byte	0x4
 418 00e0 26       		.byte	0x26
 419 00e1 A5000000 		.4byte	0xa5
 420 00e5 0C       		.byte	0xc
 421 00e6 08       		.uleb128 0x8
 422 00e7 C0020000 		.4byte	.LASF18
 423 00eb 04       		.byte	0x4
 424 00ec 27       		.byte	0x27
 425 00ed A5000000 		.4byte	0xa5
 426 00f1 10       		.byte	0x10
 427 00f2 08       		.uleb128 0x8
 428 00f3 BE000000 		.4byte	.LASF19
 429 00f7 04       		.byte	0x4
 430 00f8 28       		.byte	0x28
 431 00f9 A5000000 		.4byte	0xa5
 432 00fd 14       		.byte	0x14
 433 00fe 08       		.uleb128 0x8
 434 00ff A9000000 		.4byte	.LASF20
 435 0103 04       		.byte	0x4
 436 0104 29       		.byte	0x29
 437 0105 A5000000 		.4byte	0xa5
 438 0109 18       		.byte	0x18
 439 010a 08       		.uleb128 0x8
 440 010b 79040000 		.4byte	.LASF21
 441 010f 04       		.byte	0x4
 442 0110 2A       		.byte	0x2a
 443 0111 AA000000 		.4byte	0xaa
 444 0115 1C       		.byte	0x1c
 445 0116 08       		.uleb128 0x8
 446 0117 02020000 		.4byte	.LASF22
 447 011b 04       		.byte	0x4
 448 011c 2B       		.byte	0x2b
 449 011d A5000000 		.4byte	0xa5
 450 0121 20       		.byte	0x20
 451 0122 08       		.uleb128 0x8
 452 0123 D0000000 		.4byte	.LASF23
 453 0127 04       		.byte	0x4
 454 0128 2C       		.byte	0x2c
 455 0129 A5000000 		.4byte	0xa5
 456 012d 24       		.byte	0x24
 457 012e 08       		.uleb128 0x8
 458 012f D9000000 		.4byte	.LASF24
 459 0133 04       		.byte	0x4
 460 0134 2D       		.byte	0x2d
 461 0135 A5000000 		.4byte	0xa5
 462 0139 28       		.byte	0x28
 463 013a 08       		.uleb128 0x8
 464 013b EE030000 		.4byte	.LASF25
 465 013f 04       		.byte	0x4
 466 0140 2E       		.byte	0x2e
 467 0141 AA000000 		.4byte	0xaa
 468 0145 2C       		.byte	0x2c
 469 0146 08       		.uleb128 0x8
ARM GAS  C:\Users\gjl\AppData\Local\Temp\cco1wngt.s 			page 12


 470 0147 D8030000 		.4byte	.LASF26
 471 014b 04       		.byte	0x4
 472 014c 2F       		.byte	0x2f
 473 014d A5000000 		.4byte	0xa5
 474 0151 30       		.byte	0x30
 475 0152 08       		.uleb128 0x8
 476 0153 1C030000 		.4byte	.LASF27
 477 0157 04       		.byte	0x4
 478 0158 30       		.byte	0x30
 479 0159 A5000000 		.4byte	0xa5
 480 015d 34       		.byte	0x34
 481 015e 08       		.uleb128 0x8
 482 015f 8F030000 		.4byte	.LASF28
 483 0163 04       		.byte	0x4
 484 0164 31       		.byte	0x31
 485 0165 A5000000 		.4byte	0xa5
 486 0169 38       		.byte	0x38
 487 016a 08       		.uleb128 0x8
 488 016b B4020000 		.4byte	.LASF29
 489 016f 04       		.byte	0x4
 490 0170 32       		.byte	0x32
 491 0171 AA000000 		.4byte	0xaa
 492 0175 3C       		.byte	0x3c
 493 0176 00       		.byte	0
 494 0177 03       		.uleb128 0x3
 495 0178 87000000 		.4byte	.LASF30
 496 017c 04       		.byte	0x4
 497 017d 33       		.byte	0x33
 498 017e AF000000 		.4byte	0xaf
 499 0182 0A       		.uleb128 0xa
 500 0183 0009     		.2byte	0x900
 501 0185 04       		.byte	0x4
 502 0186 38       		.byte	0x38
 503 0187 05020000 		.4byte	0x205
 504 018b 08       		.uleb128 0x8
 505 018c 00030000 		.4byte	.LASF15
 506 0190 04       		.byte	0x4
 507 0191 39       		.byte	0x39
 508 0192 A5000000 		.4byte	0xa5
 509 0196 00       		.byte	0
 510 0197 08       		.uleb128 0x8
 511 0198 50040000 		.4byte	.LASF31
 512 019c 04       		.byte	0x4
 513 019d 3A       		.byte	0x3a
 514 019e A5000000 		.4byte	0xa5
 515 01a2 04       		.byte	0x4
 516 01a3 08       		.uleb128 0x8
 517 01a4 B5000000 		.4byte	.LASF32
 518 01a8 04       		.byte	0x4
 519 01a9 3B       		.byte	0x3b
 520 01aa A5000000 		.4byte	0xa5
 521 01ae 08       		.byte	0x8
 522 01af 08       		.uleb128 0x8
 523 01b0 1F020000 		.4byte	.LASF33
 524 01b4 04       		.byte	0x4
 525 01b5 3C       		.byte	0x3c
 526 01b6 A5000000 		.4byte	0xa5
ARM GAS  C:\Users\gjl\AppData\Local\Temp\cco1wngt.s 			page 13


 527 01ba 0C       		.byte	0xc
 528 01bb 08       		.uleb128 0x8
 529 01bc C5000000 		.4byte	.LASF34
 530 01c0 04       		.byte	0x4
 531 01c1 3D       		.byte	0x3d
 532 01c2 A5000000 		.4byte	0xa5
 533 01c6 10       		.byte	0x10
 534 01c7 08       		.uleb128 0x8
 535 01c8 68030000 		.4byte	.LASF35
 536 01cc 04       		.byte	0x4
 537 01cd 3E       		.byte	0x3e
 538 01ce A5000000 		.4byte	0xa5
 539 01d2 14       		.byte	0x14
 540 01d3 08       		.uleb128 0x8
 541 01d4 3C020000 		.4byte	.LASF36
 542 01d8 04       		.byte	0x4
 543 01d9 3F       		.byte	0x3f
 544 01da A5000000 		.4byte	0xa5
 545 01de 18       		.byte	0x18
 546 01df 08       		.uleb128 0x8
 547 01e0 05030000 		.4byte	.LASF37
 548 01e4 04       		.byte	0x4
 549 01e5 40       		.byte	0x40
 550 01e6 AA000000 		.4byte	0xaa
 551 01ea 1C       		.byte	0x1c
 552 01eb 08       		.uleb128 0x8
 553 01ec 79040000 		.4byte	.LASF21
 554 01f0 04       		.byte	0x4
 555 01f1 41       		.byte	0x41
 556 01f2 1A020000 		.4byte	0x21a
 557 01f6 20       		.byte	0x20
 558 01f7 0B       		.uleb128 0xb
 559 01f8 434E5400 		.ascii	"CNT\000"
 560 01fc 04       		.byte	0x4
 561 01fd 42       		.byte	0x42
 562 01fe 1F020000 		.4byte	0x21f
 563 0202 0001     		.2byte	0x100
 564 0204 00       		.byte	0
 565 0205 0C       		.uleb128 0xc
 566 0206 AA000000 		.4byte	0xaa
 567 020a 15020000 		.4byte	0x215
 568 020e 0D       		.uleb128 0xd
 569 020f 9E000000 		.4byte	0x9e
 570 0213 37       		.byte	0x37
 571 0214 00       		.byte	0
 572 0215 05       		.uleb128 0x5
 573 0216 05020000 		.4byte	0x205
 574 021a 06       		.uleb128 0x6
 575 021b 15020000 		.4byte	0x215
 576 021f 0C       		.uleb128 0xc
 577 0220 77010000 		.4byte	0x177
 578 0224 2F020000 		.4byte	0x22f
 579 0228 0D       		.uleb128 0xd
 580 0229 9E000000 		.4byte	0x9e
 581 022d 1F       		.byte	0x1f
 582 022e 00       		.byte	0
 583 022f 03       		.uleb128 0x3
ARM GAS  C:\Users\gjl\AppData\Local\Temp\cco1wngt.s 			page 14


 584 0230 AF040000 		.4byte	.LASF38
 585 0234 04       		.byte	0x4
 586 0235 43       		.byte	0x43
 587 0236 82010000 		.4byte	0x182
 588 023a 02       		.uleb128 0x2
 589 023b 01       		.byte	0x1
 590 023c 08       		.byte	0x8
 591 023d B3030000 		.4byte	.LASF39
 592 0241 02       		.uleb128 0x2
 593 0242 04       		.byte	0x4
 594 0243 04       		.byte	0x4
 595 0244 46020000 		.4byte	.LASF40
 596 0248 02       		.uleb128 0x2
 597 0249 08       		.byte	0x8
 598 024a 04       		.byte	0x4
 599 024b 0A040000 		.4byte	.LASF41
 600 024f 0E       		.uleb128 0xe
 601 0250 04       		.byte	0x4
 602 0251 7A000000 		.4byte	0x7a
 603 0255 05       		.byte	0x5
 604 0256 4B01     		.2byte	0x14b
 605 0258 6C020000 		.4byte	0x26c
 606 025c 0F       		.uleb128 0xf
 607 025d 95010000 		.4byte	.LASF42
 608 0261 00       		.byte	0
 609 0262 10       		.uleb128 0x10
 610 0263 BF030000 		.4byte	.LASF43
 611 0267 0100B600 		.4byte	0xb60001
 612 026b 00       		.byte	0
 613 026c 11       		.uleb128 0x11
 614 026d 82040000 		.4byte	.LASF44
 615 0271 05       		.byte	0x5
 616 0272 4E01     		.2byte	0x14e
 617 0274 4F020000 		.4byte	0x24f
 618 0278 12       		.uleb128 0x12
 619 0279 11040000 		.4byte	.LASF72
 620 027d 4C       		.byte	0x4c
 621 027e 06       		.byte	0x6
 622 027f 2B       		.byte	0x2b
 623 0280 69030000 		.4byte	0x369
 624 0284 08       		.uleb128 0x8
 625 0285 9E020000 		.4byte	.LASF45
 626 0289 06       		.byte	0x6
 627 028a 2D       		.byte	0x2d
 628 028b 8C000000 		.4byte	0x8c
 629 028f 00       		.byte	0
 630 0290 08       		.uleb128 0x8
 631 0291 0C000000 		.4byte	.LASF46
 632 0295 06       		.byte	0x6
 633 0296 2F       		.byte	0x2f
 634 0297 8C000000 		.4byte	0x8c
 635 029b 04       		.byte	0x4
 636 029c 08       		.uleb128 0x8
 637 029d 77020000 		.4byte	.LASF47
 638 02a1 06       		.byte	0x6
 639 02a2 30       		.byte	0x30
 640 02a3 8C000000 		.4byte	0x8c
ARM GAS  C:\Users\gjl\AppData\Local\Temp\cco1wngt.s 			page 15


 641 02a7 08       		.byte	0x8
 642 02a8 08       		.uleb128 0x8
 643 02a9 F1020000 		.4byte	.LASF48
 644 02ad 06       		.byte	0x6
 645 02ae 31       		.byte	0x31
 646 02af 8C000000 		.4byte	0x8c
 647 02b3 0C       		.byte	0xc
 648 02b4 08       		.uleb128 0x8
 649 02b5 45030000 		.4byte	.LASF49
 650 02b9 06       		.byte	0x6
 651 02ba 33       		.byte	0x33
 652 02bb 8C000000 		.4byte	0x8c
 653 02bf 10       		.byte	0x10
 654 02c0 08       		.uleb128 0x8
 655 02c1 2A000000 		.4byte	.LASF50
 656 02c5 06       		.byte	0x6
 657 02c6 34       		.byte	0x34
 658 02c7 8C000000 		.4byte	0x8c
 659 02cb 14       		.byte	0x14
 660 02cc 08       		.uleb128 0x8
 661 02cd 33000000 		.4byte	.LASF51
 662 02d1 06       		.byte	0x6
 663 02d2 35       		.byte	0x35
 664 02d3 8C000000 		.4byte	0x8c
 665 02d7 18       		.byte	0x18
 666 02d8 08       		.uleb128 0x8
 667 02d9 56030000 		.4byte	.LASF52
 668 02dd 06       		.byte	0x6
 669 02de 36       		.byte	0x36
 670 02df 69030000 		.4byte	0x369
 671 02e3 1C       		.byte	0x1c
 672 02e4 08       		.uleb128 0x8
 673 02e5 2B020000 		.4byte	.LASF53
 674 02e9 06       		.byte	0x6
 675 02ea 38       		.byte	0x38
 676 02eb 8C000000 		.4byte	0x8c
 677 02ef 20       		.byte	0x20
 678 02f0 08       		.uleb128 0x8
 679 02f1 DD030000 		.4byte	.LASF54
 680 02f5 06       		.byte	0x6
 681 02f6 39       		.byte	0x39
 682 02f7 8C000000 		.4byte	0x8c
 683 02fb 24       		.byte	0x24
 684 02fc 08       		.uleb128 0x8
 685 02fd 12020000 		.4byte	.LASF55
 686 0301 06       		.byte	0x6
 687 0302 3B       		.byte	0x3b
 688 0303 8C000000 		.4byte	0x8c
 689 0307 28       		.byte	0x28
 690 0308 08       		.uleb128 0x8
 691 0309 59020000 		.4byte	.LASF56
 692 030d 06       		.byte	0x6
 693 030e 3C       		.byte	0x3c
 694 030f 8C000000 		.4byte	0x8c
 695 0313 2C       		.byte	0x2c
 696 0314 08       		.uleb128 0x8
 697 0315 00000000 		.4byte	.LASF57
ARM GAS  C:\Users\gjl\AppData\Local\Temp\cco1wngt.s 			page 16


 698 0319 06       		.byte	0x6
 699 031a 3E       		.byte	0x3e
 700 031b 8C000000 		.4byte	0x8c
 701 031f 30       		.byte	0x30
 702 0320 08       		.uleb128 0x8
 703 0321 D4020000 		.4byte	.LASF58
 704 0325 06       		.byte	0x6
 705 0326 3F       		.byte	0x3f
 706 0327 8C000000 		.4byte	0x8c
 707 032b 34       		.byte	0x34
 708 032c 08       		.uleb128 0x8
 709 032d 2D040000 		.4byte	.LASF59
 710 0331 06       		.byte	0x6
 711 0332 41       		.byte	0x41
 712 0333 8C000000 		.4byte	0x8c
 713 0337 38       		.byte	0x38
 714 0338 08       		.uleb128 0x8
 715 0339 42040000 		.4byte	.LASF60
 716 033d 06       		.byte	0x6
 717 033e 42       		.byte	0x42
 718 033f 8C000000 		.4byte	0x8c
 719 0343 3C       		.byte	0x3c
 720 0344 08       		.uleb128 0x8
 721 0345 F8010000 		.4byte	.LASF61
 722 0349 06       		.byte	0x6
 723 034a 44       		.byte	0x44
 724 034b 8C000000 		.4byte	0x8c
 725 034f 40       		.byte	0x40
 726 0350 08       		.uleb128 0x8
 727 0351 1B000000 		.4byte	.LASF62
 728 0355 06       		.byte	0x6
 729 0356 45       		.byte	0x45
 730 0357 8C000000 		.4byte	0x8c
 731 035b 44       		.byte	0x44
 732 035c 08       		.uleb128 0x8
 733 035d 97040000 		.4byte	.LASF63
 734 0361 06       		.byte	0x6
 735 0362 47       		.byte	0x47
 736 0363 8C000000 		.4byte	0x8c
 737 0367 48       		.byte	0x48
 738 0368 00       		.byte	0
 739 0369 02       		.uleb128 0x2
 740 036a 01       		.byte	0x1
 741 036b 02       		.byte	0x2
 742 036c D2030000 		.4byte	.LASF64
 743 0370 03       		.uleb128 0x3
 744 0371 71030000 		.4byte	.LASF65
 745 0375 06       		.byte	0x6
 746 0376 48       		.byte	0x48
 747 0377 78020000 		.4byte	0x278
 748 037b 13       		.uleb128 0x13
 749 037c 7F020000 		.4byte	.LASF73
 750 0380 01       		.byte	0x1
 751 0381 2D       		.byte	0x2d
 752 0382 6C020000 		.4byte	0x26c
 753 0386 00000000 		.4byte	.LFB151
 754 038a 10010000 		.4byte	.LFE151-.LFB151
ARM GAS  C:\Users\gjl\AppData\Local\Temp\cco1wngt.s 			page 17


 755 038e 01       		.uleb128 0x1
 756 038f 9C       		.byte	0x9c
 757 0390 CF030000 		.4byte	0x3cf
 758 0394 14       		.uleb128 0x14
 759 0395 BA040000 		.4byte	.LASF66
 760 0399 01       		.byte	0x1
 761 039a 2D       		.byte	0x2d
 762 039b CF030000 		.4byte	0x3cf
 763 039f 00000000 		.4byte	.LLST0
 764 03a3 15       		.uleb128 0x15
 765 03a4 AD020000 		.4byte	.LASF67
 766 03a8 01       		.byte	0x1
 767 03a9 2D       		.byte	0x2d
 768 03aa 8C000000 		.4byte	0x8c
 769 03ae 01       		.uleb128 0x1
 770 03af 51       		.byte	0x51
 771 03b0 14       		.uleb128 0x14
 772 03b1 0B020000 		.4byte	.LASF68
 773 03b5 01       		.byte	0x1
 774 03b6 2E       		.byte	0x2e
 775 03b7 D5030000 		.4byte	0x3d5
 776 03bb 69000000 		.4byte	.LLST1
 777 03bf 16       		.uleb128 0x16
 778 03c0 AC030000 		.4byte	.LASF74
 779 03c4 01       		.byte	0x1
 780 03c5 30       		.byte	0x30
 781 03c6 6C020000 		.4byte	0x26c
 782 03ca A3000000 		.4byte	.LLST2
 783 03ce 00       		.byte	0
 784 03cf 17       		.uleb128 0x17
 785 03d0 04       		.byte	0x4
 786 03d1 2F020000 		.4byte	0x22f
 787 03d5 17       		.uleb128 0x17
 788 03d6 04       		.byte	0x4
 789 03d7 DB030000 		.4byte	0x3db
 790 03db 06       		.uleb128 0x6
 791 03dc 70030000 		.4byte	0x370
 792 03e0 18       		.uleb128 0x18
 793 03e1 59040000 		.4byte	.LASF75
 794 03e5 01       		.byte	0x1
 795 03e6 7B       		.byte	0x7b
 796 03e7 00000000 		.4byte	.LFB152
 797 03eb 58000000 		.4byte	.LFE152-.LFB152
 798 03ef 01       		.uleb128 0x1
 799 03f0 9C       		.byte	0x9c
 800 03f1 1F040000 		.4byte	0x41f
 801 03f5 14       		.uleb128 0x14
 802 03f6 BA040000 		.4byte	.LASF66
 803 03fa 01       		.byte	0x1
 804 03fb 7B       		.byte	0x7b
 805 03fc CF030000 		.4byte	0x3cf
 806 0400 E2000000 		.4byte	.LLST3
 807 0404 15       		.uleb128 0x15
 808 0405 AD020000 		.4byte	.LASF67
 809 0409 01       		.byte	0x1
 810 040a 7B       		.byte	0x7b
 811 040b 8C000000 		.4byte	0x8c
ARM GAS  C:\Users\gjl\AppData\Local\Temp\cco1wngt.s 			page 18


 812 040f 01       		.uleb128 0x1
 813 0410 51       		.byte	0x51
 814 0411 15       		.uleb128 0x15
 815 0412 0B020000 		.4byte	.LASF68
 816 0416 01       		.byte	0x1
 817 0417 7B       		.byte	0x7b
 818 0418 D5030000 		.4byte	0x3d5
 819 041c 01       		.uleb128 0x1
 820 041d 52       		.byte	0x52
 821 041e 00       		.byte	0
 822 041f 19       		.uleb128 0x19
 823 0420 A2040000 		.4byte	.LASF76
 824 0424 07       		.byte	0x7
 825 0425 EA07     		.2byte	0x7ea
 826 0427 2B040000 		.4byte	0x42b
 827 042b 05       		.uleb128 0x5
 828 042c 81000000 		.4byte	0x81
 829 0430 00       		.byte	0
 830              		.section	.debug_abbrev,"",%progbits
 831              	.Ldebug_abbrev0:
 832 0000 01       		.uleb128 0x1
 833 0001 11       		.uleb128 0x11
 834 0002 01       		.byte	0x1
 835 0003 25       		.uleb128 0x25
 836 0004 0E       		.uleb128 0xe
 837 0005 13       		.uleb128 0x13
 838 0006 0B       		.uleb128 0xb
 839 0007 03       		.uleb128 0x3
 840 0008 0E       		.uleb128 0xe
 841 0009 1B       		.uleb128 0x1b
 842 000a 0E       		.uleb128 0xe
 843 000b 55       		.uleb128 0x55
 844 000c 17       		.uleb128 0x17
 845 000d 11       		.uleb128 0x11
 846 000e 01       		.uleb128 0x1
 847 000f 10       		.uleb128 0x10
 848 0010 17       		.uleb128 0x17
 849 0011 00       		.byte	0
 850 0012 00       		.byte	0
 851 0013 02       		.uleb128 0x2
 852 0014 24       		.uleb128 0x24
 853 0015 00       		.byte	0
 854 0016 0B       		.uleb128 0xb
 855 0017 0B       		.uleb128 0xb
 856 0018 3E       		.uleb128 0x3e
 857 0019 0B       		.uleb128 0xb
 858 001a 03       		.uleb128 0x3
 859 001b 0E       		.uleb128 0xe
 860 001c 00       		.byte	0
 861 001d 00       		.byte	0
 862 001e 03       		.uleb128 0x3
 863 001f 16       		.uleb128 0x16
 864 0020 00       		.byte	0
 865 0021 03       		.uleb128 0x3
 866 0022 0E       		.uleb128 0xe
 867 0023 3A       		.uleb128 0x3a
 868 0024 0B       		.uleb128 0xb
ARM GAS  C:\Users\gjl\AppData\Local\Temp\cco1wngt.s 			page 19


 869 0025 3B       		.uleb128 0x3b
 870 0026 0B       		.uleb128 0xb
 871 0027 49       		.uleb128 0x49
 872 0028 13       		.uleb128 0x13
 873 0029 00       		.byte	0
 874 002a 00       		.byte	0
 875 002b 04       		.uleb128 0x4
 876 002c 24       		.uleb128 0x24
 877 002d 00       		.byte	0
 878 002e 0B       		.uleb128 0xb
 879 002f 0B       		.uleb128 0xb
 880 0030 3E       		.uleb128 0x3e
 881 0031 0B       		.uleb128 0xb
 882 0032 03       		.uleb128 0x3
 883 0033 08       		.uleb128 0x8
 884 0034 00       		.byte	0
 885 0035 00       		.byte	0
 886 0036 05       		.uleb128 0x5
 887 0037 35       		.uleb128 0x35
 888 0038 00       		.byte	0
 889 0039 49       		.uleb128 0x49
 890 003a 13       		.uleb128 0x13
 891 003b 00       		.byte	0
 892 003c 00       		.byte	0
 893 003d 06       		.uleb128 0x6
 894 003e 26       		.uleb128 0x26
 895 003f 00       		.byte	0
 896 0040 49       		.uleb128 0x49
 897 0041 13       		.uleb128 0x13
 898 0042 00       		.byte	0
 899 0043 00       		.byte	0
 900 0044 07       		.uleb128 0x7
 901 0045 13       		.uleb128 0x13
 902 0046 01       		.byte	0x1
 903 0047 0B       		.uleb128 0xb
 904 0048 0B       		.uleb128 0xb
 905 0049 3A       		.uleb128 0x3a
 906 004a 0B       		.uleb128 0xb
 907 004b 3B       		.uleb128 0x3b
 908 004c 0B       		.uleb128 0xb
 909 004d 01       		.uleb128 0x1
 910 004e 13       		.uleb128 0x13
 911 004f 00       		.byte	0
 912 0050 00       		.byte	0
 913 0051 08       		.uleb128 0x8
 914 0052 0D       		.uleb128 0xd
 915 0053 00       		.byte	0
 916 0054 03       		.uleb128 0x3
 917 0055 0E       		.uleb128 0xe
 918 0056 3A       		.uleb128 0x3a
 919 0057 0B       		.uleb128 0xb
 920 0058 3B       		.uleb128 0x3b
 921 0059 0B       		.uleb128 0xb
 922 005a 49       		.uleb128 0x49
 923 005b 13       		.uleb128 0x13
 924 005c 38       		.uleb128 0x38
 925 005d 0B       		.uleb128 0xb
ARM GAS  C:\Users\gjl\AppData\Local\Temp\cco1wngt.s 			page 20


 926 005e 00       		.byte	0
 927 005f 00       		.byte	0
 928 0060 09       		.uleb128 0x9
 929 0061 0D       		.uleb128 0xd
 930 0062 00       		.byte	0
 931 0063 03       		.uleb128 0x3
 932 0064 08       		.uleb128 0x8
 933 0065 3A       		.uleb128 0x3a
 934 0066 0B       		.uleb128 0xb
 935 0067 3B       		.uleb128 0x3b
 936 0068 0B       		.uleb128 0xb
 937 0069 49       		.uleb128 0x49
 938 006a 13       		.uleb128 0x13
 939 006b 38       		.uleb128 0x38
 940 006c 0B       		.uleb128 0xb
 941 006d 00       		.byte	0
 942 006e 00       		.byte	0
 943 006f 0A       		.uleb128 0xa
 944 0070 13       		.uleb128 0x13
 945 0071 01       		.byte	0x1
 946 0072 0B       		.uleb128 0xb
 947 0073 05       		.uleb128 0x5
 948 0074 3A       		.uleb128 0x3a
 949 0075 0B       		.uleb128 0xb
 950 0076 3B       		.uleb128 0x3b
 951 0077 0B       		.uleb128 0xb
 952 0078 01       		.uleb128 0x1
 953 0079 13       		.uleb128 0x13
 954 007a 00       		.byte	0
 955 007b 00       		.byte	0
 956 007c 0B       		.uleb128 0xb
 957 007d 0D       		.uleb128 0xd
 958 007e 00       		.byte	0
 959 007f 03       		.uleb128 0x3
 960 0080 08       		.uleb128 0x8
 961 0081 3A       		.uleb128 0x3a
 962 0082 0B       		.uleb128 0xb
 963 0083 3B       		.uleb128 0x3b
 964 0084 0B       		.uleb128 0xb
 965 0085 49       		.uleb128 0x49
 966 0086 13       		.uleb128 0x13
 967 0087 38       		.uleb128 0x38
 968 0088 05       		.uleb128 0x5
 969 0089 00       		.byte	0
 970 008a 00       		.byte	0
 971 008b 0C       		.uleb128 0xc
 972 008c 01       		.uleb128 0x1
 973 008d 01       		.byte	0x1
 974 008e 49       		.uleb128 0x49
 975 008f 13       		.uleb128 0x13
 976 0090 01       		.uleb128 0x1
 977 0091 13       		.uleb128 0x13
 978 0092 00       		.byte	0
 979 0093 00       		.byte	0
 980 0094 0D       		.uleb128 0xd
 981 0095 21       		.uleb128 0x21
 982 0096 00       		.byte	0
ARM GAS  C:\Users\gjl\AppData\Local\Temp\cco1wngt.s 			page 21


 983 0097 49       		.uleb128 0x49
 984 0098 13       		.uleb128 0x13
 985 0099 2F       		.uleb128 0x2f
 986 009a 0B       		.uleb128 0xb
 987 009b 00       		.byte	0
 988 009c 00       		.byte	0
 989 009d 0E       		.uleb128 0xe
 990 009e 04       		.uleb128 0x4
 991 009f 01       		.byte	0x1
 992 00a0 0B       		.uleb128 0xb
 993 00a1 0B       		.uleb128 0xb
 994 00a2 49       		.uleb128 0x49
 995 00a3 13       		.uleb128 0x13
 996 00a4 3A       		.uleb128 0x3a
 997 00a5 0B       		.uleb128 0xb
 998 00a6 3B       		.uleb128 0x3b
 999 00a7 05       		.uleb128 0x5
 1000 00a8 01       		.uleb128 0x1
 1001 00a9 13       		.uleb128 0x13
 1002 00aa 00       		.byte	0
 1003 00ab 00       		.byte	0
 1004 00ac 0F       		.uleb128 0xf
 1005 00ad 28       		.uleb128 0x28
 1006 00ae 00       		.byte	0
 1007 00af 03       		.uleb128 0x3
 1008 00b0 0E       		.uleb128 0xe
 1009 00b1 1C       		.uleb128 0x1c
 1010 00b2 0B       		.uleb128 0xb
 1011 00b3 00       		.byte	0
 1012 00b4 00       		.byte	0
 1013 00b5 10       		.uleb128 0x10
 1014 00b6 28       		.uleb128 0x28
 1015 00b7 00       		.byte	0
 1016 00b8 03       		.uleb128 0x3
 1017 00b9 0E       		.uleb128 0xe
 1018 00ba 1C       		.uleb128 0x1c
 1019 00bb 06       		.uleb128 0x6
 1020 00bc 00       		.byte	0
 1021 00bd 00       		.byte	0
 1022 00be 11       		.uleb128 0x11
 1023 00bf 16       		.uleb128 0x16
 1024 00c0 00       		.byte	0
 1025 00c1 03       		.uleb128 0x3
 1026 00c2 0E       		.uleb128 0xe
 1027 00c3 3A       		.uleb128 0x3a
 1028 00c4 0B       		.uleb128 0xb
 1029 00c5 3B       		.uleb128 0x3b
 1030 00c6 05       		.uleb128 0x5
 1031 00c7 49       		.uleb128 0x49
 1032 00c8 13       		.uleb128 0x13
 1033 00c9 00       		.byte	0
 1034 00ca 00       		.byte	0
 1035 00cb 12       		.uleb128 0x12
 1036 00cc 13       		.uleb128 0x13
 1037 00cd 01       		.byte	0x1
 1038 00ce 03       		.uleb128 0x3
 1039 00cf 0E       		.uleb128 0xe
ARM GAS  C:\Users\gjl\AppData\Local\Temp\cco1wngt.s 			page 22


 1040 00d0 0B       		.uleb128 0xb
 1041 00d1 0B       		.uleb128 0xb
 1042 00d2 3A       		.uleb128 0x3a
 1043 00d3 0B       		.uleb128 0xb
 1044 00d4 3B       		.uleb128 0x3b
 1045 00d5 0B       		.uleb128 0xb
 1046 00d6 01       		.uleb128 0x1
 1047 00d7 13       		.uleb128 0x13
 1048 00d8 00       		.byte	0
 1049 00d9 00       		.byte	0
 1050 00da 13       		.uleb128 0x13
 1051 00db 2E       		.uleb128 0x2e
 1052 00dc 01       		.byte	0x1
 1053 00dd 3F       		.uleb128 0x3f
 1054 00de 19       		.uleb128 0x19
 1055 00df 03       		.uleb128 0x3
 1056 00e0 0E       		.uleb128 0xe
 1057 00e1 3A       		.uleb128 0x3a
 1058 00e2 0B       		.uleb128 0xb
 1059 00e3 3B       		.uleb128 0x3b
 1060 00e4 0B       		.uleb128 0xb
 1061 00e5 27       		.uleb128 0x27
 1062 00e6 19       		.uleb128 0x19
 1063 00e7 49       		.uleb128 0x49
 1064 00e8 13       		.uleb128 0x13
 1065 00e9 11       		.uleb128 0x11
 1066 00ea 01       		.uleb128 0x1
 1067 00eb 12       		.uleb128 0x12
 1068 00ec 06       		.uleb128 0x6
 1069 00ed 40       		.uleb128 0x40
 1070 00ee 18       		.uleb128 0x18
 1071 00ef 9742     		.uleb128 0x2117
 1072 00f1 19       		.uleb128 0x19
 1073 00f2 01       		.uleb128 0x1
 1074 00f3 13       		.uleb128 0x13
 1075 00f4 00       		.byte	0
 1076 00f5 00       		.byte	0
 1077 00f6 14       		.uleb128 0x14
 1078 00f7 05       		.uleb128 0x5
 1079 00f8 00       		.byte	0
 1080 00f9 03       		.uleb128 0x3
 1081 00fa 0E       		.uleb128 0xe
 1082 00fb 3A       		.uleb128 0x3a
 1083 00fc 0B       		.uleb128 0xb
 1084 00fd 3B       		.uleb128 0x3b
 1085 00fe 0B       		.uleb128 0xb
 1086 00ff 49       		.uleb128 0x49
 1087 0100 13       		.uleb128 0x13
 1088 0101 02       		.uleb128 0x2
 1089 0102 17       		.uleb128 0x17
 1090 0103 00       		.byte	0
 1091 0104 00       		.byte	0
 1092 0105 15       		.uleb128 0x15
 1093 0106 05       		.uleb128 0x5
 1094 0107 00       		.byte	0
 1095 0108 03       		.uleb128 0x3
 1096 0109 0E       		.uleb128 0xe
ARM GAS  C:\Users\gjl\AppData\Local\Temp\cco1wngt.s 			page 23


 1097 010a 3A       		.uleb128 0x3a
 1098 010b 0B       		.uleb128 0xb
 1099 010c 3B       		.uleb128 0x3b
 1100 010d 0B       		.uleb128 0xb
 1101 010e 49       		.uleb128 0x49
 1102 010f 13       		.uleb128 0x13
 1103 0110 02       		.uleb128 0x2
 1104 0111 18       		.uleb128 0x18
 1105 0112 00       		.byte	0
 1106 0113 00       		.byte	0
 1107 0114 16       		.uleb128 0x16
 1108 0115 34       		.uleb128 0x34
 1109 0116 00       		.byte	0
 1110 0117 03       		.uleb128 0x3
 1111 0118 0E       		.uleb128 0xe
 1112 0119 3A       		.uleb128 0x3a
 1113 011a 0B       		.uleb128 0xb
 1114 011b 3B       		.uleb128 0x3b
 1115 011c 0B       		.uleb128 0xb
 1116 011d 49       		.uleb128 0x49
 1117 011e 13       		.uleb128 0x13
 1118 011f 02       		.uleb128 0x2
 1119 0120 17       		.uleb128 0x17
 1120 0121 00       		.byte	0
 1121 0122 00       		.byte	0
 1122 0123 17       		.uleb128 0x17
 1123 0124 0F       		.uleb128 0xf
 1124 0125 00       		.byte	0
 1125 0126 0B       		.uleb128 0xb
 1126 0127 0B       		.uleb128 0xb
 1127 0128 49       		.uleb128 0x49
 1128 0129 13       		.uleb128 0x13
 1129 012a 00       		.byte	0
 1130 012b 00       		.byte	0
 1131 012c 18       		.uleb128 0x18
 1132 012d 2E       		.uleb128 0x2e
 1133 012e 01       		.byte	0x1
 1134 012f 3F       		.uleb128 0x3f
 1135 0130 19       		.uleb128 0x19
 1136 0131 03       		.uleb128 0x3
 1137 0132 0E       		.uleb128 0xe
 1138 0133 3A       		.uleb128 0x3a
 1139 0134 0B       		.uleb128 0xb
 1140 0135 3B       		.uleb128 0x3b
 1141 0136 0B       		.uleb128 0xb
 1142 0137 27       		.uleb128 0x27
 1143 0138 19       		.uleb128 0x19
 1144 0139 11       		.uleb128 0x11
 1145 013a 01       		.uleb128 0x1
 1146 013b 12       		.uleb128 0x12
 1147 013c 06       		.uleb128 0x6
 1148 013d 40       		.uleb128 0x40
 1149 013e 18       		.uleb128 0x18
 1150 013f 9742     		.uleb128 0x2117
 1151 0141 19       		.uleb128 0x19
 1152 0142 01       		.uleb128 0x1
 1153 0143 13       		.uleb128 0x13
ARM GAS  C:\Users\gjl\AppData\Local\Temp\cco1wngt.s 			page 24


 1154 0144 00       		.byte	0
 1155 0145 00       		.byte	0
 1156 0146 19       		.uleb128 0x19
 1157 0147 34       		.uleb128 0x34
 1158 0148 00       		.byte	0
 1159 0149 03       		.uleb128 0x3
 1160 014a 0E       		.uleb128 0xe
 1161 014b 3A       		.uleb128 0x3a
 1162 014c 0B       		.uleb128 0xb
 1163 014d 3B       		.uleb128 0x3b
 1164 014e 05       		.uleb128 0x5
 1165 014f 49       		.uleb128 0x49
 1166 0150 13       		.uleb128 0x13
 1167 0151 3F       		.uleb128 0x3f
 1168 0152 19       		.uleb128 0x19
 1169 0153 3C       		.uleb128 0x3c
 1170 0154 19       		.uleb128 0x19
 1171 0155 00       		.byte	0
 1172 0156 00       		.byte	0
 1173 0157 00       		.byte	0
 1174              		.section	.debug_loc,"",%progbits
 1175              	.Ldebug_loc0:
 1176              	.LLST0:
 1177 0000 00000000 		.4byte	.LVL0
 1178 0004 0E000000 		.4byte	.LVL1
 1179 0008 0100     		.2byte	0x1
 1180 000a 50       		.byte	0x50
 1181 000b 0E000000 		.4byte	.LVL1
 1182 000f F2000000 		.4byte	.LVL2
 1183 0013 0100     		.2byte	0x1
 1184 0015 53       		.byte	0x53
 1185 0016 F2000000 		.4byte	.LVL2
 1186 001a 00010000 		.4byte	.LVL5
 1187 001e 0400     		.2byte	0x4
 1188 0020 F3       		.byte	0xf3
 1189 0021 01       		.uleb128 0x1
 1190 0022 50       		.byte	0x50
 1191 0023 9F       		.byte	0x9f
 1192 0024 00010000 		.4byte	.LVL5
 1193 0028 02010000 		.4byte	.LVL6
 1194 002c 0100     		.2byte	0x1
 1195 002e 50       		.byte	0x50
 1196 002f 02010000 		.4byte	.LVL6
 1197 0033 04010000 		.4byte	.LVL7
 1198 0037 0400     		.2byte	0x4
 1199 0039 F3       		.byte	0xf3
 1200 003a 01       		.uleb128 0x1
 1201 003b 50       		.byte	0x50
 1202 003c 9F       		.byte	0x9f
 1203 003d 04010000 		.4byte	.LVL7
 1204 0041 06010000 		.4byte	.LVL8
 1205 0045 0100     		.2byte	0x1
 1206 0047 50       		.byte	0x50
 1207 0048 06010000 		.4byte	.LVL8
 1208 004c 08010000 		.4byte	.LVL9
 1209 0050 0100     		.2byte	0x1
 1210 0052 53       		.byte	0x53
ARM GAS  C:\Users\gjl\AppData\Local\Temp\cco1wngt.s 			page 25


 1211 0053 08010000 		.4byte	.LVL9
 1212 0057 10010000 		.4byte	.LFE151
 1213 005b 0400     		.2byte	0x4
 1214 005d F3       		.byte	0xf3
 1215 005e 01       		.uleb128 0x1
 1216 005f 50       		.byte	0x50
 1217 0060 9F       		.byte	0x9f
 1218 0061 00000000 		.4byte	0
 1219 0065 00000000 		.4byte	0
 1220              	.LLST1:
 1221 0069 00000000 		.4byte	.LVL0
 1222 006d F8000000 		.4byte	.LVL3
 1223 0071 0100     		.2byte	0x1
 1224 0073 52       		.byte	0x52
 1225 0074 F8000000 		.4byte	.LVL3
 1226 0078 00010000 		.4byte	.LVL5
 1227 007c 0400     		.2byte	0x4
 1228 007e F3       		.byte	0xf3
 1229 007f 01       		.uleb128 0x1
 1230 0080 52       		.byte	0x52
 1231 0081 9F       		.byte	0x9f
 1232 0082 00010000 		.4byte	.LVL5
 1233 0086 08010000 		.4byte	.LVL9
 1234 008a 0100     		.2byte	0x1
 1235 008c 52       		.byte	0x52
 1236 008d 08010000 		.4byte	.LVL9
 1237 0091 10010000 		.4byte	.LFE151
 1238 0095 0400     		.2byte	0x4
 1239 0097 F3       		.byte	0xf3
 1240 0098 01       		.uleb128 0x1
 1241 0099 52       		.byte	0x52
 1242 009a 9F       		.byte	0x9f
 1243 009b 00000000 		.4byte	0
 1244 009f 00000000 		.4byte	0
 1245              	.LLST2:
 1246 00a3 00000000 		.4byte	.LVL0
 1247 00a7 FC000000 		.4byte	.LVL4
 1248 00ab 0600     		.2byte	0x6
 1249 00ad 0C       		.byte	0xc
 1250 00ae 0100B600 		.4byte	0xb60001
 1251 00b2 9F       		.byte	0x9f
 1252 00b3 FC000000 		.4byte	.LVL4
 1253 00b7 00010000 		.4byte	.LVL5
 1254 00bb 0200     		.2byte	0x2
 1255 00bd 30       		.byte	0x30
 1256 00be 9F       		.byte	0x9f
 1257 00bf 00010000 		.4byte	.LVL5
 1258 00c3 08010000 		.4byte	.LVL9
 1259 00c7 0600     		.2byte	0x6
 1260 00c9 0C       		.byte	0xc
 1261 00ca 0100B600 		.4byte	0xb60001
 1262 00ce 9F       		.byte	0x9f
 1263 00cf 08010000 		.4byte	.LVL9
 1264 00d3 10010000 		.4byte	.LFE151
 1265 00d7 0100     		.2byte	0x1
 1266 00d9 50       		.byte	0x50
 1267 00da 00000000 		.4byte	0
ARM GAS  C:\Users\gjl\AppData\Local\Temp\cco1wngt.s 			page 26


 1268 00de 00000000 		.4byte	0
 1269              	.LLST3:
 1270 00e2 00000000 		.4byte	.LVL10
 1271 00e6 4E000000 		.4byte	.LVL11
 1272 00ea 0100     		.2byte	0x1
 1273 00ec 50       		.byte	0x50
 1274 00ed 4E000000 		.4byte	.LVL11
 1275 00f1 58000000 		.4byte	.LFE152
 1276 00f5 0400     		.2byte	0x4
 1277 00f7 F3       		.byte	0xf3
 1278 00f8 01       		.uleb128 0x1
 1279 00f9 50       		.byte	0x50
 1280 00fa 9F       		.byte	0x9f
 1281 00fb 00000000 		.4byte	0
 1282 00ff 00000000 		.4byte	0
 1283              		.section	.debug_aranges,"",%progbits
 1284 0000 24000000 		.4byte	0x24
 1285 0004 0200     		.2byte	0x2
 1286 0006 00000000 		.4byte	.Ldebug_info0
 1287 000a 04       		.byte	0x4
 1288 000b 00       		.byte	0
 1289 000c 0000     		.2byte	0
 1290 000e 0000     		.2byte	0
 1291 0010 00000000 		.4byte	.LFB151
 1292 0014 10010000 		.4byte	.LFE151-.LFB151
 1293 0018 00000000 		.4byte	.LFB152
 1294 001c 58000000 		.4byte	.LFE152-.LFB152
 1295 0020 00000000 		.4byte	0
 1296 0024 00000000 		.4byte	0
 1297              		.section	.debug_ranges,"",%progbits
 1298              	.Ldebug_ranges0:
 1299 0000 00000000 		.4byte	.LFB151
 1300 0004 10010000 		.4byte	.LFE151
 1301 0008 00000000 		.4byte	.LFB152
 1302 000c 58000000 		.4byte	.LFE152
 1303 0010 00000000 		.4byte	0
 1304 0014 00000000 		.4byte	0
 1305              		.section	.debug_line,"",%progbits
 1306              	.Ldebug_line0:
 1307 0000 5D020000 		.section	.debug_str,"MS",%progbits,1
 1307      0200F101 
 1307      00000201 
 1307      FB0E0D00 
 1307      01010101 
 1308              	.LASF57:
 1309 0000 72656C6F 		.ascii	"reloadInput\000"
 1309      6164496E 
 1309      70757400 
 1310              	.LASF46:
 1311 000c 636C6F63 		.ascii	"clockPrescaler\000"
 1311      6B507265 
 1311      7363616C 
 1311      657200
 1312              	.LASF62:
 1313 001b 636F756E 		.ascii	"countInputMode\000"
 1313      74496E70 
 1313      75744D6F 
ARM GAS  C:\Users\gjl\AppData\Local\Temp\cco1wngt.s 			page 27


 1313      646500
 1314              	.LASF50:
 1315 002a 636F6D70 		.ascii	"compare0\000"
 1315      61726530 
 1315      00
 1316              	.LASF51:
 1317 0033 636F6D70 		.ascii	"compare1\000"
 1317      61726531 
 1317      00
 1318              	.LASF71:
 1319 003c 433A5C47 		.ascii	"C:\\Git\\PSoC6-101-Videos\\Projects_ScreenCapture\\"
 1319      69745C50 
 1319      536F4336 
 1319      2D313031 
 1319      2D566964 
 1320 006b 50536F43 		.ascii	"PSoC 6_101\\MC-2-2-PWM.cydsn\000"
 1320      20365F31 
 1320      30315C4D 
 1320      432D322D 
 1320      322D5057 
 1321              	.LASF30:
 1322 0087 54435057 		.ascii	"TCPWM_CNT_Type\000"
 1322      4D5F434E 
 1322      545F5479 
 1322      706500
 1323              	.LASF2:
 1324 0096 73686F72 		.ascii	"short int\000"
 1324      7420696E 
 1324      7400
 1325              	.LASF14:
 1326 00a0 73697A65 		.ascii	"sizetype\000"
 1326      74797065 
 1326      00
 1327              	.LASF20:
 1328 00a9 50455249 		.ascii	"PERIOD_BUFF\000"
 1328      4F445F42 
 1328      55464600 
 1329              	.LASF32:
 1330 00b5 4354524C 		.ascii	"CTRL_SET\000"
 1330      5F534554 
 1330      00
 1331              	.LASF19:
 1332 00be 50455249 		.ascii	"PERIOD\000"
 1332      4F4400
 1333              	.LASF34:
 1334 00c5 434D445F 		.ascii	"CMD_RELOAD\000"
 1334      52454C4F 
 1334      414400
 1335              	.LASF23:
 1336 00d0 54525F43 		.ascii	"TR_CTRL1\000"
 1336      54524C31 
 1336      00
 1337              	.LASF24:
 1338 00d9 54525F43 		.ascii	"TR_CTRL2\000"
 1338      54524C32 
 1338      00
 1339              	.LASF69:
ARM GAS  C:\Users\gjl\AppData\Local\Temp\cco1wngt.s 			page 28


 1340 00e2 474E5520 		.ascii	"GNU C11 5.4.1 20160609 (release) [ARM/embedded-5-br"
 1340      43313120 
 1340      352E342E 
 1340      31203230 
 1340      31363036 
 1341 0115 616E6368 		.ascii	"anch revision 237715] -mcpu=cortex-m4 -mfloat-abi=s"
 1341      20726576 
 1341      6973696F 
 1341      6E203233 
 1341      37373135 
 1342 0148 6F667466 		.ascii	"oftfp -mfpu=fpv4-sp-d16 -mthumb -g -Og -ffunction-s"
 1342      70202D6D 
 1342      6670753D 
 1342      66707634 
 1342      2D73702D 
 1343 017b 65637469 		.ascii	"ections -ffat-lto-objects\000"
 1343      6F6E7320 
 1343      2D666661 
 1343      742D6C74 
 1343      6F2D6F62 
 1344              	.LASF42:
 1345 0195 43595F54 		.ascii	"CY_TCPWM_SUCCESS\000"
 1345      4350574D 
 1345      5F535543 
 1345      43455353 
 1345      00
 1346              	.LASF6:
 1347 01a6 5F5F7569 		.ascii	"__uint32_t\000"
 1347      6E743332 
 1347      5F7400
 1348              	.LASF70:
 1349 01b1 47656E65 		.ascii	"Generated_Source\\PSoC6\\pdl\\drivers\\peripheral\\"
 1349      72617465 
 1349      645F536F 
 1349      75726365 
 1349      5C50536F 
 1350 01df 74637077 		.ascii	"tcpwm\\cy_tcpwm_counter.c\000"
 1350      6D5C6379 
 1350      5F746370 
 1350      776D5F63 
 1350      6F756E74 
 1351              	.LASF61:
 1352 01f8 73746F70 		.ascii	"stopInput\000"
 1352      496E7075 
 1352      7400
 1353              	.LASF22:
 1354 0202 54525F43 		.ascii	"TR_CTRL0\000"
 1354      54524C30 
 1354      00
 1355              	.LASF68:
 1356 020b 636F6E66 		.ascii	"config\000"
 1356      696700
 1357              	.LASF55:
 1358 0212 63617074 		.ascii	"captureInput\000"
 1358      75726549 
 1358      6E707574 
 1358      00
ARM GAS  C:\Users\gjl\AppData\Local\Temp\cco1wngt.s 			page 29


 1359              	.LASF33:
 1360 021f 434D445F 		.ascii	"CMD_CAPTURE\000"
 1360      43415054 
 1360      55524500 
 1361              	.LASF53:
 1362 022b 696E7465 		.ascii	"interruptSources\000"
 1362      72727570 
 1362      74536F75 
 1362      72636573 
 1362      00
 1363              	.LASF36:
 1364 023c 434D445F 		.ascii	"CMD_START\000"
 1364      53544152 
 1364      5400
 1365              	.LASF40:
 1366 0246 666C6F61 		.ascii	"float\000"
 1366      7400
 1367              	.LASF10:
 1368 024c 756E7369 		.ascii	"unsigned int\000"
 1368      676E6564 
 1368      20696E74 
 1368      00
 1369              	.LASF56:
 1370 0259 72656C6F 		.ascii	"reloadInputMode\000"
 1370      6164496E 
 1370      7075744D 
 1370      6F646500 
 1371              	.LASF8:
 1372 0269 6C6F6E67 		.ascii	"long long int\000"
 1372      206C6F6E 
 1372      6720696E 
 1372      7400
 1373              	.LASF47:
 1374 0277 72756E4D 		.ascii	"runMode\000"
 1374      6F646500 
 1375              	.LASF73:
 1376 027f 43795F54 		.ascii	"Cy_TCPWM_Counter_Init\000"
 1376      4350574D 
 1376      5F436F75 
 1376      6E746572 
 1376      5F496E69 
 1377              	.LASF4:
 1378 0295 6C6F6E67 		.ascii	"long int\000"
 1378      20696E74 
 1378      00
 1379              	.LASF45:
 1380 029e 70657269 		.ascii	"period\000"
 1380      6F6400
 1381              	.LASF11:
 1382 02a5 696E7433 		.ascii	"int32_t\000"
 1382      325F7400 
 1383              	.LASF67:
 1384 02ad 636E744E 		.ascii	"cntNum\000"
 1384      756D00
 1385              	.LASF29:
 1386 02b4 494E5452 		.ascii	"INTR_MASKED\000"
 1386      5F4D4153 
ARM GAS  C:\Users\gjl\AppData\Local\Temp\cco1wngt.s 			page 30


 1386      4B454400 
 1387              	.LASF18:
 1388 02c0 43435F42 		.ascii	"CC_BUFF\000"
 1388      55464600 
 1389              	.LASF13:
 1390 02c8 6C6F6E67 		.ascii	"long double\000"
 1390      20646F75 
 1390      626C6500 
 1391              	.LASF58:
 1392 02d4 73746172 		.ascii	"startInputMode\000"
 1392      74496E70 
 1392      75744D6F 
 1392      646500
 1393              	.LASF1:
 1394 02e3 756E7369 		.ascii	"unsigned char\000"
 1394      676E6564 
 1394      20636861 
 1394      7200
 1395              	.LASF48:
 1396 02f1 636F756E 		.ascii	"countDirection\000"
 1396      74446972 
 1396      65637469 
 1396      6F6E00
 1397              	.LASF15:
 1398 0300 4354524C 		.ascii	"CTRL\000"
 1398      00
 1399              	.LASF37:
 1400 0305 494E5452 		.ascii	"INTR_CAUSE\000"
 1400      5F434155 
 1400      534500
 1401              	.LASF0:
 1402 0310 7369676E 		.ascii	"signed char\000"
 1402      65642063 
 1402      68617200 
 1403              	.LASF27:
 1404 031c 494E5452 		.ascii	"INTR_SET\000"
 1404      5F534554 
 1404      00
 1405              	.LASF9:
 1406 0325 6C6F6E67 		.ascii	"long long unsigned int\000"
 1406      206C6F6E 
 1406      6720756E 
 1406      7369676E 
 1406      65642069 
 1407              	.LASF12:
 1408 033c 75696E74 		.ascii	"uint32_t\000"
 1408      33325F74 
 1408      00
 1409              	.LASF49:
 1410 0345 636F6D70 		.ascii	"compareOrCapture\000"
 1410      6172654F 
 1410      72436170 
 1410      74757265 
 1410      00
 1411              	.LASF52:
 1412 0356 656E6162 		.ascii	"enableCompareSwap\000"
 1412      6C65436F 
ARM GAS  C:\Users\gjl\AppData\Local\Temp\cco1wngt.s 			page 31


 1412      6D706172 
 1412      65537761 
 1412      7000
 1413              	.LASF35:
 1414 0368 434D445F 		.ascii	"CMD_STOP\000"
 1414      53544F50 
 1414      00
 1415              	.LASF65:
 1416 0371 63795F73 		.ascii	"cy_stc_tcpwm_counter_config_t\000"
 1416      74635F74 
 1416      6370776D 
 1416      5F636F75 
 1416      6E746572 
 1417              	.LASF28:
 1418 038f 494E5452 		.ascii	"INTR_MASK\000"
 1418      5F4D4153 
 1418      4B00
 1419              	.LASF3:
 1420 0399 73686F72 		.ascii	"short unsigned int\000"
 1420      7420756E 
 1420      7369676E 
 1420      65642069 
 1420      6E7400
 1421              	.LASF74:
 1422 03ac 73746174 		.ascii	"status\000"
 1422      757300
 1423              	.LASF39:
 1424 03b3 63686172 		.ascii	"char\000"
 1424      00
 1425              	.LASF16:
 1426 03b8 53544154 		.ascii	"STATUS\000"
 1426      555300
 1427              	.LASF43:
 1428 03bf 43595F54 		.ascii	"CY_TCPWM_BAD_PARAM\000"
 1428      4350574D 
 1428      5F424144 
 1428      5F504152 
 1428      414D00
 1429              	.LASF64:
 1430 03d2 5F426F6F 		.ascii	"_Bool\000"
 1430      6C00
 1431              	.LASF26:
 1432 03d8 494E5452 		.ascii	"INTR\000"
 1432      00
 1433              	.LASF54:
 1434 03dd 63617074 		.ascii	"captureInputMode\000"
 1434      75726549 
 1434      6E707574 
 1434      4D6F6465 
 1434      00
 1435              	.LASF25:
 1436 03ee 52455345 		.ascii	"RESERVED1\000"
 1436      52564544 
 1436      3100
 1437              	.LASF7:
 1438 03f8 6C6F6E67 		.ascii	"long unsigned int\000"
 1438      20756E73 
ARM GAS  C:\Users\gjl\AppData\Local\Temp\cco1wngt.s 			page 32


 1438      69676E65 
 1438      6420696E 
 1438      7400
 1439              	.LASF41:
 1440 040a 646F7562 		.ascii	"double\000"
 1440      6C6500
 1441              	.LASF72:
 1442 0411 63795F73 		.ascii	"cy_stc_tcpwm_counter_config\000"
 1442      74635F74 
 1442      6370776D 
 1442      5F636F75 
 1442      6E746572 
 1443              	.LASF59:
 1444 042d 73746172 		.ascii	"startInput\000"
 1444      74496E70 
 1444      757400
 1445              	.LASF5:
 1446 0438 5F5F696E 		.ascii	"__int32_t\000"
 1446      7433325F 
 1446      7400
 1447              	.LASF60:
 1448 0442 73746F70 		.ascii	"stopInputMode\000"
 1448      496E7075 
 1448      744D6F64 
 1448      6500
 1449              	.LASF31:
 1450 0450 4354524C 		.ascii	"CTRL_CLR\000"
 1450      5F434C52 
 1450      00
 1451              	.LASF75:
 1452 0459 43795F54 		.ascii	"Cy_TCPWM_Counter_DeInit\000"
 1452      4350574D 
 1452      5F436F75 
 1452      6E746572 
 1452      5F446549 
 1453              	.LASF17:
 1454 0471 434F554E 		.ascii	"COUNTER\000"
 1454      54455200 
 1455              	.LASF21:
 1456 0479 52455345 		.ascii	"RESERVED\000"
 1456      52564544 
 1456      00
 1457              	.LASF44:
 1458 0482 63795F65 		.ascii	"cy_en_tcpwm_status_t\000"
 1458      6E5F7463 
 1458      70776D5F 
 1458      73746174 
 1458      75735F74 
 1459              	.LASF63:
 1460 0497 636F756E 		.ascii	"countInput\000"
 1460      74496E70 
 1460      757400
 1461              	.LASF76:
 1462 04a2 49544D5F 		.ascii	"ITM_RxBuffer\000"
 1462      52784275 
 1462      66666572 
 1462      00
ARM GAS  C:\Users\gjl\AppData\Local\Temp\cco1wngt.s 			page 33


 1463              	.LASF38:
 1464 04af 54435057 		.ascii	"TCPWM_Type\000"
 1464      4D5F5479 
 1464      706500
 1465              	.LASF66:
 1466 04ba 62617365 		.ascii	"base\000"
 1466      00
 1467              		.ident	"GCC: (GNU Tools for ARM Embedded Processors) 5.4.1 20160609 (release) [ARM/embedded-5-bran
