ARM GAS  C:\Users\gjl\AppData\Local\Temp\ccHiXwmc.s 			page 1


   1              		.syntax unified
   2              		.cpu cortex-m4
   3              		.eabi_attribute 27, 1
   4              		.fpu fpv4-sp-d16
   5              		.eabi_attribute 20, 1
   6              		.eabi_attribute 21, 1
   7              		.eabi_attribute 23, 3
   8              		.eabi_attribute 24, 1
   9              		.eabi_attribute 25, 1
  10              		.eabi_attribute 26, 1
  11              		.eabi_attribute 30, 1
  12              		.eabi_attribute 34, 1
  13              		.eabi_attribute 18, 4
  14              		.thumb
  15              		.syntax unified
  16              		.file	"cy_tcpwm_quaddec.c"
  17              		.text
  18              	.Ltext0:
  19              		.cfi_sections	.debug_frame
  20              		.section	.text.Cy_TCPWM_QuadDec_Init,"ax",%progbits
  21              		.align	2
  22              		.global	Cy_TCPWM_QuadDec_Init
  23              		.thumb
  24              		.thumb_func
  25              		.type	Cy_TCPWM_QuadDec_Init, %function
  26              	Cy_TCPWM_QuadDec_Init:
  27              	.LFB144:
  28              		.file 1 "Generated_Source\\PSoC6\\pdl\\drivers\\peripheral\\tcpwm\\cy_tcpwm_quaddec.c"
   1:Generated_Source\PSoC6\pdl\drivers\peripheral\tcpwm/cy_tcpwm_quaddec.c **** /***************************************************************************//**
   2:Generated_Source\PSoC6\pdl\drivers\peripheral\tcpwm/cy_tcpwm_quaddec.c **** * \file cy_tcpwm_quaddec.c
   3:Generated_Source\PSoC6\pdl\drivers\peripheral\tcpwm/cy_tcpwm_quaddec.c **** * \version 1.0.1
   4:Generated_Source\PSoC6\pdl\drivers\peripheral\tcpwm/cy_tcpwm_quaddec.c **** *
   5:Generated_Source\PSoC6\pdl\drivers\peripheral\tcpwm/cy_tcpwm_quaddec.c **** * \brief
   6:Generated_Source\PSoC6\pdl\drivers\peripheral\tcpwm/cy_tcpwm_quaddec.c **** *  The source file of the tcpwm driver.
   7:Generated_Source\PSoC6\pdl\drivers\peripheral\tcpwm/cy_tcpwm_quaddec.c **** *
   8:Generated_Source\PSoC6\pdl\drivers\peripheral\tcpwm/cy_tcpwm_quaddec.c **** ********************************************************************************
   9:Generated_Source\PSoC6\pdl\drivers\peripheral\tcpwm/cy_tcpwm_quaddec.c **** * \copyright
  10:Generated_Source\PSoC6\pdl\drivers\peripheral\tcpwm/cy_tcpwm_quaddec.c **** * Copyright 2016-2018, Cypress Semiconductor Corporation.  All rights reserved.
  11:Generated_Source\PSoC6\pdl\drivers\peripheral\tcpwm/cy_tcpwm_quaddec.c **** * You may use this file only in accordance with the license, terms, conditions,
  12:Generated_Source\PSoC6\pdl\drivers\peripheral\tcpwm/cy_tcpwm_quaddec.c **** * disclaimers, and limitations in the end user license agreement accompanying
  13:Generated_Source\PSoC6\pdl\drivers\peripheral\tcpwm/cy_tcpwm_quaddec.c **** * the software package with which this file was provided.
  14:Generated_Source\PSoC6\pdl\drivers\peripheral\tcpwm/cy_tcpwm_quaddec.c **** *******************************************************************************/
  15:Generated_Source\PSoC6\pdl\drivers\peripheral\tcpwm/cy_tcpwm_quaddec.c **** 
  16:Generated_Source\PSoC6\pdl\drivers\peripheral\tcpwm/cy_tcpwm_quaddec.c **** #include "cy_tcpwm_quaddec.h"
  17:Generated_Source\PSoC6\pdl\drivers\peripheral\tcpwm/cy_tcpwm_quaddec.c **** 
  18:Generated_Source\PSoC6\pdl\drivers\peripheral\tcpwm/cy_tcpwm_quaddec.c **** #if defined(__cplusplus)
  19:Generated_Source\PSoC6\pdl\drivers\peripheral\tcpwm/cy_tcpwm_quaddec.c **** extern "C" {
  20:Generated_Source\PSoC6\pdl\drivers\peripheral\tcpwm/cy_tcpwm_quaddec.c **** #endif
  21:Generated_Source\PSoC6\pdl\drivers\peripheral\tcpwm/cy_tcpwm_quaddec.c **** 
  22:Generated_Source\PSoC6\pdl\drivers\peripheral\tcpwm/cy_tcpwm_quaddec.c **** 
  23:Generated_Source\PSoC6\pdl\drivers\peripheral\tcpwm/cy_tcpwm_quaddec.c **** /*******************************************************************************
  24:Generated_Source\PSoC6\pdl\drivers\peripheral\tcpwm/cy_tcpwm_quaddec.c **** * Function Name: Cy_TCPWM_QuadDec_Init
  25:Generated_Source\PSoC6\pdl\drivers\peripheral\tcpwm/cy_tcpwm_quaddec.c **** ****************************************************************************//**
  26:Generated_Source\PSoC6\pdl\drivers\peripheral\tcpwm/cy_tcpwm_quaddec.c **** *
  27:Generated_Source\PSoC6\pdl\drivers\peripheral\tcpwm/cy_tcpwm_quaddec.c **** * Initializes the counter in the TCPWM block for the QuadDec operation.
  28:Generated_Source\PSoC6\pdl\drivers\peripheral\tcpwm/cy_tcpwm_quaddec.c **** *
  29:Generated_Source\PSoC6\pdl\drivers\peripheral\tcpwm/cy_tcpwm_quaddec.c **** * \param base
ARM GAS  C:\Users\gjl\AppData\Local\Temp\ccHiXwmc.s 			page 2


  30:Generated_Source\PSoC6\pdl\drivers\peripheral\tcpwm/cy_tcpwm_quaddec.c **** * The pointer to a TCPWM instance.
  31:Generated_Source\PSoC6\pdl\drivers\peripheral\tcpwm/cy_tcpwm_quaddec.c **** *
  32:Generated_Source\PSoC6\pdl\drivers\peripheral\tcpwm/cy_tcpwm_quaddec.c **** * \param cntNum
  33:Generated_Source\PSoC6\pdl\drivers\peripheral\tcpwm/cy_tcpwm_quaddec.c **** * The Counter instance number in the selected TCPWM.
  34:Generated_Source\PSoC6\pdl\drivers\peripheral\tcpwm/cy_tcpwm_quaddec.c **** *
  35:Generated_Source\PSoC6\pdl\drivers\peripheral\tcpwm/cy_tcpwm_quaddec.c **** * \param config
  36:Generated_Source\PSoC6\pdl\drivers\peripheral\tcpwm/cy_tcpwm_quaddec.c **** * The pointer to a configuration structure. See \ref cy_stc_tcpwm_quaddec_config_t.
  37:Generated_Source\PSoC6\pdl\drivers\peripheral\tcpwm/cy_tcpwm_quaddec.c **** *
  38:Generated_Source\PSoC6\pdl\drivers\peripheral\tcpwm/cy_tcpwm_quaddec.c **** * \return error / status code. See \ref cy_en_tcpwm_status_t.
  39:Generated_Source\PSoC6\pdl\drivers\peripheral\tcpwm/cy_tcpwm_quaddec.c **** *
  40:Generated_Source\PSoC6\pdl\drivers\peripheral\tcpwm/cy_tcpwm_quaddec.c **** * \funcusage
  41:Generated_Source\PSoC6\pdl\drivers\peripheral\tcpwm/cy_tcpwm_quaddec.c **** * \snippet tcpwm/tcpwm_v1_0_quaddec_sut_01.cydsn/main_cm4.c snippet_Cy_TCPWM_QuadDec_Config
  42:Generated_Source\PSoC6\pdl\drivers\peripheral\tcpwm/cy_tcpwm_quaddec.c **** * \snippet tcpwm/tcpwm_v1_0_quaddec_sut_01.cydsn/main_cm4.c snippet_Cy_TCPWM_QuadDec_Init
  43:Generated_Source\PSoC6\pdl\drivers\peripheral\tcpwm/cy_tcpwm_quaddec.c **** *
  44:Generated_Source\PSoC6\pdl\drivers\peripheral\tcpwm/cy_tcpwm_quaddec.c **** *******************************************************************************/
  45:Generated_Source\PSoC6\pdl\drivers\peripheral\tcpwm/cy_tcpwm_quaddec.c **** cy_en_tcpwm_status_t Cy_TCPWM_QuadDec_Init(TCPWM_Type *base, uint32_t cntNum, 
  46:Generated_Source\PSoC6\pdl\drivers\peripheral\tcpwm/cy_tcpwm_quaddec.c ****                                            cy_stc_tcpwm_quaddec_config_t const *config)
  47:Generated_Source\PSoC6\pdl\drivers\peripheral\tcpwm/cy_tcpwm_quaddec.c **** {
  29              		.loc 1 47 0
  30              		.cfi_startproc
  31              		@ args = 0, pretend = 0, frame = 0
  32              		@ frame_needed = 0, uses_anonymous_args = 0
  33              		@ link register save eliminated.
  34              	.LVL0:
  48:Generated_Source\PSoC6\pdl\drivers\peripheral\tcpwm/cy_tcpwm_quaddec.c ****     cy_en_tcpwm_status_t status = CY_TCPWM_BAD_PARAM;
  49:Generated_Source\PSoC6\pdl\drivers\peripheral\tcpwm/cy_tcpwm_quaddec.c **** 
  50:Generated_Source\PSoC6\pdl\drivers\peripheral\tcpwm/cy_tcpwm_quaddec.c ****     if ((NULL != base) && (NULL != config))
  35              		.loc 1 50 0
  36 0000 0028     		cmp	r0, #0
  37 0002 39D0     		beq	.L4
  47:Generated_Source\PSoC6\pdl\drivers\peripheral\tcpwm/cy_tcpwm_quaddec.c ****     cy_en_tcpwm_status_t status = CY_TCPWM_BAD_PARAM;
  38              		.loc 1 47 0 discriminator 1
  39 0004 30B4     		push	{r4, r5}
  40              		.cfi_def_cfa_offset 8
  41              		.cfi_offset 4, -8
  42              		.cfi_offset 5, -4
  43 0006 0446     		mov	r4, r0
  44              		.loc 1 50 0 discriminator 1
  45 0008 002A     		cmp	r2, #0
  46 000a 37D0     		beq	.L5
  51:Generated_Source\PSoC6\pdl\drivers\peripheral\tcpwm/cy_tcpwm_quaddec.c ****     {
  52:Generated_Source\PSoC6\pdl\drivers\peripheral\tcpwm/cy_tcpwm_quaddec.c ****         base->CNT[cntNum].CTRL = ( _VAL2FLD(TCPWM_CNT_CTRL_QUADRATURE_MODE, config->resolution) |
  47              		.loc 1 52 0
  48 000c 1368     		ldr	r3, [r2]
  49 000e 1B05     		lsls	r3, r3, #20
  50 0010 03F44013 		and	r3, r3, #3145728
  51 0014 43F04073 		orr	r3, r3, #50331648
  52 0018 081D     		adds	r0, r1, #4
  53              	.LVL1:
  54 001a 8001     		lsls	r0, r0, #6
  55 001c 2350     		str	r3, [r4, r0]
  53:Generated_Source\PSoC6\pdl\drivers\peripheral\tcpwm/cy_tcpwm_quaddec.c ****                             _VAL2FLD(TCPWM_CNT_CTRL_MODE, CY_TCPWM_QUADDEC_CTRL_QUADDEC_MODE));
  54:Generated_Source\PSoC6\pdl\drivers\peripheral\tcpwm/cy_tcpwm_quaddec.c **** 
  55:Generated_Source\PSoC6\pdl\drivers\peripheral\tcpwm/cy_tcpwm_quaddec.c ****         if (CY_TCPWM_INPUT_CREATOR != config->phiAInput)
  56              		.loc 1 55 0
  57 001e 9369     		ldr	r3, [r2, #24]
  58 0020 B3F1FF3F 		cmp	r3, #-1
ARM GAS  C:\Users\gjl\AppData\Local\Temp\ccHiXwmc.s 			page 3


  59 0024 13D0     		beq	.L3
  56:Generated_Source\PSoC6\pdl\drivers\peripheral\tcpwm/cy_tcpwm_quaddec.c ****         {        
  57:Generated_Source\PSoC6\pdl\drivers\peripheral\tcpwm/cy_tcpwm_quaddec.c ****             base->CNT[cntNum].TR_CTRL0 = (_VAL2FLD(TCPWM_CNT_TR_CTRL0_COUNT_SEL, config->phiAInput)
  60              		.loc 1 57 0
  61 0026 1B01     		lsls	r3, r3, #4
  62 0028 DBB2     		uxtb	r3, r3
  58:Generated_Source\PSoC6\pdl\drivers\peripheral\tcpwm/cy_tcpwm_quaddec.c ****                                           _VAL2FLD(TCPWM_CNT_TR_CTRL0_START_SEL, config->phiBInput)
  63              		.loc 1 58 0
  64 002a D569     		ldr	r5, [r2, #28]
  65 002c 2D04     		lsls	r5, r5, #16
  66 002e 05F47025 		and	r5, r5, #983040
  57:Generated_Source\PSoC6\pdl\drivers\peripheral\tcpwm/cy_tcpwm_quaddec.c ****                                           _VAL2FLD(TCPWM_CNT_TR_CTRL0_START_SEL, config->phiBInput)
  67              		.loc 1 57 0
  68 0032 2B43     		orrs	r3, r3, r5
  59:Generated_Source\PSoC6\pdl\drivers\peripheral\tcpwm/cy_tcpwm_quaddec.c ****                                           _VAL2FLD(TCPWM_CNT_TR_CTRL0_RELOAD_SEL, config->indexInpu
  69              		.loc 1 59 0
  70 0034 D068     		ldr	r0, [r2, #12]
  71 0036 0002     		lsls	r0, r0, #8
  72 0038 00F47060 		and	r0, r0, #3840
  58:Generated_Source\PSoC6\pdl\drivers\peripheral\tcpwm/cy_tcpwm_quaddec.c ****                                           _VAL2FLD(TCPWM_CNT_TR_CTRL0_START_SEL, config->phiBInput)
  73              		.loc 1 58 0
  74 003c 1843     		orrs	r0, r0, r3
  60:Generated_Source\PSoC6\pdl\drivers\peripheral\tcpwm/cy_tcpwm_quaddec.c ****                                           _VAL2FLD(TCPWM_CNT_TR_CTRL0_STOP_SEL, config->stopInput))
  75              		.loc 1 60 0
  76 003e 5369     		ldr	r3, [r2, #20]
  77 0040 1B03     		lsls	r3, r3, #12
  78 0042 9BB2     		uxth	r3, r3
  59:Generated_Source\PSoC6\pdl\drivers\peripheral\tcpwm/cy_tcpwm_quaddec.c ****                                           _VAL2FLD(TCPWM_CNT_TR_CTRL0_RELOAD_SEL, config->indexInpu
  79              		.loc 1 59 0
  80 0044 0343     		orrs	r3, r3, r0
  57:Generated_Source\PSoC6\pdl\drivers\peripheral\tcpwm/cy_tcpwm_quaddec.c ****                                           _VAL2FLD(TCPWM_CNT_TR_CTRL0_START_SEL, config->phiBInput)
  81              		.loc 1 57 0
  82 0046 04EB8110 		add	r0, r4, r1, lsl #6
  83 004a C0F82031 		str	r3, [r0, #288]
  84              	.L3:
  61:Generated_Source\PSoC6\pdl\drivers\peripheral\tcpwm/cy_tcpwm_quaddec.c ****         }
  62:Generated_Source\PSoC6\pdl\drivers\peripheral\tcpwm/cy_tcpwm_quaddec.c ****         
  63:Generated_Source\PSoC6\pdl\drivers\peripheral\tcpwm/cy_tcpwm_quaddec.c ****         base->CNT[cntNum].TR_CTRL1 = (_VAL2FLD(TCPWM_CNT_TR_CTRL1_CAPTURE_EDGE, CY_TCPWM_INPUT_LEVE
  64:Generated_Source\PSoC6\pdl\drivers\peripheral\tcpwm/cy_tcpwm_quaddec.c ****                                       _VAL2FLD(TCPWM_CNT_TR_CTRL1_COUNT_EDGE, CY_TCPWM_INPUT_LEVEL)
  65:Generated_Source\PSoC6\pdl\drivers\peripheral\tcpwm/cy_tcpwm_quaddec.c ****                                       _VAL2FLD(TCPWM_CNT_TR_CTRL1_START_EDGE, CY_TCPWM_INPUT_LEVEL)
  66:Generated_Source\PSoC6\pdl\drivers\peripheral\tcpwm/cy_tcpwm_quaddec.c ****                                       _VAL2FLD(TCPWM_CNT_TR_CTRL1_RELOAD_EDGE, config->indexInputMo
  85              		.loc 1 66 0
  86 004e 9368     		ldr	r3, [r2, #8]
  87 0050 1B01     		lsls	r3, r3, #4
  88 0052 03F03003 		and	r3, r3, #48
  67:Generated_Source\PSoC6\pdl\drivers\peripheral\tcpwm/cy_tcpwm_quaddec.c ****                                       _VAL2FLD(TCPWM_CNT_TR_CTRL1_STOP_EDGE, config->stopInputMode)
  89              		.loc 1 67 0
  90 0056 1069     		ldr	r0, [r2, #16]
  91 0058 8001     		lsls	r0, r0, #6
  92 005a C0B2     		uxtb	r0, r0
  66:Generated_Source\PSoC6\pdl\drivers\peripheral\tcpwm/cy_tcpwm_quaddec.c ****                                       _VAL2FLD(TCPWM_CNT_TR_CTRL1_STOP_EDGE, config->stopInputMode)
  93              		.loc 1 66 0
  94 005c 0343     		orrs	r3, r3, r0
  95 005e 43F44373 		orr	r3, r3, #780
  96 0062 43F00303 		orr	r3, r3, #3
  63:Generated_Source\PSoC6\pdl\drivers\peripheral\tcpwm/cy_tcpwm_quaddec.c ****                                       _VAL2FLD(TCPWM_CNT_TR_CTRL1_COUNT_EDGE, CY_TCPWM_INPUT_LEVEL)
  97              		.loc 1 63 0
ARM GAS  C:\Users\gjl\AppData\Local\Temp\ccHiXwmc.s 			page 4


  98 0066 04EB8114 		add	r4, r4, r1, lsl #6
  99              	.LVL2:
 100 006a C4F82431 		str	r3, [r4, #292]
  68:Generated_Source\PSoC6\pdl\drivers\peripheral\tcpwm/cy_tcpwm_quaddec.c **** 
  69:Generated_Source\PSoC6\pdl\drivers\peripheral\tcpwm/cy_tcpwm_quaddec.c ****         base->CNT[cntNum].INTR_MASK = config->interruptSources;
 101              		.loc 1 69 0
 102 006e 5368     		ldr	r3, [r2, #4]
 103 0070 C4F83831 		str	r3, [r4, #312]
 104              	.LVL3:
  70:Generated_Source\PSoC6\pdl\drivers\peripheral\tcpwm/cy_tcpwm_quaddec.c **** 
  71:Generated_Source\PSoC6\pdl\drivers\peripheral\tcpwm/cy_tcpwm_quaddec.c ****         status = CY_TCPWM_SUCCESS;
 105              		.loc 1 71 0
 106 0074 0020     		movs	r0, #0
 107 0076 02E0     		b	.L2
 108              	.LVL4:
 109              	.L4:
 110              		.cfi_def_cfa_offset 0
 111              		.cfi_restore 4
 112              		.cfi_restore 5
  48:Generated_Source\PSoC6\pdl\drivers\peripheral\tcpwm/cy_tcpwm_quaddec.c **** 
 113              		.loc 1 48 0
 114 0078 0248     		ldr	r0, .L7
 115              	.LVL5:
  72:Generated_Source\PSoC6\pdl\drivers\peripheral\tcpwm/cy_tcpwm_quaddec.c ****     }
  73:Generated_Source\PSoC6\pdl\drivers\peripheral\tcpwm/cy_tcpwm_quaddec.c **** 
  74:Generated_Source\PSoC6\pdl\drivers\peripheral\tcpwm/cy_tcpwm_quaddec.c ****     return(status);
  75:Generated_Source\PSoC6\pdl\drivers\peripheral\tcpwm/cy_tcpwm_quaddec.c **** }
 116              		.loc 1 75 0
 117 007a 7047     		bx	lr
 118              	.LVL6:
 119              	.L5:
 120              		.cfi_def_cfa_offset 8
 121              		.cfi_offset 4, -8
 122              		.cfi_offset 5, -4
  48:Generated_Source\PSoC6\pdl\drivers\peripheral\tcpwm/cy_tcpwm_quaddec.c **** 
 123              		.loc 1 48 0
 124 007c 0148     		ldr	r0, .L7
 125              	.LVL7:
 126              	.L2:
 127              		.loc 1 75 0
 128 007e 30BC     		pop	{r4, r5}
 129              		.cfi_restore 5
 130              		.cfi_restore 4
 131              		.cfi_def_cfa_offset 0
 132 0080 7047     		bx	lr
 133              	.L8:
 134 0082 00BF     		.align	2
 135              	.L7:
 136 0084 0100B600 		.word	11927553
 137              		.cfi_endproc
 138              	.LFE144:
 139              		.size	Cy_TCPWM_QuadDec_Init, .-Cy_TCPWM_QuadDec_Init
 140              		.section	.text.Cy_TCPWM_QuadDec_DeInit,"ax",%progbits
 141              		.align	2
 142              		.global	Cy_TCPWM_QuadDec_DeInit
 143              		.thumb
 144              		.thumb_func
ARM GAS  C:\Users\gjl\AppData\Local\Temp\ccHiXwmc.s 			page 5


 145              		.type	Cy_TCPWM_QuadDec_DeInit, %function
 146              	Cy_TCPWM_QuadDec_DeInit:
 147              	.LFB145:
  76:Generated_Source\PSoC6\pdl\drivers\peripheral\tcpwm/cy_tcpwm_quaddec.c **** 
  77:Generated_Source\PSoC6\pdl\drivers\peripheral\tcpwm/cy_tcpwm_quaddec.c **** 
  78:Generated_Source\PSoC6\pdl\drivers\peripheral\tcpwm/cy_tcpwm_quaddec.c **** /*******************************************************************************
  79:Generated_Source\PSoC6\pdl\drivers\peripheral\tcpwm/cy_tcpwm_quaddec.c **** * Function Name: Cy_TCPWM_QuadDec_DeInit
  80:Generated_Source\PSoC6\pdl\drivers\peripheral\tcpwm/cy_tcpwm_quaddec.c **** ****************************************************************************//**
  81:Generated_Source\PSoC6\pdl\drivers\peripheral\tcpwm/cy_tcpwm_quaddec.c **** *
  82:Generated_Source\PSoC6\pdl\drivers\peripheral\tcpwm/cy_tcpwm_quaddec.c **** * De-initializes the counter in the TCPWM block, returns register values to 
  83:Generated_Source\PSoC6\pdl\drivers\peripheral\tcpwm/cy_tcpwm_quaddec.c **** * default.
  84:Generated_Source\PSoC6\pdl\drivers\peripheral\tcpwm/cy_tcpwm_quaddec.c **** *
  85:Generated_Source\PSoC6\pdl\drivers\peripheral\tcpwm/cy_tcpwm_quaddec.c **** * \param base
  86:Generated_Source\PSoC6\pdl\drivers\peripheral\tcpwm/cy_tcpwm_quaddec.c **** * The pointer to a TCPWM instance.
  87:Generated_Source\PSoC6\pdl\drivers\peripheral\tcpwm/cy_tcpwm_quaddec.c **** *
  88:Generated_Source\PSoC6\pdl\drivers\peripheral\tcpwm/cy_tcpwm_quaddec.c **** * \param cntNum
  89:Generated_Source\PSoC6\pdl\drivers\peripheral\tcpwm/cy_tcpwm_quaddec.c **** * The Counter instance number in the selected TCPWM.
  90:Generated_Source\PSoC6\pdl\drivers\peripheral\tcpwm/cy_tcpwm_quaddec.c **** *
  91:Generated_Source\PSoC6\pdl\drivers\peripheral\tcpwm/cy_tcpwm_quaddec.c **** * \param config
  92:Generated_Source\PSoC6\pdl\drivers\peripheral\tcpwm/cy_tcpwm_quaddec.c **** * The pointer to a configuration structure. See \ref cy_stc_tcpwm_quaddec_config_t.
  93:Generated_Source\PSoC6\pdl\drivers\peripheral\tcpwm/cy_tcpwm_quaddec.c **** *
  94:Generated_Source\PSoC6\pdl\drivers\peripheral\tcpwm/cy_tcpwm_quaddec.c **** * \funcusage
  95:Generated_Source\PSoC6\pdl\drivers\peripheral\tcpwm/cy_tcpwm_quaddec.c **** * \snippet tcpwm/tcpwm_v1_0_quaddec_sut_01.cydsn/main_cm4.c snippet_Cy_TCPWM_QuadDec_DeInit
  96:Generated_Source\PSoC6\pdl\drivers\peripheral\tcpwm/cy_tcpwm_quaddec.c **** *
  97:Generated_Source\PSoC6\pdl\drivers\peripheral\tcpwm/cy_tcpwm_quaddec.c **** *******************************************************************************/
  98:Generated_Source\PSoC6\pdl\drivers\peripheral\tcpwm/cy_tcpwm_quaddec.c **** void Cy_TCPWM_QuadDec_DeInit(TCPWM_Type *base, uint32_t cntNum, cy_stc_tcpwm_quaddec_config_t const
  99:Generated_Source\PSoC6\pdl\drivers\peripheral\tcpwm/cy_tcpwm_quaddec.c **** {
 148              		.loc 1 99 0
 149              		.cfi_startproc
 150              		@ args = 0, pretend = 0, frame = 0
 151              		@ frame_needed = 0, uses_anonymous_args = 0
 152              		@ link register save eliminated.
 153              	.LVL8:
 154 0000 30B4     		push	{r4, r5}
 155              		.cfi_def_cfa_offset 8
 156              		.cfi_offset 4, -8
 157              		.cfi_offset 5, -4
 100:Generated_Source\PSoC6\pdl\drivers\peripheral\tcpwm/cy_tcpwm_quaddec.c ****     base->CNT[cntNum].CTRL = CY_TCPWM_CNT_CTRL_DEFAULT;
 158              		.loc 1 100 0
 159 0002 0B1D     		adds	r3, r1, #4
 160 0004 9B01     		lsls	r3, r3, #6
 161 0006 0024     		movs	r4, #0
 162 0008 C450     		str	r4, [r0, r3]
 101:Generated_Source\PSoC6\pdl\drivers\peripheral\tcpwm/cy_tcpwm_quaddec.c ****     base->CNT[cntNum].COUNTER = CY_TCPWM_CNT_COUNTER_DEFAULT;
 163              		.loc 1 101 0
 164 000a 00EB8113 		add	r3, r0, r1, lsl #6
 165 000e C3F80841 		str	r4, [r3, #264]
 102:Generated_Source\PSoC6\pdl\drivers\peripheral\tcpwm/cy_tcpwm_quaddec.c ****     base->CNT[cntNum].CC = CY_TCPWM_CNT_CC_DEFAULT;
 166              		.loc 1 102 0
 167 0012 4FF0FF35 		mov	r5, #-1
 168 0016 C3F80C51 		str	r5, [r3, #268]
 103:Generated_Source\PSoC6\pdl\drivers\peripheral\tcpwm/cy_tcpwm_quaddec.c ****     base->CNT[cntNum].CC_BUFF = CY_TCPWM_CNT_CC_BUFF_DEFAULT;
 169              		.loc 1 103 0
 170 001a C3F81051 		str	r5, [r3, #272]
 104:Generated_Source\PSoC6\pdl\drivers\peripheral\tcpwm/cy_tcpwm_quaddec.c ****     base->CNT[cntNum].PERIOD = CY_TCPWM_CNT_PERIOD_DEFAULT;
 171              		.loc 1 104 0
 172 001e C3F81451 		str	r5, [r3, #276]
ARM GAS  C:\Users\gjl\AppData\Local\Temp\ccHiXwmc.s 			page 6


 105:Generated_Source\PSoC6\pdl\drivers\peripheral\tcpwm/cy_tcpwm_quaddec.c ****     base->CNT[cntNum].PERIOD_BUFF = CY_TCPWM_CNT_PERIOD_BUFF_DEFAULT;
 173              		.loc 1 105 0
 174 0022 C3F81851 		str	r5, [r3, #280]
 106:Generated_Source\PSoC6\pdl\drivers\peripheral\tcpwm/cy_tcpwm_quaddec.c ****     base->CNT[cntNum].TR_CTRL1 = CY_TCPWM_CNT_TR_CTRL1_DEFAULT;
 175              		.loc 1 106 0
 176 0026 40F2FF35 		movw	r5, #1023
 177 002a C3F82451 		str	r5, [r3, #292]
 107:Generated_Source\PSoC6\pdl\drivers\peripheral\tcpwm/cy_tcpwm_quaddec.c ****     base->CNT[cntNum].TR_CTRL2 = CY_TCPWM_CNT_TR_CTRL2_DEFAULT;
 178              		.loc 1 107 0
 179 002e 3F25     		movs	r5, #63
 180 0030 C3F82851 		str	r5, [r3, #296]
 108:Generated_Source\PSoC6\pdl\drivers\peripheral\tcpwm/cy_tcpwm_quaddec.c ****     base->CNT[cntNum].INTR = CY_TCPWM_CNT_INTR_DEFAULT;
 181              		.loc 1 108 0
 182 0034 0325     		movs	r5, #3
 183 0036 C3F83051 		str	r5, [r3, #304]
 109:Generated_Source\PSoC6\pdl\drivers\peripheral\tcpwm/cy_tcpwm_quaddec.c ****     base->CNT[cntNum].INTR_SET = CY_TCPWM_CNT_INTR_SET_DEFAULT;
 184              		.loc 1 109 0
 185 003a C3F83441 		str	r4, [r3, #308]
 110:Generated_Source\PSoC6\pdl\drivers\peripheral\tcpwm/cy_tcpwm_quaddec.c ****     base->CNT[cntNum].INTR_MASK = CY_TCPWM_CNT_INTR_MASK_DEFAULT;
 186              		.loc 1 110 0
 187 003e C3F83841 		str	r4, [r3, #312]
 111:Generated_Source\PSoC6\pdl\drivers\peripheral\tcpwm/cy_tcpwm_quaddec.c **** 
 112:Generated_Source\PSoC6\pdl\drivers\peripheral\tcpwm/cy_tcpwm_quaddec.c ****     if (CY_TCPWM_INPUT_CREATOR != config->phiAInput)
 188              		.loc 1 112 0
 189 0042 9369     		ldr	r3, [r2, #24]
 190 0044 B3F1FF3F 		cmp	r3, #-1
 191 0048 04D0     		beq	.L9
 113:Generated_Source\PSoC6\pdl\drivers\peripheral\tcpwm/cy_tcpwm_quaddec.c ****     {        
 114:Generated_Source\PSoC6\pdl\drivers\peripheral\tcpwm/cy_tcpwm_quaddec.c ****         base->CNT[cntNum].TR_CTRL0 = CY_TCPWM_CNT_TR_CTRL0_DEFAULT;
 192              		.loc 1 114 0
 193 004a 00EB8110 		add	r0, r0, r1, lsl #6
 194              	.LVL9:
 195 004e 1023     		movs	r3, #16
 196 0050 C0F82031 		str	r3, [r0, #288]
 197              	.L9:
 115:Generated_Source\PSoC6\pdl\drivers\peripheral\tcpwm/cy_tcpwm_quaddec.c ****     }
 116:Generated_Source\PSoC6\pdl\drivers\peripheral\tcpwm/cy_tcpwm_quaddec.c **** }
 198              		.loc 1 116 0
 199 0054 30BC     		pop	{r4, r5}
 200              		.cfi_restore 5
 201              		.cfi_restore 4
 202              		.cfi_def_cfa_offset 0
 203 0056 7047     		bx	lr
 204              		.cfi_endproc
 205              	.LFE145:
 206              		.size	Cy_TCPWM_QuadDec_DeInit, .-Cy_TCPWM_QuadDec_DeInit
 207              		.text
 208              	.Letext0:
 209              		.file 2 "c:\\program files (x86)\\cypress\\psoc creator\\4.2\\psoc creator\\import\\gnu\\arm\\5.4.
 210              		.file 3 "c:\\program files (x86)\\cypress\\psoc creator\\4.2\\psoc creator\\import\\gnu\\arm\\5.4.
 211              		.file 4 "Generated_Source\\PSoC6\\pdl\\devices/psoc6/ip/cyip_tcpwm.h"
 212              		.file 5 "Generated_Source\\PSoC6\\pdl\\drivers\\peripheral\\tcpwm\\cy_tcpwm.h"
 213              		.file 6 "Generated_Source\\PSoC6\\pdl\\drivers\\peripheral\\tcpwm\\cy_tcpwm_quaddec.h"
 214              		.file 7 "Generated_Source\\PSoC6\\pdl\\cmsis/include/core_cm4.h"
 215              		.section	.debug_info,"",%progbits
 216              	.Ldebug_info0:
 217 0000 A0030000 		.4byte	0x3a0
ARM GAS  C:\Users\gjl\AppData\Local\Temp\ccHiXwmc.s 			page 7


 218 0004 0400     		.2byte	0x4
 219 0006 00000000 		.4byte	.Ldebug_abbrev0
 220 000a 04       		.byte	0x4
 221 000b 01       		.uleb128 0x1
 222 000c 0B010000 		.4byte	.LASF57
 223 0010 0C       		.byte	0xc
 224 0011 1E000000 		.4byte	.LASF58
 225 0015 65000000 		.4byte	.LASF59
 226 0019 00000000 		.4byte	.Ldebug_ranges0+0
 227 001d 00000000 		.4byte	0
 228 0021 00000000 		.4byte	.Ldebug_line0
 229 0025 02       		.uleb128 0x2
 230 0026 01       		.byte	0x1
 231 0027 06       		.byte	0x6
 232 0028 A4020000 		.4byte	.LASF0
 233 002c 02       		.uleb128 0x2
 234 002d 01       		.byte	0x1
 235 002e 08       		.byte	0x8
 236 002f 86020000 		.4byte	.LASF1
 237 0033 02       		.uleb128 0x2
 238 0034 02       		.byte	0x2
 239 0035 05       		.byte	0x5
 240 0036 BF000000 		.4byte	.LASF2
 241 003a 02       		.uleb128 0x2
 242 003b 02       		.byte	0x2
 243 003c 07       		.byte	0x7
 244 003d 0F030000 		.4byte	.LASF3
 245 0041 03       		.uleb128 0x3
 246 0042 BE030000 		.4byte	.LASF5
 247 0046 02       		.byte	0x2
 248 0047 3F       		.byte	0x3f
 249 0048 4C000000 		.4byte	0x4c
 250 004c 02       		.uleb128 0x2
 251 004d 04       		.byte	0x4
 252 004e 05       		.byte	0x5
 253 004f 40020000 		.4byte	.LASF4
 254 0053 03       		.uleb128 0x3
 255 0054 CF010000 		.4byte	.LASF6
 256 0058 02       		.byte	0x2
 257 0059 41       		.byte	0x41
 258 005a 5E000000 		.4byte	0x5e
 259 005e 02       		.uleb128 0x2
 260 005f 04       		.byte	0x4
 261 0060 07       		.byte	0x7
 262 0061 7E030000 		.4byte	.LASF7
 263 0065 02       		.uleb128 0x2
 264 0066 08       		.byte	0x8
 265 0067 05       		.byte	0x5
 266 0068 2B020000 		.4byte	.LASF8
 267 006c 02       		.uleb128 0x2
 268 006d 08       		.byte	0x8
 269 006e 07       		.byte	0x7
 270 006f B9020000 		.4byte	.LASF9
 271 0073 04       		.uleb128 0x4
 272 0074 04       		.byte	0x4
 273 0075 05       		.byte	0x5
 274 0076 696E7400 		.ascii	"int\000"
ARM GAS  C:\Users\gjl\AppData\Local\Temp\ccHiXwmc.s 			page 8


 275 007a 02       		.uleb128 0x2
 276 007b 04       		.byte	0x4
 277 007c 07       		.byte	0x7
 278 007d E4020000 		.4byte	.LASF10
 279 0081 03       		.uleb128 0x3
 280 0082 2E030000 		.4byte	.LASF11
 281 0086 03       		.byte	0x3
 282 0087 2C       		.byte	0x2c
 283 0088 41000000 		.4byte	0x41
 284 008c 03       		.uleb128 0x3
 285 008d D0020000 		.4byte	.LASF12
 286 0091 03       		.byte	0x3
 287 0092 30       		.byte	0x30
 288 0093 53000000 		.4byte	0x53
 289 0097 02       		.uleb128 0x2
 290 0098 08       		.byte	0x8
 291 0099 04       		.byte	0x4
 292 009a 64020000 		.4byte	.LASF13
 293 009e 02       		.uleb128 0x2
 294 009f 04       		.byte	0x4
 295 00a0 07       		.byte	0x7
 296 00a1 C9000000 		.4byte	.LASF14
 297 00a5 05       		.uleb128 0x5
 298 00a6 8C000000 		.4byte	0x8c
 299 00aa 06       		.uleb128 0x6
 300 00ab A5000000 		.4byte	0xa5
 301 00af 07       		.uleb128 0x7
 302 00b0 40       		.byte	0x40
 303 00b1 04       		.byte	0x4
 304 00b2 22       		.byte	0x22
 305 00b3 77010000 		.4byte	0x177
 306 00b7 08       		.uleb128 0x8
 307 00b8 94020000 		.4byte	.LASF15
 308 00bc 04       		.byte	0x4
 309 00bd 23       		.byte	0x23
 310 00be A5000000 		.4byte	0xa5
 311 00c2 00       		.byte	0
 312 00c3 08       		.uleb128 0x8
 313 00c4 39020000 		.4byte	.LASF16
 314 00c8 04       		.byte	0x4
 315 00c9 24       		.byte	0x24
 316 00ca AA000000 		.4byte	0xaa
 317 00ce 04       		.byte	0x4
 318 00cf 08       		.uleb128 0x8
 319 00d0 DF030000 		.4byte	.LASF17
 320 00d4 04       		.byte	0x4
 321 00d5 25       		.byte	0x25
 322 00d6 A5000000 		.4byte	0xa5
 323 00da 08       		.byte	0x8
 324 00db 09       		.uleb128 0x9
 325 00dc 434300   		.ascii	"CC\000"
 326 00df 04       		.byte	0x4
 327 00e0 26       		.byte	0x26
 328 00e1 A5000000 		.4byte	0xa5
 329 00e5 0C       		.byte	0xc
 330 00e6 08       		.uleb128 0x8
 331 00e7 5C020000 		.4byte	.LASF18
ARM GAS  C:\Users\gjl\AppData\Local\Temp\ccHiXwmc.s 			page 9


 332 00eb 04       		.byte	0x4
 333 00ec 27       		.byte	0x27
 334 00ed A5000000 		.4byte	0xa5
 335 00f1 10       		.byte	0x10
 336 00f2 08       		.uleb128 0x8
 337 00f3 E7000000 		.4byte	.LASF19
 338 00f7 04       		.byte	0x4
 339 00f8 28       		.byte	0x28
 340 00f9 A5000000 		.4byte	0xa5
 341 00fd 14       		.byte	0x14
 342 00fe 08       		.uleb128 0x8
 343 00ff D2000000 		.4byte	.LASF20
 344 0103 04       		.byte	0x4
 345 0104 29       		.byte	0x29
 346 0105 A5000000 		.4byte	0xa5
 347 0109 18       		.byte	0x18
 348 010a 08       		.uleb128 0x8
 349 010b E7030000 		.4byte	.LASF21
 350 010f 04       		.byte	0x4
 351 0110 2A       		.byte	0x2a
 352 0111 AA000000 		.4byte	0xaa
 353 0115 1C       		.byte	0x1c
 354 0116 08       		.uleb128 0x8
 355 0117 E4010000 		.4byte	.LASF22
 356 011b 04       		.byte	0x4
 357 011c 2B       		.byte	0x2b
 358 011d A5000000 		.4byte	0xa5
 359 0121 20       		.byte	0x20
 360 0122 08       		.uleb128 0x8
 361 0123 F9000000 		.4byte	.LASF23
 362 0127 04       		.byte	0x4
 363 0128 2C       		.byte	0x2c
 364 0129 A5000000 		.4byte	0xa5
 365 012d 24       		.byte	0x24
 366 012e 08       		.uleb128 0x8
 367 012f 02010000 		.4byte	.LASF24
 368 0133 04       		.byte	0x4
 369 0134 2D       		.byte	0x2d
 370 0135 A5000000 		.4byte	0xa5
 371 0139 28       		.byte	0x28
 372 013a 08       		.uleb128 0x8
 373 013b 6A030000 		.4byte	.LASF25
 374 013f 04       		.byte	0x4
 375 0140 2E       		.byte	0x2e
 376 0141 AA000000 		.4byte	0xaa
 377 0145 2C       		.byte	0x2c
 378 0146 08       		.uleb128 0x8
 379 0147 65030000 		.4byte	.LASF26
 380 014b 04       		.byte	0x4
 381 014c 2F       		.byte	0x2f
 382 014d A5000000 		.4byte	0xa5
 383 0151 30       		.byte	0x30
 384 0152 08       		.uleb128 0x8
 385 0153 B0020000 		.4byte	.LASF27
 386 0157 04       		.byte	0x4
 387 0158 30       		.byte	0x30
 388 0159 A5000000 		.4byte	0xa5
ARM GAS  C:\Users\gjl\AppData\Local\Temp\ccHiXwmc.s 			page 10


 389 015d 34       		.byte	0x34
 390 015e 08       		.uleb128 0x8
 391 015f 05030000 		.4byte	.LASF28
 392 0163 04       		.byte	0x4
 393 0164 31       		.byte	0x31
 394 0165 A5000000 		.4byte	0xa5
 395 0169 38       		.byte	0x38
 396 016a 08       		.uleb128 0x8
 397 016b 50020000 		.4byte	.LASF29
 398 016f 04       		.byte	0x4
 399 0170 32       		.byte	0x32
 400 0171 AA000000 		.4byte	0xaa
 401 0175 3C       		.byte	0x3c
 402 0176 00       		.byte	0
 403 0177 03       		.uleb128 0x3
 404 0178 B0000000 		.4byte	.LASF30
 405 017c 04       		.byte	0x4
 406 017d 33       		.byte	0x33
 407 017e AF000000 		.4byte	0xaf
 408 0182 0A       		.uleb128 0xa
 409 0183 0009     		.2byte	0x900
 410 0185 04       		.byte	0x4
 411 0186 38       		.byte	0x38
 412 0187 05020000 		.4byte	0x205
 413 018b 08       		.uleb128 0x8
 414 018c 94020000 		.4byte	.LASF15
 415 0190 04       		.byte	0x4
 416 0191 39       		.byte	0x39
 417 0192 A5000000 		.4byte	0xa5
 418 0196 00       		.byte	0
 419 0197 08       		.uleb128 0x8
 420 0198 D6030000 		.4byte	.LASF31
 421 019c 04       		.byte	0x4
 422 019d 3A       		.byte	0x3a
 423 019e A5000000 		.4byte	0xa5
 424 01a2 04       		.byte	0x4
 425 01a3 08       		.uleb128 0x8
 426 01a4 DE000000 		.4byte	.LASF32
 427 01a8 04       		.byte	0x4
 428 01a9 3B       		.byte	0x3b
 429 01aa A5000000 		.4byte	0xa5
 430 01ae 08       		.byte	0x8
 431 01af 08       		.uleb128 0x8
 432 01b0 FE010000 		.4byte	.LASF33
 433 01b4 04       		.byte	0x4
 434 01b5 3C       		.byte	0x3c
 435 01b6 A5000000 		.4byte	0xa5
 436 01ba 0C       		.byte	0xc
 437 01bb 08       		.uleb128 0x8
 438 01bc EE000000 		.4byte	.LASF34
 439 01c0 04       		.byte	0x4
 440 01c1 3D       		.byte	0x3d
 441 01c2 A5000000 		.4byte	0xa5
 442 01c6 10       		.byte	0x10
 443 01c7 08       		.uleb128 0x8
 444 01c8 FC020000 		.4byte	.LASF35
 445 01cc 04       		.byte	0x4
ARM GAS  C:\Users\gjl\AppData\Local\Temp\ccHiXwmc.s 			page 11


 446 01cd 3E       		.byte	0x3e
 447 01ce A5000000 		.4byte	0xa5
 448 01d2 14       		.byte	0x14
 449 01d3 08       		.uleb128 0x8
 450 01d4 1B020000 		.4byte	.LASF36
 451 01d8 04       		.byte	0x4
 452 01d9 3F       		.byte	0x3f
 453 01da A5000000 		.4byte	0xa5
 454 01de 18       		.byte	0x18
 455 01df 08       		.uleb128 0x8
 456 01e0 99020000 		.4byte	.LASF37
 457 01e4 04       		.byte	0x4
 458 01e5 40       		.byte	0x40
 459 01e6 AA000000 		.4byte	0xaa
 460 01ea 1C       		.byte	0x1c
 461 01eb 08       		.uleb128 0x8
 462 01ec E7030000 		.4byte	.LASF21
 463 01f0 04       		.byte	0x4
 464 01f1 41       		.byte	0x41
 465 01f2 1A020000 		.4byte	0x21a
 466 01f6 20       		.byte	0x20
 467 01f7 0B       		.uleb128 0xb
 468 01f8 434E5400 		.ascii	"CNT\000"
 469 01fc 04       		.byte	0x4
 470 01fd 42       		.byte	0x42
 471 01fe 1F020000 		.4byte	0x21f
 472 0202 0001     		.2byte	0x100
 473 0204 00       		.byte	0
 474 0205 0C       		.uleb128 0xc
 475 0206 AA000000 		.4byte	0xaa
 476 020a 15020000 		.4byte	0x215
 477 020e 0D       		.uleb128 0xd
 478 020f 9E000000 		.4byte	0x9e
 479 0213 37       		.byte	0x37
 480 0214 00       		.byte	0
 481 0215 05       		.uleb128 0x5
 482 0216 05020000 		.4byte	0x205
 483 021a 06       		.uleb128 0x6
 484 021b 15020000 		.4byte	0x215
 485 021f 0C       		.uleb128 0xc
 486 0220 77010000 		.4byte	0x177
 487 0224 2F020000 		.4byte	0x22f
 488 0228 0D       		.uleb128 0xd
 489 0229 9E000000 		.4byte	0x9e
 490 022d 1F       		.byte	0x1f
 491 022e 00       		.byte	0
 492 022f 03       		.uleb128 0x3
 493 0230 12040000 		.4byte	.LASF38
 494 0234 04       		.byte	0x4
 495 0235 43       		.byte	0x43
 496 0236 82010000 		.4byte	0x182
 497 023a 02       		.uleb128 0x2
 498 023b 01       		.byte	0x1
 499 023c 08       		.byte	0x8
 500 023d 29030000 		.4byte	.LASF39
 501 0241 02       		.uleb128 0x2
 502 0242 04       		.byte	0x4
ARM GAS  C:\Users\gjl\AppData\Local\Temp\ccHiXwmc.s 			page 12


 503 0243 04       		.byte	0x4
 504 0244 25020000 		.4byte	.LASF40
 505 0248 02       		.uleb128 0x2
 506 0249 08       		.byte	0x8
 507 024a 04       		.byte	0x4
 508 024b 90030000 		.4byte	.LASF41
 509 024f 0E       		.uleb128 0xe
 510 0250 04       		.byte	0x4
 511 0251 7A000000 		.4byte	0x7a
 512 0255 05       		.byte	0x5
 513 0256 4B01     		.2byte	0x14b
 514 0258 6C020000 		.4byte	0x26c
 515 025c 0F       		.uleb128 0xf
 516 025d BE010000 		.4byte	.LASF42
 517 0261 00       		.byte	0
 518 0262 10       		.uleb128 0x10
 519 0263 36030000 		.4byte	.LASF43
 520 0267 0100B600 		.4byte	0xb60001
 521 026b 00       		.byte	0
 522 026c 11       		.uleb128 0x11
 523 026d F0030000 		.4byte	.LASF44
 524 0271 05       		.byte	0x5
 525 0272 4E01     		.2byte	0x14e
 526 0274 4F020000 		.4byte	0x24f
 527 0278 12       		.uleb128 0x12
 528 0279 49030000 		.4byte	.LASF60
 529 027d 20       		.byte	0x20
 530 027e 06       		.byte	0x6
 531 027f 2B       		.byte	0x2b
 532 0280 E5020000 		.4byte	0x2e5
 533 0284 08       		.uleb128 0x8
 534 0285 F1020000 		.4byte	.LASF45
 535 0289 06       		.byte	0x6
 536 028a 2E       		.byte	0x2e
 537 028b 8C000000 		.4byte	0x8c
 538 028f 00       		.byte	0
 539 0290 08       		.uleb128 0x8
 540 0291 0A020000 		.4byte	.LASF46
 541 0295 06       		.byte	0x6
 542 0296 30       		.byte	0x30
 543 0297 8C000000 		.4byte	0x8c
 544 029b 04       		.byte	0x4
 545 029c 08       		.uleb128 0x8
 546 029d AF030000 		.4byte	.LASF47
 547 02a1 06       		.byte	0x6
 548 02a2 32       		.byte	0x32
 549 02a3 8C000000 		.4byte	0x8c
 550 02a7 08       		.byte	0x8
 551 02a8 08       		.uleb128 0x8
 552 02a9 D9020000 		.4byte	.LASF48
 553 02ad 06       		.byte	0x6
 554 02ae 34       		.byte	0x34
 555 02af 8C000000 		.4byte	0x8c
 556 02b3 0C       		.byte	0xc
 557 02b4 08       		.uleb128 0x8
 558 02b5 C8030000 		.4byte	.LASF49
 559 02b9 06       		.byte	0x6
ARM GAS  C:\Users\gjl\AppData\Local\Temp\ccHiXwmc.s 			page 13


 560 02ba 36       		.byte	0x36
 561 02bb 8C000000 		.4byte	0x8c
 562 02bf 10       		.byte	0x10
 563 02c0 08       		.uleb128 0x8
 564 02c1 DA010000 		.4byte	.LASF50
 565 02c5 06       		.byte	0x6
 566 02c6 38       		.byte	0x38
 567 02c7 8C000000 		.4byte	0x8c
 568 02cb 14       		.byte	0x14
 569 02cc 08       		.uleb128 0x8
 570 02cd 74030000 		.4byte	.LASF51
 571 02d1 06       		.byte	0x6
 572 02d2 3A       		.byte	0x3a
 573 02d3 8C000000 		.4byte	0x8c
 574 02d7 18       		.byte	0x18
 575 02d8 08       		.uleb128 0x8
 576 02d9 F4010000 		.4byte	.LASF52
 577 02dd 06       		.byte	0x6
 578 02de 3C       		.byte	0x3c
 579 02df 8C000000 		.4byte	0x8c
 580 02e3 1C       		.byte	0x1c
 581 02e4 00       		.byte	0
 582 02e5 03       		.uleb128 0x3
 583 02e6 00000000 		.4byte	.LASF53
 584 02ea 06       		.byte	0x6
 585 02eb 3E       		.byte	0x3e
 586 02ec 78020000 		.4byte	0x278
 587 02f0 13       		.uleb128 0x13
 588 02f1 70020000 		.4byte	.LASF61
 589 02f5 01       		.byte	0x1
 590 02f6 2D       		.byte	0x2d
 591 02f7 6C020000 		.4byte	0x26c
 592 02fb 00000000 		.4byte	.LFB144
 593 02ff 88000000 		.4byte	.LFE144-.LFB144
 594 0303 01       		.uleb128 0x1
 595 0304 9C       		.byte	0x9c
 596 0305 42030000 		.4byte	0x342
 597 0309 14       		.uleb128 0x14
 598 030a 1D040000 		.4byte	.LASF54
 599 030e 01       		.byte	0x1
 600 030f 2D       		.byte	0x2d
 601 0310 42030000 		.4byte	0x342
 602 0314 00000000 		.4byte	.LLST0
 603 0318 15       		.uleb128 0x15
 604 0319 49020000 		.4byte	.LASF55
 605 031d 01       		.byte	0x1
 606 031e 2D       		.byte	0x2d
 607 031f 8C000000 		.4byte	0x8c
 608 0323 01       		.uleb128 0x1
 609 0324 51       		.byte	0x51
 610 0325 15       		.uleb128 0x15
 611 0326 ED010000 		.4byte	.LASF56
 612 032a 01       		.byte	0x1
 613 032b 2E       		.byte	0x2e
 614 032c 48030000 		.4byte	0x348
 615 0330 01       		.uleb128 0x1
 616 0331 52       		.byte	0x52
ARM GAS  C:\Users\gjl\AppData\Local\Temp\ccHiXwmc.s 			page 14


 617 0332 16       		.uleb128 0x16
 618 0333 22030000 		.4byte	.LASF62
 619 0337 01       		.byte	0x1
 620 0338 30       		.byte	0x30
 621 0339 6C020000 		.4byte	0x26c
 622 033d 5E000000 		.4byte	.LLST1
 623 0341 00       		.byte	0
 624 0342 17       		.uleb128 0x17
 625 0343 04       		.byte	0x4
 626 0344 2F020000 		.4byte	0x22f
 627 0348 17       		.uleb128 0x17
 628 0349 04       		.byte	0x4
 629 034a 4E030000 		.4byte	0x34e
 630 034e 06       		.uleb128 0x6
 631 034f E5020000 		.4byte	0x2e5
 632 0353 18       		.uleb128 0x18
 633 0354 97030000 		.4byte	.LASF63
 634 0358 01       		.byte	0x1
 635 0359 62       		.byte	0x62
 636 035a 00000000 		.4byte	.LFB145
 637 035e 58000000 		.4byte	.LFE145-.LFB145
 638 0362 01       		.uleb128 0x1
 639 0363 9C       		.byte	0x9c
 640 0364 92030000 		.4byte	0x392
 641 0368 14       		.uleb128 0x14
 642 0369 1D040000 		.4byte	.LASF54
 643 036d 01       		.byte	0x1
 644 036e 62       		.byte	0x62
 645 036f 42030000 		.4byte	0x342
 646 0373 B8000000 		.4byte	.LLST2
 647 0377 15       		.uleb128 0x15
 648 0378 49020000 		.4byte	.LASF55
 649 037c 01       		.byte	0x1
 650 037d 62       		.byte	0x62
 651 037e 8C000000 		.4byte	0x8c
 652 0382 01       		.uleb128 0x1
 653 0383 51       		.byte	0x51
 654 0384 15       		.uleb128 0x15
 655 0385 ED010000 		.4byte	.LASF56
 656 0389 01       		.byte	0x1
 657 038a 62       		.byte	0x62
 658 038b 48030000 		.4byte	0x348
 659 038f 01       		.uleb128 0x1
 660 0390 52       		.byte	0x52
 661 0391 00       		.byte	0
 662 0392 19       		.uleb128 0x19
 663 0393 05040000 		.4byte	.LASF64
 664 0397 07       		.byte	0x7
 665 0398 EA07     		.2byte	0x7ea
 666 039a 9E030000 		.4byte	0x39e
 667 039e 05       		.uleb128 0x5
 668 039f 81000000 		.4byte	0x81
 669 03a3 00       		.byte	0
 670              		.section	.debug_abbrev,"",%progbits
 671              	.Ldebug_abbrev0:
 672 0000 01       		.uleb128 0x1
 673 0001 11       		.uleb128 0x11
ARM GAS  C:\Users\gjl\AppData\Local\Temp\ccHiXwmc.s 			page 15


 674 0002 01       		.byte	0x1
 675 0003 25       		.uleb128 0x25
 676 0004 0E       		.uleb128 0xe
 677 0005 13       		.uleb128 0x13
 678 0006 0B       		.uleb128 0xb
 679 0007 03       		.uleb128 0x3
 680 0008 0E       		.uleb128 0xe
 681 0009 1B       		.uleb128 0x1b
 682 000a 0E       		.uleb128 0xe
 683 000b 55       		.uleb128 0x55
 684 000c 17       		.uleb128 0x17
 685 000d 11       		.uleb128 0x11
 686 000e 01       		.uleb128 0x1
 687 000f 10       		.uleb128 0x10
 688 0010 17       		.uleb128 0x17
 689 0011 00       		.byte	0
 690 0012 00       		.byte	0
 691 0013 02       		.uleb128 0x2
 692 0014 24       		.uleb128 0x24
 693 0015 00       		.byte	0
 694 0016 0B       		.uleb128 0xb
 695 0017 0B       		.uleb128 0xb
 696 0018 3E       		.uleb128 0x3e
 697 0019 0B       		.uleb128 0xb
 698 001a 03       		.uleb128 0x3
 699 001b 0E       		.uleb128 0xe
 700 001c 00       		.byte	0
 701 001d 00       		.byte	0
 702 001e 03       		.uleb128 0x3
 703 001f 16       		.uleb128 0x16
 704 0020 00       		.byte	0
 705 0021 03       		.uleb128 0x3
 706 0022 0E       		.uleb128 0xe
 707 0023 3A       		.uleb128 0x3a
 708 0024 0B       		.uleb128 0xb
 709 0025 3B       		.uleb128 0x3b
 710 0026 0B       		.uleb128 0xb
 711 0027 49       		.uleb128 0x49
 712 0028 13       		.uleb128 0x13
 713 0029 00       		.byte	0
 714 002a 00       		.byte	0
 715 002b 04       		.uleb128 0x4
 716 002c 24       		.uleb128 0x24
 717 002d 00       		.byte	0
 718 002e 0B       		.uleb128 0xb
 719 002f 0B       		.uleb128 0xb
 720 0030 3E       		.uleb128 0x3e
 721 0031 0B       		.uleb128 0xb
 722 0032 03       		.uleb128 0x3
 723 0033 08       		.uleb128 0x8
 724 0034 00       		.byte	0
 725 0035 00       		.byte	0
 726 0036 05       		.uleb128 0x5
 727 0037 35       		.uleb128 0x35
 728 0038 00       		.byte	0
 729 0039 49       		.uleb128 0x49
 730 003a 13       		.uleb128 0x13
ARM GAS  C:\Users\gjl\AppData\Local\Temp\ccHiXwmc.s 			page 16


 731 003b 00       		.byte	0
 732 003c 00       		.byte	0
 733 003d 06       		.uleb128 0x6
 734 003e 26       		.uleb128 0x26
 735 003f 00       		.byte	0
 736 0040 49       		.uleb128 0x49
 737 0041 13       		.uleb128 0x13
 738 0042 00       		.byte	0
 739 0043 00       		.byte	0
 740 0044 07       		.uleb128 0x7
 741 0045 13       		.uleb128 0x13
 742 0046 01       		.byte	0x1
 743 0047 0B       		.uleb128 0xb
 744 0048 0B       		.uleb128 0xb
 745 0049 3A       		.uleb128 0x3a
 746 004a 0B       		.uleb128 0xb
 747 004b 3B       		.uleb128 0x3b
 748 004c 0B       		.uleb128 0xb
 749 004d 01       		.uleb128 0x1
 750 004e 13       		.uleb128 0x13
 751 004f 00       		.byte	0
 752 0050 00       		.byte	0
 753 0051 08       		.uleb128 0x8
 754 0052 0D       		.uleb128 0xd
 755 0053 00       		.byte	0
 756 0054 03       		.uleb128 0x3
 757 0055 0E       		.uleb128 0xe
 758 0056 3A       		.uleb128 0x3a
 759 0057 0B       		.uleb128 0xb
 760 0058 3B       		.uleb128 0x3b
 761 0059 0B       		.uleb128 0xb
 762 005a 49       		.uleb128 0x49
 763 005b 13       		.uleb128 0x13
 764 005c 38       		.uleb128 0x38
 765 005d 0B       		.uleb128 0xb
 766 005e 00       		.byte	0
 767 005f 00       		.byte	0
 768 0060 09       		.uleb128 0x9
 769 0061 0D       		.uleb128 0xd
 770 0062 00       		.byte	0
 771 0063 03       		.uleb128 0x3
 772 0064 08       		.uleb128 0x8
 773 0065 3A       		.uleb128 0x3a
 774 0066 0B       		.uleb128 0xb
 775 0067 3B       		.uleb128 0x3b
 776 0068 0B       		.uleb128 0xb
 777 0069 49       		.uleb128 0x49
 778 006a 13       		.uleb128 0x13
 779 006b 38       		.uleb128 0x38
 780 006c 0B       		.uleb128 0xb
 781 006d 00       		.byte	0
 782 006e 00       		.byte	0
 783 006f 0A       		.uleb128 0xa
 784 0070 13       		.uleb128 0x13
 785 0071 01       		.byte	0x1
 786 0072 0B       		.uleb128 0xb
 787 0073 05       		.uleb128 0x5
ARM GAS  C:\Users\gjl\AppData\Local\Temp\ccHiXwmc.s 			page 17


 788 0074 3A       		.uleb128 0x3a
 789 0075 0B       		.uleb128 0xb
 790 0076 3B       		.uleb128 0x3b
 791 0077 0B       		.uleb128 0xb
 792 0078 01       		.uleb128 0x1
 793 0079 13       		.uleb128 0x13
 794 007a 00       		.byte	0
 795 007b 00       		.byte	0
 796 007c 0B       		.uleb128 0xb
 797 007d 0D       		.uleb128 0xd
 798 007e 00       		.byte	0
 799 007f 03       		.uleb128 0x3
 800 0080 08       		.uleb128 0x8
 801 0081 3A       		.uleb128 0x3a
 802 0082 0B       		.uleb128 0xb
 803 0083 3B       		.uleb128 0x3b
 804 0084 0B       		.uleb128 0xb
 805 0085 49       		.uleb128 0x49
 806 0086 13       		.uleb128 0x13
 807 0087 38       		.uleb128 0x38
 808 0088 05       		.uleb128 0x5
 809 0089 00       		.byte	0
 810 008a 00       		.byte	0
 811 008b 0C       		.uleb128 0xc
 812 008c 01       		.uleb128 0x1
 813 008d 01       		.byte	0x1
 814 008e 49       		.uleb128 0x49
 815 008f 13       		.uleb128 0x13
 816 0090 01       		.uleb128 0x1
 817 0091 13       		.uleb128 0x13
 818 0092 00       		.byte	0
 819 0093 00       		.byte	0
 820 0094 0D       		.uleb128 0xd
 821 0095 21       		.uleb128 0x21
 822 0096 00       		.byte	0
 823 0097 49       		.uleb128 0x49
 824 0098 13       		.uleb128 0x13
 825 0099 2F       		.uleb128 0x2f
 826 009a 0B       		.uleb128 0xb
 827 009b 00       		.byte	0
 828 009c 00       		.byte	0
 829 009d 0E       		.uleb128 0xe
 830 009e 04       		.uleb128 0x4
 831 009f 01       		.byte	0x1
 832 00a0 0B       		.uleb128 0xb
 833 00a1 0B       		.uleb128 0xb
 834 00a2 49       		.uleb128 0x49
 835 00a3 13       		.uleb128 0x13
 836 00a4 3A       		.uleb128 0x3a
 837 00a5 0B       		.uleb128 0xb
 838 00a6 3B       		.uleb128 0x3b
 839 00a7 05       		.uleb128 0x5
 840 00a8 01       		.uleb128 0x1
 841 00a9 13       		.uleb128 0x13
 842 00aa 00       		.byte	0
 843 00ab 00       		.byte	0
 844 00ac 0F       		.uleb128 0xf
ARM GAS  C:\Users\gjl\AppData\Local\Temp\ccHiXwmc.s 			page 18


 845 00ad 28       		.uleb128 0x28
 846 00ae 00       		.byte	0
 847 00af 03       		.uleb128 0x3
 848 00b0 0E       		.uleb128 0xe
 849 00b1 1C       		.uleb128 0x1c
 850 00b2 0B       		.uleb128 0xb
 851 00b3 00       		.byte	0
 852 00b4 00       		.byte	0
 853 00b5 10       		.uleb128 0x10
 854 00b6 28       		.uleb128 0x28
 855 00b7 00       		.byte	0
 856 00b8 03       		.uleb128 0x3
 857 00b9 0E       		.uleb128 0xe
 858 00ba 1C       		.uleb128 0x1c
 859 00bb 06       		.uleb128 0x6
 860 00bc 00       		.byte	0
 861 00bd 00       		.byte	0
 862 00be 11       		.uleb128 0x11
 863 00bf 16       		.uleb128 0x16
 864 00c0 00       		.byte	0
 865 00c1 03       		.uleb128 0x3
 866 00c2 0E       		.uleb128 0xe
 867 00c3 3A       		.uleb128 0x3a
 868 00c4 0B       		.uleb128 0xb
 869 00c5 3B       		.uleb128 0x3b
 870 00c6 05       		.uleb128 0x5
 871 00c7 49       		.uleb128 0x49
 872 00c8 13       		.uleb128 0x13
 873 00c9 00       		.byte	0
 874 00ca 00       		.byte	0
 875 00cb 12       		.uleb128 0x12
 876 00cc 13       		.uleb128 0x13
 877 00cd 01       		.byte	0x1
 878 00ce 03       		.uleb128 0x3
 879 00cf 0E       		.uleb128 0xe
 880 00d0 0B       		.uleb128 0xb
 881 00d1 0B       		.uleb128 0xb
 882 00d2 3A       		.uleb128 0x3a
 883 00d3 0B       		.uleb128 0xb
 884 00d4 3B       		.uleb128 0x3b
 885 00d5 0B       		.uleb128 0xb
 886 00d6 01       		.uleb128 0x1
 887 00d7 13       		.uleb128 0x13
 888 00d8 00       		.byte	0
 889 00d9 00       		.byte	0
 890 00da 13       		.uleb128 0x13
 891 00db 2E       		.uleb128 0x2e
 892 00dc 01       		.byte	0x1
 893 00dd 3F       		.uleb128 0x3f
 894 00de 19       		.uleb128 0x19
 895 00df 03       		.uleb128 0x3
 896 00e0 0E       		.uleb128 0xe
 897 00e1 3A       		.uleb128 0x3a
 898 00e2 0B       		.uleb128 0xb
 899 00e3 3B       		.uleb128 0x3b
 900 00e4 0B       		.uleb128 0xb
 901 00e5 27       		.uleb128 0x27
ARM GAS  C:\Users\gjl\AppData\Local\Temp\ccHiXwmc.s 			page 19


 902 00e6 19       		.uleb128 0x19
 903 00e7 49       		.uleb128 0x49
 904 00e8 13       		.uleb128 0x13
 905 00e9 11       		.uleb128 0x11
 906 00ea 01       		.uleb128 0x1
 907 00eb 12       		.uleb128 0x12
 908 00ec 06       		.uleb128 0x6
 909 00ed 40       		.uleb128 0x40
 910 00ee 18       		.uleb128 0x18
 911 00ef 9742     		.uleb128 0x2117
 912 00f1 19       		.uleb128 0x19
 913 00f2 01       		.uleb128 0x1
 914 00f3 13       		.uleb128 0x13
 915 00f4 00       		.byte	0
 916 00f5 00       		.byte	0
 917 00f6 14       		.uleb128 0x14
 918 00f7 05       		.uleb128 0x5
 919 00f8 00       		.byte	0
 920 00f9 03       		.uleb128 0x3
 921 00fa 0E       		.uleb128 0xe
 922 00fb 3A       		.uleb128 0x3a
 923 00fc 0B       		.uleb128 0xb
 924 00fd 3B       		.uleb128 0x3b
 925 00fe 0B       		.uleb128 0xb
 926 00ff 49       		.uleb128 0x49
 927 0100 13       		.uleb128 0x13
 928 0101 02       		.uleb128 0x2
 929 0102 17       		.uleb128 0x17
 930 0103 00       		.byte	0
 931 0104 00       		.byte	0
 932 0105 15       		.uleb128 0x15
 933 0106 05       		.uleb128 0x5
 934 0107 00       		.byte	0
 935 0108 03       		.uleb128 0x3
 936 0109 0E       		.uleb128 0xe
 937 010a 3A       		.uleb128 0x3a
 938 010b 0B       		.uleb128 0xb
 939 010c 3B       		.uleb128 0x3b
 940 010d 0B       		.uleb128 0xb
 941 010e 49       		.uleb128 0x49
 942 010f 13       		.uleb128 0x13
 943 0110 02       		.uleb128 0x2
 944 0111 18       		.uleb128 0x18
 945 0112 00       		.byte	0
 946 0113 00       		.byte	0
 947 0114 16       		.uleb128 0x16
 948 0115 34       		.uleb128 0x34
 949 0116 00       		.byte	0
 950 0117 03       		.uleb128 0x3
 951 0118 0E       		.uleb128 0xe
 952 0119 3A       		.uleb128 0x3a
 953 011a 0B       		.uleb128 0xb
 954 011b 3B       		.uleb128 0x3b
 955 011c 0B       		.uleb128 0xb
 956 011d 49       		.uleb128 0x49
 957 011e 13       		.uleb128 0x13
 958 011f 02       		.uleb128 0x2
ARM GAS  C:\Users\gjl\AppData\Local\Temp\ccHiXwmc.s 			page 20


 959 0120 17       		.uleb128 0x17
 960 0121 00       		.byte	0
 961 0122 00       		.byte	0
 962 0123 17       		.uleb128 0x17
 963 0124 0F       		.uleb128 0xf
 964 0125 00       		.byte	0
 965 0126 0B       		.uleb128 0xb
 966 0127 0B       		.uleb128 0xb
 967 0128 49       		.uleb128 0x49
 968 0129 13       		.uleb128 0x13
 969 012a 00       		.byte	0
 970 012b 00       		.byte	0
 971 012c 18       		.uleb128 0x18
 972 012d 2E       		.uleb128 0x2e
 973 012e 01       		.byte	0x1
 974 012f 3F       		.uleb128 0x3f
 975 0130 19       		.uleb128 0x19
 976 0131 03       		.uleb128 0x3
 977 0132 0E       		.uleb128 0xe
 978 0133 3A       		.uleb128 0x3a
 979 0134 0B       		.uleb128 0xb
 980 0135 3B       		.uleb128 0x3b
 981 0136 0B       		.uleb128 0xb
 982 0137 27       		.uleb128 0x27
 983 0138 19       		.uleb128 0x19
 984 0139 11       		.uleb128 0x11
 985 013a 01       		.uleb128 0x1
 986 013b 12       		.uleb128 0x12
 987 013c 06       		.uleb128 0x6
 988 013d 40       		.uleb128 0x40
 989 013e 18       		.uleb128 0x18
 990 013f 9742     		.uleb128 0x2117
 991 0141 19       		.uleb128 0x19
 992 0142 01       		.uleb128 0x1
 993 0143 13       		.uleb128 0x13
 994 0144 00       		.byte	0
 995 0145 00       		.byte	0
 996 0146 19       		.uleb128 0x19
 997 0147 34       		.uleb128 0x34
 998 0148 00       		.byte	0
 999 0149 03       		.uleb128 0x3
 1000 014a 0E       		.uleb128 0xe
 1001 014b 3A       		.uleb128 0x3a
 1002 014c 0B       		.uleb128 0xb
 1003 014d 3B       		.uleb128 0x3b
 1004 014e 05       		.uleb128 0x5
 1005 014f 49       		.uleb128 0x49
 1006 0150 13       		.uleb128 0x13
 1007 0151 3F       		.uleb128 0x3f
 1008 0152 19       		.uleb128 0x19
 1009 0153 3C       		.uleb128 0x3c
 1010 0154 19       		.uleb128 0x19
 1011 0155 00       		.byte	0
 1012 0156 00       		.byte	0
 1013 0157 00       		.byte	0
 1014              		.section	.debug_loc,"",%progbits
 1015              	.Ldebug_loc0:
ARM GAS  C:\Users\gjl\AppData\Local\Temp\ccHiXwmc.s 			page 21


 1016              	.LLST0:
 1017 0000 00000000 		.4byte	.LVL0
 1018 0004 1A000000 		.4byte	.LVL1
 1019 0008 0100     		.2byte	0x1
 1020 000a 50       		.byte	0x50
 1021 000b 1A000000 		.4byte	.LVL1
 1022 000f 6A000000 		.4byte	.LVL2
 1023 0013 0100     		.2byte	0x1
 1024 0015 54       		.byte	0x54
 1025 0016 6A000000 		.4byte	.LVL2
 1026 001a 78000000 		.4byte	.LVL4
 1027 001e 0400     		.2byte	0x4
 1028 0020 F3       		.byte	0xf3
 1029 0021 01       		.uleb128 0x1
 1030 0022 50       		.byte	0x50
 1031 0023 9F       		.byte	0x9f
 1032 0024 78000000 		.4byte	.LVL4
 1033 0028 7A000000 		.4byte	.LVL5
 1034 002c 0100     		.2byte	0x1
 1035 002e 50       		.byte	0x50
 1036 002f 7A000000 		.4byte	.LVL5
 1037 0033 7C000000 		.4byte	.LVL6
 1038 0037 0400     		.2byte	0x4
 1039 0039 F3       		.byte	0xf3
 1040 003a 01       		.uleb128 0x1
 1041 003b 50       		.byte	0x50
 1042 003c 9F       		.byte	0x9f
 1043 003d 7C000000 		.4byte	.LVL6
 1044 0041 7E000000 		.4byte	.LVL7
 1045 0045 0100     		.2byte	0x1
 1046 0047 50       		.byte	0x50
 1047 0048 7E000000 		.4byte	.LVL7
 1048 004c 88000000 		.4byte	.LFE144
 1049 0050 0400     		.2byte	0x4
 1050 0052 F3       		.byte	0xf3
 1051 0053 01       		.uleb128 0x1
 1052 0054 50       		.byte	0x50
 1053 0055 9F       		.byte	0x9f
 1054 0056 00000000 		.4byte	0
 1055 005a 00000000 		.4byte	0
 1056              	.LLST1:
 1057 005e 00000000 		.4byte	.LVL0
 1058 0062 74000000 		.4byte	.LVL3
 1059 0066 0600     		.2byte	0x6
 1060 0068 0C       		.byte	0xc
 1061 0069 0100B600 		.4byte	0xb60001
 1062 006d 9F       		.byte	0x9f
 1063 006e 74000000 		.4byte	.LVL3
 1064 0072 78000000 		.4byte	.LVL4
 1065 0076 0200     		.2byte	0x2
 1066 0078 30       		.byte	0x30
 1067 0079 9F       		.byte	0x9f
 1068 007a 78000000 		.4byte	.LVL4
 1069 007e 7A000000 		.4byte	.LVL5
 1070 0082 0600     		.2byte	0x6
 1071 0084 0C       		.byte	0xc
 1072 0085 0100B600 		.4byte	0xb60001
ARM GAS  C:\Users\gjl\AppData\Local\Temp\ccHiXwmc.s 			page 22


 1073 0089 9F       		.byte	0x9f
 1074 008a 7A000000 		.4byte	.LVL5
 1075 008e 7C000000 		.4byte	.LVL6
 1076 0092 0100     		.2byte	0x1
 1077 0094 50       		.byte	0x50
 1078 0095 7C000000 		.4byte	.LVL6
 1079 0099 7E000000 		.4byte	.LVL7
 1080 009d 0600     		.2byte	0x6
 1081 009f 0C       		.byte	0xc
 1082 00a0 0100B600 		.4byte	0xb60001
 1083 00a4 9F       		.byte	0x9f
 1084 00a5 7E000000 		.4byte	.LVL7
 1085 00a9 88000000 		.4byte	.LFE144
 1086 00ad 0100     		.2byte	0x1
 1087 00af 50       		.byte	0x50
 1088 00b0 00000000 		.4byte	0
 1089 00b4 00000000 		.4byte	0
 1090              	.LLST2:
 1091 00b8 00000000 		.4byte	.LVL8
 1092 00bc 4E000000 		.4byte	.LVL9
 1093 00c0 0100     		.2byte	0x1
 1094 00c2 50       		.byte	0x50
 1095 00c3 4E000000 		.4byte	.LVL9
 1096 00c7 58000000 		.4byte	.LFE145
 1097 00cb 0400     		.2byte	0x4
 1098 00cd F3       		.byte	0xf3
 1099 00ce 01       		.uleb128 0x1
 1100 00cf 50       		.byte	0x50
 1101 00d0 9F       		.byte	0x9f
 1102 00d1 00000000 		.4byte	0
 1103 00d5 00000000 		.4byte	0
 1104              		.section	.debug_aranges,"",%progbits
 1105 0000 24000000 		.4byte	0x24
 1106 0004 0200     		.2byte	0x2
 1107 0006 00000000 		.4byte	.Ldebug_info0
 1108 000a 04       		.byte	0x4
 1109 000b 00       		.byte	0
 1110 000c 0000     		.2byte	0
 1111 000e 0000     		.2byte	0
 1112 0010 00000000 		.4byte	.LFB144
 1113 0014 88000000 		.4byte	.LFE144-.LFB144
 1114 0018 00000000 		.4byte	.LFB145
 1115 001c 58000000 		.4byte	.LFE145-.LFB145
 1116 0020 00000000 		.4byte	0
 1117 0024 00000000 		.4byte	0
 1118              		.section	.debug_ranges,"",%progbits
 1119              	.Ldebug_ranges0:
 1120 0000 00000000 		.4byte	.LFB144
 1121 0004 88000000 		.4byte	.LFE144
 1122 0008 00000000 		.4byte	.LFB145
 1123 000c 58000000 		.4byte	.LFE145
 1124 0010 00000000 		.4byte	0
 1125 0014 00000000 		.4byte	0
 1126              		.section	.debug_line,"",%progbits
 1127              	.Ldebug_line0:
 1128 0000 4D020000 		.section	.debug_str,"MS",%progbits,1
 1128      0200F101 
ARM GAS  C:\Users\gjl\AppData\Local\Temp\ccHiXwmc.s 			page 23


 1128      00000201 
 1128      FB0E0D00 
 1128      01010101 
 1129              	.LASF53:
 1130 0000 63795F73 		.ascii	"cy_stc_tcpwm_quaddec_config_t\000"
 1130      74635F74 
 1130      6370776D 
 1130      5F717561 
 1130      64646563 
 1131              	.LASF58:
 1132 001e 47656E65 		.ascii	"Generated_Source\\PSoC6\\pdl\\drivers\\peripheral\\"
 1132      72617465 
 1132      645F536F 
 1132      75726365 
 1132      5C50536F 
 1133 004c 74637077 		.ascii	"tcpwm\\cy_tcpwm_quaddec.c\000"
 1133      6D5C6379 
 1133      5F746370 
 1133      776D5F71 
 1133      75616464 
 1134              	.LASF59:
 1135 0065 433A5C47 		.ascii	"C:\\Git\\PSoC6-101-Videos\\Projects_ScreenCapture\\"
 1135      69745C50 
 1135      536F4336 
 1135      2D313031 
 1135      2D566964 
 1136 0094 50536F43 		.ascii	"PSoC 6_101\\MC-2-2-PWM.cydsn\000"
 1136      20365F31 
 1136      30315C4D 
 1136      432D322D 
 1136      322D5057 
 1137              	.LASF30:
 1138 00b0 54435057 		.ascii	"TCPWM_CNT_Type\000"
 1138      4D5F434E 
 1138      545F5479 
 1138      706500
 1139              	.LASF2:
 1140 00bf 73686F72 		.ascii	"short int\000"
 1140      7420696E 
 1140      7400
 1141              	.LASF14:
 1142 00c9 73697A65 		.ascii	"sizetype\000"
 1142      74797065 
 1142      00
 1143              	.LASF20:
 1144 00d2 50455249 		.ascii	"PERIOD_BUFF\000"
 1144      4F445F42 
 1144      55464600 
 1145              	.LASF32:
 1146 00de 4354524C 		.ascii	"CTRL_SET\000"
 1146      5F534554 
 1146      00
 1147              	.LASF19:
 1148 00e7 50455249 		.ascii	"PERIOD\000"
 1148      4F4400
 1149              	.LASF34:
 1150 00ee 434D445F 		.ascii	"CMD_RELOAD\000"
ARM GAS  C:\Users\gjl\AppData\Local\Temp\ccHiXwmc.s 			page 24


 1150      52454C4F 
 1150      414400
 1151              	.LASF23:
 1152 00f9 54525F43 		.ascii	"TR_CTRL1\000"
 1152      54524C31 
 1152      00
 1153              	.LASF24:
 1154 0102 54525F43 		.ascii	"TR_CTRL2\000"
 1154      54524C32 
 1154      00
 1155              	.LASF57:
 1156 010b 474E5520 		.ascii	"GNU C11 5.4.1 20160609 (release) [ARM/embedded-5-br"
 1156      43313120 
 1156      352E342E 
 1156      31203230 
 1156      31363036 
 1157 013e 616E6368 		.ascii	"anch revision 237715] -mcpu=cortex-m4 -mfloat-abi=s"
 1157      20726576 
 1157      6973696F 
 1157      6E203233 
 1157      37373135 
 1158 0171 6F667466 		.ascii	"oftfp -mfpu=fpv4-sp-d16 -mthumb -g -Og -ffunction-s"
 1158      70202D6D 
 1158      6670753D 
 1158      66707634 
 1158      2D73702D 
 1159 01a4 65637469 		.ascii	"ections -ffat-lto-objects\000"
 1159      6F6E7320 
 1159      2D666661 
 1159      742D6C74 
 1159      6F2D6F62 
 1160              	.LASF42:
 1161 01be 43595F54 		.ascii	"CY_TCPWM_SUCCESS\000"
 1161      4350574D 
 1161      5F535543 
 1161      43455353 
 1161      00
 1162              	.LASF6:
 1163 01cf 5F5F7569 		.ascii	"__uint32_t\000"
 1163      6E743332 
 1163      5F7400
 1164              	.LASF50:
 1165 01da 73746F70 		.ascii	"stopInput\000"
 1165      496E7075 
 1165      7400
 1166              	.LASF22:
 1167 01e4 54525F43 		.ascii	"TR_CTRL0\000"
 1167      54524C30 
 1167      00
 1168              	.LASF56:
 1169 01ed 636F6E66 		.ascii	"config\000"
 1169      696700
 1170              	.LASF52:
 1171 01f4 70686942 		.ascii	"phiBInput\000"
 1171      496E7075 
 1171      7400
 1172              	.LASF33:
ARM GAS  C:\Users\gjl\AppData\Local\Temp\ccHiXwmc.s 			page 25


 1173 01fe 434D445F 		.ascii	"CMD_CAPTURE\000"
 1173      43415054 
 1173      55524500 
 1174              	.LASF46:
 1175 020a 696E7465 		.ascii	"interruptSources\000"
 1175      72727570 
 1175      74536F75 
 1175      72636573 
 1175      00
 1176              	.LASF36:
 1177 021b 434D445F 		.ascii	"CMD_START\000"
 1177      53544152 
 1177      5400
 1178              	.LASF40:
 1179 0225 666C6F61 		.ascii	"float\000"
 1179      7400
 1180              	.LASF8:
 1181 022b 6C6F6E67 		.ascii	"long long int\000"
 1181      206C6F6E 
 1181      6720696E 
 1181      7400
 1182              	.LASF16:
 1183 0239 53544154 		.ascii	"STATUS\000"
 1183      555300
 1184              	.LASF4:
 1185 0240 6C6F6E67 		.ascii	"long int\000"
 1185      20696E74 
 1185      00
 1186              	.LASF55:
 1187 0249 636E744E 		.ascii	"cntNum\000"
 1187      756D00
 1188              	.LASF29:
 1189 0250 494E5452 		.ascii	"INTR_MASKED\000"
 1189      5F4D4153 
 1189      4B454400 
 1190              	.LASF18:
 1191 025c 43435F42 		.ascii	"CC_BUFF\000"
 1191      55464600 
 1192              	.LASF13:
 1193 0264 6C6F6E67 		.ascii	"long double\000"
 1193      20646F75 
 1193      626C6500 
 1194              	.LASF61:
 1195 0270 43795F54 		.ascii	"Cy_TCPWM_QuadDec_Init\000"
 1195      4350574D 
 1195      5F517561 
 1195      64446563 
 1195      5F496E69 
 1196              	.LASF1:
 1197 0286 756E7369 		.ascii	"unsigned char\000"
 1197      676E6564 
 1197      20636861 
 1197      7200
 1198              	.LASF15:
 1199 0294 4354524C 		.ascii	"CTRL\000"
 1199      00
 1200              	.LASF37:
ARM GAS  C:\Users\gjl\AppData\Local\Temp\ccHiXwmc.s 			page 26


 1201 0299 494E5452 		.ascii	"INTR_CAUSE\000"
 1201      5F434155 
 1201      534500
 1202              	.LASF0:
 1203 02a4 7369676E 		.ascii	"signed char\000"
 1203      65642063 
 1203      68617200 
 1204              	.LASF27:
 1205 02b0 494E5452 		.ascii	"INTR_SET\000"
 1205      5F534554 
 1205      00
 1206              	.LASF9:
 1207 02b9 6C6F6E67 		.ascii	"long long unsigned int\000"
 1207      206C6F6E 
 1207      6720756E 
 1207      7369676E 
 1207      65642069 
 1208              	.LASF12:
 1209 02d0 75696E74 		.ascii	"uint32_t\000"
 1209      33325F74 
 1209      00
 1210              	.LASF48:
 1211 02d9 696E6465 		.ascii	"indexInput\000"
 1211      78496E70 
 1211      757400
 1212              	.LASF10:
 1213 02e4 756E7369 		.ascii	"unsigned int\000"
 1213      676E6564 
 1213      20696E74 
 1213      00
 1214              	.LASF45:
 1215 02f1 7265736F 		.ascii	"resolution\000"
 1215      6C757469 
 1215      6F6E00
 1216              	.LASF35:
 1217 02fc 434D445F 		.ascii	"CMD_STOP\000"
 1217      53544F50 
 1217      00
 1218              	.LASF28:
 1219 0305 494E5452 		.ascii	"INTR_MASK\000"
 1219      5F4D4153 
 1219      4B00
 1220              	.LASF3:
 1221 030f 73686F72 		.ascii	"short unsigned int\000"
 1221      7420756E 
 1221      7369676E 
 1221      65642069 
 1221      6E7400
 1222              	.LASF62:
 1223 0322 73746174 		.ascii	"status\000"
 1223      757300
 1224              	.LASF39:
 1225 0329 63686172 		.ascii	"char\000"
 1225      00
 1226              	.LASF11:
 1227 032e 696E7433 		.ascii	"int32_t\000"
 1227      325F7400 
ARM GAS  C:\Users\gjl\AppData\Local\Temp\ccHiXwmc.s 			page 27


 1228              	.LASF43:
 1229 0336 43595F54 		.ascii	"CY_TCPWM_BAD_PARAM\000"
 1229      4350574D 
 1229      5F424144 
 1229      5F504152 
 1229      414D00
 1230              	.LASF60:
 1231 0349 63795F73 		.ascii	"cy_stc_tcpwm_quaddec_config\000"
 1231      74635F74 
 1231      6370776D 
 1231      5F717561 
 1231      64646563 
 1232              	.LASF26:
 1233 0365 494E5452 		.ascii	"INTR\000"
 1233      00
 1234              	.LASF25:
 1235 036a 52455345 		.ascii	"RESERVED1\000"
 1235      52564544 
 1235      3100
 1236              	.LASF51:
 1237 0374 70686941 		.ascii	"phiAInput\000"
 1237      496E7075 
 1237      7400
 1238              	.LASF7:
 1239 037e 6C6F6E67 		.ascii	"long unsigned int\000"
 1239      20756E73 
 1239      69676E65 
 1239      6420696E 
 1239      7400
 1240              	.LASF41:
 1241 0390 646F7562 		.ascii	"double\000"
 1241      6C6500
 1242              	.LASF63:
 1243 0397 43795F54 		.ascii	"Cy_TCPWM_QuadDec_DeInit\000"
 1243      4350574D 
 1243      5F517561 
 1243      64446563 
 1243      5F446549 
 1244              	.LASF47:
 1245 03af 696E6465 		.ascii	"indexInputMode\000"
 1245      78496E70 
 1245      75744D6F 
 1245      646500
 1246              	.LASF5:
 1247 03be 5F5F696E 		.ascii	"__int32_t\000"
 1247      7433325F 
 1247      7400
 1248              	.LASF49:
 1249 03c8 73746F70 		.ascii	"stopInputMode\000"
 1249      496E7075 
 1249      744D6F64 
 1249      6500
 1250              	.LASF31:
 1251 03d6 4354524C 		.ascii	"CTRL_CLR\000"
 1251      5F434C52 
 1251      00
 1252              	.LASF17:
ARM GAS  C:\Users\gjl\AppData\Local\Temp\ccHiXwmc.s 			page 28


 1253 03df 434F554E 		.ascii	"COUNTER\000"
 1253      54455200 
 1254              	.LASF21:
 1255 03e7 52455345 		.ascii	"RESERVED\000"
 1255      52564544 
 1255      00
 1256              	.LASF44:
 1257 03f0 63795F65 		.ascii	"cy_en_tcpwm_status_t\000"
 1257      6E5F7463 
 1257      70776D5F 
 1257      73746174 
 1257      75735F74 
 1258              	.LASF64:
 1259 0405 49544D5F 		.ascii	"ITM_RxBuffer\000"
 1259      52784275 
 1259      66666572 
 1259      00
 1260              	.LASF38:
 1261 0412 54435057 		.ascii	"TCPWM_Type\000"
 1261      4D5F5479 
 1261      706500
 1262              	.LASF54:
 1263 041d 62617365 		.ascii	"base\000"
 1263      00
 1264              		.ident	"GCC: (GNU Tools for ARM Embedded Processors) 5.4.1 20160609 (release) [ARM/embedded-5-bran
