ARM GAS  C:\Users\gjl\AppData\Local\Temp\ccU24zMg.s 			page 1


   1              		.syntax unified
   2              		.cpu cortex-m4
   3              		.eabi_attribute 27, 1
   4              		.fpu fpv4-sp-d16
   5              		.eabi_attribute 20, 1
   6              		.eabi_attribute 21, 1
   7              		.eabi_attribute 23, 3
   8              		.eabi_attribute 24, 1
   9              		.eabi_attribute 25, 1
  10              		.eabi_attribute 26, 1
  11              		.eabi_attribute 30, 1
  12              		.eabi_attribute 34, 1
  13              		.eabi_attribute 18, 4
  14              		.thumb
  15              		.syntax unified
  16              		.file	"cy_trigmux.c"
  17              		.text
  18              	.Ltext0:
  19              		.cfi_sections	.debug_frame
  20              		.section	.text.Cy_TrigMux_Connect,"ax",%progbits
  21              		.align	2
  22              		.global	Cy_TrigMux_Connect
  23              		.thumb
  24              		.thumb_func
  25              		.type	Cy_TrigMux_Connect, %function
  26              	Cy_TrigMux_Connect:
  27              	.LFB125:
  28              		.file 1 "Generated_Source\\PSoC6\\pdl\\drivers\\peripheral\\trigmux\\cy_trigmux.c"
   1:Generated_Source\PSoC6\pdl\drivers\peripheral\trigmux/cy_trigmux.c **** /***************************************************************************//**
   2:Generated_Source\PSoC6\pdl\drivers\peripheral\trigmux/cy_trigmux.c **** * \file cy_trigmux.c
   3:Generated_Source\PSoC6\pdl\drivers\peripheral\trigmux/cy_trigmux.c **** * \version 1.10
   4:Generated_Source\PSoC6\pdl\drivers\peripheral\trigmux/cy_trigmux.c **** *
   5:Generated_Source\PSoC6\pdl\drivers\peripheral\trigmux/cy_trigmux.c **** * \brief Trigger mux APIs.
   6:Generated_Source\PSoC6\pdl\drivers\peripheral\trigmux/cy_trigmux.c **** *
   7:Generated_Source\PSoC6\pdl\drivers\peripheral\trigmux/cy_trigmux.c **** ********************************************************************************
   8:Generated_Source\PSoC6\pdl\drivers\peripheral\trigmux/cy_trigmux.c **** * \copyright
   9:Generated_Source\PSoC6\pdl\drivers\peripheral\trigmux/cy_trigmux.c **** * Copyright 2016-2018, Cypress Semiconductor Corporation.  All rights reserved.
  10:Generated_Source\PSoC6\pdl\drivers\peripheral\trigmux/cy_trigmux.c **** * You may use this file only in accordance with the license, terms, conditions,
  11:Generated_Source\PSoC6\pdl\drivers\peripheral\trigmux/cy_trigmux.c **** * disclaimers, and limitations in the end user license agreement accompanying
  12:Generated_Source\PSoC6\pdl\drivers\peripheral\trigmux/cy_trigmux.c **** * the software package with which this file was provided.
  13:Generated_Source\PSoC6\pdl\drivers\peripheral\trigmux/cy_trigmux.c **** *******************************************************************************/
  14:Generated_Source\PSoC6\pdl\drivers\peripheral\trigmux/cy_trigmux.c **** #include "cy_trigmux.h"
  15:Generated_Source\PSoC6\pdl\drivers\peripheral\trigmux/cy_trigmux.c **** 
  16:Generated_Source\PSoC6\pdl\drivers\peripheral\trigmux/cy_trigmux.c **** 
  17:Generated_Source\PSoC6\pdl\drivers\peripheral\trigmux/cy_trigmux.c **** /*******************************************************************************
  18:Generated_Source\PSoC6\pdl\drivers\peripheral\trigmux/cy_trigmux.c **** * Function Name: Cy_TrigMux_Connect
  19:Generated_Source\PSoC6\pdl\drivers\peripheral\trigmux/cy_trigmux.c **** ****************************************************************************//**
  20:Generated_Source\PSoC6\pdl\drivers\peripheral\trigmux/cy_trigmux.c **** *
  21:Generated_Source\PSoC6\pdl\drivers\peripheral\trigmux/cy_trigmux.c **** * This function connects an input trigger source and output trigger.
  22:Generated_Source\PSoC6\pdl\drivers\peripheral\trigmux/cy_trigmux.c **** *
  23:Generated_Source\PSoC6\pdl\drivers\peripheral\trigmux/cy_trigmux.c **** * \param inTrig
  24:Generated_Source\PSoC6\pdl\drivers\peripheral\trigmux/cy_trigmux.c **** * An input selection for the trigger mux.
  25:Generated_Source\PSoC6\pdl\drivers\peripheral\trigmux/cy_trigmux.c **** * - Bits 11:8 represent the trigger group selection.
  26:Generated_Source\PSoC6\pdl\drivers\peripheral\trigmux/cy_trigmux.c **** * - Bits 6:0 select the input trigger number in the trigger group.
  27:Generated_Source\PSoC6\pdl\drivers\peripheral\trigmux/cy_trigmux.c **** *
  28:Generated_Source\PSoC6\pdl\drivers\peripheral\trigmux/cy_trigmux.c **** * \param outTrig
  29:Generated_Source\PSoC6\pdl\drivers\peripheral\trigmux/cy_trigmux.c **** * The output of the trigger mux. This refers to the consumer of the trigger mux. 
ARM GAS  C:\Users\gjl\AppData\Local\Temp\ccU24zMg.s 			page 2


  30:Generated_Source\PSoC6\pdl\drivers\peripheral\trigmux/cy_trigmux.c **** * - Bits 11:8 represent the trigger group selection.
  31:Generated_Source\PSoC6\pdl\drivers\peripheral\trigmux/cy_trigmux.c **** * - Bits 6:0 select the output trigger number in the trigger group.
  32:Generated_Source\PSoC6\pdl\drivers\peripheral\trigmux/cy_trigmux.c **** *
  33:Generated_Source\PSoC6\pdl\drivers\peripheral\trigmux/cy_trigmux.c **** * \param invert
  34:Generated_Source\PSoC6\pdl\drivers\peripheral\trigmux/cy_trigmux.c **** * - true: The output trigger is inverted.
  35:Generated_Source\PSoC6\pdl\drivers\peripheral\trigmux/cy_trigmux.c **** * - false: The output trigger is not inverted.
  36:Generated_Source\PSoC6\pdl\drivers\peripheral\trigmux/cy_trigmux.c **** *
  37:Generated_Source\PSoC6\pdl\drivers\peripheral\trigmux/cy_trigmux.c **** * \param trigType
  38:Generated_Source\PSoC6\pdl\drivers\peripheral\trigmux/cy_trigmux.c **** * - TRIGGER_TYPE_EDGE: The trigger is synchronized to the consumer blocks clock
  39:Generated_Source\PSoC6\pdl\drivers\peripheral\trigmux/cy_trigmux.c **** *   and a two-cycle pulse is generated on this clock.
  40:Generated_Source\PSoC6\pdl\drivers\peripheral\trigmux/cy_trigmux.c **** * - TRIGGER_TYPE_LEVEL: The trigger is a simple level output.
  41:Generated_Source\PSoC6\pdl\drivers\peripheral\trigmux/cy_trigmux.c **** *
  42:Generated_Source\PSoC6\pdl\drivers\peripheral\trigmux/cy_trigmux.c **** * \return
  43:Generated_Source\PSoC6\pdl\drivers\peripheral\trigmux/cy_trigmux.c **** * A status
  44:Generated_Source\PSoC6\pdl\drivers\peripheral\trigmux/cy_trigmux.c **** * - 0: Successful connection made.
  45:Generated_Source\PSoC6\pdl\drivers\peripheral\trigmux/cy_trigmux.c **** * - 1: An invalid input selection corresponding to the output. 
  46:Generated_Source\PSoC6\pdl\drivers\peripheral\trigmux/cy_trigmux.c **** *      Generally when the trigger groups do not match.
  47:Generated_Source\PSoC6\pdl\drivers\peripheral\trigmux/cy_trigmux.c **** *  
  48:Generated_Source\PSoC6\pdl\drivers\peripheral\trigmux/cy_trigmux.c **** *******************************************************************************/
  49:Generated_Source\PSoC6\pdl\drivers\peripheral\trigmux/cy_trigmux.c **** cy_en_trigmux_status_t Cy_TrigMux_Connect(uint32_t inTrig, uint32_t outTrig, bool invert, en_trig_t
  50:Generated_Source\PSoC6\pdl\drivers\peripheral\trigmux/cy_trigmux.c **** {
  29              		.loc 1 50 0
  30              		.cfi_startproc
  31              		@ args = 0, pretend = 0, frame = 0
  32              		@ frame_needed = 0, uses_anonymous_args = 0
  33              	.LVL0:
  34 0000 F8B5     		push	{r3, r4, r5, r6, r7, lr}
  35              		.cfi_def_cfa_offset 24
  36              		.cfi_offset 3, -24
  37              		.cfi_offset 4, -20
  38              		.cfi_offset 5, -16
  39              		.cfi_offset 6, -12
  40              		.cfi_offset 7, -8
  41              		.cfi_offset 14, -4
  42 0002 0646     		mov	r6, r0
  43 0004 0C46     		mov	r4, r1
  44 0006 1746     		mov	r7, r2
  45 0008 1D46     		mov	r5, r3
  46              	.LVL1:
  51:Generated_Source\PSoC6\pdl\drivers\peripheral\trigmux/cy_trigmux.c ****     volatile uint32_t* trOutCtlAddr;
  52:Generated_Source\PSoC6\pdl\drivers\peripheral\trigmux/cy_trigmux.c ****     cy_en_trigmux_status_t retVal = CY_TRIGMUX_BAD_PARAM;
  53:Generated_Source\PSoC6\pdl\drivers\peripheral\trigmux/cy_trigmux.c **** 
  54:Generated_Source\PSoC6\pdl\drivers\peripheral\trigmux/cy_trigmux.c ****     CY_ASSERT_L3(CY_LPCOMP_IS_TRIGTYPE_VALID(trigType));
  47              		.loc 1 54 0
  48 000a 012B     		cmp	r3, #1
  49 000c 03D9     		bls	.L2
  50              		.loc 1 54 0 is_stmt 0 discriminator 1
  51 000e 3621     		movs	r1, #54
  52              	.LVL2:
  53 0010 1048     		ldr	r0, .L7
  54              	.LVL3:
  55 0012 FFF7FEFF 		bl	Cy_SysLib_AssertFailed
  56              	.LVL4:
  57              	.L2:
  55:Generated_Source\PSoC6\pdl\drivers\peripheral\trigmux/cy_trigmux.c ****     
  56:Generated_Source\PSoC6\pdl\drivers\peripheral\trigmux/cy_trigmux.c ****     /* inTrig and outTrig should be in the same group */
  57:Generated_Source\PSoC6\pdl\drivers\peripheral\trigmux/cy_trigmux.c ****     if ((inTrig & CY_TR_GROUP_MASK) == (outTrig & CY_TR_GROUP_MASK))
ARM GAS  C:\Users\gjl\AppData\Local\Temp\ccU24zMg.s 			page 3


  58              		.loc 1 57 0 is_stmt 1
  59 0016 86EA0403 		eor	r3, r6, r4
  60 001a 13F47063 		ands	r3, r3, #3840
  61 001e 16D1     		bne	.L5
  58:Generated_Source\PSoC6\pdl\drivers\peripheral\trigmux/cy_trigmux.c ****     {
  59:Generated_Source\PSoC6\pdl\drivers\peripheral\trigmux/cy_trigmux.c ****         trOutCtlAddr = &(PERI->TR_GR[(outTrig & CY_TR_GROUP_MASK) >> CY_TR_GROUP_SHIFT].TR_OUT_CTL[
  62              		.loc 1 59 0
  63 0020 C4F30322 		ubfx	r2, r4, #8, #4
  64 0024 04F07F04 		and	r4, r4, #127
  65              	.LVL5:
  66 0028 04EBC214 		add	r4, r4, r2, lsl #7
  67 002c A400     		lsls	r4, r4, #2
  68 002e 04F18044 		add	r4, r4, #1073741824
  69 0032 04F59034 		add	r4, r4, #73728
  70              	.LVL6:
  60:Generated_Source\PSoC6\pdl\drivers\peripheral\trigmux/cy_trigmux.c **** 
  61:Generated_Source\PSoC6\pdl\drivers\peripheral\trigmux/cy_trigmux.c ****         *trOutCtlAddr = _VAL2FLD(PERI_TR_GR_TR_OUT_CTL_TR_SEL, inTrig) |
  71              		.loc 1 61 0
  72 0036 F6B2     		uxtb	r6, r6
  73              	.LVL7:
  62:Generated_Source\PSoC6\pdl\drivers\peripheral\trigmux/cy_trigmux.c ****         _BOOL2FLD(PERI_TR_GR_TR_OUT_CTL_TR_INV, invert) |
  74              		.loc 1 62 0
  75 0038 0FB1     		cbz	r7, .L4
  76 003a 4FF48073 		mov	r3, #256
  77              	.L4:
  61:Generated_Source\PSoC6\pdl\drivers\peripheral\trigmux/cy_trigmux.c ****         _BOOL2FLD(PERI_TR_GR_TR_OUT_CTL_TR_INV, invert) |
  78              		.loc 1 61 0
  79 003e 3343     		orrs	r3, r3, r6
  63:Generated_Source\PSoC6\pdl\drivers\peripheral\trigmux/cy_trigmux.c ****         _VAL2FLD(PERI_TR_GR_TR_OUT_CTL_TR_EDGE, trigType);
  80              		.loc 1 63 0
  81 0040 6D02     		lsls	r5, r5, #9
  82 0042 05F40075 		and	r5, r5, #512
  62:Generated_Source\PSoC6\pdl\drivers\peripheral\trigmux/cy_trigmux.c ****         _BOOL2FLD(PERI_TR_GR_TR_OUT_CTL_TR_INV, invert) |
  83              		.loc 1 62 0
  84 0046 2B43     		orrs	r3, r3, r5
  61:Generated_Source\PSoC6\pdl\drivers\peripheral\trigmux/cy_trigmux.c ****         _BOOL2FLD(PERI_TR_GR_TR_OUT_CTL_TR_INV, invert) |
  85              		.loc 1 61 0
  86 0048 2360     		str	r3, [r4]
  87              	.LVL8:
  64:Generated_Source\PSoC6\pdl\drivers\peripheral\trigmux/cy_trigmux.c ****         
  65:Generated_Source\PSoC6\pdl\drivers\peripheral\trigmux/cy_trigmux.c ****         retVal = CY_TRIGMUX_SUCCESS;
  88              		.loc 1 65 0
  89 004a 0020     		movs	r0, #0
  90 004c F8BD     		pop	{r3, r4, r5, r6, r7, pc}
  91              	.LVL9:
  92              	.L5:
  52:Generated_Source\PSoC6\pdl\drivers\peripheral\trigmux/cy_trigmux.c **** 
  93              		.loc 1 52 0
  94 004e 0248     		ldr	r0, .L7+4
  95              	.LVL10:
  66:Generated_Source\PSoC6\pdl\drivers\peripheral\trigmux/cy_trigmux.c ****     }
  67:Generated_Source\PSoC6\pdl\drivers\peripheral\trigmux/cy_trigmux.c **** 
  68:Generated_Source\PSoC6\pdl\drivers\peripheral\trigmux/cy_trigmux.c ****     return retVal;
  69:Generated_Source\PSoC6\pdl\drivers\peripheral\trigmux/cy_trigmux.c **** }
  96              		.loc 1 69 0
  97 0050 F8BD     		pop	{r3, r4, r5, r6, r7, pc}
  98              	.LVL11:
ARM GAS  C:\Users\gjl\AppData\Local\Temp\ccU24zMg.s 			page 4


  99              	.L8:
 100 0052 00BF     		.align	2
 101              	.L7:
 102 0054 00000000 		.word	.LC0
 103 0058 0100CE00 		.word	13500417
 104              		.cfi_endproc
 105              	.LFE125:
 106              		.size	Cy_TrigMux_Connect, .-Cy_TrigMux_Connect
 107              		.section	.text.Cy_TrigMux_SwTrigger,"ax",%progbits
 108              		.align	2
 109              		.global	Cy_TrigMux_SwTrigger
 110              		.thumb
 111              		.thumb_func
 112              		.type	Cy_TrigMux_SwTrigger, %function
 113              	Cy_TrigMux_SwTrigger:
 114              	.LFB126:
  70:Generated_Source\PSoC6\pdl\drivers\peripheral\trigmux/cy_trigmux.c **** 
  71:Generated_Source\PSoC6\pdl\drivers\peripheral\trigmux/cy_trigmux.c **** 
  72:Generated_Source\PSoC6\pdl\drivers\peripheral\trigmux/cy_trigmux.c **** /*******************************************************************************
  73:Generated_Source\PSoC6\pdl\drivers\peripheral\trigmux/cy_trigmux.c **** * Function Name: Cy_TrigMux_SwTrigger
  74:Generated_Source\PSoC6\pdl\drivers\peripheral\trigmux/cy_trigmux.c **** ****************************************************************************//**
  75:Generated_Source\PSoC6\pdl\drivers\peripheral\trigmux/cy_trigmux.c **** *
  76:Generated_Source\PSoC6\pdl\drivers\peripheral\trigmux/cy_trigmux.c **** * This function generates a software trigger on an input trigger line. 
  77:Generated_Source\PSoC6\pdl\drivers\peripheral\trigmux/cy_trigmux.c **** * All output triggers connected to this input trigger will be triggered. 
  78:Generated_Source\PSoC6\pdl\drivers\peripheral\trigmux/cy_trigmux.c **** * The function also verifies that there is no activated trigger before 
  79:Generated_Source\PSoC6\pdl\drivers\peripheral\trigmux/cy_trigmux.c **** * generating another activation. 
  80:Generated_Source\PSoC6\pdl\drivers\peripheral\trigmux/cy_trigmux.c **** *
  81:Generated_Source\PSoC6\pdl\drivers\peripheral\trigmux/cy_trigmux.c **** * \param trigLine
  82:Generated_Source\PSoC6\pdl\drivers\peripheral\trigmux/cy_trigmux.c **** * The input of the trigger mux.
  83:Generated_Source\PSoC6\pdl\drivers\peripheral\trigmux/cy_trigmux.c **** * - Bit 30 represents if the signal is an input/output. When this bit is set, 
  84:Generated_Source\PSoC6\pdl\drivers\peripheral\trigmux/cy_trigmux.c **** *   the trigger activation is for an output trigger from the trigger multiplexer.
  85:Generated_Source\PSoC6\pdl\drivers\peripheral\trigmux/cy_trigmux.c **** *   When this bit is reset, the trigger activation is for an input trigger to 
  86:Generated_Source\PSoC6\pdl\drivers\peripheral\trigmux/cy_trigmux.c **** *   the trigger multiplexer. 
  87:Generated_Source\PSoC6\pdl\drivers\peripheral\trigmux/cy_trigmux.c **** * - Bits 11:8 represent the trigger group selection.
  88:Generated_Source\PSoC6\pdl\drivers\peripheral\trigmux/cy_trigmux.c **** * - Bits 6:0 select the output trigger number in the trigger group.
  89:Generated_Source\PSoC6\pdl\drivers\peripheral\trigmux/cy_trigmux.c **** *
  90:Generated_Source\PSoC6\pdl\drivers\peripheral\trigmux/cy_trigmux.c **** * \param cycles
  91:Generated_Source\PSoC6\pdl\drivers\peripheral\trigmux/cy_trigmux.c **** * The number of cycles during which the trigger remains activated.
  92:Generated_Source\PSoC6\pdl\drivers\peripheral\trigmux/cy_trigmux.c **** * The valid range of cycles is 1-254. 
  93:Generated_Source\PSoC6\pdl\drivers\peripheral\trigmux/cy_trigmux.c **** * These two additional special values can be passed to this parameter:
  94:Generated_Source\PSoC6\pdl\drivers\peripheral\trigmux/cy_trigmux.c **** * * CY_TRIGGER_INFINITE - The trigger will be active until the user 
  95:Generated_Source\PSoC6\pdl\drivers\peripheral\trigmux/cy_trigmux.c **** * clears it;
  96:Generated_Source\PSoC6\pdl\drivers\peripheral\trigmux/cy_trigmux.c **** * * CY_TRIGGER_DEACTIVATE - The trigger will be deactivated forcibly.
  97:Generated_Source\PSoC6\pdl\drivers\peripheral\trigmux/cy_trigmux.c **** * 
  98:Generated_Source\PSoC6\pdl\drivers\peripheral\trigmux/cy_trigmux.c **** * \return
  99:Generated_Source\PSoC6\pdl\drivers\peripheral\trigmux/cy_trigmux.c **** * A status
 100:Generated_Source\PSoC6\pdl\drivers\peripheral\trigmux/cy_trigmux.c **** * - 0: If there was not an already activated trigger.
 101:Generated_Source\PSoC6\pdl\drivers\peripheral\trigmux/cy_trigmux.c **** * - 1: If there was an already activated trigger.
 102:Generated_Source\PSoC6\pdl\drivers\peripheral\trigmux/cy_trigmux.c **** *
 103:Generated_Source\PSoC6\pdl\drivers\peripheral\trigmux/cy_trigmux.c **** *******************************************************************************/
 104:Generated_Source\PSoC6\pdl\drivers\peripheral\trigmux/cy_trigmux.c **** cy_en_trigmux_status_t Cy_TrigMux_SwTrigger(uint32_t trigLine, uint32_t cycles)
 105:Generated_Source\PSoC6\pdl\drivers\peripheral\trigmux/cy_trigmux.c **** {
 115              		.loc 1 105 0
 116              		.cfi_startproc
 117              		@ args = 0, pretend = 0, frame = 0
 118              		@ frame_needed = 0, uses_anonymous_args = 0
 119              	.LVL12:
ARM GAS  C:\Users\gjl\AppData\Local\Temp\ccU24zMg.s 			page 5


 120 0000 38B5     		push	{r3, r4, r5, lr}
 121              		.cfi_def_cfa_offset 16
 122              		.cfi_offset 3, -16
 123              		.cfi_offset 4, -12
 124              		.cfi_offset 5, -8
 125              		.cfi_offset 14, -4
 126 0002 0546     		mov	r5, r0
 127 0004 0C46     		mov	r4, r1
 128              	.LVL13:
 106:Generated_Source\PSoC6\pdl\drivers\peripheral\trigmux/cy_trigmux.c ****     cy_en_trigmux_status_t retVal = CY_TRIGMUX_INVALID_STATE;
 107:Generated_Source\PSoC6\pdl\drivers\peripheral\trigmux/cy_trigmux.c **** 
 108:Generated_Source\PSoC6\pdl\drivers\peripheral\trigmux/cy_trigmux.c ****     CY_ASSERT_L2(0U == (trigLine & (uint32_t)~CY_TR_PARAM_MASK));
 129              		.loc 1 108 0
 130 0006 1B4B     		ldr	r3, .L17
 131 0008 0340     		ands	r3, r3, r0
 132 000a 1BB1     		cbz	r3, .L10
 133              		.loc 1 108 0 is_stmt 0 discriminator 1
 134 000c 6C21     		movs	r1, #108
 135              	.LVL14:
 136 000e 1A48     		ldr	r0, .L17+4
 137              	.LVL15:
 138 0010 FFF7FEFF 		bl	Cy_SysLib_AssertFailed
 139              	.LVL16:
 140              	.L10:
 109:Generated_Source\PSoC6\pdl\drivers\peripheral\trigmux/cy_trigmux.c ****     CY_ASSERT_L2(CY_TR_CYCLES_MAX >= cycles);
 141              		.loc 1 109 0 is_stmt 1
 142 0014 FF2C     		cmp	r4, #255
 143 0016 03D9     		bls	.L11
 144              		.loc 1 109 0 is_stmt 0 discriminator 1
 145 0018 6D21     		movs	r1, #109
 146 001a 1748     		ldr	r0, .L17+4
 147 001c FFF7FEFF 		bl	Cy_SysLib_AssertFailed
 148              	.LVL17:
 149              	.L11:
 110:Generated_Source\PSoC6\pdl\drivers\peripheral\trigmux/cy_trigmux.c ****  
 111:Generated_Source\PSoC6\pdl\drivers\peripheral\trigmux/cy_trigmux.c **** 
 112:Generated_Source\PSoC6\pdl\drivers\peripheral\trigmux/cy_trigmux.c ****     if (CY_TRIGGER_DEACTIVATE != cycles)
 150              		.loc 1 112 0 is_stmt 1
 151 0020 9CB1     		cbz	r4, .L12
 113:Generated_Source\PSoC6\pdl\drivers\peripheral\trigmux/cy_trigmux.c ****     {
 114:Generated_Source\PSoC6\pdl\drivers\peripheral\trigmux/cy_trigmux.c ****         if (PERI_TR_CMD_ACTIVATE_Msk != (PERI->TR_CMD & PERI_TR_CMD_ACTIVATE_Msk))
 152              		.loc 1 114 0
 153 0022 164B     		ldr	r3, .L17+8
 154 0024 1B68     		ldr	r3, [r3]
 155 0026 002B     		cmp	r3, #0
 156 0028 1FDB     		blt	.L14
 115:Generated_Source\PSoC6\pdl\drivers\peripheral\trigmux/cy_trigmux.c ****         {
 116:Generated_Source\PSoC6\pdl\drivers\peripheral\trigmux/cy_trigmux.c ****             /* Activate the trigger if it is not in the active state. */
 117:Generated_Source\PSoC6\pdl\drivers\peripheral\trigmux/cy_trigmux.c ****             PERI->TR_CMD = _VAL2FLD(PERI_TR_CMD_TR_SEL, (trigLine & CY_TR_MASK)) |
 157              		.loc 1 117 0
 158 002a 40F67F73 		movw	r3, #3967
 159 002e 2B40     		ands	r3, r3, r5
 118:Generated_Source\PSoC6\pdl\drivers\peripheral\trigmux/cy_trigmux.c ****                 _VAL2FLD(PERI_TR_CMD_GROUP_SEL, ((trigLine & CY_TR_GROUP_MASK) >> CY_TR_GROUP_SHIFT
 119:Generated_Source\PSoC6\pdl\drivers\peripheral\trigmux/cy_trigmux.c ****                 _VAL2FLD(PERI_TR_CMD_COUNT, cycles) |
 160              		.loc 1 119 0
 161 0030 2404     		lsls	r4, r4, #16
 162              	.LVL18:
ARM GAS  C:\Users\gjl\AppData\Local\Temp\ccU24zMg.s 			page 6


 163 0032 04F47F04 		and	r4, r4, #16711680
 118:Generated_Source\PSoC6\pdl\drivers\peripheral\trigmux/cy_trigmux.c ****                 _VAL2FLD(PERI_TR_CMD_GROUP_SEL, ((trigLine & CY_TR_GROUP_MASK) >> CY_TR_GROUP_SHIFT
 164              		.loc 1 118 0
 165 0036 1C43     		orrs	r4, r4, r3
 120:Generated_Source\PSoC6\pdl\drivers\peripheral\trigmux/cy_trigmux.c ****                 _VAL2FLD(PERI_TR_CMD_OUT_SEL, (trigLine & CY_TR_OUT_CTL_MASK) >> CY_TR_OUT_CTL_SHIF
 166              		.loc 1 120 0
 167 0038 05F08045 		and	r5, r5, #1073741824
 168              	.LVL19:
 119:Generated_Source\PSoC6\pdl\drivers\peripheral\trigmux/cy_trigmux.c ****                 _VAL2FLD(PERI_TR_CMD_OUT_SEL, (trigLine & CY_TR_OUT_CTL_MASK) >> CY_TR_OUT_CTL_SHIF
 169              		.loc 1 119 0
 170 003c 2C43     		orrs	r4, r4, r5
 171              		.loc 1 120 0
 172 003e 44F00044 		orr	r4, r4, #-2147483648
 117:Generated_Source\PSoC6\pdl\drivers\peripheral\trigmux/cy_trigmux.c ****                 _VAL2FLD(PERI_TR_CMD_GROUP_SEL, ((trigLine & CY_TR_GROUP_MASK) >> CY_TR_GROUP_SHIFT
 173              		.loc 1 117 0
 174 0042 0E4B     		ldr	r3, .L17+8
 175 0044 1C60     		str	r4, [r3]
 176              	.LVL20:
 121:Generated_Source\PSoC6\pdl\drivers\peripheral\trigmux/cy_trigmux.c ****                 _VAL2FLD(PERI_TR_CMD_ACTIVATE, CY_TR_ACTIVATE_ENABLE);
 122:Generated_Source\PSoC6\pdl\drivers\peripheral\trigmux/cy_trigmux.c ****                 
 123:Generated_Source\PSoC6\pdl\drivers\peripheral\trigmux/cy_trigmux.c ****             retVal = CY_TRIGMUX_SUCCESS;
 177              		.loc 1 123 0
 178 0046 0020     		movs	r0, #0
 179 0048 38BD     		pop	{r3, r4, r5, pc}
 180              	.LVL21:
 181              	.L12:
 124:Generated_Source\PSoC6\pdl\drivers\peripheral\trigmux/cy_trigmux.c ****         }
 125:Generated_Source\PSoC6\pdl\drivers\peripheral\trigmux/cy_trigmux.c ****     }
 126:Generated_Source\PSoC6\pdl\drivers\peripheral\trigmux/cy_trigmux.c ****     else
 127:Generated_Source\PSoC6\pdl\drivers\peripheral\trigmux/cy_trigmux.c ****     {
 128:Generated_Source\PSoC6\pdl\drivers\peripheral\trigmux/cy_trigmux.c ****         if (PERI_TR_CMD_ACTIVATE_Msk == (PERI->TR_CMD & PERI_TR_CMD_ACTIVATE_Msk))
 182              		.loc 1 128 0
 183 004a 0C4B     		ldr	r3, .L17+8
 184 004c 1B68     		ldr	r3, [r3]
 185 004e 002B     		cmp	r3, #0
 186 0050 0DDA     		bge	.L15
 129:Generated_Source\PSoC6\pdl\drivers\peripheral\trigmux/cy_trigmux.c ****         {
 130:Generated_Source\PSoC6\pdl\drivers\peripheral\trigmux/cy_trigmux.c ****             /* Forcibly deactivate the trigger. */
 131:Generated_Source\PSoC6\pdl\drivers\peripheral\trigmux/cy_trigmux.c ****             PERI->TR_CMD = _VAL2FLD(PERI_TR_CMD_TR_SEL, (trigLine & CY_TR_MASK)) |
 132:Generated_Source\PSoC6\pdl\drivers\peripheral\trigmux/cy_trigmux.c ****                 _VAL2FLD(PERI_TR_CMD_GROUP_SEL, ((trigLine & CY_TR_GROUP_MASK) >> CY_TR_GROUP_SHIFT
 187              		.loc 1 132 0
 188 0052 25F03F45 		bic	r5, r5, #-1090519040
 189              	.LVL22:
 190 0056 25F47F05 		bic	r5, r5, #16711680
 191 005a 25F47045 		bic	r5, r5, #61440
 192 005e 25F08005 		bic	r5, r5, #128
 131:Generated_Source\PSoC6\pdl\drivers\peripheral\trigmux/cy_trigmux.c ****                 _VAL2FLD(PERI_TR_CMD_GROUP_SEL, ((trigLine & CY_TR_GROUP_MASK) >> CY_TR_GROUP_SHIFT
 193              		.loc 1 131 0
 194 0062 064B     		ldr	r3, .L17+8
 195 0064 1D60     		str	r5, [r3]
 196              	.LVL23:
 133:Generated_Source\PSoC6\pdl\drivers\peripheral\trigmux/cy_trigmux.c ****                 _VAL2FLD(PERI_TR_CMD_OUT_SEL, (trigLine & CY_TR_OUT_CTL_MASK) >> CY_TR_OUT_CTL_SHIF
 134:Generated_Source\PSoC6\pdl\drivers\peripheral\trigmux/cy_trigmux.c ****                 
 135:Generated_Source\PSoC6\pdl\drivers\peripheral\trigmux/cy_trigmux.c ****             retVal = CY_TRIGMUX_SUCCESS;
 197              		.loc 1 135 0
 198 0066 0020     		movs	r0, #0
 199 0068 38BD     		pop	{r3, r4, r5, pc}
ARM GAS  C:\Users\gjl\AppData\Local\Temp\ccU24zMg.s 			page 7


 200              	.LVL24:
 201              	.L14:
 106:Generated_Source\PSoC6\pdl\drivers\peripheral\trigmux/cy_trigmux.c **** 
 202              		.loc 1 106 0
 203 006a 0548     		ldr	r0, .L17+12
 204 006c 38BD     		pop	{r3, r4, r5, pc}
 205              	.LVL25:
 206              	.L15:
 207 006e 0448     		ldr	r0, .L17+12
 208              	.LVL26:
 136:Generated_Source\PSoC6\pdl\drivers\peripheral\trigmux/cy_trigmux.c ****         }         
 137:Generated_Source\PSoC6\pdl\drivers\peripheral\trigmux/cy_trigmux.c ****     }
 138:Generated_Source\PSoC6\pdl\drivers\peripheral\trigmux/cy_trigmux.c ****     
 139:Generated_Source\PSoC6\pdl\drivers\peripheral\trigmux/cy_trigmux.c ****     return retVal;
 140:Generated_Source\PSoC6\pdl\drivers\peripheral\trigmux/cy_trigmux.c **** }
 209              		.loc 1 140 0
 210 0070 38BD     		pop	{r3, r4, r5, pc}
 211              	.LVL27:
 212              	.L18:
 213 0072 00BF     		.align	2
 214              	.L17:
 215 0074 80F0FFBF 		.word	-1073745792
 216 0078 00000000 		.word	.LC0
 217 007c 00100140 		.word	1073811456
 218 0080 0200CE00 		.word	13500418
 219              		.cfi_endproc
 220              	.LFE126:
 221              		.size	Cy_TrigMux_SwTrigger, .-Cy_TrigMux_SwTrigger
 222              		.section	.rodata.str1.4,"aMS",%progbits,1
 223              		.align	2
 224              	.LC0:
 225 0000 47656E65 		.ascii	"Generated_Source\\PSoC6\\pdl\\drivers\\peripheral\\"
 225      72617465 
 225      645F536F 
 225      75726365 
 225      5C50536F 
 226 002e 74726967 		.ascii	"trigmux\\cy_trigmux.c\000"
 226      6D75785C 
 226      63795F74 
 226      7269676D 
 226      75782E63 
 227              		.text
 228              	.Letext0:
 229              		.file 2 "c:\\program files (x86)\\cypress\\psoc creator\\4.2\\psoc creator\\import\\gnu\\arm\\5.4.
 230              		.file 3 "c:\\program files (x86)\\cypress\\psoc creator\\4.2\\psoc creator\\import\\gnu\\arm\\5.4.
 231              		.file 4 "Generated_Source\\PSoC6\\pdl\\devices/psoc6/psoc63/include/psoc63_config.h"
 232              		.file 5 "Generated_Source\\PSoC6\\pdl\\devices/psoc6/ip/cyip_peri.h"
 233              		.file 6 "Generated_Source\\PSoC6\\pdl\\drivers/peripheral/syslib/cy_syslib.h"
 234              		.file 7 "Generated_Source\\PSoC6\\pdl\\drivers\\peripheral\\trigmux\\cy_trigmux.h"
 235              		.file 8 "Generated_Source\\PSoC6\\pdl\\cmsis/include/core_cm4.h"
 236              		.section	.debug_info,"",%progbits
 237              	.Ldebug_info0:
 238 0000 B0050000 		.4byte	0x5b0
 239 0004 0400     		.2byte	0x4
 240 0006 00000000 		.4byte	.Ldebug_abbrev0
 241 000a 04       		.byte	0x4
 242 000b 01       		.uleb128 0x1
ARM GAS  C:\Users\gjl\AppData\Local\Temp\ccU24zMg.s 			page 8


 243 000c 88020000 		.4byte	.LASF63
 244 0010 0C       		.byte	0xc
 245 0011 8F000000 		.4byte	.LASF64
 246 0015 3A000000 		.4byte	.LASF65
 247 0019 00000000 		.4byte	.Ldebug_ranges0+0
 248 001d 00000000 		.4byte	0
 249 0021 00000000 		.4byte	.Ldebug_line0
 250 0025 02       		.uleb128 0x2
 251 0026 02       		.byte	0x2
 252 0027 05       		.byte	0x5
 253 0028 D2000000 		.4byte	.LASF0
 254 002c 02       		.uleb128 0x2
 255 002d 01       		.byte	0x1
 256 002e 06       		.byte	0x6
 257 002f F2010000 		.4byte	.LASF1
 258 0033 02       		.uleb128 0x2
 259 0034 01       		.byte	0x1
 260 0035 08       		.byte	0x8
 261 0036 E4010000 		.4byte	.LASF2
 262 003a 02       		.uleb128 0x2
 263 003b 02       		.byte	0x2
 264 003c 07       		.byte	0x7
 265 003d 5B020000 		.4byte	.LASF3
 266 0041 03       		.uleb128 0x3
 267 0042 D5030000 		.4byte	.LASF5
 268 0046 02       		.byte	0x2
 269 0047 3F       		.byte	0x3f
 270 0048 4C000000 		.4byte	0x4c
 271 004c 02       		.uleb128 0x2
 272 004d 04       		.byte	0x4
 273 004e 05       		.byte	0x5
 274 004f 63010000 		.4byte	.LASF4
 275 0053 03       		.uleb128 0x3
 276 0054 19010000 		.4byte	.LASF6
 277 0058 02       		.byte	0x2
 278 0059 41       		.byte	0x41
 279 005a 5E000000 		.4byte	0x5e
 280 005e 02       		.uleb128 0x2
 281 005f 04       		.byte	0x4
 282 0060 07       		.byte	0x7
 283 0061 A7030000 		.4byte	.LASF7
 284 0065 02       		.uleb128 0x2
 285 0066 08       		.byte	0x8
 286 0067 05       		.byte	0x5
 287 0068 50010000 		.4byte	.LASF8
 288 006c 02       		.uleb128 0x2
 289 006d 08       		.byte	0x8
 290 006e 07       		.byte	0x7
 291 006f FE010000 		.4byte	.LASF9
 292 0073 04       		.uleb128 0x4
 293 0074 04       		.byte	0x4
 294 0075 05       		.byte	0x5
 295 0076 696E7400 		.ascii	"int\000"
 296 007a 02       		.uleb128 0x2
 297 007b 04       		.byte	0x4
 298 007c 07       		.byte	0x7
 299 007d 2F020000 		.4byte	.LASF10
ARM GAS  C:\Users\gjl\AppData\Local\Temp\ccU24zMg.s 			page 9


 300 0081 03       		.uleb128 0x3
 301 0082 3B030000 		.4byte	.LASF11
 302 0086 03       		.byte	0x3
 303 0087 2C       		.byte	0x2c
 304 0088 41000000 		.4byte	0x41
 305 008c 03       		.uleb128 0x3
 306 008d 15020000 		.4byte	.LASF12
 307 0091 03       		.byte	0x3
 308 0092 30       		.byte	0x30
 309 0093 53000000 		.4byte	0x53
 310 0097 02       		.uleb128 0x2
 311 0098 04       		.byte	0x4
 312 0099 07       		.byte	0x7
 313 009a EF000000 		.4byte	.LASF13
 314 009e 05       		.uleb128 0x5
 315 009f 8C000000 		.4byte	0x8c
 316 00a3 06       		.uleb128 0x6
 317 00a4 9E000000 		.4byte	0x9e
 318 00a8 07       		.uleb128 0x7
 319 00a9 01       		.byte	0x1
 320 00aa 33000000 		.4byte	0x33
 321 00ae 04       		.byte	0x4
 322 00af A005     		.2byte	0x5a0
 323 00b1 C2000000 		.4byte	0xc2
 324 00b5 08       		.uleb128 0x8
 325 00b6 DC000000 		.4byte	.LASF14
 326 00ba 00       		.byte	0
 327 00bb 08       		.uleb128 0x8
 328 00bc 6E020000 		.4byte	.LASF15
 329 00c0 01       		.byte	0x1
 330 00c1 00       		.byte	0
 331 00c2 09       		.uleb128 0x9
 332 00c3 3C020000 		.4byte	.LASF16
 333 00c7 04       		.byte	0x4
 334 00c8 A605     		.2byte	0x5a6
 335 00ca A8000000 		.4byte	0xa8
 336 00ce 0A       		.uleb128 0xa
 337 00cf 9E000000 		.4byte	0x9e
 338 00d3 DE000000 		.4byte	0xde
 339 00d7 0B       		.uleb128 0xb
 340 00d8 97000000 		.4byte	0x97
 341 00dc 7F       		.byte	0x7f
 342 00dd 00       		.byte	0
 343 00de 0C       		.uleb128 0xc
 344 00df 40       		.byte	0x40
 345 00e0 05       		.byte	0x5
 346 00e1 27       		.byte	0x27
 347 00e2 23010000 		.4byte	0x123
 348 00e6 0D       		.uleb128 0xd
 349 00e7 10040000 		.4byte	.LASF17
 350 00eb 05       		.byte	0x5
 351 00ec 28       		.byte	0x28
 352 00ed 9E000000 		.4byte	0x9e
 353 00f1 00       		.byte	0
 354 00f2 0D       		.uleb128 0xd
 355 00f3 FA030000 		.4byte	.LASF18
 356 00f7 05       		.byte	0x5
ARM GAS  C:\Users\gjl\AppData\Local\Temp\ccU24zMg.s 			page 10


 357 00f8 29       		.byte	0x29
 358 00f9 38010000 		.4byte	0x138
 359 00fd 04       		.byte	0x4
 360 00fe 0D       		.uleb128 0xd
 361 00ff 31040000 		.4byte	.LASF19
 362 0103 05       		.byte	0x5
 363 0104 2A       		.byte	0x2a
 364 0105 9E000000 		.4byte	0x9e
 365 0109 20       		.byte	0x20
 366 010a 0D       		.uleb128 0xd
 367 010b 43030000 		.4byte	.LASF20
 368 010f 05       		.byte	0x5
 369 0110 2B       		.byte	0x2b
 370 0111 9E000000 		.4byte	0x9e
 371 0115 24       		.byte	0x24
 372 0116 0D       		.uleb128 0xd
 373 0117 7F030000 		.4byte	.LASF21
 374 011b 05       		.byte	0x5
 375 011c 2C       		.byte	0x2c
 376 011d 52010000 		.4byte	0x152
 377 0121 28       		.byte	0x28
 378 0122 00       		.byte	0
 379 0123 0A       		.uleb128 0xa
 380 0124 A3000000 		.4byte	0xa3
 381 0128 33010000 		.4byte	0x133
 382 012c 0B       		.uleb128 0xb
 383 012d 97000000 		.4byte	0x97
 384 0131 06       		.byte	0x6
 385 0132 00       		.byte	0
 386 0133 05       		.uleb128 0x5
 387 0134 23010000 		.4byte	0x123
 388 0138 06       		.uleb128 0x6
 389 0139 33010000 		.4byte	0x133
 390 013d 0A       		.uleb128 0xa
 391 013e A3000000 		.4byte	0xa3
 392 0142 4D010000 		.4byte	0x14d
 393 0146 0B       		.uleb128 0xb
 394 0147 97000000 		.4byte	0x97
 395 014b 05       		.byte	0x5
 396 014c 00       		.byte	0
 397 014d 05       		.uleb128 0x5
 398 014e 3D010000 		.4byte	0x13d
 399 0152 06       		.uleb128 0x6
 400 0153 4D010000 		.4byte	0x14d
 401 0157 03       		.uleb128 0x3
 402 0158 8A010000 		.4byte	.LASF22
 403 015c 05       		.byte	0x5
 404 015d 2D       		.byte	0x2d
 405 015e DE000000 		.4byte	0xde
 406 0162 0E       		.uleb128 0xe
 407 0163 0002     		.2byte	0x200
 408 0165 05       		.byte	0x5
 409 0166 32       		.byte	0x32
 410 0167 78010000 		.4byte	0x178
 411 016b 0D       		.uleb128 0xd
 412 016c EF030000 		.4byte	.LASF23
 413 0170 05       		.byte	0x5
ARM GAS  C:\Users\gjl\AppData\Local\Temp\ccU24zMg.s 			page 11


 414 0171 33       		.byte	0x33
 415 0172 78010000 		.4byte	0x178
 416 0176 00       		.byte	0
 417 0177 00       		.byte	0
 418 0178 05       		.uleb128 0x5
 419 0179 CE000000 		.4byte	0xce
 420 017d 03       		.uleb128 0x3
 421 017e 00000000 		.4byte	.LASF24
 422 0182 05       		.byte	0x5
 423 0183 34       		.byte	0x34
 424 0184 62010000 		.4byte	0x162
 425 0188 0C       		.uleb128 0xc
 426 0189 40       		.byte	0x40
 427 018a 05       		.byte	0x5
 428 018b 39       		.byte	0x39
 429 018c D9010000 		.4byte	0x1d9
 430 0190 0D       		.uleb128 0xd
 431 0191 4F030000 		.4byte	.LASF25
 432 0195 05       		.byte	0x5
 433 0196 3A       		.byte	0x3a
 434 0197 9E000000 		.4byte	0x9e
 435 019b 00       		.byte	0
 436 019c 0D       		.uleb128 0xd
 437 019d 80010000 		.4byte	.LASF26
 438 01a1 05       		.byte	0x5
 439 01a2 3B       		.byte	0x3b
 440 01a3 9E000000 		.4byte	0x9e
 441 01a7 04       		.byte	0x4
 442 01a8 0D       		.uleb128 0xd
 443 01a9 FA030000 		.4byte	.LASF18
 444 01ad 05       		.byte	0x5
 445 01ae 3C       		.byte	0x3c
 446 01af DE010000 		.4byte	0x1de
 447 01b3 08       		.byte	0x8
 448 01b4 0D       		.uleb128 0xd
 449 01b5 55030000 		.4byte	.LASF27
 450 01b9 05       		.byte	0x5
 451 01ba 3D       		.byte	0x3d
 452 01bb A3000000 		.4byte	0xa3
 453 01bf 20       		.byte	0x20
 454 01c0 0D       		.uleb128 0xd
 455 01c1 85010000 		.4byte	.LASF28
 456 01c5 05       		.byte	0x5
 457 01c6 3E       		.byte	0x3e
 458 01c7 9E000000 		.4byte	0x9e
 459 01cb 24       		.byte	0x24
 460 01cc 0D       		.uleb128 0xd
 461 01cd 7F030000 		.4byte	.LASF21
 462 01d1 05       		.byte	0x5
 463 01d2 3F       		.byte	0x3f
 464 01d3 E8010000 		.4byte	0x1e8
 465 01d7 28       		.byte	0x28
 466 01d8 00       		.byte	0
 467 01d9 05       		.uleb128 0x5
 468 01da 3D010000 		.4byte	0x13d
 469 01de 06       		.uleb128 0x6
 470 01df D9010000 		.4byte	0x1d9
ARM GAS  C:\Users\gjl\AppData\Local\Temp\ccU24zMg.s 			page 12


 471 01e3 05       		.uleb128 0x5
 472 01e4 3D010000 		.4byte	0x13d
 473 01e8 06       		.uleb128 0x6
 474 01e9 E3010000 		.4byte	0x1e3
 475 01ed 03       		.uleb128 0x3
 476 01ee 39010000 		.4byte	.LASF29
 477 01f2 05       		.byte	0x5
 478 01f3 40       		.byte	0x40
 479 01f4 88010000 		.4byte	0x188
 480 01f8 0C       		.uleb128 0xc
 481 01f9 40       		.byte	0x40
 482 01fa 05       		.byte	0x5
 483 01fb 45       		.byte	0x45
 484 01fc 49020000 		.4byte	0x249
 485 0200 0D       		.uleb128 0xd
 486 0201 4F030000 		.4byte	.LASF25
 487 0205 05       		.byte	0x5
 488 0206 46       		.byte	0x46
 489 0207 A3000000 		.4byte	0xa3
 490 020b 00       		.byte	0
 491 020c 0D       		.uleb128 0xd
 492 020d 80010000 		.4byte	.LASF26
 493 0211 05       		.byte	0x5
 494 0212 47       		.byte	0x47
 495 0213 9E000000 		.4byte	0x9e
 496 0217 04       		.byte	0x4
 497 0218 0D       		.uleb128 0xd
 498 0219 FA030000 		.4byte	.LASF18
 499 021d 05       		.byte	0x5
 500 021e 48       		.byte	0x48
 501 021f 4E020000 		.4byte	0x24e
 502 0223 08       		.byte	0x8
 503 0224 0D       		.uleb128 0xd
 504 0225 55030000 		.4byte	.LASF27
 505 0229 05       		.byte	0x5
 506 022a 49       		.byte	0x49
 507 022b A3000000 		.4byte	0xa3
 508 022f 20       		.byte	0x20
 509 0230 0D       		.uleb128 0xd
 510 0231 85010000 		.4byte	.LASF28
 511 0235 05       		.byte	0x5
 512 0236 4A       		.byte	0x4a
 513 0237 9E000000 		.4byte	0x9e
 514 023b 24       		.byte	0x24
 515 023c 0D       		.uleb128 0xd
 516 023d 7F030000 		.4byte	.LASF21
 517 0241 05       		.byte	0x5
 518 0242 4B       		.byte	0x4b
 519 0243 58020000 		.4byte	0x258
 520 0247 28       		.byte	0x28
 521 0248 00       		.byte	0
 522 0249 05       		.uleb128 0x5
 523 024a 3D010000 		.4byte	0x13d
 524 024e 06       		.uleb128 0x6
 525 024f 49020000 		.4byte	0x249
 526 0253 05       		.uleb128 0x5
 527 0254 3D010000 		.4byte	0x13d
ARM GAS  C:\Users\gjl\AppData\Local\Temp\ccU24zMg.s 			page 13


 528 0258 06       		.uleb128 0x6
 529 0259 53020000 		.4byte	0x253
 530 025d 03       		.uleb128 0x3
 531 025e 29000000 		.4byte	.LASF30
 532 0262 05       		.byte	0x5
 533 0263 4C       		.byte	0x4c
 534 0264 F8010000 		.4byte	0x1f8
 535 0268 0E       		.uleb128 0xe
 536 0269 0054     		.2byte	0x5400
 537 026b 05       		.byte	0x5
 538 026c 69       		.byte	0x69
 539 026d 40030000 		.4byte	0x340
 540 0271 0F       		.uleb128 0xf
 541 0272 475200   		.ascii	"GR\000"
 542 0275 05       		.byte	0x5
 543 0276 6A       		.byte	0x6a
 544 0277 40030000 		.4byte	0x340
 545 027b 00       		.byte	0
 546 027c 10       		.uleb128 0x10
 547 027d 31010000 		.4byte	.LASF31
 548 0281 05       		.byte	0x5
 549 0282 6B       		.byte	0x6b
 550 0283 9E000000 		.4byte	0x9e
 551 0287 0004     		.2byte	0x400
 552 0289 10       		.uleb128 0x10
 553 028a FA030000 		.4byte	.LASF18
 554 028e 05       		.byte	0x5
 555 028f 6C       		.byte	0x6c
 556 0290 65030000 		.4byte	0x365
 557 0294 0404     		.2byte	0x404
 558 0296 10       		.uleb128 0x10
 559 0297 1E020000 		.4byte	.LASF32
 560 029b 05       		.byte	0x5
 561 029c 6D       		.byte	0x6d
 562 029d 7A030000 		.4byte	0x37a
 563 02a1 0008     		.2byte	0x800
 564 02a3 10       		.uleb128 0x10
 565 02a4 C0010000 		.4byte	.LASF33
 566 02a8 05       		.byte	0x5
 567 02a9 6E       		.byte	0x6e
 568 02aa 7F030000 		.4byte	0x37f
 569 02ae 0009     		.2byte	0x900
 570 02b0 10       		.uleb128 0x10
 571 02b1 24010000 		.4byte	.LASF34
 572 02b5 05       		.byte	0x5
 573 02b6 6F       		.byte	0x6f
 574 02b7 84030000 		.4byte	0x384
 575 02bb 000A     		.2byte	0xa00
 576 02bd 10       		.uleb128 0x10
 577 02be AC010000 		.4byte	.LASF35
 578 02c2 05       		.byte	0x5
 579 02c3 70       		.byte	0x70
 580 02c4 99030000 		.4byte	0x399
 581 02c8 000B     		.2byte	0xb00
 582 02ca 10       		.uleb128 0x10
 583 02cb 7F030000 		.4byte	.LASF21
 584 02cf 05       		.byte	0x5
ARM GAS  C:\Users\gjl\AppData\Local\Temp\ccU24zMg.s 			page 14


 585 02d0 71       		.byte	0x71
 586 02d1 A3000000 		.4byte	0xa3
 587 02d5 FC0B     		.2byte	0xbfc
 588 02d7 10       		.uleb128 0x10
 589 02d8 10040000 		.4byte	.LASF17
 590 02dc 05       		.byte	0x5
 591 02dd 72       		.byte	0x72
 592 02de 9E030000 		.4byte	0x39e
 593 02e2 000C     		.2byte	0xc00
 594 02e4 10       		.uleb128 0x10
 595 02e5 89030000 		.4byte	.LASF36
 596 02e9 05       		.byte	0x5
 597 02ea 73       		.byte	0x73
 598 02eb B8030000 		.4byte	0x3b8
 599 02ef 000E     		.2byte	0xe00
 600 02f1 10       		.uleb128 0x10
 601 02f2 54020000 		.4byte	.LASF37
 602 02f6 05       		.byte	0x5
 603 02f7 74       		.byte	0x74
 604 02f8 9E000000 		.4byte	0x9e
 605 02fc 0010     		.2byte	0x1000
 606 02fe 10       		.uleb128 0x10
 607 02ff 93030000 		.4byte	.LASF38
 608 0303 05       		.byte	0x5
 609 0304 75       		.byte	0x75
 610 0305 D3030000 		.4byte	0x3d3
 611 0309 0410     		.2byte	0x1004
 612 030b 10       		.uleb128 0x10
 613 030c 10000000 		.4byte	.LASF39
 614 0310 05       		.byte	0x5
 615 0311 76       		.byte	0x76
 616 0312 D8030000 		.4byte	0x3d8
 617 0316 0020     		.2byte	0x2000
 618 0318 10       		.uleb128 0x10
 619 0319 28020000 		.4byte	.LASF40
 620 031d 05       		.byte	0x5
 621 031e 77       		.byte	0x77
 622 031f E8030000 		.4byte	0x3e8
 623 0323 0040     		.2byte	0x4000
 624 0325 10       		.uleb128 0x10
 625 0326 9D030000 		.4byte	.LASF41
 626 032a 05       		.byte	0x5
 627 032b 78       		.byte	0x78
 628 032c 0E040000 		.4byte	0x40e
 629 0330 0048     		.2byte	0x4800
 630 0332 10       		.uleb128 0x10
 631 0333 F8000000 		.4byte	.LASF42
 632 0337 05       		.byte	0x5
 633 0338 79       		.byte	0x79
 634 0339 13040000 		.4byte	0x413
 635 033d 0050     		.2byte	0x5000
 636 033f 00       		.byte	0
 637 0340 0A       		.uleb128 0xa
 638 0341 57010000 		.4byte	0x157
 639 0345 50030000 		.4byte	0x350
 640 0349 0B       		.uleb128 0xb
 641 034a 97000000 		.4byte	0x97
ARM GAS  C:\Users\gjl\AppData\Local\Temp\ccU24zMg.s 			page 15


 642 034e 0F       		.byte	0xf
 643 034f 00       		.byte	0
 644 0350 0A       		.uleb128 0xa
 645 0351 A3000000 		.4byte	0xa3
 646 0355 60030000 		.4byte	0x360
 647 0359 0B       		.uleb128 0xb
 648 035a 97000000 		.4byte	0x97
 649 035e FE       		.byte	0xfe
 650 035f 00       		.byte	0
 651 0360 05       		.uleb128 0x5
 652 0361 50030000 		.4byte	0x350
 653 0365 06       		.uleb128 0x6
 654 0366 60030000 		.4byte	0x360
 655 036a 0A       		.uleb128 0xa
 656 036b 9E000000 		.4byte	0x9e
 657 036f 7A030000 		.4byte	0x37a
 658 0373 0B       		.uleb128 0xb
 659 0374 97000000 		.4byte	0x97
 660 0378 3F       		.byte	0x3f
 661 0379 00       		.byte	0
 662 037a 05       		.uleb128 0x5
 663 037b 6A030000 		.4byte	0x36a
 664 037f 05       		.uleb128 0x5
 665 0380 6A030000 		.4byte	0x36a
 666 0384 05       		.uleb128 0x5
 667 0385 6A030000 		.4byte	0x36a
 668 0389 0A       		.uleb128 0xa
 669 038a 9E000000 		.4byte	0x9e
 670 038e 99030000 		.4byte	0x399
 671 0392 0B       		.uleb128 0xb
 672 0393 97000000 		.4byte	0x97
 673 0397 3E       		.byte	0x3e
 674 0398 00       		.byte	0
 675 0399 05       		.uleb128 0x5
 676 039a 89030000 		.4byte	0x389
 677 039e 05       		.uleb128 0x5
 678 039f CE000000 		.4byte	0xce
 679 03a3 0A       		.uleb128 0xa
 680 03a4 A3000000 		.4byte	0xa3
 681 03a8 B3030000 		.4byte	0x3b3
 682 03ac 0B       		.uleb128 0xb
 683 03ad 97000000 		.4byte	0x97
 684 03b1 7F       		.byte	0x7f
 685 03b2 00       		.byte	0
 686 03b3 05       		.uleb128 0x5
 687 03b4 A3030000 		.4byte	0x3a3
 688 03b8 06       		.uleb128 0x6
 689 03b9 B3030000 		.4byte	0x3b3
 690 03bd 0A       		.uleb128 0xa
 691 03be A3000000 		.4byte	0xa3
 692 03c2 CE030000 		.4byte	0x3ce
 693 03c6 11       		.uleb128 0x11
 694 03c7 97000000 		.4byte	0x97
 695 03cb FE03     		.2byte	0x3fe
 696 03cd 00       		.byte	0
 697 03ce 05       		.uleb128 0x5
 698 03cf BD030000 		.4byte	0x3bd
ARM GAS  C:\Users\gjl\AppData\Local\Temp\ccU24zMg.s 			page 16


 699 03d3 06       		.uleb128 0x6
 700 03d4 CE030000 		.4byte	0x3ce
 701 03d8 0A       		.uleb128 0xa
 702 03d9 7D010000 		.4byte	0x17d
 703 03dd E8030000 		.4byte	0x3e8
 704 03e1 0B       		.uleb128 0xb
 705 03e2 97000000 		.4byte	0x97
 706 03e6 0F       		.byte	0xf
 707 03e7 00       		.byte	0
 708 03e8 0A       		.uleb128 0xa
 709 03e9 ED010000 		.4byte	0x1ed
 710 03ed F8030000 		.4byte	0x3f8
 711 03f1 0B       		.uleb128 0xb
 712 03f2 97000000 		.4byte	0x97
 713 03f6 1F       		.byte	0x1f
 714 03f7 00       		.byte	0
 715 03f8 0A       		.uleb128 0xa
 716 03f9 A3000000 		.4byte	0xa3
 717 03fd 09040000 		.4byte	0x409
 718 0401 11       		.uleb128 0x11
 719 0402 97000000 		.4byte	0x97
 720 0406 FF01     		.2byte	0x1ff
 721 0408 00       		.byte	0
 722 0409 05       		.uleb128 0x5
 723 040a F8030000 		.4byte	0x3f8
 724 040e 06       		.uleb128 0x6
 725 040f 09040000 		.4byte	0x409
 726 0413 0A       		.uleb128 0xa
 727 0414 5D020000 		.4byte	0x25d
 728 0418 23040000 		.4byte	0x423
 729 041c 0B       		.uleb128 0xb
 730 041d 97000000 		.4byte	0x97
 731 0421 0F       		.byte	0xf
 732 0422 00       		.byte	0
 733 0423 03       		.uleb128 0x3
 734 0424 85000000 		.4byte	.LASF43
 735 0428 05       		.byte	0x5
 736 0429 7B       		.byte	0x7b
 737 042a 68020000 		.4byte	0x268
 738 042e 09       		.uleb128 0x9
 739 042f 6C010000 		.4byte	.LASF44
 740 0433 06       		.byte	0x6
 741 0434 C401     		.2byte	0x1c4
 742 0436 3A040000 		.4byte	0x43a
 743 043a 02       		.uleb128 0x2
 744 043b 01       		.byte	0x1
 745 043c 08       		.byte	0x8
 746 043d 5E010000 		.4byte	.LASF45
 747 0441 02       		.uleb128 0x2
 748 0442 04       		.byte	0x4
 749 0443 04       		.byte	0x4
 750 0444 4A010000 		.4byte	.LASF46
 751 0448 02       		.uleb128 0x2
 752 0449 08       		.byte	0x8
 753 044a 04       		.byte	0x4
 754 044b B9030000 		.4byte	.LASF47
 755 044f 12       		.uleb128 0x12
ARM GAS  C:\Users\gjl\AppData\Local\Temp\ccU24zMg.s 			page 17


 756 0450 04       		.byte	0x4
 757 0451 7A000000 		.4byte	0x7a
 758 0455 07       		.byte	0x7
 759 0456 CB       		.byte	0xcb
 760 0457 74040000 		.4byte	0x474
 761 045b 08       		.uleb128 0x8
 762 045c FF000000 		.4byte	.LASF48
 763 0460 00       		.byte	0
 764 0461 13       		.uleb128 0x13
 765 0462 C0030000 		.4byte	.LASF49
 766 0466 0100CE00 		.4byte	0xce0001
 767 046a 13       		.uleb128 0x13
 768 046b CB010000 		.4byte	.LASF50
 769 046f 0200CE00 		.4byte	0xce0002
 770 0473 00       		.byte	0
 771 0474 03       		.uleb128 0x3
 772 0475 68030000 		.4byte	.LASF51
 773 0479 07       		.byte	0x7
 774 047a CF       		.byte	0xcf
 775 047b 4F040000 		.4byte	0x44f
 776 047f 14       		.uleb128 0x14
 777 0480 16000000 		.4byte	.LASF59
 778 0484 01       		.byte	0x1
 779 0485 31       		.byte	0x31
 780 0486 74040000 		.4byte	0x474
 781 048a 00000000 		.4byte	.LFB125
 782 048e 5C000000 		.4byte	.LFE125-.LFB125
 783 0492 01       		.uleb128 0x1
 784 0493 9C       		.byte	0x9c
 785 0494 0C050000 		.4byte	0x50c
 786 0498 15       		.uleb128 0x15
 787 0499 61030000 		.4byte	.LASF52
 788 049d 01       		.byte	0x1
 789 049e 31       		.byte	0x31
 790 049f 8C000000 		.4byte	0x8c
 791 04a3 00000000 		.4byte	.LLST0
 792 04a7 15       		.uleb128 0x15
 793 04a8 80020000 		.4byte	.LASF53
 794 04ac 01       		.byte	0x1
 795 04ad 31       		.byte	0x31
 796 04ae 8C000000 		.4byte	0x8c
 797 04b2 45000000 		.4byte	.LLST1
 798 04b6 15       		.uleb128 0x15
 799 04b7 B9010000 		.4byte	.LASF54
 800 04bb 01       		.byte	0x1
 801 04bc 31       		.byte	0x31
 802 04bd 0C050000 		.4byte	0x50c
 803 04c1 8A000000 		.4byte	.LLST2
 804 04c5 15       		.uleb128 0x15
 805 04c6 DF030000 		.4byte	.LASF55
 806 04ca 01       		.byte	0x1
 807 04cb 31       		.byte	0x31
 808 04cc C2000000 		.4byte	0xc2
 809 04d0 AB000000 		.4byte	.LLST3
 810 04d4 16       		.uleb128 0x16
 811 04d5 73010000 		.4byte	.LASF56
 812 04d9 01       		.byte	0x1
ARM GAS  C:\Users\gjl\AppData\Local\Temp\ccU24zMg.s 			page 18


 813 04da 33       		.byte	0x33
 814 04db 13050000 		.4byte	0x513
 815 04df CC000000 		.4byte	.LLST4
 816 04e3 16       		.uleb128 0x16
 817 04e4 E8030000 		.4byte	.LASF57
 818 04e8 01       		.byte	0x1
 819 04e9 34       		.byte	0x34
 820 04ea 74040000 		.4byte	0x474
 821 04ee DF000000 		.4byte	.LLST5
 822 04f2 17       		.uleb128 0x17
 823 04f3 16000000 		.4byte	.LVL4
 824 04f7 A7050000 		.4byte	0x5a7
 825 04fb 18       		.uleb128 0x18
 826 04fc 01       		.uleb128 0x1
 827 04fd 50       		.byte	0x50
 828 04fe 05       		.uleb128 0x5
 829 04ff 03       		.byte	0x3
 830 0500 00000000 		.4byte	.LC0
 831 0504 18       		.uleb128 0x18
 832 0505 01       		.uleb128 0x1
 833 0506 51       		.byte	0x51
 834 0507 02       		.uleb128 0x2
 835 0508 08       		.byte	0x8
 836 0509 36       		.byte	0x36
 837 050a 00       		.byte	0
 838 050b 00       		.byte	0
 839 050c 02       		.uleb128 0x2
 840 050d 01       		.byte	0x1
 841 050e 02       		.byte	0x2
 842 050f 5B030000 		.4byte	.LASF58
 843 0513 19       		.uleb128 0x19
 844 0514 04       		.byte	0x4
 845 0515 9E000000 		.4byte	0x9e
 846 0519 14       		.uleb128 0x14
 847 051a 97010000 		.4byte	.LASF60
 848 051e 01       		.byte	0x1
 849 051f 68       		.byte	0x68
 850 0520 74040000 		.4byte	0x474
 851 0524 00000000 		.4byte	.LFB126
 852 0528 84000000 		.4byte	.LFE126-.LFB126
 853 052c 01       		.uleb128 0x1
 854 052d 9C       		.byte	0x9c
 855 052e 96050000 		.4byte	0x596
 856 0532 15       		.uleb128 0x15
 857 0533 4B020000 		.4byte	.LASF61
 858 0537 01       		.byte	0x1
 859 0538 68       		.byte	0x68
 860 0539 8C000000 		.4byte	0x8c
 861 053d 1E010000 		.4byte	.LLST6
 862 0541 15       		.uleb128 0x15
 863 0542 12010000 		.4byte	.LASF62
 864 0546 01       		.byte	0x1
 865 0547 68       		.byte	0x68
 866 0548 8C000000 		.4byte	0x8c
 867 054c 7C010000 		.4byte	.LLST7
 868 0550 16       		.uleb128 0x16
 869 0551 E8030000 		.4byte	.LASF57
ARM GAS  C:\Users\gjl\AppData\Local\Temp\ccU24zMg.s 			page 19


 870 0555 01       		.byte	0x1
 871 0556 6A       		.byte	0x6a
 872 0557 74040000 		.4byte	0x474
 873 055b C1010000 		.4byte	.LLST8
 874 055f 1A       		.uleb128 0x1a
 875 0560 14000000 		.4byte	.LVL16
 876 0564 A7050000 		.4byte	0x5a7
 877 0568 7C050000 		.4byte	0x57c
 878 056c 18       		.uleb128 0x18
 879 056d 01       		.uleb128 0x1
 880 056e 50       		.byte	0x50
 881 056f 05       		.uleb128 0x5
 882 0570 03       		.byte	0x3
 883 0571 00000000 		.4byte	.LC0
 884 0575 18       		.uleb128 0x18
 885 0576 01       		.uleb128 0x1
 886 0577 51       		.byte	0x51
 887 0578 02       		.uleb128 0x2
 888 0579 08       		.byte	0x8
 889 057a 6C       		.byte	0x6c
 890 057b 00       		.byte	0
 891 057c 17       		.uleb128 0x17
 892 057d 20000000 		.4byte	.LVL17
 893 0581 A7050000 		.4byte	0x5a7
 894 0585 18       		.uleb128 0x18
 895 0586 01       		.uleb128 0x1
 896 0587 50       		.byte	0x50
 897 0588 05       		.uleb128 0x5
 898 0589 03       		.byte	0x3
 899 058a 00000000 		.4byte	.LC0
 900 058e 18       		.uleb128 0x18
 901 058f 01       		.uleb128 0x1
 902 0590 51       		.byte	0x51
 903 0591 02       		.uleb128 0x2
 904 0592 08       		.byte	0x8
 905 0593 6D       		.byte	0x6d
 906 0594 00       		.byte	0
 907 0595 00       		.byte	0
 908 0596 1B       		.uleb128 0x1b
 909 0597 03040000 		.4byte	.LASF66
 910 059b 08       		.byte	0x8
 911 059c EA07     		.2byte	0x7ea
 912 059e A2050000 		.4byte	0x5a2
 913 05a2 05       		.uleb128 0x5
 914 05a3 81000000 		.4byte	0x81
 915 05a7 1C       		.uleb128 0x1c
 916 05a8 1A040000 		.4byte	.LASF67
 917 05ac 1A040000 		.4byte	.LASF67
 918 05b0 06       		.byte	0x6
 919 05b1 2A03     		.2byte	0x32a
 920 05b3 00       		.byte	0
 921              		.section	.debug_abbrev,"",%progbits
 922              	.Ldebug_abbrev0:
 923 0000 01       		.uleb128 0x1
 924 0001 11       		.uleb128 0x11
 925 0002 01       		.byte	0x1
 926 0003 25       		.uleb128 0x25
ARM GAS  C:\Users\gjl\AppData\Local\Temp\ccU24zMg.s 			page 20


 927 0004 0E       		.uleb128 0xe
 928 0005 13       		.uleb128 0x13
 929 0006 0B       		.uleb128 0xb
 930 0007 03       		.uleb128 0x3
 931 0008 0E       		.uleb128 0xe
 932 0009 1B       		.uleb128 0x1b
 933 000a 0E       		.uleb128 0xe
 934 000b 55       		.uleb128 0x55
 935 000c 17       		.uleb128 0x17
 936 000d 11       		.uleb128 0x11
 937 000e 01       		.uleb128 0x1
 938 000f 10       		.uleb128 0x10
 939 0010 17       		.uleb128 0x17
 940 0011 00       		.byte	0
 941 0012 00       		.byte	0
 942 0013 02       		.uleb128 0x2
 943 0014 24       		.uleb128 0x24
 944 0015 00       		.byte	0
 945 0016 0B       		.uleb128 0xb
 946 0017 0B       		.uleb128 0xb
 947 0018 3E       		.uleb128 0x3e
 948 0019 0B       		.uleb128 0xb
 949 001a 03       		.uleb128 0x3
 950 001b 0E       		.uleb128 0xe
 951 001c 00       		.byte	0
 952 001d 00       		.byte	0
 953 001e 03       		.uleb128 0x3
 954 001f 16       		.uleb128 0x16
 955 0020 00       		.byte	0
 956 0021 03       		.uleb128 0x3
 957 0022 0E       		.uleb128 0xe
 958 0023 3A       		.uleb128 0x3a
 959 0024 0B       		.uleb128 0xb
 960 0025 3B       		.uleb128 0x3b
 961 0026 0B       		.uleb128 0xb
 962 0027 49       		.uleb128 0x49
 963 0028 13       		.uleb128 0x13
 964 0029 00       		.byte	0
 965 002a 00       		.byte	0
 966 002b 04       		.uleb128 0x4
 967 002c 24       		.uleb128 0x24
 968 002d 00       		.byte	0
 969 002e 0B       		.uleb128 0xb
 970 002f 0B       		.uleb128 0xb
 971 0030 3E       		.uleb128 0x3e
 972 0031 0B       		.uleb128 0xb
 973 0032 03       		.uleb128 0x3
 974 0033 08       		.uleb128 0x8
 975 0034 00       		.byte	0
 976 0035 00       		.byte	0
 977 0036 05       		.uleb128 0x5
 978 0037 35       		.uleb128 0x35
 979 0038 00       		.byte	0
 980 0039 49       		.uleb128 0x49
 981 003a 13       		.uleb128 0x13
 982 003b 00       		.byte	0
 983 003c 00       		.byte	0
ARM GAS  C:\Users\gjl\AppData\Local\Temp\ccU24zMg.s 			page 21


 984 003d 06       		.uleb128 0x6
 985 003e 26       		.uleb128 0x26
 986 003f 00       		.byte	0
 987 0040 49       		.uleb128 0x49
 988 0041 13       		.uleb128 0x13
 989 0042 00       		.byte	0
 990 0043 00       		.byte	0
 991 0044 07       		.uleb128 0x7
 992 0045 04       		.uleb128 0x4
 993 0046 01       		.byte	0x1
 994 0047 0B       		.uleb128 0xb
 995 0048 0B       		.uleb128 0xb
 996 0049 49       		.uleb128 0x49
 997 004a 13       		.uleb128 0x13
 998 004b 3A       		.uleb128 0x3a
 999 004c 0B       		.uleb128 0xb
 1000 004d 3B       		.uleb128 0x3b
 1001 004e 05       		.uleb128 0x5
 1002 004f 01       		.uleb128 0x1
 1003 0050 13       		.uleb128 0x13
 1004 0051 00       		.byte	0
 1005 0052 00       		.byte	0
 1006 0053 08       		.uleb128 0x8
 1007 0054 28       		.uleb128 0x28
 1008 0055 00       		.byte	0
 1009 0056 03       		.uleb128 0x3
 1010 0057 0E       		.uleb128 0xe
 1011 0058 1C       		.uleb128 0x1c
 1012 0059 0B       		.uleb128 0xb
 1013 005a 00       		.byte	0
 1014 005b 00       		.byte	0
 1015 005c 09       		.uleb128 0x9
 1016 005d 16       		.uleb128 0x16
 1017 005e 00       		.byte	0
 1018 005f 03       		.uleb128 0x3
 1019 0060 0E       		.uleb128 0xe
 1020 0061 3A       		.uleb128 0x3a
 1021 0062 0B       		.uleb128 0xb
 1022 0063 3B       		.uleb128 0x3b
 1023 0064 05       		.uleb128 0x5
 1024 0065 49       		.uleb128 0x49
 1025 0066 13       		.uleb128 0x13
 1026 0067 00       		.byte	0
 1027 0068 00       		.byte	0
 1028 0069 0A       		.uleb128 0xa
 1029 006a 01       		.uleb128 0x1
 1030 006b 01       		.byte	0x1
 1031 006c 49       		.uleb128 0x49
 1032 006d 13       		.uleb128 0x13
 1033 006e 01       		.uleb128 0x1
 1034 006f 13       		.uleb128 0x13
 1035 0070 00       		.byte	0
 1036 0071 00       		.byte	0
 1037 0072 0B       		.uleb128 0xb
 1038 0073 21       		.uleb128 0x21
 1039 0074 00       		.byte	0
 1040 0075 49       		.uleb128 0x49
ARM GAS  C:\Users\gjl\AppData\Local\Temp\ccU24zMg.s 			page 22


 1041 0076 13       		.uleb128 0x13
 1042 0077 2F       		.uleb128 0x2f
 1043 0078 0B       		.uleb128 0xb
 1044 0079 00       		.byte	0
 1045 007a 00       		.byte	0
 1046 007b 0C       		.uleb128 0xc
 1047 007c 13       		.uleb128 0x13
 1048 007d 01       		.byte	0x1
 1049 007e 0B       		.uleb128 0xb
 1050 007f 0B       		.uleb128 0xb
 1051 0080 3A       		.uleb128 0x3a
 1052 0081 0B       		.uleb128 0xb
 1053 0082 3B       		.uleb128 0x3b
 1054 0083 0B       		.uleb128 0xb
 1055 0084 01       		.uleb128 0x1
 1056 0085 13       		.uleb128 0x13
 1057 0086 00       		.byte	0
 1058 0087 00       		.byte	0
 1059 0088 0D       		.uleb128 0xd
 1060 0089 0D       		.uleb128 0xd
 1061 008a 00       		.byte	0
 1062 008b 03       		.uleb128 0x3
 1063 008c 0E       		.uleb128 0xe
 1064 008d 3A       		.uleb128 0x3a
 1065 008e 0B       		.uleb128 0xb
 1066 008f 3B       		.uleb128 0x3b
 1067 0090 0B       		.uleb128 0xb
 1068 0091 49       		.uleb128 0x49
 1069 0092 13       		.uleb128 0x13
 1070 0093 38       		.uleb128 0x38
 1071 0094 0B       		.uleb128 0xb
 1072 0095 00       		.byte	0
 1073 0096 00       		.byte	0
 1074 0097 0E       		.uleb128 0xe
 1075 0098 13       		.uleb128 0x13
 1076 0099 01       		.byte	0x1
 1077 009a 0B       		.uleb128 0xb
 1078 009b 05       		.uleb128 0x5
 1079 009c 3A       		.uleb128 0x3a
 1080 009d 0B       		.uleb128 0xb
 1081 009e 3B       		.uleb128 0x3b
 1082 009f 0B       		.uleb128 0xb
 1083 00a0 01       		.uleb128 0x1
 1084 00a1 13       		.uleb128 0x13
 1085 00a2 00       		.byte	0
 1086 00a3 00       		.byte	0
 1087 00a4 0F       		.uleb128 0xf
 1088 00a5 0D       		.uleb128 0xd
 1089 00a6 00       		.byte	0
 1090 00a7 03       		.uleb128 0x3
 1091 00a8 08       		.uleb128 0x8
 1092 00a9 3A       		.uleb128 0x3a
 1093 00aa 0B       		.uleb128 0xb
 1094 00ab 3B       		.uleb128 0x3b
 1095 00ac 0B       		.uleb128 0xb
 1096 00ad 49       		.uleb128 0x49
 1097 00ae 13       		.uleb128 0x13
ARM GAS  C:\Users\gjl\AppData\Local\Temp\ccU24zMg.s 			page 23


 1098 00af 38       		.uleb128 0x38
 1099 00b0 0B       		.uleb128 0xb
 1100 00b1 00       		.byte	0
 1101 00b2 00       		.byte	0
 1102 00b3 10       		.uleb128 0x10
 1103 00b4 0D       		.uleb128 0xd
 1104 00b5 00       		.byte	0
 1105 00b6 03       		.uleb128 0x3
 1106 00b7 0E       		.uleb128 0xe
 1107 00b8 3A       		.uleb128 0x3a
 1108 00b9 0B       		.uleb128 0xb
 1109 00ba 3B       		.uleb128 0x3b
 1110 00bb 0B       		.uleb128 0xb
 1111 00bc 49       		.uleb128 0x49
 1112 00bd 13       		.uleb128 0x13
 1113 00be 38       		.uleb128 0x38
 1114 00bf 05       		.uleb128 0x5
 1115 00c0 00       		.byte	0
 1116 00c1 00       		.byte	0
 1117 00c2 11       		.uleb128 0x11
 1118 00c3 21       		.uleb128 0x21
 1119 00c4 00       		.byte	0
 1120 00c5 49       		.uleb128 0x49
 1121 00c6 13       		.uleb128 0x13
 1122 00c7 2F       		.uleb128 0x2f
 1123 00c8 05       		.uleb128 0x5
 1124 00c9 00       		.byte	0
 1125 00ca 00       		.byte	0
 1126 00cb 12       		.uleb128 0x12
 1127 00cc 04       		.uleb128 0x4
 1128 00cd 01       		.byte	0x1
 1129 00ce 0B       		.uleb128 0xb
 1130 00cf 0B       		.uleb128 0xb
 1131 00d0 49       		.uleb128 0x49
 1132 00d1 13       		.uleb128 0x13
 1133 00d2 3A       		.uleb128 0x3a
 1134 00d3 0B       		.uleb128 0xb
 1135 00d4 3B       		.uleb128 0x3b
 1136 00d5 0B       		.uleb128 0xb
 1137 00d6 01       		.uleb128 0x1
 1138 00d7 13       		.uleb128 0x13
 1139 00d8 00       		.byte	0
 1140 00d9 00       		.byte	0
 1141 00da 13       		.uleb128 0x13
 1142 00db 28       		.uleb128 0x28
 1143 00dc 00       		.byte	0
 1144 00dd 03       		.uleb128 0x3
 1145 00de 0E       		.uleb128 0xe
 1146 00df 1C       		.uleb128 0x1c
 1147 00e0 06       		.uleb128 0x6
 1148 00e1 00       		.byte	0
 1149 00e2 00       		.byte	0
 1150 00e3 14       		.uleb128 0x14
 1151 00e4 2E       		.uleb128 0x2e
 1152 00e5 01       		.byte	0x1
 1153 00e6 3F       		.uleb128 0x3f
 1154 00e7 19       		.uleb128 0x19
ARM GAS  C:\Users\gjl\AppData\Local\Temp\ccU24zMg.s 			page 24


 1155 00e8 03       		.uleb128 0x3
 1156 00e9 0E       		.uleb128 0xe
 1157 00ea 3A       		.uleb128 0x3a
 1158 00eb 0B       		.uleb128 0xb
 1159 00ec 3B       		.uleb128 0x3b
 1160 00ed 0B       		.uleb128 0xb
 1161 00ee 27       		.uleb128 0x27
 1162 00ef 19       		.uleb128 0x19
 1163 00f0 49       		.uleb128 0x49
 1164 00f1 13       		.uleb128 0x13
 1165 00f2 11       		.uleb128 0x11
 1166 00f3 01       		.uleb128 0x1
 1167 00f4 12       		.uleb128 0x12
 1168 00f5 06       		.uleb128 0x6
 1169 00f6 40       		.uleb128 0x40
 1170 00f7 18       		.uleb128 0x18
 1171 00f8 9742     		.uleb128 0x2117
 1172 00fa 19       		.uleb128 0x19
 1173 00fb 01       		.uleb128 0x1
 1174 00fc 13       		.uleb128 0x13
 1175 00fd 00       		.byte	0
 1176 00fe 00       		.byte	0
 1177 00ff 15       		.uleb128 0x15
 1178 0100 05       		.uleb128 0x5
 1179 0101 00       		.byte	0
 1180 0102 03       		.uleb128 0x3
 1181 0103 0E       		.uleb128 0xe
 1182 0104 3A       		.uleb128 0x3a
 1183 0105 0B       		.uleb128 0xb
 1184 0106 3B       		.uleb128 0x3b
 1185 0107 0B       		.uleb128 0xb
 1186 0108 49       		.uleb128 0x49
 1187 0109 13       		.uleb128 0x13
 1188 010a 02       		.uleb128 0x2
 1189 010b 17       		.uleb128 0x17
 1190 010c 00       		.byte	0
 1191 010d 00       		.byte	0
 1192 010e 16       		.uleb128 0x16
 1193 010f 34       		.uleb128 0x34
 1194 0110 00       		.byte	0
 1195 0111 03       		.uleb128 0x3
 1196 0112 0E       		.uleb128 0xe
 1197 0113 3A       		.uleb128 0x3a
 1198 0114 0B       		.uleb128 0xb
 1199 0115 3B       		.uleb128 0x3b
 1200 0116 0B       		.uleb128 0xb
 1201 0117 49       		.uleb128 0x49
 1202 0118 13       		.uleb128 0x13
 1203 0119 02       		.uleb128 0x2
 1204 011a 17       		.uleb128 0x17
 1205 011b 00       		.byte	0
 1206 011c 00       		.byte	0
 1207 011d 17       		.uleb128 0x17
 1208 011e 898201   		.uleb128 0x4109
 1209 0121 01       		.byte	0x1
 1210 0122 11       		.uleb128 0x11
 1211 0123 01       		.uleb128 0x1
ARM GAS  C:\Users\gjl\AppData\Local\Temp\ccU24zMg.s 			page 25


 1212 0124 31       		.uleb128 0x31
 1213 0125 13       		.uleb128 0x13
 1214 0126 00       		.byte	0
 1215 0127 00       		.byte	0
 1216 0128 18       		.uleb128 0x18
 1217 0129 8A8201   		.uleb128 0x410a
 1218 012c 00       		.byte	0
 1219 012d 02       		.uleb128 0x2
 1220 012e 18       		.uleb128 0x18
 1221 012f 9142     		.uleb128 0x2111
 1222 0131 18       		.uleb128 0x18
 1223 0132 00       		.byte	0
 1224 0133 00       		.byte	0
 1225 0134 19       		.uleb128 0x19
 1226 0135 0F       		.uleb128 0xf
 1227 0136 00       		.byte	0
 1228 0137 0B       		.uleb128 0xb
 1229 0138 0B       		.uleb128 0xb
 1230 0139 49       		.uleb128 0x49
 1231 013a 13       		.uleb128 0x13
 1232 013b 00       		.byte	0
 1233 013c 00       		.byte	0
 1234 013d 1A       		.uleb128 0x1a
 1235 013e 898201   		.uleb128 0x4109
 1236 0141 01       		.byte	0x1
 1237 0142 11       		.uleb128 0x11
 1238 0143 01       		.uleb128 0x1
 1239 0144 31       		.uleb128 0x31
 1240 0145 13       		.uleb128 0x13
 1241 0146 01       		.uleb128 0x1
 1242 0147 13       		.uleb128 0x13
 1243 0148 00       		.byte	0
 1244 0149 00       		.byte	0
 1245 014a 1B       		.uleb128 0x1b
 1246 014b 34       		.uleb128 0x34
 1247 014c 00       		.byte	0
 1248 014d 03       		.uleb128 0x3
 1249 014e 0E       		.uleb128 0xe
 1250 014f 3A       		.uleb128 0x3a
 1251 0150 0B       		.uleb128 0xb
 1252 0151 3B       		.uleb128 0x3b
 1253 0152 05       		.uleb128 0x5
 1254 0153 49       		.uleb128 0x49
 1255 0154 13       		.uleb128 0x13
 1256 0155 3F       		.uleb128 0x3f
 1257 0156 19       		.uleb128 0x19
 1258 0157 3C       		.uleb128 0x3c
 1259 0158 19       		.uleb128 0x19
 1260 0159 00       		.byte	0
 1261 015a 00       		.byte	0
 1262 015b 1C       		.uleb128 0x1c
 1263 015c 2E       		.uleb128 0x2e
 1264 015d 00       		.byte	0
 1265 015e 3F       		.uleb128 0x3f
 1266 015f 19       		.uleb128 0x19
 1267 0160 3C       		.uleb128 0x3c
 1268 0161 19       		.uleb128 0x19
ARM GAS  C:\Users\gjl\AppData\Local\Temp\ccU24zMg.s 			page 26


 1269 0162 6E       		.uleb128 0x6e
 1270 0163 0E       		.uleb128 0xe
 1271 0164 03       		.uleb128 0x3
 1272 0165 0E       		.uleb128 0xe
 1273 0166 3A       		.uleb128 0x3a
 1274 0167 0B       		.uleb128 0xb
 1275 0168 3B       		.uleb128 0x3b
 1276 0169 05       		.uleb128 0x5
 1277 016a 00       		.byte	0
 1278 016b 00       		.byte	0
 1279 016c 00       		.byte	0
 1280              		.section	.debug_loc,"",%progbits
 1281              	.Ldebug_loc0:
 1282              	.LLST0:
 1283 0000 00000000 		.4byte	.LVL0
 1284 0004 12000000 		.4byte	.LVL3
 1285 0008 0100     		.2byte	0x1
 1286 000a 50       		.byte	0x50
 1287 000b 12000000 		.4byte	.LVL3
 1288 000f 38000000 		.4byte	.LVL7
 1289 0013 0100     		.2byte	0x1
 1290 0015 56       		.byte	0x56
 1291 0016 38000000 		.4byte	.LVL7
 1292 001a 4E000000 		.4byte	.LVL9
 1293 001e 0400     		.2byte	0x4
 1294 0020 F3       		.byte	0xf3
 1295 0021 01       		.uleb128 0x1
 1296 0022 50       		.byte	0x50
 1297 0023 9F       		.byte	0x9f
 1298 0024 4E000000 		.4byte	.LVL9
 1299 0028 52000000 		.4byte	.LVL11
 1300 002c 0100     		.2byte	0x1
 1301 002e 56       		.byte	0x56
 1302 002f 52000000 		.4byte	.LVL11
 1303 0033 5C000000 		.4byte	.LFE125
 1304 0037 0400     		.2byte	0x4
 1305 0039 F3       		.byte	0xf3
 1306 003a 01       		.uleb128 0x1
 1307 003b 50       		.byte	0x50
 1308 003c 9F       		.byte	0x9f
 1309 003d 00000000 		.4byte	0
 1310 0041 00000000 		.4byte	0
 1311              	.LLST1:
 1312 0045 00000000 		.4byte	.LVL0
 1313 0049 10000000 		.4byte	.LVL2
 1314 004d 0100     		.2byte	0x1
 1315 004f 51       		.byte	0x51
 1316 0050 10000000 		.4byte	.LVL2
 1317 0054 28000000 		.4byte	.LVL5
 1318 0058 0100     		.2byte	0x1
 1319 005a 54       		.byte	0x54
 1320 005b 28000000 		.4byte	.LVL5
 1321 005f 4E000000 		.4byte	.LVL9
 1322 0063 0400     		.2byte	0x4
 1323 0065 F3       		.byte	0xf3
 1324 0066 01       		.uleb128 0x1
 1325 0067 51       		.byte	0x51
ARM GAS  C:\Users\gjl\AppData\Local\Temp\ccU24zMg.s 			page 27


 1326 0068 9F       		.byte	0x9f
 1327 0069 4E000000 		.4byte	.LVL9
 1328 006d 52000000 		.4byte	.LVL11
 1329 0071 0100     		.2byte	0x1
 1330 0073 54       		.byte	0x54
 1331 0074 52000000 		.4byte	.LVL11
 1332 0078 5C000000 		.4byte	.LFE125
 1333 007c 0400     		.2byte	0x4
 1334 007e F3       		.byte	0xf3
 1335 007f 01       		.uleb128 0x1
 1336 0080 51       		.byte	0x51
 1337 0081 9F       		.byte	0x9f
 1338 0082 00000000 		.4byte	0
 1339 0086 00000000 		.4byte	0
 1340              	.LLST2:
 1341 008a 00000000 		.4byte	.LVL0
 1342 008e 15000000 		.4byte	.LVL4-1
 1343 0092 0100     		.2byte	0x1
 1344 0094 52       		.byte	0x52
 1345 0095 15000000 		.4byte	.LVL4-1
 1346 0099 5C000000 		.4byte	.LFE125
 1347 009d 0400     		.2byte	0x4
 1348 009f F3       		.byte	0xf3
 1349 00a0 01       		.uleb128 0x1
 1350 00a1 52       		.byte	0x52
 1351 00a2 9F       		.byte	0x9f
 1352 00a3 00000000 		.4byte	0
 1353 00a7 00000000 		.4byte	0
 1354              	.LLST3:
 1355 00ab 00000000 		.4byte	.LVL0
 1356 00af 15000000 		.4byte	.LVL4-1
 1357 00b3 0100     		.2byte	0x1
 1358 00b5 53       		.byte	0x53
 1359 00b6 15000000 		.4byte	.LVL4-1
 1360 00ba 5C000000 		.4byte	.LFE125
 1361 00be 0400     		.2byte	0x4
 1362 00c0 F3       		.byte	0xf3
 1363 00c1 01       		.uleb128 0x1
 1364 00c2 53       		.byte	0x53
 1365 00c3 9F       		.byte	0x9f
 1366 00c4 00000000 		.4byte	0
 1367 00c8 00000000 		.4byte	0
 1368              	.LLST4:
 1369 00cc 36000000 		.4byte	.LVL6
 1370 00d0 4E000000 		.4byte	.LVL9
 1371 00d4 0100     		.2byte	0x1
 1372 00d6 54       		.byte	0x54
 1373 00d7 00000000 		.4byte	0
 1374 00db 00000000 		.4byte	0
 1375              	.LLST5:
 1376 00df 0A000000 		.4byte	.LVL1
 1377 00e3 4A000000 		.4byte	.LVL8
 1378 00e7 0600     		.2byte	0x6
 1379 00e9 0C       		.byte	0xc
 1380 00ea 0100CE00 		.4byte	0xce0001
 1381 00ee 9F       		.byte	0x9f
 1382 00ef 4A000000 		.4byte	.LVL8
ARM GAS  C:\Users\gjl\AppData\Local\Temp\ccU24zMg.s 			page 28


 1383 00f3 4E000000 		.4byte	.LVL9
 1384 00f7 0200     		.2byte	0x2
 1385 00f9 30       		.byte	0x30
 1386 00fa 9F       		.byte	0x9f
 1387 00fb 4E000000 		.4byte	.LVL9
 1388 00ff 50000000 		.4byte	.LVL10
 1389 0103 0600     		.2byte	0x6
 1390 0105 0C       		.byte	0xc
 1391 0106 0100CE00 		.4byte	0xce0001
 1392 010a 9F       		.byte	0x9f
 1393 010b 50000000 		.4byte	.LVL10
 1394 010f 5C000000 		.4byte	.LFE125
 1395 0113 0100     		.2byte	0x1
 1396 0115 50       		.byte	0x50
 1397 0116 00000000 		.4byte	0
 1398 011a 00000000 		.4byte	0
 1399              	.LLST6:
 1400 011e 00000000 		.4byte	.LVL12
 1401 0122 10000000 		.4byte	.LVL15
 1402 0126 0100     		.2byte	0x1
 1403 0128 50       		.byte	0x50
 1404 0129 10000000 		.4byte	.LVL15
 1405 012d 3C000000 		.4byte	.LVL19
 1406 0131 0100     		.2byte	0x1
 1407 0133 55       		.byte	0x55
 1408 0134 3C000000 		.4byte	.LVL19
 1409 0138 4A000000 		.4byte	.LVL21
 1410 013c 0400     		.2byte	0x4
 1411 013e F3       		.byte	0xf3
 1412 013f 01       		.uleb128 0x1
 1413 0140 50       		.byte	0x50
 1414 0141 9F       		.byte	0x9f
 1415 0142 4A000000 		.4byte	.LVL21
 1416 0146 56000000 		.4byte	.LVL22
 1417 014a 0100     		.2byte	0x1
 1418 014c 55       		.byte	0x55
 1419 014d 56000000 		.4byte	.LVL22
 1420 0151 6A000000 		.4byte	.LVL24
 1421 0155 0400     		.2byte	0x4
 1422 0157 F3       		.byte	0xf3
 1423 0158 01       		.uleb128 0x1
 1424 0159 50       		.byte	0x50
 1425 015a 9F       		.byte	0x9f
 1426 015b 6A000000 		.4byte	.LVL24
 1427 015f 72000000 		.4byte	.LVL27
 1428 0163 0100     		.2byte	0x1
 1429 0165 55       		.byte	0x55
 1430 0166 72000000 		.4byte	.LVL27
 1431 016a 84000000 		.4byte	.LFE126
 1432 016e 0400     		.2byte	0x4
 1433 0170 F3       		.byte	0xf3
 1434 0171 01       		.uleb128 0x1
 1435 0172 50       		.byte	0x50
 1436 0173 9F       		.byte	0x9f
 1437 0174 00000000 		.4byte	0
 1438 0178 00000000 		.4byte	0
 1439              	.LLST7:
ARM GAS  C:\Users\gjl\AppData\Local\Temp\ccU24zMg.s 			page 29


 1440 017c 00000000 		.4byte	.LVL12
 1441 0180 0E000000 		.4byte	.LVL14
 1442 0184 0100     		.2byte	0x1
 1443 0186 51       		.byte	0x51
 1444 0187 0E000000 		.4byte	.LVL14
 1445 018b 32000000 		.4byte	.LVL18
 1446 018f 0100     		.2byte	0x1
 1447 0191 54       		.byte	0x54
 1448 0192 32000000 		.4byte	.LVL18
 1449 0196 4A000000 		.4byte	.LVL21
 1450 019a 0400     		.2byte	0x4
 1451 019c F3       		.byte	0xf3
 1452 019d 01       		.uleb128 0x1
 1453 019e 51       		.byte	0x51
 1454 019f 9F       		.byte	0x9f
 1455 01a0 4A000000 		.4byte	.LVL21
 1456 01a4 72000000 		.4byte	.LVL27
 1457 01a8 0100     		.2byte	0x1
 1458 01aa 54       		.byte	0x54
 1459 01ab 72000000 		.4byte	.LVL27
 1460 01af 84000000 		.4byte	.LFE126
 1461 01b3 0400     		.2byte	0x4
 1462 01b5 F3       		.byte	0xf3
 1463 01b6 01       		.uleb128 0x1
 1464 01b7 51       		.byte	0x51
 1465 01b8 9F       		.byte	0x9f
 1466 01b9 00000000 		.4byte	0
 1467 01bd 00000000 		.4byte	0
 1468              	.LLST8:
 1469 01c1 06000000 		.4byte	.LVL13
 1470 01c5 46000000 		.4byte	.LVL20
 1471 01c9 0600     		.2byte	0x6
 1472 01cb 0C       		.byte	0xc
 1473 01cc 0200CE00 		.4byte	0xce0002
 1474 01d0 9F       		.byte	0x9f
 1475 01d1 46000000 		.4byte	.LVL20
 1476 01d5 4A000000 		.4byte	.LVL21
 1477 01d9 0200     		.2byte	0x2
 1478 01db 30       		.byte	0x30
 1479 01dc 9F       		.byte	0x9f
 1480 01dd 4A000000 		.4byte	.LVL21
 1481 01e1 66000000 		.4byte	.LVL23
 1482 01e5 0600     		.2byte	0x6
 1483 01e7 0C       		.byte	0xc
 1484 01e8 0200CE00 		.4byte	0xce0002
 1485 01ec 9F       		.byte	0x9f
 1486 01ed 66000000 		.4byte	.LVL23
 1487 01f1 6A000000 		.4byte	.LVL24
 1488 01f5 0200     		.2byte	0x2
 1489 01f7 30       		.byte	0x30
 1490 01f8 9F       		.byte	0x9f
 1491 01f9 6A000000 		.4byte	.LVL24
 1492 01fd 70000000 		.4byte	.LVL26
 1493 0201 0600     		.2byte	0x6
 1494 0203 0C       		.byte	0xc
 1495 0204 0200CE00 		.4byte	0xce0002
 1496 0208 9F       		.byte	0x9f
ARM GAS  C:\Users\gjl\AppData\Local\Temp\ccU24zMg.s 			page 30


 1497 0209 70000000 		.4byte	.LVL26
 1498 020d 84000000 		.4byte	.LFE126
 1499 0211 0100     		.2byte	0x1
 1500 0213 50       		.byte	0x50
 1501 0214 00000000 		.4byte	0
 1502 0218 00000000 		.4byte	0
 1503              		.section	.debug_aranges,"",%progbits
 1504 0000 24000000 		.4byte	0x24
 1505 0004 0200     		.2byte	0x2
 1506 0006 00000000 		.4byte	.Ldebug_info0
 1507 000a 04       		.byte	0x4
 1508 000b 00       		.byte	0
 1509 000c 0000     		.2byte	0
 1510 000e 0000     		.2byte	0
 1511 0010 00000000 		.4byte	.LFB125
 1512 0014 5C000000 		.4byte	.LFE125-.LFB125
 1513 0018 00000000 		.4byte	.LFB126
 1514 001c 84000000 		.4byte	.LFE126-.LFB126
 1515 0020 00000000 		.4byte	0
 1516 0024 00000000 		.4byte	0
 1517              		.section	.debug_ranges,"",%progbits
 1518              	.Ldebug_ranges0:
 1519 0000 00000000 		.4byte	.LFB125
 1520 0004 5C000000 		.4byte	.LFE125
 1521 0008 00000000 		.4byte	.LFB126
 1522 000c 84000000 		.4byte	.LFE126
 1523 0010 00000000 		.4byte	0
 1524 0014 00000000 		.4byte	0
 1525              		.section	.debug_line,"",%progbits
 1526              	.Ldebug_line0:
 1527 0000 C7020000 		.section	.debug_str,"MS",%progbits,1
 1527      02006702 
 1527      00000201 
 1527      FB0E0D00 
 1527      01010101 
 1528              	.LASF24:
 1529 0000 50455249 		.ascii	"PERI_TR_GR_Type\000"
 1529      5F54525F 
 1529      47525F54 
 1529      79706500 
 1530              	.LASF39:
 1531 0010 54525F47 		.ascii	"TR_GR\000"
 1531      5200
 1532              	.LASF59:
 1533 0016 43795F54 		.ascii	"Cy_TrigMux_Connect\000"
 1533      7269674D 
 1533      75785F43 
 1533      6F6E6E65 
 1533      637400
 1534              	.LASF30:
 1535 0029 50455249 		.ascii	"PERI_PPU_GR_Type\000"
 1535      5F505055 
 1535      5F47525F 
 1535      54797065 
 1535      00
 1536              	.LASF65:
 1537 003a 433A5C47 		.ascii	"C:\\Git\\PSoC6-101-Videos\\Projects_ScreenCapture\\"
ARM GAS  C:\Users\gjl\AppData\Local\Temp\ccU24zMg.s 			page 31


 1537      69745C50 
 1537      536F4336 
 1537      2D313031 
 1537      2D566964 
 1538 0069 50536F43 		.ascii	"PSoC 6_101\\MC-2-2-PWM.cydsn\000"
 1538      20365F31 
 1538      30315C4D 
 1538      432D322D 
 1538      322D5057 
 1539              	.LASF43:
 1540 0085 50455249 		.ascii	"PERI_Type\000"
 1540      5F547970 
 1540      6500
 1541              	.LASF64:
 1542 008f 47656E65 		.ascii	"Generated_Source\\PSoC6\\pdl\\drivers\\peripheral\\"
 1542      72617465 
 1542      645F536F 
 1542      75726365 
 1542      5C50536F 
 1543 00bd 74726967 		.ascii	"trigmux\\cy_trigmux.c\000"
 1543      6D75785C 
 1543      63795F74 
 1543      7269676D 
 1543      75782E63 
 1544              	.LASF0:
 1545 00d2 73686F72 		.ascii	"short int\000"
 1545      7420696E 
 1545      7400
 1546              	.LASF14:
 1547 00dc 54524947 		.ascii	"TRIGGER_TYPE_LEVEL\000"
 1547      4745525F 
 1547      54595045 
 1547      5F4C4556 
 1547      454C00
 1548              	.LASF13:
 1549 00ef 73697A65 		.ascii	"sizetype\000"
 1549      74797065 
 1549      00
 1550              	.LASF42:
 1551 00f8 5050555F 		.ascii	"PPU_GR\000"
 1551      475200
 1552              	.LASF48:
 1553 00ff 43595F54 		.ascii	"CY_TRIGMUX_SUCCESS\000"
 1553      5249474D 
 1553      55585F53 
 1553      55434345 
 1553      535300
 1554              	.LASF62:
 1555 0112 6379636C 		.ascii	"cycles\000"
 1555      657300
 1556              	.LASF6:
 1557 0119 5F5F7569 		.ascii	"__uint32_t\000"
 1557      6E743332 
 1557      5F7400
 1558              	.LASF34:
 1559 0124 4449565F 		.ascii	"DIV_16_5_CTL\000"
 1559      31365F35 
ARM GAS  C:\Users\gjl\AppData\Local\Temp\ccU24zMg.s 			page 32


 1559      5F43544C 
 1559      00
 1560              	.LASF31:
 1561 0131 4449565F 		.ascii	"DIV_CMD\000"
 1561      434D4400 
 1562              	.LASF29:
 1563 0139 50455249 		.ascii	"PERI_PPU_PR_Type\000"
 1563      5F505055 
 1563      5F50525F 
 1563      54797065 
 1563      00
 1564              	.LASF46:
 1565 014a 666C6F61 		.ascii	"float\000"
 1565      7400
 1566              	.LASF8:
 1567 0150 6C6F6E67 		.ascii	"long long int\000"
 1567      206C6F6E 
 1567      6720696E 
 1567      7400
 1568              	.LASF45:
 1569 015e 63686172 		.ascii	"char\000"
 1569      00
 1570              	.LASF4:
 1571 0163 6C6F6E67 		.ascii	"long int\000"
 1571      20696E74 
 1571      00
 1572              	.LASF44:
 1573 016c 63686172 		.ascii	"char_t\000"
 1573      5F7400
 1574              	.LASF56:
 1575 0173 74724F75 		.ascii	"trOutCtlAddr\000"
 1575      7443746C 
 1575      41646472 
 1575      00
 1576              	.LASF26:
 1577 0180 41545430 		.ascii	"ATT0\000"
 1577      00
 1578              	.LASF28:
 1579 0185 41545431 		.ascii	"ATT1\000"
 1579      00
 1580              	.LASF22:
 1581 018a 50455249 		.ascii	"PERI_GR_Type\000"
 1581      5F47525F 
 1581      54797065 
 1581      00
 1582              	.LASF60:
 1583 0197 43795F54 		.ascii	"Cy_TrigMux_SwTrigger\000"
 1583      7269674D 
 1583      75785F53 
 1583      77547269 
 1583      67676572 
 1584              	.LASF35:
 1585 01ac 4449565F 		.ascii	"DIV_24_5_CTL\000"
 1585      32345F35 
 1585      5F43544C 
 1585      00
 1586              	.LASF54:
ARM GAS  C:\Users\gjl\AppData\Local\Temp\ccU24zMg.s 			page 33


 1587 01b9 696E7665 		.ascii	"invert\000"
 1587      727400
 1588              	.LASF33:
 1589 01c0 4449565F 		.ascii	"DIV_16_CTL\000"
 1589      31365F43 
 1589      544C00
 1590              	.LASF50:
 1591 01cb 43595F54 		.ascii	"CY_TRIGMUX_INVALID_STATE\000"
 1591      5249474D 
 1591      55585F49 
 1591      4E56414C 
 1591      49445F53 
 1592              	.LASF2:
 1593 01e4 756E7369 		.ascii	"unsigned char\000"
 1593      676E6564 
 1593      20636861 
 1593      7200
 1594              	.LASF1:
 1595 01f2 7369676E 		.ascii	"signed char\000"
 1595      65642063 
 1595      68617200 
 1596              	.LASF9:
 1597 01fe 6C6F6E67 		.ascii	"long long unsigned int\000"
 1597      206C6F6E 
 1597      6720756E 
 1597      7369676E 
 1597      65642069 
 1598              	.LASF12:
 1599 0215 75696E74 		.ascii	"uint32_t\000"
 1599      33325F74 
 1599      00
 1600              	.LASF32:
 1601 021e 4449565F 		.ascii	"DIV_8_CTL\000"
 1601      385F4354 
 1601      4C00
 1602              	.LASF40:
 1603 0228 5050555F 		.ascii	"PPU_PR\000"
 1603      505200
 1604              	.LASF10:
 1605 022f 756E7369 		.ascii	"unsigned int\000"
 1605      676E6564 
 1605      20696E74 
 1605      00
 1606              	.LASF16:
 1607 023c 656E5F74 		.ascii	"en_trig_type_t\000"
 1607      7269675F 
 1607      74797065 
 1607      5F7400
 1608              	.LASF61:
 1609 024b 74726967 		.ascii	"trigLine\000"
 1609      4C696E65 
 1609      00
 1610              	.LASF37:
 1611 0254 54525F43 		.ascii	"TR_CMD\000"
 1611      4D4400
 1612              	.LASF3:
 1613 025b 73686F72 		.ascii	"short unsigned int\000"
ARM GAS  C:\Users\gjl\AppData\Local\Temp\ccU24zMg.s 			page 34


 1613      7420756E 
 1613      7369676E 
 1613      65642069 
 1613      6E7400
 1614              	.LASF15:
 1615 026e 54524947 		.ascii	"TRIGGER_TYPE_EDGE\000"
 1615      4745525F 
 1615      54595045 
 1615      5F454447 
 1615      4500
 1616              	.LASF53:
 1617 0280 6F757454 		.ascii	"outTrig\000"
 1617      72696700 
 1618              	.LASF63:
 1619 0288 474E5520 		.ascii	"GNU C11 5.4.1 20160609 (release) [ARM/embedded-5-br"
 1619      43313120 
 1619      352E342E 
 1619      31203230 
 1619      31363036 
 1620 02bb 616E6368 		.ascii	"anch revision 237715] -mcpu=cortex-m4 -mfloat-abi=s"
 1620      20726576 
 1620      6973696F 
 1620      6E203233 
 1620      37373135 
 1621 02ee 6F667466 		.ascii	"oftfp -mfpu=fpv4-sp-d16 -mthumb -g -Og -ffunction-s"
 1621      70202D6D 
 1621      6670753D 
 1621      66707634 
 1621      2D73702D 
 1622 0321 65637469 		.ascii	"ections -ffat-lto-objects\000"
 1622      6F6E7320 
 1622      2D666661 
 1622      742D6C74 
 1622      6F2D6F62 
 1623              	.LASF11:
 1624 033b 696E7433 		.ascii	"int32_t\000"
 1624      325F7400 
 1625              	.LASF20:
 1626 0343 54494D45 		.ascii	"TIMEOUT_CTL\000"
 1626      4F55545F 
 1626      43544C00 
 1627              	.LASF25:
 1628 034f 41444452 		.ascii	"ADDR0\000"
 1628      3000
 1629              	.LASF27:
 1630 0355 41444452 		.ascii	"ADDR1\000"
 1630      3100
 1631              	.LASF58:
 1632 035b 5F426F6F 		.ascii	"_Bool\000"
 1632      6C00
 1633              	.LASF52:
 1634 0361 696E5472 		.ascii	"inTrig\000"
 1634      696700
 1635              	.LASF51:
 1636 0368 63795F65 		.ascii	"cy_en_trigmux_status_t\000"
 1636      6E5F7472 
 1636      69676D75 
ARM GAS  C:\Users\gjl\AppData\Local\Temp\ccU24zMg.s 			page 35


 1636      785F7374 
 1636      61747573 
 1637              	.LASF21:
 1638 037f 52455345 		.ascii	"RESERVED1\000"
 1638      52564544 
 1638      3100
 1639              	.LASF36:
 1640 0389 52455345 		.ascii	"RESERVED2\000"
 1640      52564544 
 1640      3200
 1641              	.LASF38:
 1642 0393 52455345 		.ascii	"RESERVED3\000"
 1642      52564544 
 1642      3300
 1643              	.LASF41:
 1644 039d 52455345 		.ascii	"RESERVED4\000"
 1644      52564544 
 1644      3400
 1645              	.LASF7:
 1646 03a7 6C6F6E67 		.ascii	"long unsigned int\000"
 1646      20756E73 
 1646      69676E65 
 1646      6420696E 
 1646      7400
 1647              	.LASF47:
 1648 03b9 646F7562 		.ascii	"double\000"
 1648      6C6500
 1649              	.LASF49:
 1650 03c0 43595F54 		.ascii	"CY_TRIGMUX_BAD_PARAM\000"
 1650      5249474D 
 1650      55585F42 
 1650      41445F50 
 1650      4152414D 
 1651              	.LASF5:
 1652 03d5 5F5F696E 		.ascii	"__int32_t\000"
 1652      7433325F 
 1652      7400
 1653              	.LASF55:
 1654 03df 74726967 		.ascii	"trigType\000"
 1654      54797065 
 1654      00
 1655              	.LASF57:
 1656 03e8 72657456 		.ascii	"retVal\000"
 1656      616C00
 1657              	.LASF23:
 1658 03ef 54525F4F 		.ascii	"TR_OUT_CTL\000"
 1658      55545F43 
 1658      544C00
 1659              	.LASF18:
 1660 03fa 52455345 		.ascii	"RESERVED\000"
 1660      52564544 
 1660      00
 1661              	.LASF66:
 1662 0403 49544D5F 		.ascii	"ITM_RxBuffer\000"
 1662      52784275 
 1662      66666572 
 1662      00
ARM GAS  C:\Users\gjl\AppData\Local\Temp\ccU24zMg.s 			page 36


 1663              	.LASF17:
 1664 0410 434C4F43 		.ascii	"CLOCK_CTL\000"
 1664      4B5F4354 
 1664      4C00
 1665              	.LASF67:
 1666 041a 43795F53 		.ascii	"Cy_SysLib_AssertFailed\000"
 1666      79734C69 
 1666      625F4173 
 1666      73657274 
 1666      4661696C 
 1667              	.LASF19:
 1668 0431 534C5F43 		.ascii	"SL_CTL\000"
 1668      544C00
 1669              		.ident	"GCC: (GNU Tools for ARM Embedded Processors) 5.4.1 20160609 (release) [ARM/embedded-5-bran
