ARM GAS  C:\Users\gjl\AppData\Local\Temp\cc57XBsb.s 			page 1


   1              		.syntax unified
   2              		.cpu cortex-m4
   3              		.eabi_attribute 27, 1
   4              		.fpu fpv4-sp-d16
   5              		.eabi_attribute 20, 1
   6              		.eabi_attribute 21, 1
   7              		.eabi_attribute 23, 3
   8              		.eabi_attribute 24, 1
   9              		.eabi_attribute 25, 1
  10              		.eabi_attribute 26, 1
  11              		.eabi_attribute 30, 1
  12              		.eabi_attribute 34, 1
  13              		.eabi_attribute 18, 4
  14              		.thumb
  15              		.syntax unified
  16              		.file	"cyfitter_sysint_cfg.c"
  17              		.text
  18              	.Ltext0:
  19              		.cfi_sections	.debug_frame
  20              		.global	UART_SCB_IRQ_cfg
  21              		.section	.rodata
  22              		.align	2
  23              		.type	UART_SCB_IRQ_cfg, %object
  24              		.size	UART_SCB_IRQ_cfg, 8
  25              	UART_SCB_IRQ_cfg:
  26 0000 2E00     		.short	46
  27 0002 0000     		.space	2
  28 0004 07000000 		.word	7
  29              		.text
  30              	.Letext0:
  31              		.file 1 "Generated_Source\\PSoC6\\pdl\\devices/psoc6/psoc63/include/cy8c6347bzi_bld53.h"
  32              		.file 2 "c:\\program files (x86)\\cypress\\psoc creator\\4.2\\psoc creator\\import\\gnu\\arm\\5.4.
  33              		.file 3 "c:\\program files (x86)\\cypress\\psoc creator\\4.2\\psoc creator\\import\\gnu\\arm\\5.4.
  34              		.file 4 "Generated_Source\\PSoC6\\pdl\\drivers/peripheral/sysint/cy_sysint.h"
  35              		.file 5 "Generated_Source\\PSoC6\\pdl\\cmsis/include/core_cm4.h"
  36              		.file 6 "Generated_Source\\PSoC6\\cyfitter_sysint_cfg.c"
  37              		.section	.debug_info,"",%progbits
  38              	.Ldebug_info0:
  39 0000 CE040000 		.4byte	0x4ce
  40 0004 0400     		.2byte	0x4
  41 0006 00000000 		.4byte	.Ldebug_abbrev0
  42 000a 04       		.byte	0x4
  43 000b 01       		.uleb128 0x1
  44 000c 97090000 		.4byte	.LASF182
  45 0010 0C       		.byte	0xc
  46 0011 BF0D0000 		.4byte	.LASF183
  47 0015 FF020000 		.4byte	.LASF184
  48 0019 00000000 		.4byte	.Ldebug_line0
  49 001d 02       		.uleb128 0x2
  50 001e 02       		.byte	0x2
  51 001f DE030000 		.4byte	0x3de
  52 0023 01       		.byte	0x1
  53 0024 24       		.byte	0x24
  54 0025 DE030000 		.4byte	0x3de
  55 0029 03       		.uleb128 0x3
  56 002a 3A020000 		.4byte	.LASF0
  57 002e 71       		.sleb128 -15
ARM GAS  C:\Users\gjl\AppData\Local\Temp\cc57XBsb.s 			page 2


  58 002f 03       		.uleb128 0x3
  59 0030 740E0000 		.4byte	.LASF1
  60 0034 72       		.sleb128 -14
  61 0035 03       		.uleb128 0x3
  62 0036 DE0E0000 		.4byte	.LASF2
  63 003a 73       		.sleb128 -13
  64 003b 03       		.uleb128 0x3
  65 003c BC0A0000 		.4byte	.LASF3
  66 0040 74       		.sleb128 -12
  67 0041 03       		.uleb128 0x3
  68 0042 2B050000 		.4byte	.LASF4
  69 0046 75       		.sleb128 -11
  70 0047 03       		.uleb128 0x3
  71 0048 2E0D0000 		.4byte	.LASF5
  72 004c 76       		.sleb128 -10
  73 004d 03       		.uleb128 0x3
  74 004e D0060000 		.4byte	.LASF6
  75 0052 7B       		.sleb128 -5
  76 0053 03       		.uleb128 0x3
  77 0054 090F0000 		.4byte	.LASF7
  78 0058 7C       		.sleb128 -4
  79 0059 03       		.uleb128 0x3
  80 005a 3D0E0000 		.4byte	.LASF8
  81 005e 7E       		.sleb128 -2
  82 005f 03       		.uleb128 0x3
  83 0060 C5070000 		.4byte	.LASF9
  84 0064 7F       		.sleb128 -1
  85 0065 04       		.uleb128 0x4
  86 0066 B3010000 		.4byte	.LASF10
  87 006a 00       		.byte	0
  88 006b 04       		.uleb128 0x4
  89 006c C20E0000 		.4byte	.LASF11
  90 0070 01       		.byte	0x1
  91 0071 04       		.uleb128 0x4
  92 0072 1B000000 		.4byte	.LASF12
  93 0076 02       		.byte	0x2
  94 0077 04       		.uleb128 0x4
  95 0078 090E0000 		.4byte	.LASF13
  96 007c 03       		.byte	0x3
  97 007d 04       		.uleb128 0x4
  98 007e 05100000 		.4byte	.LASF14
  99 0082 04       		.byte	0x4
 100 0083 04       		.uleb128 0x4
 101 0084 B0050000 		.4byte	.LASF15
 102 0088 05       		.byte	0x5
 103 0089 04       		.uleb128 0x4
 104 008a 76070000 		.4byte	.LASF16
 105 008e 06       		.byte	0x6
 106 008f 04       		.uleb128 0x4
 107 0090 5E090000 		.4byte	.LASF17
 108 0094 07       		.byte	0x7
 109 0095 04       		.uleb128 0x4
 110 0096 A8110000 		.4byte	.LASF18
 111 009a 08       		.byte	0x8
 112 009b 04       		.uleb128 0x4
 113 009c EF010000 		.4byte	.LASF19
 114 00a0 09       		.byte	0x9
ARM GAS  C:\Users\gjl\AppData\Local\Temp\cc57XBsb.s 			page 3


 115 00a1 04       		.uleb128 0x4
 116 00a2 F30B0000 		.4byte	.LASF20
 117 00a6 0A       		.byte	0xa
 118 00a7 04       		.uleb128 0x4
 119 00a8 9F0A0000 		.4byte	.LASF21
 120 00ac 0B       		.byte	0xb
 121 00ad 04       		.uleb128 0x4
 122 00ae 35100000 		.4byte	.LASF22
 123 00b2 0C       		.byte	0xc
 124 00b3 04       		.uleb128 0x4
 125 00b4 FE050000 		.4byte	.LASF23
 126 00b8 0D       		.byte	0xd
 127 00b9 04       		.uleb128 0x4
 128 00ba A8070000 		.4byte	.LASF24
 129 00be 0E       		.byte	0xe
 130 00bf 04       		.uleb128 0x4
 131 00c0 4D040000 		.4byte	.LASF25
 132 00c4 0F       		.byte	0xf
 133 00c5 04       		.uleb128 0x4
 134 00c6 A2100000 		.4byte	.LASF26
 135 00ca 10       		.byte	0x10
 136 00cb 04       		.uleb128 0x4
 137 00cc 4A030000 		.4byte	.LASF27
 138 00d0 11       		.byte	0x11
 139 00d1 04       		.uleb128 0x4
 140 00d2 7A000000 		.4byte	.LASF28
 141 00d6 12       		.byte	0x12
 142 00d7 04       		.uleb128 0x4
 143 00d8 66040000 		.4byte	.LASF29
 144 00dc 13       		.byte	0x13
 145 00dd 04       		.uleb128 0x4
 146 00de 65060000 		.4byte	.LASF30
 147 00e2 14       		.byte	0x14
 148 00e3 04       		.uleb128 0x4
 149 00e4 F1100000 		.4byte	.LASF31
 150 00e8 15       		.byte	0x15
 151 00e9 04       		.uleb128 0x4
 152 00ea 66000000 		.4byte	.LASF32
 153 00ee 16       		.byte	0x16
 154 00ef 04       		.uleb128 0x4
 155 00f0 65050000 		.4byte	.LASF33
 156 00f4 17       		.byte	0x17
 157 00f5 04       		.uleb128 0x4
 158 00f6 C2000000 		.4byte	.LASF34
 159 00fa 18       		.byte	0x18
 160 00fb 04       		.uleb128 0x4
 161 00fc 2E0F0000 		.4byte	.LASF35
 162 0100 19       		.byte	0x19
 163 0101 04       		.uleb128 0x4
 164 0102 09070000 		.4byte	.LASF36
 165 0106 1A       		.byte	0x1a
 166 0107 04       		.uleb128 0x4
 167 0108 E0080000 		.4byte	.LASF37
 168 010c 1B       		.byte	0x1b
 169 010d 04       		.uleb128 0x4
 170 010e BD0B0000 		.4byte	.LASF38
 171 0112 1C       		.byte	0x1c
ARM GAS  C:\Users\gjl\AppData\Local\Temp\cc57XBsb.s 			page 4


 172 0113 04       		.uleb128 0x4
 173 0114 1C010000 		.4byte	.LASF39
 174 0118 1D       		.byte	0x1d
 175 0119 04       		.uleb128 0x4
 176 011a 9D030000 		.4byte	.LASF40
 177 011e 1E       		.byte	0x1e
 178 011f 04       		.uleb128 0x4
 179 0120 CC050000 		.4byte	.LASF41
 180 0124 1F       		.byte	0x1f
 181 0125 04       		.uleb128 0x4
 182 0126 3E0D0000 		.4byte	.LASF42
 183 012a 20       		.byte	0x20
 184 012b 04       		.uleb128 0x4
 185 012c 7F0F0000 		.4byte	.LASF43
 186 0130 21       		.byte	0x21
 187 0131 04       		.uleb128 0x4
 188 0132 C4110000 		.4byte	.LASF44
 189 0136 22       		.byte	0x22
 190 0137 04       		.uleb128 0x4
 191 0138 0C110000 		.4byte	.LASF45
 192 013c 23       		.byte	0x23
 193 013d 04       		.uleb128 0x4
 194 013e 38010000 		.4byte	.LASF46
 195 0142 24       		.byte	0x24
 196 0143 04       		.uleb128 0x4
 197 0144 D5030000 		.4byte	.LASF47
 198 0148 25       		.byte	0x25
 199 0149 04       		.uleb128 0x4
 200 014a F6110000 		.4byte	.LASF48
 201 014e 26       		.byte	0x26
 202 014f 04       		.uleb128 0x4
 203 0150 760D0000 		.4byte	.LASF49
 204 0154 27       		.byte	0x27
 205 0155 04       		.uleb128 0x4
 206 0156 B70F0000 		.4byte	.LASF50
 207 015a 28       		.byte	0x28
 208 015b 04       		.uleb128 0x4
 209 015c ED000000 		.4byte	.LASF51
 210 0160 29       		.byte	0x29
 211 0161 04       		.uleb128 0x4
 212 0162 39050000 		.4byte	.LASF52
 213 0166 2A       		.byte	0x2a
 214 0167 04       		.uleb128 0x4
 215 0168 7E050000 		.4byte	.LASF53
 216 016c 2B       		.byte	0x2b
 217 016d 04       		.uleb128 0x4
 218 016e 490E0000 		.4byte	.LASF54
 219 0172 2C       		.byte	0x2c
 220 0173 04       		.uleb128 0x4
 221 0174 49090000 		.4byte	.LASF55
 222 0178 2D       		.byte	0x2d
 223 0179 04       		.uleb128 0x4
 224 017a 37000000 		.4byte	.LASF56
 225 017e 2E       		.byte	0x2e
 226 017f 04       		.uleb128 0x4
 227 0180 AD0E0000 		.4byte	.LASF57
 228 0184 2F       		.byte	0x2f
ARM GAS  C:\Users\gjl\AppData\Local\Temp\cc57XBsb.s 			page 5


 229 0185 04       		.uleb128 0x4
 230 0186 F1040000 		.4byte	.LASF58
 231 018a 30       		.byte	0x30
 232 018b 04       		.uleb128 0x4
 233 018c 1B0F0000 		.4byte	.LASF59
 234 0190 31       		.byte	0x31
 235 0191 04       		.uleb128 0x4
 236 0192 86100000 		.4byte	.LASF60
 237 0196 32       		.byte	0x32
 238 0197 04       		.uleb128 0x4
 239 0198 8F000000 		.4byte	.LASF61
 240 019c 33       		.byte	0x33
 241 019d 04       		.uleb128 0x4
 242 019e CC020000 		.4byte	.LASF62
 243 01a2 34       		.byte	0x34
 244 01a3 04       		.uleb128 0x4
 245 01a4 830A0000 		.4byte	.LASF63
 246 01a8 35       		.byte	0x35
 247 01a9 04       		.uleb128 0x4
 248 01aa 31040000 		.4byte	.LASF64
 249 01ae 36       		.byte	0x36
 250 01af 04       		.uleb128 0x4
 251 01b0 ED0E0000 		.4byte	.LASF65
 252 01b4 37       		.byte	0x37
 253 01b5 04       		.uleb128 0x4
 254 01b6 A4040000 		.4byte	.LASF66
 255 01ba 38       		.byte	0x38
 256 01bb 04       		.uleb128 0x4
 257 01bc 45110000 		.4byte	.LASF67
 258 01c0 39       		.byte	0x39
 259 01c1 04       		.uleb128 0x4
 260 01c2 7D080000 		.4byte	.LASF68
 261 01c6 3A       		.byte	0x3a
 262 01c7 04       		.uleb128 0x4
 263 01c8 540B0000 		.4byte	.LASF69
 264 01cc 3B       		.byte	0x3b
 265 01cd 04       		.uleb128 0x4
 266 01ce A9080000 		.4byte	.LASF70
 267 01d2 3C       		.byte	0x3c
 268 01d3 04       		.uleb128 0x4
 269 01d4 860B0000 		.4byte	.LASF71
 270 01d8 3D       		.byte	0x3d
 271 01d9 04       		.uleb128 0x4
 272 01da EC0D0000 		.4byte	.LASF72
 273 01de 3E       		.byte	0x3e
 274 01df 04       		.uleb128 0x4
 275 01e0 7A090000 		.4byte	.LASF73
 276 01e4 3F       		.byte	0x3f
 277 01e5 04       		.uleb128 0x4
 278 01e6 93050000 		.4byte	.LASF74
 279 01ea 40       		.byte	0x40
 280 01eb 04       		.uleb128 0x4
 281 01ec 59070000 		.4byte	.LASF75
 282 01f0 41       		.byte	0x41
 283 01f1 04       		.uleb128 0x4
 284 01f2 210B0000 		.4byte	.LASF76
 285 01f6 42       		.byte	0x42
ARM GAS  C:\Users\gjl\AppData\Local\Temp\cc57XBsb.s 			page 6


 286 01f7 04       		.uleb128 0x4
 287 01f8 5A0D0000 		.4byte	.LASF77
 288 01fc 43       		.byte	0x43
 289 01fd 04       		.uleb128 0x4
 290 01fe 9B0F0000 		.4byte	.LASF78
 291 0202 44       		.byte	0x44
 292 0203 04       		.uleb128 0x4
 293 0204 7C0C0000 		.4byte	.LASF79
 294 0208 45       		.byte	0x45
 295 0209 04       		.uleb128 0x4
 296 020a 25070000 		.4byte	.LASF80
 297 020e 46       		.byte	0x46
 298 020f 04       		.uleb128 0x4
 299 0210 FC080000 		.4byte	.LASF81
 300 0214 47       		.byte	0x47
 301 0215 04       		.uleb128 0x4
 302 0216 29110000 		.4byte	.LASF82
 303 021a 48       		.byte	0x48
 304 021b 04       		.uleb128 0x4
 305 021c B9030000 		.4byte	.LASF83
 306 0220 49       		.byte	0x49
 307 0221 04       		.uleb128 0x4
 308 0222 F2030000 		.4byte	.LASF84
 309 0226 4A       		.byte	0x4a
 310 0227 04       		.uleb128 0x4
 311 0228 B0020000 		.4byte	.LASF85
 312 022c 4B       		.byte	0x4b
 313 022d 04       		.uleb128 0x4
 314 022e D4100000 		.4byte	.LASF86
 315 0232 4C       		.byte	0x4c
 316 0233 04       		.uleb128 0x4
 317 0234 B20C0000 		.4byte	.LASF87
 318 0238 4D       		.byte	0x4d
 319 0239 04       		.uleb128 0x4
 320 023a 69100000 		.4byte	.LASF88
 321 023e 4E       		.byte	0x4e
 322 023f 04       		.uleb128 0x4
 323 0240 36060000 		.4byte	.LASF89
 324 0244 4F       		.byte	0x4f
 325 0245 04       		.uleb128 0x4
 326 0246 D2070000 		.4byte	.LASF90
 327 024a 50       		.byte	0x50
 328 024b 04       		.uleb128 0x4
 329 024c 4A0A0000 		.4byte	.LASF91
 330 0250 51       		.byte	0x51
 331 0251 04       		.uleb128 0x4
 332 0252 B2060000 		.4byte	.LASF92
 333 0256 52       		.byte	0x52
 334 0257 04       		.uleb128 0x4
 335 0258 3F080000 		.4byte	.LASF93
 336 025c 53       		.byte	0x53
 337 025d 04       		.uleb128 0x4
 338 025e 60020000 		.4byte	.LASF94
 339 0262 54       		.byte	0x54
 340 0263 04       		.uleb128 0x4
 341 0264 41070000 		.4byte	.LASF95
 342 0268 55       		.byte	0x55
ARM GAS  C:\Users\gjl\AppData\Local\Temp\cc57XBsb.s 			page 7


 343 0269 04       		.uleb128 0x4
 344 026a 88110000 		.4byte	.LASF96
 345 026e 56       		.byte	0x56
 346 026f 04       		.uleb128 0x4
 347 0270 CF010000 		.4byte	.LASF97
 348 0274 57       		.byte	0x57
 349 0275 04       		.uleb128 0x4
 350 0276 410C0000 		.4byte	.LASF98
 351 027a 58       		.byte	0x58
 352 027b 04       		.uleb128 0x4
 353 027c C0040000 		.4byte	.LASF99
 354 0280 59       		.byte	0x59
 355 0281 04       		.uleb128 0x4
 356 0282 BA100000 		.4byte	.LASF100
 357 0286 5A       		.byte	0x5a
 358 0287 04       		.uleb128 0x4
 359 0288 81060000 		.4byte	.LASF101
 360 028c 5B       		.byte	0x5b
 361 028d 04       		.uleb128 0x4
 362 028e 0A080000 		.4byte	.LASF102
 363 0292 5C       		.byte	0x5c
 364 0293 04       		.uleb128 0x4
 365 0294 D20A0000 		.4byte	.LASF103
 366 0298 5D       		.byte	0x5d
 367 0299 04       		.uleb128 0x4
 368 029a 4C000000 		.4byte	.LASF104
 369 029e 5E       		.byte	0x5e
 370 029f 04       		.uleb128 0x4
 371 02a0 96020000 		.4byte	.LASF105
 372 02a4 5F       		.byte	0x5f
 373 02a5 04       		.uleb128 0x4
 374 02a6 06050000 		.4byte	.LASF106
 375 02aa 60       		.byte	0x60
 376 02ab 04       		.uleb128 0x4
 377 02ac 980C0000 		.4byte	.LASF107
 378 02b0 61       		.byte	0x61
 379 02b1 04       		.uleb128 0x4
 380 02b2 60030000 		.4byte	.LASF108
 381 02b6 62       		.byte	0x62
 382 02b7 04       		.uleb128 0x4
 383 02b8 070B0000 		.4byte	.LASF109
 384 02bc 63       		.byte	0x63
 385 02bd 04       		.uleb128 0x4
 386 02be 140D0000 		.4byte	.LASF110
 387 02c2 64       		.byte	0x64
 388 02c3 04       		.uleb128 0x4
 389 02c4 650F0000 		.4byte	.LASF111
 390 02c8 65       		.byte	0x65
 391 02c9 04       		.uleb128 0x4
 392 02ca 6E110000 		.4byte	.LASF112
 393 02ce 66       		.byte	0x66
 394 02cf 04       		.uleb128 0x4
 395 02d0 EF060000 		.4byte	.LASF113
 396 02d4 67       		.byte	0x67
 397 02d5 04       		.uleb128 0x4
 398 02d6 C6080000 		.4byte	.LASF114
 399 02da 68       		.byte	0x68
ARM GAS  C:\Users\gjl\AppData\Local\Temp\cc57XBsb.s 			page 8


 400 02db 04       		.uleb128 0x4
 401 02dc A30B0000 		.4byte	.LASF115
 402 02e0 69       		.byte	0x69
 403 02e1 04       		.uleb128 0x4
 404 02e2 02010000 		.4byte	.LASF116
 405 02e6 6A       		.byte	0x6a
 406 02e7 04       		.uleb128 0x4
 407 02e8 83030000 		.4byte	.LASF117
 408 02ec 6B       		.byte	0x6b
 409 02ed 04       		.uleb128 0x4
 410 02ee 98010000 		.4byte	.LASF118
 411 02f2 6C       		.byte	0x6c
 412 02f3 04       		.uleb128 0x4
 413 02f4 16040000 		.4byte	.LASF119
 414 02f8 6D       		.byte	0x6d
 415 02f9 04       		.uleb128 0x4
 416 02fa 1B060000 		.4byte	.LASF120
 417 02fe 6E       		.byte	0x6e
 418 02ff 04       		.uleb128 0x4
 419 0300 24080000 		.4byte	.LASF121
 420 0304 6F       		.byte	0x6f
 421 0305 04       		.uleb128 0x4
 422 0306 EA0F0000 		.4byte	.LASF122
 423 030a 70       		.byte	0x70
 424 030b 04       		.uleb128 0x4
 425 030c 00000000 		.4byte	.LASF123
 426 0310 71       		.byte	0x71
 427 0311 04       		.uleb128 0x4
 428 0312 45020000 		.4byte	.LASF124
 429 0316 72       		.byte	0x72
 430 0317 04       		.uleb128 0x4
 431 0318 2E090000 		.4byte	.LASF125
 432 031c 73       		.byte	0x73
 433 031d 04       		.uleb128 0x4
 434 031e 610C0000 		.4byte	.LASF126
 435 0322 74       		.byte	0x74
 436 0323 04       		.uleb128 0x4
 437 0324 920E0000 		.4byte	.LASF127
 438 0328 75       		.byte	0x75
 439 0329 04       		.uleb128 0x4
 440 032a EC0A0000 		.4byte	.LASF128
 441 032e 76       		.byte	0x76
 442 032f 04       		.uleb128 0x4
 443 0330 F00C0000 		.4byte	.LASF129
 444 0334 77       		.byte	0x77
 445 0335 04       		.uleb128 0x4
 446 0336 4A0F0000 		.4byte	.LASF130
 447 033a 78       		.byte	0x78
 448 033b 04       		.uleb128 0x4
 449 033c EF070000 		.4byte	.LASF131
 450 0340 79       		.byte	0x79
 451 0341 04       		.uleb128 0x4
 452 0342 55010000 		.4byte	.LASF132
 453 0346 7A       		.byte	0x7a
 454 0347 04       		.uleb128 0x4
 455 0348 D7000000 		.4byte	.LASF133
 456 034c 7B       		.byte	0x7b
ARM GAS  C:\Users\gjl\AppData\Local\Temp\cc57XBsb.s 			page 9


 457 034d 04       		.uleb128 0x4
 458 034e E8050000 		.4byte	.LASF134
 459 0352 7C       		.byte	0x7c
 460 0353 04       		.uleb128 0x4
 461 0354 92070000 		.4byte	.LASF135
 462 0358 7D       		.byte	0x7d
 463 0359 04       		.uleb128 0x4
 464 035a D40F0000 		.4byte	.LASF136
 465 035e 7E       		.byte	0x7e
 466 035f 04       		.uleb128 0x4
 467 0360 E0110000 		.4byte	.LASF137
 468 0364 7F       		.byte	0x7f
 469 0365 04       		.uleb128 0x4
 470 0366 24020000 		.4byte	.LASF138
 471 036a 80       		.byte	0x80
 472 036b 04       		.uleb128 0x4
 473 036c 18090000 		.4byte	.LASF139
 474 0370 81       		.byte	0x81
 475 0371 04       		.uleb128 0x4
 476 0372 100C0000 		.4byte	.LASF140
 477 0376 82       		.byte	0x82
 478 0377 04       		.uleb128 0x4
 479 0378 5E0E0000 		.4byte	.LASF141
 480 037c 83       		.byte	0x83
 481 037d 04       		.uleb128 0x4
 482 037e 66080000 		.4byte	.LASF142
 483 0382 84       		.byte	0x84
 484 0383 04       		.uleb128 0x4
 485 0384 3D0B0000 		.4byte	.LASF143
 486 0388 85       		.byte	0x85
 487 0389 04       		.uleb128 0x4
 488 038a AB000000 		.4byte	.LASF144
 489 038e 86       		.byte	0x86
 490 038f 04       		.uleb128 0x4
 491 0390 E8020000 		.4byte	.LASF145
 492 0394 87       		.byte	0x87
 493 0395 04       		.uleb128 0x4
 494 0396 4E050000 		.4byte	.LASF146
 495 039a 88       		.byte	0x88
 496 039b 04       		.uleb128 0x4
 497 039c CF0C0000 		.4byte	.LASF147
 498 03a0 89       		.byte	0x89
 499 03a1 04       		.uleb128 0x4
 500 03a2 250E0000 		.4byte	.LASF148
 501 03a6 8A       		.byte	0x8a
 502 03a7 04       		.uleb128 0x4
 503 03a8 89040000 		.4byte	.LASF149
 504 03ac 8B       		.byte	0x8b
 505 03ad 04       		.uleb128 0x4
 506 03ae 930D0000 		.4byte	.LASF150
 507 03b2 8C       		.byte	0x8c
 508 03b3 04       		.uleb128 0x4
 509 03b4 52100000 		.4byte	.LASF151
 510 03b8 8D       		.byte	0x8d
 511 03b9 04       		.uleb128 0x4
 512 03ba 21100000 		.4byte	.LASF152
 513 03be 8E       		.byte	0x8e
ARM GAS  C:\Users\gjl\AppData\Local\Temp\cc57XBsb.s 			page 10


 514 03bf 04       		.uleb128 0x4
 515 03c0 670A0000 		.4byte	.LASF153
 516 03c4 8F       		.byte	0x8f
 517 03c5 04       		.uleb128 0x4
 518 03c6 9B060000 		.4byte	.LASF154
 519 03ca 90       		.byte	0x90
 520 03cb 04       		.uleb128 0x4
 521 03cc 82010000 		.4byte	.LASF155
 522 03d0 91       		.byte	0x91
 523 03d1 04       		.uleb128 0x4
 524 03d2 0B020000 		.4byte	.LASF156
 525 03d6 92       		.byte	0x92
 526 03d7 04       		.uleb128 0x4
 527 03d8 260C0000 		.4byte	.LASF157
 528 03dc F0       		.byte	0xf0
 529 03dd 00       		.byte	0
 530 03de 05       		.uleb128 0x5
 531 03df 02       		.byte	0x2
 532 03e0 05       		.byte	0x5
 533 03e1 370C0000 		.4byte	.LASF158
 534 03e5 06       		.uleb128 0x6
 535 03e6 E60C0000 		.4byte	.LASF162
 536 03ea 01       		.byte	0x1
 537 03eb F4       		.byte	0xf4
 538 03ec 1D000000 		.4byte	0x1d
 539 03f0 05       		.uleb128 0x5
 540 03f1 01       		.byte	0x1
 541 03f2 06       		.byte	0x6
 542 03f3 8A020000 		.4byte	.LASF159
 543 03f7 05       		.uleb128 0x5
 544 03f8 01       		.byte	0x1
 545 03f9 08       		.byte	0x8
 546 03fa 780B0000 		.4byte	.LASF160
 547 03fe 05       		.uleb128 0x5
 548 03ff 02       		.byte	0x2
 549 0400 07       		.byte	0x7
 550 0401 DC060000 		.4byte	.LASF161
 551 0405 06       		.uleb128 0x6
 552 0406 880E0000 		.4byte	.LASF163
 553 040a 02       		.byte	0x2
 554 040b 3F       		.byte	0x3f
 555 040c 10040000 		.4byte	0x410
 556 0410 05       		.uleb128 0x5
 557 0411 04       		.byte	0x4
 558 0412 05       		.byte	0x5
 559 0413 7A030000 		.4byte	.LASF164
 560 0417 06       		.uleb128 0x6
 561 0418 20050000 		.4byte	.LASF165
 562 041c 02       		.byte	0x2
 563 041d 41       		.byte	0x41
 564 041e 22040000 		.4byte	0x422
 565 0422 05       		.uleb128 0x5
 566 0423 04       		.byte	0x4
 567 0424 07       		.byte	0x7
 568 0425 53060000 		.4byte	.LASF166
 569 0429 05       		.uleb128 0x5
 570 042a 08       		.byte	0x8
ARM GAS  C:\Users\gjl\AppData\Local\Temp\cc57XBsb.s 			page 11


 571 042b 05       		.byte	0x5
 572 042c 7C020000 		.4byte	.LASF167
 573 0430 05       		.uleb128 0x5
 574 0431 08       		.byte	0x8
 575 0432 07       		.byte	0x7
 576 0433 6B010000 		.4byte	.LASF168
 577 0437 07       		.uleb128 0x7
 578 0438 04       		.byte	0x4
 579 0439 05       		.byte	0x5
 580 043a 696E7400 		.ascii	"int\000"
 581 043e 05       		.uleb128 0x5
 582 043f 04       		.byte	0x4
 583 0440 07       		.byte	0x7
 584 0441 E60B0000 		.4byte	.LASF169
 585 0445 06       		.uleb128 0x6
 586 0446 700B0000 		.4byte	.LASF170
 587 044a 03       		.byte	0x3
 588 044b 2C       		.byte	0x2c
 589 044c 05040000 		.4byte	0x405
 590 0450 06       		.uleb128 0x6
 591 0451 0B0D0000 		.4byte	.LASF171
 592 0455 03       		.byte	0x3
 593 0456 30       		.byte	0x30
 594 0457 17040000 		.4byte	0x417
 595 045b 05       		.uleb128 0x5
 596 045c 04       		.byte	0x4
 597 045d 07       		.byte	0x7
 598 045e 5D080000 		.4byte	.LASF172
 599 0462 05       		.uleb128 0x5
 600 0463 08       		.byte	0x8
 601 0464 04       		.byte	0x4
 602 0465 AE0D0000 		.4byte	.LASF173
 603 0469 05       		.uleb128 0x5
 604 046a 01       		.byte	0x1
 605 046b 08       		.byte	0x8
 606 046c BA0D0000 		.4byte	.LASF174
 607 0470 05       		.uleb128 0x5
 608 0471 04       		.byte	0x4
 609 0472 04       		.byte	0x4
 610 0473 7D0A0000 		.4byte	.LASF175
 611 0477 05       		.uleb128 0x5
 612 0478 08       		.byte	0x8
 613 0479 04       		.byte	0x4
 614 047a 82040000 		.4byte	.LASF176
 615 047e 08       		.uleb128 0x8
 616 047f 08       		.byte	0x8
 617 0480 04       		.byte	0x4
 618 0481 EB       		.byte	0xeb
 619 0482 9F040000 		.4byte	0x49f
 620 0486 09       		.uleb128 0x9
 621 0487 0E040000 		.4byte	.LASF177
 622 048b 04       		.byte	0x4
 623 048c EC       		.byte	0xec
 624 048d E5030000 		.4byte	0x3e5
 625 0491 00       		.byte	0
 626 0492 09       		.uleb128 0x9
 627 0493 61110000 		.4byte	.LASF178
ARM GAS  C:\Users\gjl\AppData\Local\Temp\cc57XBsb.s 			page 12


 628 0497 04       		.byte	0x4
 629 0498 F0       		.byte	0xf0
 630 0499 50040000 		.4byte	0x450
 631 049d 04       		.byte	0x4
 632 049e 00       		.byte	0
 633 049f 06       		.uleb128 0x6
 634 04a0 99080000 		.4byte	.LASF179
 635 04a4 04       		.byte	0x4
 636 04a5 F1       		.byte	0xf1
 637 04a6 7E040000 		.4byte	0x47e
 638 04aa 0A       		.uleb128 0xa
 639 04ab D90B0000 		.4byte	.LASF180
 640 04af 05       		.byte	0x5
 641 04b0 EA07     		.2byte	0x7ea
 642 04b2 B6040000 		.4byte	0x4b6
 643 04b6 0B       		.uleb128 0xb
 644 04b7 45040000 		.4byte	0x445
 645 04bb 0C       		.uleb128 0xc
 646 04bc E0040000 		.4byte	.LASF181
 647 04c0 06       		.byte	0x6
 648 04c1 18       		.byte	0x18
 649 04c2 CC040000 		.4byte	0x4cc
 650 04c6 05       		.uleb128 0x5
 651 04c7 03       		.byte	0x3
 652 04c8 00000000 		.4byte	UART_SCB_IRQ_cfg
 653 04cc 0D       		.uleb128 0xd
 654 04cd 9F040000 		.4byte	0x49f
 655 04d1 00       		.byte	0
 656              		.section	.debug_abbrev,"",%progbits
 657              	.Ldebug_abbrev0:
 658 0000 01       		.uleb128 0x1
 659 0001 11       		.uleb128 0x11
 660 0002 01       		.byte	0x1
 661 0003 25       		.uleb128 0x25
 662 0004 0E       		.uleb128 0xe
 663 0005 13       		.uleb128 0x13
 664 0006 0B       		.uleb128 0xb
 665 0007 03       		.uleb128 0x3
 666 0008 0E       		.uleb128 0xe
 667 0009 1B       		.uleb128 0x1b
 668 000a 0E       		.uleb128 0xe
 669 000b 10       		.uleb128 0x10
 670 000c 17       		.uleb128 0x17
 671 000d 00       		.byte	0
 672 000e 00       		.byte	0
 673 000f 02       		.uleb128 0x2
 674 0010 04       		.uleb128 0x4
 675 0011 01       		.byte	0x1
 676 0012 0B       		.uleb128 0xb
 677 0013 0B       		.uleb128 0xb
 678 0014 49       		.uleb128 0x49
 679 0015 13       		.uleb128 0x13
 680 0016 3A       		.uleb128 0x3a
 681 0017 0B       		.uleb128 0xb
 682 0018 3B       		.uleb128 0x3b
 683 0019 0B       		.uleb128 0xb
 684 001a 01       		.uleb128 0x1
ARM GAS  C:\Users\gjl\AppData\Local\Temp\cc57XBsb.s 			page 13


 685 001b 13       		.uleb128 0x13
 686 001c 00       		.byte	0
 687 001d 00       		.byte	0
 688 001e 03       		.uleb128 0x3
 689 001f 28       		.uleb128 0x28
 690 0020 00       		.byte	0
 691 0021 03       		.uleb128 0x3
 692 0022 0E       		.uleb128 0xe
 693 0023 1C       		.uleb128 0x1c
 694 0024 0D       		.uleb128 0xd
 695 0025 00       		.byte	0
 696 0026 00       		.byte	0
 697 0027 04       		.uleb128 0x4
 698 0028 28       		.uleb128 0x28
 699 0029 00       		.byte	0
 700 002a 03       		.uleb128 0x3
 701 002b 0E       		.uleb128 0xe
 702 002c 1C       		.uleb128 0x1c
 703 002d 0B       		.uleb128 0xb
 704 002e 00       		.byte	0
 705 002f 00       		.byte	0
 706 0030 05       		.uleb128 0x5
 707 0031 24       		.uleb128 0x24
 708 0032 00       		.byte	0
 709 0033 0B       		.uleb128 0xb
 710 0034 0B       		.uleb128 0xb
 711 0035 3E       		.uleb128 0x3e
 712 0036 0B       		.uleb128 0xb
 713 0037 03       		.uleb128 0x3
 714 0038 0E       		.uleb128 0xe
 715 0039 00       		.byte	0
 716 003a 00       		.byte	0
 717 003b 06       		.uleb128 0x6
 718 003c 16       		.uleb128 0x16
 719 003d 00       		.byte	0
 720 003e 03       		.uleb128 0x3
 721 003f 0E       		.uleb128 0xe
 722 0040 3A       		.uleb128 0x3a
 723 0041 0B       		.uleb128 0xb
 724 0042 3B       		.uleb128 0x3b
 725 0043 0B       		.uleb128 0xb
 726 0044 49       		.uleb128 0x49
 727 0045 13       		.uleb128 0x13
 728 0046 00       		.byte	0
 729 0047 00       		.byte	0
 730 0048 07       		.uleb128 0x7
 731 0049 24       		.uleb128 0x24
 732 004a 00       		.byte	0
 733 004b 0B       		.uleb128 0xb
 734 004c 0B       		.uleb128 0xb
 735 004d 3E       		.uleb128 0x3e
 736 004e 0B       		.uleb128 0xb
 737 004f 03       		.uleb128 0x3
 738 0050 08       		.uleb128 0x8
 739 0051 00       		.byte	0
 740 0052 00       		.byte	0
 741 0053 08       		.uleb128 0x8
ARM GAS  C:\Users\gjl\AppData\Local\Temp\cc57XBsb.s 			page 14


 742 0054 13       		.uleb128 0x13
 743 0055 01       		.byte	0x1
 744 0056 0B       		.uleb128 0xb
 745 0057 0B       		.uleb128 0xb
 746 0058 3A       		.uleb128 0x3a
 747 0059 0B       		.uleb128 0xb
 748 005a 3B       		.uleb128 0x3b
 749 005b 0B       		.uleb128 0xb
 750 005c 01       		.uleb128 0x1
 751 005d 13       		.uleb128 0x13
 752 005e 00       		.byte	0
 753 005f 00       		.byte	0
 754 0060 09       		.uleb128 0x9
 755 0061 0D       		.uleb128 0xd
 756 0062 00       		.byte	0
 757 0063 03       		.uleb128 0x3
 758 0064 0E       		.uleb128 0xe
 759 0065 3A       		.uleb128 0x3a
 760 0066 0B       		.uleb128 0xb
 761 0067 3B       		.uleb128 0x3b
 762 0068 0B       		.uleb128 0xb
 763 0069 49       		.uleb128 0x49
 764 006a 13       		.uleb128 0x13
 765 006b 38       		.uleb128 0x38
 766 006c 0B       		.uleb128 0xb
 767 006d 00       		.byte	0
 768 006e 00       		.byte	0
 769 006f 0A       		.uleb128 0xa
 770 0070 34       		.uleb128 0x34
 771 0071 00       		.byte	0
 772 0072 03       		.uleb128 0x3
 773 0073 0E       		.uleb128 0xe
 774 0074 3A       		.uleb128 0x3a
 775 0075 0B       		.uleb128 0xb
 776 0076 3B       		.uleb128 0x3b
 777 0077 05       		.uleb128 0x5
 778 0078 49       		.uleb128 0x49
 779 0079 13       		.uleb128 0x13
 780 007a 3F       		.uleb128 0x3f
 781 007b 19       		.uleb128 0x19
 782 007c 3C       		.uleb128 0x3c
 783 007d 19       		.uleb128 0x19
 784 007e 00       		.byte	0
 785 007f 00       		.byte	0
 786 0080 0B       		.uleb128 0xb
 787 0081 35       		.uleb128 0x35
 788 0082 00       		.byte	0
 789 0083 49       		.uleb128 0x49
 790 0084 13       		.uleb128 0x13
 791 0085 00       		.byte	0
 792 0086 00       		.byte	0
 793 0087 0C       		.uleb128 0xc
 794 0088 34       		.uleb128 0x34
 795 0089 00       		.byte	0
 796 008a 03       		.uleb128 0x3
 797 008b 0E       		.uleb128 0xe
 798 008c 3A       		.uleb128 0x3a
ARM GAS  C:\Users\gjl\AppData\Local\Temp\cc57XBsb.s 			page 15


 799 008d 0B       		.uleb128 0xb
 800 008e 3B       		.uleb128 0x3b
 801 008f 0B       		.uleb128 0xb
 802 0090 49       		.uleb128 0x49
 803 0091 13       		.uleb128 0x13
 804 0092 3F       		.uleb128 0x3f
 805 0093 19       		.uleb128 0x19
 806 0094 02       		.uleb128 0x2
 807 0095 18       		.uleb128 0x18
 808 0096 00       		.byte	0
 809 0097 00       		.byte	0
 810 0098 0D       		.uleb128 0xd
 811 0099 26       		.uleb128 0x26
 812 009a 00       		.byte	0
 813 009b 49       		.uleb128 0x49
 814 009c 13       		.uleb128 0x13
 815 009d 00       		.byte	0
 816 009e 00       		.byte	0
 817 009f 00       		.byte	0
 818              		.section	.debug_aranges,"",%progbits
 819 0000 14000000 		.4byte	0x14
 820 0004 0200     		.2byte	0x2
 821 0006 00000000 		.4byte	.Ldebug_info0
 822 000a 04       		.byte	0x4
 823 000b 00       		.byte	0
 824 000c 0000     		.2byte	0
 825 000e 0000     		.2byte	0
 826 0010 00000000 		.4byte	0
 827 0014 00000000 		.4byte	0
 828              		.section	.debug_line,"",%progbits
 829              	.Ldebug_line0:
 830 0000 10020000 		.section	.debug_str,"MS",%progbits,1
 830      02000A02 
 830      00000201 
 830      FB0E0D00 
 830      01010101 
 831              	.LASF123:
 832 0000 74637077 		.ascii	"tcpwm_1_interrupts_15_IRQn\000"
 832      6D5F315F 
 832      696E7465 
 832      72727570 
 832      74735F31 
 833              	.LASF12:
 834 001b 696F7373 		.ascii	"ioss_interrupts_gpio_2_IRQn\000"
 834      5F696E74 
 834      65727275 
 834      7074735F 
 834      6770696F 
 835              	.LASF56:
 836 0037 7363625F 		.ascii	"scb_5_interrupt_IRQn\000"
 836      355F696E 
 836      74657272 
 836      7570745F 
 836      4952516E 
 837              	.LASF104:
 838 004c 74637077 		.ascii	"tcpwm_0_interrupts_4_IRQn\000"
 838      6D5F305F 
ARM GAS  C:\Users\gjl\AppData\Local\Temp\cc57XBsb.s 			page 16


 838      696E7465 
 838      72727570 
 838      74735F34 
 839              	.LASF32:
 840 0066 73727373 		.ascii	"srss_interrupt_IRQn\000"
 840      5F696E74 
 840      65727275 
 840      70745F49 
 840      52516E00 
 841              	.LASF28:
 842 007a 7363625F 		.ascii	"scb_8_interrupt_IRQn\000"
 842      385F696E 
 842      74657272 
 842      7570745F 
 842      4952516E 
 843              	.LASF61:
 844 008f 63707573 		.ascii	"cpuss_interrupts_dw0_1_IRQn\000"
 844      735F696E 
 844      74657272 
 844      75707473 
 844      5F647730 
 845              	.LASF144:
 846 00ab 7564625F 		.ascii	"udb_interrupts_12_IRQn\000"
 846      696E7465 
 846      72727570 
 846      74735F31 
 846      325F4952 
 847              	.LASF34:
 848 00c2 626C6573 		.ascii	"bless_interrupt_IRQn\000"
 848      735F696E 
 848      74657272 
 848      7570745F 
 848      4952516E 
 849              	.LASF133:
 850 00d7 7564625F 		.ascii	"udb_interrupts_1_IRQn\000"
 850      696E7465 
 850      72727570 
 850      74735F31 
 850      5F495251 
 851              	.LASF51:
 852 00ed 7363625F 		.ascii	"scb_0_interrupt_IRQn\000"
 852      305F696E 
 852      74657272 
 852      7570745F 
 852      4952516E 
 853              	.LASF116:
 854 0102 74637077 		.ascii	"tcpwm_1_interrupts_8_IRQn\000"
 854      6D5F315F 
 854      696E7465 
 854      72727570 
 854      74735F38 
 855              	.LASF39:
 856 011c 63707573 		.ascii	"cpuss_interrupts_ipc_4_IRQn\000"
 856      735F696E 
 856      74657272 
 856      75707473 
 856      5F697063 
ARM GAS  C:\Users\gjl\AppData\Local\Temp\cc57XBsb.s 			page 17


 857              	.LASF46:
 858 0138 63707573 		.ascii	"cpuss_interrupts_ipc_11_IRQn\000"
 858      735F696E 
 858      74657272 
 858      75707473 
 858      5F697063 
 859              	.LASF132:
 860 0155 7564625F 		.ascii	"udb_interrupts_0_IRQn\000"
 860      696E7465 
 860      72727570 
 860      74735F30 
 860      5F495251 
 861              	.LASF168:
 862 016b 6C6F6E67 		.ascii	"long long unsigned int\000"
 862      206C6F6E 
 862      6720756E 
 862      7369676E 
 862      65642069 
 863              	.LASF155:
 864 0182 7573625F 		.ascii	"usb_interrupt_lo_IRQn\000"
 864      696E7465 
 864      72727570 
 864      745F6C6F 
 864      5F495251 
 865              	.LASF118:
 866 0198 74637077 		.ascii	"tcpwm_1_interrupts_10_IRQn\000"
 866      6D5F315F 
 866      696E7465 
 866      72727570 
 866      74735F31 
 867              	.LASF10:
 868 01b3 696F7373 		.ascii	"ioss_interrupts_gpio_0_IRQn\000"
 868      5F696E74 
 868      65727275 
 868      7074735F 
 868      6770696F 
 869              	.LASF97:
 870 01cf 63707573 		.ascii	"cpuss_interrupts_cm0_cti_1_IRQn\000"
 870      735F696E 
 870      74657272 
 870      75707473 
 870      5F636D30 
 871              	.LASF19:
 872 01ef 696F7373 		.ascii	"ioss_interrupts_gpio_9_IRQn\000"
 872      5F696E74 
 872      65727275 
 872      7074735F 
 872      6770696F 
 873              	.LASF156:
 874 020b 70617373 		.ascii	"pass_interrupt_dacs_IRQn\000"
 874      5F696E74 
 874      65727275 
 874      70745F64 
 874      6163735F 
 875              	.LASF138:
 876 0224 7564625F 		.ascii	"udb_interrupts_6_IRQn\000"
 876      696E7465 
ARM GAS  C:\Users\gjl\AppData\Local\Temp\cc57XBsb.s 			page 18


 876      72727570 
 876      74735F36 
 876      5F495251 
 877              	.LASF0:
 878 023a 52657365 		.ascii	"Reset_IRQn\000"
 878      745F4952 
 878      516E00
 879              	.LASF124:
 880 0245 74637077 		.ascii	"tcpwm_1_interrupts_16_IRQn\000"
 880      6D5F315F 
 880      696E7465 
 880      72727570 
 880      74735F31 
 881              	.LASF94:
 882 0260 63707573 		.ascii	"cpuss_interrupt_crypto_IRQn\000"
 882      735F696E 
 882      74657272 
 882      7570745F 
 882      63727970 
 883              	.LASF167:
 884 027c 6C6F6E67 		.ascii	"long long int\000"
 884      206C6F6E 
 884      6720696E 
 884      7400
 885              	.LASF159:
 886 028a 7369676E 		.ascii	"signed char\000"
 886      65642063 
 886      68617200 
 887              	.LASF105:
 888 0296 74637077 		.ascii	"tcpwm_0_interrupts_5_IRQn\000"
 888      6D5F305F 
 888      696E7465 
 888      72727570 
 888      74735F35 
 889              	.LASF85:
 890 02b0 63707573 		.ascii	"cpuss_interrupts_dw1_9_IRQn\000"
 890      735F696E 
 890      74657272 
 890      75707473 
 890      5F647731 
 891              	.LASF62:
 892 02cc 63707573 		.ascii	"cpuss_interrupts_dw0_2_IRQn\000"
 892      735F696E 
 892      74657272 
 892      75707473 
 892      5F647730 
 893              	.LASF145:
 894 02e8 7564625F 		.ascii	"udb_interrupts_13_IRQn\000"
 894      696E7465 
 894      72727570 
 894      74735F31 
 894      335F4952 
 895              	.LASF184:
 896 02ff 433A5C47 		.ascii	"C:\\Git\\PSoC6-101-Videos\\Projects_ScreenCapture\\"
 896      69745C50 
 896      536F4336 
 896      2D313031 
ARM GAS  C:\Users\gjl\AppData\Local\Temp\cc57XBsb.s 			page 19


 896      2D566964 
 897 032e 50536F43 		.ascii	"PSoC 6_101\\MC-2-2-PWM.cydsn\000"
 897      20365F31 
 897      30315C4D 
 897      432D322D 
 897      322D5057 
 898              	.LASF27:
 899 034a 6C70636F 		.ascii	"lpcomp_interrupt_IRQn\000"
 899      6D705F69 
 899      6E746572 
 899      72757074 
 899      5F495251 
 900              	.LASF108:
 901 0360 74637077 		.ascii	"tcpwm_1_interrupts_0_IRQn\000"
 901      6D5F315F 
 901      696E7465 
 901      72727570 
 901      74735F30 
 902              	.LASF164:
 903 037a 6C6F6E67 		.ascii	"long int\000"
 903      20696E74 
 903      00
 904              	.LASF117:
 905 0383 74637077 		.ascii	"tcpwm_1_interrupts_9_IRQn\000"
 905      6D5F315F 
 905      696E7465 
 905      72727570 
 905      74735F39 
 906              	.LASF40:
 907 039d 63707573 		.ascii	"cpuss_interrupts_ipc_5_IRQn\000"
 907      735F696E 
 907      74657272 
 907      75707473 
 907      5F697063 
 908              	.LASF83:
 909 03b9 63707573 		.ascii	"cpuss_interrupts_dw1_7_IRQn\000"
 909      735F696E 
 909      74657272 
 909      75707473 
 909      5F647731 
 910              	.LASF47:
 911 03d5 63707573 		.ascii	"cpuss_interrupts_ipc_12_IRQn\000"
 911      735F696E 
 911      74657272 
 911      75707473 
 911      5F697063 
 912              	.LASF84:
 913 03f2 63707573 		.ascii	"cpuss_interrupts_dw1_8_IRQn\000"
 913      735F696E 
 913      74657272 
 913      75707473 
 913      5F647731 
 914              	.LASF177:
 915 040e 696E7472 		.ascii	"intrSrc\000"
 915      53726300 
 916              	.LASF119:
 917 0416 74637077 		.ascii	"tcpwm_1_interrupts_11_IRQn\000"
ARM GAS  C:\Users\gjl\AppData\Local\Temp\cc57XBsb.s 			page 20


 917      6D5F315F 
 917      696E7465 
 917      72727570 
 917      74735F31 
 918              	.LASF64:
 919 0431 63707573 		.ascii	"cpuss_interrupts_dw0_4_IRQn\000"
 919      735F696E 
 919      74657272 
 919      75707473 
 919      5F647730 
 920              	.LASF25:
 921 044d 696F7373 		.ascii	"ioss_interrupt_gpio_IRQn\000"
 921      5F696E74 
 921      65727275 
 921      70745F67 
 921      70696F5F 
 922              	.LASF29:
 923 0466 73727373 		.ascii	"srss_interrupt_mcwdt_0_IRQn\000"
 923      5F696E74 
 923      65727275 
 923      70745F6D 
 923      63776474 
 924              	.LASF176:
 925 0482 646F7562 		.ascii	"double\000"
 925      6C6500
 926              	.LASF149:
 927 0489 61756469 		.ascii	"audioss_interrupt_i2s_IRQn\000"
 927      6F73735F 
 927      696E7465 
 927      72727570 
 927      745F6932 
 928              	.LASF66:
 929 04a4 63707573 		.ascii	"cpuss_interrupts_dw0_6_IRQn\000"
 929      735F696E 
 929      74657272 
 929      75707473 
 929      5F647730 
 930              	.LASF99:
 931 04c0 63707573 		.ascii	"cpuss_interrupts_cm4_cti_1_IRQn\000"
 931      735F696E 
 931      74657272 
 931      75707473 
 931      5F636D34 
 932              	.LASF181:
 933 04e0 55415254 		.ascii	"UART_SCB_IRQ_cfg\000"
 933      5F534342 
 933      5F495251 
 933      5F636667 
 933      00
 934              	.LASF58:
 935 04f1 7363625F 		.ascii	"scb_7_interrupt_IRQn\000"
 935      375F696E 
 935      74657272 
 935      7570745F 
 935      4952516E 
 936              	.LASF106:
 937 0506 74637077 		.ascii	"tcpwm_0_interrupts_6_IRQn\000"
ARM GAS  C:\Users\gjl\AppData\Local\Temp\cc57XBsb.s 			page 21


 937      6D5F305F 
 937      696E7465 
 937      72727570 
 937      74735F36 
 938              	.LASF165:
 939 0520 5F5F7569 		.ascii	"__uint32_t\000"
 939      6E743332 
 939      5F7400
 940              	.LASF4:
 941 052b 42757346 		.ascii	"BusFault_IRQn\000"
 941      61756C74 
 941      5F495251 
 941      6E00
 942              	.LASF52:
 943 0539 7363625F 		.ascii	"scb_1_interrupt_IRQn\000"
 943      315F696E 
 943      74657272 
 943      7570745F 
 943      4952516E 
 944              	.LASF146:
 945 054e 7564625F 		.ascii	"udb_interrupts_14_IRQn\000"
 945      696E7465 
 945      72727570 
 945      74735F31 
 945      345F4952 
 946              	.LASF33:
 947 0565 70617373 		.ascii	"pass_interrupt_ctbs_IRQn\000"
 947      5F696E74 
 947      65727275 
 947      70745F63 
 947      7462735F 
 948              	.LASF53:
 949 057e 7363625F 		.ascii	"scb_2_interrupt_IRQn\000"
 949      325F696E 
 949      74657272 
 949      7570745F 
 949      4952516E 
 950              	.LASF74:
 951 0593 63707573 		.ascii	"cpuss_interrupts_dw0_14_IRQn\000"
 951      735F696E 
 951      74657272 
 951      75707473 
 951      5F647730 
 952              	.LASF15:
 953 05b0 696F7373 		.ascii	"ioss_interrupts_gpio_5_IRQn\000"
 953      5F696E74 
 953      65727275 
 953      7074735F 
 953      6770696F 
 954              	.LASF41:
 955 05cc 63707573 		.ascii	"cpuss_interrupts_ipc_6_IRQn\000"
 955      735F696E 
 955      74657272 
 955      75707473 
 955      5F697063 
 956              	.LASF134:
 957 05e8 7564625F 		.ascii	"udb_interrupts_2_IRQn\000"
ARM GAS  C:\Users\gjl\AppData\Local\Temp\cc57XBsb.s 			page 22


 957      696E7465 
 957      72727570 
 957      74735F32 
 957      5F495251 
 958              	.LASF23:
 959 05fe 696F7373 		.ascii	"ioss_interrupts_gpio_13_IRQn\000"
 959      5F696E74 
 959      65727275 
 959      7074735F 
 959      6770696F 
 960              	.LASF120:
 961 061b 74637077 		.ascii	"tcpwm_1_interrupts_12_IRQn\000"
 961      6D5F315F 
 961      696E7465 
 961      72727570 
 961      74735F31 
 962              	.LASF89:
 963 0636 63707573 		.ascii	"cpuss_interrupts_dw1_13_IRQn\000"
 963      735F696E 
 963      74657272 
 963      75707473 
 963      5F647731 
 964              	.LASF166:
 965 0653 6C6F6E67 		.ascii	"long unsigned int\000"
 965      20756E73 
 965      69676E65 
 965      6420696E 
 965      7400
 966              	.LASF30:
 967 0665 73727373 		.ascii	"srss_interrupt_mcwdt_1_IRQn\000"
 967      5F696E74 
 967      65727275 
 967      70745F6D 
 967      63776474 
 968              	.LASF101:
 969 0681 74637077 		.ascii	"tcpwm_0_interrupts_1_IRQn\000"
 969      6D5F305F 
 969      696E7465 
 969      72727570 
 969      74735F31 
 970              	.LASF154:
 971 069b 7573625F 		.ascii	"usb_interrupt_med_IRQn\000"
 971      696E7465 
 971      72727570 
 971      745F6D65 
 971      645F4952 
 972              	.LASF92:
 973 06b2 63707573 		.ascii	"cpuss_interrupts_fault_0_IRQn\000"
 973      735F696E 
 973      74657272 
 973      75707473 
 973      5F666175 
 974              	.LASF6:
 975 06d0 53564361 		.ascii	"SVCall_IRQn\000"
 975      6C6C5F49 
 975      52516E00 
 976              	.LASF161:
ARM GAS  C:\Users\gjl\AppData\Local\Temp\cc57XBsb.s 			page 23


 977 06dc 73686F72 		.ascii	"short unsigned int\000"
 977      7420756E 
 977      7369676E 
 977      65642069 
 977      6E7400
 978              	.LASF113:
 979 06ef 74637077 		.ascii	"tcpwm_1_interrupts_5_IRQn\000"
 979      6D5F315F 
 979      696E7465 
 979      72727570 
 979      74735F35 
 980              	.LASF36:
 981 0709 63707573 		.ascii	"cpuss_interrupts_ipc_1_IRQn\000"
 981      735F696E 
 981      74657272 
 981      75707473 
 981      5F697063 
 982              	.LASF80:
 983 0725 63707573 		.ascii	"cpuss_interrupts_dw1_4_IRQn\000"
 983      735F696E 
 983      74657272 
 983      75707473 
 983      5F647731 
 984              	.LASF95:
 985 0741 63707573 		.ascii	"cpuss_interrupt_fm_IRQn\000"
 985      735F696E 
 985      74657272 
 985      7570745F 
 985      666D5F49 
 986              	.LASF75:
 987 0759 63707573 		.ascii	"cpuss_interrupts_dw0_15_IRQn\000"
 987      735F696E 
 987      74657272 
 987      75707473 
 987      5F647730 
 988              	.LASF16:
 989 0776 696F7373 		.ascii	"ioss_interrupts_gpio_6_IRQn\000"
 989      5F696E74 
 989      65727275 
 989      7074735F 
 989      6770696F 
 990              	.LASF135:
 991 0792 7564625F 		.ascii	"udb_interrupts_3_IRQn\000"
 991      696E7465 
 991      72727570 
 991      74735F33 
 991      5F495251 
 992              	.LASF24:
 993 07a8 696F7373 		.ascii	"ioss_interrupts_gpio_14_IRQn\000"
 993      5F696E74 
 993      65727275 
 993      7074735F 
 993      6770696F 
 994              	.LASF9:
 995 07c5 53797354 		.ascii	"SysTick_IRQn\000"
 995      69636B5F 
 995      4952516E 
ARM GAS  C:\Users\gjl\AppData\Local\Temp\cc57XBsb.s 			page 24


 995      00
 996              	.LASF90:
 997 07d2 63707573 		.ascii	"cpuss_interrupts_dw1_14_IRQn\000"
 997      735F696E 
 997      74657272 
 997      75707473 
 997      5F647731 
 998              	.LASF131:
 999 07ef 74637077 		.ascii	"tcpwm_1_interrupts_23_IRQn\000"
 999      6D5F315F 
 999      696E7465 
 999      72727570 
 999      74735F32 
 1000              	.LASF102:
 1001 080a 74637077 		.ascii	"tcpwm_0_interrupts_2_IRQn\000"
 1001      6D5F305F 
 1001      696E7465 
 1001      72727570 
 1001      74735F32 
 1002              	.LASF121:
 1003 0824 74637077 		.ascii	"tcpwm_1_interrupts_13_IRQn\000"
 1003      6D5F315F 
 1003      696E7465 
 1003      72727570 
 1003      74735F31 
 1004              	.LASF93:
 1005 083f 63707573 		.ascii	"cpuss_interrupts_fault_1_IRQn\000"
 1005      735F696E 
 1005      74657272 
 1005      75707473 
 1005      5F666175 
 1006              	.LASF172:
 1007 085d 73697A65 		.ascii	"sizetype\000"
 1007      74797065 
 1007      00
 1008              	.LASF142:
 1009 0866 7564625F 		.ascii	"udb_interrupts_10_IRQn\000"
 1009      696E7465 
 1009      72727570 
 1009      74735F31 
 1009      305F4952 
 1010              	.LASF68:
 1011 087d 63707573 		.ascii	"cpuss_interrupts_dw0_8_IRQn\000"
 1011      735F696E 
 1011      74657272 
 1011      75707473 
 1011      5F647730 
 1012              	.LASF179:
 1013 0899 63795F73 		.ascii	"cy_stc_sysint_t\000"
 1013      74635F73 
 1013      7973696E 
 1013      745F7400 
 1014              	.LASF70:
 1015 08a9 63707573 		.ascii	"cpuss_interrupts_dw0_10_IRQn\000"
 1015      735F696E 
 1015      74657272 
 1015      75707473 
ARM GAS  C:\Users\gjl\AppData\Local\Temp\cc57XBsb.s 			page 25


 1015      5F647730 
 1016              	.LASF114:
 1017 08c6 74637077 		.ascii	"tcpwm_1_interrupts_6_IRQn\000"
 1017      6D5F315F 
 1017      696E7465 
 1017      72727570 
 1017      74735F36 
 1018              	.LASF37:
 1019 08e0 63707573 		.ascii	"cpuss_interrupts_ipc_2_IRQn\000"
 1019      735F696E 
 1019      74657272 
 1019      75707473 
 1019      5F697063 
 1020              	.LASF81:
 1021 08fc 63707573 		.ascii	"cpuss_interrupts_dw1_5_IRQn\000"
 1021      735F696E 
 1021      74657272 
 1021      75707473 
 1021      5F647731 
 1022              	.LASF139:
 1023 0918 7564625F 		.ascii	"udb_interrupts_7_IRQn\000"
 1023      696E7465 
 1023      72727570 
 1023      74735F37 
 1023      5F495251 
 1024              	.LASF125:
 1025 092e 74637077 		.ascii	"tcpwm_1_interrupts_17_IRQn\000"
 1025      6D5F315F 
 1025      696E7465 
 1025      72727570 
 1025      74735F31 
 1026              	.LASF55:
 1027 0949 7363625F 		.ascii	"scb_4_interrupt_IRQn\000"
 1027      345F696E 
 1027      74657272 
 1027      7570745F 
 1027      4952516E 
 1028              	.LASF17:
 1029 095e 696F7373 		.ascii	"ioss_interrupts_gpio_7_IRQn\000"
 1029      5F696E74 
 1029      65727275 
 1029      7074735F 
 1029      6770696F 
 1030              	.LASF73:
 1031 097a 63707573 		.ascii	"cpuss_interrupts_dw0_13_IRQn\000"
 1031      735F696E 
 1031      74657272 
 1031      75707473 
 1031      5F647730 
 1032              	.LASF182:
 1033 0997 474E5520 		.ascii	"GNU C11 5.4.1 20160609 (release) [ARM/embedded-5-br"
 1033      43313120 
 1033      352E342E 
 1033      31203230 
 1033      31363036 
 1034 09ca 616E6368 		.ascii	"anch revision 237715] -mcpu=cortex-m4 -mfloat-abi=s"
 1034      20726576 
ARM GAS  C:\Users\gjl\AppData\Local\Temp\cc57XBsb.s 			page 26


 1034      6973696F 
 1034      6E203233 
 1034      37373135 
 1035 09fd 6F667466 		.ascii	"oftfp -mfpu=fpv4-sp-d16 -mthumb -g -Og -ffunction-s"
 1035      70202D6D 
 1035      6670753D 
 1035      66707634 
 1035      2D73702D 
 1036 0a30 65637469 		.ascii	"ections -ffat-lto-objects\000"
 1036      6F6E7320 
 1036      2D666661 
 1036      742D6C74 
 1036      6F2D6F62 
 1037              	.LASF91:
 1038 0a4a 63707573 		.ascii	"cpuss_interrupts_dw1_15_IRQn\000"
 1038      735F696E 
 1038      74657272 
 1038      75707473 
 1038      5F647731 
 1039              	.LASF153:
 1040 0a67 7573625F 		.ascii	"usb_interrupt_hi_IRQn\000"
 1040      696E7465 
 1040      72727570 
 1040      745F6869 
 1040      5F495251 
 1041              	.LASF175:
 1042 0a7d 666C6F61 		.ascii	"float\000"
 1042      7400
 1043              	.LASF63:
 1044 0a83 63707573 		.ascii	"cpuss_interrupts_dw0_3_IRQn\000"
 1044      735F696E 
 1044      74657272 
 1044      75707473 
 1044      5F647730 
 1045              	.LASF21:
 1046 0a9f 696F7373 		.ascii	"ioss_interrupts_gpio_11_IRQn\000"
 1046      5F696E74 
 1046      65727275 
 1046      7074735F 
 1046      6770696F 
 1047              	.LASF3:
 1048 0abc 4D656D6F 		.ascii	"MemoryManagement_IRQn\000"
 1048      72794D61 
 1048      6E616765 
 1048      6D656E74 
 1048      5F495251 
 1049              	.LASF103:
 1050 0ad2 74637077 		.ascii	"tcpwm_0_interrupts_3_IRQn\000"
 1050      6D5F305F 
 1050      696E7465 
 1050      72727570 
 1050      74735F33 
 1051              	.LASF128:
 1052 0aec 74637077 		.ascii	"tcpwm_1_interrupts_20_IRQn\000"
 1052      6D5F315F 
 1052      696E7465 
 1052      72727570 
ARM GAS  C:\Users\gjl\AppData\Local\Temp\cc57XBsb.s 			page 27


 1052      74735F32 
 1053              	.LASF109:
 1054 0b07 74637077 		.ascii	"tcpwm_1_interrupts_1_IRQn\000"
 1054      6D5F315F 
 1054      696E7465 
 1054      72727570 
 1054      74735F31 
 1055              	.LASF76:
 1056 0b21 63707573 		.ascii	"cpuss_interrupts_dw1_0_IRQn\000"
 1056      735F696E 
 1056      74657272 
 1056      75707473 
 1056      5F647731 
 1057              	.LASF143:
 1058 0b3d 7564625F 		.ascii	"udb_interrupts_11_IRQn\000"
 1058      696E7465 
 1058      72727570 
 1058      74735F31 
 1058      315F4952 
 1059              	.LASF69:
 1060 0b54 63707573 		.ascii	"cpuss_interrupts_dw0_9_IRQn\000"
 1060      735F696E 
 1060      74657272 
 1060      75707473 
 1060      5F647730 
 1061              	.LASF170:
 1062 0b70 696E7433 		.ascii	"int32_t\000"
 1062      325F7400 
 1063              	.LASF160:
 1064 0b78 756E7369 		.ascii	"unsigned char\000"
 1064      676E6564 
 1064      20636861 
 1064      7200
 1065              	.LASF71:
 1066 0b86 63707573 		.ascii	"cpuss_interrupts_dw0_11_IRQn\000"
 1066      735F696E 
 1066      74657272 
 1066      75707473 
 1066      5F647730 
 1067              	.LASF115:
 1068 0ba3 74637077 		.ascii	"tcpwm_1_interrupts_7_IRQn\000"
 1068      6D5F315F 
 1068      696E7465 
 1068      72727570 
 1068      74735F37 
 1069              	.LASF38:
 1070 0bbd 63707573 		.ascii	"cpuss_interrupts_ipc_3_IRQn\000"
 1070      735F696E 
 1070      74657272 
 1070      75707473 
 1070      5F697063 
 1071              	.LASF180:
 1072 0bd9 49544D5F 		.ascii	"ITM_RxBuffer\000"
 1072      52784275 
 1072      66666572 
 1072      00
 1073              	.LASF169:
ARM GAS  C:\Users\gjl\AppData\Local\Temp\cc57XBsb.s 			page 28


 1074 0be6 756E7369 		.ascii	"unsigned int\000"
 1074      676E6564 
 1074      20696E74 
 1074      00
 1075              	.LASF20:
 1076 0bf3 696F7373 		.ascii	"ioss_interrupts_gpio_10_IRQn\000"
 1076      5F696E74 
 1076      65727275 
 1076      7074735F 
 1076      6770696F 
 1077              	.LASF140:
 1078 0c10 7564625F 		.ascii	"udb_interrupts_8_IRQn\000"
 1078      696E7465 
 1078      72727570 
 1078      74735F38 
 1078      5F495251 
 1079              	.LASF157:
 1080 0c26 756E636F 		.ascii	"unconnected_IRQn\000"
 1080      6E6E6563 
 1080      7465645F 
 1080      4952516E 
 1080      00
 1081              	.LASF158:
 1082 0c37 73686F72 		.ascii	"short int\000"
 1082      7420696E 
 1082      7400
 1083              	.LASF98:
 1084 0c41 63707573 		.ascii	"cpuss_interrupts_cm4_cti_0_IRQn\000"
 1084      735F696E 
 1084      74657272 
 1084      75707473 
 1084      5F636D34 
 1085              	.LASF126:
 1086 0c61 74637077 		.ascii	"tcpwm_1_interrupts_18_IRQn\000"
 1086      6D5F315F 
 1086      696E7465 
 1086      72727570 
 1086      74735F31 
 1087              	.LASF79:
 1088 0c7c 63707573 		.ascii	"cpuss_interrupts_dw1_3_IRQn\000"
 1088      735F696E 
 1088      74657272 
 1088      75707473 
 1088      5F647731 
 1089              	.LASF107:
 1090 0c98 74637077 		.ascii	"tcpwm_0_interrupts_7_IRQn\000"
 1090      6D5F305F 
 1090      696E7465 
 1090      72727570 
 1090      74735F37 
 1091              	.LASF87:
 1092 0cb2 63707573 		.ascii	"cpuss_interrupts_dw1_11_IRQn\000"
 1092      735F696E 
 1092      74657272 
 1092      75707473 
 1092      5F647731 
 1093              	.LASF147:
ARM GAS  C:\Users\gjl\AppData\Local\Temp\cc57XBsb.s 			page 29


 1094 0ccf 7564625F 		.ascii	"udb_interrupts_15_IRQn\000"
 1094      696E7465 
 1094      72727570 
 1094      74735F31 
 1094      355F4952 
 1095              	.LASF162:
 1096 0ce6 4952516E 		.ascii	"IRQn_Type\000"
 1096      5F547970 
 1096      6500
 1097              	.LASF129:
 1098 0cf0 74637077 		.ascii	"tcpwm_1_interrupts_21_IRQn\000"
 1098      6D5F315F 
 1098      696E7465 
 1098      72727570 
 1098      74735F32 
 1099              	.LASF171:
 1100 0d0b 75696E74 		.ascii	"uint32_t\000"
 1100      33325F74 
 1100      00
 1101              	.LASF110:
 1102 0d14 74637077 		.ascii	"tcpwm_1_interrupts_2_IRQn\000"
 1102      6D5F315F 
 1102      696E7465 
 1102      72727570 
 1102      74735F32 
 1103              	.LASF5:
 1104 0d2e 55736167 		.ascii	"UsageFault_IRQn\000"
 1104      65466175 
 1104      6C745F49 
 1104      52516E00 
 1105              	.LASF42:
 1106 0d3e 63707573 		.ascii	"cpuss_interrupts_ipc_7_IRQn\000"
 1106      735F696E 
 1106      74657272 
 1106      75707473 
 1106      5F697063 
 1107              	.LASF77:
 1108 0d5a 63707573 		.ascii	"cpuss_interrupts_dw1_1_IRQn\000"
 1108      735F696E 
 1108      74657272 
 1108      75707473 
 1108      5F647731 
 1109              	.LASF49:
 1110 0d76 63707573 		.ascii	"cpuss_interrupts_ipc_14_IRQn\000"
 1110      735F696E 
 1110      74657272 
 1110      75707473 
 1110      5F697063 
 1111              	.LASF150:
 1112 0d93 61756469 		.ascii	"audioss_interrupt_pdm_IRQn\000"
 1112      6F73735F 
 1112      696E7465 
 1112      72727570 
 1112      745F7064 
 1113              	.LASF173:
 1114 0dae 6C6F6E67 		.ascii	"long double\000"
 1114      20646F75 
ARM GAS  C:\Users\gjl\AppData\Local\Temp\cc57XBsb.s 			page 30


 1114      626C6500 
 1115              	.LASF174:
 1116 0dba 63686172 		.ascii	"char\000"
 1116      00
 1117              	.LASF183:
 1118 0dbf 47656E65 		.ascii	"Generated_Source\\PSoC6\\cyfitter_sysint_cfg.c\000"
 1118      72617465 
 1118      645F536F 
 1118      75726365 
 1118      5C50536F 
 1119              	.LASF72:
 1120 0dec 63707573 		.ascii	"cpuss_interrupts_dw0_12_IRQn\000"
 1120      735F696E 
 1120      74657272 
 1120      75707473 
 1120      5F647730 
 1121              	.LASF13:
 1122 0e09 696F7373 		.ascii	"ioss_interrupts_gpio_3_IRQn\000"
 1122      5F696E74 
 1122      65727275 
 1122      7074735F 
 1122      6770696F 
 1123              	.LASF148:
 1124 0e25 70617373 		.ascii	"pass_interrupt_sar_IRQn\000"
 1124      5F696E74 
 1124      65727275 
 1124      70745F73 
 1124      61725F49 
 1125              	.LASF8:
 1126 0e3d 50656E64 		.ascii	"PendSV_IRQn\000"
 1126      53565F49 
 1126      52516E00 
 1127              	.LASF54:
 1128 0e49 7363625F 		.ascii	"scb_3_interrupt_IRQn\000"
 1128      335F696E 
 1128      74657272 
 1128      7570745F 
 1128      4952516E 
 1129              	.LASF141:
 1130 0e5e 7564625F 		.ascii	"udb_interrupts_9_IRQn\000"
 1130      696E7465 
 1130      72727570 
 1130      74735F39 
 1130      5F495251 
 1131              	.LASF1:
 1132 0e74 4E6F6E4D 		.ascii	"NonMaskableInt_IRQn\000"
 1132      61736B61 
 1132      626C6549 
 1132      6E745F49 
 1132      52516E00 
 1133              	.LASF163:
 1134 0e88 5F5F696E 		.ascii	"__int32_t\000"
 1134      7433325F 
 1134      7400
 1135              	.LASF127:
 1136 0e92 74637077 		.ascii	"tcpwm_1_interrupts_19_IRQn\000"
 1136      6D5F315F 
ARM GAS  C:\Users\gjl\AppData\Local\Temp\cc57XBsb.s 			page 31


 1136      696E7465 
 1136      72727570 
 1136      74735F31 
 1137              	.LASF57:
 1138 0ead 7363625F 		.ascii	"scb_6_interrupt_IRQn\000"
 1138      365F696E 
 1138      74657272 
 1138      7570745F 
 1138      4952516E 
 1139              	.LASF11:
 1140 0ec2 696F7373 		.ascii	"ioss_interrupts_gpio_1_IRQn\000"
 1140      5F696E74 
 1140      65727275 
 1140      7074735F 
 1140      6770696F 
 1141              	.LASF2:
 1142 0ede 48617264 		.ascii	"HardFault_IRQn\000"
 1142      4661756C 
 1142      745F4952 
 1142      516E00
 1143              	.LASF65:
 1144 0eed 63707573 		.ascii	"cpuss_interrupts_dw0_5_IRQn\000"
 1144      735F696E 
 1144      74657272 
 1144      75707473 
 1144      5F647730 
 1145              	.LASF7:
 1146 0f09 44656275 		.ascii	"DebugMonitor_IRQn\000"
 1146      674D6F6E 
 1146      69746F72 
 1146      5F495251 
 1146      6E00
 1147              	.LASF59:
 1148 0f1b 6373645F 		.ascii	"csd_interrupt_IRQn\000"
 1148      696E7465 
 1148      72727570 
 1148      745F4952 
 1148      516E00
 1149              	.LASF35:
 1150 0f2e 63707573 		.ascii	"cpuss_interrupts_ipc_0_IRQn\000"
 1150      735F696E 
 1150      74657272 
 1150      75707473 
 1150      5F697063 
 1151              	.LASF130:
 1152 0f4a 74637077 		.ascii	"tcpwm_1_interrupts_22_IRQn\000"
 1152      6D5F315F 
 1152      696E7465 
 1152      72727570 
 1152      74735F32 
 1153              	.LASF111:
 1154 0f65 74637077 		.ascii	"tcpwm_1_interrupts_3_IRQn\000"
 1154      6D5F315F 
 1154      696E7465 
 1154      72727570 
 1154      74735F33 
 1155              	.LASF43:
ARM GAS  C:\Users\gjl\AppData\Local\Temp\cc57XBsb.s 			page 32


 1156 0f7f 63707573 		.ascii	"cpuss_interrupts_ipc_8_IRQn\000"
 1156      735F696E 
 1156      74657272 
 1156      75707473 
 1156      5F697063 
 1157              	.LASF78:
 1158 0f9b 63707573 		.ascii	"cpuss_interrupts_dw1_2_IRQn\000"
 1158      735F696E 
 1158      74657272 
 1158      75707473 
 1158      5F647731 
 1159              	.LASF50:
 1160 0fb7 63707573 		.ascii	"cpuss_interrupts_ipc_15_IRQn\000"
 1160      735F696E 
 1160      74657272 
 1160      75707473 
 1160      5F697063 
 1161              	.LASF136:
 1162 0fd4 7564625F 		.ascii	"udb_interrupts_4_IRQn\000"
 1162      696E7465 
 1162      72727570 
 1162      74735F34 
 1162      5F495251 
 1163              	.LASF122:
 1164 0fea 74637077 		.ascii	"tcpwm_1_interrupts_14_IRQn\000"
 1164      6D5F315F 
 1164      696E7465 
 1164      72727570 
 1164      74735F31 
 1165              	.LASF14:
 1166 1005 696F7373 		.ascii	"ioss_interrupts_gpio_4_IRQn\000"
 1166      5F696E74 
 1166      65727275 
 1166      7074735F 
 1166      6770696F 
 1167              	.LASF152:
 1168 1021 736D6966 		.ascii	"smif_interrupt_IRQn\000"
 1168      5F696E74 
 1168      65727275 
 1168      70745F49 
 1168      52516E00 
 1169              	.LASF22:
 1170 1035 696F7373 		.ascii	"ioss_interrupts_gpio_12_IRQn\000"
 1170      5F696E74 
 1170      65727275 
 1170      7074735F 
 1170      6770696F 
 1171              	.LASF151:
 1172 1052 70726F66 		.ascii	"profile_interrupt_IRQn\000"
 1172      696C655F 
 1172      696E7465 
 1172      72727570 
 1172      745F4952 
 1173              	.LASF88:
 1174 1069 63707573 		.ascii	"cpuss_interrupts_dw1_12_IRQn\000"
 1174      735F696E 
 1174      74657272 
ARM GAS  C:\Users\gjl\AppData\Local\Temp\cc57XBsb.s 			page 33


 1174      75707473 
 1174      5F647731 
 1175              	.LASF60:
 1176 1086 63707573 		.ascii	"cpuss_interrupts_dw0_0_IRQn\000"
 1176      735F696E 
 1176      74657272 
 1176      75707473 
 1176      5F647730 
 1177              	.LASF26:
 1178 10a2 696F7373 		.ascii	"ioss_interrupt_vdd_IRQn\000"
 1178      5F696E74 
 1178      65727275 
 1178      70745F76 
 1178      64645F49 
 1179              	.LASF100:
 1180 10ba 74637077 		.ascii	"tcpwm_0_interrupts_0_IRQn\000"
 1180      6D5F305F 
 1180      696E7465 
 1180      72727570 
 1180      74735F30 
 1181              	.LASF86:
 1182 10d4 63707573 		.ascii	"cpuss_interrupts_dw1_10_IRQn\000"
 1182      735F696E 
 1182      74657272 
 1182      75707473 
 1182      5F647731 
 1183              	.LASF31:
 1184 10f1 73727373 		.ascii	"srss_interrupt_backup_IRQn\000"
 1184      5F696E74 
 1184      65727275 
 1184      70745F62 
 1184      61636B75 
 1185              	.LASF45:
 1186 110c 63707573 		.ascii	"cpuss_interrupts_ipc_10_IRQn\000"
 1186      735F696E 
 1186      74657272 
 1186      75707473 
 1186      5F697063 
 1187              	.LASF82:
 1188 1129 63707573 		.ascii	"cpuss_interrupts_dw1_6_IRQn\000"
 1188      735F696E 
 1188      74657272 
 1188      75707473 
 1188      5F647731 
 1189              	.LASF67:
 1190 1145 63707573 		.ascii	"cpuss_interrupts_dw0_7_IRQn\000"
 1190      735F696E 
 1190      74657272 
 1190      75707473 
 1190      5F647730 
 1191              	.LASF178:
 1192 1161 696E7472 		.ascii	"intrPriority\000"
 1192      5072696F 
 1192      72697479 
 1192      00
 1193              	.LASF112:
 1194 116e 74637077 		.ascii	"tcpwm_1_interrupts_4_IRQn\000"
ARM GAS  C:\Users\gjl\AppData\Local\Temp\cc57XBsb.s 			page 34


 1194      6D5F315F 
 1194      696E7465 
 1194      72727570 
 1194      74735F34 
 1195              	.LASF96:
 1196 1188 63707573 		.ascii	"cpuss_interrupts_cm0_cti_0_IRQn\000"
 1196      735F696E 
 1196      74657272 
 1196      75707473 
 1196      5F636D30 
 1197              	.LASF18:
 1198 11a8 696F7373 		.ascii	"ioss_interrupts_gpio_8_IRQn\000"
 1198      5F696E74 
 1198      65727275 
 1198      7074735F 
 1198      6770696F 
 1199              	.LASF44:
 1200 11c4 63707573 		.ascii	"cpuss_interrupts_ipc_9_IRQn\000"
 1200      735F696E 
 1200      74657272 
 1200      75707473 
 1200      5F697063 
 1201              	.LASF137:
 1202 11e0 7564625F 		.ascii	"udb_interrupts_5_IRQn\000"
 1202      696E7465 
 1202      72727570 
 1202      74735F35 
 1202      5F495251 
 1203              	.LASF48:
 1204 11f6 63707573 		.ascii	"cpuss_interrupts_ipc_13_IRQn\000"
 1204      735F696E 
 1204      74657272 
 1204      75707473 
 1204      5F697063 
 1205              		.ident	"GCC: (GNU Tools for ARM Embedded Processors) 5.4.1 20160609 (release) [ARM/embedded-5-bran
