ARM GAS  C:\Users\gjl\AppData\Local\Temp\ccr31EPP.s 			page 1


   1              		.syntax unified
   2              		.cpu cortex-m4
   3              		.eabi_attribute 27, 1
   4              		.fpu fpv4-sp-d16
   5              		.eabi_attribute 20, 1
   6              		.eabi_attribute 21, 1
   7              		.eabi_attribute 23, 3
   8              		.eabi_attribute 24, 1
   9              		.eabi_attribute 25, 1
  10              		.eabi_attribute 26, 1
  11              		.eabi_attribute 30, 1
  12              		.eabi_attribute 34, 1
  13              		.eabi_attribute 18, 4
  14              		.thumb
  15              		.syntax unified
  16              		.file	"heap_1.c"
  17              		.text
  18              	.Ltext0:
  19              		.cfi_sections	.debug_frame
  20              		.section	.text.pvPortMalloc,"ax",%progbits
  21              		.align	2
  22              		.global	pvPortMalloc
  23              		.thumb
  24              		.thumb_func
  25              		.type	pvPortMalloc, %function
  26              	pvPortMalloc:
  27              	.LFB129:
  28              		.file 1 "Generated_Source\\PSoC6\\pdl\\rtos\\FreeRTOS\\9.0.0\\Source\\portable\\MemMang\\heap_1.c"
   1:Generated_Source\PSoC6\pdl\rtos\FreeRTOS\9.0.0\Source\portable\MemMang/heap_1.c **** /*
   2:Generated_Source\PSoC6\pdl\rtos\FreeRTOS\9.0.0\Source\portable\MemMang/heap_1.c ****     FreeRTOS V9.0.0 - Copyright (C) 2016 Real Time Engineers Ltd.
   3:Generated_Source\PSoC6\pdl\rtos\FreeRTOS\9.0.0\Source\portable\MemMang/heap_1.c ****     All rights reserved
   4:Generated_Source\PSoC6\pdl\rtos\FreeRTOS\9.0.0\Source\portable\MemMang/heap_1.c **** 
   5:Generated_Source\PSoC6\pdl\rtos\FreeRTOS\9.0.0\Source\portable\MemMang/heap_1.c ****     VISIT http://www.FreeRTOS.org TO ENSURE YOU ARE USING THE LATEST VERSION.
   6:Generated_Source\PSoC6\pdl\rtos\FreeRTOS\9.0.0\Source\portable\MemMang/heap_1.c **** 
   7:Generated_Source\PSoC6\pdl\rtos\FreeRTOS\9.0.0\Source\portable\MemMang/heap_1.c ****     This file is part of the FreeRTOS distribution.
   8:Generated_Source\PSoC6\pdl\rtos\FreeRTOS\9.0.0\Source\portable\MemMang/heap_1.c **** 
   9:Generated_Source\PSoC6\pdl\rtos\FreeRTOS\9.0.0\Source\portable\MemMang/heap_1.c ****     FreeRTOS is free software; you can redistribute it and/or modify it under
  10:Generated_Source\PSoC6\pdl\rtos\FreeRTOS\9.0.0\Source\portable\MemMang/heap_1.c ****     the terms of the GNU General Public License (version 2) as published by the
  11:Generated_Source\PSoC6\pdl\rtos\FreeRTOS\9.0.0\Source\portable\MemMang/heap_1.c ****     Free Software Foundation >>>> AND MODIFIED BY <<<< the FreeRTOS exception.
  12:Generated_Source\PSoC6\pdl\rtos\FreeRTOS\9.0.0\Source\portable\MemMang/heap_1.c **** 
  13:Generated_Source\PSoC6\pdl\rtos\FreeRTOS\9.0.0\Source\portable\MemMang/heap_1.c ****     ***************************************************************************
  14:Generated_Source\PSoC6\pdl\rtos\FreeRTOS\9.0.0\Source\portable\MemMang/heap_1.c ****     >>!   NOTE: The modification to the GPL is included to allow you to     !<<
  15:Generated_Source\PSoC6\pdl\rtos\FreeRTOS\9.0.0\Source\portable\MemMang/heap_1.c ****     >>!   distribute a combined work that includes FreeRTOS without being   !<<
  16:Generated_Source\PSoC6\pdl\rtos\FreeRTOS\9.0.0\Source\portable\MemMang/heap_1.c ****     >>!   obliged to provide the source code for proprietary components     !<<
  17:Generated_Source\PSoC6\pdl\rtos\FreeRTOS\9.0.0\Source\portable\MemMang/heap_1.c ****     >>!   outside of the FreeRTOS kernel.                                   !<<
  18:Generated_Source\PSoC6\pdl\rtos\FreeRTOS\9.0.0\Source\portable\MemMang/heap_1.c ****     ***************************************************************************
  19:Generated_Source\PSoC6\pdl\rtos\FreeRTOS\9.0.0\Source\portable\MemMang/heap_1.c **** 
  20:Generated_Source\PSoC6\pdl\rtos\FreeRTOS\9.0.0\Source\portable\MemMang/heap_1.c ****     FreeRTOS is distributed in the hope that it will be useful, but WITHOUT ANY
  21:Generated_Source\PSoC6\pdl\rtos\FreeRTOS\9.0.0\Source\portable\MemMang/heap_1.c ****     WARRANTY; without even the implied warranty of MERCHANTABILITY or FITNESS
  22:Generated_Source\PSoC6\pdl\rtos\FreeRTOS\9.0.0\Source\portable\MemMang/heap_1.c ****     FOR A PARTICULAR PURPOSE.  Full license text is available on the following
  23:Generated_Source\PSoC6\pdl\rtos\FreeRTOS\9.0.0\Source\portable\MemMang/heap_1.c ****     link: http://www.freertos.org/a00114.html
  24:Generated_Source\PSoC6\pdl\rtos\FreeRTOS\9.0.0\Source\portable\MemMang/heap_1.c **** 
  25:Generated_Source\PSoC6\pdl\rtos\FreeRTOS\9.0.0\Source\portable\MemMang/heap_1.c ****     ***************************************************************************
  26:Generated_Source\PSoC6\pdl\rtos\FreeRTOS\9.0.0\Source\portable\MemMang/heap_1.c ****      *                                                                       *
  27:Generated_Source\PSoC6\pdl\rtos\FreeRTOS\9.0.0\Source\portable\MemMang/heap_1.c ****      *    FreeRTOS provides completely free yet professionally developed,    *
  28:Generated_Source\PSoC6\pdl\rtos\FreeRTOS\9.0.0\Source\portable\MemMang/heap_1.c ****      *    robust, strictly quality controlled, supported, and cross          *
  29:Generated_Source\PSoC6\pdl\rtos\FreeRTOS\9.0.0\Source\portable\MemMang/heap_1.c ****      *    platform software that is more than just the market leader, it     *
ARM GAS  C:\Users\gjl\AppData\Local\Temp\ccr31EPP.s 			page 2


  30:Generated_Source\PSoC6\pdl\rtos\FreeRTOS\9.0.0\Source\portable\MemMang/heap_1.c ****      *    is the industry's de facto standard.                               *
  31:Generated_Source\PSoC6\pdl\rtos\FreeRTOS\9.0.0\Source\portable\MemMang/heap_1.c ****      *                                                                       *
  32:Generated_Source\PSoC6\pdl\rtos\FreeRTOS\9.0.0\Source\portable\MemMang/heap_1.c ****      *    Help yourself get started quickly while simultaneously helping     *
  33:Generated_Source\PSoC6\pdl\rtos\FreeRTOS\9.0.0\Source\portable\MemMang/heap_1.c ****      *    to support the FreeRTOS project by purchasing a FreeRTOS           *
  34:Generated_Source\PSoC6\pdl\rtos\FreeRTOS\9.0.0\Source\portable\MemMang/heap_1.c ****      *    tutorial book, reference manual, or both:                          *
  35:Generated_Source\PSoC6\pdl\rtos\FreeRTOS\9.0.0\Source\portable\MemMang/heap_1.c ****      *    http://www.FreeRTOS.org/Documentation                              *
  36:Generated_Source\PSoC6\pdl\rtos\FreeRTOS\9.0.0\Source\portable\MemMang/heap_1.c ****      *                                                                       *
  37:Generated_Source\PSoC6\pdl\rtos\FreeRTOS\9.0.0\Source\portable\MemMang/heap_1.c ****     ***************************************************************************
  38:Generated_Source\PSoC6\pdl\rtos\FreeRTOS\9.0.0\Source\portable\MemMang/heap_1.c **** 
  39:Generated_Source\PSoC6\pdl\rtos\FreeRTOS\9.0.0\Source\portable\MemMang/heap_1.c ****     http://www.FreeRTOS.org/FAQHelp.html - Having a problem?  Start by reading
  40:Generated_Source\PSoC6\pdl\rtos\FreeRTOS\9.0.0\Source\portable\MemMang/heap_1.c ****     the FAQ page "My application does not run, what could be wrong?".  Have you
  41:Generated_Source\PSoC6\pdl\rtos\FreeRTOS\9.0.0\Source\portable\MemMang/heap_1.c ****     defined configASSERT()?
  42:Generated_Source\PSoC6\pdl\rtos\FreeRTOS\9.0.0\Source\portable\MemMang/heap_1.c **** 
  43:Generated_Source\PSoC6\pdl\rtos\FreeRTOS\9.0.0\Source\portable\MemMang/heap_1.c ****     http://www.FreeRTOS.org/support - In return for receiving this top quality
  44:Generated_Source\PSoC6\pdl\rtos\FreeRTOS\9.0.0\Source\portable\MemMang/heap_1.c ****     embedded software for free we request you assist our global community by
  45:Generated_Source\PSoC6\pdl\rtos\FreeRTOS\9.0.0\Source\portable\MemMang/heap_1.c ****     participating in the support forum.
  46:Generated_Source\PSoC6\pdl\rtos\FreeRTOS\9.0.0\Source\portable\MemMang/heap_1.c **** 
  47:Generated_Source\PSoC6\pdl\rtos\FreeRTOS\9.0.0\Source\portable\MemMang/heap_1.c ****     http://www.FreeRTOS.org/training - Investing in training allows your team to
  48:Generated_Source\PSoC6\pdl\rtos\FreeRTOS\9.0.0\Source\portable\MemMang/heap_1.c ****     be as productive as possible as early as possible.  Now you can receive
  49:Generated_Source\PSoC6\pdl\rtos\FreeRTOS\9.0.0\Source\portable\MemMang/heap_1.c ****     FreeRTOS training directly from Richard Barry, CEO of Real Time Engineers
  50:Generated_Source\PSoC6\pdl\rtos\FreeRTOS\9.0.0\Source\portable\MemMang/heap_1.c ****     Ltd, and the world's leading authority on the world's leading RTOS.
  51:Generated_Source\PSoC6\pdl\rtos\FreeRTOS\9.0.0\Source\portable\MemMang/heap_1.c **** 
  52:Generated_Source\PSoC6\pdl\rtos\FreeRTOS\9.0.0\Source\portable\MemMang/heap_1.c ****     http://www.FreeRTOS.org/plus - A selection of FreeRTOS ecosystem products,
  53:Generated_Source\PSoC6\pdl\rtos\FreeRTOS\9.0.0\Source\portable\MemMang/heap_1.c ****     including FreeRTOS+Trace - an indispensable productivity tool, a DOS
  54:Generated_Source\PSoC6\pdl\rtos\FreeRTOS\9.0.0\Source\portable\MemMang/heap_1.c ****     compatible FAT file system, and our tiny thread aware UDP/IP stack.
  55:Generated_Source\PSoC6\pdl\rtos\FreeRTOS\9.0.0\Source\portable\MemMang/heap_1.c **** 
  56:Generated_Source\PSoC6\pdl\rtos\FreeRTOS\9.0.0\Source\portable\MemMang/heap_1.c ****     http://www.FreeRTOS.org/labs - Where new FreeRTOS products go to incubate.
  57:Generated_Source\PSoC6\pdl\rtos\FreeRTOS\9.0.0\Source\portable\MemMang/heap_1.c ****     Come and try FreeRTOS+TCP, our new open source TCP/IP stack for FreeRTOS.
  58:Generated_Source\PSoC6\pdl\rtos\FreeRTOS\9.0.0\Source\portable\MemMang/heap_1.c **** 
  59:Generated_Source\PSoC6\pdl\rtos\FreeRTOS\9.0.0\Source\portable\MemMang/heap_1.c ****     http://www.OpenRTOS.com - Real Time Engineers ltd. license FreeRTOS to High
  60:Generated_Source\PSoC6\pdl\rtos\FreeRTOS\9.0.0\Source\portable\MemMang/heap_1.c ****     Integrity Systems ltd. to sell under the OpenRTOS brand.  Low cost OpenRTOS
  61:Generated_Source\PSoC6\pdl\rtos\FreeRTOS\9.0.0\Source\portable\MemMang/heap_1.c ****     licenses offer ticketed support, indemnification and commercial middleware.
  62:Generated_Source\PSoC6\pdl\rtos\FreeRTOS\9.0.0\Source\portable\MemMang/heap_1.c **** 
  63:Generated_Source\PSoC6\pdl\rtos\FreeRTOS\9.0.0\Source\portable\MemMang/heap_1.c ****     http://www.SafeRTOS.com - High Integrity Systems also provide a safety
  64:Generated_Source\PSoC6\pdl\rtos\FreeRTOS\9.0.0\Source\portable\MemMang/heap_1.c ****     engineered and independently SIL3 certified version for use in safety and
  65:Generated_Source\PSoC6\pdl\rtos\FreeRTOS\9.0.0\Source\portable\MemMang/heap_1.c ****     mission critical applications that require provable dependability.
  66:Generated_Source\PSoC6\pdl\rtos\FreeRTOS\9.0.0\Source\portable\MemMang/heap_1.c **** 
  67:Generated_Source\PSoC6\pdl\rtos\FreeRTOS\9.0.0\Source\portable\MemMang/heap_1.c ****     1 tab == 4 spaces!
  68:Generated_Source\PSoC6\pdl\rtos\FreeRTOS\9.0.0\Source\portable\MemMang/heap_1.c **** */
  69:Generated_Source\PSoC6\pdl\rtos\FreeRTOS\9.0.0\Source\portable\MemMang/heap_1.c **** 
  70:Generated_Source\PSoC6\pdl\rtos\FreeRTOS\9.0.0\Source\portable\MemMang/heap_1.c **** 
  71:Generated_Source\PSoC6\pdl\rtos\FreeRTOS\9.0.0\Source\portable\MemMang/heap_1.c **** /*
  72:Generated_Source\PSoC6\pdl\rtos\FreeRTOS\9.0.0\Source\portable\MemMang/heap_1.c ****  * The simplest possible implementation of pvPortMalloc().  Note that this
  73:Generated_Source\PSoC6\pdl\rtos\FreeRTOS\9.0.0\Source\portable\MemMang/heap_1.c ****  * implementation does NOT allow allocated memory to be freed again.
  74:Generated_Source\PSoC6\pdl\rtos\FreeRTOS\9.0.0\Source\portable\MemMang/heap_1.c ****  *
  75:Generated_Source\PSoC6\pdl\rtos\FreeRTOS\9.0.0\Source\portable\MemMang/heap_1.c ****  * See heap_2.c, heap_3.c and heap_4.c for alternative implementations, and the
  76:Generated_Source\PSoC6\pdl\rtos\FreeRTOS\9.0.0\Source\portable\MemMang/heap_1.c ****  * memory management pages of http://www.FreeRTOS.org for more information.
  77:Generated_Source\PSoC6\pdl\rtos\FreeRTOS\9.0.0\Source\portable\MemMang/heap_1.c ****  */
  78:Generated_Source\PSoC6\pdl\rtos\FreeRTOS\9.0.0\Source\portable\MemMang/heap_1.c **** #include <stdlib.h>
  79:Generated_Source\PSoC6\pdl\rtos\FreeRTOS\9.0.0\Source\portable\MemMang/heap_1.c **** 
  80:Generated_Source\PSoC6\pdl\rtos\FreeRTOS\9.0.0\Source\portable\MemMang/heap_1.c **** /* Defining MPU_WRAPPERS_INCLUDED_FROM_API_FILE prevents task.h from redefining
  81:Generated_Source\PSoC6\pdl\rtos\FreeRTOS\9.0.0\Source\portable\MemMang/heap_1.c **** all the API functions to use the MPU wrappers.  That should only be done when
  82:Generated_Source\PSoC6\pdl\rtos\FreeRTOS\9.0.0\Source\portable\MemMang/heap_1.c **** task.h is included from an application file. */
  83:Generated_Source\PSoC6\pdl\rtos\FreeRTOS\9.0.0\Source\portable\MemMang/heap_1.c **** #define MPU_WRAPPERS_INCLUDED_FROM_API_FILE
  84:Generated_Source\PSoC6\pdl\rtos\FreeRTOS\9.0.0\Source\portable\MemMang/heap_1.c **** 
  85:Generated_Source\PSoC6\pdl\rtos\FreeRTOS\9.0.0\Source\portable\MemMang/heap_1.c **** #include "FreeRTOS.h"
  86:Generated_Source\PSoC6\pdl\rtos\FreeRTOS\9.0.0\Source\portable\MemMang/heap_1.c **** #include "task.h"
ARM GAS  C:\Users\gjl\AppData\Local\Temp\ccr31EPP.s 			page 3


  87:Generated_Source\PSoC6\pdl\rtos\FreeRTOS\9.0.0\Source\portable\MemMang/heap_1.c **** 
  88:Generated_Source\PSoC6\pdl\rtos\FreeRTOS\9.0.0\Source\portable\MemMang/heap_1.c **** #undef MPU_WRAPPERS_INCLUDED_FROM_API_FILE
  89:Generated_Source\PSoC6\pdl\rtos\FreeRTOS\9.0.0\Source\portable\MemMang/heap_1.c **** 
  90:Generated_Source\PSoC6\pdl\rtos\FreeRTOS\9.0.0\Source\portable\MemMang/heap_1.c **** #if( configSUPPORT_DYNAMIC_ALLOCATION == 0 )
  91:Generated_Source\PSoC6\pdl\rtos\FreeRTOS\9.0.0\Source\portable\MemMang/heap_1.c **** 	#error This file must not be used if configSUPPORT_DYNAMIC_ALLOCATION is 0
  92:Generated_Source\PSoC6\pdl\rtos\FreeRTOS\9.0.0\Source\portable\MemMang/heap_1.c **** #endif
  93:Generated_Source\PSoC6\pdl\rtos\FreeRTOS\9.0.0\Source\portable\MemMang/heap_1.c **** 
  94:Generated_Source\PSoC6\pdl\rtos\FreeRTOS\9.0.0\Source\portable\MemMang/heap_1.c **** /* A few bytes might be lost to byte aligning the heap start address. */
  95:Generated_Source\PSoC6\pdl\rtos\FreeRTOS\9.0.0\Source\portable\MemMang/heap_1.c **** #define configADJUSTED_HEAP_SIZE	( configTOTAL_HEAP_SIZE - portBYTE_ALIGNMENT )
  96:Generated_Source\PSoC6\pdl\rtos\FreeRTOS\9.0.0\Source\portable\MemMang/heap_1.c **** 
  97:Generated_Source\PSoC6\pdl\rtos\FreeRTOS\9.0.0\Source\portable\MemMang/heap_1.c **** /* Allocate the memory for the heap. */
  98:Generated_Source\PSoC6\pdl\rtos\FreeRTOS\9.0.0\Source\portable\MemMang/heap_1.c **** /* Allocate the memory for the heap. */
  99:Generated_Source\PSoC6\pdl\rtos\FreeRTOS\9.0.0\Source\portable\MemMang/heap_1.c **** #if( configAPPLICATION_ALLOCATED_HEAP == 1 )
 100:Generated_Source\PSoC6\pdl\rtos\FreeRTOS\9.0.0\Source\portable\MemMang/heap_1.c **** 	/* The application writer has already defined the array used for the RTOS
 101:Generated_Source\PSoC6\pdl\rtos\FreeRTOS\9.0.0\Source\portable\MemMang/heap_1.c **** 	heap - probably so it can be placed in a special segment or address. */
 102:Generated_Source\PSoC6\pdl\rtos\FreeRTOS\9.0.0\Source\portable\MemMang/heap_1.c **** 	extern uint8_t ucHeap[ configTOTAL_HEAP_SIZE ];
 103:Generated_Source\PSoC6\pdl\rtos\FreeRTOS\9.0.0\Source\portable\MemMang/heap_1.c **** #else
 104:Generated_Source\PSoC6\pdl\rtos\FreeRTOS\9.0.0\Source\portable\MemMang/heap_1.c **** 	static uint8_t ucHeap[ configTOTAL_HEAP_SIZE ];
 105:Generated_Source\PSoC6\pdl\rtos\FreeRTOS\9.0.0\Source\portable\MemMang/heap_1.c **** #endif /* configAPPLICATION_ALLOCATED_HEAP */
 106:Generated_Source\PSoC6\pdl\rtos\FreeRTOS\9.0.0\Source\portable\MemMang/heap_1.c **** 
 107:Generated_Source\PSoC6\pdl\rtos\FreeRTOS\9.0.0\Source\portable\MemMang/heap_1.c **** static size_t xNextFreeByte = ( size_t ) 0;
 108:Generated_Source\PSoC6\pdl\rtos\FreeRTOS\9.0.0\Source\portable\MemMang/heap_1.c **** 
 109:Generated_Source\PSoC6\pdl\rtos\FreeRTOS\9.0.0\Source\portable\MemMang/heap_1.c **** /*-----------------------------------------------------------*/
 110:Generated_Source\PSoC6\pdl\rtos\FreeRTOS\9.0.0\Source\portable\MemMang/heap_1.c **** 
 111:Generated_Source\PSoC6\pdl\rtos\FreeRTOS\9.0.0\Source\portable\MemMang/heap_1.c **** void *pvPortMalloc( size_t xWantedSize )
 112:Generated_Source\PSoC6\pdl\rtos\FreeRTOS\9.0.0\Source\portable\MemMang/heap_1.c **** {
  29              		.loc 1 112 0
  30              		.cfi_startproc
  31              		@ args = 0, pretend = 0, frame = 0
  32              		@ frame_needed = 0, uses_anonymous_args = 0
  33              	.LVL0:
  34 0000 38B5     		push	{r3, r4, r5, lr}
  35              		.cfi_def_cfa_offset 16
  36              		.cfi_offset 3, -16
  37              		.cfi_offset 4, -12
  38              		.cfi_offset 5, -8
  39              		.cfi_offset 14, -4
  40 0002 0446     		mov	r4, r0
  41              	.LVL1:
 113:Generated_Source\PSoC6\pdl\rtos\FreeRTOS\9.0.0\Source\portable\MemMang/heap_1.c **** void *pvReturn = NULL;
 114:Generated_Source\PSoC6\pdl\rtos\FreeRTOS\9.0.0\Source\portable\MemMang/heap_1.c **** static uint8_t *pucAlignedHeap = NULL;
 115:Generated_Source\PSoC6\pdl\rtos\FreeRTOS\9.0.0\Source\portable\MemMang/heap_1.c **** 
 116:Generated_Source\PSoC6\pdl\rtos\FreeRTOS\9.0.0\Source\portable\MemMang/heap_1.c **** 	/* Ensure that blocks are always aligned to the required number of bytes. */
 117:Generated_Source\PSoC6\pdl\rtos\FreeRTOS\9.0.0\Source\portable\MemMang/heap_1.c **** 	#if( portBYTE_ALIGNMENT != 1 )
 118:Generated_Source\PSoC6\pdl\rtos\FreeRTOS\9.0.0\Source\portable\MemMang/heap_1.c **** 	{
 119:Generated_Source\PSoC6\pdl\rtos\FreeRTOS\9.0.0\Source\portable\MemMang/heap_1.c **** 		if( xWantedSize & portBYTE_ALIGNMENT_MASK )
  42              		.loc 1 119 0
  43 0004 10F0070F 		tst	r0, #7
  44 0008 02D0     		beq	.L2
 120:Generated_Source\PSoC6\pdl\rtos\FreeRTOS\9.0.0\Source\portable\MemMang/heap_1.c **** 		{
 121:Generated_Source\PSoC6\pdl\rtos\FreeRTOS\9.0.0\Source\portable\MemMang/heap_1.c **** 			/* Byte alignment required. */
 122:Generated_Source\PSoC6\pdl\rtos\FreeRTOS\9.0.0\Source\portable\MemMang/heap_1.c **** 			xWantedSize += ( portBYTE_ALIGNMENT - ( xWantedSize & portBYTE_ALIGNMENT_MASK ) );
  45              		.loc 1 122 0
  46 000a 20F00704 		bic	r4, r0, #7
  47 000e 0834     		adds	r4, r4, #8
  48              	.LVL2:
  49              	.L2:
ARM GAS  C:\Users\gjl\AppData\Local\Temp\ccr31EPP.s 			page 4


 123:Generated_Source\PSoC6\pdl\rtos\FreeRTOS\9.0.0\Source\portable\MemMang/heap_1.c **** 		}
 124:Generated_Source\PSoC6\pdl\rtos\FreeRTOS\9.0.0\Source\portable\MemMang/heap_1.c **** 	}
 125:Generated_Source\PSoC6\pdl\rtos\FreeRTOS\9.0.0\Source\portable\MemMang/heap_1.c **** 	#endif
 126:Generated_Source\PSoC6\pdl\rtos\FreeRTOS\9.0.0\Source\portable\MemMang/heap_1.c **** 
 127:Generated_Source\PSoC6\pdl\rtos\FreeRTOS\9.0.0\Source\portable\MemMang/heap_1.c **** 	vTaskSuspendAll();
  50              		.loc 1 127 0
  51 0010 FFF7FEFF 		bl	vTaskSuspendAll
  52              	.LVL3:
 128:Generated_Source\PSoC6\pdl\rtos\FreeRTOS\9.0.0\Source\portable\MemMang/heap_1.c **** 	{
 129:Generated_Source\PSoC6\pdl\rtos\FreeRTOS\9.0.0\Source\portable\MemMang/heap_1.c **** 		if( pucAlignedHeap == NULL )
  53              		.loc 1 129 0
  54 0014 104B     		ldr	r3, .L8
  55 0016 1B68     		ldr	r3, [r3]
  56 0018 2BB9     		cbnz	r3, .L3
 130:Generated_Source\PSoC6\pdl\rtos\FreeRTOS\9.0.0\Source\portable\MemMang/heap_1.c **** 		{
 131:Generated_Source\PSoC6\pdl\rtos\FreeRTOS\9.0.0\Source\portable\MemMang/heap_1.c **** 			/* Ensure the heap starts on a correctly aligned boundary. */
 132:Generated_Source\PSoC6\pdl\rtos\FreeRTOS\9.0.0\Source\portable\MemMang/heap_1.c **** 			pucAlignedHeap = ( uint8_t * ) ( ( ( portPOINTER_SIZE_TYPE ) &ucHeap[ portBYTE_ALIGNMENT ] ) & (
  57              		.loc 1 132 0
  58 001a 0F4A     		ldr	r2, .L8
  59 001c 02F10C03 		add	r3, r2, #12
  60 0020 23F00703 		bic	r3, r3, #7
  61 0024 1360     		str	r3, [r2]
  62              	.L3:
 133:Generated_Source\PSoC6\pdl\rtos\FreeRTOS\9.0.0\Source\portable\MemMang/heap_1.c **** 		}
 134:Generated_Source\PSoC6\pdl\rtos\FreeRTOS\9.0.0\Source\portable\MemMang/heap_1.c **** 
 135:Generated_Source\PSoC6\pdl\rtos\FreeRTOS\9.0.0\Source\portable\MemMang/heap_1.c **** 		/* Check there is enough room left for the allocation. */
 136:Generated_Source\PSoC6\pdl\rtos\FreeRTOS\9.0.0\Source\portable\MemMang/heap_1.c **** 		if( ( ( xNextFreeByte + xWantedSize ) < configADJUSTED_HEAP_SIZE ) &&
  63              		.loc 1 136 0
  64 0026 0D4B     		ldr	r3, .L8+4
  65 0028 D3F85C35 		ldr	r3, [r3, #1372]
  66 002c 1C44     		add	r4, r4, r3
  67              	.LVL4:
  68 002e 4BF6F772 		movw	r2, #49143
  69 0032 9442     		cmp	r4, r2
  70 0034 08D8     		bhi	.L5
  71              		.loc 1 136 0 is_stmt 0 discriminator 1
  72 0036 A342     		cmp	r3, r4
  73 0038 08D2     		bcs	.L6
 137:Generated_Source\PSoC6\pdl\rtos\FreeRTOS\9.0.0\Source\portable\MemMang/heap_1.c **** 			( ( xNextFreeByte + xWantedSize ) > xNextFreeByte )	)/* Check for overflow. */
 138:Generated_Source\PSoC6\pdl\rtos\FreeRTOS\9.0.0\Source\portable\MemMang/heap_1.c **** 		{
 139:Generated_Source\PSoC6\pdl\rtos\FreeRTOS\9.0.0\Source\portable\MemMang/heap_1.c **** 			/* Return the next free byte then increment the index past this
 140:Generated_Source\PSoC6\pdl\rtos\FreeRTOS\9.0.0\Source\portable\MemMang/heap_1.c **** 			block. */
 141:Generated_Source\PSoC6\pdl\rtos\FreeRTOS\9.0.0\Source\portable\MemMang/heap_1.c **** 			pvReturn = pucAlignedHeap + xNextFreeByte;
  74              		.loc 1 141 0 is_stmt 1
  75 003a 074A     		ldr	r2, .L8
  76 003c 1568     		ldr	r5, [r2]
  77 003e 1D44     		add	r5, r5, r3
  78              	.LVL5:
 142:Generated_Source\PSoC6\pdl\rtos\FreeRTOS\9.0.0\Source\portable\MemMang/heap_1.c **** 			xNextFreeByte += xWantedSize;
  79              		.loc 1 142 0
  80 0040 064B     		ldr	r3, .L8+4
  81 0042 C3F85C45 		str	r4, [r3, #1372]
  82 0046 02E0     		b	.L4
  83              	.LVL6:
  84              	.L5:
 113:Generated_Source\PSoC6\pdl\rtos\FreeRTOS\9.0.0\Source\portable\MemMang/heap_1.c **** static uint8_t *pucAlignedHeap = NULL;
  85              		.loc 1 113 0
ARM GAS  C:\Users\gjl\AppData\Local\Temp\ccr31EPP.s 			page 5


  86 0048 0025     		movs	r5, #0
  87 004a 00E0     		b	.L4
  88              	.L6:
  89 004c 0025     		movs	r5, #0
  90              	.LVL7:
  91              	.L4:
 143:Generated_Source\PSoC6\pdl\rtos\FreeRTOS\9.0.0\Source\portable\MemMang/heap_1.c **** 		}
 144:Generated_Source\PSoC6\pdl\rtos\FreeRTOS\9.0.0\Source\portable\MemMang/heap_1.c **** 
 145:Generated_Source\PSoC6\pdl\rtos\FreeRTOS\9.0.0\Source\portable\MemMang/heap_1.c **** 		traceMALLOC( pvReturn, xWantedSize );
 146:Generated_Source\PSoC6\pdl\rtos\FreeRTOS\9.0.0\Source\portable\MemMang/heap_1.c **** 	}
 147:Generated_Source\PSoC6\pdl\rtos\FreeRTOS\9.0.0\Source\portable\MemMang/heap_1.c **** 	( void ) xTaskResumeAll();
  92              		.loc 1 147 0
  93 004e FFF7FEFF 		bl	xTaskResumeAll
  94              	.LVL8:
 148:Generated_Source\PSoC6\pdl\rtos\FreeRTOS\9.0.0\Source\portable\MemMang/heap_1.c **** 
 149:Generated_Source\PSoC6\pdl\rtos\FreeRTOS\9.0.0\Source\portable\MemMang/heap_1.c **** 	#if( configUSE_MALLOC_FAILED_HOOK == 1 )
 150:Generated_Source\PSoC6\pdl\rtos\FreeRTOS\9.0.0\Source\portable\MemMang/heap_1.c **** 	{
 151:Generated_Source\PSoC6\pdl\rtos\FreeRTOS\9.0.0\Source\portable\MemMang/heap_1.c **** 		if( pvReturn == NULL )
 152:Generated_Source\PSoC6\pdl\rtos\FreeRTOS\9.0.0\Source\portable\MemMang/heap_1.c **** 		{
 153:Generated_Source\PSoC6\pdl\rtos\FreeRTOS\9.0.0\Source\portable\MemMang/heap_1.c **** 			extern void vApplicationMallocFailedHook( void );
 154:Generated_Source\PSoC6\pdl\rtos\FreeRTOS\9.0.0\Source\portable\MemMang/heap_1.c **** 			vApplicationMallocFailedHook();
 155:Generated_Source\PSoC6\pdl\rtos\FreeRTOS\9.0.0\Source\portable\MemMang/heap_1.c **** 		}
 156:Generated_Source\PSoC6\pdl\rtos\FreeRTOS\9.0.0\Source\portable\MemMang/heap_1.c **** 	}
 157:Generated_Source\PSoC6\pdl\rtos\FreeRTOS\9.0.0\Source\portable\MemMang/heap_1.c **** 	#endif
 158:Generated_Source\PSoC6\pdl\rtos\FreeRTOS\9.0.0\Source\portable\MemMang/heap_1.c **** 
 159:Generated_Source\PSoC6\pdl\rtos\FreeRTOS\9.0.0\Source\portable\MemMang/heap_1.c **** 	return pvReturn;
 160:Generated_Source\PSoC6\pdl\rtos\FreeRTOS\9.0.0\Source\portable\MemMang/heap_1.c **** }
  95              		.loc 1 160 0
  96 0052 2846     		mov	r0, r5
  97 0054 38BD     		pop	{r3, r4, r5, pc}
  98              	.LVL9:
  99              	.L9:
 100 0056 00BF     		.align	2
 101              	.L8:
 102 0058 00000000 		.word	.LANCHOR0
 103 005c A8BA0000 		.word	.LANCHOR1
 104              		.cfi_endproc
 105              	.LFE129:
 106              		.size	pvPortMalloc, .-pvPortMalloc
 107              		.section	.text.vPortFree,"ax",%progbits
 108              		.align	2
 109              		.global	vPortFree
 110              		.thumb
 111              		.thumb_func
 112              		.type	vPortFree, %function
 113              	vPortFree:
 114              	.LFB130:
 161:Generated_Source\PSoC6\pdl\rtos\FreeRTOS\9.0.0\Source\portable\MemMang/heap_1.c **** /*-----------------------------------------------------------*/
 162:Generated_Source\PSoC6\pdl\rtos\FreeRTOS\9.0.0\Source\portable\MemMang/heap_1.c **** 
 163:Generated_Source\PSoC6\pdl\rtos\FreeRTOS\9.0.0\Source\portable\MemMang/heap_1.c **** void vPortFree( void *pv )
 164:Generated_Source\PSoC6\pdl\rtos\FreeRTOS\9.0.0\Source\portable\MemMang/heap_1.c **** {
 115              		.loc 1 164 0
 116              		.cfi_startproc
 117              		@ args = 0, pretend = 0, frame = 0
 118              		@ frame_needed = 0, uses_anonymous_args = 0
 119              		@ link register save eliminated.
 120              	.LVL10:
ARM GAS  C:\Users\gjl\AppData\Local\Temp\ccr31EPP.s 			page 6


 165:Generated_Source\PSoC6\pdl\rtos\FreeRTOS\9.0.0\Source\portable\MemMang/heap_1.c **** 	/* Memory cannot be freed using this scheme.  See heap_2.c, heap_3.c and
 166:Generated_Source\PSoC6\pdl\rtos\FreeRTOS\9.0.0\Source\portable\MemMang/heap_1.c **** 	heap_4.c for alternative implementations, and the memory management pages of
 167:Generated_Source\PSoC6\pdl\rtos\FreeRTOS\9.0.0\Source\portable\MemMang/heap_1.c **** 	http://www.FreeRTOS.org for more information. */
 168:Generated_Source\PSoC6\pdl\rtos\FreeRTOS\9.0.0\Source\portable\MemMang/heap_1.c **** 	( void ) pv;
 169:Generated_Source\PSoC6\pdl\rtos\FreeRTOS\9.0.0\Source\portable\MemMang/heap_1.c **** 
 170:Generated_Source\PSoC6\pdl\rtos\FreeRTOS\9.0.0\Source\portable\MemMang/heap_1.c **** 	/* Force an assert as it is invalid to call this function. */
 171:Generated_Source\PSoC6\pdl\rtos\FreeRTOS\9.0.0\Source\portable\MemMang/heap_1.c **** 	configASSERT( pv == NULL );
 121              		.loc 1 171 0
 122 0000 08B1     		cbz	r0, .L10
 123              		.loc 1 171 0 is_stmt 0 discriminator 1
 124              		.syntax unified
 125              	@ 171 "Generated_Source\PSoC6\pdl\rtos\FreeRTOS\9.0.0\Source\portable\MemMang\heap_1.c" 1
 126 0002 72B6     		 cpsid i 
 127              	@ 0 "" 2
 128              		.thumb
 129              		.syntax unified
 130              	.L12:
 131 0004 FEE7     		b	.L12
 132              	.L10:
 133 0006 7047     		bx	lr
 134              		.cfi_endproc
 135              	.LFE130:
 136              		.size	vPortFree, .-vPortFree
 137              		.section	.text.vPortInitialiseBlocks,"ax",%progbits
 138              		.align	2
 139              		.global	vPortInitialiseBlocks
 140              		.thumb
 141              		.thumb_func
 142              		.type	vPortInitialiseBlocks, %function
 143              	vPortInitialiseBlocks:
 144              	.LFB131:
 172:Generated_Source\PSoC6\pdl\rtos\FreeRTOS\9.0.0\Source\portable\MemMang/heap_1.c **** }
 173:Generated_Source\PSoC6\pdl\rtos\FreeRTOS\9.0.0\Source\portable\MemMang/heap_1.c **** /*-----------------------------------------------------------*/
 174:Generated_Source\PSoC6\pdl\rtos\FreeRTOS\9.0.0\Source\portable\MemMang/heap_1.c **** 
 175:Generated_Source\PSoC6\pdl\rtos\FreeRTOS\9.0.0\Source\portable\MemMang/heap_1.c **** void vPortInitialiseBlocks( void )
 176:Generated_Source\PSoC6\pdl\rtos\FreeRTOS\9.0.0\Source\portable\MemMang/heap_1.c **** {
 145              		.loc 1 176 0 is_stmt 1
 146              		.cfi_startproc
 147              		@ args = 0, pretend = 0, frame = 0
 148              		@ frame_needed = 0, uses_anonymous_args = 0
 149              		@ link register save eliminated.
 177:Generated_Source\PSoC6\pdl\rtos\FreeRTOS\9.0.0\Source\portable\MemMang/heap_1.c **** 	/* Only required when static memory is not cleared. */
 178:Generated_Source\PSoC6\pdl\rtos\FreeRTOS\9.0.0\Source\portable\MemMang/heap_1.c **** 	xNextFreeByte = ( size_t ) 0;
 150              		.loc 1 178 0
 151 0000 0022     		movs	r2, #0
 152 0002 024B     		ldr	r3, .L14
 153 0004 C3F85C25 		str	r2, [r3, #1372]
 154 0008 7047     		bx	lr
 155              	.L15:
 156 000a 00BF     		.align	2
 157              	.L14:
 158 000c A8BA0000 		.word	.LANCHOR1
 159              		.cfi_endproc
 160              	.LFE131:
 161              		.size	vPortInitialiseBlocks, .-vPortInitialiseBlocks
 162              		.section	.text.xPortGetFreeHeapSize,"ax",%progbits
 163              		.align	2
ARM GAS  C:\Users\gjl\AppData\Local\Temp\ccr31EPP.s 			page 7


 164              		.global	xPortGetFreeHeapSize
 165              		.thumb
 166              		.thumb_func
 167              		.type	xPortGetFreeHeapSize, %function
 168              	xPortGetFreeHeapSize:
 169              	.LFB132:
 179:Generated_Source\PSoC6\pdl\rtos\FreeRTOS\9.0.0\Source\portable\MemMang/heap_1.c **** }
 180:Generated_Source\PSoC6\pdl\rtos\FreeRTOS\9.0.0\Source\portable\MemMang/heap_1.c **** /*-----------------------------------------------------------*/
 181:Generated_Source\PSoC6\pdl\rtos\FreeRTOS\9.0.0\Source\portable\MemMang/heap_1.c **** 
 182:Generated_Source\PSoC6\pdl\rtos\FreeRTOS\9.0.0\Source\portable\MemMang/heap_1.c **** size_t xPortGetFreeHeapSize( void )
 183:Generated_Source\PSoC6\pdl\rtos\FreeRTOS\9.0.0\Source\portable\MemMang/heap_1.c **** {
 170              		.loc 1 183 0
 171              		.cfi_startproc
 172              		@ args = 0, pretend = 0, frame = 0
 173              		@ frame_needed = 0, uses_anonymous_args = 0
 174              		@ link register save eliminated.
 184:Generated_Source\PSoC6\pdl\rtos\FreeRTOS\9.0.0\Source\portable\MemMang/heap_1.c **** 	return ( configADJUSTED_HEAP_SIZE - xNextFreeByte );
 175              		.loc 1 184 0
 176 0000 034B     		ldr	r3, .L17
 177 0002 D3F85C05 		ldr	r0, [r3, #1372]
 185:Generated_Source\PSoC6\pdl\rtos\FreeRTOS\9.0.0\Source\portable\MemMang/heap_1.c **** }
 178              		.loc 1 185 0
 179 0006 C0F53F40 		rsb	r0, r0, #48896
 180 000a F830     		adds	r0, r0, #248
 181 000c 7047     		bx	lr
 182              	.L18:
 183 000e 00BF     		.align	2
 184              	.L17:
 185 0010 A8BA0000 		.word	.LANCHOR1
 186              		.cfi_endproc
 187              	.LFE132:
 188              		.size	xPortGetFreeHeapSize, .-xPortGetFreeHeapSize
 189              		.bss
 190              		.align	2
 191              		.set	.LANCHOR0,. + 0
 192              		.set	.LANCHOR1,. + 47784
 193              		.type	pucAlignedHeap.10612, %object
 194              		.size	pucAlignedHeap.10612, 4
 195              	pucAlignedHeap.10612:
 196 0000 00000000 		.space	4
 197              		.type	ucHeap, %object
 198              		.size	ucHeap, 49152
 199              	ucHeap:
 200 0004 00000000 		.space	49152
 200      00000000 
 200      00000000 
 200      00000000 
 200      00000000 
 201              		.type	xNextFreeByte, %object
 202              		.size	xNextFreeByte, 4
 203              	xNextFreeByte:
 204 c004 00000000 		.space	4
 205              		.text
 206              	.Letext0:
 207              		.file 2 "c:\\program files (x86)\\cypress\\psoc creator\\4.2\\psoc creator\\import\\gnu\\arm\\5.4.
 208              		.file 3 "c:\\program files (x86)\\cypress\\psoc creator\\4.2\\psoc creator\\import\\gnu\\arm\\5.4.
 209              		.file 4 "c:\\program files (x86)\\cypress\\psoc creator\\4.2\\psoc creator\\import\\gnu\\arm\\5.4.
ARM GAS  C:\Users\gjl\AppData\Local\Temp\ccr31EPP.s 			page 8


 210              		.file 5 "Generated_Source\\PSoC6\\pdl\\rtos/FreeRTOS/9.0.0/Source/include/task.h"
 211              		.file 6 "Generated_Source\\PSoC6\\pdl\\cmsis/include/core_cm4.h"
 212              		.section	.debug_info,"",%progbits
 213              	.Ldebug_info0:
 214 0000 DF010000 		.4byte	0x1df
 215 0004 0400     		.2byte	0x4
 216 0006 00000000 		.4byte	.Ldebug_abbrev0
 217 000a 04       		.byte	0x4
 218 000b 01       		.uleb128 0x1
 219 000c 49010000 		.4byte	.LASF28
 220 0010 0C       		.byte	0xc
 221 0011 11000000 		.4byte	.LASF29
 222 0015 5C020000 		.4byte	.LASF30
 223 0019 00000000 		.4byte	.Ldebug_ranges0+0
 224 001d 00000000 		.4byte	0
 225 0021 00000000 		.4byte	.Ldebug_line0
 226 0025 02       		.uleb128 0x2
 227 0026 0A000000 		.4byte	.LASF4
 228 002a 02       		.byte	0x2
 229 002b D8       		.byte	0xd8
 230 002c 30000000 		.4byte	0x30
 231 0030 03       		.uleb128 0x3
 232 0031 04       		.byte	0x4
 233 0032 07       		.byte	0x7
 234 0033 1D010000 		.4byte	.LASF0
 235 0037 04       		.uleb128 0x4
 236 0038 04       		.byte	0x4
 237 0039 05       		.byte	0x5
 238 003a 696E7400 		.ascii	"int\000"
 239 003e 03       		.uleb128 0x3
 240 003f 08       		.byte	0x8
 241 0040 05       		.byte	0x5
 242 0041 0D020000 		.4byte	.LASF1
 243 0045 03       		.uleb128 0x3
 244 0046 08       		.byte	0x8
 245 0047 04       		.byte	0x4
 246 0048 B9020000 		.4byte	.LASF2
 247 004c 03       		.uleb128 0x3
 248 004d 01       		.byte	0x1
 249 004e 06       		.byte	0x6
 250 004f C5020000 		.4byte	.LASF3
 251 0053 02       		.uleb128 0x2
 252 0054 00000000 		.4byte	.LASF5
 253 0058 03       		.byte	0x3
 254 0059 1D       		.byte	0x1d
 255 005a 5E000000 		.4byte	0x5e
 256 005e 03       		.uleb128 0x3
 257 005f 01       		.byte	0x1
 258 0060 08       		.byte	0x8
 259 0061 A5000000 		.4byte	.LASF6
 260 0065 03       		.uleb128 0x3
 261 0066 02       		.byte	0x2
 262 0067 05       		.byte	0x5
 263 0068 48020000 		.4byte	.LASF7
 264 006c 03       		.uleb128 0x3
 265 006d 02       		.byte	0x2
 266 006e 07       		.byte	0x7
ARM GAS  C:\Users\gjl\AppData\Local\Temp\ccr31EPP.s 			page 9


 267 006f C5000000 		.4byte	.LASF8
 268 0073 02       		.uleb128 0x2
 269 0074 71000000 		.4byte	.LASF9
 270 0078 03       		.byte	0x3
 271 0079 3F       		.byte	0x3f
 272 007a 7E000000 		.4byte	0x7e
 273 007e 03       		.uleb128 0x3
 274 007f 04       		.byte	0x4
 275 0080 05       		.byte	0x5
 276 0081 B0020000 		.4byte	.LASF10
 277 0085 02       		.uleb128 0x2
 278 0086 EC000000 		.4byte	.LASF11
 279 008a 03       		.byte	0x3
 280 008b 41       		.byte	0x41
 281 008c 90000000 		.4byte	0x90
 282 0090 03       		.uleb128 0x3
 283 0091 04       		.byte	0x4
 284 0092 07       		.byte	0x7
 285 0093 B3000000 		.4byte	.LASF12
 286 0097 03       		.uleb128 0x3
 287 0098 08       		.byte	0x8
 288 0099 07       		.byte	0x7
 289 009a 2A010000 		.4byte	.LASF13
 290 009e 03       		.uleb128 0x3
 291 009f 04       		.byte	0x4
 292 00a0 07       		.byte	0x7
 293 00a1 04020000 		.4byte	.LASF14
 294 00a5 05       		.uleb128 0x5
 295 00a6 04       		.byte	0x4
 296 00a7 03       		.uleb128 0x3
 297 00a8 01       		.byte	0x1
 298 00a9 08       		.byte	0x8
 299 00aa 27020000 		.4byte	.LASF15
 300 00ae 02       		.uleb128 0x2
 301 00af 41010000 		.4byte	.LASF16
 302 00b3 04       		.byte	0x4
 303 00b4 18       		.byte	0x18
 304 00b5 53000000 		.4byte	0x53
 305 00b9 02       		.uleb128 0x2
 306 00ba FC010000 		.4byte	.LASF17
 307 00be 04       		.byte	0x4
 308 00bf 2C       		.byte	0x2c
 309 00c0 73000000 		.4byte	0x73
 310 00c4 02       		.uleb128 0x2
 311 00c5 A7020000 		.4byte	.LASF18
 312 00c9 04       		.byte	0x4
 313 00ca 30       		.byte	0x30
 314 00cb 85000000 		.4byte	0x85
 315 00cf 03       		.uleb128 0x3
 316 00d0 04       		.byte	0x4
 317 00d1 04       		.byte	0x4
 318 00d2 9F000000 		.4byte	.LASF19
 319 00d6 03       		.uleb128 0x3
 320 00d7 08       		.byte	0x8
 321 00d8 04       		.byte	0x4
 322 00d9 E5000000 		.4byte	.LASF20
 323 00dd 06       		.uleb128 0x6
ARM GAS  C:\Users\gjl\AppData\Local\Temp\ccr31EPP.s 			page 10


 324 00de 04       		.byte	0x4
 325 00df AE000000 		.4byte	0xae
 326 00e3 07       		.uleb128 0x7
 327 00e4 3B020000 		.4byte	.LASF31
 328 00e8 01       		.byte	0x1
 329 00e9 6F       		.byte	0x6f
 330 00ea A5000000 		.4byte	0xa5
 331 00ee 00000000 		.4byte	.LFB129
 332 00f2 60000000 		.4byte	.LFE129-.LFB129
 333 00f6 01       		.uleb128 0x1
 334 00f7 9C       		.byte	0x9c
 335 00f8 3E010000 		.4byte	0x13e
 336 00fc 08       		.uleb128 0x8
 337 00fd 1B020000 		.4byte	.LASF23
 338 0101 01       		.byte	0x1
 339 0102 6F       		.byte	0x6f
 340 0103 25000000 		.4byte	0x25
 341 0107 00000000 		.4byte	.LLST0
 342 010b 09       		.uleb128 0x9
 343 010c F7000000 		.4byte	.LASF21
 344 0110 01       		.byte	0x1
 345 0111 71       		.byte	0x71
 346 0112 A5000000 		.4byte	0xa5
 347 0116 1E000000 		.4byte	.LLST1
 348 011a 0A       		.uleb128 0xa
 349 011b 2C020000 		.4byte	.LASF22
 350 011f 01       		.byte	0x1
 351 0120 72       		.byte	0x72
 352 0121 DD000000 		.4byte	0xdd
 353 0125 05       		.uleb128 0x5
 354 0126 03       		.byte	0x3
 355 0127 00000000 		.4byte	pucAlignedHeap.10612
 356 012b 0B       		.uleb128 0xb
 357 012c 14000000 		.4byte	.LVL3
 358 0130 CA010000 		.4byte	0x1ca
 359 0134 0B       		.uleb128 0xb
 360 0135 52000000 		.4byte	.LVL8
 361 0139 D6010000 		.4byte	0x1d6
 362 013d 00       		.byte	0
 363 013e 0C       		.uleb128 0xc
 364 013f 52020000 		.4byte	.LASF32
 365 0143 01       		.byte	0x1
 366 0144 A3       		.byte	0xa3
 367 0145 00000000 		.4byte	.LFB130
 368 0149 08000000 		.4byte	.LFE130-.LFB130
 369 014d 01       		.uleb128 0x1
 370 014e 9C       		.byte	0x9c
 371 014f 60010000 		.4byte	0x160
 372 0153 0D       		.uleb128 0xd
 373 0154 707600   		.ascii	"pv\000"
 374 0157 01       		.byte	0x1
 375 0158 A3       		.byte	0xa3
 376 0159 A5000000 		.4byte	0xa5
 377 015d 01       		.uleb128 0x1
 378 015e 50       		.byte	0x50
 379 015f 00       		.byte	0
 380 0160 0E       		.uleb128 0xe
ARM GAS  C:\Users\gjl\AppData\Local\Temp\ccr31EPP.s 			page 11


 381 0161 07010000 		.4byte	.LASF33
 382 0165 01       		.byte	0x1
 383 0166 AF       		.byte	0xaf
 384 0167 00000000 		.4byte	.LFB131
 385 016b 10000000 		.4byte	.LFE131-.LFB131
 386 016f 01       		.uleb128 0x1
 387 0170 9C       		.byte	0x9c
 388 0171 0F       		.uleb128 0xf
 389 0172 7B000000 		.4byte	.LASF34
 390 0176 01       		.byte	0x1
 391 0177 B6       		.byte	0xb6
 392 0178 25000000 		.4byte	0x25
 393 017c 00000000 		.4byte	.LFB132
 394 0180 14000000 		.4byte	.LFE132-.LFB132
 395 0184 01       		.uleb128 0x1
 396 0185 9C       		.byte	0x9c
 397 0186 10       		.uleb128 0x10
 398 0187 AE000000 		.4byte	0xae
 399 018b 97010000 		.4byte	0x197
 400 018f 11       		.uleb128 0x11
 401 0190 9E000000 		.4byte	0x9e
 402 0194 FFBF     		.2byte	0xbfff
 403 0196 00       		.byte	0
 404 0197 0A       		.uleb128 0xa
 405 0198 00010000 		.4byte	.LASF24
 406 019c 01       		.byte	0x1
 407 019d 68       		.byte	0x68
 408 019e 86010000 		.4byte	0x186
 409 01a2 05       		.uleb128 0x5
 410 01a3 03       		.byte	0x3
 411 01a4 04000000 		.4byte	ucHeap
 412 01a8 0A       		.uleb128 0xa
 413 01a9 D1020000 		.4byte	.LASF25
 414 01ad 01       		.byte	0x1
 415 01ae 6B       		.byte	0x6b
 416 01af 25000000 		.4byte	0x25
 417 01b3 05       		.uleb128 0x5
 418 01b4 03       		.byte	0x3
 419 01b5 04C00000 		.4byte	xNextFreeByte
 420 01b9 12       		.uleb128 0x12
 421 01ba D8000000 		.4byte	.LASF35
 422 01be 06       		.byte	0x6
 423 01bf EA07     		.2byte	0x7ea
 424 01c1 C5010000 		.4byte	0x1c5
 425 01c5 13       		.uleb128 0x13
 426 01c6 B9000000 		.4byte	0xb9
 427 01ca 14       		.uleb128 0x14
 428 01cb 61000000 		.4byte	.LASF26
 429 01cf 61000000 		.4byte	.LASF26
 430 01d3 05       		.byte	0x5
 431 01d4 C304     		.2byte	0x4c3
 432 01d6 14       		.uleb128 0x14
 433 01d7 90000000 		.4byte	.LASF27
 434 01db 90000000 		.4byte	.LASF27
 435 01df 05       		.byte	0x5
 436 01e0 F904     		.2byte	0x4f9
 437 01e2 00       		.byte	0
ARM GAS  C:\Users\gjl\AppData\Local\Temp\ccr31EPP.s 			page 12


 438              		.section	.debug_abbrev,"",%progbits
 439              	.Ldebug_abbrev0:
 440 0000 01       		.uleb128 0x1
 441 0001 11       		.uleb128 0x11
 442 0002 01       		.byte	0x1
 443 0003 25       		.uleb128 0x25
 444 0004 0E       		.uleb128 0xe
 445 0005 13       		.uleb128 0x13
 446 0006 0B       		.uleb128 0xb
 447 0007 03       		.uleb128 0x3
 448 0008 0E       		.uleb128 0xe
 449 0009 1B       		.uleb128 0x1b
 450 000a 0E       		.uleb128 0xe
 451 000b 55       		.uleb128 0x55
 452 000c 17       		.uleb128 0x17
 453 000d 11       		.uleb128 0x11
 454 000e 01       		.uleb128 0x1
 455 000f 10       		.uleb128 0x10
 456 0010 17       		.uleb128 0x17
 457 0011 00       		.byte	0
 458 0012 00       		.byte	0
 459 0013 02       		.uleb128 0x2
 460 0014 16       		.uleb128 0x16
 461 0015 00       		.byte	0
 462 0016 03       		.uleb128 0x3
 463 0017 0E       		.uleb128 0xe
 464 0018 3A       		.uleb128 0x3a
 465 0019 0B       		.uleb128 0xb
 466 001a 3B       		.uleb128 0x3b
 467 001b 0B       		.uleb128 0xb
 468 001c 49       		.uleb128 0x49
 469 001d 13       		.uleb128 0x13
 470 001e 00       		.byte	0
 471 001f 00       		.byte	0
 472 0020 03       		.uleb128 0x3
 473 0021 24       		.uleb128 0x24
 474 0022 00       		.byte	0
 475 0023 0B       		.uleb128 0xb
 476 0024 0B       		.uleb128 0xb
 477 0025 3E       		.uleb128 0x3e
 478 0026 0B       		.uleb128 0xb
 479 0027 03       		.uleb128 0x3
 480 0028 0E       		.uleb128 0xe
 481 0029 00       		.byte	0
 482 002a 00       		.byte	0
 483 002b 04       		.uleb128 0x4
 484 002c 24       		.uleb128 0x24
 485 002d 00       		.byte	0
 486 002e 0B       		.uleb128 0xb
 487 002f 0B       		.uleb128 0xb
 488 0030 3E       		.uleb128 0x3e
 489 0031 0B       		.uleb128 0xb
 490 0032 03       		.uleb128 0x3
 491 0033 08       		.uleb128 0x8
 492 0034 00       		.byte	0
 493 0035 00       		.byte	0
 494 0036 05       		.uleb128 0x5
ARM GAS  C:\Users\gjl\AppData\Local\Temp\ccr31EPP.s 			page 13


 495 0037 0F       		.uleb128 0xf
 496 0038 00       		.byte	0
 497 0039 0B       		.uleb128 0xb
 498 003a 0B       		.uleb128 0xb
 499 003b 00       		.byte	0
 500 003c 00       		.byte	0
 501 003d 06       		.uleb128 0x6
 502 003e 0F       		.uleb128 0xf
 503 003f 00       		.byte	0
 504 0040 0B       		.uleb128 0xb
 505 0041 0B       		.uleb128 0xb
 506 0042 49       		.uleb128 0x49
 507 0043 13       		.uleb128 0x13
 508 0044 00       		.byte	0
 509 0045 00       		.byte	0
 510 0046 07       		.uleb128 0x7
 511 0047 2E       		.uleb128 0x2e
 512 0048 01       		.byte	0x1
 513 0049 3F       		.uleb128 0x3f
 514 004a 19       		.uleb128 0x19
 515 004b 03       		.uleb128 0x3
 516 004c 0E       		.uleb128 0xe
 517 004d 3A       		.uleb128 0x3a
 518 004e 0B       		.uleb128 0xb
 519 004f 3B       		.uleb128 0x3b
 520 0050 0B       		.uleb128 0xb
 521 0051 27       		.uleb128 0x27
 522 0052 19       		.uleb128 0x19
 523 0053 49       		.uleb128 0x49
 524 0054 13       		.uleb128 0x13
 525 0055 11       		.uleb128 0x11
 526 0056 01       		.uleb128 0x1
 527 0057 12       		.uleb128 0x12
 528 0058 06       		.uleb128 0x6
 529 0059 40       		.uleb128 0x40
 530 005a 18       		.uleb128 0x18
 531 005b 9742     		.uleb128 0x2117
 532 005d 19       		.uleb128 0x19
 533 005e 01       		.uleb128 0x1
 534 005f 13       		.uleb128 0x13
 535 0060 00       		.byte	0
 536 0061 00       		.byte	0
 537 0062 08       		.uleb128 0x8
 538 0063 05       		.uleb128 0x5
 539 0064 00       		.byte	0
 540 0065 03       		.uleb128 0x3
 541 0066 0E       		.uleb128 0xe
 542 0067 3A       		.uleb128 0x3a
 543 0068 0B       		.uleb128 0xb
 544 0069 3B       		.uleb128 0x3b
 545 006a 0B       		.uleb128 0xb
 546 006b 49       		.uleb128 0x49
 547 006c 13       		.uleb128 0x13
 548 006d 02       		.uleb128 0x2
 549 006e 17       		.uleb128 0x17
 550 006f 00       		.byte	0
 551 0070 00       		.byte	0
ARM GAS  C:\Users\gjl\AppData\Local\Temp\ccr31EPP.s 			page 14


 552 0071 09       		.uleb128 0x9
 553 0072 34       		.uleb128 0x34
 554 0073 00       		.byte	0
 555 0074 03       		.uleb128 0x3
 556 0075 0E       		.uleb128 0xe
 557 0076 3A       		.uleb128 0x3a
 558 0077 0B       		.uleb128 0xb
 559 0078 3B       		.uleb128 0x3b
 560 0079 0B       		.uleb128 0xb
 561 007a 49       		.uleb128 0x49
 562 007b 13       		.uleb128 0x13
 563 007c 02       		.uleb128 0x2
 564 007d 17       		.uleb128 0x17
 565 007e 00       		.byte	0
 566 007f 00       		.byte	0
 567 0080 0A       		.uleb128 0xa
 568 0081 34       		.uleb128 0x34
 569 0082 00       		.byte	0
 570 0083 03       		.uleb128 0x3
 571 0084 0E       		.uleb128 0xe
 572 0085 3A       		.uleb128 0x3a
 573 0086 0B       		.uleb128 0xb
 574 0087 3B       		.uleb128 0x3b
 575 0088 0B       		.uleb128 0xb
 576 0089 49       		.uleb128 0x49
 577 008a 13       		.uleb128 0x13
 578 008b 02       		.uleb128 0x2
 579 008c 18       		.uleb128 0x18
 580 008d 00       		.byte	0
 581 008e 00       		.byte	0
 582 008f 0B       		.uleb128 0xb
 583 0090 898201   		.uleb128 0x4109
 584 0093 00       		.byte	0
 585 0094 11       		.uleb128 0x11
 586 0095 01       		.uleb128 0x1
 587 0096 31       		.uleb128 0x31
 588 0097 13       		.uleb128 0x13
 589 0098 00       		.byte	0
 590 0099 00       		.byte	0
 591 009a 0C       		.uleb128 0xc
 592 009b 2E       		.uleb128 0x2e
 593 009c 01       		.byte	0x1
 594 009d 3F       		.uleb128 0x3f
 595 009e 19       		.uleb128 0x19
 596 009f 03       		.uleb128 0x3
 597 00a0 0E       		.uleb128 0xe
 598 00a1 3A       		.uleb128 0x3a
 599 00a2 0B       		.uleb128 0xb
 600 00a3 3B       		.uleb128 0x3b
 601 00a4 0B       		.uleb128 0xb
 602 00a5 27       		.uleb128 0x27
 603 00a6 19       		.uleb128 0x19
 604 00a7 11       		.uleb128 0x11
 605 00a8 01       		.uleb128 0x1
 606 00a9 12       		.uleb128 0x12
 607 00aa 06       		.uleb128 0x6
 608 00ab 40       		.uleb128 0x40
ARM GAS  C:\Users\gjl\AppData\Local\Temp\ccr31EPP.s 			page 15


 609 00ac 18       		.uleb128 0x18
 610 00ad 9742     		.uleb128 0x2117
 611 00af 19       		.uleb128 0x19
 612 00b0 01       		.uleb128 0x1
 613 00b1 13       		.uleb128 0x13
 614 00b2 00       		.byte	0
 615 00b3 00       		.byte	0
 616 00b4 0D       		.uleb128 0xd
 617 00b5 05       		.uleb128 0x5
 618 00b6 00       		.byte	0
 619 00b7 03       		.uleb128 0x3
 620 00b8 08       		.uleb128 0x8
 621 00b9 3A       		.uleb128 0x3a
 622 00ba 0B       		.uleb128 0xb
 623 00bb 3B       		.uleb128 0x3b
 624 00bc 0B       		.uleb128 0xb
 625 00bd 49       		.uleb128 0x49
 626 00be 13       		.uleb128 0x13
 627 00bf 02       		.uleb128 0x2
 628 00c0 18       		.uleb128 0x18
 629 00c1 00       		.byte	0
 630 00c2 00       		.byte	0
 631 00c3 0E       		.uleb128 0xe
 632 00c4 2E       		.uleb128 0x2e
 633 00c5 00       		.byte	0
 634 00c6 3F       		.uleb128 0x3f
 635 00c7 19       		.uleb128 0x19
 636 00c8 03       		.uleb128 0x3
 637 00c9 0E       		.uleb128 0xe
 638 00ca 3A       		.uleb128 0x3a
 639 00cb 0B       		.uleb128 0xb
 640 00cc 3B       		.uleb128 0x3b
 641 00cd 0B       		.uleb128 0xb
 642 00ce 27       		.uleb128 0x27
 643 00cf 19       		.uleb128 0x19
 644 00d0 11       		.uleb128 0x11
 645 00d1 01       		.uleb128 0x1
 646 00d2 12       		.uleb128 0x12
 647 00d3 06       		.uleb128 0x6
 648 00d4 40       		.uleb128 0x40
 649 00d5 18       		.uleb128 0x18
 650 00d6 9742     		.uleb128 0x2117
 651 00d8 19       		.uleb128 0x19
 652 00d9 00       		.byte	0
 653 00da 00       		.byte	0
 654 00db 0F       		.uleb128 0xf
 655 00dc 2E       		.uleb128 0x2e
 656 00dd 00       		.byte	0
 657 00de 3F       		.uleb128 0x3f
 658 00df 19       		.uleb128 0x19
 659 00e0 03       		.uleb128 0x3
 660 00e1 0E       		.uleb128 0xe
 661 00e2 3A       		.uleb128 0x3a
 662 00e3 0B       		.uleb128 0xb
 663 00e4 3B       		.uleb128 0x3b
 664 00e5 0B       		.uleb128 0xb
 665 00e6 27       		.uleb128 0x27
ARM GAS  C:\Users\gjl\AppData\Local\Temp\ccr31EPP.s 			page 16


 666 00e7 19       		.uleb128 0x19
 667 00e8 49       		.uleb128 0x49
 668 00e9 13       		.uleb128 0x13
 669 00ea 11       		.uleb128 0x11
 670 00eb 01       		.uleb128 0x1
 671 00ec 12       		.uleb128 0x12
 672 00ed 06       		.uleb128 0x6
 673 00ee 40       		.uleb128 0x40
 674 00ef 18       		.uleb128 0x18
 675 00f0 9742     		.uleb128 0x2117
 676 00f2 19       		.uleb128 0x19
 677 00f3 00       		.byte	0
 678 00f4 00       		.byte	0
 679 00f5 10       		.uleb128 0x10
 680 00f6 01       		.uleb128 0x1
 681 00f7 01       		.byte	0x1
 682 00f8 49       		.uleb128 0x49
 683 00f9 13       		.uleb128 0x13
 684 00fa 01       		.uleb128 0x1
 685 00fb 13       		.uleb128 0x13
 686 00fc 00       		.byte	0
 687 00fd 00       		.byte	0
 688 00fe 11       		.uleb128 0x11
 689 00ff 21       		.uleb128 0x21
 690 0100 00       		.byte	0
 691 0101 49       		.uleb128 0x49
 692 0102 13       		.uleb128 0x13
 693 0103 2F       		.uleb128 0x2f
 694 0104 05       		.uleb128 0x5
 695 0105 00       		.byte	0
 696 0106 00       		.byte	0
 697 0107 12       		.uleb128 0x12
 698 0108 34       		.uleb128 0x34
 699 0109 00       		.byte	0
 700 010a 03       		.uleb128 0x3
 701 010b 0E       		.uleb128 0xe
 702 010c 3A       		.uleb128 0x3a
 703 010d 0B       		.uleb128 0xb
 704 010e 3B       		.uleb128 0x3b
 705 010f 05       		.uleb128 0x5
 706 0110 49       		.uleb128 0x49
 707 0111 13       		.uleb128 0x13
 708 0112 3F       		.uleb128 0x3f
 709 0113 19       		.uleb128 0x19
 710 0114 3C       		.uleb128 0x3c
 711 0115 19       		.uleb128 0x19
 712 0116 00       		.byte	0
 713 0117 00       		.byte	0
 714 0118 13       		.uleb128 0x13
 715 0119 35       		.uleb128 0x35
 716 011a 00       		.byte	0
 717 011b 49       		.uleb128 0x49
 718 011c 13       		.uleb128 0x13
 719 011d 00       		.byte	0
 720 011e 00       		.byte	0
 721 011f 14       		.uleb128 0x14
 722 0120 2E       		.uleb128 0x2e
ARM GAS  C:\Users\gjl\AppData\Local\Temp\ccr31EPP.s 			page 17


 723 0121 00       		.byte	0
 724 0122 3F       		.uleb128 0x3f
 725 0123 19       		.uleb128 0x19
 726 0124 3C       		.uleb128 0x3c
 727 0125 19       		.uleb128 0x19
 728 0126 6E       		.uleb128 0x6e
 729 0127 0E       		.uleb128 0xe
 730 0128 03       		.uleb128 0x3
 731 0129 0E       		.uleb128 0xe
 732 012a 3A       		.uleb128 0x3a
 733 012b 0B       		.uleb128 0xb
 734 012c 3B       		.uleb128 0x3b
 735 012d 05       		.uleb128 0x5
 736 012e 00       		.byte	0
 737 012f 00       		.byte	0
 738 0130 00       		.byte	0
 739              		.section	.debug_loc,"",%progbits
 740              	.Ldebug_loc0:
 741              	.LLST0:
 742 0000 00000000 		.4byte	.LVL0
 743 0004 10000000 		.4byte	.LVL2
 744 0008 0100     		.2byte	0x1
 745 000a 50       		.byte	0x50
 746 000b 10000000 		.4byte	.LVL2
 747 000f 2E000000 		.4byte	.LVL4
 748 0013 0100     		.2byte	0x1
 749 0015 54       		.byte	0x54
 750 0016 00000000 		.4byte	0
 751 001a 00000000 		.4byte	0
 752              	.LLST1:
 753 001e 04000000 		.4byte	.LVL1
 754 0022 40000000 		.4byte	.LVL5
 755 0026 0200     		.2byte	0x2
 756 0028 30       		.byte	0x30
 757 0029 9F       		.byte	0x9f
 758 002a 40000000 		.4byte	.LVL5
 759 002e 48000000 		.4byte	.LVL6
 760 0032 0100     		.2byte	0x1
 761 0034 55       		.byte	0x55
 762 0035 48000000 		.4byte	.LVL6
 763 0039 4E000000 		.4byte	.LVL7
 764 003d 0200     		.2byte	0x2
 765 003f 30       		.byte	0x30
 766 0040 9F       		.byte	0x9f
 767 0041 4E000000 		.4byte	.LVL7
 768 0045 56000000 		.4byte	.LVL9
 769 0049 0100     		.2byte	0x1
 770 004b 55       		.byte	0x55
 771 004c 56000000 		.4byte	.LVL9
 772 0050 60000000 		.4byte	.LFE129
 773 0054 0100     		.2byte	0x1
 774 0056 50       		.byte	0x50
 775 0057 00000000 		.4byte	0
 776 005b 00000000 		.4byte	0
 777              		.section	.debug_aranges,"",%progbits
 778 0000 34000000 		.4byte	0x34
 779 0004 0200     		.2byte	0x2
ARM GAS  C:\Users\gjl\AppData\Local\Temp\ccr31EPP.s 			page 18


 780 0006 00000000 		.4byte	.Ldebug_info0
 781 000a 04       		.byte	0x4
 782 000b 00       		.byte	0
 783 000c 0000     		.2byte	0
 784 000e 0000     		.2byte	0
 785 0010 00000000 		.4byte	.LFB129
 786 0014 60000000 		.4byte	.LFE129-.LFB129
 787 0018 00000000 		.4byte	.LFB130
 788 001c 08000000 		.4byte	.LFE130-.LFB130
 789 0020 00000000 		.4byte	.LFB131
 790 0024 10000000 		.4byte	.LFE131-.LFB131
 791 0028 00000000 		.4byte	.LFB132
 792 002c 14000000 		.4byte	.LFE132-.LFB132
 793 0030 00000000 		.4byte	0
 794 0034 00000000 		.4byte	0
 795              		.section	.debug_ranges,"",%progbits
 796              	.Ldebug_ranges0:
 797 0000 00000000 		.4byte	.LFB129
 798 0004 60000000 		.4byte	.LFE129
 799 0008 00000000 		.4byte	.LFB130
 800 000c 08000000 		.4byte	.LFE130
 801 0010 00000000 		.4byte	.LFB131
 802 0014 10000000 		.4byte	.LFE131
 803 0018 00000000 		.4byte	.LFB132
 804 001c 14000000 		.4byte	.LFE132
 805 0020 00000000 		.4byte	0
 806 0024 00000000 		.4byte	0
 807              		.section	.debug_line,"",%progbits
 808              	.Ldebug_line0:
 809 0000 CC020000 		.section	.debug_str,"MS",%progbits,1
 809      02006402 
 809      00000201 
 809      FB0E0D00 
 809      01010101 
 810              	.LASF5:
 811 0000 5F5F7569 		.ascii	"__uint8_t\000"
 811      6E74385F 
 811      7400
 812              	.LASF4:
 813 000a 73697A65 		.ascii	"size_t\000"
 813      5F7400
 814              	.LASF29:
 815 0011 47656E65 		.ascii	"Generated_Source\\PSoC6\\pdl\\rtos\\FreeRTOS\\9.0.0"
 815      72617465 
 815      645F536F 
 815      75726365 
 815      5C50536F 
 816 003f 5C536F75 		.ascii	"\\Source\\portable\\MemMang\\heap_1.c\000"
 816      7263655C 
 816      706F7274 
 816      61626C65 
 816      5C4D656D 
 817              	.LASF26:
 818 0061 76546173 		.ascii	"vTaskSuspendAll\000"
 818      6B537573 
 818      70656E64 
 818      416C6C00 
ARM GAS  C:\Users\gjl\AppData\Local\Temp\ccr31EPP.s 			page 19


 819              	.LASF9:
 820 0071 5F5F696E 		.ascii	"__int32_t\000"
 820      7433325F 
 820      7400
 821              	.LASF34:
 822 007b 78506F72 		.ascii	"xPortGetFreeHeapSize\000"
 822      74476574 
 822      46726565 
 822      48656170 
 822      53697A65 
 823              	.LASF27:
 824 0090 78546173 		.ascii	"xTaskResumeAll\000"
 824      6B526573 
 824      756D6541 
 824      6C6C00
 825              	.LASF19:
 826 009f 666C6F61 		.ascii	"float\000"
 826      7400
 827              	.LASF6:
 828 00a5 756E7369 		.ascii	"unsigned char\000"
 828      676E6564 
 828      20636861 
 828      7200
 829              	.LASF12:
 830 00b3 6C6F6E67 		.ascii	"long unsigned int\000"
 830      20756E73 
 830      69676E65 
 830      6420696E 
 830      7400
 831              	.LASF8:
 832 00c5 73686F72 		.ascii	"short unsigned int\000"
 832      7420756E 
 832      7369676E 
 832      65642069 
 832      6E7400
 833              	.LASF35:
 834 00d8 49544D5F 		.ascii	"ITM_RxBuffer\000"
 834      52784275 
 834      66666572 
 834      00
 835              	.LASF20:
 836 00e5 646F7562 		.ascii	"double\000"
 836      6C6500
 837              	.LASF11:
 838 00ec 5F5F7569 		.ascii	"__uint32_t\000"
 838      6E743332 
 838      5F7400
 839              	.LASF21:
 840 00f7 70765265 		.ascii	"pvReturn\000"
 840      7475726E 
 840      00
 841              	.LASF24:
 842 0100 75634865 		.ascii	"ucHeap\000"
 842      617000
 843              	.LASF33:
 844 0107 76506F72 		.ascii	"vPortInitialiseBlocks\000"
 844      74496E69 
ARM GAS  C:\Users\gjl\AppData\Local\Temp\ccr31EPP.s 			page 20


 844      7469616C 
 844      69736542 
 844      6C6F636B 
 845              	.LASF0:
 846 011d 756E7369 		.ascii	"unsigned int\000"
 846      676E6564 
 846      20696E74 
 846      00
 847              	.LASF13:
 848 012a 6C6F6E67 		.ascii	"long long unsigned int\000"
 848      206C6F6E 
 848      6720756E 
 848      7369676E 
 848      65642069 
 849              	.LASF16:
 850 0141 75696E74 		.ascii	"uint8_t\000"
 850      385F7400 
 851              	.LASF28:
 852 0149 474E5520 		.ascii	"GNU C11 5.4.1 20160609 (release) [ARM/embedded-5-br"
 852      43313120 
 852      352E342E 
 852      31203230 
 852      31363036 
 853 017c 616E6368 		.ascii	"anch revision 237715] -mcpu=cortex-m4 -mfloat-abi=s"
 853      20726576 
 853      6973696F 
 853      6E203233 
 853      37373135 
 854 01af 6F667466 		.ascii	"oftfp -mfpu=fpv4-sp-d16 -mthumb -g -Og -ffunction-s"
 854      70202D6D 
 854      6670753D 
 854      66707634 
 854      2D73702D 
 855 01e2 65637469 		.ascii	"ections -ffat-lto-objects\000"
 855      6F6E7320 
 855      2D666661 
 855      742D6C74 
 855      6F2D6F62 
 856              	.LASF17:
 857 01fc 696E7433 		.ascii	"int32_t\000"
 857      325F7400 
 858              	.LASF14:
 859 0204 73697A65 		.ascii	"sizetype\000"
 859      74797065 
 859      00
 860              	.LASF1:
 861 020d 6C6F6E67 		.ascii	"long long int\000"
 861      206C6F6E 
 861      6720696E 
 861      7400
 862              	.LASF23:
 863 021b 7857616E 		.ascii	"xWantedSize\000"
 863      74656453 
 863      697A6500 
 864              	.LASF15:
 865 0227 63686172 		.ascii	"char\000"
 865      00
ARM GAS  C:\Users\gjl\AppData\Local\Temp\ccr31EPP.s 			page 21


 866              	.LASF22:
 867 022c 70756341 		.ascii	"pucAlignedHeap\000"
 867      6C69676E 
 867      65644865 
 867      617000
 868              	.LASF31:
 869 023b 7076506F 		.ascii	"pvPortMalloc\000"
 869      72744D61 
 869      6C6C6F63 
 869      00
 870              	.LASF7:
 871 0248 73686F72 		.ascii	"short int\000"
 871      7420696E 
 871      7400
 872              	.LASF32:
 873 0252 76506F72 		.ascii	"vPortFree\000"
 873      74467265 
 873      6500
 874              	.LASF30:
 875 025c 433A5C47 		.ascii	"C:\\Git\\PSoC6-101-Videos\\Projects_ScreenCapture\\"
 875      69745C50 
 875      536F4336 
 875      2D313031 
 875      2D566964 
 876 028b 50536F43 		.ascii	"PSoC 6_101\\MC-2-2-PWM.cydsn\000"
 876      20365F31 
 876      30315C4D 
 876      432D322D 
 876      322D5057 
 877              	.LASF18:
 878 02a7 75696E74 		.ascii	"uint32_t\000"
 878      33325F74 
 878      00
 879              	.LASF10:
 880 02b0 6C6F6E67 		.ascii	"long int\000"
 880      20696E74 
 880      00
 881              	.LASF2:
 882 02b9 6C6F6E67 		.ascii	"long double\000"
 882      20646F75 
 882      626C6500 
 883              	.LASF3:
 884 02c5 7369676E 		.ascii	"signed char\000"
 884      65642063 
 884      68617200 
 885              	.LASF25:
 886 02d1 784E6578 		.ascii	"xNextFreeByte\000"
 886      74467265 
 886      65427974 
 886      6500
 887              		.ident	"GCC: (GNU Tools for ARM Embedded Processors) 5.4.1 20160609 (release) [ARM/embedded-5-bran
