ARM GAS  C:\Users\gjl\AppData\Local\Temp\cc9riSFX.s 			page 1


   1              		.syntax unified
   2              		.cpu cortex-m4
   3              		.eabi_attribute 27, 1
   4              		.fpu fpv4-sp-d16
   5              		.eabi_attribute 20, 1
   6              		.eabi_attribute 21, 1
   7              		.eabi_attribute 23, 3
   8              		.eabi_attribute 24, 1
   9              		.eabi_attribute 25, 1
  10              		.eabi_attribute 26, 1
  11              		.eabi_attribute 30, 1
  12              		.eabi_attribute 34, 1
  13              		.eabi_attribute 18, 4
  14              		.thumb
  15              		.syntax unified
  16              		.file	"cyfitter_sysint_cfg.c"
  17              		.text
  18              	.Ltext0:
  19              		.cfi_sections	.debug_frame
  20              		.global	UART_SCB_IRQ_cfg
  21              		.section	.rodata
  22              		.align	2
  23              		.type	UART_SCB_IRQ_cfg, %object
  24              		.size	UART_SCB_IRQ_cfg, 8
  25              	UART_SCB_IRQ_cfg:
  26 0000 2E00     		.short	46
  27 0002 0000     		.space	2
  28 0004 07000000 		.word	7
  29              		.text
  30              	.Letext0:
  31              		.file 1 "Generated_Source\\PSoC6\\pdl\\devices/psoc6/psoc63/include/cy8c6347bzi_bld53.h"
  32              		.file 2 "c:\\program files (x86)\\cypress\\psoc creator\\4.2\\psoc creator\\import\\gnu\\arm\\5.4.
  33              		.file 3 "c:\\program files (x86)\\cypress\\psoc creator\\4.2\\psoc creator\\import\\gnu\\arm\\5.4.
  34              		.file 4 "Generated_Source\\PSoC6\\pdl\\drivers/peripheral/sysint/cy_sysint.h"
  35              		.file 5 "Generated_Source\\PSoC6\\pdl\\cmsis/include/core_cm4.h"
  36              		.file 6 "Generated_Source\\PSoC6\\cyfitter_sysint_cfg.c"
  37              		.section	.debug_info,"",%progbits
  38              	.Ldebug_info0:
  39 0000 CE040000 		.4byte	0x4ce
  40 0004 0400     		.2byte	0x4
  41 0006 00000000 		.4byte	.Ldebug_abbrev0
  42 000a 04       		.byte	0x4
  43 000b 01       		.uleb128 0x1
  44 000c 85090000 		.4byte	.LASF182
  45 0010 0C       		.byte	0xc
  46 0011 AD0D0000 		.4byte	.LASF183
  47 0015 A6040000 		.4byte	.LASF184
  48 0019 00000000 		.4byte	.Ldebug_line0
  49 001d 02       		.uleb128 0x2
  50 001e 02       		.byte	0x2
  51 001f DE030000 		.4byte	0x3de
  52 0023 01       		.byte	0x1
  53 0024 24       		.byte	0x24
  54 0025 DE030000 		.4byte	0x3de
  55 0029 03       		.uleb128 0x3
  56 002a 3A020000 		.4byte	.LASF0
  57 002e 71       		.sleb128 -15
ARM GAS  C:\Users\gjl\AppData\Local\Temp\cc9riSFX.s 			page 2


  58 002f 03       		.uleb128 0x3
  59 0030 620E0000 		.4byte	.LASF1
  60 0034 72       		.sleb128 -14
  61 0035 03       		.uleb128 0x3
  62 0036 CC0E0000 		.4byte	.LASF2
  63 003a 73       		.sleb128 -13
  64 003b 03       		.uleb128 0x3
  65 003c AA0A0000 		.4byte	.LASF3
  66 0040 74       		.sleb128 -12
  67 0041 03       		.uleb128 0x3
  68 0042 19050000 		.4byte	.LASF4
  69 0046 75       		.sleb128 -11
  70 0047 03       		.uleb128 0x3
  71 0048 1C0D0000 		.4byte	.LASF5
  72 004c 76       		.sleb128 -10
  73 004d 03       		.uleb128 0x3
  74 004e BE060000 		.4byte	.LASF6
  75 0052 7B       		.sleb128 -5
  76 0053 03       		.uleb128 0x3
  77 0054 F70E0000 		.4byte	.LASF7
  78 0058 7C       		.sleb128 -4
  79 0059 03       		.uleb128 0x3
  80 005a 2B0E0000 		.4byte	.LASF8
  81 005e 7E       		.sleb128 -2
  82 005f 03       		.uleb128 0x3
  83 0060 B3070000 		.4byte	.LASF9
  84 0064 7F       		.sleb128 -1
  85 0065 04       		.uleb128 0x4
  86 0066 B3010000 		.4byte	.LASF10
  87 006a 00       		.byte	0
  88 006b 04       		.uleb128 0x4
  89 006c B00E0000 		.4byte	.LASF11
  90 0070 01       		.byte	0x1
  91 0071 04       		.uleb128 0x4
  92 0072 1B000000 		.4byte	.LASF12
  93 0076 02       		.byte	0x2
  94 0077 04       		.uleb128 0x4
  95 0078 F70D0000 		.4byte	.LASF13
  96 007c 03       		.byte	0x3
  97 007d 04       		.uleb128 0x4
  98 007e 08100000 		.4byte	.LASF14
  99 0082 04       		.byte	0x4
 100 0083 04       		.uleb128 0x4
 101 0084 9E050000 		.4byte	.LASF15
 102 0088 05       		.byte	0x5
 103 0089 04       		.uleb128 0x4
 104 008a 64070000 		.4byte	.LASF16
 105 008e 06       		.byte	0x6
 106 008f 04       		.uleb128 0x4
 107 0090 4C090000 		.4byte	.LASF17
 108 0094 07       		.byte	0x7
 109 0095 04       		.uleb128 0x4
 110 0096 AB110000 		.4byte	.LASF18
 111 009a 08       		.byte	0x8
 112 009b 04       		.uleb128 0x4
 113 009c EF010000 		.4byte	.LASF19
 114 00a0 09       		.byte	0x9
ARM GAS  C:\Users\gjl\AppData\Local\Temp\cc9riSFX.s 			page 3


 115 00a1 04       		.uleb128 0x4
 116 00a2 E10B0000 		.4byte	.LASF20
 117 00a6 0A       		.byte	0xa
 118 00a7 04       		.uleb128 0x4
 119 00a8 8D0A0000 		.4byte	.LASF21
 120 00ac 0B       		.byte	0xb
 121 00ad 04       		.uleb128 0x4
 122 00ae 38100000 		.4byte	.LASF22
 123 00b2 0C       		.byte	0xc
 124 00b3 04       		.uleb128 0x4
 125 00b4 EC050000 		.4byte	.LASF23
 126 00b8 0D       		.byte	0xd
 127 00b9 04       		.uleb128 0x4
 128 00ba 96070000 		.4byte	.LASF24
 129 00be 0E       		.byte	0xe
 130 00bf 04       		.uleb128 0x4
 131 00c0 02040000 		.4byte	.LASF25
 132 00c4 0F       		.byte	0xf
 133 00c5 04       		.uleb128 0x4
 134 00c6 A5100000 		.4byte	.LASF26
 135 00ca 10       		.byte	0x10
 136 00cb 04       		.uleb128 0x4
 137 00cc FF020000 		.4byte	.LASF27
 138 00d0 11       		.byte	0x11
 139 00d1 04       		.uleb128 0x4
 140 00d2 7A000000 		.4byte	.LASF28
 141 00d6 12       		.byte	0x12
 142 00d7 04       		.uleb128 0x4
 143 00d8 1B040000 		.4byte	.LASF29
 144 00dc 13       		.byte	0x13
 145 00dd 04       		.uleb128 0x4
 146 00de 53060000 		.4byte	.LASF30
 147 00e2 14       		.byte	0x14
 148 00e3 04       		.uleb128 0x4
 149 00e4 F4100000 		.4byte	.LASF31
 150 00e8 15       		.byte	0x15
 151 00e9 04       		.uleb128 0x4
 152 00ea 66000000 		.4byte	.LASF32
 153 00ee 16       		.byte	0x16
 154 00ef 04       		.uleb128 0x4
 155 00f0 53050000 		.4byte	.LASF33
 156 00f4 17       		.byte	0x17
 157 00f5 04       		.uleb128 0x4
 158 00f6 C2000000 		.4byte	.LASF34
 159 00fa 18       		.byte	0x18
 160 00fb 04       		.uleb128 0x4
 161 00fc 1C0F0000 		.4byte	.LASF35
 162 0100 19       		.byte	0x19
 163 0101 04       		.uleb128 0x4
 164 0102 F7060000 		.4byte	.LASF36
 165 0106 1A       		.byte	0x1a
 166 0107 04       		.uleb128 0x4
 167 0108 CE080000 		.4byte	.LASF37
 168 010c 1B       		.byte	0x1b
 169 010d 04       		.uleb128 0x4
 170 010e AB0B0000 		.4byte	.LASF38
 171 0112 1C       		.byte	0x1c
ARM GAS  C:\Users\gjl\AppData\Local\Temp\cc9riSFX.s 			page 4


 172 0113 04       		.uleb128 0x4
 173 0114 1C010000 		.4byte	.LASF39
 174 0118 1D       		.byte	0x1d
 175 0119 04       		.uleb128 0x4
 176 011a 52030000 		.4byte	.LASF40
 177 011e 1E       		.byte	0x1e
 178 011f 04       		.uleb128 0x4
 179 0120 BA050000 		.4byte	.LASF41
 180 0124 1F       		.byte	0x1f
 181 0125 04       		.uleb128 0x4
 182 0126 2C0D0000 		.4byte	.LASF42
 183 012a 20       		.byte	0x20
 184 012b 04       		.uleb128 0x4
 185 012c 6D0F0000 		.4byte	.LASF43
 186 0130 21       		.byte	0x21
 187 0131 04       		.uleb128 0x4
 188 0132 C7110000 		.4byte	.LASF44
 189 0136 22       		.byte	0x22
 190 0137 04       		.uleb128 0x4
 191 0138 0F110000 		.4byte	.LASF45
 192 013c 23       		.byte	0x23
 193 013d 04       		.uleb128 0x4
 194 013e 38010000 		.4byte	.LASF46
 195 0142 24       		.byte	0x24
 196 0143 04       		.uleb128 0x4
 197 0144 8A030000 		.4byte	.LASF47
 198 0148 25       		.byte	0x25
 199 0149 04       		.uleb128 0x4
 200 014a F9110000 		.4byte	.LASF48
 201 014e 26       		.byte	0x26
 202 014f 04       		.uleb128 0x4
 203 0150 640D0000 		.4byte	.LASF49
 204 0154 27       		.byte	0x27
 205 0155 04       		.uleb128 0x4
 206 0156 A50F0000 		.4byte	.LASF50
 207 015a 28       		.byte	0x28
 208 015b 04       		.uleb128 0x4
 209 015c ED000000 		.4byte	.LASF51
 210 0160 29       		.byte	0x29
 211 0161 04       		.uleb128 0x4
 212 0162 27050000 		.4byte	.LASF52
 213 0166 2A       		.byte	0x2a
 214 0167 04       		.uleb128 0x4
 215 0168 6C050000 		.4byte	.LASF53
 216 016c 2B       		.byte	0x2b
 217 016d 04       		.uleb128 0x4
 218 016e 370E0000 		.4byte	.LASF54
 219 0172 2C       		.byte	0x2c
 220 0173 04       		.uleb128 0x4
 221 0174 37090000 		.4byte	.LASF55
 222 0178 2D       		.byte	0x2d
 223 0179 04       		.uleb128 0x4
 224 017a 37000000 		.4byte	.LASF56
 225 017e 2E       		.byte	0x2e
 226 017f 04       		.uleb128 0x4
 227 0180 9B0E0000 		.4byte	.LASF57
 228 0184 2F       		.byte	0x2f
ARM GAS  C:\Users\gjl\AppData\Local\Temp\cc9riSFX.s 			page 5


 229 0185 04       		.uleb128 0x4
 230 0186 D80F0000 		.4byte	.LASF58
 231 018a 30       		.byte	0x30
 232 018b 04       		.uleb128 0x4
 233 018c 090F0000 		.4byte	.LASF59
 234 0190 31       		.byte	0x31
 235 0191 04       		.uleb128 0x4
 236 0192 89100000 		.4byte	.LASF60
 237 0196 32       		.byte	0x32
 238 0197 04       		.uleb128 0x4
 239 0198 8F000000 		.4byte	.LASF61
 240 019c 33       		.byte	0x33
 241 019d 04       		.uleb128 0x4
 242 019e CC020000 		.4byte	.LASF62
 243 01a2 34       		.byte	0x34
 244 01a3 04       		.uleb128 0x4
 245 01a4 710A0000 		.4byte	.LASF63
 246 01a8 35       		.byte	0x35
 247 01a9 04       		.uleb128 0x4
 248 01aa E6030000 		.4byte	.LASF64
 249 01ae 36       		.byte	0x36
 250 01af 04       		.uleb128 0x4
 251 01b0 DB0E0000 		.4byte	.LASF65
 252 01b4 37       		.byte	0x37
 253 01b5 04       		.uleb128 0x4
 254 01b6 59040000 		.4byte	.LASF66
 255 01ba 38       		.byte	0x38
 256 01bb 04       		.uleb128 0x4
 257 01bc 48110000 		.4byte	.LASF67
 258 01c0 39       		.byte	0x39
 259 01c1 04       		.uleb128 0x4
 260 01c2 6B080000 		.4byte	.LASF68
 261 01c6 3A       		.byte	0x3a
 262 01c7 04       		.uleb128 0x4
 263 01c8 420B0000 		.4byte	.LASF69
 264 01cc 3B       		.byte	0x3b
 265 01cd 04       		.uleb128 0x4
 266 01ce 97080000 		.4byte	.LASF70
 267 01d2 3C       		.byte	0x3c
 268 01d3 04       		.uleb128 0x4
 269 01d4 740B0000 		.4byte	.LASF71
 270 01d8 3D       		.byte	0x3d
 271 01d9 04       		.uleb128 0x4
 272 01da DA0D0000 		.4byte	.LASF72
 273 01de 3E       		.byte	0x3e
 274 01df 04       		.uleb128 0x4
 275 01e0 68090000 		.4byte	.LASF73
 276 01e4 3F       		.byte	0x3f
 277 01e5 04       		.uleb128 0x4
 278 01e6 81050000 		.4byte	.LASF74
 279 01ea 40       		.byte	0x40
 280 01eb 04       		.uleb128 0x4
 281 01ec 47070000 		.4byte	.LASF75
 282 01f0 41       		.byte	0x41
 283 01f1 04       		.uleb128 0x4
 284 01f2 0F0B0000 		.4byte	.LASF76
 285 01f6 42       		.byte	0x42
ARM GAS  C:\Users\gjl\AppData\Local\Temp\cc9riSFX.s 			page 6


 286 01f7 04       		.uleb128 0x4
 287 01f8 480D0000 		.4byte	.LASF77
 288 01fc 43       		.byte	0x43
 289 01fd 04       		.uleb128 0x4
 290 01fe 890F0000 		.4byte	.LASF78
 291 0202 44       		.byte	0x44
 292 0203 04       		.uleb128 0x4
 293 0204 6A0C0000 		.4byte	.LASF79
 294 0208 45       		.byte	0x45
 295 0209 04       		.uleb128 0x4
 296 020a 13070000 		.4byte	.LASF80
 297 020e 46       		.byte	0x46
 298 020f 04       		.uleb128 0x4
 299 0210 EA080000 		.4byte	.LASF81
 300 0214 47       		.byte	0x47
 301 0215 04       		.uleb128 0x4
 302 0216 2C110000 		.4byte	.LASF82
 303 021a 48       		.byte	0x48
 304 021b 04       		.uleb128 0x4
 305 021c 6E030000 		.4byte	.LASF83
 306 0220 49       		.byte	0x49
 307 0221 04       		.uleb128 0x4
 308 0222 A7030000 		.4byte	.LASF84
 309 0226 4A       		.byte	0x4a
 310 0227 04       		.uleb128 0x4
 311 0228 B0020000 		.4byte	.LASF85
 312 022c 4B       		.byte	0x4b
 313 022d 04       		.uleb128 0x4
 314 022e D7100000 		.4byte	.LASF86
 315 0232 4C       		.byte	0x4c
 316 0233 04       		.uleb128 0x4
 317 0234 A00C0000 		.4byte	.LASF87
 318 0238 4D       		.byte	0x4d
 319 0239 04       		.uleb128 0x4
 320 023a 6C100000 		.4byte	.LASF88
 321 023e 4E       		.byte	0x4e
 322 023f 04       		.uleb128 0x4
 323 0240 24060000 		.4byte	.LASF89
 324 0244 4F       		.byte	0x4f
 325 0245 04       		.uleb128 0x4
 326 0246 C0070000 		.4byte	.LASF90
 327 024a 50       		.byte	0x50
 328 024b 04       		.uleb128 0x4
 329 024c 380A0000 		.4byte	.LASF91
 330 0250 51       		.byte	0x51
 331 0251 04       		.uleb128 0x4
 332 0252 A0060000 		.4byte	.LASF92
 333 0256 52       		.byte	0x52
 334 0257 04       		.uleb128 0x4
 335 0258 2D080000 		.4byte	.LASF93
 336 025c 53       		.byte	0x53
 337 025d 04       		.uleb128 0x4
 338 025e 60020000 		.4byte	.LASF94
 339 0262 54       		.byte	0x54
 340 0263 04       		.uleb128 0x4
 341 0264 2F070000 		.4byte	.LASF95
 342 0268 55       		.byte	0x55
ARM GAS  C:\Users\gjl\AppData\Local\Temp\cc9riSFX.s 			page 7


 343 0269 04       		.uleb128 0x4
 344 026a 8B110000 		.4byte	.LASF96
 345 026e 56       		.byte	0x56
 346 026f 04       		.uleb128 0x4
 347 0270 CF010000 		.4byte	.LASF97
 348 0274 57       		.byte	0x57
 349 0275 04       		.uleb128 0x4
 350 0276 2F0C0000 		.4byte	.LASF98
 351 027a 58       		.byte	0x58
 352 027b 04       		.uleb128 0x4
 353 027c 75040000 		.4byte	.LASF99
 354 0280 59       		.byte	0x59
 355 0281 04       		.uleb128 0x4
 356 0282 BD100000 		.4byte	.LASF100
 357 0286 5A       		.byte	0x5a
 358 0287 04       		.uleb128 0x4
 359 0288 6F060000 		.4byte	.LASF101
 360 028c 5B       		.byte	0x5b
 361 028d 04       		.uleb128 0x4
 362 028e F8070000 		.4byte	.LASF102
 363 0292 5C       		.byte	0x5c
 364 0293 04       		.uleb128 0x4
 365 0294 C00A0000 		.4byte	.LASF103
 366 0298 5D       		.byte	0x5d
 367 0299 04       		.uleb128 0x4
 368 029a 4C000000 		.4byte	.LASF104
 369 029e 5E       		.byte	0x5e
 370 029f 04       		.uleb128 0x4
 371 02a0 96020000 		.4byte	.LASF105
 372 02a4 5F       		.byte	0x5f
 373 02a5 04       		.uleb128 0x4
 374 02a6 F4040000 		.4byte	.LASF106
 375 02aa 60       		.byte	0x60
 376 02ab 04       		.uleb128 0x4
 377 02ac 860C0000 		.4byte	.LASF107
 378 02b0 61       		.byte	0x61
 379 02b1 04       		.uleb128 0x4
 380 02b2 15030000 		.4byte	.LASF108
 381 02b6 62       		.byte	0x62
 382 02b7 04       		.uleb128 0x4
 383 02b8 F50A0000 		.4byte	.LASF109
 384 02bc 63       		.byte	0x63
 385 02bd 04       		.uleb128 0x4
 386 02be 020D0000 		.4byte	.LASF110
 387 02c2 64       		.byte	0x64
 388 02c3 04       		.uleb128 0x4
 389 02c4 530F0000 		.4byte	.LASF111
 390 02c8 65       		.byte	0x65
 391 02c9 04       		.uleb128 0x4
 392 02ca 71110000 		.4byte	.LASF112
 393 02ce 66       		.byte	0x66
 394 02cf 04       		.uleb128 0x4
 395 02d0 DD060000 		.4byte	.LASF113
 396 02d4 67       		.byte	0x67
 397 02d5 04       		.uleb128 0x4
 398 02d6 B4080000 		.4byte	.LASF114
 399 02da 68       		.byte	0x68
ARM GAS  C:\Users\gjl\AppData\Local\Temp\cc9riSFX.s 			page 8


 400 02db 04       		.uleb128 0x4
 401 02dc 910B0000 		.4byte	.LASF115
 402 02e0 69       		.byte	0x69
 403 02e1 04       		.uleb128 0x4
 404 02e2 02010000 		.4byte	.LASF116
 405 02e6 6A       		.byte	0x6a
 406 02e7 04       		.uleb128 0x4
 407 02e8 38030000 		.4byte	.LASF117
 408 02ec 6B       		.byte	0x6b
 409 02ed 04       		.uleb128 0x4
 410 02ee 98010000 		.4byte	.LASF118
 411 02f2 6C       		.byte	0x6c
 412 02f3 04       		.uleb128 0x4
 413 02f4 CB030000 		.4byte	.LASF119
 414 02f8 6D       		.byte	0x6d
 415 02f9 04       		.uleb128 0x4
 416 02fa 09060000 		.4byte	.LASF120
 417 02fe 6E       		.byte	0x6e
 418 02ff 04       		.uleb128 0x4
 419 0300 12080000 		.4byte	.LASF121
 420 0304 6F       		.byte	0x6f
 421 0305 04       		.uleb128 0x4
 422 0306 ED0F0000 		.4byte	.LASF122
 423 030a 70       		.byte	0x70
 424 030b 04       		.uleb128 0x4
 425 030c 00000000 		.4byte	.LASF123
 426 0310 71       		.byte	0x71
 427 0311 04       		.uleb128 0x4
 428 0312 45020000 		.4byte	.LASF124
 429 0316 72       		.byte	0x72
 430 0317 04       		.uleb128 0x4
 431 0318 1C090000 		.4byte	.LASF125
 432 031c 73       		.byte	0x73
 433 031d 04       		.uleb128 0x4
 434 031e 4F0C0000 		.4byte	.LASF126
 435 0322 74       		.byte	0x74
 436 0323 04       		.uleb128 0x4
 437 0324 800E0000 		.4byte	.LASF127
 438 0328 75       		.byte	0x75
 439 0329 04       		.uleb128 0x4
 440 032a DA0A0000 		.4byte	.LASF128
 441 032e 76       		.byte	0x76
 442 032f 04       		.uleb128 0x4
 443 0330 DE0C0000 		.4byte	.LASF129
 444 0334 77       		.byte	0x77
 445 0335 04       		.uleb128 0x4
 446 0336 380F0000 		.4byte	.LASF130
 447 033a 78       		.byte	0x78
 448 033b 04       		.uleb128 0x4
 449 033c DD070000 		.4byte	.LASF131
 450 0340 79       		.byte	0x79
 451 0341 04       		.uleb128 0x4
 452 0342 55010000 		.4byte	.LASF132
 453 0346 7A       		.byte	0x7a
 454 0347 04       		.uleb128 0x4
 455 0348 D7000000 		.4byte	.LASF133
 456 034c 7B       		.byte	0x7b
ARM GAS  C:\Users\gjl\AppData\Local\Temp\cc9riSFX.s 			page 9


 457 034d 04       		.uleb128 0x4
 458 034e D6050000 		.4byte	.LASF134
 459 0352 7C       		.byte	0x7c
 460 0353 04       		.uleb128 0x4
 461 0354 80070000 		.4byte	.LASF135
 462 0358 7D       		.byte	0x7d
 463 0359 04       		.uleb128 0x4
 464 035a C20F0000 		.4byte	.LASF136
 465 035e 7E       		.byte	0x7e
 466 035f 04       		.uleb128 0x4
 467 0360 E3110000 		.4byte	.LASF137
 468 0364 7F       		.byte	0x7f
 469 0365 04       		.uleb128 0x4
 470 0366 24020000 		.4byte	.LASF138
 471 036a 80       		.byte	0x80
 472 036b 04       		.uleb128 0x4
 473 036c 06090000 		.4byte	.LASF139
 474 0370 81       		.byte	0x81
 475 0371 04       		.uleb128 0x4
 476 0372 FE0B0000 		.4byte	.LASF140
 477 0376 82       		.byte	0x82
 478 0377 04       		.uleb128 0x4
 479 0378 4C0E0000 		.4byte	.LASF141
 480 037c 83       		.byte	0x83
 481 037d 04       		.uleb128 0x4
 482 037e 54080000 		.4byte	.LASF142
 483 0382 84       		.byte	0x84
 484 0383 04       		.uleb128 0x4
 485 0384 2B0B0000 		.4byte	.LASF143
 486 0388 85       		.byte	0x85
 487 0389 04       		.uleb128 0x4
 488 038a AB000000 		.4byte	.LASF144
 489 038e 86       		.byte	0x86
 490 038f 04       		.uleb128 0x4
 491 0390 E8020000 		.4byte	.LASF145
 492 0394 87       		.byte	0x87
 493 0395 04       		.uleb128 0x4
 494 0396 3C050000 		.4byte	.LASF146
 495 039a 88       		.byte	0x88
 496 039b 04       		.uleb128 0x4
 497 039c BD0C0000 		.4byte	.LASF147
 498 03a0 89       		.byte	0x89
 499 03a1 04       		.uleb128 0x4
 500 03a2 130E0000 		.4byte	.LASF148
 501 03a6 8A       		.byte	0x8a
 502 03a7 04       		.uleb128 0x4
 503 03a8 3E040000 		.4byte	.LASF149
 504 03ac 8B       		.byte	0x8b
 505 03ad 04       		.uleb128 0x4
 506 03ae 810D0000 		.4byte	.LASF150
 507 03b2 8C       		.byte	0x8c
 508 03b3 04       		.uleb128 0x4
 509 03b4 55100000 		.4byte	.LASF151
 510 03b8 8D       		.byte	0x8d
 511 03b9 04       		.uleb128 0x4
 512 03ba 24100000 		.4byte	.LASF152
 513 03be 8E       		.byte	0x8e
ARM GAS  C:\Users\gjl\AppData\Local\Temp\cc9riSFX.s 			page 10


 514 03bf 04       		.uleb128 0x4
 515 03c0 550A0000 		.4byte	.LASF153
 516 03c4 8F       		.byte	0x8f
 517 03c5 04       		.uleb128 0x4
 518 03c6 89060000 		.4byte	.LASF154
 519 03ca 90       		.byte	0x90
 520 03cb 04       		.uleb128 0x4
 521 03cc 82010000 		.4byte	.LASF155
 522 03d0 91       		.byte	0x91
 523 03d1 04       		.uleb128 0x4
 524 03d2 0B020000 		.4byte	.LASF156
 525 03d6 92       		.byte	0x92
 526 03d7 04       		.uleb128 0x4
 527 03d8 140C0000 		.4byte	.LASF157
 528 03dc F0       		.byte	0xf0
 529 03dd 00       		.byte	0
 530 03de 05       		.uleb128 0x5
 531 03df 02       		.byte	0x2
 532 03e0 05       		.byte	0x5
 533 03e1 250C0000 		.4byte	.LASF158
 534 03e5 06       		.uleb128 0x6
 535 03e6 D40C0000 		.4byte	.LASF162
 536 03ea 01       		.byte	0x1
 537 03eb F4       		.byte	0xf4
 538 03ec 1D000000 		.4byte	0x1d
 539 03f0 05       		.uleb128 0x5
 540 03f1 01       		.byte	0x1
 541 03f2 06       		.byte	0x6
 542 03f3 8A020000 		.4byte	.LASF159
 543 03f7 05       		.uleb128 0x5
 544 03f8 01       		.byte	0x1
 545 03f9 08       		.byte	0x8
 546 03fa 660B0000 		.4byte	.LASF160
 547 03fe 05       		.uleb128 0x5
 548 03ff 02       		.byte	0x2
 549 0400 07       		.byte	0x7
 550 0401 CA060000 		.4byte	.LASF161
 551 0405 06       		.uleb128 0x6
 552 0406 760E0000 		.4byte	.LASF163
 553 040a 02       		.byte	0x2
 554 040b 3F       		.byte	0x3f
 555 040c 10040000 		.4byte	0x410
 556 0410 05       		.uleb128 0x5
 557 0411 04       		.byte	0x4
 558 0412 05       		.byte	0x5
 559 0413 2F030000 		.4byte	.LASF164
 560 0417 06       		.uleb128 0x6
 561 0418 0E050000 		.4byte	.LASF165
 562 041c 02       		.byte	0x2
 563 041d 41       		.byte	0x41
 564 041e 22040000 		.4byte	0x422
 565 0422 05       		.uleb128 0x5
 566 0423 04       		.byte	0x4
 567 0424 07       		.byte	0x7
 568 0425 41060000 		.4byte	.LASF166
 569 0429 05       		.uleb128 0x5
 570 042a 08       		.byte	0x8
ARM GAS  C:\Users\gjl\AppData\Local\Temp\cc9riSFX.s 			page 11


 571 042b 05       		.byte	0x5
 572 042c 7C020000 		.4byte	.LASF167
 573 0430 05       		.uleb128 0x5
 574 0431 08       		.byte	0x8
 575 0432 07       		.byte	0x7
 576 0433 6B010000 		.4byte	.LASF168
 577 0437 07       		.uleb128 0x7
 578 0438 04       		.byte	0x4
 579 0439 05       		.byte	0x5
 580 043a 696E7400 		.ascii	"int\000"
 581 043e 05       		.uleb128 0x5
 582 043f 04       		.byte	0x4
 583 0440 07       		.byte	0x7
 584 0441 D40B0000 		.4byte	.LASF169
 585 0445 06       		.uleb128 0x6
 586 0446 5E0B0000 		.4byte	.LASF170
 587 044a 03       		.byte	0x3
 588 044b 2C       		.byte	0x2c
 589 044c 05040000 		.4byte	0x405
 590 0450 06       		.uleb128 0x6
 591 0451 F90C0000 		.4byte	.LASF171
 592 0455 03       		.byte	0x3
 593 0456 30       		.byte	0x30
 594 0457 17040000 		.4byte	0x417
 595 045b 05       		.uleb128 0x5
 596 045c 04       		.byte	0x4
 597 045d 07       		.byte	0x7
 598 045e 4B080000 		.4byte	.LASF172
 599 0462 05       		.uleb128 0x5
 600 0463 08       		.byte	0x8
 601 0464 04       		.byte	0x4
 602 0465 9C0D0000 		.4byte	.LASF173
 603 0469 05       		.uleb128 0x5
 604 046a 01       		.byte	0x1
 605 046b 08       		.byte	0x8
 606 046c A80D0000 		.4byte	.LASF174
 607 0470 05       		.uleb128 0x5
 608 0471 04       		.byte	0x4
 609 0472 04       		.byte	0x4
 610 0473 6B0A0000 		.4byte	.LASF175
 611 0477 05       		.uleb128 0x5
 612 0478 08       		.byte	0x8
 613 0479 04       		.byte	0x4
 614 047a 37040000 		.4byte	.LASF176
 615 047e 08       		.uleb128 0x8
 616 047f 08       		.byte	0x8
 617 0480 04       		.byte	0x4
 618 0481 EB       		.byte	0xeb
 619 0482 9F040000 		.4byte	0x49f
 620 0486 09       		.uleb128 0x9
 621 0487 C3030000 		.4byte	.LASF177
 622 048b 04       		.byte	0x4
 623 048c EC       		.byte	0xec
 624 048d E5030000 		.4byte	0x3e5
 625 0491 00       		.byte	0
 626 0492 09       		.uleb128 0x9
 627 0493 64110000 		.4byte	.LASF178
ARM GAS  C:\Users\gjl\AppData\Local\Temp\cc9riSFX.s 			page 12


 628 0497 04       		.byte	0x4
 629 0498 F0       		.byte	0xf0
 630 0499 50040000 		.4byte	0x450
 631 049d 04       		.byte	0x4
 632 049e 00       		.byte	0
 633 049f 06       		.uleb128 0x6
 634 04a0 87080000 		.4byte	.LASF179
 635 04a4 04       		.byte	0x4
 636 04a5 F1       		.byte	0xf1
 637 04a6 7E040000 		.4byte	0x47e
 638 04aa 0A       		.uleb128 0xa
 639 04ab C70B0000 		.4byte	.LASF180
 640 04af 05       		.byte	0x5
 641 04b0 EA07     		.2byte	0x7ea
 642 04b2 B6040000 		.4byte	0x4b6
 643 04b6 0B       		.uleb128 0xb
 644 04b7 45040000 		.4byte	0x445
 645 04bb 0C       		.uleb128 0xc
 646 04bc 95040000 		.4byte	.LASF181
 647 04c0 06       		.byte	0x6
 648 04c1 18       		.byte	0x18
 649 04c2 CC040000 		.4byte	0x4cc
 650 04c6 05       		.uleb128 0x5
 651 04c7 03       		.byte	0x3
 652 04c8 00000000 		.4byte	UART_SCB_IRQ_cfg
 653 04cc 0D       		.uleb128 0xd
 654 04cd 9F040000 		.4byte	0x49f
 655 04d1 00       		.byte	0
 656              		.section	.debug_abbrev,"",%progbits
 657              	.Ldebug_abbrev0:
 658 0000 01       		.uleb128 0x1
 659 0001 11       		.uleb128 0x11
 660 0002 01       		.byte	0x1
 661 0003 25       		.uleb128 0x25
 662 0004 0E       		.uleb128 0xe
 663 0005 13       		.uleb128 0x13
 664 0006 0B       		.uleb128 0xb
 665 0007 03       		.uleb128 0x3
 666 0008 0E       		.uleb128 0xe
 667 0009 1B       		.uleb128 0x1b
 668 000a 0E       		.uleb128 0xe
 669 000b 10       		.uleb128 0x10
 670 000c 17       		.uleb128 0x17
 671 000d 00       		.byte	0
 672 000e 00       		.byte	0
 673 000f 02       		.uleb128 0x2
 674 0010 04       		.uleb128 0x4
 675 0011 01       		.byte	0x1
 676 0012 0B       		.uleb128 0xb
 677 0013 0B       		.uleb128 0xb
 678 0014 49       		.uleb128 0x49
 679 0015 13       		.uleb128 0x13
 680 0016 3A       		.uleb128 0x3a
 681 0017 0B       		.uleb128 0xb
 682 0018 3B       		.uleb128 0x3b
 683 0019 0B       		.uleb128 0xb
 684 001a 01       		.uleb128 0x1
ARM GAS  C:\Users\gjl\AppData\Local\Temp\cc9riSFX.s 			page 13


 685 001b 13       		.uleb128 0x13
 686 001c 00       		.byte	0
 687 001d 00       		.byte	0
 688 001e 03       		.uleb128 0x3
 689 001f 28       		.uleb128 0x28
 690 0020 00       		.byte	0
 691 0021 03       		.uleb128 0x3
 692 0022 0E       		.uleb128 0xe
 693 0023 1C       		.uleb128 0x1c
 694 0024 0D       		.uleb128 0xd
 695 0025 00       		.byte	0
 696 0026 00       		.byte	0
 697 0027 04       		.uleb128 0x4
 698 0028 28       		.uleb128 0x28
 699 0029 00       		.byte	0
 700 002a 03       		.uleb128 0x3
 701 002b 0E       		.uleb128 0xe
 702 002c 1C       		.uleb128 0x1c
 703 002d 0B       		.uleb128 0xb
 704 002e 00       		.byte	0
 705 002f 00       		.byte	0
 706 0030 05       		.uleb128 0x5
 707 0031 24       		.uleb128 0x24
 708 0032 00       		.byte	0
 709 0033 0B       		.uleb128 0xb
 710 0034 0B       		.uleb128 0xb
 711 0035 3E       		.uleb128 0x3e
 712 0036 0B       		.uleb128 0xb
 713 0037 03       		.uleb128 0x3
 714 0038 0E       		.uleb128 0xe
 715 0039 00       		.byte	0
 716 003a 00       		.byte	0
 717 003b 06       		.uleb128 0x6
 718 003c 16       		.uleb128 0x16
 719 003d 00       		.byte	0
 720 003e 03       		.uleb128 0x3
 721 003f 0E       		.uleb128 0xe
 722 0040 3A       		.uleb128 0x3a
 723 0041 0B       		.uleb128 0xb
 724 0042 3B       		.uleb128 0x3b
 725 0043 0B       		.uleb128 0xb
 726 0044 49       		.uleb128 0x49
 727 0045 13       		.uleb128 0x13
 728 0046 00       		.byte	0
 729 0047 00       		.byte	0
 730 0048 07       		.uleb128 0x7
 731 0049 24       		.uleb128 0x24
 732 004a 00       		.byte	0
 733 004b 0B       		.uleb128 0xb
 734 004c 0B       		.uleb128 0xb
 735 004d 3E       		.uleb128 0x3e
 736 004e 0B       		.uleb128 0xb
 737 004f 03       		.uleb128 0x3
 738 0050 08       		.uleb128 0x8
 739 0051 00       		.byte	0
 740 0052 00       		.byte	0
 741 0053 08       		.uleb128 0x8
ARM GAS  C:\Users\gjl\AppData\Local\Temp\cc9riSFX.s 			page 14


 742 0054 13       		.uleb128 0x13
 743 0055 01       		.byte	0x1
 744 0056 0B       		.uleb128 0xb
 745 0057 0B       		.uleb128 0xb
 746 0058 3A       		.uleb128 0x3a
 747 0059 0B       		.uleb128 0xb
 748 005a 3B       		.uleb128 0x3b
 749 005b 0B       		.uleb128 0xb
 750 005c 01       		.uleb128 0x1
 751 005d 13       		.uleb128 0x13
 752 005e 00       		.byte	0
 753 005f 00       		.byte	0
 754 0060 09       		.uleb128 0x9
 755 0061 0D       		.uleb128 0xd
 756 0062 00       		.byte	0
 757 0063 03       		.uleb128 0x3
 758 0064 0E       		.uleb128 0xe
 759 0065 3A       		.uleb128 0x3a
 760 0066 0B       		.uleb128 0xb
 761 0067 3B       		.uleb128 0x3b
 762 0068 0B       		.uleb128 0xb
 763 0069 49       		.uleb128 0x49
 764 006a 13       		.uleb128 0x13
 765 006b 38       		.uleb128 0x38
 766 006c 0B       		.uleb128 0xb
 767 006d 00       		.byte	0
 768 006e 00       		.byte	0
 769 006f 0A       		.uleb128 0xa
 770 0070 34       		.uleb128 0x34
 771 0071 00       		.byte	0
 772 0072 03       		.uleb128 0x3
 773 0073 0E       		.uleb128 0xe
 774 0074 3A       		.uleb128 0x3a
 775 0075 0B       		.uleb128 0xb
 776 0076 3B       		.uleb128 0x3b
 777 0077 05       		.uleb128 0x5
 778 0078 49       		.uleb128 0x49
 779 0079 13       		.uleb128 0x13
 780 007a 3F       		.uleb128 0x3f
 781 007b 19       		.uleb128 0x19
 782 007c 3C       		.uleb128 0x3c
 783 007d 19       		.uleb128 0x19
 784 007e 00       		.byte	0
 785 007f 00       		.byte	0
 786 0080 0B       		.uleb128 0xb
 787 0081 35       		.uleb128 0x35
 788 0082 00       		.byte	0
 789 0083 49       		.uleb128 0x49
 790 0084 13       		.uleb128 0x13
 791 0085 00       		.byte	0
 792 0086 00       		.byte	0
 793 0087 0C       		.uleb128 0xc
 794 0088 34       		.uleb128 0x34
 795 0089 00       		.byte	0
 796 008a 03       		.uleb128 0x3
 797 008b 0E       		.uleb128 0xe
 798 008c 3A       		.uleb128 0x3a
ARM GAS  C:\Users\gjl\AppData\Local\Temp\cc9riSFX.s 			page 15


 799 008d 0B       		.uleb128 0xb
 800 008e 3B       		.uleb128 0x3b
 801 008f 0B       		.uleb128 0xb
 802 0090 49       		.uleb128 0x49
 803 0091 13       		.uleb128 0x13
 804 0092 3F       		.uleb128 0x3f
 805 0093 19       		.uleb128 0x19
 806 0094 02       		.uleb128 0x2
 807 0095 18       		.uleb128 0x18
 808 0096 00       		.byte	0
 809 0097 00       		.byte	0
 810 0098 0D       		.uleb128 0xd
 811 0099 26       		.uleb128 0x26
 812 009a 00       		.byte	0
 813 009b 49       		.uleb128 0x49
 814 009c 13       		.uleb128 0x13
 815 009d 00       		.byte	0
 816 009e 00       		.byte	0
 817 009f 00       		.byte	0
 818              		.section	.debug_aranges,"",%progbits
 819 0000 14000000 		.4byte	0x14
 820 0004 0200     		.2byte	0x2
 821 0006 00000000 		.4byte	.Ldebug_info0
 822 000a 04       		.byte	0x4
 823 000b 00       		.byte	0
 824 000c 0000     		.2byte	0
 825 000e 0000     		.2byte	0
 826 0010 00000000 		.4byte	0
 827 0014 00000000 		.4byte	0
 828              		.section	.debug_line,"",%progbits
 829              	.Ldebug_line0:
 830 0000 10020000 		.section	.debug_str,"MS",%progbits,1
 830      02000A02 
 830      00000201 
 830      FB0E0D00 
 830      01010101 
 831              	.LASF123:
 832 0000 74637077 		.ascii	"tcpwm_1_interrupts_15_IRQn\000"
 832      6D5F315F 
 832      696E7465 
 832      72727570 
 832      74735F31 
 833              	.LASF12:
 834 001b 696F7373 		.ascii	"ioss_interrupts_gpio_2_IRQn\000"
 834      5F696E74 
 834      65727275 
 834      7074735F 
 834      6770696F 
 835              	.LASF56:
 836 0037 7363625F 		.ascii	"scb_5_interrupt_IRQn\000"
 836      355F696E 
 836      74657272 
 836      7570745F 
 836      4952516E 
 837              	.LASF104:
 838 004c 74637077 		.ascii	"tcpwm_0_interrupts_4_IRQn\000"
 838      6D5F305F 
ARM GAS  C:\Users\gjl\AppData\Local\Temp\cc9riSFX.s 			page 16


 838      696E7465 
 838      72727570 
 838      74735F34 
 839              	.LASF32:
 840 0066 73727373 		.ascii	"srss_interrupt_IRQn\000"
 840      5F696E74 
 840      65727275 
 840      70745F49 
 840      52516E00 
 841              	.LASF28:
 842 007a 7363625F 		.ascii	"scb_8_interrupt_IRQn\000"
 842      385F696E 
 842      74657272 
 842      7570745F 
 842      4952516E 
 843              	.LASF61:
 844 008f 63707573 		.ascii	"cpuss_interrupts_dw0_1_IRQn\000"
 844      735F696E 
 844      74657272 
 844      75707473 
 844      5F647730 
 845              	.LASF144:
 846 00ab 7564625F 		.ascii	"udb_interrupts_12_IRQn\000"
 846      696E7465 
 846      72727570 
 846      74735F31 
 846      325F4952 
 847              	.LASF34:
 848 00c2 626C6573 		.ascii	"bless_interrupt_IRQn\000"
 848      735F696E 
 848      74657272 
 848      7570745F 
 848      4952516E 
 849              	.LASF133:
 850 00d7 7564625F 		.ascii	"udb_interrupts_1_IRQn\000"
 850      696E7465 
 850      72727570 
 850      74735F31 
 850      5F495251 
 851              	.LASF51:
 852 00ed 7363625F 		.ascii	"scb_0_interrupt_IRQn\000"
 852      305F696E 
 852      74657272 
 852      7570745F 
 852      4952516E 
 853              	.LASF116:
 854 0102 74637077 		.ascii	"tcpwm_1_interrupts_8_IRQn\000"
 854      6D5F315F 
 854      696E7465 
 854      72727570 
 854      74735F38 
 855              	.LASF39:
 856 011c 63707573 		.ascii	"cpuss_interrupts_ipc_4_IRQn\000"
 856      735F696E 
 856      74657272 
 856      75707473 
 856      5F697063 
ARM GAS  C:\Users\gjl\AppData\Local\Temp\cc9riSFX.s 			page 17


 857              	.LASF46:
 858 0138 63707573 		.ascii	"cpuss_interrupts_ipc_11_IRQn\000"
 858      735F696E 
 858      74657272 
 858      75707473 
 858      5F697063 
 859              	.LASF132:
 860 0155 7564625F 		.ascii	"udb_interrupts_0_IRQn\000"
 860      696E7465 
 860      72727570 
 860      74735F30 
 860      5F495251 
 861              	.LASF168:
 862 016b 6C6F6E67 		.ascii	"long long unsigned int\000"
 862      206C6F6E 
 862      6720756E 
 862      7369676E 
 862      65642069 
 863              	.LASF155:
 864 0182 7573625F 		.ascii	"usb_interrupt_lo_IRQn\000"
 864      696E7465 
 864      72727570 
 864      745F6C6F 
 864      5F495251 
 865              	.LASF118:
 866 0198 74637077 		.ascii	"tcpwm_1_interrupts_10_IRQn\000"
 866      6D5F315F 
 866      696E7465 
 866      72727570 
 866      74735F31 
 867              	.LASF10:
 868 01b3 696F7373 		.ascii	"ioss_interrupts_gpio_0_IRQn\000"
 868      5F696E74 
 868      65727275 
 868      7074735F 
 868      6770696F 
 869              	.LASF97:
 870 01cf 63707573 		.ascii	"cpuss_interrupts_cm0_cti_1_IRQn\000"
 870      735F696E 
 870      74657272 
 870      75707473 
 870      5F636D30 
 871              	.LASF19:
 872 01ef 696F7373 		.ascii	"ioss_interrupts_gpio_9_IRQn\000"
 872      5F696E74 
 872      65727275 
 872      7074735F 
 872      6770696F 
 873              	.LASF156:
 874 020b 70617373 		.ascii	"pass_interrupt_dacs_IRQn\000"
 874      5F696E74 
 874      65727275 
 874      70745F64 
 874      6163735F 
 875              	.LASF138:
 876 0224 7564625F 		.ascii	"udb_interrupts_6_IRQn\000"
 876      696E7465 
ARM GAS  C:\Users\gjl\AppData\Local\Temp\cc9riSFX.s 			page 18


 876      72727570 
 876      74735F36 
 876      5F495251 
 877              	.LASF0:
 878 023a 52657365 		.ascii	"Reset_IRQn\000"
 878      745F4952 
 878      516E00
 879              	.LASF124:
 880 0245 74637077 		.ascii	"tcpwm_1_interrupts_16_IRQn\000"
 880      6D5F315F 
 880      696E7465 
 880      72727570 
 880      74735F31 
 881              	.LASF94:
 882 0260 63707573 		.ascii	"cpuss_interrupt_crypto_IRQn\000"
 882      735F696E 
 882      74657272 
 882      7570745F 
 882      63727970 
 883              	.LASF167:
 884 027c 6C6F6E67 		.ascii	"long long int\000"
 884      206C6F6E 
 884      6720696E 
 884      7400
 885              	.LASF159:
 886 028a 7369676E 		.ascii	"signed char\000"
 886      65642063 
 886      68617200 
 887              	.LASF105:
 888 0296 74637077 		.ascii	"tcpwm_0_interrupts_5_IRQn\000"
 888      6D5F305F 
 888      696E7465 
 888      72727570 
 888      74735F35 
 889              	.LASF85:
 890 02b0 63707573 		.ascii	"cpuss_interrupts_dw1_9_IRQn\000"
 890      735F696E 
 890      74657272 
 890      75707473 
 890      5F647731 
 891              	.LASF62:
 892 02cc 63707573 		.ascii	"cpuss_interrupts_dw0_2_IRQn\000"
 892      735F696E 
 892      74657272 
 892      75707473 
 892      5F647730 
 893              	.LASF145:
 894 02e8 7564625F 		.ascii	"udb_interrupts_13_IRQn\000"
 894      696E7465 
 894      72727570 
 894      74735F31 
 894      335F4952 
 895              	.LASF27:
 896 02ff 6C70636F 		.ascii	"lpcomp_interrupt_IRQn\000"
 896      6D705F69 
 896      6E746572 
 896      72757074 
ARM GAS  C:\Users\gjl\AppData\Local\Temp\cc9riSFX.s 			page 19


 896      5F495251 
 897              	.LASF108:
 898 0315 74637077 		.ascii	"tcpwm_1_interrupts_0_IRQn\000"
 898      6D5F315F 
 898      696E7465 
 898      72727570 
 898      74735F30 
 899              	.LASF164:
 900 032f 6C6F6E67 		.ascii	"long int\000"
 900      20696E74 
 900      00
 901              	.LASF117:
 902 0338 74637077 		.ascii	"tcpwm_1_interrupts_9_IRQn\000"
 902      6D5F315F 
 902      696E7465 
 902      72727570 
 902      74735F39 
 903              	.LASF40:
 904 0352 63707573 		.ascii	"cpuss_interrupts_ipc_5_IRQn\000"
 904      735F696E 
 904      74657272 
 904      75707473 
 904      5F697063 
 905              	.LASF83:
 906 036e 63707573 		.ascii	"cpuss_interrupts_dw1_7_IRQn\000"
 906      735F696E 
 906      74657272 
 906      75707473 
 906      5F647731 
 907              	.LASF47:
 908 038a 63707573 		.ascii	"cpuss_interrupts_ipc_12_IRQn\000"
 908      735F696E 
 908      74657272 
 908      75707473 
 908      5F697063 
 909              	.LASF84:
 910 03a7 63707573 		.ascii	"cpuss_interrupts_dw1_8_IRQn\000"
 910      735F696E 
 910      74657272 
 910      75707473 
 910      5F647731 
 911              	.LASF177:
 912 03c3 696E7472 		.ascii	"intrSrc\000"
 912      53726300 
 913              	.LASF119:
 914 03cb 74637077 		.ascii	"tcpwm_1_interrupts_11_IRQn\000"
 914      6D5F315F 
 914      696E7465 
 914      72727570 
 914      74735F31 
 915              	.LASF64:
 916 03e6 63707573 		.ascii	"cpuss_interrupts_dw0_4_IRQn\000"
 916      735F696E 
 916      74657272 
 916      75707473 
 916      5F647730 
 917              	.LASF25:
ARM GAS  C:\Users\gjl\AppData\Local\Temp\cc9riSFX.s 			page 20


 918 0402 696F7373 		.ascii	"ioss_interrupt_gpio_IRQn\000"
 918      5F696E74 
 918      65727275 
 918      70745F67 
 918      70696F5F 
 919              	.LASF29:
 920 041b 73727373 		.ascii	"srss_interrupt_mcwdt_0_IRQn\000"
 920      5F696E74 
 920      65727275 
 920      70745F6D 
 920      63776474 
 921              	.LASF176:
 922 0437 646F7562 		.ascii	"double\000"
 922      6C6500
 923              	.LASF149:
 924 043e 61756469 		.ascii	"audioss_interrupt_i2s_IRQn\000"
 924      6F73735F 
 924      696E7465 
 924      72727570 
 924      745F6932 
 925              	.LASF66:
 926 0459 63707573 		.ascii	"cpuss_interrupts_dw0_6_IRQn\000"
 926      735F696E 
 926      74657272 
 926      75707473 
 926      5F647730 
 927              	.LASF99:
 928 0475 63707573 		.ascii	"cpuss_interrupts_cm4_cti_1_IRQn\000"
 928      735F696E 
 928      74657272 
 928      75707473 
 928      5F636D34 
 929              	.LASF181:
 930 0495 55415254 		.ascii	"UART_SCB_IRQ_cfg\000"
 930      5F534342 
 930      5F495251 
 930      5F636667 
 930      00
 931              	.LASF184:
 932 04a6 433A5C47 		.ascii	"C:\\Git\\PSoC6-101-Videos\\Projects_ScreenCapture\\"
 932      69745C50 
 932      536F4336 
 932      2D313031 
 932      2D566964 
 933 04d5 50536F43 		.ascii	"PSoC 6_101\\2-1-BasicUART.cydsn\000"
 933      20365F31 
 933      30315C32 
 933      2D312D42 
 933      61736963 
 934              	.LASF106:
 935 04f4 74637077 		.ascii	"tcpwm_0_interrupts_6_IRQn\000"
 935      6D5F305F 
 935      696E7465 
 935      72727570 
 935      74735F36 
 936              	.LASF165:
 937 050e 5F5F7569 		.ascii	"__uint32_t\000"
ARM GAS  C:\Users\gjl\AppData\Local\Temp\cc9riSFX.s 			page 21


 937      6E743332 
 937      5F7400
 938              	.LASF4:
 939 0519 42757346 		.ascii	"BusFault_IRQn\000"
 939      61756C74 
 939      5F495251 
 939      6E00
 940              	.LASF52:
 941 0527 7363625F 		.ascii	"scb_1_interrupt_IRQn\000"
 941      315F696E 
 941      74657272 
 941      7570745F 
 941      4952516E 
 942              	.LASF146:
 943 053c 7564625F 		.ascii	"udb_interrupts_14_IRQn\000"
 943      696E7465 
 943      72727570 
 943      74735F31 
 943      345F4952 
 944              	.LASF33:
 945 0553 70617373 		.ascii	"pass_interrupt_ctbs_IRQn\000"
 945      5F696E74 
 945      65727275 
 945      70745F63 
 945      7462735F 
 946              	.LASF53:
 947 056c 7363625F 		.ascii	"scb_2_interrupt_IRQn\000"
 947      325F696E 
 947      74657272 
 947      7570745F 
 947      4952516E 
 948              	.LASF74:
 949 0581 63707573 		.ascii	"cpuss_interrupts_dw0_14_IRQn\000"
 949      735F696E 
 949      74657272 
 949      75707473 
 949      5F647730 
 950              	.LASF15:
 951 059e 696F7373 		.ascii	"ioss_interrupts_gpio_5_IRQn\000"
 951      5F696E74 
 951      65727275 
 951      7074735F 
 951      6770696F 
 952              	.LASF41:
 953 05ba 63707573 		.ascii	"cpuss_interrupts_ipc_6_IRQn\000"
 953      735F696E 
 953      74657272 
 953      75707473 
 953      5F697063 
 954              	.LASF134:
 955 05d6 7564625F 		.ascii	"udb_interrupts_2_IRQn\000"
 955      696E7465 
 955      72727570 
 955      74735F32 
 955      5F495251 
 956              	.LASF23:
 957 05ec 696F7373 		.ascii	"ioss_interrupts_gpio_13_IRQn\000"
ARM GAS  C:\Users\gjl\AppData\Local\Temp\cc9riSFX.s 			page 22


 957      5F696E74 
 957      65727275 
 957      7074735F 
 957      6770696F 
 958              	.LASF120:
 959 0609 74637077 		.ascii	"tcpwm_1_interrupts_12_IRQn\000"
 959      6D5F315F 
 959      696E7465 
 959      72727570 
 959      74735F31 
 960              	.LASF89:
 961 0624 63707573 		.ascii	"cpuss_interrupts_dw1_13_IRQn\000"
 961      735F696E 
 961      74657272 
 961      75707473 
 961      5F647731 
 962              	.LASF166:
 963 0641 6C6F6E67 		.ascii	"long unsigned int\000"
 963      20756E73 
 963      69676E65 
 963      6420696E 
 963      7400
 964              	.LASF30:
 965 0653 73727373 		.ascii	"srss_interrupt_mcwdt_1_IRQn\000"
 965      5F696E74 
 965      65727275 
 965      70745F6D 
 965      63776474 
 966              	.LASF101:
 967 066f 74637077 		.ascii	"tcpwm_0_interrupts_1_IRQn\000"
 967      6D5F305F 
 967      696E7465 
 967      72727570 
 967      74735F31 
 968              	.LASF154:
 969 0689 7573625F 		.ascii	"usb_interrupt_med_IRQn\000"
 969      696E7465 
 969      72727570 
 969      745F6D65 
 969      645F4952 
 970              	.LASF92:
 971 06a0 63707573 		.ascii	"cpuss_interrupts_fault_0_IRQn\000"
 971      735F696E 
 971      74657272 
 971      75707473 
 971      5F666175 
 972              	.LASF6:
 973 06be 53564361 		.ascii	"SVCall_IRQn\000"
 973      6C6C5F49 
 973      52516E00 
 974              	.LASF161:
 975 06ca 73686F72 		.ascii	"short unsigned int\000"
 975      7420756E 
 975      7369676E 
 975      65642069 
 975      6E7400
 976              	.LASF113:
ARM GAS  C:\Users\gjl\AppData\Local\Temp\cc9riSFX.s 			page 23


 977 06dd 74637077 		.ascii	"tcpwm_1_interrupts_5_IRQn\000"
 977      6D5F315F 
 977      696E7465 
 977      72727570 
 977      74735F35 
 978              	.LASF36:
 979 06f7 63707573 		.ascii	"cpuss_interrupts_ipc_1_IRQn\000"
 979      735F696E 
 979      74657272 
 979      75707473 
 979      5F697063 
 980              	.LASF80:
 981 0713 63707573 		.ascii	"cpuss_interrupts_dw1_4_IRQn\000"
 981      735F696E 
 981      74657272 
 981      75707473 
 981      5F647731 
 982              	.LASF95:
 983 072f 63707573 		.ascii	"cpuss_interrupt_fm_IRQn\000"
 983      735F696E 
 983      74657272 
 983      7570745F 
 983      666D5F49 
 984              	.LASF75:
 985 0747 63707573 		.ascii	"cpuss_interrupts_dw0_15_IRQn\000"
 985      735F696E 
 985      74657272 
 985      75707473 
 985      5F647730 
 986              	.LASF16:
 987 0764 696F7373 		.ascii	"ioss_interrupts_gpio_6_IRQn\000"
 987      5F696E74 
 987      65727275 
 987      7074735F 
 987      6770696F 
 988              	.LASF135:
 989 0780 7564625F 		.ascii	"udb_interrupts_3_IRQn\000"
 989      696E7465 
 989      72727570 
 989      74735F33 
 989      5F495251 
 990              	.LASF24:
 991 0796 696F7373 		.ascii	"ioss_interrupts_gpio_14_IRQn\000"
 991      5F696E74 
 991      65727275 
 991      7074735F 
 991      6770696F 
 992              	.LASF9:
 993 07b3 53797354 		.ascii	"SysTick_IRQn\000"
 993      69636B5F 
 993      4952516E 
 993      00
 994              	.LASF90:
 995 07c0 63707573 		.ascii	"cpuss_interrupts_dw1_14_IRQn\000"
 995      735F696E 
 995      74657272 
 995      75707473 
ARM GAS  C:\Users\gjl\AppData\Local\Temp\cc9riSFX.s 			page 24


 995      5F647731 
 996              	.LASF131:
 997 07dd 74637077 		.ascii	"tcpwm_1_interrupts_23_IRQn\000"
 997      6D5F315F 
 997      696E7465 
 997      72727570 
 997      74735F32 
 998              	.LASF102:
 999 07f8 74637077 		.ascii	"tcpwm_0_interrupts_2_IRQn\000"
 999      6D5F305F 
 999      696E7465 
 999      72727570 
 999      74735F32 
 1000              	.LASF121:
 1001 0812 74637077 		.ascii	"tcpwm_1_interrupts_13_IRQn\000"
 1001      6D5F315F 
 1001      696E7465 
 1001      72727570 
 1001      74735F31 
 1002              	.LASF93:
 1003 082d 63707573 		.ascii	"cpuss_interrupts_fault_1_IRQn\000"
 1003      735F696E 
 1003      74657272 
 1003      75707473 
 1003      5F666175 
 1004              	.LASF172:
 1005 084b 73697A65 		.ascii	"sizetype\000"
 1005      74797065 
 1005      00
 1006              	.LASF142:
 1007 0854 7564625F 		.ascii	"udb_interrupts_10_IRQn\000"
 1007      696E7465 
 1007      72727570 
 1007      74735F31 
 1007      305F4952 
 1008              	.LASF68:
 1009 086b 63707573 		.ascii	"cpuss_interrupts_dw0_8_IRQn\000"
 1009      735F696E 
 1009      74657272 
 1009      75707473 
 1009      5F647730 
 1010              	.LASF179:
 1011 0887 63795F73 		.ascii	"cy_stc_sysint_t\000"
 1011      74635F73 
 1011      7973696E 
 1011      745F7400 
 1012              	.LASF70:
 1013 0897 63707573 		.ascii	"cpuss_interrupts_dw0_10_IRQn\000"
 1013      735F696E 
 1013      74657272 
 1013      75707473 
 1013      5F647730 
 1014              	.LASF114:
 1015 08b4 74637077 		.ascii	"tcpwm_1_interrupts_6_IRQn\000"
 1015      6D5F315F 
 1015      696E7465 
 1015      72727570 
ARM GAS  C:\Users\gjl\AppData\Local\Temp\cc9riSFX.s 			page 25


 1015      74735F36 
 1016              	.LASF37:
 1017 08ce 63707573 		.ascii	"cpuss_interrupts_ipc_2_IRQn\000"
 1017      735F696E 
 1017      74657272 
 1017      75707473 
 1017      5F697063 
 1018              	.LASF81:
 1019 08ea 63707573 		.ascii	"cpuss_interrupts_dw1_5_IRQn\000"
 1019      735F696E 
 1019      74657272 
 1019      75707473 
 1019      5F647731 
 1020              	.LASF139:
 1021 0906 7564625F 		.ascii	"udb_interrupts_7_IRQn\000"
 1021      696E7465 
 1021      72727570 
 1021      74735F37 
 1021      5F495251 
 1022              	.LASF125:
 1023 091c 74637077 		.ascii	"tcpwm_1_interrupts_17_IRQn\000"
 1023      6D5F315F 
 1023      696E7465 
 1023      72727570 
 1023      74735F31 
 1024              	.LASF55:
 1025 0937 7363625F 		.ascii	"scb_4_interrupt_IRQn\000"
 1025      345F696E 
 1025      74657272 
 1025      7570745F 
 1025      4952516E 
 1026              	.LASF17:
 1027 094c 696F7373 		.ascii	"ioss_interrupts_gpio_7_IRQn\000"
 1027      5F696E74 
 1027      65727275 
 1027      7074735F 
 1027      6770696F 
 1028              	.LASF73:
 1029 0968 63707573 		.ascii	"cpuss_interrupts_dw0_13_IRQn\000"
 1029      735F696E 
 1029      74657272 
 1029      75707473 
 1029      5F647730 
 1030              	.LASF182:
 1031 0985 474E5520 		.ascii	"GNU C11 5.4.1 20160609 (release) [ARM/embedded-5-br"
 1031      43313120 
 1031      352E342E 
 1031      31203230 
 1031      31363036 
 1032 09b8 616E6368 		.ascii	"anch revision 237715] -mcpu=cortex-m4 -mfloat-abi=s"
 1032      20726576 
 1032      6973696F 
 1032      6E203233 
 1032      37373135 
 1033 09eb 6F667466 		.ascii	"oftfp -mfpu=fpv4-sp-d16 -mthumb -g -Og -ffunction-s"
 1033      70202D6D 
 1033      6670753D 
ARM GAS  C:\Users\gjl\AppData\Local\Temp\cc9riSFX.s 			page 26


 1033      66707634 
 1033      2D73702D 
 1034 0a1e 65637469 		.ascii	"ections -ffat-lto-objects\000"
 1034      6F6E7320 
 1034      2D666661 
 1034      742D6C74 
 1034      6F2D6F62 
 1035              	.LASF91:
 1036 0a38 63707573 		.ascii	"cpuss_interrupts_dw1_15_IRQn\000"
 1036      735F696E 
 1036      74657272 
 1036      75707473 
 1036      5F647731 
 1037              	.LASF153:
 1038 0a55 7573625F 		.ascii	"usb_interrupt_hi_IRQn\000"
 1038      696E7465 
 1038      72727570 
 1038      745F6869 
 1038      5F495251 
 1039              	.LASF175:
 1040 0a6b 666C6F61 		.ascii	"float\000"
 1040      7400
 1041              	.LASF63:
 1042 0a71 63707573 		.ascii	"cpuss_interrupts_dw0_3_IRQn\000"
 1042      735F696E 
 1042      74657272 
 1042      75707473 
 1042      5F647730 
 1043              	.LASF21:
 1044 0a8d 696F7373 		.ascii	"ioss_interrupts_gpio_11_IRQn\000"
 1044      5F696E74 
 1044      65727275 
 1044      7074735F 
 1044      6770696F 
 1045              	.LASF3:
 1046 0aaa 4D656D6F 		.ascii	"MemoryManagement_IRQn\000"
 1046      72794D61 
 1046      6E616765 
 1046      6D656E74 
 1046      5F495251 
 1047              	.LASF103:
 1048 0ac0 74637077 		.ascii	"tcpwm_0_interrupts_3_IRQn\000"
 1048      6D5F305F 
 1048      696E7465 
 1048      72727570 
 1048      74735F33 
 1049              	.LASF128:
 1050 0ada 74637077 		.ascii	"tcpwm_1_interrupts_20_IRQn\000"
 1050      6D5F315F 
 1050      696E7465 
 1050      72727570 
 1050      74735F32 
 1051              	.LASF109:
 1052 0af5 74637077 		.ascii	"tcpwm_1_interrupts_1_IRQn\000"
 1052      6D5F315F 
 1052      696E7465 
 1052      72727570 
ARM GAS  C:\Users\gjl\AppData\Local\Temp\cc9riSFX.s 			page 27


 1052      74735F31 
 1053              	.LASF76:
 1054 0b0f 63707573 		.ascii	"cpuss_interrupts_dw1_0_IRQn\000"
 1054      735F696E 
 1054      74657272 
 1054      75707473 
 1054      5F647731 
 1055              	.LASF143:
 1056 0b2b 7564625F 		.ascii	"udb_interrupts_11_IRQn\000"
 1056      696E7465 
 1056      72727570 
 1056      74735F31 
 1056      315F4952 
 1057              	.LASF69:
 1058 0b42 63707573 		.ascii	"cpuss_interrupts_dw0_9_IRQn\000"
 1058      735F696E 
 1058      74657272 
 1058      75707473 
 1058      5F647730 
 1059              	.LASF170:
 1060 0b5e 696E7433 		.ascii	"int32_t\000"
 1060      325F7400 
 1061              	.LASF160:
 1062 0b66 756E7369 		.ascii	"unsigned char\000"
 1062      676E6564 
 1062      20636861 
 1062      7200
 1063              	.LASF71:
 1064 0b74 63707573 		.ascii	"cpuss_interrupts_dw0_11_IRQn\000"
 1064      735F696E 
 1064      74657272 
 1064      75707473 
 1064      5F647730 
 1065              	.LASF115:
 1066 0b91 74637077 		.ascii	"tcpwm_1_interrupts_7_IRQn\000"
 1066      6D5F315F 
 1066      696E7465 
 1066      72727570 
 1066      74735F37 
 1067              	.LASF38:
 1068 0bab 63707573 		.ascii	"cpuss_interrupts_ipc_3_IRQn\000"
 1068      735F696E 
 1068      74657272 
 1068      75707473 
 1068      5F697063 
 1069              	.LASF180:
 1070 0bc7 49544D5F 		.ascii	"ITM_RxBuffer\000"
 1070      52784275 
 1070      66666572 
 1070      00
 1071              	.LASF169:
 1072 0bd4 756E7369 		.ascii	"unsigned int\000"
 1072      676E6564 
 1072      20696E74 
 1072      00
 1073              	.LASF20:
 1074 0be1 696F7373 		.ascii	"ioss_interrupts_gpio_10_IRQn\000"
ARM GAS  C:\Users\gjl\AppData\Local\Temp\cc9riSFX.s 			page 28


 1074      5F696E74 
 1074      65727275 
 1074      7074735F 
 1074      6770696F 
 1075              	.LASF140:
 1076 0bfe 7564625F 		.ascii	"udb_interrupts_8_IRQn\000"
 1076      696E7465 
 1076      72727570 
 1076      74735F38 
 1076      5F495251 
 1077              	.LASF157:
 1078 0c14 756E636F 		.ascii	"unconnected_IRQn\000"
 1078      6E6E6563 
 1078      7465645F 
 1078      4952516E 
 1078      00
 1079              	.LASF158:
 1080 0c25 73686F72 		.ascii	"short int\000"
 1080      7420696E 
 1080      7400
 1081              	.LASF98:
 1082 0c2f 63707573 		.ascii	"cpuss_interrupts_cm4_cti_0_IRQn\000"
 1082      735F696E 
 1082      74657272 
 1082      75707473 
 1082      5F636D34 
 1083              	.LASF126:
 1084 0c4f 74637077 		.ascii	"tcpwm_1_interrupts_18_IRQn\000"
 1084      6D5F315F 
 1084      696E7465 
 1084      72727570 
 1084      74735F31 
 1085              	.LASF79:
 1086 0c6a 63707573 		.ascii	"cpuss_interrupts_dw1_3_IRQn\000"
 1086      735F696E 
 1086      74657272 
 1086      75707473 
 1086      5F647731 
 1087              	.LASF107:
 1088 0c86 74637077 		.ascii	"tcpwm_0_interrupts_7_IRQn\000"
 1088      6D5F305F 
 1088      696E7465 
 1088      72727570 
 1088      74735F37 
 1089              	.LASF87:
 1090 0ca0 63707573 		.ascii	"cpuss_interrupts_dw1_11_IRQn\000"
 1090      735F696E 
 1090      74657272 
 1090      75707473 
 1090      5F647731 
 1091              	.LASF147:
 1092 0cbd 7564625F 		.ascii	"udb_interrupts_15_IRQn\000"
 1092      696E7465 
 1092      72727570 
 1092      74735F31 
 1092      355F4952 
 1093              	.LASF162:
ARM GAS  C:\Users\gjl\AppData\Local\Temp\cc9riSFX.s 			page 29


 1094 0cd4 4952516E 		.ascii	"IRQn_Type\000"
 1094      5F547970 
 1094      6500
 1095              	.LASF129:
 1096 0cde 74637077 		.ascii	"tcpwm_1_interrupts_21_IRQn\000"
 1096      6D5F315F 
 1096      696E7465 
 1096      72727570 
 1096      74735F32 
 1097              	.LASF171:
 1098 0cf9 75696E74 		.ascii	"uint32_t\000"
 1098      33325F74 
 1098      00
 1099              	.LASF110:
 1100 0d02 74637077 		.ascii	"tcpwm_1_interrupts_2_IRQn\000"
 1100      6D5F315F 
 1100      696E7465 
 1100      72727570 
 1100      74735F32 
 1101              	.LASF5:
 1102 0d1c 55736167 		.ascii	"UsageFault_IRQn\000"
 1102      65466175 
 1102      6C745F49 
 1102      52516E00 
 1103              	.LASF42:
 1104 0d2c 63707573 		.ascii	"cpuss_interrupts_ipc_7_IRQn\000"
 1104      735F696E 
 1104      74657272 
 1104      75707473 
 1104      5F697063 
 1105              	.LASF77:
 1106 0d48 63707573 		.ascii	"cpuss_interrupts_dw1_1_IRQn\000"
 1106      735F696E 
 1106      74657272 
 1106      75707473 
 1106      5F647731 
 1107              	.LASF49:
 1108 0d64 63707573 		.ascii	"cpuss_interrupts_ipc_14_IRQn\000"
 1108      735F696E 
 1108      74657272 
 1108      75707473 
 1108      5F697063 
 1109              	.LASF150:
 1110 0d81 61756469 		.ascii	"audioss_interrupt_pdm_IRQn\000"
 1110      6F73735F 
 1110      696E7465 
 1110      72727570 
 1110      745F7064 
 1111              	.LASF173:
 1112 0d9c 6C6F6E67 		.ascii	"long double\000"
 1112      20646F75 
 1112      626C6500 
 1113              	.LASF174:
 1114 0da8 63686172 		.ascii	"char\000"
 1114      00
 1115              	.LASF183:
 1116 0dad 47656E65 		.ascii	"Generated_Source\\PSoC6\\cyfitter_sysint_cfg.c\000"
ARM GAS  C:\Users\gjl\AppData\Local\Temp\cc9riSFX.s 			page 30


 1116      72617465 
 1116      645F536F 
 1116      75726365 
 1116      5C50536F 
 1117              	.LASF72:
 1118 0dda 63707573 		.ascii	"cpuss_interrupts_dw0_12_IRQn\000"
 1118      735F696E 
 1118      74657272 
 1118      75707473 
 1118      5F647730 
 1119              	.LASF13:
 1120 0df7 696F7373 		.ascii	"ioss_interrupts_gpio_3_IRQn\000"
 1120      5F696E74 
 1120      65727275 
 1120      7074735F 
 1120      6770696F 
 1121              	.LASF148:
 1122 0e13 70617373 		.ascii	"pass_interrupt_sar_IRQn\000"
 1122      5F696E74 
 1122      65727275 
 1122      70745F73 
 1122      61725F49 
 1123              	.LASF8:
 1124 0e2b 50656E64 		.ascii	"PendSV_IRQn\000"
 1124      53565F49 
 1124      52516E00 
 1125              	.LASF54:
 1126 0e37 7363625F 		.ascii	"scb_3_interrupt_IRQn\000"
 1126      335F696E 
 1126      74657272 
 1126      7570745F 
 1126      4952516E 
 1127              	.LASF141:
 1128 0e4c 7564625F 		.ascii	"udb_interrupts_9_IRQn\000"
 1128      696E7465 
 1128      72727570 
 1128      74735F39 
 1128      5F495251 
 1129              	.LASF1:
 1130 0e62 4E6F6E4D 		.ascii	"NonMaskableInt_IRQn\000"
 1130      61736B61 
 1130      626C6549 
 1130      6E745F49 
 1130      52516E00 
 1131              	.LASF163:
 1132 0e76 5F5F696E 		.ascii	"__int32_t\000"
 1132      7433325F 
 1132      7400
 1133              	.LASF127:
 1134 0e80 74637077 		.ascii	"tcpwm_1_interrupts_19_IRQn\000"
 1134      6D5F315F 
 1134      696E7465 
 1134      72727570 
 1134      74735F31 
 1135              	.LASF57:
 1136 0e9b 7363625F 		.ascii	"scb_6_interrupt_IRQn\000"
 1136      365F696E 
ARM GAS  C:\Users\gjl\AppData\Local\Temp\cc9riSFX.s 			page 31


 1136      74657272 
 1136      7570745F 
 1136      4952516E 
 1137              	.LASF11:
 1138 0eb0 696F7373 		.ascii	"ioss_interrupts_gpio_1_IRQn\000"
 1138      5F696E74 
 1138      65727275 
 1138      7074735F 
 1138      6770696F 
 1139              	.LASF2:
 1140 0ecc 48617264 		.ascii	"HardFault_IRQn\000"
 1140      4661756C 
 1140      745F4952 
 1140      516E00
 1141              	.LASF65:
 1142 0edb 63707573 		.ascii	"cpuss_interrupts_dw0_5_IRQn\000"
 1142      735F696E 
 1142      74657272 
 1142      75707473 
 1142      5F647730 
 1143              	.LASF7:
 1144 0ef7 44656275 		.ascii	"DebugMonitor_IRQn\000"
 1144      674D6F6E 
 1144      69746F72 
 1144      5F495251 
 1144      6E00
 1145              	.LASF59:
 1146 0f09 6373645F 		.ascii	"csd_interrupt_IRQn\000"
 1146      696E7465 
 1146      72727570 
 1146      745F4952 
 1146      516E00
 1147              	.LASF35:
 1148 0f1c 63707573 		.ascii	"cpuss_interrupts_ipc_0_IRQn\000"
 1148      735F696E 
 1148      74657272 
 1148      75707473 
 1148      5F697063 
 1149              	.LASF130:
 1150 0f38 74637077 		.ascii	"tcpwm_1_interrupts_22_IRQn\000"
 1150      6D5F315F 
 1150      696E7465 
 1150      72727570 
 1150      74735F32 
 1151              	.LASF111:
 1152 0f53 74637077 		.ascii	"tcpwm_1_interrupts_3_IRQn\000"
 1152      6D5F315F 
 1152      696E7465 
 1152      72727570 
 1152      74735F33 
 1153              	.LASF43:
 1154 0f6d 63707573 		.ascii	"cpuss_interrupts_ipc_8_IRQn\000"
 1154      735F696E 
 1154      74657272 
 1154      75707473 
 1154      5F697063 
 1155              	.LASF78:
ARM GAS  C:\Users\gjl\AppData\Local\Temp\cc9riSFX.s 			page 32


 1156 0f89 63707573 		.ascii	"cpuss_interrupts_dw1_2_IRQn\000"
 1156      735F696E 
 1156      74657272 
 1156      75707473 
 1156      5F647731 
 1157              	.LASF50:
 1158 0fa5 63707573 		.ascii	"cpuss_interrupts_ipc_15_IRQn\000"
 1158      735F696E 
 1158      74657272 
 1158      75707473 
 1158      5F697063 
 1159              	.LASF136:
 1160 0fc2 7564625F 		.ascii	"udb_interrupts_4_IRQn\000"
 1160      696E7465 
 1160      72727570 
 1160      74735F34 
 1160      5F495251 
 1161              	.LASF58:
 1162 0fd8 7363625F 		.ascii	"scb_7_interrupt_IRQn\000"
 1162      375F696E 
 1162      74657272 
 1162      7570745F 
 1162      4952516E 
 1163              	.LASF122:
 1164 0fed 74637077 		.ascii	"tcpwm_1_interrupts_14_IRQn\000"
 1164      6D5F315F 
 1164      696E7465 
 1164      72727570 
 1164      74735F31 
 1165              	.LASF14:
 1166 1008 696F7373 		.ascii	"ioss_interrupts_gpio_4_IRQn\000"
 1166      5F696E74 
 1166      65727275 
 1166      7074735F 
 1166      6770696F 
 1167              	.LASF152:
 1168 1024 736D6966 		.ascii	"smif_interrupt_IRQn\000"
 1168      5F696E74 
 1168      65727275 
 1168      70745F49 
 1168      52516E00 
 1169              	.LASF22:
 1170 1038 696F7373 		.ascii	"ioss_interrupts_gpio_12_IRQn\000"
 1170      5F696E74 
 1170      65727275 
 1170      7074735F 
 1170      6770696F 
 1171              	.LASF151:
 1172 1055 70726F66 		.ascii	"profile_interrupt_IRQn\000"
 1172      696C655F 
 1172      696E7465 
 1172      72727570 
 1172      745F4952 
 1173              	.LASF88:
 1174 106c 63707573 		.ascii	"cpuss_interrupts_dw1_12_IRQn\000"
 1174      735F696E 
 1174      74657272 
ARM GAS  C:\Users\gjl\AppData\Local\Temp\cc9riSFX.s 			page 33


 1174      75707473 
 1174      5F647731 
 1175              	.LASF60:
 1176 1089 63707573 		.ascii	"cpuss_interrupts_dw0_0_IRQn\000"
 1176      735F696E 
 1176      74657272 
 1176      75707473 
 1176      5F647730 
 1177              	.LASF26:
 1178 10a5 696F7373 		.ascii	"ioss_interrupt_vdd_IRQn\000"
 1178      5F696E74 
 1178      65727275 
 1178      70745F76 
 1178      64645F49 
 1179              	.LASF100:
 1180 10bd 74637077 		.ascii	"tcpwm_0_interrupts_0_IRQn\000"
 1180      6D5F305F 
 1180      696E7465 
 1180      72727570 
 1180      74735F30 
 1181              	.LASF86:
 1182 10d7 63707573 		.ascii	"cpuss_interrupts_dw1_10_IRQn\000"
 1182      735F696E 
 1182      74657272 
 1182      75707473 
 1182      5F647731 
 1183              	.LASF31:
 1184 10f4 73727373 		.ascii	"srss_interrupt_backup_IRQn\000"
 1184      5F696E74 
 1184      65727275 
 1184      70745F62 
 1184      61636B75 
 1185              	.LASF45:
 1186 110f 63707573 		.ascii	"cpuss_interrupts_ipc_10_IRQn\000"
 1186      735F696E 
 1186      74657272 
 1186      75707473 
 1186      5F697063 
 1187              	.LASF82:
 1188 112c 63707573 		.ascii	"cpuss_interrupts_dw1_6_IRQn\000"
 1188      735F696E 
 1188      74657272 
 1188      75707473 
 1188      5F647731 
 1189              	.LASF67:
 1190 1148 63707573 		.ascii	"cpuss_interrupts_dw0_7_IRQn\000"
 1190      735F696E 
 1190      74657272 
 1190      75707473 
 1190      5F647730 
 1191              	.LASF178:
 1192 1164 696E7472 		.ascii	"intrPriority\000"
 1192      5072696F 
 1192      72697479 
 1192      00
 1193              	.LASF112:
 1194 1171 74637077 		.ascii	"tcpwm_1_interrupts_4_IRQn\000"
ARM GAS  C:\Users\gjl\AppData\Local\Temp\cc9riSFX.s 			page 34


 1194      6D5F315F 
 1194      696E7465 
 1194      72727570 
 1194      74735F34 
 1195              	.LASF96:
 1196 118b 63707573 		.ascii	"cpuss_interrupts_cm0_cti_0_IRQn\000"
 1196      735F696E 
 1196      74657272 
 1196      75707473 
 1196      5F636D30 
 1197              	.LASF18:
 1198 11ab 696F7373 		.ascii	"ioss_interrupts_gpio_8_IRQn\000"
 1198      5F696E74 
 1198      65727275 
 1198      7074735F 
 1198      6770696F 
 1199              	.LASF44:
 1200 11c7 63707573 		.ascii	"cpuss_interrupts_ipc_9_IRQn\000"
 1200      735F696E 
 1200      74657272 
 1200      75707473 
 1200      5F697063 
 1201              	.LASF137:
 1202 11e3 7564625F 		.ascii	"udb_interrupts_5_IRQn\000"
 1202      696E7465 
 1202      72727570 
 1202      74735F35 
 1202      5F495251 
 1203              	.LASF48:
 1204 11f9 63707573 		.ascii	"cpuss_interrupts_ipc_13_IRQn\000"
 1204      735F696E 
 1204      74657272 
 1204      75707473 
 1204      5F697063 
 1205              		.ident	"GCC: (GNU Tools for ARM Embedded Processors) 5.4.1 20160609 (release) [ARM/embedded-5-bran
