ARM GAS  C:\Users\gjl\AppData\Local\Temp\cce87ya0.s 			page 1


   1              		.syntax unified
   2              		.cpu cortex-m4
   3              		.eabi_attribute 27, 1
   4              		.fpu fpv4-sp-d16
   5              		.eabi_attribute 20, 1
   6              		.eabi_attribute 21, 1
   7              		.eabi_attribute 23, 3
   8              		.eabi_attribute 24, 1
   9              		.eabi_attribute 25, 1
  10              		.eabi_attribute 26, 1
  11              		.eabi_attribute 30, 1
  12              		.eabi_attribute 34, 1
  13              		.eabi_attribute 18, 4
  14              		.thumb
  15              		.syntax unified
  16              		.file	"main_cm4.c"
  17              		.text
  18              	.Ltext0:
  19              		.cfi_sections	.debug_frame
  20              		.section	.text.main,"ax",%progbits
  21              		.align	2
  22              		.global	main
  23              		.thumb
  24              		.thumb_func
  25              		.type	main, %function
  26              	main:
  27              	.LFB468:
  28              		.file 1 "main_cm4.c"
   1:main_cm4.c    **** /* ========================================
   2:main_cm4.c    ****  *
   3:main_cm4.c    ****  * Copyright YOUR COMPANY, THE YEAR
   4:main_cm4.c    ****  * All Rights Reserved
   5:main_cm4.c    ****  * UNPUBLISHED, LICENSED SOFTWARE.
   6:main_cm4.c    ****  *
   7:main_cm4.c    ****  * CONFIDENTIAL AND PROPRIETARY INFORMATION
   8:main_cm4.c    ****  * WHICH IS THE PROPERTY OF your company.
   9:main_cm4.c    ****  *
  10:main_cm4.c    ****  * ========================================
  11:main_cm4.c    **** */
  12:main_cm4.c    **** #include "project.h"
  13:main_cm4.c    **** #include <stdio.h>
  14:main_cm4.c    **** 
  15:main_cm4.c    **** int main(void)
  16:main_cm4.c    **** {
  29              		.loc 1 16 0
  30              		.cfi_startproc
  31              		@ args = 0, pretend = 0, frame = 0
  32              		@ frame_needed = 0, uses_anonymous_args = 0
  33 0000 08B5     		push	{r3, lr}
  34              		.cfi_def_cfa_offset 8
  35              		.cfi_offset 3, -8
  36              		.cfi_offset 14, -4
  37              	.LBB4:
  38              	.LBB5:
  39              		.file 2 "Generated_Source\\PSoC6\\pdl\\cmsis/include/cmsis_gcc.h"
   1:Generated_Source\PSoC6\pdl\cmsis/include/cmsis_gcc.h **** /**************************************************************************//**
   2:Generated_Source\PSoC6\pdl\cmsis/include/cmsis_gcc.h ****  * @file     cmsis_gcc.h
ARM GAS  C:\Users\gjl\AppData\Local\Temp\cce87ya0.s 			page 2


   3:Generated_Source\PSoC6\pdl\cmsis/include/cmsis_gcc.h ****  * @brief    CMSIS compiler GCC header file
   4:Generated_Source\PSoC6\pdl\cmsis/include/cmsis_gcc.h ****  * @version  V5.0.1
   5:Generated_Source\PSoC6\pdl\cmsis/include/cmsis_gcc.h ****  * @date     02. February 2017
   6:Generated_Source\PSoC6\pdl\cmsis/include/cmsis_gcc.h ****  ******************************************************************************/
   7:Generated_Source\PSoC6\pdl\cmsis/include/cmsis_gcc.h **** /*
   8:Generated_Source\PSoC6\pdl\cmsis/include/cmsis_gcc.h ****  * Copyright (c) 2009-2017 ARM Limited. All rights reserved.
   9:Generated_Source\PSoC6\pdl\cmsis/include/cmsis_gcc.h ****  *
  10:Generated_Source\PSoC6\pdl\cmsis/include/cmsis_gcc.h ****  * SPDX-License-Identifier: Apache-2.0
  11:Generated_Source\PSoC6\pdl\cmsis/include/cmsis_gcc.h ****  *
  12:Generated_Source\PSoC6\pdl\cmsis/include/cmsis_gcc.h ****  * Licensed under the Apache License, Version 2.0 (the License); you may
  13:Generated_Source\PSoC6\pdl\cmsis/include/cmsis_gcc.h ****  * not use this file except in compliance with the License.
  14:Generated_Source\PSoC6\pdl\cmsis/include/cmsis_gcc.h ****  * You may obtain a copy of the License at
  15:Generated_Source\PSoC6\pdl\cmsis/include/cmsis_gcc.h ****  *
  16:Generated_Source\PSoC6\pdl\cmsis/include/cmsis_gcc.h ****  * www.apache.org/licenses/LICENSE-2.0
  17:Generated_Source\PSoC6\pdl\cmsis/include/cmsis_gcc.h ****  *
  18:Generated_Source\PSoC6\pdl\cmsis/include/cmsis_gcc.h ****  * Unless required by applicable law or agreed to in writing, software
  19:Generated_Source\PSoC6\pdl\cmsis/include/cmsis_gcc.h ****  * distributed under the License is distributed on an AS IS BASIS, WITHOUT
  20:Generated_Source\PSoC6\pdl\cmsis/include/cmsis_gcc.h ****  * WARRANTIES OR CONDITIONS OF ANY KIND, either express or implied.
  21:Generated_Source\PSoC6\pdl\cmsis/include/cmsis_gcc.h ****  * See the License for the specific language governing permissions and
  22:Generated_Source\PSoC6\pdl\cmsis/include/cmsis_gcc.h ****  * limitations under the License.
  23:Generated_Source\PSoC6\pdl\cmsis/include/cmsis_gcc.h ****  */
  24:Generated_Source\PSoC6\pdl\cmsis/include/cmsis_gcc.h **** 
  25:Generated_Source\PSoC6\pdl\cmsis/include/cmsis_gcc.h **** #ifndef __CMSIS_GCC_H
  26:Generated_Source\PSoC6\pdl\cmsis/include/cmsis_gcc.h **** #define __CMSIS_GCC_H
  27:Generated_Source\PSoC6\pdl\cmsis/include/cmsis_gcc.h **** 
  28:Generated_Source\PSoC6\pdl\cmsis/include/cmsis_gcc.h **** /* ignore some GCC warnings */
  29:Generated_Source\PSoC6\pdl\cmsis/include/cmsis_gcc.h **** #pragma GCC diagnostic push
  30:Generated_Source\PSoC6\pdl\cmsis/include/cmsis_gcc.h **** #pragma GCC diagnostic ignored "-Wsign-conversion"
  31:Generated_Source\PSoC6\pdl\cmsis/include/cmsis_gcc.h **** #pragma GCC diagnostic ignored "-Wconversion"
  32:Generated_Source\PSoC6\pdl\cmsis/include/cmsis_gcc.h **** #pragma GCC diagnostic ignored "-Wunused-parameter"
  33:Generated_Source\PSoC6\pdl\cmsis/include/cmsis_gcc.h **** 
  34:Generated_Source\PSoC6\pdl\cmsis/include/cmsis_gcc.h **** /* CMSIS compiler specific defines */
  35:Generated_Source\PSoC6\pdl\cmsis/include/cmsis_gcc.h **** #ifndef   __ASM
  36:Generated_Source\PSoC6\pdl\cmsis/include/cmsis_gcc.h ****   #define __ASM                     __asm
  37:Generated_Source\PSoC6\pdl\cmsis/include/cmsis_gcc.h **** #endif
  38:Generated_Source\PSoC6\pdl\cmsis/include/cmsis_gcc.h **** #ifndef   __INLINE
  39:Generated_Source\PSoC6\pdl\cmsis/include/cmsis_gcc.h ****   #define __INLINE                  inline
  40:Generated_Source\PSoC6\pdl\cmsis/include/cmsis_gcc.h **** #endif
  41:Generated_Source\PSoC6\pdl\cmsis/include/cmsis_gcc.h **** #ifndef   __STATIC_INLINE
  42:Generated_Source\PSoC6\pdl\cmsis/include/cmsis_gcc.h ****   #define __STATIC_INLINE           static inline
  43:Generated_Source\PSoC6\pdl\cmsis/include/cmsis_gcc.h **** #endif
  44:Generated_Source\PSoC6\pdl\cmsis/include/cmsis_gcc.h **** #ifndef   __NO_RETURN
  45:Generated_Source\PSoC6\pdl\cmsis/include/cmsis_gcc.h ****   #define __NO_RETURN               __attribute__((noreturn))
  46:Generated_Source\PSoC6\pdl\cmsis/include/cmsis_gcc.h **** #endif
  47:Generated_Source\PSoC6\pdl\cmsis/include/cmsis_gcc.h **** #ifndef   __USED
  48:Generated_Source\PSoC6\pdl\cmsis/include/cmsis_gcc.h ****   #define __USED                    __attribute__((used))
  49:Generated_Source\PSoC6\pdl\cmsis/include/cmsis_gcc.h **** #endif
  50:Generated_Source\PSoC6\pdl\cmsis/include/cmsis_gcc.h **** #ifndef   __WEAK
  51:Generated_Source\PSoC6\pdl\cmsis/include/cmsis_gcc.h ****   #define __WEAK                    __attribute__((weak))
  52:Generated_Source\PSoC6\pdl\cmsis/include/cmsis_gcc.h **** #endif
  53:Generated_Source\PSoC6\pdl\cmsis/include/cmsis_gcc.h **** #ifndef   __UNALIGNED_UINT32
  54:Generated_Source\PSoC6\pdl\cmsis/include/cmsis_gcc.h **** #pragma GCC diagnostic push
  55:Generated_Source\PSoC6\pdl\cmsis/include/cmsis_gcc.h **** #pragma GCC diagnostic ignored "-Wpacked"
  56:Generated_Source\PSoC6\pdl\cmsis/include/cmsis_gcc.h **** #pragma GCC diagnostic ignored "-Wattributes"
  57:Generated_Source\PSoC6\pdl\cmsis/include/cmsis_gcc.h ****   struct __attribute__((packed)) T_UINT32 { uint32_t v; };
  58:Generated_Source\PSoC6\pdl\cmsis/include/cmsis_gcc.h **** #pragma GCC diagnostic pop
  59:Generated_Source\PSoC6\pdl\cmsis/include/cmsis_gcc.h ****   #define __UNALIGNED_UINT32(x)     (((struct T_UINT32 *)(x))->v)
ARM GAS  C:\Users\gjl\AppData\Local\Temp\cce87ya0.s 			page 3


  60:Generated_Source\PSoC6\pdl\cmsis/include/cmsis_gcc.h **** #endif
  61:Generated_Source\PSoC6\pdl\cmsis/include/cmsis_gcc.h **** #ifndef   __ALIGNED
  62:Generated_Source\PSoC6\pdl\cmsis/include/cmsis_gcc.h ****   #define __ALIGNED(x)              __attribute__((aligned(x)))
  63:Generated_Source\PSoC6\pdl\cmsis/include/cmsis_gcc.h **** #endif
  64:Generated_Source\PSoC6\pdl\cmsis/include/cmsis_gcc.h **** #ifndef   __PACKED
  65:Generated_Source\PSoC6\pdl\cmsis/include/cmsis_gcc.h ****   #define __PACKED                  __attribute__((packed, aligned(1)))
  66:Generated_Source\PSoC6\pdl\cmsis/include/cmsis_gcc.h **** #endif
  67:Generated_Source\PSoC6\pdl\cmsis/include/cmsis_gcc.h **** #ifndef   __PACKED_STRUCT
  68:Generated_Source\PSoC6\pdl\cmsis/include/cmsis_gcc.h ****   #define __PACKED_STRUCT           struct __attribute__((packed, aligned(1)))
  69:Generated_Source\PSoC6\pdl\cmsis/include/cmsis_gcc.h **** #endif
  70:Generated_Source\PSoC6\pdl\cmsis/include/cmsis_gcc.h **** 
  71:Generated_Source\PSoC6\pdl\cmsis/include/cmsis_gcc.h **** 
  72:Generated_Source\PSoC6\pdl\cmsis/include/cmsis_gcc.h **** /* ###########################  Core Function Access  ########################### */
  73:Generated_Source\PSoC6\pdl\cmsis/include/cmsis_gcc.h **** /** \ingroup  CMSIS_Core_FunctionInterface
  74:Generated_Source\PSoC6\pdl\cmsis/include/cmsis_gcc.h ****     \defgroup CMSIS_Core_RegAccFunctions CMSIS Core Register Access Functions
  75:Generated_Source\PSoC6\pdl\cmsis/include/cmsis_gcc.h ****   @{
  76:Generated_Source\PSoC6\pdl\cmsis/include/cmsis_gcc.h ****  */
  77:Generated_Source\PSoC6\pdl\cmsis/include/cmsis_gcc.h **** 
  78:Generated_Source\PSoC6\pdl\cmsis/include/cmsis_gcc.h **** /**
  79:Generated_Source\PSoC6\pdl\cmsis/include/cmsis_gcc.h ****   \brief   Enable IRQ Interrupts
  80:Generated_Source\PSoC6\pdl\cmsis/include/cmsis_gcc.h ****   \details Enables IRQ interrupts by clearing the I-bit in the CPSR.
  81:Generated_Source\PSoC6\pdl\cmsis/include/cmsis_gcc.h ****            Can only be executed in Privileged modes.
  82:Generated_Source\PSoC6\pdl\cmsis/include/cmsis_gcc.h ****  */
  83:Generated_Source\PSoC6\pdl\cmsis/include/cmsis_gcc.h **** __attribute__((always_inline)) __STATIC_INLINE void __enable_irq(void)
  84:Generated_Source\PSoC6\pdl\cmsis/include/cmsis_gcc.h **** {
  85:Generated_Source\PSoC6\pdl\cmsis/include/cmsis_gcc.h ****   __ASM volatile ("cpsie i" : : : "memory");
  40              		.loc 2 85 0
  41              		.syntax unified
  42              	@ 85 "Generated_Source\PSoC6\pdl\cmsis/include/cmsis_gcc.h" 1
  43 0002 62B6     		cpsie i
  44              	@ 0 "" 2
  45              		.thumb
  46              		.syntax unified
  47              	.LBE5:
  48              	.LBE4:
  17:main_cm4.c    ****     __enable_irq(); /* Enable global interrupts. */
  18:main_cm4.c    **** 
  19:main_cm4.c    ****     /* Place your initialization/startup code here (e.g. MyInst_Start()) */
  20:main_cm4.c    ****     UART_Start();
  49              		.loc 1 20 0
  50 0004 FFF7FEFF 		bl	UART_Start
  51              	.LVL0:
  21:main_cm4.c    ****     
  22:main_cm4.c    ****     setvbuf ( stdin, NULL, _IONBF, 0 );
  52              		.loc 1 22 0
  53 0008 104B     		ldr	r3, .L7
  54 000a 1868     		ldr	r0, [r3]
  55 000c 0023     		movs	r3, #0
  56 000e 0222     		movs	r2, #2
  57 0010 1946     		mov	r1, r3
  58 0012 4068     		ldr	r0, [r0, #4]
  59 0014 FFF7FEFF 		bl	setvbuf
  60              	.LVL1:
  23:main_cm4.c    ****     
  24:main_cm4.c    ****     char c;
  25:main_cm4.c    ****     
  26:main_cm4.c    ****     printf("Started UART\r\n");
ARM GAS  C:\Users\gjl\AppData\Local\Temp\cce87ya0.s 			page 4


  61              		.loc 1 26 0
  62 0018 0D48     		ldr	r0, .L7+4
  63 001a FFF7FEFF 		bl	puts
  64              	.LVL2:
  65              	.L4:
  27:main_cm4.c    ****     
  28:main_cm4.c    ****     for(;;)
  29:main_cm4.c    ****     {
  30:main_cm4.c    ****         /* Place your application code here. */
  31:main_cm4.c    ****         c = getchar();
  66              		.loc 1 31 0
  67 001e 0B4B     		ldr	r3, .L7
  68 0020 1868     		ldr	r0, [r3]
  69 0022 4268     		ldr	r2, [r0, #4]
  70 0024 5368     		ldr	r3, [r2, #4]
  71 0026 013B     		subs	r3, r3, #1
  72 0028 5360     		str	r3, [r2, #4]
  73 002a 002B     		cmp	r3, #0
  74 002c 04DA     		bge	.L2
  75              		.loc 1 31 0 is_stmt 0 discriminator 1
  76 002e 4168     		ldr	r1, [r0, #4]
  77 0030 FFF7FEFF 		bl	__srget_r
  78              	.LVL3:
  79 0034 C0B2     		uxtb	r0, r0
  80 0036 04E0     		b	.L3
  81              	.L2:
  82              		.loc 1 31 0 discriminator 2
  83 0038 4268     		ldr	r2, [r0, #4]
  84 003a 1368     		ldr	r3, [r2]
  85 003c 591C     		adds	r1, r3, #1
  86 003e 1160     		str	r1, [r2]
  87 0040 1878     		ldrb	r0, [r3]	@ zero_extendqisi2
  88              	.L3:
  89              	.LVL4:
  32:main_cm4.c    ****         if(c)
  90              		.loc 1 32 0 is_stmt 1 discriminator 4
  91 0042 0028     		cmp	r0, #0
  92 0044 EBD0     		beq	.L4
  33:main_cm4.c    ****         {
  34:main_cm4.c    ****             printf("%c",c);
  93              		.loc 1 34 0
  94 0046 FFF7FEFF 		bl	putchar
  95              	.LVL5:
  96 004a E8E7     		b	.L4
  97              	.L8:
  98              		.align	2
  99              	.L7:
 100 004c 00000000 		.word	_impure_ptr
 101 0050 00000000 		.word	.LC0
 102              		.cfi_endproc
 103              	.LFE468:
 104              		.size	main, .-main
 105              		.section	.rodata.str1.4,"aMS",%progbits,1
 106              		.align	2
 107              	.LC0:
 108 0000 53746172 		.ascii	"Started UART\015\000"
 108      74656420 
ARM GAS  C:\Users\gjl\AppData\Local\Temp\cce87ya0.s 			page 5


 108      55415254 
 108      0D00
 109              		.text
 110              	.Letext0:
 111              		.file 3 "c:\\program files (x86)\\cypress\\psoc creator\\4.2\\psoc creator\\import\\gnu\\arm\\5.4.
 112              		.file 4 "c:\\program files (x86)\\cypress\\psoc creator\\4.2\\psoc creator\\import\\gnu\\arm\\5.4.
 113              		.file 5 "Generated_Source\\PSoC6\\pdl\\drivers/peripheral/scb/cy_scb_uart.h"
 114              		.file 6 "c:\\program files (x86)\\cypress\\psoc creator\\4.2\\psoc creator\\import\\gnu\\arm\\5.4.
 115              		.file 7 "c:\\program files (x86)\\cypress\\psoc creator\\4.2\\psoc creator\\import\\gnu\\arm\\5.4.
 116              		.file 8 "c:\\program files (x86)\\cypress\\psoc creator\\4.2\\psoc creator\\import\\gnu\\arm\\5.4.
 117              		.file 9 "c:\\program files (x86)\\cypress\\psoc creator\\4.2\\psoc creator\\import\\gnu\\arm\\5.4.
 118              		.file 10 "Generated_Source\\PSoC6\\pdl\\cmsis/include/core_cm4.h"
 119              		.file 11 "Generated_Source\\PSoC6/UART.h"
 120              		.file 12 "c:\\program files (x86)\\cypress\\psoc creator\\4.2\\psoc creator\\import\\gnu\\arm\\5.4
 121              		.file 13 "<built-in>"
 122              		.section	.debug_info,"",%progbits
 123              	.Ldebug_info0:
 124 0000 8D0A0000 		.4byte	0xa8d
 125 0004 0400     		.2byte	0x4
 126 0006 00000000 		.4byte	.Ldebug_abbrev0
 127 000a 04       		.byte	0x4
 128 000b 01       		.uleb128 0x1
 129 000c A3030000 		.4byte	.LASF152
 130 0010 0C       		.byte	0xc
 131 0011 E9060000 		.4byte	.LASF153
 132 0015 B6010000 		.4byte	.LASF154
 133 0019 00000000 		.4byte	.Ldebug_ranges0+0
 134 001d 00000000 		.4byte	0
 135 0021 00000000 		.4byte	.Ldebug_line0
 136 0025 02       		.uleb128 0x2
 137 0026 02       		.byte	0x2
 138 0027 05       		.byte	0x5
 139 0028 76010000 		.4byte	.LASF0
 140 002c 02       		.uleb128 0x2
 141 002d 01       		.byte	0x1
 142 002e 06       		.byte	0x6
 143 002f CE000000 		.4byte	.LASF1
 144 0033 02       		.uleb128 0x2
 145 0034 01       		.byte	0x1
 146 0035 08       		.byte	0x8
 147 0036 93040000 		.4byte	.LASF2
 148 003a 02       		.uleb128 0x2
 149 003b 02       		.byte	0x2
 150 003c 07       		.byte	0x7
 151 003d BA020000 		.4byte	.LASF3
 152 0041 03       		.uleb128 0x3
 153 0042 9B050000 		.4byte	.LASF5
 154 0046 03       		.byte	0x3
 155 0047 3F       		.byte	0x3f
 156 0048 4C000000 		.4byte	0x4c
 157 004c 02       		.uleb128 0x2
 158 004d 04       		.byte	0x4
 159 004e 05       		.byte	0x5
 160 004f 33010000 		.4byte	.LASF4
 161 0053 03       		.uleb128 0x3
 162 0054 09020000 		.4byte	.LASF6
 163 0058 03       		.byte	0x3
ARM GAS  C:\Users\gjl\AppData\Local\Temp\cce87ya0.s 			page 6


 164 0059 41       		.byte	0x41
 165 005a 5E000000 		.4byte	0x5e
 166 005e 02       		.uleb128 0x2
 167 005f 04       		.byte	0x4
 168 0060 07       		.byte	0x7
 169 0061 7D020000 		.4byte	.LASF7
 170 0065 02       		.uleb128 0x2
 171 0066 08       		.byte	0x8
 172 0067 05       		.byte	0x5
 173 0068 C0000000 		.4byte	.LASF8
 174 006c 02       		.uleb128 0x2
 175 006d 08       		.byte	0x8
 176 006e 07       		.byte	0x7
 177 006f 5F000000 		.4byte	.LASF9
 178 0073 04       		.uleb128 0x4
 179 0074 04       		.byte	0x4
 180 0075 05       		.byte	0x5
 181 0076 696E7400 		.ascii	"int\000"
 182 007a 02       		.uleb128 0x2
 183 007b 04       		.byte	0x4
 184 007c 07       		.byte	0x7
 185 007d 85050000 		.4byte	.LASF10
 186 0081 03       		.uleb128 0x3
 187 0082 8B040000 		.4byte	.LASF11
 188 0086 04       		.byte	0x4
 189 0087 2C       		.byte	0x2c
 190 0088 41000000 		.4byte	0x41
 191 008c 03       		.uleb128 0x3
 192 008d 3D050000 		.4byte	.LASF12
 193 0091 04       		.byte	0x4
 194 0092 30       		.byte	0x30
 195 0093 53000000 		.4byte	0x53
 196 0097 02       		.uleb128 0x2
 197 0098 04       		.byte	0x4
 198 0099 07       		.byte	0x7
 199 009a 54030000 		.4byte	.LASF13
 200 009e 05       		.uleb128 0x5
 201 009f 8C000000 		.4byte	0x8c
 202 00a3 02       		.uleb128 0x2
 203 00a4 08       		.byte	0x8
 204 00a5 04       		.byte	0x4
 205 00a6 5E050000 		.4byte	.LASF14
 206 00aa 06       		.uleb128 0x6
 207 00ab 04       		.byte	0x4
 208 00ac B0000000 		.4byte	0xb0
 209 00b0 07       		.uleb128 0x7
 210 00b1 02       		.uleb128 0x2
 211 00b2 01       		.byte	0x1
 212 00b3 08       		.byte	0x8
 213 00b4 71050000 		.4byte	.LASF15
 214 00b8 02       		.uleb128 0x2
 215 00b9 04       		.byte	0x4
 216 00ba 04       		.byte	0x4
 217 00bb 56040000 		.4byte	.LASF16
 218 00bf 02       		.uleb128 0x2
 219 00c0 08       		.byte	0x8
 220 00c1 04       		.byte	0x4
ARM GAS  C:\Users\gjl\AppData\Local\Temp\cce87ya0.s 			page 7


 221 00c2 80010000 		.4byte	.LASF17
 222 00c6 08       		.uleb128 0x8
 223 00c7 04       		.byte	0x4
 224 00c8 02       		.uleb128 0x2
 225 00c9 01       		.byte	0x1
 226 00ca 02       		.byte	0x2
 227 00cb 85040000 		.4byte	.LASF18
 228 00cf 06       		.uleb128 0x6
 229 00d0 04       		.byte	0x4
 230 00d1 D5000000 		.4byte	0xd5
 231 00d5 09       		.uleb128 0x9
 232 00d6 E0000000 		.4byte	0xe0
 233 00da 0A       		.uleb128 0xa
 234 00db 8C000000 		.4byte	0x8c
 235 00df 00       		.byte	0
 236 00e0 0B       		.uleb128 0xb
 237 00e1 DC050000 		.4byte	.LASF19
 238 00e5 05       		.byte	0x5
 239 00e6 AB01     		.2byte	0x1ab
 240 00e8 CF000000 		.4byte	0xcf
 241 00ec 0C       		.uleb128 0xc
 242 00ed D1060000 		.4byte	.LASF46
 243 00f1 38       		.byte	0x38
 244 00f2 05       		.byte	0x5
 245 00f3 4702     		.2byte	0x247
 246 00f5 B0010000 		.4byte	0x1b0
 247 00f9 0D       		.uleb128 0xd
 248 00fa B0060000 		.4byte	.LASF20
 249 00fe 05       		.byte	0x5
 250 00ff 4A02     		.2byte	0x24a
 251 0101 9E000000 		.4byte	0x9e
 252 0105 00       		.byte	0
 253 0106 0D       		.uleb128 0xd
 254 0107 5E060000 		.4byte	.LASF21
 255 010b 05       		.byte	0x5
 256 010c 4B02     		.2byte	0x24b
 257 010e 9E000000 		.4byte	0x9e
 258 0112 04       		.byte	0x4
 259 0113 0D       		.uleb128 0xd
 260 0114 8A000000 		.4byte	.LASF22
 261 0118 05       		.byte	0x5
 262 0119 4D02     		.2byte	0x24d
 263 011b C6000000 		.4byte	0xc6
 264 011f 08       		.byte	0x8
 265 0120 0D       		.uleb128 0xd
 266 0121 CE050000 		.4byte	.LASF23
 267 0125 05       		.byte	0x5
 268 0126 4E02     		.2byte	0x24e
 269 0128 8C000000 		.4byte	0x8c
 270 012c 0C       		.byte	0xc
 271 012d 0D       		.uleb128 0xd
 272 012e 1E030000 		.4byte	.LASF24
 273 0132 05       		.byte	0x5
 274 0133 4F02     		.2byte	0x24f
 275 0135 9E000000 		.4byte	0x9e
 276 0139 10       		.byte	0x10
 277 013a 0D       		.uleb128 0xd
ARM GAS  C:\Users\gjl\AppData\Local\Temp\cce87ya0.s 			page 8


 278 013b 7F060000 		.4byte	.LASF25
 279 013f 05       		.byte	0x5
 280 0140 5002     		.2byte	0x250
 281 0142 9E000000 		.4byte	0x9e
 282 0146 14       		.byte	0x14
 283 0147 0D       		.uleb128 0xd
 284 0148 1D060000 		.4byte	.LASF26
 285 014c 05       		.byte	0x5
 286 014d 5202     		.2byte	0x252
 287 014f C6000000 		.4byte	0xc6
 288 0153 18       		.byte	0x18
 289 0154 0D       		.uleb128 0xd
 290 0155 14000000 		.4byte	.LASF27
 291 0159 05       		.byte	0x5
 292 015a 5302     		.2byte	0x253
 293 015c 8C000000 		.4byte	0x8c
 294 0160 1C       		.byte	0x1c
 295 0161 0D       		.uleb128 0xd
 296 0162 26020000 		.4byte	.LASF28
 297 0166 05       		.byte	0x5
 298 0167 5402     		.2byte	0x254
 299 0169 9E000000 		.4byte	0x9e
 300 016d 20       		.byte	0x20
 301 016e 0D       		.uleb128 0xd
 302 016f 0A030000 		.4byte	.LASF29
 303 0173 05       		.byte	0x5
 304 0174 5602     		.2byte	0x256
 305 0176 C6000000 		.4byte	0xc6
 306 017a 24       		.byte	0x24
 307 017b 0D       		.uleb128 0xd
 308 017c 3D020000 		.4byte	.LASF30
 309 0180 05       		.byte	0x5
 310 0181 5702     		.2byte	0x257
 311 0183 8C000000 		.4byte	0x8c
 312 0187 28       		.byte	0x28
 313 0188 0D       		.uleb128 0xd
 314 0189 74040000 		.4byte	.LASF31
 315 018d 05       		.byte	0x5
 316 018e 5802     		.2byte	0x258
 317 0190 9E000000 		.4byte	0x9e
 318 0194 2C       		.byte	0x2c
 319 0195 0D       		.uleb128 0xd
 320 0196 F7020000 		.4byte	.LASF32
 321 019a 05       		.byte	0x5
 322 019b 5D02     		.2byte	0x25d
 323 019d E0000000 		.4byte	0xe0
 324 01a1 30       		.byte	0x30
 325 01a2 0D       		.uleb128 0xd
 326 01a3 15060000 		.4byte	.LASF33
 327 01a7 05       		.byte	0x5
 328 01a8 6002     		.2byte	0x260
 329 01aa 8C000000 		.4byte	0x8c
 330 01ae 34       		.byte	0x34
 331 01af 00       		.byte	0
 332 01b0 0B       		.uleb128 0xb
 333 01b1 DA000000 		.4byte	.LASF34
 334 01b5 05       		.byte	0x5
ARM GAS  C:\Users\gjl\AppData\Local\Temp\cce87ya0.s 			page 9


 335 01b6 6302     		.2byte	0x263
 336 01b8 EC000000 		.4byte	0xec
 337 01bc 03       		.uleb128 0x3
 338 01bd 42030000 		.4byte	.LASF35
 339 01c1 06       		.byte	0x6
 340 01c2 07       		.byte	0x7
 341 01c3 73000000 		.4byte	0x73
 342 01c7 03       		.uleb128 0x3
 343 01c8 B9000000 		.4byte	.LASF36
 344 01cc 07       		.byte	0x7
 345 01cd 2C       		.byte	0x2c
 346 01ce 4C000000 		.4byte	0x4c
 347 01d2 03       		.uleb128 0x3
 348 01d3 56050000 		.4byte	.LASF37
 349 01d7 07       		.byte	0x7
 350 01d8 72       		.byte	0x72
 351 01d9 4C000000 		.4byte	0x4c
 352 01dd 0B       		.uleb128 0xb
 353 01de 9C030000 		.4byte	.LASF38
 354 01e2 08       		.byte	0x8
 355 01e3 6501     		.2byte	0x165
 356 01e5 7A000000 		.4byte	0x7a
 357 01e9 0E       		.uleb128 0xe
 358 01ea 04       		.byte	0x4
 359 01eb 07       		.byte	0x7
 360 01ec A6       		.byte	0xa6
 361 01ed 08020000 		.4byte	0x208
 362 01f1 0F       		.uleb128 0xf
 363 01f2 0A010000 		.4byte	.LASF39
 364 01f6 07       		.byte	0x7
 365 01f7 A8       		.byte	0xa8
 366 01f8 DD010000 		.4byte	0x1dd
 367 01fc 0F       		.uleb128 0xf
 368 01fd 55020000 		.4byte	.LASF40
 369 0201 07       		.byte	0x7
 370 0202 A9       		.byte	0xa9
 371 0203 08020000 		.4byte	0x208
 372 0207 00       		.byte	0
 373 0208 10       		.uleb128 0x10
 374 0209 33000000 		.4byte	0x33
 375 020d 18020000 		.4byte	0x218
 376 0211 11       		.uleb128 0x11
 377 0212 97000000 		.4byte	0x97
 378 0216 03       		.byte	0x3
 379 0217 00       		.byte	0
 380 0218 12       		.uleb128 0x12
 381 0219 08       		.byte	0x8
 382 021a 07       		.byte	0x7
 383 021b A3       		.byte	0xa3
 384 021c 39020000 		.4byte	0x239
 385 0220 13       		.uleb128 0x13
 386 0221 35050000 		.4byte	.LASF41
 387 0225 07       		.byte	0x7
 388 0226 A5       		.byte	0xa5
 389 0227 73000000 		.4byte	0x73
 390 022b 00       		.byte	0
 391 022c 13       		.uleb128 0x13
ARM GAS  C:\Users\gjl\AppData\Local\Temp\cce87ya0.s 			page 10


 392 022d C6050000 		.4byte	.LASF42
 393 0231 07       		.byte	0x7
 394 0232 AA       		.byte	0xaa
 395 0233 E9010000 		.4byte	0x1e9
 396 0237 04       		.byte	0x4
 397 0238 00       		.byte	0
 398 0239 03       		.uleb128 0x3
 399 023a D1040000 		.4byte	.LASF43
 400 023e 07       		.byte	0x7
 401 023f AB       		.byte	0xab
 402 0240 18020000 		.4byte	0x218
 403 0244 03       		.uleb128 0x3
 404 0245 B0040000 		.4byte	.LASF44
 405 0249 07       		.byte	0x7
 406 024a AF       		.byte	0xaf
 407 024b BC010000 		.4byte	0x1bc
 408 024f 03       		.uleb128 0x3
 409 0250 00060000 		.4byte	.LASF45
 410 0254 09       		.byte	0x9
 411 0255 16       		.byte	0x16
 412 0256 5E000000 		.4byte	0x5e
 413 025a 14       		.uleb128 0x14
 414 025b 2F020000 		.4byte	.LASF47
 415 025f 18       		.byte	0x18
 416 0260 09       		.byte	0x9
 417 0261 2D       		.byte	0x2d
 418 0262 AD020000 		.4byte	0x2ad
 419 0266 13       		.uleb128 0x13
 420 0267 B3050000 		.4byte	.LASF48
 421 026b 09       		.byte	0x9
 422 026c 2F       		.byte	0x2f
 423 026d AD020000 		.4byte	0x2ad
 424 0271 00       		.byte	0
 425 0272 15       		.uleb128 0x15
 426 0273 5F6B00   		.ascii	"_k\000"
 427 0276 09       		.byte	0x9
 428 0277 30       		.byte	0x30
 429 0278 73000000 		.4byte	0x73
 430 027c 04       		.byte	0x4
 431 027d 13       		.uleb128 0x13
 432 027e 20050000 		.4byte	.LASF49
 433 0282 09       		.byte	0x9
 434 0283 30       		.byte	0x30
 435 0284 73000000 		.4byte	0x73
 436 0288 08       		.byte	0x8
 437 0289 13       		.uleb128 0x13
 438 028a 14020000 		.4byte	.LASF50
 439 028e 09       		.byte	0x9
 440 028f 30       		.byte	0x30
 441 0290 73000000 		.4byte	0x73
 442 0294 0C       		.byte	0xc
 443 0295 13       		.uleb128 0x13
 444 0296 50010000 		.4byte	.LASF51
 445 029a 09       		.byte	0x9
 446 029b 30       		.byte	0x30
 447 029c 73000000 		.4byte	0x73
 448 02a0 10       		.byte	0x10
ARM GAS  C:\Users\gjl\AppData\Local\Temp\cce87ya0.s 			page 11


 449 02a1 15       		.uleb128 0x15
 450 02a2 5F7800   		.ascii	"_x\000"
 451 02a5 09       		.byte	0x9
 452 02a6 31       		.byte	0x31
 453 02a7 B3020000 		.4byte	0x2b3
 454 02ab 14       		.byte	0x14
 455 02ac 00       		.byte	0
 456 02ad 06       		.uleb128 0x6
 457 02ae 04       		.byte	0x4
 458 02af 5A020000 		.4byte	0x25a
 459 02b3 10       		.uleb128 0x10
 460 02b4 4F020000 		.4byte	0x24f
 461 02b8 C3020000 		.4byte	0x2c3
 462 02bc 11       		.uleb128 0x11
 463 02bd 97000000 		.4byte	0x97
 464 02c1 00       		.byte	0
 465 02c2 00       		.byte	0
 466 02c3 14       		.uleb128 0x14
 467 02c4 47020000 		.4byte	.LASF52
 468 02c8 24       		.byte	0x24
 469 02c9 09       		.byte	0x9
 470 02ca 35       		.byte	0x35
 471 02cb 3C030000 		.4byte	0x33c
 472 02cf 13       		.uleb128 0x13
 473 02d0 B0000000 		.4byte	.LASF53
 474 02d4 09       		.byte	0x9
 475 02d5 37       		.byte	0x37
 476 02d6 73000000 		.4byte	0x73
 477 02da 00       		.byte	0
 478 02db 13       		.uleb128 0x13
 479 02dc A7060000 		.4byte	.LASF54
 480 02e0 09       		.byte	0x9
 481 02e1 38       		.byte	0x38
 482 02e2 73000000 		.4byte	0x73
 483 02e6 04       		.byte	0x4
 484 02e7 13       		.uleb128 0x13
 485 02e8 00010000 		.4byte	.LASF55
 486 02ec 09       		.byte	0x9
 487 02ed 39       		.byte	0x39
 488 02ee 73000000 		.4byte	0x73
 489 02f2 08       		.byte	0x8
 490 02f3 13       		.uleb128 0x13
 491 02f4 F4060000 		.4byte	.LASF56
 492 02f8 09       		.byte	0x9
 493 02f9 3A       		.byte	0x3a
 494 02fa 73000000 		.4byte	0x73
 495 02fe 0C       		.byte	0xc
 496 02ff 13       		.uleb128 0x13
 497 0300 64030000 		.4byte	.LASF57
 498 0304 09       		.byte	0x9
 499 0305 3B       		.byte	0x3b
 500 0306 73000000 		.4byte	0x73
 501 030a 10       		.byte	0x10
 502 030b 13       		.uleb128 0x13
 503 030c 33030000 		.4byte	.LASF58
 504 0310 09       		.byte	0x9
 505 0311 3C       		.byte	0x3c
ARM GAS  C:\Users\gjl\AppData\Local\Temp\cce87ya0.s 			page 12


 506 0312 73000000 		.4byte	0x73
 507 0316 14       		.byte	0x14
 508 0317 13       		.uleb128 0x13
 509 0318 4C050000 		.4byte	.LASF59
 510 031c 09       		.byte	0x9
 511 031d 3D       		.byte	0x3d
 512 031e 73000000 		.4byte	0x73
 513 0322 18       		.byte	0x18
 514 0323 13       		.uleb128 0x13
 515 0324 B9040000 		.4byte	.LASF60
 516 0328 09       		.byte	0x9
 517 0329 3E       		.byte	0x3e
 518 032a 73000000 		.4byte	0x73
 519 032e 1C       		.byte	0x1c
 520 032f 13       		.uleb128 0x13
 521 0330 8D060000 		.4byte	.LASF61
 522 0334 09       		.byte	0x9
 523 0335 3F       		.byte	0x3f
 524 0336 73000000 		.4byte	0x73
 525 033a 20       		.byte	0x20
 526 033b 00       		.byte	0
 527 033c 16       		.uleb128 0x16
 528 033d 15010000 		.4byte	.LASF62
 529 0341 0801     		.2byte	0x108
 530 0343 09       		.byte	0x9
 531 0344 48       		.byte	0x48
 532 0345 7C030000 		.4byte	0x37c
 533 0349 13       		.uleb128 0x13
 534 034a 1E000000 		.4byte	.LASF63
 535 034e 09       		.byte	0x9
 536 034f 49       		.byte	0x49
 537 0350 7C030000 		.4byte	0x37c
 538 0354 00       		.byte	0
 539 0355 13       		.uleb128 0x13
 540 0356 00000000 		.4byte	.LASF64
 541 035a 09       		.byte	0x9
 542 035b 4A       		.byte	0x4a
 543 035c 7C030000 		.4byte	0x37c
 544 0360 80       		.byte	0x80
 545 0361 17       		.uleb128 0x17
 546 0362 92050000 		.4byte	.LASF65
 547 0366 09       		.byte	0x9
 548 0367 4C       		.byte	0x4c
 549 0368 4F020000 		.4byte	0x24f
 550 036c 0001     		.2byte	0x100
 551 036e 17       		.uleb128 0x17
 552 036f 48010000 		.4byte	.LASF66
 553 0373 09       		.byte	0x9
 554 0374 4F       		.byte	0x4f
 555 0375 4F020000 		.4byte	0x24f
 556 0379 0401     		.2byte	0x104
 557 037b 00       		.byte	0
 558 037c 10       		.uleb128 0x10
 559 037d C6000000 		.4byte	0xc6
 560 0381 8C030000 		.4byte	0x38c
 561 0385 11       		.uleb128 0x11
 562 0386 97000000 		.4byte	0x97
ARM GAS  C:\Users\gjl\AppData\Local\Temp\cce87ya0.s 			page 13


 563 038a 1F       		.byte	0x1f
 564 038b 00       		.byte	0
 565 038c 16       		.uleb128 0x16
 566 038d 6D030000 		.4byte	.LASF67
 567 0391 9001     		.2byte	0x190
 568 0393 09       		.byte	0x9
 569 0394 5B       		.byte	0x5b
 570 0395 CA030000 		.4byte	0x3ca
 571 0399 13       		.uleb128 0x13
 572 039a B3050000 		.4byte	.LASF48
 573 039e 09       		.byte	0x9
 574 039f 5C       		.byte	0x5c
 575 03a0 CA030000 		.4byte	0x3ca
 576 03a4 00       		.byte	0
 577 03a5 13       		.uleb128 0x13
 578 03a6 01050000 		.4byte	.LASF68
 579 03aa 09       		.byte	0x9
 580 03ab 5D       		.byte	0x5d
 581 03ac 73000000 		.4byte	0x73
 582 03b0 04       		.byte	0x4
 583 03b1 13       		.uleb128 0x13
 584 03b2 04020000 		.4byte	.LASF69
 585 03b6 09       		.byte	0x9
 586 03b7 5F       		.byte	0x5f
 587 03b8 D0030000 		.4byte	0x3d0
 588 03bc 08       		.byte	0x8
 589 03bd 13       		.uleb128 0x13
 590 03be 15010000 		.4byte	.LASF62
 591 03c2 09       		.byte	0x9
 592 03c3 60       		.byte	0x60
 593 03c4 3C030000 		.4byte	0x33c
 594 03c8 88       		.byte	0x88
 595 03c9 00       		.byte	0
 596 03ca 06       		.uleb128 0x6
 597 03cb 04       		.byte	0x4
 598 03cc 8C030000 		.4byte	0x38c
 599 03d0 10       		.uleb128 0x10
 600 03d1 AA000000 		.4byte	0xaa
 601 03d5 E0030000 		.4byte	0x3e0
 602 03d9 11       		.uleb128 0x11
 603 03da 97000000 		.4byte	0x97
 604 03de 1F       		.byte	0x1f
 605 03df 00       		.byte	0
 606 03e0 14       		.uleb128 0x14
 607 03e1 C3040000 		.4byte	.LASF70
 608 03e5 08       		.byte	0x8
 609 03e6 09       		.byte	0x9
 610 03e7 73       		.byte	0x73
 611 03e8 05040000 		.4byte	0x405
 612 03ec 13       		.uleb128 0x13
 613 03ed FA000000 		.4byte	.LASF71
 614 03f1 09       		.byte	0x9
 615 03f2 74       		.byte	0x74
 616 03f3 05040000 		.4byte	0x405
 617 03f7 00       		.byte	0
 618 03f8 13       		.uleb128 0x13
 619 03f9 7F050000 		.4byte	.LASF72
ARM GAS  C:\Users\gjl\AppData\Local\Temp\cce87ya0.s 			page 14


 620 03fd 09       		.byte	0x9
 621 03fe 75       		.byte	0x75
 622 03ff 73000000 		.4byte	0x73
 623 0403 04       		.byte	0x4
 624 0404 00       		.byte	0
 625 0405 06       		.uleb128 0x6
 626 0406 04       		.byte	0x4
 627 0407 33000000 		.4byte	0x33
 628 040b 14       		.uleb128 0x14
 629 040c DC040000 		.4byte	.LASF73
 630 0410 68       		.byte	0x68
 631 0411 09       		.byte	0x9
 632 0412 B3       		.byte	0xb3
 633 0413 35050000 		.4byte	0x535
 634 0417 15       		.uleb128 0x15
 635 0418 5F7000   		.ascii	"_p\000"
 636 041b 09       		.byte	0x9
 637 041c B4       		.byte	0xb4
 638 041d 05040000 		.4byte	0x405
 639 0421 00       		.byte	0
 640 0422 15       		.uleb128 0x15
 641 0423 5F7200   		.ascii	"_r\000"
 642 0426 09       		.byte	0x9
 643 0427 B5       		.byte	0xb5
 644 0428 73000000 		.4byte	0x73
 645 042c 04       		.byte	0x4
 646 042d 15       		.uleb128 0x15
 647 042e 5F7700   		.ascii	"_w\000"
 648 0431 09       		.byte	0x9
 649 0432 B6       		.byte	0xb6
 650 0433 73000000 		.4byte	0x73
 651 0437 08       		.byte	0x8
 652 0438 13       		.uleb128 0x13
 653 0439 41010000 		.4byte	.LASF74
 654 043d 09       		.byte	0x9
 655 043e B7       		.byte	0xb7
 656 043f 25000000 		.4byte	0x25
 657 0443 0C       		.byte	0xc
 658 0444 13       		.uleb128 0x13
 659 0445 30060000 		.4byte	.LASF75
 660 0449 09       		.byte	0x9
 661 044a B8       		.byte	0xb8
 662 044b 25000000 		.4byte	0x25
 663 044f 0E       		.byte	0xe
 664 0450 15       		.uleb128 0x15
 665 0451 5F626600 		.ascii	"_bf\000"
 666 0455 09       		.byte	0x9
 667 0456 B9       		.byte	0xb9
 668 0457 E0030000 		.4byte	0x3e0
 669 045b 10       		.byte	0x10
 670 045c 13       		.uleb128 0x13
 671 045d 76000000 		.4byte	.LASF76
 672 0461 09       		.byte	0x9
 673 0462 BA       		.byte	0xba
 674 0463 73000000 		.4byte	0x73
 675 0467 18       		.byte	0x18
 676 0468 13       		.uleb128 0x13
ARM GAS  C:\Users\gjl\AppData\Local\Temp\cce87ya0.s 			page 15


 677 0469 23010000 		.4byte	.LASF77
 678 046d 09       		.byte	0x9
 679 046e C1       		.byte	0xc1
 680 046f C6000000 		.4byte	0xc6
 681 0473 1C       		.byte	0x1c
 682 0474 13       		.uleb128 0x13
 683 0475 37020000 		.4byte	.LASF78
 684 0479 09       		.byte	0x9
 685 047a C3       		.byte	0xc3
 686 047b 91060000 		.4byte	0x691
 687 047f 20       		.byte	0x20
 688 0480 13       		.uleb128 0x13
 689 0481 2C030000 		.4byte	.LASF79
 690 0485 09       		.byte	0x9
 691 0486 C5       		.byte	0xc5
 692 0487 C0060000 		.4byte	0x6c0
 693 048b 24       		.byte	0x24
 694 048c 13       		.uleb128 0x13
 695 048d 46050000 		.4byte	.LASF80
 696 0491 09       		.byte	0x9
 697 0492 C8       		.byte	0xc8
 698 0493 E4060000 		.4byte	0x6e4
 699 0497 28       		.byte	0x28
 700 0498 13       		.uleb128 0x13
 701 0499 6E020000 		.4byte	.LASF81
 702 049d 09       		.byte	0x9
 703 049e C9       		.byte	0xc9
 704 049f FE060000 		.4byte	0x6fe
 705 04a3 2C       		.byte	0x2c
 706 04a4 15       		.uleb128 0x15
 707 04a5 5F756200 		.ascii	"_ub\000"
 708 04a9 09       		.byte	0x9
 709 04aa CC       		.byte	0xcc
 710 04ab E0030000 		.4byte	0x3e0
 711 04af 30       		.byte	0x30
 712 04b0 15       		.uleb128 0x15
 713 04b1 5F757000 		.ascii	"_up\000"
 714 04b5 09       		.byte	0x9
 715 04b6 CD       		.byte	0xcd
 716 04b7 05040000 		.4byte	0x405
 717 04bb 38       		.byte	0x38
 718 04bc 15       		.uleb128 0x15
 719 04bd 5F757200 		.ascii	"_ur\000"
 720 04c1 09       		.byte	0x9
 721 04c2 CE       		.byte	0xce
 722 04c3 73000000 		.4byte	0x73
 723 04c7 3C       		.byte	0x3c
 724 04c8 13       		.uleb128 0x13
 725 04c9 F4000000 		.4byte	.LASF82
 726 04cd 09       		.byte	0x9
 727 04ce D1       		.byte	0xd1
 728 04cf 04070000 		.4byte	0x704
 729 04d3 40       		.byte	0x40
 730 04d4 13       		.uleb128 0x13
 731 04d5 71060000 		.4byte	.LASF83
 732 04d9 09       		.byte	0x9
 733 04da D2       		.byte	0xd2
ARM GAS  C:\Users\gjl\AppData\Local\Temp\cce87ya0.s 			page 16


 734 04db 14070000 		.4byte	0x714
 735 04df 43       		.byte	0x43
 736 04e0 15       		.uleb128 0x15
 737 04e1 5F6C6200 		.ascii	"_lb\000"
 738 04e5 09       		.byte	0x9
 739 04e6 D5       		.byte	0xd5
 740 04e7 E0030000 		.4byte	0x3e0
 741 04eb 44       		.byte	0x44
 742 04ec 13       		.uleb128 0x13
 743 04ed 76050000 		.4byte	.LASF84
 744 04f1 09       		.byte	0x9
 745 04f2 D8       		.byte	0xd8
 746 04f3 73000000 		.4byte	0x73
 747 04f7 4C       		.byte	0x4c
 748 04f8 13       		.uleb128 0x13
 749 04f9 8F010000 		.4byte	.LASF85
 750 04fd 09       		.byte	0x9
 751 04fe D9       		.byte	0xd9
 752 04ff C7010000 		.4byte	0x1c7
 753 0503 50       		.byte	0x50
 754 0504 13       		.uleb128 0x13
 755 0505 39000000 		.4byte	.LASF86
 756 0509 09       		.byte	0x9
 757 050a DC       		.byte	0xdc
 758 050b 53050000 		.4byte	0x553
 759 050f 54       		.byte	0x54
 760 0510 13       		.uleb128 0x13
 761 0511 10030000 		.4byte	.LASF87
 762 0515 09       		.byte	0x9
 763 0516 E0       		.byte	0xe0
 764 0517 44020000 		.4byte	0x244
 765 051b 58       		.byte	0x58
 766 051c 13       		.uleb128 0x13
 767 051d 4C020000 		.4byte	.LASF88
 768 0521 09       		.byte	0x9
 769 0522 E2       		.byte	0xe2
 770 0523 39020000 		.4byte	0x239
 771 0527 5C       		.byte	0x5c
 772 0528 13       		.uleb128 0x13
 773 0529 16030000 		.4byte	.LASF89
 774 052d 09       		.byte	0x9
 775 052e E3       		.byte	0xe3
 776 052f 73000000 		.4byte	0x73
 777 0533 64       		.byte	0x64
 778 0534 00       		.byte	0
 779 0535 18       		.uleb128 0x18
 780 0536 73000000 		.4byte	0x73
 781 053a 53050000 		.4byte	0x553
 782 053e 0A       		.uleb128 0xa
 783 053f 53050000 		.4byte	0x553
 784 0543 0A       		.uleb128 0xa
 785 0544 C6000000 		.4byte	0xc6
 786 0548 0A       		.uleb128 0xa
 787 0549 8B060000 		.4byte	0x68b
 788 054d 0A       		.uleb128 0xa
 789 054e 73000000 		.4byte	0x73
 790 0552 00       		.byte	0
ARM GAS  C:\Users\gjl\AppData\Local\Temp\cce87ya0.s 			page 17


 791 0553 06       		.uleb128 0x6
 792 0554 04       		.byte	0x4
 793 0555 59050000 		.4byte	0x559
 794 0559 19       		.uleb128 0x19
 795 055a 28050000 		.4byte	.LASF90
 796 055e 2804     		.2byte	0x428
 797 0560 09       		.byte	0x9
 798 0561 3802     		.2byte	0x238
 799 0563 8B060000 		.4byte	0x68b
 800 0567 0D       		.uleb128 0xd
 801 0568 6A050000 		.4byte	.LASF91
 802 056c 09       		.byte	0x9
 803 056d 3A02     		.2byte	0x23a
 804 056f 73000000 		.4byte	0x73
 805 0573 00       		.byte	0
 806 0574 0D       		.uleb128 0xd
 807 0575 44060000 		.4byte	.LASF92
 808 0579 09       		.byte	0x9
 809 057a 3F02     		.2byte	0x23f
 810 057c 6B070000 		.4byte	0x76b
 811 0580 04       		.byte	0x4
 812 0581 0D       		.uleb128 0xd
 813 0582 36060000 		.4byte	.LASF93
 814 0586 09       		.byte	0x9
 815 0587 3F02     		.2byte	0x23f
 816 0589 6B070000 		.4byte	0x76b
 817 058d 08       		.byte	0x8
 818 058e 0D       		.uleb128 0xd
 819 058f AB050000 		.4byte	.LASF94
 820 0593 09       		.byte	0x9
 821 0594 3F02     		.2byte	0x23f
 822 0596 6B070000 		.4byte	0x76b
 823 059a 0C       		.byte	0xc
 824 059b 0D       		.uleb128 0xd
 825 059c FC040000 		.4byte	.LASF95
 826 05a0 09       		.byte	0x9
 827 05a1 4102     		.2byte	0x241
 828 05a3 73000000 		.4byte	0x73
 829 05a7 10       		.byte	0x10
 830 05a8 0D       		.uleb128 0xd
 831 05a9 2E000000 		.4byte	.LASF96
 832 05ad 09       		.byte	0x9
 833 05ae 4202     		.2byte	0x242
 834 05b0 4D090000 		.4byte	0x94d
 835 05b4 14       		.byte	0x14
 836 05b5 0D       		.uleb128 0xd
 837 05b6 5C020000 		.4byte	.LASF97
 838 05ba 09       		.byte	0x9
 839 05bb 4402     		.2byte	0x244
 840 05bd 73000000 		.4byte	0x73
 841 05c1 30       		.byte	0x30
 842 05c2 0D       		.uleb128 0xd
 843 05c3 06050000 		.4byte	.LASF98
 844 05c7 09       		.byte	0x9
 845 05c8 4502     		.2byte	0x245
 846 05ca B5060000 		.4byte	0x6b5
 847 05ce 34       		.byte	0x34
ARM GAS  C:\Users\gjl\AppData\Local\Temp\cce87ya0.s 			page 18


 848 05cf 0D       		.uleb128 0xd
 849 05d0 75030000 		.4byte	.LASF99
 850 05d4 09       		.byte	0x9
 851 05d5 4702     		.2byte	0x247
 852 05d7 73000000 		.4byte	0x73
 853 05db 38       		.byte	0x38
 854 05dc 0D       		.uleb128 0xd
 855 05dd 16050000 		.4byte	.LASF100
 856 05e1 09       		.byte	0x9
 857 05e2 4902     		.2byte	0x249
 858 05e4 68090000 		.4byte	0x968
 859 05e8 3C       		.byte	0x3c
 860 05e9 0D       		.uleb128 0xd
 861 05ea EF020000 		.4byte	.LASF101
 862 05ee 09       		.byte	0x9
 863 05ef 4C02     		.2byte	0x24c
 864 05f1 AD020000 		.4byte	0x2ad
 865 05f5 40       		.byte	0x40
 866 05f6 0D       		.uleb128 0xd
 867 05f7 64010000 		.4byte	.LASF102
 868 05fb 09       		.byte	0x9
 869 05fc 4D02     		.2byte	0x24d
 870 05fe 73000000 		.4byte	0x73
 871 0602 44       		.byte	0x44
 872 0603 0D       		.uleb128 0xd
 873 0604 C7060000 		.4byte	.LASF103
 874 0608 09       		.byte	0x9
 875 0609 4E02     		.2byte	0x24e
 876 060b AD020000 		.4byte	0x2ad
 877 060f 48       		.byte	0x48
 878 0610 0D       		.uleb128 0xd
 879 0611 5C040000 		.4byte	.LASF104
 880 0615 09       		.byte	0x9
 881 0616 4F02     		.2byte	0x24f
 882 0618 6E090000 		.4byte	0x96e
 883 061c 4C       		.byte	0x4c
 884 061d 0D       		.uleb128 0xd
 885 061e 75020000 		.4byte	.LASF105
 886 0622 09       		.byte	0x9
 887 0623 5202     		.2byte	0x252
 888 0625 73000000 		.4byte	0x73
 889 0629 50       		.byte	0x50
 890 062a 0D       		.uleb128 0xd
 891 062b 87010000 		.4byte	.LASF106
 892 062f 09       		.byte	0x9
 893 0630 5302     		.2byte	0x253
 894 0632 8B060000 		.4byte	0x68b
 895 0636 54       		.byte	0x54
 896 0637 0D       		.uleb128 0xd
 897 0638 3C010000 		.4byte	.LASF107
 898 063c 09       		.byte	0x9
 899 063d 7602     		.2byte	0x276
 900 063f 2B090000 		.4byte	0x92b
 901 0643 58       		.byte	0x58
 902 0644 1A       		.uleb128 0x1a
 903 0645 6D030000 		.4byte	.LASF67
 904 0649 09       		.byte	0x9
ARM GAS  C:\Users\gjl\AppData\Local\Temp\cce87ya0.s 			page 19


 905 064a 7A02     		.2byte	0x27a
 906 064c CA030000 		.4byte	0x3ca
 907 0650 4801     		.2byte	0x148
 908 0652 1A       		.uleb128 0x1a
 909 0653 CD020000 		.4byte	.LASF108
 910 0657 09       		.byte	0x9
 911 0658 7B02     		.2byte	0x27b
 912 065a 8C030000 		.4byte	0x38c
 913 065e 4C01     		.2byte	0x14c
 914 0660 1A       		.uleb128 0x1a
 915 0661 67060000 		.4byte	.LASF109
 916 0665 09       		.byte	0x9
 917 0666 7F02     		.2byte	0x27f
 918 0668 7F090000 		.4byte	0x97f
 919 066c DC02     		.2byte	0x2dc
 920 066e 1A       		.uleb128 0x1a
 921 066f 2B010000 		.4byte	.LASF110
 922 0673 09       		.byte	0x9
 923 0674 8402     		.2byte	0x284
 924 0676 30070000 		.4byte	0x730
 925 067a E002     		.2byte	0x2e0
 926 067c 1A       		.uleb128 0x1a
 927 067d 10010000 		.4byte	.LASF111
 928 0681 09       		.byte	0x9
 929 0682 8502     		.2byte	0x285
 930 0684 8B090000 		.4byte	0x98b
 931 0688 EC02     		.2byte	0x2ec
 932 068a 00       		.byte	0
 933 068b 06       		.uleb128 0x6
 934 068c 04       		.byte	0x4
 935 068d B1000000 		.4byte	0xb1
 936 0691 06       		.uleb128 0x6
 937 0692 04       		.byte	0x4
 938 0693 35050000 		.4byte	0x535
 939 0697 18       		.uleb128 0x18
 940 0698 73000000 		.4byte	0x73
 941 069c B5060000 		.4byte	0x6b5
 942 06a0 0A       		.uleb128 0xa
 943 06a1 53050000 		.4byte	0x553
 944 06a5 0A       		.uleb128 0xa
 945 06a6 C6000000 		.4byte	0xc6
 946 06aa 0A       		.uleb128 0xa
 947 06ab B5060000 		.4byte	0x6b5
 948 06af 0A       		.uleb128 0xa
 949 06b0 73000000 		.4byte	0x73
 950 06b4 00       		.byte	0
 951 06b5 06       		.uleb128 0x6
 952 06b6 04       		.byte	0x4
 953 06b7 BB060000 		.4byte	0x6bb
 954 06bb 1B       		.uleb128 0x1b
 955 06bc B1000000 		.4byte	0xb1
 956 06c0 06       		.uleb128 0x6
 957 06c1 04       		.byte	0x4
 958 06c2 97060000 		.4byte	0x697
 959 06c6 18       		.uleb128 0x18
 960 06c7 D2010000 		.4byte	0x1d2
 961 06cb E4060000 		.4byte	0x6e4
ARM GAS  C:\Users\gjl\AppData\Local\Temp\cce87ya0.s 			page 20


 962 06cf 0A       		.uleb128 0xa
 963 06d0 53050000 		.4byte	0x553
 964 06d4 0A       		.uleb128 0xa
 965 06d5 C6000000 		.4byte	0xc6
 966 06d9 0A       		.uleb128 0xa
 967 06da D2010000 		.4byte	0x1d2
 968 06de 0A       		.uleb128 0xa
 969 06df 73000000 		.4byte	0x73
 970 06e3 00       		.byte	0
 971 06e4 06       		.uleb128 0x6
 972 06e5 04       		.byte	0x4
 973 06e6 C6060000 		.4byte	0x6c6
 974 06ea 18       		.uleb128 0x18
 975 06eb 73000000 		.4byte	0x73
 976 06ef FE060000 		.4byte	0x6fe
 977 06f3 0A       		.uleb128 0xa
 978 06f4 53050000 		.4byte	0x553
 979 06f8 0A       		.uleb128 0xa
 980 06f9 C6000000 		.4byte	0xc6
 981 06fd 00       		.byte	0
 982 06fe 06       		.uleb128 0x6
 983 06ff 04       		.byte	0x4
 984 0700 EA060000 		.4byte	0x6ea
 985 0704 10       		.uleb128 0x10
 986 0705 33000000 		.4byte	0x33
 987 0709 14070000 		.4byte	0x714
 988 070d 11       		.uleb128 0x11
 989 070e 97000000 		.4byte	0x97
 990 0712 02       		.byte	0x2
 991 0713 00       		.byte	0
 992 0714 10       		.uleb128 0x10
 993 0715 33000000 		.4byte	0x33
 994 0719 24070000 		.4byte	0x724
 995 071d 11       		.uleb128 0x11
 996 071e 97000000 		.4byte	0x97
 997 0722 00       		.byte	0
 998 0723 00       		.byte	0
 999 0724 0B       		.uleb128 0xb
 1000 0725 CA040000 		.4byte	.LASF112
 1001 0729 09       		.byte	0x9
 1002 072a 1D01     		.2byte	0x11d
 1003 072c 0B040000 		.4byte	0x40b
 1004 0730 0C       		.uleb128 0xc
 1005 0731 3E060000 		.4byte	.LASF113
 1006 0735 0C       		.byte	0xc
 1007 0736 09       		.byte	0x9
 1008 0737 2101     		.2byte	0x121
 1009 0739 65070000 		.4byte	0x765
 1010 073d 0D       		.uleb128 0xd
 1011 073e B3050000 		.4byte	.LASF48
 1012 0742 09       		.byte	0x9
 1013 0743 2301     		.2byte	0x123
 1014 0745 65070000 		.4byte	0x765
 1015 0749 00       		.byte	0
 1016 074a 0D       		.uleb128 0xd
 1017 074b B3020000 		.4byte	.LASF114
 1018 074f 09       		.byte	0x9
ARM GAS  C:\Users\gjl\AppData\Local\Temp\cce87ya0.s 			page 21


 1019 0750 2401     		.2byte	0x124
 1020 0752 73000000 		.4byte	0x73
 1021 0756 04       		.byte	0x4
 1022 0757 0D       		.uleb128 0xd
 1023 0758 A1040000 		.4byte	.LASF115
 1024 075c 09       		.byte	0x9
 1025 075d 2501     		.2byte	0x125
 1026 075f 6B070000 		.4byte	0x76b
 1027 0763 08       		.byte	0x8
 1028 0764 00       		.byte	0
 1029 0765 06       		.uleb128 0x6
 1030 0766 04       		.byte	0x4
 1031 0767 30070000 		.4byte	0x730
 1032 076b 06       		.uleb128 0x6
 1033 076c 04       		.byte	0x4
 1034 076d 24070000 		.4byte	0x724
 1035 0771 0C       		.uleb128 0xc
 1036 0772 26000000 		.4byte	.LASF116
 1037 0776 0E       		.byte	0xe
 1038 0777 09       		.byte	0x9
 1039 0778 3D01     		.2byte	0x13d
 1040 077a A6070000 		.4byte	0x7a6
 1041 077e 0D       		.uleb128 0xd
 1042 077f 2F050000 		.4byte	.LASF117
 1043 0783 09       		.byte	0x9
 1044 0784 3E01     		.2byte	0x13e
 1045 0786 A6070000 		.4byte	0x7a6
 1046 078a 00       		.byte	0
 1047 078b 0D       		.uleb128 0xd
 1048 078c A5050000 		.4byte	.LASF118
 1049 0790 09       		.byte	0x9
 1050 0791 3F01     		.2byte	0x13f
 1051 0793 A6070000 		.4byte	0x7a6
 1052 0797 06       		.byte	0x6
 1053 0798 0D       		.uleb128 0xd
 1054 0799 FB050000 		.4byte	.LASF119
 1055 079d 09       		.byte	0x9
 1056 079e 4001     		.2byte	0x140
 1057 07a0 3A000000 		.4byte	0x3a
 1058 07a4 0C       		.byte	0xc
 1059 07a5 00       		.byte	0
 1060 07a6 10       		.uleb128 0x10
 1061 07a7 3A000000 		.4byte	0x3a
 1062 07ab B6070000 		.4byte	0x7b6
 1063 07af 11       		.uleb128 0x11
 1064 07b0 97000000 		.4byte	0x97
 1065 07b4 02       		.byte	0x2
 1066 07b5 00       		.byte	0
 1067 07b6 1C       		.uleb128 0x1c
 1068 07b7 D0       		.byte	0xd0
 1069 07b8 09       		.byte	0x9
 1070 07b9 5702     		.2byte	0x257
 1071 07bb B7080000 		.4byte	0x8b7
 1072 07bf 0D       		.uleb128 0xd
 1073 07c0 23060000 		.4byte	.LASF120
 1074 07c4 09       		.byte	0x9
 1075 07c5 5902     		.2byte	0x259
ARM GAS  C:\Users\gjl\AppData\Local\Temp\cce87ya0.s 			page 22


 1076 07c7 7A000000 		.4byte	0x7a
 1077 07cb 00       		.byte	0
 1078 07cc 0D       		.uleb128 0xd
 1079 07cd B9050000 		.4byte	.LASF121
 1080 07d1 09       		.byte	0x9
 1081 07d2 5A02     		.2byte	0x25a
 1082 07d4 8B060000 		.4byte	0x68b
 1083 07d8 04       		.byte	0x4
 1084 07d9 0D       		.uleb128 0xd
 1085 07da E2020000 		.4byte	.LASF122
 1086 07de 09       		.byte	0x9
 1087 07df 5B02     		.2byte	0x25b
 1088 07e1 B7080000 		.4byte	0x8b7
 1089 07e5 08       		.byte	0x8
 1090 07e6 0D       		.uleb128 0xd
 1091 07e7 98060000 		.4byte	.LASF123
 1092 07eb 09       		.byte	0x9
 1093 07ec 5C02     		.2byte	0x25c
 1094 07ee C3020000 		.4byte	0x2c3
 1095 07f2 24       		.byte	0x24
 1096 07f3 0D       		.uleb128 0xd
 1097 07f4 80030000 		.4byte	.LASF124
 1098 07f8 09       		.byte	0x9
 1099 07f9 5D02     		.2byte	0x25d
 1100 07fb 73000000 		.4byte	0x73
 1101 07ff 48       		.byte	0x48
 1102 0800 0D       		.uleb128 0xd
 1103 0801 E4040000 		.4byte	.LASF125
 1104 0805 09       		.byte	0x9
 1105 0806 5E02     		.2byte	0x25e
 1106 0808 6C000000 		.4byte	0x6c
 1107 080c 50       		.byte	0x50
 1108 080d 0D       		.uleb128 0xd
 1109 080e 8F020000 		.4byte	.LASF126
 1110 0812 09       		.byte	0x9
 1111 0813 5F02     		.2byte	0x25f
 1112 0815 71070000 		.4byte	0x771
 1113 0819 58       		.byte	0x58
 1114 081a 0D       		.uleb128 0xd
 1115 081b EF040000 		.4byte	.LASF127
 1116 081f 09       		.byte	0x9
 1117 0820 6002     		.2byte	0x260
 1118 0822 39020000 		.4byte	0x239
 1119 0826 68       		.byte	0x68
 1120 0827 0D       		.uleb128 0xd
 1121 0828 B9060000 		.4byte	.LASF128
 1122 082c 09       		.byte	0x9
 1123 082d 6102     		.2byte	0x261
 1124 082f 39020000 		.4byte	0x239
 1125 0833 70       		.byte	0x70
 1126 0834 0D       		.uleb128 0xd
 1127 0835 66040000 		.4byte	.LASF129
 1128 0839 09       		.byte	0x9
 1129 083a 6202     		.2byte	0x262
 1130 083c 39020000 		.4byte	0x239
 1131 0840 78       		.byte	0x78
 1132 0841 0D       		.uleb128 0xd
ARM GAS  C:\Users\gjl\AppData\Local\Temp\cce87ya0.s 			page 23


 1133 0842 54060000 		.4byte	.LASF130
 1134 0846 09       		.byte	0x9
 1135 0847 6302     		.2byte	0x263
 1136 0849 C7080000 		.4byte	0x8c7
 1137 084d 80       		.byte	0x80
 1138 084e 0D       		.uleb128 0xd
 1139 084f D6020000 		.4byte	.LASF131
 1140 0853 09       		.byte	0x9
 1141 0854 6402     		.2byte	0x264
 1142 0856 D7080000 		.4byte	0x8d7
 1143 085a 88       		.byte	0x88
 1144 085b 0D       		.uleb128 0xd
 1145 085c 08060000 		.4byte	.LASF132
 1146 0860 09       		.byte	0x9
 1147 0861 6502     		.2byte	0x265
 1148 0863 73000000 		.4byte	0x73
 1149 0867 A0       		.byte	0xa0
 1150 0868 0D       		.uleb128 0xd
 1151 0869 A8010000 		.4byte	.LASF133
 1152 086d 09       		.byte	0x9
 1153 086e 6602     		.2byte	0x266
 1154 0870 39020000 		.4byte	0x239
 1155 0874 A4       		.byte	0xa4
 1156 0875 0D       		.uleb128 0xd
 1157 0876 A1000000 		.4byte	.LASF134
 1158 087a 09       		.byte	0x9
 1159 087b 6702     		.2byte	0x267
 1160 087d 39020000 		.4byte	0x239
 1161 0881 AC       		.byte	0xac
 1162 0882 0D       		.uleb128 0xd
 1163 0883 97010000 		.4byte	.LASF135
 1164 0887 09       		.byte	0x9
 1165 0888 6802     		.2byte	0x268
 1166 088a 39020000 		.4byte	0x239
 1167 088e B4       		.byte	0xb4
 1168 088f 0D       		.uleb128 0xd
 1169 0890 3F000000 		.4byte	.LASF136
 1170 0894 09       		.byte	0x9
 1171 0895 6902     		.2byte	0x269
 1172 0897 39020000 		.4byte	0x239
 1173 089b BC       		.byte	0xbc
 1174 089c 0D       		.uleb128 0xd
 1175 089d 4E000000 		.4byte	.LASF137
 1176 08a1 09       		.byte	0x9
 1177 08a2 6A02     		.2byte	0x26a
 1178 08a4 39020000 		.4byte	0x239
 1179 08a8 C4       		.byte	0xc4
 1180 08a9 0D       		.uleb128 0xd
 1181 08aa A7040000 		.4byte	.LASF138
 1182 08ae 09       		.byte	0x9
 1183 08af 6B02     		.2byte	0x26b
 1184 08b1 73000000 		.4byte	0x73
 1185 08b5 CC       		.byte	0xcc
 1186 08b6 00       		.byte	0
 1187 08b7 10       		.uleb128 0x10
 1188 08b8 B1000000 		.4byte	0xb1
 1189 08bc C7080000 		.4byte	0x8c7
ARM GAS  C:\Users\gjl\AppData\Local\Temp\cce87ya0.s 			page 24


 1190 08c0 11       		.uleb128 0x11
 1191 08c1 97000000 		.4byte	0x97
 1192 08c5 19       		.byte	0x19
 1193 08c6 00       		.byte	0
 1194 08c7 10       		.uleb128 0x10
 1195 08c8 B1000000 		.4byte	0xb1
 1196 08cc D7080000 		.4byte	0x8d7
 1197 08d0 11       		.uleb128 0x11
 1198 08d1 97000000 		.4byte	0x97
 1199 08d5 07       		.byte	0x7
 1200 08d6 00       		.byte	0
 1201 08d7 10       		.uleb128 0x10
 1202 08d8 B1000000 		.4byte	0xb1
 1203 08dc E7080000 		.4byte	0x8e7
 1204 08e0 11       		.uleb128 0x11
 1205 08e1 97000000 		.4byte	0x97
 1206 08e5 17       		.byte	0x17
 1207 08e6 00       		.byte	0
 1208 08e7 1C       		.uleb128 0x1c
 1209 08e8 F0       		.byte	0xf0
 1210 08e9 09       		.byte	0x9
 1211 08ea 7002     		.2byte	0x270
 1212 08ec 0B090000 		.4byte	0x90b
 1213 08f0 0D       		.uleb128 0xd
 1214 08f1 5D030000 		.4byte	.LASF139
 1215 08f5 09       		.byte	0x9
 1216 08f6 7302     		.2byte	0x273
 1217 08f8 0B090000 		.4byte	0x90b
 1218 08fc 00       		.byte	0
 1219 08fd 0D       		.uleb128 0xd
 1220 08fe 4B060000 		.4byte	.LASF140
 1221 0902 09       		.byte	0x9
 1222 0903 7402     		.2byte	0x274
 1223 0905 1B090000 		.4byte	0x91b
 1224 0909 78       		.byte	0x78
 1225 090a 00       		.byte	0
 1226 090b 10       		.uleb128 0x10
 1227 090c 05040000 		.4byte	0x405
 1228 0910 1B090000 		.4byte	0x91b
 1229 0914 11       		.uleb128 0x11
 1230 0915 97000000 		.4byte	0x97
 1231 0919 1D       		.byte	0x1d
 1232 091a 00       		.byte	0
 1233 091b 10       		.uleb128 0x10
 1234 091c 7A000000 		.4byte	0x7a
 1235 0920 2B090000 		.4byte	0x92b
 1236 0924 11       		.uleb128 0x11
 1237 0925 97000000 		.4byte	0x97
 1238 0929 1D       		.byte	0x1d
 1239 092a 00       		.byte	0
 1240 092b 1D       		.uleb128 0x1d
 1241 092c F0       		.byte	0xf0
 1242 092d 09       		.byte	0x9
 1243 092e 5502     		.2byte	0x255
 1244 0930 4D090000 		.4byte	0x94d
 1245 0934 1E       		.uleb128 0x1e
 1246 0935 28050000 		.4byte	.LASF90
ARM GAS  C:\Users\gjl\AppData\Local\Temp\cce87ya0.s 			page 25


 1247 0939 09       		.byte	0x9
 1248 093a 6C02     		.2byte	0x26c
 1249 093c B6070000 		.4byte	0x7b6
 1250 0940 1E       		.uleb128 0x1e
 1251 0941 77060000 		.4byte	.LASF141
 1252 0945 09       		.byte	0x9
 1253 0946 7502     		.2byte	0x275
 1254 0948 E7080000 		.4byte	0x8e7
 1255 094c 00       		.byte	0
 1256 094d 10       		.uleb128 0x10
 1257 094e B1000000 		.4byte	0xb1
 1258 0952 5D090000 		.4byte	0x95d
 1259 0956 11       		.uleb128 0x11
 1260 0957 97000000 		.4byte	0x97
 1261 095b 18       		.byte	0x18
 1262 095c 00       		.byte	0
 1263 095d 09       		.uleb128 0x9
 1264 095e 68090000 		.4byte	0x968
 1265 0962 0A       		.uleb128 0xa
 1266 0963 53050000 		.4byte	0x553
 1267 0967 00       		.byte	0
 1268 0968 06       		.uleb128 0x6
 1269 0969 04       		.byte	0x4
 1270 096a 5D090000 		.4byte	0x95d
 1271 096e 06       		.uleb128 0x6
 1272 096f 04       		.byte	0x4
 1273 0970 AD020000 		.4byte	0x2ad
 1274 0974 09       		.uleb128 0x9
 1275 0975 7F090000 		.4byte	0x97f
 1276 0979 0A       		.uleb128 0xa
 1277 097a 73000000 		.4byte	0x73
 1278 097e 00       		.byte	0
 1279 097f 06       		.uleb128 0x6
 1280 0980 04       		.byte	0x4
 1281 0981 85090000 		.4byte	0x985
 1282 0985 06       		.uleb128 0x6
 1283 0986 04       		.byte	0x4
 1284 0987 74090000 		.4byte	0x974
 1285 098b 10       		.uleb128 0x10
 1286 098c 24070000 		.4byte	0x724
 1287 0990 9B090000 		.4byte	0x99b
 1288 0994 11       		.uleb128 0x11
 1289 0995 97000000 		.4byte	0x97
 1290 0999 02       		.byte	0x2
 1291 099a 00       		.byte	0
 1292 099b 1F       		.uleb128 0x1f
 1293 099c 8F030000 		.4byte	.LASF155
 1294 09a0 02       		.byte	0x2
 1295 09a1 53       		.byte	0x53
 1296 09a2 03       		.byte	0x3
 1297 09a3 20       		.uleb128 0x20
 1298 09a4 CC060000 		.4byte	.LASF156
 1299 09a8 01       		.byte	0x1
 1300 09a9 0F       		.byte	0xf
 1301 09aa 73000000 		.4byte	0x73
 1302 09ae 00000000 		.4byte	.LFB468
 1303 09b2 54000000 		.4byte	.LFE468-.LFB468
ARM GAS  C:\Users\gjl\AppData\Local\Temp\cce87ya0.s 			page 26


 1304 09b6 01       		.uleb128 0x1
 1305 09b7 9C       		.byte	0x9c
 1306 09b8 280A0000 		.4byte	0xa28
 1307 09bc 21       		.uleb128 0x21
 1308 09bd 6300     		.ascii	"c\000"
 1309 09bf 01       		.byte	0x1
 1310 09c0 18       		.byte	0x18
 1311 09c1 B1000000 		.4byte	0xb1
 1312 09c5 00000000 		.4byte	.LLST0
 1313 09c9 22       		.uleb128 0x22
 1314 09ca 9B090000 		.4byte	0x99b
 1315 09ce 02000000 		.4byte	.LBB4
 1316 09d2 02000000 		.4byte	.LBE4-.LBB4
 1317 09d6 01       		.byte	0x1
 1318 09d7 11       		.byte	0x11
 1319 09d8 23       		.uleb128 0x23
 1320 09d9 08000000 		.4byte	.LVL0
 1321 09dd 500A0000 		.4byte	0xa50
 1322 09e1 24       		.uleb128 0x24
 1323 09e2 18000000 		.4byte	.LVL1
 1324 09e6 5B0A0000 		.4byte	0xa5b
 1325 09ea FE090000 		.4byte	0x9fe
 1326 09ee 25       		.uleb128 0x25
 1327 09ef 01       		.uleb128 0x1
 1328 09f0 51       		.byte	0x51
 1329 09f1 01       		.uleb128 0x1
 1330 09f2 30       		.byte	0x30
 1331 09f3 25       		.uleb128 0x25
 1332 09f4 01       		.uleb128 0x1
 1333 09f5 52       		.byte	0x52
 1334 09f6 01       		.uleb128 0x1
 1335 09f7 32       		.byte	0x32
 1336 09f8 25       		.uleb128 0x25
 1337 09f9 01       		.uleb128 0x1
 1338 09fa 53       		.byte	0x53
 1339 09fb 01       		.uleb128 0x1
 1340 09fc 30       		.byte	0x30
 1341 09fd 00       		.byte	0
 1342 09fe 24       		.uleb128 0x24
 1343 09ff 1E000000 		.4byte	.LVL2
 1344 0a03 660A0000 		.4byte	0xa66
 1345 0a07 150A0000 		.4byte	0xa15
 1346 0a0b 25       		.uleb128 0x25
 1347 0a0c 01       		.uleb128 0x1
 1348 0a0d 50       		.byte	0x50
 1349 0a0e 05       		.uleb128 0x5
 1350 0a0f 03       		.byte	0x3
 1351 0a10 00000000 		.4byte	.LC0
 1352 0a14 00       		.byte	0
 1353 0a15 23       		.uleb128 0x23
 1354 0a16 34000000 		.4byte	.LVL3
 1355 0a1a 750A0000 		.4byte	0xa75
 1356 0a1e 23       		.uleb128 0x23
 1357 0a1f 4A000000 		.4byte	.LVL5
 1358 0a23 810A0000 		.4byte	0xa81
 1359 0a27 00       		.byte	0
 1360 0a28 26       		.uleb128 0x26
ARM GAS  C:\Users\gjl\AppData\Local\Temp\cce87ya0.s 			page 27


 1361 0a29 94000000 		.4byte	.LASF142
 1362 0a2d 0A       		.byte	0xa
 1363 0a2e EA07     		.2byte	0x7ea
 1364 0a30 340A0000 		.4byte	0xa34
 1365 0a34 05       		.uleb128 0x5
 1366 0a35 81000000 		.4byte	0x81
 1367 0a39 27       		.uleb128 0x27
 1368 0a3a 94020000 		.4byte	.LASF143
 1369 0a3e 0B       		.byte	0xb
 1370 0a3f 87       		.byte	0x87
 1371 0a40 B0010000 		.4byte	0x1b0
 1372 0a44 26       		.uleb128 0x26
 1373 0a45 1A020000 		.4byte	.LASF144
 1374 0a49 09       		.byte	0x9
 1375 0a4a FD02     		.2byte	0x2fd
 1376 0a4c 53050000 		.4byte	0x553
 1377 0a50 28       		.uleb128 0x28
 1378 0a51 7F000000 		.4byte	.LASF145
 1379 0a55 7F000000 		.4byte	.LASF145
 1380 0a59 0B       		.byte	0xb
 1381 0a5a 31       		.byte	0x31
 1382 0a5b 28       		.uleb128 0x28
 1383 0a5c 0C000000 		.4byte	.LASF146
 1384 0a60 0C000000 		.4byte	.LASF146
 1385 0a64 0C       		.byte	0xc
 1386 0a65 B6       		.byte	0xb6
 1387 0a66 29       		.uleb128 0x29
 1388 0a67 3D030000 		.4byte	.LASF148
 1389 0a6b 55010000 		.4byte	.LASF150
 1390 0a6f 0D       		.byte	0xd
 1391 0a70 00       		.byte	0
 1392 0a71 3D030000 		.4byte	.LASF148
 1393 0a75 2A       		.uleb128 0x2a
 1394 0a76 00030000 		.4byte	.LASF147
 1395 0a7a 00030000 		.4byte	.LASF147
 1396 0a7e 0C       		.byte	0xc
 1397 0a7f 3102     		.2byte	0x231
 1398 0a81 29       		.uleb128 0x29
 1399 0a82 6E010000 		.4byte	.LASF149
 1400 0a86 A1020000 		.4byte	.LASF151
 1401 0a8a 0D       		.byte	0xd
 1402 0a8b 00       		.byte	0
 1403 0a8c 6E010000 		.4byte	.LASF149
 1404 0a90 00       		.byte	0
 1405              		.section	.debug_abbrev,"",%progbits
 1406              	.Ldebug_abbrev0:
 1407 0000 01       		.uleb128 0x1
 1408 0001 11       		.uleb128 0x11
 1409 0002 01       		.byte	0x1
 1410 0003 25       		.uleb128 0x25
 1411 0004 0E       		.uleb128 0xe
 1412 0005 13       		.uleb128 0x13
 1413 0006 0B       		.uleb128 0xb
 1414 0007 03       		.uleb128 0x3
 1415 0008 0E       		.uleb128 0xe
 1416 0009 1B       		.uleb128 0x1b
 1417 000a 0E       		.uleb128 0xe
ARM GAS  C:\Users\gjl\AppData\Local\Temp\cce87ya0.s 			page 28


 1418 000b 55       		.uleb128 0x55
 1419 000c 17       		.uleb128 0x17
 1420 000d 11       		.uleb128 0x11
 1421 000e 01       		.uleb128 0x1
 1422 000f 10       		.uleb128 0x10
 1423 0010 17       		.uleb128 0x17
 1424 0011 00       		.byte	0
 1425 0012 00       		.byte	0
 1426 0013 02       		.uleb128 0x2
 1427 0014 24       		.uleb128 0x24
 1428 0015 00       		.byte	0
 1429 0016 0B       		.uleb128 0xb
 1430 0017 0B       		.uleb128 0xb
 1431 0018 3E       		.uleb128 0x3e
 1432 0019 0B       		.uleb128 0xb
 1433 001a 03       		.uleb128 0x3
 1434 001b 0E       		.uleb128 0xe
 1435 001c 00       		.byte	0
 1436 001d 00       		.byte	0
 1437 001e 03       		.uleb128 0x3
 1438 001f 16       		.uleb128 0x16
 1439 0020 00       		.byte	0
 1440 0021 03       		.uleb128 0x3
 1441 0022 0E       		.uleb128 0xe
 1442 0023 3A       		.uleb128 0x3a
 1443 0024 0B       		.uleb128 0xb
 1444 0025 3B       		.uleb128 0x3b
 1445 0026 0B       		.uleb128 0xb
 1446 0027 49       		.uleb128 0x49
 1447 0028 13       		.uleb128 0x13
 1448 0029 00       		.byte	0
 1449 002a 00       		.byte	0
 1450 002b 04       		.uleb128 0x4
 1451 002c 24       		.uleb128 0x24
 1452 002d 00       		.byte	0
 1453 002e 0B       		.uleb128 0xb
 1454 002f 0B       		.uleb128 0xb
 1455 0030 3E       		.uleb128 0x3e
 1456 0031 0B       		.uleb128 0xb
 1457 0032 03       		.uleb128 0x3
 1458 0033 08       		.uleb128 0x8
 1459 0034 00       		.byte	0
 1460 0035 00       		.byte	0
 1461 0036 05       		.uleb128 0x5
 1462 0037 35       		.uleb128 0x35
 1463 0038 00       		.byte	0
 1464 0039 49       		.uleb128 0x49
 1465 003a 13       		.uleb128 0x13
 1466 003b 00       		.byte	0
 1467 003c 00       		.byte	0
 1468 003d 06       		.uleb128 0x6
 1469 003e 0F       		.uleb128 0xf
 1470 003f 00       		.byte	0
 1471 0040 0B       		.uleb128 0xb
 1472 0041 0B       		.uleb128 0xb
 1473 0042 49       		.uleb128 0x49
 1474 0043 13       		.uleb128 0x13
ARM GAS  C:\Users\gjl\AppData\Local\Temp\cce87ya0.s 			page 29


 1475 0044 00       		.byte	0
 1476 0045 00       		.byte	0
 1477 0046 07       		.uleb128 0x7
 1478 0047 15       		.uleb128 0x15
 1479 0048 00       		.byte	0
 1480 0049 27       		.uleb128 0x27
 1481 004a 19       		.uleb128 0x19
 1482 004b 00       		.byte	0
 1483 004c 00       		.byte	0
 1484 004d 08       		.uleb128 0x8
 1485 004e 0F       		.uleb128 0xf
 1486 004f 00       		.byte	0
 1487 0050 0B       		.uleb128 0xb
 1488 0051 0B       		.uleb128 0xb
 1489 0052 00       		.byte	0
 1490 0053 00       		.byte	0
 1491 0054 09       		.uleb128 0x9
 1492 0055 15       		.uleb128 0x15
 1493 0056 01       		.byte	0x1
 1494 0057 27       		.uleb128 0x27
 1495 0058 19       		.uleb128 0x19
 1496 0059 01       		.uleb128 0x1
 1497 005a 13       		.uleb128 0x13
 1498 005b 00       		.byte	0
 1499 005c 00       		.byte	0
 1500 005d 0A       		.uleb128 0xa
 1501 005e 05       		.uleb128 0x5
 1502 005f 00       		.byte	0
 1503 0060 49       		.uleb128 0x49
 1504 0061 13       		.uleb128 0x13
 1505 0062 00       		.byte	0
 1506 0063 00       		.byte	0
 1507 0064 0B       		.uleb128 0xb
 1508 0065 16       		.uleb128 0x16
 1509 0066 00       		.byte	0
 1510 0067 03       		.uleb128 0x3
 1511 0068 0E       		.uleb128 0xe
 1512 0069 3A       		.uleb128 0x3a
 1513 006a 0B       		.uleb128 0xb
 1514 006b 3B       		.uleb128 0x3b
 1515 006c 05       		.uleb128 0x5
 1516 006d 49       		.uleb128 0x49
 1517 006e 13       		.uleb128 0x13
 1518 006f 00       		.byte	0
 1519 0070 00       		.byte	0
 1520 0071 0C       		.uleb128 0xc
 1521 0072 13       		.uleb128 0x13
 1522 0073 01       		.byte	0x1
 1523 0074 03       		.uleb128 0x3
 1524 0075 0E       		.uleb128 0xe
 1525 0076 0B       		.uleb128 0xb
 1526 0077 0B       		.uleb128 0xb
 1527 0078 3A       		.uleb128 0x3a
 1528 0079 0B       		.uleb128 0xb
 1529 007a 3B       		.uleb128 0x3b
 1530 007b 05       		.uleb128 0x5
 1531 007c 01       		.uleb128 0x1
ARM GAS  C:\Users\gjl\AppData\Local\Temp\cce87ya0.s 			page 30


 1532 007d 13       		.uleb128 0x13
 1533 007e 00       		.byte	0
 1534 007f 00       		.byte	0
 1535 0080 0D       		.uleb128 0xd
 1536 0081 0D       		.uleb128 0xd
 1537 0082 00       		.byte	0
 1538 0083 03       		.uleb128 0x3
 1539 0084 0E       		.uleb128 0xe
 1540 0085 3A       		.uleb128 0x3a
 1541 0086 0B       		.uleb128 0xb
 1542 0087 3B       		.uleb128 0x3b
 1543 0088 05       		.uleb128 0x5
 1544 0089 49       		.uleb128 0x49
 1545 008a 13       		.uleb128 0x13
 1546 008b 38       		.uleb128 0x38
 1547 008c 0B       		.uleb128 0xb
 1548 008d 00       		.byte	0
 1549 008e 00       		.byte	0
 1550 008f 0E       		.uleb128 0xe
 1551 0090 17       		.uleb128 0x17
 1552 0091 01       		.byte	0x1
 1553 0092 0B       		.uleb128 0xb
 1554 0093 0B       		.uleb128 0xb
 1555 0094 3A       		.uleb128 0x3a
 1556 0095 0B       		.uleb128 0xb
 1557 0096 3B       		.uleb128 0x3b
 1558 0097 0B       		.uleb128 0xb
 1559 0098 01       		.uleb128 0x1
 1560 0099 13       		.uleb128 0x13
 1561 009a 00       		.byte	0
 1562 009b 00       		.byte	0
 1563 009c 0F       		.uleb128 0xf
 1564 009d 0D       		.uleb128 0xd
 1565 009e 00       		.byte	0
 1566 009f 03       		.uleb128 0x3
 1567 00a0 0E       		.uleb128 0xe
 1568 00a1 3A       		.uleb128 0x3a
 1569 00a2 0B       		.uleb128 0xb
 1570 00a3 3B       		.uleb128 0x3b
 1571 00a4 0B       		.uleb128 0xb
 1572 00a5 49       		.uleb128 0x49
 1573 00a6 13       		.uleb128 0x13
 1574 00a7 00       		.byte	0
 1575 00a8 00       		.byte	0
 1576 00a9 10       		.uleb128 0x10
 1577 00aa 01       		.uleb128 0x1
 1578 00ab 01       		.byte	0x1
 1579 00ac 49       		.uleb128 0x49
 1580 00ad 13       		.uleb128 0x13
 1581 00ae 01       		.uleb128 0x1
 1582 00af 13       		.uleb128 0x13
 1583 00b0 00       		.byte	0
 1584 00b1 00       		.byte	0
 1585 00b2 11       		.uleb128 0x11
 1586 00b3 21       		.uleb128 0x21
 1587 00b4 00       		.byte	0
 1588 00b5 49       		.uleb128 0x49
ARM GAS  C:\Users\gjl\AppData\Local\Temp\cce87ya0.s 			page 31


 1589 00b6 13       		.uleb128 0x13
 1590 00b7 2F       		.uleb128 0x2f
 1591 00b8 0B       		.uleb128 0xb
 1592 00b9 00       		.byte	0
 1593 00ba 00       		.byte	0
 1594 00bb 12       		.uleb128 0x12
 1595 00bc 13       		.uleb128 0x13
 1596 00bd 01       		.byte	0x1
 1597 00be 0B       		.uleb128 0xb
 1598 00bf 0B       		.uleb128 0xb
 1599 00c0 3A       		.uleb128 0x3a
 1600 00c1 0B       		.uleb128 0xb
 1601 00c2 3B       		.uleb128 0x3b
 1602 00c3 0B       		.uleb128 0xb
 1603 00c4 01       		.uleb128 0x1
 1604 00c5 13       		.uleb128 0x13
 1605 00c6 00       		.byte	0
 1606 00c7 00       		.byte	0
 1607 00c8 13       		.uleb128 0x13
 1608 00c9 0D       		.uleb128 0xd
 1609 00ca 00       		.byte	0
 1610 00cb 03       		.uleb128 0x3
 1611 00cc 0E       		.uleb128 0xe
 1612 00cd 3A       		.uleb128 0x3a
 1613 00ce 0B       		.uleb128 0xb
 1614 00cf 3B       		.uleb128 0x3b
 1615 00d0 0B       		.uleb128 0xb
 1616 00d1 49       		.uleb128 0x49
 1617 00d2 13       		.uleb128 0x13
 1618 00d3 38       		.uleb128 0x38
 1619 00d4 0B       		.uleb128 0xb
 1620 00d5 00       		.byte	0
 1621 00d6 00       		.byte	0
 1622 00d7 14       		.uleb128 0x14
 1623 00d8 13       		.uleb128 0x13
 1624 00d9 01       		.byte	0x1
 1625 00da 03       		.uleb128 0x3
 1626 00db 0E       		.uleb128 0xe
 1627 00dc 0B       		.uleb128 0xb
 1628 00dd 0B       		.uleb128 0xb
 1629 00de 3A       		.uleb128 0x3a
 1630 00df 0B       		.uleb128 0xb
 1631 00e0 3B       		.uleb128 0x3b
 1632 00e1 0B       		.uleb128 0xb
 1633 00e2 01       		.uleb128 0x1
 1634 00e3 13       		.uleb128 0x13
 1635 00e4 00       		.byte	0
 1636 00e5 00       		.byte	0
 1637 00e6 15       		.uleb128 0x15
 1638 00e7 0D       		.uleb128 0xd
 1639 00e8 00       		.byte	0
 1640 00e9 03       		.uleb128 0x3
 1641 00ea 08       		.uleb128 0x8
 1642 00eb 3A       		.uleb128 0x3a
 1643 00ec 0B       		.uleb128 0xb
 1644 00ed 3B       		.uleb128 0x3b
 1645 00ee 0B       		.uleb128 0xb
ARM GAS  C:\Users\gjl\AppData\Local\Temp\cce87ya0.s 			page 32


 1646 00ef 49       		.uleb128 0x49
 1647 00f0 13       		.uleb128 0x13
 1648 00f1 38       		.uleb128 0x38
 1649 00f2 0B       		.uleb128 0xb
 1650 00f3 00       		.byte	0
 1651 00f4 00       		.byte	0
 1652 00f5 16       		.uleb128 0x16
 1653 00f6 13       		.uleb128 0x13
 1654 00f7 01       		.byte	0x1
 1655 00f8 03       		.uleb128 0x3
 1656 00f9 0E       		.uleb128 0xe
 1657 00fa 0B       		.uleb128 0xb
 1658 00fb 05       		.uleb128 0x5
 1659 00fc 3A       		.uleb128 0x3a
 1660 00fd 0B       		.uleb128 0xb
 1661 00fe 3B       		.uleb128 0x3b
 1662 00ff 0B       		.uleb128 0xb
 1663 0100 01       		.uleb128 0x1
 1664 0101 13       		.uleb128 0x13
 1665 0102 00       		.byte	0
 1666 0103 00       		.byte	0
 1667 0104 17       		.uleb128 0x17
 1668 0105 0D       		.uleb128 0xd
 1669 0106 00       		.byte	0
 1670 0107 03       		.uleb128 0x3
 1671 0108 0E       		.uleb128 0xe
 1672 0109 3A       		.uleb128 0x3a
 1673 010a 0B       		.uleb128 0xb
 1674 010b 3B       		.uleb128 0x3b
 1675 010c 0B       		.uleb128 0xb
 1676 010d 49       		.uleb128 0x49
 1677 010e 13       		.uleb128 0x13
 1678 010f 38       		.uleb128 0x38
 1679 0110 05       		.uleb128 0x5
 1680 0111 00       		.byte	0
 1681 0112 00       		.byte	0
 1682 0113 18       		.uleb128 0x18
 1683 0114 15       		.uleb128 0x15
 1684 0115 01       		.byte	0x1
 1685 0116 27       		.uleb128 0x27
 1686 0117 19       		.uleb128 0x19
 1687 0118 49       		.uleb128 0x49
 1688 0119 13       		.uleb128 0x13
 1689 011a 01       		.uleb128 0x1
 1690 011b 13       		.uleb128 0x13
 1691 011c 00       		.byte	0
 1692 011d 00       		.byte	0
 1693 011e 19       		.uleb128 0x19
 1694 011f 13       		.uleb128 0x13
 1695 0120 01       		.byte	0x1
 1696 0121 03       		.uleb128 0x3
 1697 0122 0E       		.uleb128 0xe
 1698 0123 0B       		.uleb128 0xb
 1699 0124 05       		.uleb128 0x5
 1700 0125 3A       		.uleb128 0x3a
 1701 0126 0B       		.uleb128 0xb
 1702 0127 3B       		.uleb128 0x3b
ARM GAS  C:\Users\gjl\AppData\Local\Temp\cce87ya0.s 			page 33


 1703 0128 05       		.uleb128 0x5
 1704 0129 01       		.uleb128 0x1
 1705 012a 13       		.uleb128 0x13
 1706 012b 00       		.byte	0
 1707 012c 00       		.byte	0
 1708 012d 1A       		.uleb128 0x1a
 1709 012e 0D       		.uleb128 0xd
 1710 012f 00       		.byte	0
 1711 0130 03       		.uleb128 0x3
 1712 0131 0E       		.uleb128 0xe
 1713 0132 3A       		.uleb128 0x3a
 1714 0133 0B       		.uleb128 0xb
 1715 0134 3B       		.uleb128 0x3b
 1716 0135 05       		.uleb128 0x5
 1717 0136 49       		.uleb128 0x49
 1718 0137 13       		.uleb128 0x13
 1719 0138 38       		.uleb128 0x38
 1720 0139 05       		.uleb128 0x5
 1721 013a 00       		.byte	0
 1722 013b 00       		.byte	0
 1723 013c 1B       		.uleb128 0x1b
 1724 013d 26       		.uleb128 0x26
 1725 013e 00       		.byte	0
 1726 013f 49       		.uleb128 0x49
 1727 0140 13       		.uleb128 0x13
 1728 0141 00       		.byte	0
 1729 0142 00       		.byte	0
 1730 0143 1C       		.uleb128 0x1c
 1731 0144 13       		.uleb128 0x13
 1732 0145 01       		.byte	0x1
 1733 0146 0B       		.uleb128 0xb
 1734 0147 0B       		.uleb128 0xb
 1735 0148 3A       		.uleb128 0x3a
 1736 0149 0B       		.uleb128 0xb
 1737 014a 3B       		.uleb128 0x3b
 1738 014b 05       		.uleb128 0x5
 1739 014c 01       		.uleb128 0x1
 1740 014d 13       		.uleb128 0x13
 1741 014e 00       		.byte	0
 1742 014f 00       		.byte	0
 1743 0150 1D       		.uleb128 0x1d
 1744 0151 17       		.uleb128 0x17
 1745 0152 01       		.byte	0x1
 1746 0153 0B       		.uleb128 0xb
 1747 0154 0B       		.uleb128 0xb
 1748 0155 3A       		.uleb128 0x3a
 1749 0156 0B       		.uleb128 0xb
 1750 0157 3B       		.uleb128 0x3b
 1751 0158 05       		.uleb128 0x5
 1752 0159 01       		.uleb128 0x1
 1753 015a 13       		.uleb128 0x13
 1754 015b 00       		.byte	0
 1755 015c 00       		.byte	0
 1756 015d 1E       		.uleb128 0x1e
 1757 015e 0D       		.uleb128 0xd
 1758 015f 00       		.byte	0
 1759 0160 03       		.uleb128 0x3
ARM GAS  C:\Users\gjl\AppData\Local\Temp\cce87ya0.s 			page 34


 1760 0161 0E       		.uleb128 0xe
 1761 0162 3A       		.uleb128 0x3a
 1762 0163 0B       		.uleb128 0xb
 1763 0164 3B       		.uleb128 0x3b
 1764 0165 05       		.uleb128 0x5
 1765 0166 49       		.uleb128 0x49
 1766 0167 13       		.uleb128 0x13
 1767 0168 00       		.byte	0
 1768 0169 00       		.byte	0
 1769 016a 1F       		.uleb128 0x1f
 1770 016b 2E       		.uleb128 0x2e
 1771 016c 00       		.byte	0
 1772 016d 03       		.uleb128 0x3
 1773 016e 0E       		.uleb128 0xe
 1774 016f 3A       		.uleb128 0x3a
 1775 0170 0B       		.uleb128 0xb
 1776 0171 3B       		.uleb128 0x3b
 1777 0172 0B       		.uleb128 0xb
 1778 0173 27       		.uleb128 0x27
 1779 0174 19       		.uleb128 0x19
 1780 0175 20       		.uleb128 0x20
 1781 0176 0B       		.uleb128 0xb
 1782 0177 00       		.byte	0
 1783 0178 00       		.byte	0
 1784 0179 20       		.uleb128 0x20
 1785 017a 2E       		.uleb128 0x2e
 1786 017b 01       		.byte	0x1
 1787 017c 3F       		.uleb128 0x3f
 1788 017d 19       		.uleb128 0x19
 1789 017e 03       		.uleb128 0x3
 1790 017f 0E       		.uleb128 0xe
 1791 0180 3A       		.uleb128 0x3a
 1792 0181 0B       		.uleb128 0xb
 1793 0182 3B       		.uleb128 0x3b
 1794 0183 0B       		.uleb128 0xb
 1795 0184 27       		.uleb128 0x27
 1796 0185 19       		.uleb128 0x19
 1797 0186 49       		.uleb128 0x49
 1798 0187 13       		.uleb128 0x13
 1799 0188 8701     		.uleb128 0x87
 1800 018a 19       		.uleb128 0x19
 1801 018b 11       		.uleb128 0x11
 1802 018c 01       		.uleb128 0x1
 1803 018d 12       		.uleb128 0x12
 1804 018e 06       		.uleb128 0x6
 1805 018f 40       		.uleb128 0x40
 1806 0190 18       		.uleb128 0x18
 1807 0191 9742     		.uleb128 0x2117
 1808 0193 19       		.uleb128 0x19
 1809 0194 01       		.uleb128 0x1
 1810 0195 13       		.uleb128 0x13
 1811 0196 00       		.byte	0
 1812 0197 00       		.byte	0
 1813 0198 21       		.uleb128 0x21
 1814 0199 34       		.uleb128 0x34
 1815 019a 00       		.byte	0
 1816 019b 03       		.uleb128 0x3
ARM GAS  C:\Users\gjl\AppData\Local\Temp\cce87ya0.s 			page 35


 1817 019c 08       		.uleb128 0x8
 1818 019d 3A       		.uleb128 0x3a
 1819 019e 0B       		.uleb128 0xb
 1820 019f 3B       		.uleb128 0x3b
 1821 01a0 0B       		.uleb128 0xb
 1822 01a1 49       		.uleb128 0x49
 1823 01a2 13       		.uleb128 0x13
 1824 01a3 02       		.uleb128 0x2
 1825 01a4 17       		.uleb128 0x17
 1826 01a5 00       		.byte	0
 1827 01a6 00       		.byte	0
 1828 01a7 22       		.uleb128 0x22
 1829 01a8 1D       		.uleb128 0x1d
 1830 01a9 00       		.byte	0
 1831 01aa 31       		.uleb128 0x31
 1832 01ab 13       		.uleb128 0x13
 1833 01ac 11       		.uleb128 0x11
 1834 01ad 01       		.uleb128 0x1
 1835 01ae 12       		.uleb128 0x12
 1836 01af 06       		.uleb128 0x6
 1837 01b0 58       		.uleb128 0x58
 1838 01b1 0B       		.uleb128 0xb
 1839 01b2 59       		.uleb128 0x59
 1840 01b3 0B       		.uleb128 0xb
 1841 01b4 00       		.byte	0
 1842 01b5 00       		.byte	0
 1843 01b6 23       		.uleb128 0x23
 1844 01b7 898201   		.uleb128 0x4109
 1845 01ba 00       		.byte	0
 1846 01bb 11       		.uleb128 0x11
 1847 01bc 01       		.uleb128 0x1
 1848 01bd 31       		.uleb128 0x31
 1849 01be 13       		.uleb128 0x13
 1850 01bf 00       		.byte	0
 1851 01c0 00       		.byte	0
 1852 01c1 24       		.uleb128 0x24
 1853 01c2 898201   		.uleb128 0x4109
 1854 01c5 01       		.byte	0x1
 1855 01c6 11       		.uleb128 0x11
 1856 01c7 01       		.uleb128 0x1
 1857 01c8 31       		.uleb128 0x31
 1858 01c9 13       		.uleb128 0x13
 1859 01ca 01       		.uleb128 0x1
 1860 01cb 13       		.uleb128 0x13
 1861 01cc 00       		.byte	0
 1862 01cd 00       		.byte	0
 1863 01ce 25       		.uleb128 0x25
 1864 01cf 8A8201   		.uleb128 0x410a
 1865 01d2 00       		.byte	0
 1866 01d3 02       		.uleb128 0x2
 1867 01d4 18       		.uleb128 0x18
 1868 01d5 9142     		.uleb128 0x2111
 1869 01d7 18       		.uleb128 0x18
 1870 01d8 00       		.byte	0
 1871 01d9 00       		.byte	0
 1872 01da 26       		.uleb128 0x26
 1873 01db 34       		.uleb128 0x34
ARM GAS  C:\Users\gjl\AppData\Local\Temp\cce87ya0.s 			page 36


 1874 01dc 00       		.byte	0
 1875 01dd 03       		.uleb128 0x3
 1876 01de 0E       		.uleb128 0xe
 1877 01df 3A       		.uleb128 0x3a
 1878 01e0 0B       		.uleb128 0xb
 1879 01e1 3B       		.uleb128 0x3b
 1880 01e2 05       		.uleb128 0x5
 1881 01e3 49       		.uleb128 0x49
 1882 01e4 13       		.uleb128 0x13
 1883 01e5 3F       		.uleb128 0x3f
 1884 01e6 19       		.uleb128 0x19
 1885 01e7 3C       		.uleb128 0x3c
 1886 01e8 19       		.uleb128 0x19
 1887 01e9 00       		.byte	0
 1888 01ea 00       		.byte	0
 1889 01eb 27       		.uleb128 0x27
 1890 01ec 34       		.uleb128 0x34
 1891 01ed 00       		.byte	0
 1892 01ee 03       		.uleb128 0x3
 1893 01ef 0E       		.uleb128 0xe
 1894 01f0 3A       		.uleb128 0x3a
 1895 01f1 0B       		.uleb128 0xb
 1896 01f2 3B       		.uleb128 0x3b
 1897 01f3 0B       		.uleb128 0xb
 1898 01f4 49       		.uleb128 0x49
 1899 01f5 13       		.uleb128 0x13
 1900 01f6 3F       		.uleb128 0x3f
 1901 01f7 19       		.uleb128 0x19
 1902 01f8 3C       		.uleb128 0x3c
 1903 01f9 19       		.uleb128 0x19
 1904 01fa 00       		.byte	0
 1905 01fb 00       		.byte	0
 1906 01fc 28       		.uleb128 0x28
 1907 01fd 2E       		.uleb128 0x2e
 1908 01fe 00       		.byte	0
 1909 01ff 3F       		.uleb128 0x3f
 1910 0200 19       		.uleb128 0x19
 1911 0201 3C       		.uleb128 0x3c
 1912 0202 19       		.uleb128 0x19
 1913 0203 6E       		.uleb128 0x6e
 1914 0204 0E       		.uleb128 0xe
 1915 0205 03       		.uleb128 0x3
 1916 0206 0E       		.uleb128 0xe
 1917 0207 3A       		.uleb128 0x3a
 1918 0208 0B       		.uleb128 0xb
 1919 0209 3B       		.uleb128 0x3b
 1920 020a 0B       		.uleb128 0xb
 1921 020b 00       		.byte	0
 1922 020c 00       		.byte	0
 1923 020d 29       		.uleb128 0x29
 1924 020e 2E       		.uleb128 0x2e
 1925 020f 00       		.byte	0
 1926 0210 3F       		.uleb128 0x3f
 1927 0211 19       		.uleb128 0x19
 1928 0212 3C       		.uleb128 0x3c
 1929 0213 19       		.uleb128 0x19
 1930 0214 6E       		.uleb128 0x6e
ARM GAS  C:\Users\gjl\AppData\Local\Temp\cce87ya0.s 			page 37


 1931 0215 0E       		.uleb128 0xe
 1932 0216 03       		.uleb128 0x3
 1933 0217 0E       		.uleb128 0xe
 1934 0218 3A       		.uleb128 0x3a
 1935 0219 0B       		.uleb128 0xb
 1936 021a 3B       		.uleb128 0x3b
 1937 021b 0B       		.uleb128 0xb
 1938 021c 6E       		.uleb128 0x6e
 1939 021d 0E       		.uleb128 0xe
 1940 021e 00       		.byte	0
 1941 021f 00       		.byte	0
 1942 0220 2A       		.uleb128 0x2a
 1943 0221 2E       		.uleb128 0x2e
 1944 0222 00       		.byte	0
 1945 0223 3F       		.uleb128 0x3f
 1946 0224 19       		.uleb128 0x19
 1947 0225 3C       		.uleb128 0x3c
 1948 0226 19       		.uleb128 0x19
 1949 0227 6E       		.uleb128 0x6e
 1950 0228 0E       		.uleb128 0xe
 1951 0229 03       		.uleb128 0x3
 1952 022a 0E       		.uleb128 0xe
 1953 022b 3A       		.uleb128 0x3a
 1954 022c 0B       		.uleb128 0xb
 1955 022d 3B       		.uleb128 0x3b
 1956 022e 05       		.uleb128 0x5
 1957 022f 00       		.byte	0
 1958 0230 00       		.byte	0
 1959 0231 00       		.byte	0
 1960              		.section	.debug_loc,"",%progbits
 1961              	.Ldebug_loc0:
 1962              	.LLST0:
 1963 0000 42000000 		.4byte	.LVL4
 1964 0004 49000000 		.4byte	.LVL5-1
 1965 0008 0100     		.2byte	0x1
 1966 000a 50       		.byte	0x50
 1967 000b 00000000 		.4byte	0
 1968 000f 00000000 		.4byte	0
 1969              		.section	.debug_aranges,"",%progbits
 1970 0000 1C000000 		.4byte	0x1c
 1971 0004 0200     		.2byte	0x2
 1972 0006 00000000 		.4byte	.Ldebug_info0
 1973 000a 04       		.byte	0x4
 1974 000b 00       		.byte	0
 1975 000c 0000     		.2byte	0
 1976 000e 0000     		.2byte	0
 1977 0010 00000000 		.4byte	.LFB468
 1978 0014 54000000 		.4byte	.LFE468-.LFB468
 1979 0018 00000000 		.4byte	0
 1980 001c 00000000 		.4byte	0
 1981              		.section	.debug_ranges,"",%progbits
 1982              	.Ldebug_ranges0:
 1983 0000 00000000 		.4byte	.LFB468
 1984 0004 54000000 		.4byte	.LFE468
 1985 0008 00000000 		.4byte	0
 1986 000c 00000000 		.4byte	0
 1987              		.section	.debug_line,"",%progbits
ARM GAS  C:\Users\gjl\AppData\Local\Temp\cce87ya0.s 			page 38


 1988              	.Ldebug_line0:
 1989 0000 22030000 		.section	.debug_str,"MS",%progbits,1
 1989      0200EC02 
 1989      00000201 
 1989      FB0E0D00 
 1989      01010101 
 1990              	.LASF64:
 1991 0000 5F64736F 		.ascii	"_dso_handle\000"
 1991      5F68616E 
 1991      646C6500 
 1992              	.LASF146:
 1993 000c 73657476 		.ascii	"setvbuf\000"
 1993      62756600 
 1994              	.LASF27:
 1995 0014 72784275 		.ascii	"rxBufSize\000"
 1995      6653697A 
 1995      6500
 1996              	.LASF63:
 1997 001e 5F666E61 		.ascii	"_fnargs\000"
 1997      72677300 
 1998              	.LASF116:
 1999 0026 5F72616E 		.ascii	"_rand48\000"
 1999      64343800 
 2000              	.LASF96:
 2001 002e 5F656D65 		.ascii	"_emergency\000"
 2001      7267656E 
 2001      637900
 2002              	.LASF86:
 2003 0039 5F646174 		.ascii	"_data\000"
 2003      6100
 2004              	.LASF136:
 2005 003f 5F776372 		.ascii	"_wcrtomb_state\000"
 2005      746F6D62 
 2005      5F737461 
 2005      746500
 2006              	.LASF137:
 2007 004e 5F776373 		.ascii	"_wcsrtombs_state\000"
 2007      72746F6D 
 2007      62735F73 
 2007      74617465 
 2007      00
 2008              	.LASF9:
 2009 005f 6C6F6E67 		.ascii	"long long unsigned int\000"
 2009      206C6F6E 
 2009      6720756E 
 2009      7369676E 
 2009      65642069 
 2010              	.LASF76:
 2011 0076 5F6C6266 		.ascii	"_lbfsize\000"
 2011      73697A65 
 2011      00
 2012              	.LASF145:
 2013 007f 55415254 		.ascii	"UART_Start\000"
 2013      5F537461 
 2013      727400
 2014              	.LASF22:
 2015 008a 72785269 		.ascii	"rxRingBuf\000"
ARM GAS  C:\Users\gjl\AppData\Local\Temp\cce87ya0.s 			page 39


 2015      6E674275 
 2015      6600
 2016              	.LASF142:
 2017 0094 49544D5F 		.ascii	"ITM_RxBuffer\000"
 2017      52784275 
 2017      66666572 
 2017      00
 2018              	.LASF134:
 2019 00a1 5F6D6272 		.ascii	"_mbrtowc_state\000"
 2019      746F7763 
 2019      5F737461 
 2019      746500
 2020              	.LASF53:
 2021 00b0 5F5F746D 		.ascii	"__tm_sec\000"
 2021      5F736563 
 2021      00
 2022              	.LASF36:
 2023 00b9 5F6F6666 		.ascii	"_off_t\000"
 2023      5F7400
 2024              	.LASF8:
 2025 00c0 6C6F6E67 		.ascii	"long long int\000"
 2025      206C6F6E 
 2025      6720696E 
 2025      7400
 2026              	.LASF1:
 2027 00ce 7369676E 		.ascii	"signed char\000"
 2027      65642063 
 2027      68617200 
 2028              	.LASF34:
 2029 00da 63795F73 		.ascii	"cy_stc_scb_uart_context_t\000"
 2029      74635F73 
 2029      63625F75 
 2029      6172745F 
 2029      636F6E74 
 2030              	.LASF82:
 2031 00f4 5F756275 		.ascii	"_ubuf\000"
 2031      6600
 2032              	.LASF71:
 2033 00fa 5F626173 		.ascii	"_base\000"
 2033      6500
 2034              	.LASF55:
 2035 0100 5F5F746D 		.ascii	"__tm_hour\000"
 2035      5F686F75 
 2035      7200
 2036              	.LASF39:
 2037 010a 5F5F7763 		.ascii	"__wch\000"
 2037      6800
 2038              	.LASF111:
 2039 0110 5F5F7366 		.ascii	"__sf\000"
 2039      00
 2040              	.LASF62:
 2041 0115 5F6F6E5F 		.ascii	"_on_exit_args\000"
 2041      65786974 
 2041      5F617267 
 2041      7300
 2042              	.LASF77:
 2043 0123 5F636F6F 		.ascii	"_cookie\000"
ARM GAS  C:\Users\gjl\AppData\Local\Temp\cce87ya0.s 			page 40


 2043      6B696500 
 2044              	.LASF110:
 2045 012b 5F5F7367 		.ascii	"__sglue\000"
 2045      6C756500 
 2046              	.LASF4:
 2047 0133 6C6F6E67 		.ascii	"long int\000"
 2047      20696E74 
 2047      00
 2048              	.LASF107:
 2049 013c 5F6E6577 		.ascii	"_new\000"
 2049      00
 2050              	.LASF74:
 2051 0141 5F666C61 		.ascii	"_flags\000"
 2051      677300
 2052              	.LASF66:
 2053 0148 5F69735F 		.ascii	"_is_cxa\000"
 2053      63786100 
 2054              	.LASF51:
 2055 0150 5F776473 		.ascii	"_wds\000"
 2055      00
 2056              	.LASF150:
 2057 0155 5F5F6275 		.ascii	"__builtin_puts\000"
 2057      696C7469 
 2057      6E5F7075 
 2057      747300
 2058              	.LASF102:
 2059 0164 5F726573 		.ascii	"_result_k\000"
 2059      756C745F 
 2059      6B00
 2060              	.LASF149:
 2061 016e 70757463 		.ascii	"putchar\000"
 2061      68617200 
 2062              	.LASF0:
 2063 0176 73686F72 		.ascii	"short int\000"
 2063      7420696E 
 2063      7400
 2064              	.LASF17:
 2065 0180 646F7562 		.ascii	"double\000"
 2065      6C6500
 2066              	.LASF106:
 2067 0187 5F637674 		.ascii	"_cvtbuf\000"
 2067      62756600 
 2068              	.LASF85:
 2069 018f 5F6F6666 		.ascii	"_offset\000"
 2069      73657400 
 2070              	.LASF135:
 2071 0197 5F6D6273 		.ascii	"_mbsrtowcs_state\000"
 2071      72746F77 
 2071      63735F73 
 2071      74617465 
 2071      00
 2072              	.LASF133:
 2073 01a8 5F6D6272 		.ascii	"_mbrlen_state\000"
 2073      6C656E5F 
 2073      73746174 
 2073      6500
 2074              	.LASF154:
ARM GAS  C:\Users\gjl\AppData\Local\Temp\cce87ya0.s 			page 41


 2075 01b6 433A5C47 		.ascii	"C:\\Git\\PSoC6-101-Videos\\Projects_ScreenCapture\\"
 2075      69745C50 
 2075      536F4336 
 2075      2D313031 
 2075      2D566964 
 2076 01e5 50536F43 		.ascii	"PSoC 6_101\\2-1-BasicUART.cydsn\000"
 2076      20365F31 
 2076      30315C32 
 2076      2D312D42 
 2076      61736963 
 2077              	.LASF69:
 2078 0204 5F666E73 		.ascii	"_fns\000"
 2078      00
 2079              	.LASF6:
 2080 0209 5F5F7569 		.ascii	"__uint32_t\000"
 2080      6E743332 
 2080      5F7400
 2081              	.LASF50:
 2082 0214 5F736967 		.ascii	"_sign\000"
 2082      6E00
 2083              	.LASF144:
 2084 021a 5F696D70 		.ascii	"_impure_ptr\000"
 2084      7572655F 
 2084      70747200 
 2085              	.LASF28:
 2086 0226 72784275 		.ascii	"rxBufIdx\000"
 2086      66496478 
 2086      00
 2087              	.LASF47:
 2088 022f 5F426967 		.ascii	"_Bigint\000"
 2088      696E7400 
 2089              	.LASF78:
 2090 0237 5F726561 		.ascii	"_read\000"
 2090      6400
 2091              	.LASF30:
 2092 023d 74784275 		.ascii	"txBufSize\000"
 2092      6653697A 
 2092      6500
 2093              	.LASF52:
 2094 0247 5F5F746D 		.ascii	"__tm\000"
 2094      00
 2095              	.LASF88:
 2096 024c 5F6D6273 		.ascii	"_mbstate\000"
 2096      74617465 
 2096      00
 2097              	.LASF40:
 2098 0255 5F5F7763 		.ascii	"__wchb\000"
 2098      686200
 2099              	.LASF97:
 2100 025c 5F637572 		.ascii	"_current_category\000"
 2100      72656E74 
 2100      5F636174 
 2100      65676F72 
 2100      7900
 2101              	.LASF81:
 2102 026e 5F636C6F 		.ascii	"_close\000"
 2102      736500
ARM GAS  C:\Users\gjl\AppData\Local\Temp\cce87ya0.s 			page 42


 2103              	.LASF105:
 2104 0275 5F637674 		.ascii	"_cvtlen\000"
 2104      6C656E00 
 2105              	.LASF7:
 2106 027d 6C6F6E67 		.ascii	"long unsigned int\000"
 2106      20756E73 
 2106      69676E65 
 2106      6420696E 
 2106      7400
 2107              	.LASF126:
 2108 028f 5F723438 		.ascii	"_r48\000"
 2108      00
 2109              	.LASF143:
 2110 0294 55415254 		.ascii	"UART_context\000"
 2110      5F636F6E 
 2110      74657874 
 2110      00
 2111              	.LASF151:
 2112 02a1 5F5F6275 		.ascii	"__builtin_putchar\000"
 2112      696C7469 
 2112      6E5F7075 
 2112      74636861 
 2112      7200
 2113              	.LASF114:
 2114 02b3 5F6E696F 		.ascii	"_niobs\000"
 2114      627300
 2115              	.LASF3:
 2116 02ba 73686F72 		.ascii	"short unsigned int\000"
 2116      7420756E 
 2116      7369676E 
 2116      65642069 
 2116      6E7400
 2117              	.LASF108:
 2118 02cd 5F617465 		.ascii	"_atexit0\000"
 2118      78697430 
 2118      00
 2119              	.LASF131:
 2120 02d6 5F736967 		.ascii	"_signal_buf\000"
 2120      6E616C5F 
 2120      62756600 
 2121              	.LASF122:
 2122 02e2 5F617363 		.ascii	"_asctime_buf\000"
 2122      74696D65 
 2122      5F627566 
 2122      00
 2123              	.LASF101:
 2124 02ef 5F726573 		.ascii	"_result\000"
 2124      756C7400 
 2125              	.LASF32:
 2126 02f7 63624576 		.ascii	"cbEvents\000"
 2126      656E7473 
 2126      00
 2127              	.LASF147:
 2128 0300 5F5F7372 		.ascii	"__srget_r\000"
 2128      6765745F 
 2128      7200
 2129              	.LASF29:
ARM GAS  C:\Users\gjl\AppData\Local\Temp\cce87ya0.s 			page 43


 2130 030a 74784275 		.ascii	"txBuf\000"
 2130      6600
 2131              	.LASF87:
 2132 0310 5F6C6F63 		.ascii	"_lock\000"
 2132      6B00
 2133              	.LASF89:
 2134 0316 5F666C61 		.ascii	"_flags2\000"
 2134      67733200 
 2135              	.LASF24:
 2136 031e 72785269 		.ascii	"rxRingBufHead\000"
 2136      6E674275 
 2136      66486561 
 2136      6400
 2137              	.LASF79:
 2138 032c 5F777269 		.ascii	"_write\000"
 2138      746500
 2139              	.LASF58:
 2140 0333 5F5F746D 		.ascii	"__tm_year\000"
 2140      5F796561 
 2140      7200
 2141              	.LASF148:
 2142 033d 70757473 		.ascii	"puts\000"
 2142      00
 2143              	.LASF35:
 2144 0342 5F4C4F43 		.ascii	"_LOCK_RECURSIVE_T\000"
 2144      4B5F5245 
 2144      43555253 
 2144      4956455F 
 2144      5400
 2145              	.LASF13:
 2146 0354 73697A65 		.ascii	"sizetype\000"
 2146      74797065 
 2146      00
 2147              	.LASF139:
 2148 035d 5F6E6578 		.ascii	"_nextf\000"
 2148      746600
 2149              	.LASF57:
 2150 0364 5F5F746D 		.ascii	"__tm_mon\000"
 2150      5F6D6F6E 
 2150      00
 2151              	.LASF67:
 2152 036d 5F617465 		.ascii	"_atexit\000"
 2152      78697400 
 2153              	.LASF99:
 2154 0375 5F5F7364 		.ascii	"__sdidinit\000"
 2154      6964696E 
 2154      697400
 2155              	.LASF124:
 2156 0380 5F67616D 		.ascii	"_gamma_signgam\000"
 2156      6D615F73 
 2156      69676E67 
 2156      616D00
 2157              	.LASF155:
 2158 038f 5F5F656E 		.ascii	"__enable_irq\000"
 2158      61626C65 
 2158      5F697271 
 2158      00
ARM GAS  C:\Users\gjl\AppData\Local\Temp\cce87ya0.s 			page 44


 2159              	.LASF38:
 2160 039c 77696E74 		.ascii	"wint_t\000"
 2160      5F7400
 2161              	.LASF152:
 2162 03a3 474E5520 		.ascii	"GNU C11 5.4.1 20160609 (release) [ARM/embedded-5-br"
 2162      43313120 
 2162      352E342E 
 2162      31203230 
 2162      31363036 
 2163 03d6 616E6368 		.ascii	"anch revision 237715] -mcpu=cortex-m4 -mfloat-abi=s"
 2163      20726576 
 2163      6973696F 
 2163      6E203233 
 2163      37373135 
 2164 0409 6F667466 		.ascii	"oftfp -mfpu=fpv4-sp-d16 -mthumb -g -Og -ffunction-s"
 2164      70202D6D 
 2164      6670753D 
 2164      66707634 
 2164      2D73702D 
 2165 043c 65637469 		.ascii	"ections -ffat-lto-objects\000"
 2165      6F6E7320 
 2165      2D666661 
 2165      742D6C74 
 2165      6F2D6F62 
 2166              	.LASF16:
 2167 0456 666C6F61 		.ascii	"float\000"
 2167      7400
 2168              	.LASF104:
 2169 045c 5F667265 		.ascii	"_freelist\000"
 2169      656C6973 
 2169      7400
 2170              	.LASF129:
 2171 0466 5F776374 		.ascii	"_wctomb_state\000"
 2171      6F6D625F 
 2171      73746174 
 2171      6500
 2172              	.LASF31:
 2173 0474 74784C65 		.ascii	"txLeftToTransmit\000"
 2173      6674546F 
 2173      5472616E 
 2173      736D6974 
 2173      00
 2174              	.LASF18:
 2175 0485 5F426F6F 		.ascii	"_Bool\000"
 2175      6C00
 2176              	.LASF11:
 2177 048b 696E7433 		.ascii	"int32_t\000"
 2177      325F7400 
 2178              	.LASF2:
 2179 0493 756E7369 		.ascii	"unsigned char\000"
 2179      676E6564 
 2179      20636861 
 2179      7200
 2180              	.LASF115:
 2181 04a1 5F696F62 		.ascii	"_iobs\000"
 2181      7300
 2182              	.LASF138:
ARM GAS  C:\Users\gjl\AppData\Local\Temp\cce87ya0.s 			page 45


 2183 04a7 5F685F65 		.ascii	"_h_errno\000"
 2183      72726E6F 
 2183      00
 2184              	.LASF44:
 2185 04b0 5F666C6F 		.ascii	"_flock_t\000"
 2185      636B5F74 
 2185      00
 2186              	.LASF60:
 2187 04b9 5F5F746D 		.ascii	"__tm_yday\000"
 2187      5F796461 
 2187      7900
 2188              	.LASF70:
 2189 04c3 5F5F7362 		.ascii	"__sbuf\000"
 2189      756600
 2190              	.LASF112:
 2191 04ca 5F5F4649 		.ascii	"__FILE\000"
 2191      4C4500
 2192              	.LASF43:
 2193 04d1 5F6D6273 		.ascii	"_mbstate_t\000"
 2193      74617465 
 2193      5F7400
 2194              	.LASF73:
 2195 04dc 5F5F7346 		.ascii	"__sFILE\000"
 2195      494C4500 
 2196              	.LASF125:
 2197 04e4 5F72616E 		.ascii	"_rand_next\000"
 2197      645F6E65 
 2197      787400
 2198              	.LASF127:
 2199 04ef 5F6D626C 		.ascii	"_mblen_state\000"
 2199      656E5F73 
 2199      74617465 
 2199      00
 2200              	.LASF95:
 2201 04fc 5F696E63 		.ascii	"_inc\000"
 2201      00
 2202              	.LASF68:
 2203 0501 5F696E64 		.ascii	"_ind\000"
 2203      00
 2204              	.LASF98:
 2205 0506 5F637572 		.ascii	"_current_locale\000"
 2205      72656E74 
 2205      5F6C6F63 
 2205      616C6500 
 2206              	.LASF100:
 2207 0516 5F5F636C 		.ascii	"__cleanup\000"
 2207      65616E75 
 2207      7000
 2208              	.LASF49:
 2209 0520 5F6D6178 		.ascii	"_maxwds\000"
 2209      77647300 
 2210              	.LASF90:
 2211 0528 5F726565 		.ascii	"_reent\000"
 2211      6E7400
 2212              	.LASF117:
 2213 052f 5F736565 		.ascii	"_seed\000"
 2213      6400
ARM GAS  C:\Users\gjl\AppData\Local\Temp\cce87ya0.s 			page 46


 2214              	.LASF41:
 2215 0535 5F5F636F 		.ascii	"__count\000"
 2215      756E7400 
 2216              	.LASF12:
 2217 053d 75696E74 		.ascii	"uint32_t\000"
 2217      33325F74 
 2217      00
 2218              	.LASF80:
 2219 0546 5F736565 		.ascii	"_seek\000"
 2219      6B00
 2220              	.LASF59:
 2221 054c 5F5F746D 		.ascii	"__tm_wday\000"
 2221      5F776461 
 2221      7900
 2222              	.LASF37:
 2223 0556 5F66706F 		.ascii	"_fpos_t\000"
 2223      735F7400 
 2224              	.LASF14:
 2225 055e 6C6F6E67 		.ascii	"long double\000"
 2225      20646F75 
 2225      626C6500 
 2226              	.LASF91:
 2227 056a 5F657272 		.ascii	"_errno\000"
 2227      6E6F00
 2228              	.LASF15:
 2229 0571 63686172 		.ascii	"char\000"
 2229      00
 2230              	.LASF84:
 2231 0576 5F626C6B 		.ascii	"_blksize\000"
 2231      73697A65 
 2231      00
 2232              	.LASF72:
 2233 057f 5F73697A 		.ascii	"_size\000"
 2233      6500
 2234              	.LASF10:
 2235 0585 756E7369 		.ascii	"unsigned int\000"
 2235      676E6564 
 2235      20696E74 
 2235      00
 2236              	.LASF65:
 2237 0592 5F666E74 		.ascii	"_fntypes\000"
 2237      79706573 
 2237      00
 2238              	.LASF5:
 2239 059b 5F5F696E 		.ascii	"__int32_t\000"
 2239      7433325F 
 2239      7400
 2240              	.LASF118:
 2241 05a5 5F6D756C 		.ascii	"_mult\000"
 2241      7400
 2242              	.LASF94:
 2243 05ab 5F737464 		.ascii	"_stderr\000"
 2243      65727200 
 2244              	.LASF48:
 2245 05b3 5F6E6578 		.ascii	"_next\000"
 2245      7400
 2246              	.LASF121:
ARM GAS  C:\Users\gjl\AppData\Local\Temp\cce87ya0.s 			page 47


 2247 05b9 5F737472 		.ascii	"_strtok_last\000"
 2247      746F6B5F 
 2247      6C617374 
 2247      00
 2248              	.LASF42:
 2249 05c6 5F5F7661 		.ascii	"__value\000"
 2249      6C756500 
 2250              	.LASF23:
 2251 05ce 72785269 		.ascii	"rxRingBufSize\000"
 2251      6E674275 
 2251      6653697A 
 2251      6500
 2252              	.LASF19:
 2253 05dc 63795F63 		.ascii	"cy_cb_scb_uart_handle_events_t\000"
 2253      625F7363 
 2253      625F7561 
 2253      72745F68 
 2253      616E646C 
 2254              	.LASF119:
 2255 05fb 5F616464 		.ascii	"_add\000"
 2255      00
 2256              	.LASF45:
 2257 0600 5F5F554C 		.ascii	"__ULong\000"
 2257      6F6E6700 
 2258              	.LASF132:
 2259 0608 5F676574 		.ascii	"_getdate_err\000"
 2259      64617465 
 2259      5F657272 
 2259      00
 2260              	.LASF33:
 2261 0615 696E6974 		.ascii	"initKey\000"
 2261      4B657900 
 2262              	.LASF26:
 2263 061d 72784275 		.ascii	"rxBuf\000"
 2263      6600
 2264              	.LASF120:
 2265 0623 5F756E75 		.ascii	"_unused_rand\000"
 2265      7365645F 
 2265      72616E64 
 2265      00
 2266              	.LASF75:
 2267 0630 5F66696C 		.ascii	"_file\000"
 2267      6500
 2268              	.LASF93:
 2269 0636 5F737464 		.ascii	"_stdout\000"
 2269      6F757400 
 2270              	.LASF113:
 2271 063e 5F676C75 		.ascii	"_glue\000"
 2271      6500
 2272              	.LASF92:
 2273 0644 5F737464 		.ascii	"_stdin\000"
 2273      696E00
 2274              	.LASF140:
 2275 064b 5F6E6D61 		.ascii	"_nmalloc\000"
 2275      6C6C6F63 
 2275      00
 2276              	.LASF130:
ARM GAS  C:\Users\gjl\AppData\Local\Temp\cce87ya0.s 			page 48


 2277 0654 5F6C3634 		.ascii	"_l64a_buf\000"
 2277      615F6275 
 2277      6600
 2278              	.LASF21:
 2279 065e 72785374 		.ascii	"rxStatus\000"
 2279      61747573 
 2279      00
 2280              	.LASF109:
 2281 0667 5F736967 		.ascii	"_sig_func\000"
 2281      5F66756E 
 2281      6300
 2282              	.LASF83:
 2283 0671 5F6E6275 		.ascii	"_nbuf\000"
 2283      6600
 2284              	.LASF141:
 2285 0677 5F756E75 		.ascii	"_unused\000"
 2285      73656400 
 2286              	.LASF25:
 2287 067f 72785269 		.ascii	"rxRingBufTail\000"
 2287      6E674275 
 2287      66546169 
 2287      6C00
 2288              	.LASF61:
 2289 068d 5F5F746D 		.ascii	"__tm_isdst\000"
 2289      5F697364 
 2289      737400
 2290              	.LASF123:
 2291 0698 5F6C6F63 		.ascii	"_localtime_buf\000"
 2291      616C7469 
 2291      6D655F62 
 2291      756600
 2292              	.LASF54:
 2293 06a7 5F5F746D 		.ascii	"__tm_min\000"
 2293      5F6D696E 
 2293      00
 2294              	.LASF20:
 2295 06b0 74785374 		.ascii	"txStatus\000"
 2295      61747573 
 2295      00
 2296              	.LASF128:
 2297 06b9 5F6D6274 		.ascii	"_mbtowc_state\000"
 2297      6F77635F 
 2297      73746174 
 2297      6500
 2298              	.LASF103:
 2299 06c7 5F703573 		.ascii	"_p5s\000"
 2299      00
 2300              	.LASF156:
 2301 06cc 6D61696E 		.ascii	"main\000"
 2301      00
 2302              	.LASF46:
 2303 06d1 63795F73 		.ascii	"cy_stc_scb_uart_context\000"
 2303      74635F73 
 2303      63625F75 
 2303      6172745F 
 2303      636F6E74 
 2304              	.LASF153:
ARM GAS  C:\Users\gjl\AppData\Local\Temp\cce87ya0.s 			page 49


 2305 06e9 6D61696E 		.ascii	"main_cm4.c\000"
 2305      5F636D34 
 2305      2E6300
 2306              	.LASF56:
 2307 06f4 5F5F746D 		.ascii	"__tm_mday\000"
 2307      5F6D6461 
 2307      7900
 2308              		.ident	"GCC: (GNU Tools for ARM Embedded Processors) 5.4.1 20160609 (release) [ARM/embedded-5-bran
