ARM GAS  C:\Users\gjl\AppData\Local\Temp\ccK2Ir9K.s 			page 1


   1              		.syntax unified
   2              		.cpu cortex-m4
   3              		.eabi_attribute 27, 1
   4              		.fpu fpv4-sp-d16
   5              		.eabi_attribute 20, 1
   6              		.eabi_attribute 21, 1
   7              		.eabi_attribute 23, 3
   8              		.eabi_attribute 24, 1
   9              		.eabi_attribute 25, 1
  10              		.eabi_attribute 26, 1
  11              		.eabi_attribute 30, 1
  12              		.eabi_attribute 34, 1
  13              		.eabi_attribute 18, 4
  14              		.thumb
  15              		.syntax unified
  16              		.file	"croutine.c"
  17              		.text
  18              	.Ltext0:
  19              		.cfi_sections	.debug_frame
  20              	.Letext0:
  21              		.file 1 "c:\\program files (x86)\\cypress\\psoc creator\\4.2\\psoc creator\\import\\gnu\\arm\\5.4.
  22              		.file 2 "c:\\program files (x86)\\cypress\\psoc creator\\4.2\\psoc creator\\import\\gnu\\arm\\5.4.
  23              		.file 3 "Generated_Source\\PSoC6\\pdl\\cmsis/include/core_cm4.h"
  24              		.section	.debug_info,"",%progbits
  25              	.Ldebug_info0:
  26 0000 AA000000 		.4byte	0xaa
  27 0004 0400     		.2byte	0x4
  28 0006 00000000 		.4byte	.Ldebug_abbrev0
  29 000a 04       		.byte	0x4
  30 000b 01       		.uleb128 0x1
  31 000c 0E000000 		.4byte	.LASF16
  32 0010 0C       		.byte	0xc
  33 0011 03010000 		.4byte	.LASF17
  34 0015 BE010000 		.4byte	.LASF18
  35 0019 00000000 		.4byte	.Ldebug_line0
  36 001d 02       		.uleb128 0x2
  37 001e 04       		.byte	0x4
  38 001f 05       		.byte	0x5
  39 0020 696E7400 		.ascii	"int\000"
  40 0024 03       		.uleb128 0x3
  41 0025 04       		.byte	0x4
  42 0026 07       		.byte	0x7
  43 0027 80010000 		.4byte	.LASF0
  44 002b 03       		.uleb128 0x3
  45 002c 08       		.byte	0x8
  46 002d 05       		.byte	0x5
  47 002e 00000000 		.4byte	.LASF1
  48 0032 03       		.uleb128 0x3
  49 0033 08       		.byte	0x8
  50 0034 04       		.byte	0x4
  51 0035 97010000 		.4byte	.LASF2
  52 0039 03       		.uleb128 0x3
  53 003a 01       		.byte	0x1
  54 003b 06       		.byte	0x6
  55 003c 74010000 		.4byte	.LASF3
  56 0040 03       		.uleb128 0x3
  57 0041 01       		.byte	0x1
ARM GAS  C:\Users\gjl\AppData\Local\Temp\ccK2Ir9K.s 			page 2


  58 0042 08       		.byte	0x8
  59 0043 F0000000 		.4byte	.LASF4
  60 0047 03       		.uleb128 0x3
  61 0048 02       		.byte	0x2
  62 0049 05       		.byte	0x5
  63 004a A3010000 		.4byte	.LASF5
  64 004e 03       		.uleb128 0x3
  65 004f 02       		.byte	0x2
  66 0050 07       		.byte	0x7
  67 0051 61010000 		.4byte	.LASF6
  68 0055 04       		.uleb128 0x4
  69 0056 8D010000 		.4byte	.LASF10
  70 005a 01       		.byte	0x1
  71 005b 3F       		.byte	0x3f
  72 005c 60000000 		.4byte	0x60
  73 0060 03       		.uleb128 0x3
  74 0061 04       		.byte	0x4
  75 0062 05       		.byte	0x5
  76 0063 58010000 		.4byte	.LASF7
  77 0067 03       		.uleb128 0x3
  78 0068 04       		.byte	0x4
  79 0069 07       		.byte	0x7
  80 006a C1000000 		.4byte	.LASF8
  81 006e 03       		.uleb128 0x3
  82 006f 08       		.byte	0x8
  83 0070 07       		.byte	0x7
  84 0071 D3000000 		.4byte	.LASF9
  85 0075 04       		.uleb128 0x4
  86 0076 AD010000 		.4byte	.LASF11
  87 007a 02       		.byte	0x2
  88 007b 2C       		.byte	0x2c
  89 007c 55000000 		.4byte	0x55
  90 0080 03       		.uleb128 0x3
  91 0081 04       		.byte	0x4
  92 0082 07       		.byte	0x7
  93 0083 B5010000 		.4byte	.LASF12
  94 0087 03       		.uleb128 0x3
  95 0088 01       		.byte	0x1
  96 0089 08       		.byte	0x8
  97 008a FE000000 		.4byte	.LASF13
  98 008e 03       		.uleb128 0x3
  99 008f 04       		.byte	0x4
 100 0090 04       		.byte	0x4
 101 0091 EA000000 		.4byte	.LASF14
 102 0095 03       		.uleb128 0x3
 103 0096 08       		.byte	0x8
 104 0097 04       		.byte	0x4
 105 0098 51010000 		.4byte	.LASF15
 106 009c 05       		.uleb128 0x5
 107 009d 44010000 		.4byte	.LASF19
 108 00a1 03       		.byte	0x3
 109 00a2 EA07     		.2byte	0x7ea
 110 00a4 A8000000 		.4byte	0xa8
 111 00a8 06       		.uleb128 0x6
 112 00a9 75000000 		.4byte	0x75
 113 00ad 00       		.byte	0
 114              		.section	.debug_abbrev,"",%progbits
ARM GAS  C:\Users\gjl\AppData\Local\Temp\ccK2Ir9K.s 			page 3


 115              	.Ldebug_abbrev0:
 116 0000 01       		.uleb128 0x1
 117 0001 11       		.uleb128 0x11
 118 0002 01       		.byte	0x1
 119 0003 25       		.uleb128 0x25
 120 0004 0E       		.uleb128 0xe
 121 0005 13       		.uleb128 0x13
 122 0006 0B       		.uleb128 0xb
 123 0007 03       		.uleb128 0x3
 124 0008 0E       		.uleb128 0xe
 125 0009 1B       		.uleb128 0x1b
 126 000a 0E       		.uleb128 0xe
 127 000b 10       		.uleb128 0x10
 128 000c 17       		.uleb128 0x17
 129 000d 00       		.byte	0
 130 000e 00       		.byte	0
 131 000f 02       		.uleb128 0x2
 132 0010 24       		.uleb128 0x24
 133 0011 00       		.byte	0
 134 0012 0B       		.uleb128 0xb
 135 0013 0B       		.uleb128 0xb
 136 0014 3E       		.uleb128 0x3e
 137 0015 0B       		.uleb128 0xb
 138 0016 03       		.uleb128 0x3
 139 0017 08       		.uleb128 0x8
 140 0018 00       		.byte	0
 141 0019 00       		.byte	0
 142 001a 03       		.uleb128 0x3
 143 001b 24       		.uleb128 0x24
 144 001c 00       		.byte	0
 145 001d 0B       		.uleb128 0xb
 146 001e 0B       		.uleb128 0xb
 147 001f 3E       		.uleb128 0x3e
 148 0020 0B       		.uleb128 0xb
 149 0021 03       		.uleb128 0x3
 150 0022 0E       		.uleb128 0xe
 151 0023 00       		.byte	0
 152 0024 00       		.byte	0
 153 0025 04       		.uleb128 0x4
 154 0026 16       		.uleb128 0x16
 155 0027 00       		.byte	0
 156 0028 03       		.uleb128 0x3
 157 0029 0E       		.uleb128 0xe
 158 002a 3A       		.uleb128 0x3a
 159 002b 0B       		.uleb128 0xb
 160 002c 3B       		.uleb128 0x3b
 161 002d 0B       		.uleb128 0xb
 162 002e 49       		.uleb128 0x49
 163 002f 13       		.uleb128 0x13
 164 0030 00       		.byte	0
 165 0031 00       		.byte	0
 166 0032 05       		.uleb128 0x5
 167 0033 34       		.uleb128 0x34
 168 0034 00       		.byte	0
 169 0035 03       		.uleb128 0x3
 170 0036 0E       		.uleb128 0xe
 171 0037 3A       		.uleb128 0x3a
ARM GAS  C:\Users\gjl\AppData\Local\Temp\ccK2Ir9K.s 			page 4


 172 0038 0B       		.uleb128 0xb
 173 0039 3B       		.uleb128 0x3b
 174 003a 05       		.uleb128 0x5
 175 003b 49       		.uleb128 0x49
 176 003c 13       		.uleb128 0x13
 177 003d 3F       		.uleb128 0x3f
 178 003e 19       		.uleb128 0x19
 179 003f 3C       		.uleb128 0x3c
 180 0040 19       		.uleb128 0x19
 181 0041 00       		.byte	0
 182 0042 00       		.byte	0
 183 0043 06       		.uleb128 0x6
 184 0044 35       		.uleb128 0x35
 185 0045 00       		.byte	0
 186 0046 49       		.uleb128 0x49
 187 0047 13       		.uleb128 0x13
 188 0048 00       		.byte	0
 189 0049 00       		.byte	0
 190 004a 00       		.byte	0
 191              		.section	.debug_aranges,"",%progbits
 192 0000 14000000 		.4byte	0x14
 193 0004 0200     		.2byte	0x2
 194 0006 00000000 		.4byte	.Ldebug_info0
 195 000a 04       		.byte	0x4
 196 000b 00       		.byte	0
 197 000c 0000     		.2byte	0
 198 000e 0000     		.2byte	0
 199 0010 00000000 		.4byte	0
 200 0014 00000000 		.4byte	0
 201              		.section	.debug_line,"",%progbits
 202              	.Ldebug_line0:
 203 0000 4D010000 		.section	.debug_str,"MS",%progbits,1
 203      02004701 
 203      00000201 
 203      FB0E0D00 
 203      01010101 
 204              	.LASF1:
 205 0000 6C6F6E67 		.ascii	"long long int\000"
 205      206C6F6E 
 205      6720696E 
 205      7400
 206              	.LASF16:
 207 000e 474E5520 		.ascii	"GNU C11 5.4.1 20160609 (release) [ARM/embedded-5-br"
 207      43313120 
 207      352E342E 
 207      31203230 
 207      31363036 
 208 0041 616E6368 		.ascii	"anch revision 237715] -mcpu=cortex-m4 -mfloat-abi=s"
 208      20726576 
 208      6973696F 
 208      6E203233 
 208      37373135 
 209 0074 6F667466 		.ascii	"oftfp -mfpu=fpv4-sp-d16 -mthumb -g -Og -ffunction-s"
 209      70202D6D 
 209      6670753D 
 209      66707634 
 209      2D73702D 
ARM GAS  C:\Users\gjl\AppData\Local\Temp\ccK2Ir9K.s 			page 5


 210 00a7 65637469 		.ascii	"ections -ffat-lto-objects\000"
 210      6F6E7320 
 210      2D666661 
 210      742D6C74 
 210      6F2D6F62 
 211              	.LASF8:
 212 00c1 6C6F6E67 		.ascii	"long unsigned int\000"
 212      20756E73 
 212      69676E65 
 212      6420696E 
 212      7400
 213              	.LASF9:
 214 00d3 6C6F6E67 		.ascii	"long long unsigned int\000"
 214      206C6F6E 
 214      6720756E 
 214      7369676E 
 214      65642069 
 215              	.LASF14:
 216 00ea 666C6F61 		.ascii	"float\000"
 216      7400
 217              	.LASF4:
 218 00f0 756E7369 		.ascii	"unsigned char\000"
 218      676E6564 
 218      20636861 
 218      7200
 219              	.LASF13:
 220 00fe 63686172 		.ascii	"char\000"
 220      00
 221              	.LASF17:
 222 0103 47656E65 		.ascii	"Generated_Source\\PSoC6\\pdl\\rtos\\FreeRTOS\\9.0.0"
 222      72617465 
 222      645F536F 
 222      75726365 
 222      5C50536F 
 223 0131 5C536F75 		.ascii	"\\Source\\croutine.c\000"
 223      7263655C 
 223      63726F75 
 223      74696E65 
 223      2E6300
 224              	.LASF19:
 225 0144 49544D5F 		.ascii	"ITM_RxBuffer\000"
 225      52784275 
 225      66666572 
 225      00
 226              	.LASF15:
 227 0151 646F7562 		.ascii	"double\000"
 227      6C6500
 228              	.LASF7:
 229 0158 6C6F6E67 		.ascii	"long int\000"
 229      20696E74 
 229      00
 230              	.LASF6:
 231 0161 73686F72 		.ascii	"short unsigned int\000"
 231      7420756E 
 231      7369676E 
 231      65642069 
 231      6E7400
ARM GAS  C:\Users\gjl\AppData\Local\Temp\ccK2Ir9K.s 			page 6


 232              	.LASF3:
 233 0174 7369676E 		.ascii	"signed char\000"
 233      65642063 
 233      68617200 
 234              	.LASF0:
 235 0180 756E7369 		.ascii	"unsigned int\000"
 235      676E6564 
 235      20696E74 
 235      00
 236              	.LASF10:
 237 018d 5F5F696E 		.ascii	"__int32_t\000"
 237      7433325F 
 237      7400
 238              	.LASF2:
 239 0197 6C6F6E67 		.ascii	"long double\000"
 239      20646F75 
 239      626C6500 
 240              	.LASF5:
 241 01a3 73686F72 		.ascii	"short int\000"
 241      7420696E 
 241      7400
 242              	.LASF11:
 243 01ad 696E7433 		.ascii	"int32_t\000"
 243      325F7400 
 244              	.LASF12:
 245 01b5 73697A65 		.ascii	"sizetype\000"
 245      74797065 
 245      00
 246              	.LASF18:
 247 01be 433A5C47 		.ascii	"C:\\Git\\PSoC6-101-Videos\\Projects_ScreenCapture\\"
 247      69745C50 
 247      536F4336 
 247      2D313031 
 247      2D566964 
 248 01ed 50536F43 		.ascii	"PSoC 6_101\\3-3-SimpleBLECentral.cydsn\000"
 248      20365F31 
 248      30315C33 
 248      2D332D53 
 248      696D706C 
 249              		.ident	"GCC: (GNU Tools for ARM Embedded Processors) 5.4.1 20160609 (release) [ARM/embedded-5-bran
