ARM GAS  C:\Users\gjl\AppData\Local\Temp\ccXBDAI0.s 			page 1


   1              		.syntax unified
   2              		.cpu cortex-m4
   3              		.eabi_attribute 27, 1
   4              		.fpu fpv4-sp-d16
   5              		.eabi_attribute 20, 1
   6              		.eabi_attribute 21, 1
   7              		.eabi_attribute 23, 3
   8              		.eabi_attribute 24, 1
   9              		.eabi_attribute 25, 1
  10              		.eabi_attribute 26, 1
  11              		.eabi_attribute 30, 1
  12              		.eabi_attribute 34, 1
  13              		.eabi_attribute 18, 4
  14              		.thumb
  15              		.syntax unified
  16              		.file	"cyfitter_sysint_cfg.c"
  17              		.text
  18              	.Ltext0:
  19              		.cfi_sections	.debug_frame
  20              	.Letext0:
  21              		.file 1 "c:\\program files (x86)\\cypress\\psoc creator\\4.2\\psoc creator\\import\\gnu\\arm\\5.4.
  22              		.file 2 "c:\\program files (x86)\\cypress\\psoc creator\\4.2\\psoc creator\\import\\gnu\\arm\\5.4.
  23              		.file 3 "Generated_Source\\PSoC6\\pdl\\cmsis/include/core_cm4.h"
  24              		.section	.debug_info,"",%progbits
  25              	.Ldebug_info0:
  26 0000 AA000000 		.4byte	0xaa
  27 0004 0400     		.2byte	0x4
  28 0006 00000000 		.4byte	.Ldebug_abbrev0
  29 000a 04       		.byte	0x4
  30 000b 01       		.uleb128 0x1
  31 000c 0E000000 		.4byte	.LASF16
  32 0010 0C       		.byte	0xc
  33 0011 42010000 		.4byte	.LASF17
  34 0015 EA000000 		.4byte	.LASF18
  35 0019 00000000 		.4byte	.Ldebug_line0
  36 001d 02       		.uleb128 0x2
  37 001e 02       		.byte	0x2
  38 001f 05       		.byte	0x5
  39 0020 7C010000 		.4byte	.LASF0
  40 0024 02       		.uleb128 0x2
  41 0025 01       		.byte	0x1
  42 0026 06       		.byte	0x6
  43 0027 A9010000 		.4byte	.LASF1
  44 002b 02       		.uleb128 0x2
  45 002c 01       		.byte	0x1
  46 002d 08       		.byte	0x8
  47 002e 34010000 		.4byte	.LASF2
  48 0032 02       		.uleb128 0x2
  49 0033 02       		.byte	0x2
  50 0034 07       		.byte	0x7
  51 0035 96010000 		.4byte	.LASF3
  52 0039 03       		.uleb128 0x3
  53 003a C2010000 		.4byte	.LASF9
  54 003e 01       		.byte	0x1
  55 003f 3F       		.byte	0x3f
  56 0040 44000000 		.4byte	0x44
  57 0044 02       		.uleb128 0x2
ARM GAS  C:\Users\gjl\AppData\Local\Temp\ccXBDAI0.s 			page 2


  58 0045 04       		.byte	0x4
  59 0046 05       		.byte	0x5
  60 0047 8D010000 		.4byte	.LASF4
  61 004b 02       		.uleb128 0x2
  62 004c 04       		.byte	0x4
  63 004d 07       		.byte	0x7
  64 004e C1000000 		.4byte	.LASF5
  65 0052 02       		.uleb128 0x2
  66 0053 08       		.byte	0x8
  67 0054 05       		.byte	0x5
  68 0055 00000000 		.4byte	.LASF6
  69 0059 02       		.uleb128 0x2
  70 005a 08       		.byte	0x8
  71 005b 07       		.byte	0x7
  72 005c D3000000 		.4byte	.LASF7
  73 0060 04       		.uleb128 0x4
  74 0061 04       		.byte	0x4
  75 0062 05       		.byte	0x5
  76 0063 696E7400 		.ascii	"int\000"
  77 0067 02       		.uleb128 0x2
  78 0068 04       		.byte	0x4
  79 0069 07       		.byte	0x7
  80 006a B5010000 		.4byte	.LASF8
  81 006e 03       		.uleb128 0x3
  82 006f DE010000 		.4byte	.LASF10
  83 0073 02       		.byte	0x2
  84 0074 2C       		.byte	0x2c
  85 0075 39000000 		.4byte	0x39
  86 0079 02       		.uleb128 0x2
  87 007a 04       		.byte	0x4
  88 007b 07       		.byte	0x7
  89 007c E6010000 		.4byte	.LASF11
  90 0080 02       		.uleb128 0x2
  91 0081 08       		.byte	0x8
  92 0082 04       		.byte	0x4
  93 0083 CC010000 		.4byte	.LASF12
  94 0087 02       		.uleb128 0x2
  95 0088 01       		.byte	0x1
  96 0089 08       		.byte	0x8
  97 008a 2F010000 		.4byte	.LASF13
  98 008e 02       		.uleb128 0x2
  99 008f 04       		.byte	0x4
 100 0090 04       		.byte	0x4
 101 0091 D8010000 		.4byte	.LASF14
 102 0095 02       		.uleb128 0x2
 103 0096 08       		.byte	0x8
 104 0097 04       		.byte	0x4
 105 0098 86010000 		.4byte	.LASF15
 106 009c 05       		.uleb128 0x5
 107 009d 6F010000 		.4byte	.LASF19
 108 00a1 03       		.byte	0x3
 109 00a2 EA07     		.2byte	0x7ea
 110 00a4 A8000000 		.4byte	0xa8
 111 00a8 06       		.uleb128 0x6
 112 00a9 6E000000 		.4byte	0x6e
 113 00ad 00       		.byte	0
 114              		.section	.debug_abbrev,"",%progbits
ARM GAS  C:\Users\gjl\AppData\Local\Temp\ccXBDAI0.s 			page 3


 115              	.Ldebug_abbrev0:
 116 0000 01       		.uleb128 0x1
 117 0001 11       		.uleb128 0x11
 118 0002 01       		.byte	0x1
 119 0003 25       		.uleb128 0x25
 120 0004 0E       		.uleb128 0xe
 121 0005 13       		.uleb128 0x13
 122 0006 0B       		.uleb128 0xb
 123 0007 03       		.uleb128 0x3
 124 0008 0E       		.uleb128 0xe
 125 0009 1B       		.uleb128 0x1b
 126 000a 0E       		.uleb128 0xe
 127 000b 10       		.uleb128 0x10
 128 000c 17       		.uleb128 0x17
 129 000d 00       		.byte	0
 130 000e 00       		.byte	0
 131 000f 02       		.uleb128 0x2
 132 0010 24       		.uleb128 0x24
 133 0011 00       		.byte	0
 134 0012 0B       		.uleb128 0xb
 135 0013 0B       		.uleb128 0xb
 136 0014 3E       		.uleb128 0x3e
 137 0015 0B       		.uleb128 0xb
 138 0016 03       		.uleb128 0x3
 139 0017 0E       		.uleb128 0xe
 140 0018 00       		.byte	0
 141 0019 00       		.byte	0
 142 001a 03       		.uleb128 0x3
 143 001b 16       		.uleb128 0x16
 144 001c 00       		.byte	0
 145 001d 03       		.uleb128 0x3
 146 001e 0E       		.uleb128 0xe
 147 001f 3A       		.uleb128 0x3a
 148 0020 0B       		.uleb128 0xb
 149 0021 3B       		.uleb128 0x3b
 150 0022 0B       		.uleb128 0xb
 151 0023 49       		.uleb128 0x49
 152 0024 13       		.uleb128 0x13
 153 0025 00       		.byte	0
 154 0026 00       		.byte	0
 155 0027 04       		.uleb128 0x4
 156 0028 24       		.uleb128 0x24
 157 0029 00       		.byte	0
 158 002a 0B       		.uleb128 0xb
 159 002b 0B       		.uleb128 0xb
 160 002c 3E       		.uleb128 0x3e
 161 002d 0B       		.uleb128 0xb
 162 002e 03       		.uleb128 0x3
 163 002f 08       		.uleb128 0x8
 164 0030 00       		.byte	0
 165 0031 00       		.byte	0
 166 0032 05       		.uleb128 0x5
 167 0033 34       		.uleb128 0x34
 168 0034 00       		.byte	0
 169 0035 03       		.uleb128 0x3
 170 0036 0E       		.uleb128 0xe
 171 0037 3A       		.uleb128 0x3a
ARM GAS  C:\Users\gjl\AppData\Local\Temp\ccXBDAI0.s 			page 4


 172 0038 0B       		.uleb128 0xb
 173 0039 3B       		.uleb128 0x3b
 174 003a 05       		.uleb128 0x5
 175 003b 49       		.uleb128 0x49
 176 003c 13       		.uleb128 0x13
 177 003d 3F       		.uleb128 0x3f
 178 003e 19       		.uleb128 0x19
 179 003f 3C       		.uleb128 0x3c
 180 0040 19       		.uleb128 0x19
 181 0041 00       		.byte	0
 182 0042 00       		.byte	0
 183 0043 06       		.uleb128 0x6
 184 0044 35       		.uleb128 0x35
 185 0045 00       		.byte	0
 186 0046 49       		.uleb128 0x49
 187 0047 13       		.uleb128 0x13
 188 0048 00       		.byte	0
 189 0049 00       		.byte	0
 190 004a 00       		.byte	0
 191              		.section	.debug_aranges,"",%progbits
 192 0000 14000000 		.4byte	0x14
 193 0004 0200     		.2byte	0x2
 194 0006 00000000 		.4byte	.Ldebug_info0
 195 000a 04       		.byte	0x4
 196 000b 00       		.byte	0
 197 000c 0000     		.2byte	0
 198 000e 0000     		.2byte	0
 199 0010 00000000 		.4byte	0
 200 0014 00000000 		.4byte	0
 201              		.section	.debug_line,"",%progbits
 202              	.Ldebug_line0:
 203 0000 4D010000 		.section	.debug_str,"MS",%progbits,1
 203      02004701 
 203      00000201 
 203      FB0E0D00 
 203      01010101 
 204              	.LASF6:
 205 0000 6C6F6E67 		.ascii	"long long int\000"
 205      206C6F6E 
 205      6720696E 
 205      7400
 206              	.LASF16:
 207 000e 474E5520 		.ascii	"GNU C11 5.4.1 20160609 (release) [ARM/embedded-5-br"
 207      43313120 
 207      352E342E 
 207      31203230 
 207      31363036 
 208 0041 616E6368 		.ascii	"anch revision 237715] -mcpu=cortex-m4 -mfloat-abi=s"
 208      20726576 
 208      6973696F 
 208      6E203233 
 208      37373135 
 209 0074 6F667466 		.ascii	"oftfp -mfpu=fpv4-sp-d16 -mthumb -g -Og -ffunction-s"
 209      70202D6D 
 209      6670753D 
 209      66707634 
 209      2D73702D 
ARM GAS  C:\Users\gjl\AppData\Local\Temp\ccXBDAI0.s 			page 5


 210 00a7 65637469 		.ascii	"ections -ffat-lto-objects\000"
 210      6F6E7320 
 210      2D666661 
 210      742D6C74 
 210      6F2D6F62 
 211              	.LASF5:
 212 00c1 6C6F6E67 		.ascii	"long unsigned int\000"
 212      20756E73 
 212      69676E65 
 212      6420696E 
 212      7400
 213              	.LASF7:
 214 00d3 6C6F6E67 		.ascii	"long long unsigned int\000"
 214      206C6F6E 
 214      6720756E 
 214      7369676E 
 214      65642069 
 215              	.LASF18:
 216 00ea 433A5C55 		.ascii	"C:\\Users\\gjl\\Documents\\PSoC Creator\\PSoC 6_101"
 216      73657273 
 216      5C676A6C 
 216      5C446F63 
 216      756D656E 
 217 0118 5C48656C 		.ascii	"\\Hello World PWM.cydsn\000"
 217      6C6F2057 
 217      6F726C64 
 217      2050574D 
 217      2E637964 
 218              	.LASF13:
 219 012f 63686172 		.ascii	"char\000"
 219      00
 220              	.LASF2:
 221 0134 756E7369 		.ascii	"unsigned char\000"
 221      676E6564 
 221      20636861 
 221      7200
 222              	.LASF17:
 223 0142 47656E65 		.ascii	"Generated_Source\\PSoC6\\cyfitter_sysint_cfg.c\000"
 223      72617465 
 223      645F536F 
 223      75726365 
 223      5C50536F 
 224              	.LASF19:
 225 016f 49544D5F 		.ascii	"ITM_RxBuffer\000"
 225      52784275 
 225      66666572 
 225      00
 226              	.LASF0:
 227 017c 73686F72 		.ascii	"short int\000"
 227      7420696E 
 227      7400
 228              	.LASF15:
 229 0186 646F7562 		.ascii	"double\000"
 229      6C6500
 230              	.LASF4:
 231 018d 6C6F6E67 		.ascii	"long int\000"
 231      20696E74 
ARM GAS  C:\Users\gjl\AppData\Local\Temp\ccXBDAI0.s 			page 6


 231      00
 232              	.LASF3:
 233 0196 73686F72 		.ascii	"short unsigned int\000"
 233      7420756E 
 233      7369676E 
 233      65642069 
 233      6E7400
 234              	.LASF1:
 235 01a9 7369676E 		.ascii	"signed char\000"
 235      65642063 
 235      68617200 
 236              	.LASF8:
 237 01b5 756E7369 		.ascii	"unsigned int\000"
 237      676E6564 
 237      20696E74 
 237      00
 238              	.LASF9:
 239 01c2 5F5F696E 		.ascii	"__int32_t\000"
 239      7433325F 
 239      7400
 240              	.LASF12:
 241 01cc 6C6F6E67 		.ascii	"long double\000"
 241      20646F75 
 241      626C6500 
 242              	.LASF14:
 243 01d8 666C6F61 		.ascii	"float\000"
 243      7400
 244              	.LASF10:
 245 01de 696E7433 		.ascii	"int32_t\000"
 245      325F7400 
 246              	.LASF11:
 247 01e6 73697A65 		.ascii	"sizetype\000"
 247      74797065 
 247      00
 248              		.ident	"GCC: (GNU Tools for ARM Embedded Processors) 5.4.1 20160609 (release) [ARM/embedded-5-bran
