ARM GAS  C:\Users\gjl\AppData\Local\Temp\ccF0Dt90.s 			page 1


   1              		.syntax unified
   2              		.cpu cortex-m4
   3              		.eabi_attribute 27, 1
   4              		.fpu fpv4-sp-d16
   5              		.eabi_attribute 20, 1
   6              		.eabi_attribute 21, 1
   7              		.eabi_attribute 23, 3
   8              		.eabi_attribute 24, 1
   9              		.eabi_attribute 25, 1
  10              		.eabi_attribute 26, 1
  11              		.eabi_attribute 30, 1
  12              		.eabi_attribute 34, 1
  13              		.eabi_attribute 18, 4
  14              		.thumb
  15              		.syntax unified
  16              		.file	"main_cm4.c"
  17              		.text
  18              	.Ltext0:
  19              		.cfi_sections	.debug_frame
  20              		.section	.text.main,"ax",%progbits
  21              		.align	2
  22              		.global	main
  23              		.thumb
  24              		.thumb_func
  25              		.type	main, %function
  26              	main:
  27              	.LFB396:
  28              		.file 1 "main_cm4.c"
   1:main_cm4.c    **** /* ========================================
   2:main_cm4.c    ****  *
   3:main_cm4.c    ****  * Copyright YOUR COMPANY, THE YEAR
   4:main_cm4.c    ****  * All Rights Reserved
   5:main_cm4.c    ****  * UNPUBLISHED, LICENSED SOFTWARE.
   6:main_cm4.c    ****  *
   7:main_cm4.c    ****  * CONFIDENTIAL AND PROPRIETARY INFORMATION
   8:main_cm4.c    ****  * WHICH IS THE PROPERTY OF your company.
   9:main_cm4.c    ****  *
  10:main_cm4.c    ****  * ========================================
  11:main_cm4.c    **** */
  12:main_cm4.c    **** #include "project.h"
  13:main_cm4.c    **** 
  14:main_cm4.c    **** int main(void)
  15:main_cm4.c    **** {
  29              		.loc 1 15 0
  30              		.cfi_startproc
  31              		@ Volatile: function does not return.
  32              		@ args = 0, pretend = 0, frame = 0
  33              		@ frame_needed = 0, uses_anonymous_args = 0
  34              		@ link register save eliminated.
  35              	.LBB4:
  36              	.LBB5:
  37              		.file 2 "Generated_Source\\PSoC6\\pdl\\cmsis/include/cmsis_gcc.h"
   1:Generated_Source\PSoC6\pdl\cmsis/include/cmsis_gcc.h **** /**************************************************************************//**
   2:Generated_Source\PSoC6\pdl\cmsis/include/cmsis_gcc.h ****  * @file     cmsis_gcc.h
   3:Generated_Source\PSoC6\pdl\cmsis/include/cmsis_gcc.h ****  * @brief    CMSIS compiler GCC header file
   4:Generated_Source\PSoC6\pdl\cmsis/include/cmsis_gcc.h ****  * @version  V5.0.1
   5:Generated_Source\PSoC6\pdl\cmsis/include/cmsis_gcc.h ****  * @date     02. February 2017
ARM GAS  C:\Users\gjl\AppData\Local\Temp\ccF0Dt90.s 			page 2


   6:Generated_Source\PSoC6\pdl\cmsis/include/cmsis_gcc.h ****  ******************************************************************************/
   7:Generated_Source\PSoC6\pdl\cmsis/include/cmsis_gcc.h **** /*
   8:Generated_Source\PSoC6\pdl\cmsis/include/cmsis_gcc.h ****  * Copyright (c) 2009-2017 ARM Limited. All rights reserved.
   9:Generated_Source\PSoC6\pdl\cmsis/include/cmsis_gcc.h ****  *
  10:Generated_Source\PSoC6\pdl\cmsis/include/cmsis_gcc.h ****  * SPDX-License-Identifier: Apache-2.0
  11:Generated_Source\PSoC6\pdl\cmsis/include/cmsis_gcc.h ****  *
  12:Generated_Source\PSoC6\pdl\cmsis/include/cmsis_gcc.h ****  * Licensed under the Apache License, Version 2.0 (the License); you may
  13:Generated_Source\PSoC6\pdl\cmsis/include/cmsis_gcc.h ****  * not use this file except in compliance with the License.
  14:Generated_Source\PSoC6\pdl\cmsis/include/cmsis_gcc.h ****  * You may obtain a copy of the License at
  15:Generated_Source\PSoC6\pdl\cmsis/include/cmsis_gcc.h ****  *
  16:Generated_Source\PSoC6\pdl\cmsis/include/cmsis_gcc.h ****  * www.apache.org/licenses/LICENSE-2.0
  17:Generated_Source\PSoC6\pdl\cmsis/include/cmsis_gcc.h ****  *
  18:Generated_Source\PSoC6\pdl\cmsis/include/cmsis_gcc.h ****  * Unless required by applicable law or agreed to in writing, software
  19:Generated_Source\PSoC6\pdl\cmsis/include/cmsis_gcc.h ****  * distributed under the License is distributed on an AS IS BASIS, WITHOUT
  20:Generated_Source\PSoC6\pdl\cmsis/include/cmsis_gcc.h ****  * WARRANTIES OR CONDITIONS OF ANY KIND, either express or implied.
  21:Generated_Source\PSoC6\pdl\cmsis/include/cmsis_gcc.h ****  * See the License for the specific language governing permissions and
  22:Generated_Source\PSoC6\pdl\cmsis/include/cmsis_gcc.h ****  * limitations under the License.
  23:Generated_Source\PSoC6\pdl\cmsis/include/cmsis_gcc.h ****  */
  24:Generated_Source\PSoC6\pdl\cmsis/include/cmsis_gcc.h **** 
  25:Generated_Source\PSoC6\pdl\cmsis/include/cmsis_gcc.h **** #ifndef __CMSIS_GCC_H
  26:Generated_Source\PSoC6\pdl\cmsis/include/cmsis_gcc.h **** #define __CMSIS_GCC_H
  27:Generated_Source\PSoC6\pdl\cmsis/include/cmsis_gcc.h **** 
  28:Generated_Source\PSoC6\pdl\cmsis/include/cmsis_gcc.h **** /* ignore some GCC warnings */
  29:Generated_Source\PSoC6\pdl\cmsis/include/cmsis_gcc.h **** #pragma GCC diagnostic push
  30:Generated_Source\PSoC6\pdl\cmsis/include/cmsis_gcc.h **** #pragma GCC diagnostic ignored "-Wsign-conversion"
  31:Generated_Source\PSoC6\pdl\cmsis/include/cmsis_gcc.h **** #pragma GCC diagnostic ignored "-Wconversion"
  32:Generated_Source\PSoC6\pdl\cmsis/include/cmsis_gcc.h **** #pragma GCC diagnostic ignored "-Wunused-parameter"
  33:Generated_Source\PSoC6\pdl\cmsis/include/cmsis_gcc.h **** 
  34:Generated_Source\PSoC6\pdl\cmsis/include/cmsis_gcc.h **** /* CMSIS compiler specific defines */
  35:Generated_Source\PSoC6\pdl\cmsis/include/cmsis_gcc.h **** #ifndef   __ASM
  36:Generated_Source\PSoC6\pdl\cmsis/include/cmsis_gcc.h ****   #define __ASM                     __asm
  37:Generated_Source\PSoC6\pdl\cmsis/include/cmsis_gcc.h **** #endif
  38:Generated_Source\PSoC6\pdl\cmsis/include/cmsis_gcc.h **** #ifndef   __INLINE
  39:Generated_Source\PSoC6\pdl\cmsis/include/cmsis_gcc.h ****   #define __INLINE                  inline
  40:Generated_Source\PSoC6\pdl\cmsis/include/cmsis_gcc.h **** #endif
  41:Generated_Source\PSoC6\pdl\cmsis/include/cmsis_gcc.h **** #ifndef   __STATIC_INLINE
  42:Generated_Source\PSoC6\pdl\cmsis/include/cmsis_gcc.h ****   #define __STATIC_INLINE           static inline
  43:Generated_Source\PSoC6\pdl\cmsis/include/cmsis_gcc.h **** #endif
  44:Generated_Source\PSoC6\pdl\cmsis/include/cmsis_gcc.h **** #ifndef   __NO_RETURN
  45:Generated_Source\PSoC6\pdl\cmsis/include/cmsis_gcc.h ****   #define __NO_RETURN               __attribute__((noreturn))
  46:Generated_Source\PSoC6\pdl\cmsis/include/cmsis_gcc.h **** #endif
  47:Generated_Source\PSoC6\pdl\cmsis/include/cmsis_gcc.h **** #ifndef   __USED
  48:Generated_Source\PSoC6\pdl\cmsis/include/cmsis_gcc.h ****   #define __USED                    __attribute__((used))
  49:Generated_Source\PSoC6\pdl\cmsis/include/cmsis_gcc.h **** #endif
  50:Generated_Source\PSoC6\pdl\cmsis/include/cmsis_gcc.h **** #ifndef   __WEAK
  51:Generated_Source\PSoC6\pdl\cmsis/include/cmsis_gcc.h ****   #define __WEAK                    __attribute__((weak))
  52:Generated_Source\PSoC6\pdl\cmsis/include/cmsis_gcc.h **** #endif
  53:Generated_Source\PSoC6\pdl\cmsis/include/cmsis_gcc.h **** #ifndef   __UNALIGNED_UINT32
  54:Generated_Source\PSoC6\pdl\cmsis/include/cmsis_gcc.h **** #pragma GCC diagnostic push
  55:Generated_Source\PSoC6\pdl\cmsis/include/cmsis_gcc.h **** #pragma GCC diagnostic ignored "-Wpacked"
  56:Generated_Source\PSoC6\pdl\cmsis/include/cmsis_gcc.h **** #pragma GCC diagnostic ignored "-Wattributes"
  57:Generated_Source\PSoC6\pdl\cmsis/include/cmsis_gcc.h ****   struct __attribute__((packed)) T_UINT32 { uint32_t v; };
  58:Generated_Source\PSoC6\pdl\cmsis/include/cmsis_gcc.h **** #pragma GCC diagnostic pop
  59:Generated_Source\PSoC6\pdl\cmsis/include/cmsis_gcc.h ****   #define __UNALIGNED_UINT32(x)     (((struct T_UINT32 *)(x))->v)
  60:Generated_Source\PSoC6\pdl\cmsis/include/cmsis_gcc.h **** #endif
  61:Generated_Source\PSoC6\pdl\cmsis/include/cmsis_gcc.h **** #ifndef   __ALIGNED
  62:Generated_Source\PSoC6\pdl\cmsis/include/cmsis_gcc.h ****   #define __ALIGNED(x)              __attribute__((aligned(x)))
ARM GAS  C:\Users\gjl\AppData\Local\Temp\ccF0Dt90.s 			page 3


  63:Generated_Source\PSoC6\pdl\cmsis/include/cmsis_gcc.h **** #endif
  64:Generated_Source\PSoC6\pdl\cmsis/include/cmsis_gcc.h **** #ifndef   __PACKED
  65:Generated_Source\PSoC6\pdl\cmsis/include/cmsis_gcc.h ****   #define __PACKED                  __attribute__((packed, aligned(1)))
  66:Generated_Source\PSoC6\pdl\cmsis/include/cmsis_gcc.h **** #endif
  67:Generated_Source\PSoC6\pdl\cmsis/include/cmsis_gcc.h **** #ifndef   __PACKED_STRUCT
  68:Generated_Source\PSoC6\pdl\cmsis/include/cmsis_gcc.h ****   #define __PACKED_STRUCT           struct __attribute__((packed, aligned(1)))
  69:Generated_Source\PSoC6\pdl\cmsis/include/cmsis_gcc.h **** #endif
  70:Generated_Source\PSoC6\pdl\cmsis/include/cmsis_gcc.h **** 
  71:Generated_Source\PSoC6\pdl\cmsis/include/cmsis_gcc.h **** 
  72:Generated_Source\PSoC6\pdl\cmsis/include/cmsis_gcc.h **** /* ###########################  Core Function Access  ########################### */
  73:Generated_Source\PSoC6\pdl\cmsis/include/cmsis_gcc.h **** /** \ingroup  CMSIS_Core_FunctionInterface
  74:Generated_Source\PSoC6\pdl\cmsis/include/cmsis_gcc.h ****     \defgroup CMSIS_Core_RegAccFunctions CMSIS Core Register Access Functions
  75:Generated_Source\PSoC6\pdl\cmsis/include/cmsis_gcc.h ****   @{
  76:Generated_Source\PSoC6\pdl\cmsis/include/cmsis_gcc.h ****  */
  77:Generated_Source\PSoC6\pdl\cmsis/include/cmsis_gcc.h **** 
  78:Generated_Source\PSoC6\pdl\cmsis/include/cmsis_gcc.h **** /**
  79:Generated_Source\PSoC6\pdl\cmsis/include/cmsis_gcc.h ****   \brief   Enable IRQ Interrupts
  80:Generated_Source\PSoC6\pdl\cmsis/include/cmsis_gcc.h ****   \details Enables IRQ interrupts by clearing the I-bit in the CPSR.
  81:Generated_Source\PSoC6\pdl\cmsis/include/cmsis_gcc.h ****            Can only be executed in Privileged modes.
  82:Generated_Source\PSoC6\pdl\cmsis/include/cmsis_gcc.h ****  */
  83:Generated_Source\PSoC6\pdl\cmsis/include/cmsis_gcc.h **** __attribute__((always_inline)) __STATIC_INLINE void __enable_irq(void)
  84:Generated_Source\PSoC6\pdl\cmsis/include/cmsis_gcc.h **** {
  85:Generated_Source\PSoC6\pdl\cmsis/include/cmsis_gcc.h ****   __ASM volatile ("cpsie i" : : : "memory");
  38              		.loc 2 85 0
  39              		.syntax unified
  40              	@ 85 "Generated_Source\PSoC6\pdl\cmsis/include/cmsis_gcc.h" 1
  41 0000 62B6     		cpsie i
  42              	@ 0 "" 2
  43              		.thumb
  44              		.syntax unified
  45              	.L2:
  46 0002 FEE7     		b	.L2
  47              	.LBE5:
  48              	.LBE4:
  49              		.cfi_endproc
  50              	.LFE396:
  51              		.size	main, .-main
  52              		.text
  53              	.Letext0:
  54              		.file 3 "c:\\program files (x86)\\cypress\\psoc creator\\4.2\\psoc creator\\import\\gnu\\arm\\5.4.
  55              		.file 4 "c:\\program files (x86)\\cypress\\psoc creator\\4.2\\psoc creator\\import\\gnu\\arm\\5.4.
  56              		.file 5 "Generated_Source\\PSoC6\\pdl\\drivers/peripheral/tcpwm/cy_tcpwm_pwm.h"
  57              		.file 6 "Generated_Source\\PSoC6\\pdl\\cmsis/include/core_cm4.h"
  58              		.file 7 "Generated_Source\\PSoC6/PWM.h"
  59              		.section	.debug_info,"",%progbits
  60              	.Ldebug_info0:
  61 0000 54020000 		.4byte	0x254
  62 0004 0400     		.2byte	0x4
  63 0006 00000000 		.4byte	.Ldebug_abbrev0
  64 000a 04       		.byte	0x4
  65 000b 01       		.uleb128 0x1
  66 000c 18020000 		.4byte	.LASF47
  67 0010 0C       		.byte	0xc
  68 0011 5A000000 		.4byte	.LASF48
  69 0015 9E000000 		.4byte	.LASF49
  70 0019 00000000 		.4byte	.Ldebug_ranges0+0
  71 001d 00000000 		.4byte	0
ARM GAS  C:\Users\gjl\AppData\Local\Temp\ccF0Dt90.s 			page 4


  72 0021 00000000 		.4byte	.Ldebug_line0
  73 0025 02       		.uleb128 0x2
  74 0026 02       		.byte	0x2
  75 0027 05       		.byte	0x5
  76 0028 FF020000 		.4byte	.LASF0
  77 002c 02       		.uleb128 0x2
  78 002d 01       		.byte	0x1
  79 002e 06       		.byte	0x6
  80 002f 4F030000 		.4byte	.LASF1
  81 0033 02       		.uleb128 0x2
  82 0034 01       		.byte	0x1
  83 0035 08       		.byte	0x8
  84 0036 15010000 		.4byte	.LASF2
  85 003a 02       		.uleb128 0x2
  86 003b 02       		.byte	0x2
  87 003c 07       		.byte	0x7
  88 003d 44010000 		.4byte	.LASF3
  89 0041 03       		.uleb128 0x3
  90 0042 50000000 		.4byte	.LASF5
  91 0046 03       		.byte	0x3
  92 0047 3F       		.byte	0x3f
  93 0048 4C000000 		.4byte	0x4c
  94 004c 02       		.uleb128 0x2
  95 004d 04       		.byte	0x4
  96 004e 05       		.byte	0x5
  97 004f 2C030000 		.4byte	.LASF4
  98 0053 03       		.uleb128 0x3
  99 0054 6F010000 		.4byte	.LASF6
 100 0058 03       		.byte	0x3
 101 0059 41       		.byte	0x41
 102 005a 5E000000 		.4byte	0x5e
 103 005e 02       		.uleb128 0x2
 104 005f 04       		.byte	0x4
 105 0060 07       		.byte	0x7
 106 0061 32010000 		.4byte	.LASF7
 107 0065 02       		.uleb128 0x2
 108 0066 08       		.byte	0x8
 109 0067 05       		.byte	0x5
 110 0068 DC020000 		.4byte	.LASF8
 111 006c 02       		.uleb128 0x2
 112 006d 08       		.byte	0x8
 113 006e 07       		.byte	0x7
 114 006f E9010000 		.4byte	.LASF9
 115 0073 04       		.uleb128 0x4
 116 0074 04       		.byte	0x4
 117 0075 05       		.byte	0x5
 118 0076 696E7400 		.ascii	"int\000"
 119 007a 02       		.uleb128 0x2
 120 007b 04       		.byte	0x4
 121 007c 07       		.byte	0x7
 122 007d CF010000 		.4byte	.LASF10
 123 0081 03       		.uleb128 0x3
 124 0082 CB020000 		.4byte	.LASF11
 125 0086 04       		.byte	0x4
 126 0087 2C       		.byte	0x2c
 127 0088 41000000 		.4byte	0x41
 128 008c 03       		.uleb128 0x3
ARM GAS  C:\Users\gjl\AppData\Local\Temp\ccF0Dt90.s 			page 5


 129 008d 23030000 		.4byte	.LASF12
 130 0091 04       		.byte	0x4
 131 0092 30       		.byte	0x30
 132 0093 53000000 		.4byte	0x53
 133 0097 02       		.uleb128 0x2
 134 0098 04       		.byte	0x4
 135 0099 07       		.byte	0x7
 136 009a D3020000 		.4byte	.LASF13
 137 009e 02       		.uleb128 0x2
 138 009f 08       		.byte	0x8
 139 00a0 04       		.byte	0x4
 140 00a1 43030000 		.4byte	.LASF14
 141 00a5 02       		.uleb128 0x2
 142 00a6 01       		.byte	0x1
 143 00a7 08       		.byte	0x8
 144 00a8 EA020000 		.4byte	.LASF15
 145 00ac 02       		.uleb128 0x2
 146 00ad 04       		.byte	0x4
 147 00ae 04       		.byte	0x4
 148 00af E3000000 		.4byte	.LASF16
 149 00b3 02       		.uleb128 0x2
 150 00b4 08       		.byte	0x8
 151 00b5 04       		.byte	0x4
 152 00b6 A3010000 		.4byte	.LASF17
 153 00ba 02       		.uleb128 0x2
 154 00bb 01       		.byte	0x1
 155 00bc 02       		.byte	0x2
 156 00bd 65030000 		.4byte	.LASF18
 157 00c1 05       		.uleb128 0x5
 158 00c2 86000000 		.4byte	.LASF50
 159 00c6 64       		.byte	0x64
 160 00c7 05       		.byte	0x5
 161 00c8 2B       		.byte	0x2b
 162 00c9 FA010000 		.4byte	0x1fa
 163 00cd 06       		.uleb128 0x6
 164 00ce 00020000 		.4byte	.LASF19
 165 00d2 05       		.byte	0x5
 166 00d3 2D       		.byte	0x2d
 167 00d4 8C000000 		.4byte	0x8c
 168 00d8 00       		.byte	0
 169 00d9 06       		.uleb128 0x6
 170 00da 77000000 		.4byte	.LASF20
 171 00de 05       		.byte	0x5
 172 00df 2F       		.byte	0x2f
 173 00e0 8C000000 		.4byte	0x8c
 174 00e4 04       		.byte	0x4
 175 00e5 06       		.uleb128 0x6
 176 00e6 DC010000 		.4byte	.LASF21
 177 00ea 05       		.byte	0x5
 178 00eb 30       		.byte	0x30
 179 00ec 8C000000 		.4byte	0x8c
 180 00f0 08       		.byte	0x8
 181 00f1 06       		.uleb128 0x6
 182 00f2 23010000 		.4byte	.LASF22
 183 00f6 05       		.byte	0x5
 184 00f7 31       		.byte	0x31
 185 00f8 8C000000 		.4byte	0x8c
ARM GAS  C:\Users\gjl\AppData\Local\Temp\ccF0Dt90.s 			page 6


 186 00fc 0C       		.byte	0xc
 187 00fd 06       		.uleb128 0x6
 188 00fe AF010000 		.4byte	.LASF23
 189 0102 05       		.byte	0x5
 190 0103 32       		.byte	0x32
 191 0104 8C000000 		.4byte	0x8c
 192 0108 10       		.byte	0x10
 193 0109 06       		.uleb128 0x6
 194 010a 08020000 		.4byte	.LASF24
 195 010e 05       		.byte	0x5
 196 010f 33       		.byte	0x33
 197 0110 8C000000 		.4byte	0x8c
 198 0114 14       		.byte	0x14
 199 0115 06       		.uleb128 0x6
 200 0116 10020000 		.4byte	.LASF25
 201 011a 05       		.byte	0x5
 202 011b 34       		.byte	0x34
 203 011c 8C000000 		.4byte	0x8c
 204 0120 18       		.byte	0x18
 205 0121 06       		.uleb128 0x6
 206 0122 7A010000 		.4byte	.LASF26
 207 0126 05       		.byte	0x5
 208 0127 35       		.byte	0x35
 209 0128 BA000000 		.4byte	0xba
 210 012c 1C       		.byte	0x1c
 211 012d 06       		.uleb128 0x6
 212 012e 65000000 		.4byte	.LASF27
 213 0132 05       		.byte	0x5
 214 0133 36       		.byte	0x36
 215 0134 8C000000 		.4byte	0x8c
 216 0138 20       		.byte	0x20
 217 0139 06       		.uleb128 0x6
 218 013a 6E000000 		.4byte	.LASF28
 219 013e 05       		.byte	0x5
 220 013f 37       		.byte	0x37
 221 0140 8C000000 		.4byte	0x8c
 222 0144 24       		.byte	0x24
 223 0145 06       		.uleb128 0x6
 224 0146 E9000000 		.4byte	.LASF29
 225 014a 05       		.byte	0x5
 226 014b 38       		.byte	0x38
 227 014c BA000000 		.4byte	0xba
 228 0150 28       		.byte	0x28
 229 0151 06       		.uleb128 0x6
 230 0152 09000000 		.4byte	.LASF30
 231 0156 05       		.byte	0x5
 232 0157 3A       		.byte	0x3a
 233 0158 8C000000 		.4byte	0x8c
 234 015c 2C       		.byte	0x2c
 235 015d 06       		.uleb128 0x6
 236 015e 1A000000 		.4byte	.LASF31
 237 0162 05       		.byte	0x5
 238 0163 3B       		.byte	0x3b
 239 0164 8C000000 		.4byte	0x8c
 240 0168 30       		.byte	0x30
 241 0169 06       		.uleb128 0x6
 242 016a 35030000 		.4byte	.LASF32
ARM GAS  C:\Users\gjl\AppData\Local\Temp\ccF0Dt90.s 			page 7


 243 016e 05       		.byte	0x5
 244 016f 3C       		.byte	0x3c
 245 0170 8C000000 		.4byte	0x8c
 246 0174 34       		.byte	0x34
 247 0175 06       		.uleb128 0x6
 248 0176 00000000 		.4byte	.LASF33
 249 017a 05       		.byte	0x5
 250 017b 3D       		.byte	0x3d
 251 017c 8C000000 		.4byte	0x8c
 252 0180 38       		.byte	0x38
 253 0181 06       		.uleb128 0x6
 254 0182 15030000 		.4byte	.LASF34
 255 0186 05       		.byte	0x5
 256 0187 3E       		.byte	0x3e
 257 0188 8C000000 		.4byte	0x8c
 258 018c 3C       		.byte	0x3c
 259 018d 06       		.uleb128 0x6
 260 018e 57010000 		.4byte	.LASF35
 261 0192 05       		.byte	0x5
 262 0193 40       		.byte	0x40
 263 0194 8C000000 		.4byte	0x8c
 264 0198 40       		.byte	0x40
 265 0199 06       		.uleb128 0x6
 266 019a EF020000 		.4byte	.LASF36
 267 019e 05       		.byte	0x5
 268 019f 41       		.byte	0x41
 269 01a0 8C000000 		.4byte	0x8c
 270 01a4 44       		.byte	0x44
 271 01a5 06       		.uleb128 0x6
 272 01a6 09030000 		.4byte	.LASF37
 273 01aa 05       		.byte	0x5
 274 01ab 43       		.byte	0x43
 275 01ac 8C000000 		.4byte	0x8c
 276 01b0 48       		.byte	0x48
 277 01b1 06       		.uleb128 0x6
 278 01b2 41000000 		.4byte	.LASF38
 279 01b6 05       		.byte	0x5
 280 01b7 44       		.byte	0x44
 281 01b8 8C000000 		.4byte	0x8c
 282 01bc 4C       		.byte	0x4c
 283 01bd 06       		.uleb128 0x6
 284 01be 8B010000 		.4byte	.LASF39
 285 01c2 05       		.byte	0x5
 286 01c3 46       		.byte	0x46
 287 01c4 8C000000 		.4byte	0x8c
 288 01c8 50       		.byte	0x50
 289 01c9 06       		.uleb128 0x6
 290 01ca 61010000 		.4byte	.LASF40
 291 01ce 05       		.byte	0x5
 292 01cf 47       		.byte	0x47
 293 01d0 8C000000 		.4byte	0x8c
 294 01d4 54       		.byte	0x54
 295 01d5 06       		.uleb128 0x6
 296 01d6 5B030000 		.4byte	.LASF41
 297 01da 05       		.byte	0x5
 298 01db 49       		.byte	0x49
 299 01dc 8C000000 		.4byte	0x8c
ARM GAS  C:\Users\gjl\AppData\Local\Temp\ccF0Dt90.s 			page 8


 300 01e0 58       		.byte	0x58
 301 01e1 06       		.uleb128 0x6
 302 01e2 27000000 		.4byte	.LASF42
 303 01e6 05       		.byte	0x5
 304 01e7 4A       		.byte	0x4a
 305 01e8 8C000000 		.4byte	0x8c
 306 01ec 5C       		.byte	0x5c
 307 01ed 06       		.uleb128 0x6
 308 01ee C4010000 		.4byte	.LASF43
 309 01f2 05       		.byte	0x5
 310 01f3 4C       		.byte	0x4c
 311 01f4 8C000000 		.4byte	0x8c
 312 01f8 60       		.byte	0x60
 313 01f9 00       		.byte	0
 314 01fa 03       		.uleb128 0x3
 315 01fb FB000000 		.4byte	.LASF44
 316 01ff 05       		.byte	0x5
 317 0200 4D       		.byte	0x4d
 318 0201 C1000000 		.4byte	0xc1
 319 0205 07       		.uleb128 0x7
 320 0206 96010000 		.4byte	.LASF51
 321 020a 02       		.byte	0x2
 322 020b 53       		.byte	0x53
 323 020c 03       		.byte	0x3
 324 020d 08       		.uleb128 0x8
 325 020e AA010000 		.4byte	.LASF52
 326 0212 01       		.byte	0x1
 327 0213 0E       		.byte	0xe
 328 0214 73000000 		.4byte	0x73
 329 0218 00000000 		.4byte	.LFB396
 330 021c 04000000 		.4byte	.LFE396-.LFB396
 331 0220 01       		.uleb128 0x1
 332 0221 9C       		.byte	0x9c
 333 0222 36020000 		.4byte	0x236
 334 0226 09       		.uleb128 0x9
 335 0227 05020000 		.4byte	0x205
 336 022b 00000000 		.4byte	.LBB4
 337 022f 04000000 		.4byte	.LBE4-.LBB4
 338 0233 01       		.byte	0x1
 339 0234 10       		.byte	0x10
 340 0235 00       		.byte	0
 341 0236 0A       		.uleb128 0xa
 342 0237 B7010000 		.4byte	.LASF45
 343 023b 06       		.byte	0x6
 344 023c EA07     		.2byte	0x7ea
 345 023e 42020000 		.4byte	0x242
 346 0242 0B       		.uleb128 0xb
 347 0243 81000000 		.4byte	0x81
 348 0247 0C       		.uleb128 0xc
 349 0248 36000000 		.4byte	.LASF46
 350 024c 07       		.byte	0x7
 351 024d 1F       		.byte	0x1f
 352 024e 52020000 		.4byte	0x252
 353 0252 0D       		.uleb128 0xd
 354 0253 FA010000 		.4byte	0x1fa
 355 0257 00       		.byte	0
 356              		.section	.debug_abbrev,"",%progbits
ARM GAS  C:\Users\gjl\AppData\Local\Temp\ccF0Dt90.s 			page 9


 357              	.Ldebug_abbrev0:
 358 0000 01       		.uleb128 0x1
 359 0001 11       		.uleb128 0x11
 360 0002 01       		.byte	0x1
 361 0003 25       		.uleb128 0x25
 362 0004 0E       		.uleb128 0xe
 363 0005 13       		.uleb128 0x13
 364 0006 0B       		.uleb128 0xb
 365 0007 03       		.uleb128 0x3
 366 0008 0E       		.uleb128 0xe
 367 0009 1B       		.uleb128 0x1b
 368 000a 0E       		.uleb128 0xe
 369 000b 55       		.uleb128 0x55
 370 000c 17       		.uleb128 0x17
 371 000d 11       		.uleb128 0x11
 372 000e 01       		.uleb128 0x1
 373 000f 10       		.uleb128 0x10
 374 0010 17       		.uleb128 0x17
 375 0011 00       		.byte	0
 376 0012 00       		.byte	0
 377 0013 02       		.uleb128 0x2
 378 0014 24       		.uleb128 0x24
 379 0015 00       		.byte	0
 380 0016 0B       		.uleb128 0xb
 381 0017 0B       		.uleb128 0xb
 382 0018 3E       		.uleb128 0x3e
 383 0019 0B       		.uleb128 0xb
 384 001a 03       		.uleb128 0x3
 385 001b 0E       		.uleb128 0xe
 386 001c 00       		.byte	0
 387 001d 00       		.byte	0
 388 001e 03       		.uleb128 0x3
 389 001f 16       		.uleb128 0x16
 390 0020 00       		.byte	0
 391 0021 03       		.uleb128 0x3
 392 0022 0E       		.uleb128 0xe
 393 0023 3A       		.uleb128 0x3a
 394 0024 0B       		.uleb128 0xb
 395 0025 3B       		.uleb128 0x3b
 396 0026 0B       		.uleb128 0xb
 397 0027 49       		.uleb128 0x49
 398 0028 13       		.uleb128 0x13
 399 0029 00       		.byte	0
 400 002a 00       		.byte	0
 401 002b 04       		.uleb128 0x4
 402 002c 24       		.uleb128 0x24
 403 002d 00       		.byte	0
 404 002e 0B       		.uleb128 0xb
 405 002f 0B       		.uleb128 0xb
 406 0030 3E       		.uleb128 0x3e
 407 0031 0B       		.uleb128 0xb
 408 0032 03       		.uleb128 0x3
 409 0033 08       		.uleb128 0x8
 410 0034 00       		.byte	0
 411 0035 00       		.byte	0
 412 0036 05       		.uleb128 0x5
 413 0037 13       		.uleb128 0x13
ARM GAS  C:\Users\gjl\AppData\Local\Temp\ccF0Dt90.s 			page 10


 414 0038 01       		.byte	0x1
 415 0039 03       		.uleb128 0x3
 416 003a 0E       		.uleb128 0xe
 417 003b 0B       		.uleb128 0xb
 418 003c 0B       		.uleb128 0xb
 419 003d 3A       		.uleb128 0x3a
 420 003e 0B       		.uleb128 0xb
 421 003f 3B       		.uleb128 0x3b
 422 0040 0B       		.uleb128 0xb
 423 0041 01       		.uleb128 0x1
 424 0042 13       		.uleb128 0x13
 425 0043 00       		.byte	0
 426 0044 00       		.byte	0
 427 0045 06       		.uleb128 0x6
 428 0046 0D       		.uleb128 0xd
 429 0047 00       		.byte	0
 430 0048 03       		.uleb128 0x3
 431 0049 0E       		.uleb128 0xe
 432 004a 3A       		.uleb128 0x3a
 433 004b 0B       		.uleb128 0xb
 434 004c 3B       		.uleb128 0x3b
 435 004d 0B       		.uleb128 0xb
 436 004e 49       		.uleb128 0x49
 437 004f 13       		.uleb128 0x13
 438 0050 38       		.uleb128 0x38
 439 0051 0B       		.uleb128 0xb
 440 0052 00       		.byte	0
 441 0053 00       		.byte	0
 442 0054 07       		.uleb128 0x7
 443 0055 2E       		.uleb128 0x2e
 444 0056 00       		.byte	0
 445 0057 03       		.uleb128 0x3
 446 0058 0E       		.uleb128 0xe
 447 0059 3A       		.uleb128 0x3a
 448 005a 0B       		.uleb128 0xb
 449 005b 3B       		.uleb128 0x3b
 450 005c 0B       		.uleb128 0xb
 451 005d 27       		.uleb128 0x27
 452 005e 19       		.uleb128 0x19
 453 005f 20       		.uleb128 0x20
 454 0060 0B       		.uleb128 0xb
 455 0061 00       		.byte	0
 456 0062 00       		.byte	0
 457 0063 08       		.uleb128 0x8
 458 0064 2E       		.uleb128 0x2e
 459 0065 01       		.byte	0x1
 460 0066 3F       		.uleb128 0x3f
 461 0067 19       		.uleb128 0x19
 462 0068 03       		.uleb128 0x3
 463 0069 0E       		.uleb128 0xe
 464 006a 3A       		.uleb128 0x3a
 465 006b 0B       		.uleb128 0xb
 466 006c 3B       		.uleb128 0x3b
 467 006d 0B       		.uleb128 0xb
 468 006e 27       		.uleb128 0x27
 469 006f 19       		.uleb128 0x19
 470 0070 49       		.uleb128 0x49
ARM GAS  C:\Users\gjl\AppData\Local\Temp\ccF0Dt90.s 			page 11


 471 0071 13       		.uleb128 0x13
 472 0072 8701     		.uleb128 0x87
 473 0074 19       		.uleb128 0x19
 474 0075 11       		.uleb128 0x11
 475 0076 01       		.uleb128 0x1
 476 0077 12       		.uleb128 0x12
 477 0078 06       		.uleb128 0x6
 478 0079 40       		.uleb128 0x40
 479 007a 18       		.uleb128 0x18
 480 007b 9742     		.uleb128 0x2117
 481 007d 19       		.uleb128 0x19
 482 007e 01       		.uleb128 0x1
 483 007f 13       		.uleb128 0x13
 484 0080 00       		.byte	0
 485 0081 00       		.byte	0
 486 0082 09       		.uleb128 0x9
 487 0083 1D       		.uleb128 0x1d
 488 0084 00       		.byte	0
 489 0085 31       		.uleb128 0x31
 490 0086 13       		.uleb128 0x13
 491 0087 11       		.uleb128 0x11
 492 0088 01       		.uleb128 0x1
 493 0089 12       		.uleb128 0x12
 494 008a 06       		.uleb128 0x6
 495 008b 58       		.uleb128 0x58
 496 008c 0B       		.uleb128 0xb
 497 008d 59       		.uleb128 0x59
 498 008e 0B       		.uleb128 0xb
 499 008f 00       		.byte	0
 500 0090 00       		.byte	0
 501 0091 0A       		.uleb128 0xa
 502 0092 34       		.uleb128 0x34
 503 0093 00       		.byte	0
 504 0094 03       		.uleb128 0x3
 505 0095 0E       		.uleb128 0xe
 506 0096 3A       		.uleb128 0x3a
 507 0097 0B       		.uleb128 0xb
 508 0098 3B       		.uleb128 0x3b
 509 0099 05       		.uleb128 0x5
 510 009a 49       		.uleb128 0x49
 511 009b 13       		.uleb128 0x13
 512 009c 3F       		.uleb128 0x3f
 513 009d 19       		.uleb128 0x19
 514 009e 3C       		.uleb128 0x3c
 515 009f 19       		.uleb128 0x19
 516 00a0 00       		.byte	0
 517 00a1 00       		.byte	0
 518 00a2 0B       		.uleb128 0xb
 519 00a3 35       		.uleb128 0x35
 520 00a4 00       		.byte	0
 521 00a5 49       		.uleb128 0x49
 522 00a6 13       		.uleb128 0x13
 523 00a7 00       		.byte	0
 524 00a8 00       		.byte	0
 525 00a9 0C       		.uleb128 0xc
 526 00aa 34       		.uleb128 0x34
 527 00ab 00       		.byte	0
ARM GAS  C:\Users\gjl\AppData\Local\Temp\ccF0Dt90.s 			page 12


 528 00ac 03       		.uleb128 0x3
 529 00ad 0E       		.uleb128 0xe
 530 00ae 3A       		.uleb128 0x3a
 531 00af 0B       		.uleb128 0xb
 532 00b0 3B       		.uleb128 0x3b
 533 00b1 0B       		.uleb128 0xb
 534 00b2 49       		.uleb128 0x49
 535 00b3 13       		.uleb128 0x13
 536 00b4 3F       		.uleb128 0x3f
 537 00b5 19       		.uleb128 0x19
 538 00b6 3C       		.uleb128 0x3c
 539 00b7 19       		.uleb128 0x19
 540 00b8 00       		.byte	0
 541 00b9 00       		.byte	0
 542 00ba 0D       		.uleb128 0xd
 543 00bb 26       		.uleb128 0x26
 544 00bc 00       		.byte	0
 545 00bd 49       		.uleb128 0x49
 546 00be 13       		.uleb128 0x13
 547 00bf 00       		.byte	0
 548 00c0 00       		.byte	0
 549 00c1 00       		.byte	0
 550              		.section	.debug_aranges,"",%progbits
 551 0000 1C000000 		.4byte	0x1c
 552 0004 0200     		.2byte	0x2
 553 0006 00000000 		.4byte	.Ldebug_info0
 554 000a 04       		.byte	0x4
 555 000b 00       		.byte	0
 556 000c 0000     		.2byte	0
 557 000e 0000     		.2byte	0
 558 0010 00000000 		.4byte	.LFB396
 559 0014 04000000 		.4byte	.LFE396-.LFB396
 560 0018 00000000 		.4byte	0
 561 001c 00000000 		.4byte	0
 562              		.section	.debug_ranges,"",%progbits
 563              	.Ldebug_ranges0:
 564 0000 00000000 		.4byte	.LFB396
 565 0004 04000000 		.4byte	.LFE396
 566 0008 00000000 		.4byte	0
 567 000c 00000000 		.4byte	0
 568              		.section	.debug_line,"",%progbits
 569              	.Ldebug_line0:
 570 0000 E5010000 		.section	.debug_str,"MS",%progbits,1
 570      0200CA01 
 570      00000201 
 570      FB0E0D00 
 570      01010101 
 571              	.LASF33:
 572 0000 6B696C6C 		.ascii	"killMode\000"
 572      4D6F6465 
 572      00
 573              	.LASF30:
 574 0009 696E7465 		.ascii	"interruptSources\000"
 574      72727570 
 574      74536F75 
 574      72636573 
 574      00
ARM GAS  C:\Users\gjl\AppData\Local\Temp\ccF0Dt90.s 			page 13


 575              	.LASF31:
 576 001a 696E7665 		.ascii	"invertPWMOut\000"
 576      72745057 
 576      4D4F7574 
 576      00
 577              	.LASF42:
 578 0027 636F756E 		.ascii	"countInputMode\000"
 578      74496E70 
 578      75744D6F 
 578      646500
 579              	.LASF46:
 580 0036 50574D5F 		.ascii	"PWM_config\000"
 580      636F6E66 
 580      696700
 581              	.LASF38:
 582 0041 73746172 		.ascii	"startInputMode\000"
 582      74496E70 
 582      75744D6F 
 582      646500
 583              	.LASF5:
 584 0050 5F5F696E 		.ascii	"__int32_t\000"
 584      7433325F 
 584      7400
 585              	.LASF48:
 586 005a 6D61696E 		.ascii	"main_cm4.c\000"
 586      5F636D34 
 586      2E6300
 587              	.LASF27:
 588 0065 636F6D70 		.ascii	"compare0\000"
 588      61726530 
 588      00
 589              	.LASF28:
 590 006e 636F6D70 		.ascii	"compare1\000"
 590      61726531 
 590      00
 591              	.LASF20:
 592 0077 636C6F63 		.ascii	"clockPrescaler\000"
 592      6B507265 
 592      7363616C 
 592      657200
 593              	.LASF50:
 594 0086 63795F73 		.ascii	"cy_stc_tcpwm_pwm_config\000"
 594      74635F74 
 594      6370776D 
 594      5F70776D 
 594      5F636F6E 
 595              	.LASF49:
 596 009e 433A5C55 		.ascii	"C:\\Users\\gjl\\Documents\\PSoC Creator\\PSoC 6_101"
 596      73657273 
 596      5C676A6C 
 596      5C446F63 
 596      756D656E 
 597 00cc 5C48656C 		.ascii	"\\Hello World PWM.cydsn\000"
 597      6C6F2057 
 597      6F726C64 
 597      2050574D 
 597      2E637964 
ARM GAS  C:\Users\gjl\AppData\Local\Temp\ccF0Dt90.s 			page 14


 598              	.LASF16:
 599 00e3 666C6F61 		.ascii	"float\000"
 599      7400
 600              	.LASF29:
 601 00e9 656E6162 		.ascii	"enableCompareSwap\000"
 601      6C65436F 
 601      6D706172 
 601      65537761 
 601      7000
 602              	.LASF44:
 603 00fb 63795F73 		.ascii	"cy_stc_tcpwm_pwm_config_t\000"
 603      74635F74 
 603      6370776D 
 603      5F70776D 
 603      5F636F6E 
 604              	.LASF2:
 605 0115 756E7369 		.ascii	"unsigned char\000"
 605      676E6564 
 605      20636861 
 605      7200
 606              	.LASF22:
 607 0123 64656164 		.ascii	"deadTimeClocks\000"
 607      54696D65 
 607      436C6F63 
 607      6B7300
 608              	.LASF7:
 609 0132 6C6F6E67 		.ascii	"long unsigned int\000"
 609      20756E73 
 609      69676E65 
 609      6420696E 
 609      7400
 610              	.LASF3:
 611 0144 73686F72 		.ascii	"short unsigned int\000"
 611      7420756E 
 611      7369676E 
 611      65642069 
 611      6E7400
 612              	.LASF35:
 613 0157 73776170 		.ascii	"swapInput\000"
 613      496E7075 
 613      7400
 614              	.LASF40:
 615 0161 6B696C6C 		.ascii	"killInputMode\000"
 615      496E7075 
 615      744D6F64 
 615      6500
 616              	.LASF6:
 617 016f 5F5F7569 		.ascii	"__uint32_t\000"
 617      6E743332 
 617      5F7400
 618              	.LASF26:
 619 017a 656E6162 		.ascii	"enablePeriodSwap\000"
 619      6C655065 
 619      72696F64 
 619      53776170 
 619      00
 620              	.LASF39:
ARM GAS  C:\Users\gjl\AppData\Local\Temp\ccF0Dt90.s 			page 15


 621 018b 73746172 		.ascii	"startInput\000"
 621      74496E70 
 621      757400
 622              	.LASF51:
 623 0196 5F5F656E 		.ascii	"__enable_irq\000"
 623      61626C65 
 623      5F697271 
 623      00
 624              	.LASF17:
 625 01a3 646F7562 		.ascii	"double\000"
 625      6C6500
 626              	.LASF52:
 627 01aa 6D61696E 		.ascii	"main\000"
 627      00
 628              	.LASF23:
 629 01af 72756E4D 		.ascii	"runMode\000"
 629      6F646500 
 630              	.LASF45:
 631 01b7 49544D5F 		.ascii	"ITM_RxBuffer\000"
 631      52784275 
 631      66666572 
 631      00
 632              	.LASF43:
 633 01c4 636F756E 		.ascii	"countInput\000"
 633      74496E70 
 633      757400
 634              	.LASF10:
 635 01cf 756E7369 		.ascii	"unsigned int\000"
 635      676E6564 
 635      20696E74 
 635      00
 636              	.LASF21:
 637 01dc 70776D41 		.ascii	"pwmAlignment\000"
 637      6C69676E 
 637      6D656E74 
 637      00
 638              	.LASF9:
 639 01e9 6C6F6E67 		.ascii	"long long unsigned int\000"
 639      206C6F6E 
 639      6720756E 
 639      7369676E 
 639      65642069 
 640              	.LASF19:
 641 0200 70776D4D 		.ascii	"pwmMode\000"
 641      6F646500 
 642              	.LASF24:
 643 0208 70657269 		.ascii	"period0\000"
 643      6F643000 
 644              	.LASF25:
 645 0210 70657269 		.ascii	"period1\000"
 645      6F643100 
 646              	.LASF47:
 647 0218 474E5520 		.ascii	"GNU C11 5.4.1 20160609 (release) [ARM/embedded-5-br"
 647      43313120 
 647      352E342E 
 647      31203230 
 647      31363036 
ARM GAS  C:\Users\gjl\AppData\Local\Temp\ccF0Dt90.s 			page 16


 648 024b 616E6368 		.ascii	"anch revision 237715] -mcpu=cortex-m4 -mfloat-abi=s"
 648      20726576 
 648      6973696F 
 648      6E203233 
 648      37373135 
 649 027e 6F667466 		.ascii	"oftfp -mfpu=fpv4-sp-d16 -mthumb -g -Og -ffunction-s"
 649      70202D6D 
 649      6670753D 
 649      66707634 
 649      2D73702D 
 650 02b1 65637469 		.ascii	"ections -ffat-lto-objects\000"
 650      6F6E7320 
 650      2D666661 
 650      742D6C74 
 650      6F2D6F62 
 651              	.LASF11:
 652 02cb 696E7433 		.ascii	"int32_t\000"
 652      325F7400 
 653              	.LASF13:
 654 02d3 73697A65 		.ascii	"sizetype\000"
 654      74797065 
 654      00
 655              	.LASF8:
 656 02dc 6C6F6E67 		.ascii	"long long int\000"
 656      206C6F6E 
 656      6720696E 
 656      7400
 657              	.LASF15:
 658 02ea 63686172 		.ascii	"char\000"
 658      00
 659              	.LASF36:
 660 02ef 72656C6F 		.ascii	"reloadInputMode\000"
 660      6164496E 
 660      7075744D 
 660      6F646500 
 661              	.LASF0:
 662 02ff 73686F72 		.ascii	"short int\000"
 662      7420696E 
 662      7400
 663              	.LASF37:
 664 0309 72656C6F 		.ascii	"reloadInput\000"
 664      6164496E 
 664      70757400 
 665              	.LASF34:
 666 0315 73776170 		.ascii	"swapInputMode\000"
 666      496E7075 
 666      744D6F64 
 666      6500
 667              	.LASF12:
 668 0323 75696E74 		.ascii	"uint32_t\000"
 668      33325F74 
 668      00
 669              	.LASF4:
 670 032c 6C6F6E67 		.ascii	"long int\000"
 670      20696E74 
 670      00
 671              	.LASF32:
ARM GAS  C:\Users\gjl\AppData\Local\Temp\ccF0Dt90.s 			page 17


 672 0335 696E7665 		.ascii	"invertPWMOutN\000"
 672      72745057 
 672      4D4F7574 
 672      4E00
 673              	.LASF14:
 674 0343 6C6F6E67 		.ascii	"long double\000"
 674      20646F75 
 674      626C6500 
 675              	.LASF1:
 676 034f 7369676E 		.ascii	"signed char\000"
 676      65642063 
 676      68617200 
 677              	.LASF41:
 678 035b 6B696C6C 		.ascii	"killInput\000"
 678      496E7075 
 678      7400
 679              	.LASF18:
 680 0365 5F426F6F 		.ascii	"_Bool\000"
 680      6C00
 681              		.ident	"GCC: (GNU Tools for ARM Embedded Processors) 5.4.1 20160609 (release) [ARM/embedded-5-bran
