ARM GAS  C:\Users\gjl\AppData\Local\Temp\ccayNbGD.s 			page 1


   1              		.syntax unified
   2              		.cpu cortex-m4
   3              		.eabi_attribute 27, 1
   4              		.fpu fpv4-sp-d16
   5              		.eabi_attribute 20, 1
   6              		.eabi_attribute 21, 1
   7              		.eabi_attribute 23, 3
   8              		.eabi_attribute 24, 1
   9              		.eabi_attribute 25, 1
  10              		.eabi_attribute 26, 1
  11              		.eabi_attribute 30, 1
  12              		.eabi_attribute 34, 1
  13              		.eabi_attribute 18, 4
  14              		.thumb
  15              		.syntax unified
  16              		.file	"ADC_1_PM.c"
  17              		.text
  18              	.Ltext0:
  19              		.cfi_sections	.debug_frame
  20              		.global	ADC_1_DeepSleepCallbackStruct
  21              		.data
  22              		.align	2
  23              		.type	ADC_1_DeepSleepCallbackStruct, %object
  24              		.size	ADC_1_DeepSleepCallbackStruct, 24
  25              	ADC_1_DeepSleepCallbackStruct:
  26 0000 00000000 		.word	Cy_SAR_DeepSleepCallback
  27 0004 01       		.byte	1
  28 0005 00000000 		.space	7
  28      000000
  29 000c 18000000 		.word	ADC_1_DeepSleepCallbackParams
  30 0010 00000000 		.space	8
  30      00000000 
  31              		.type	ADC_1_DeepSleepCallbackParams, %object
  32              		.size	ADC_1_DeepSleepCallbackParams, 12
  33              	ADC_1_DeepSleepCallbackParams:
  34 0018 00000000 		.space	4
  35 001c 00001D41 		.word	1092419584
  36 0020 00000000 		.space	4
  37              		.text
  38              	.Letext0:
  39              		.file 1 "c:\\program files (x86)\\cypress\\psoc creator\\4.2\\psoc creator\\import\\gnu\\arm\\5.4.
  40              		.file 2 "c:\\program files (x86)\\cypress\\psoc creator\\4.2\\psoc creator\\import\\gnu\\arm\\5.4.
  41              		.file 3 "Generated_Source\\PSoC6\\pdl\\devices/psoc6/ip/cyip_sar.h"
  42              		.file 4 "Generated_Source\\PSoC6\\pdl\\drivers/peripheral/syspm/cy_syspm.h"
  43              		.file 5 "Generated_Source\\PSoC6\\pdl\\drivers/peripheral/sar/cy_sar.h"
  44              		.file 6 "Generated_Source\\PSoC6\\ADC_1.h"
  45              		.file 7 "Generated_Source\\PSoC6\\pdl\\cmsis/include/core_cm4.h"
  46              		.file 8 "Generated_Source\\PSoC6\\ADC_1_PM.c"
  47              		.section	.debug_info,"",%progbits
  48              	.Ldebug_info0:
  49 0000 B8070000 		.4byte	0x7b8
  50 0004 0400     		.2byte	0x4
  51 0006 00000000 		.4byte	.Ldebug_abbrev0
  52 000a 04       		.byte	0x4
  53 000b 01       		.uleb128 0x1
  54 000c CC070000 		.4byte	.LASF130
  55 0010 0C       		.byte	0xc
ARM GAS  C:\Users\gjl\AppData\Local\Temp\ccayNbGD.s 			page 2


  56 0011 22070000 		.4byte	.LASF131
  57 0015 BD000000 		.4byte	.LASF132
  58 0019 00000000 		.4byte	.Ldebug_line0
  59 001d 02       		.uleb128 0x2
  60 001e 02       		.byte	0x2
  61 001f 05       		.byte	0x5
  62 0020 B9050000 		.4byte	.LASF0
  63 0024 02       		.uleb128 0x2
  64 0025 01       		.byte	0x1
  65 0026 06       		.byte	0x6
  66 0027 3B010000 		.4byte	.LASF1
  67 002b 02       		.uleb128 0x2
  68 002c 01       		.byte	0x1
  69 002d 08       		.byte	0x8
  70 002e 9A050000 		.4byte	.LASF2
  71 0032 02       		.uleb128 0x2
  72 0033 02       		.byte	0x2
  73 0034 07       		.byte	0x7
  74 0035 32030000 		.4byte	.LASF3
  75 0039 03       		.uleb128 0x3
  76 003a B9030000 		.4byte	.LASF5
  77 003e 01       		.byte	0x1
  78 003f 3F       		.byte	0x3f
  79 0040 44000000 		.4byte	0x44
  80 0044 02       		.uleb128 0x2
  81 0045 04       		.byte	0x4
  82 0046 05       		.byte	0x5
  83 0047 A6010000 		.4byte	.LASF4
  84 004b 03       		.uleb128 0x3
  85 004c 4A020000 		.4byte	.LASF6
  86 0050 01       		.byte	0x1
  87 0051 41       		.byte	0x41
  88 0052 56000000 		.4byte	0x56
  89 0056 02       		.uleb128 0x2
  90 0057 04       		.byte	0x4
  91 0058 07       		.byte	0x7
  92 0059 C1020000 		.4byte	.LASF7
  93 005d 02       		.uleb128 0x2
  94 005e 08       		.byte	0x8
  95 005f 05       		.byte	0x5
  96 0060 2D010000 		.4byte	.LASF8
  97 0064 02       		.uleb128 0x2
  98 0065 08       		.byte	0x8
  99 0066 07       		.byte	0x7
 100 0067 86000000 		.4byte	.LASF9
 101 006b 04       		.uleb128 0x4
 102 006c 04       		.byte	0x4
 103 006d 05       		.byte	0x5
 104 006e 696E7400 		.ascii	"int\000"
 105 0072 02       		.uleb128 0x2
 106 0073 04       		.byte	0x4
 107 0074 07       		.byte	0x7
 108 0075 A0020000 		.4byte	.LASF10
 109 0079 03       		.uleb128 0x3
 110 007a 92050000 		.4byte	.LASF11
 111 007e 02       		.byte	0x2
 112 007f 2C       		.byte	0x2c
ARM GAS  C:\Users\gjl\AppData\Local\Temp\ccayNbGD.s 			page 3


 113 0080 39000000 		.4byte	0x39
 114 0084 03       		.uleb128 0x3
 115 0085 FD050000 		.4byte	.LASF12
 116 0089 02       		.byte	0x2
 117 008a 30       		.byte	0x30
 118 008b 4B000000 		.4byte	0x4b
 119 008f 02       		.uleb128 0x2
 120 0090 04       		.byte	0x4
 121 0091 07       		.byte	0x7
 122 0092 16040000 		.4byte	.LASF13
 123 0096 05       		.uleb128 0x5
 124 0097 84000000 		.4byte	0x84
 125 009b 06       		.uleb128 0x6
 126 009c 96000000 		.4byte	0x96
 127 00a0 07       		.uleb128 0x7
 128 00a1 9B000000 		.4byte	0x9b
 129 00a5 B0000000 		.4byte	0xb0
 130 00a9 08       		.uleb128 0x8
 131 00aa 8F000000 		.4byte	0x8f
 132 00ae 01       		.byte	0x1
 133 00af 00       		.byte	0
 134 00b0 07       		.uleb128 0x7
 135 00b1 96000000 		.4byte	0x96
 136 00b5 C0000000 		.4byte	0xc0
 137 00b9 08       		.uleb128 0x8
 138 00ba 8F000000 		.4byte	0x8f
 139 00be 0F       		.byte	0xf
 140 00bf 00       		.byte	0
 141 00c0 07       		.uleb128 0x7
 142 00c1 9B000000 		.4byte	0x9b
 143 00c5 D0000000 		.4byte	0xd0
 144 00c9 08       		.uleb128 0x8
 145 00ca 8F000000 		.4byte	0x8f
 146 00ce 02       		.byte	0x2
 147 00cf 00       		.byte	0
 148 00d0 07       		.uleb128 0x7
 149 00d1 9B000000 		.4byte	0x9b
 150 00d5 E0000000 		.4byte	0xe0
 151 00d9 08       		.uleb128 0x8
 152 00da 8F000000 		.4byte	0x8f
 153 00de 0F       		.byte	0xf
 154 00df 00       		.byte	0
 155 00e0 07       		.uleb128 0x7
 156 00e1 9B000000 		.4byte	0x9b
 157 00e5 F0000000 		.4byte	0xf0
 158 00e9 08       		.uleb128 0x8
 159 00ea 8F000000 		.4byte	0x8f
 160 00ee 0E       		.byte	0xe
 161 00ef 00       		.byte	0
 162 00f0 09       		.uleb128 0x9
 163 00f1 080F     		.2byte	0xf08
 164 00f3 03       		.byte	0x3
 165 00f4 21       		.byte	0x21
 166 00f5 78030000 		.4byte	0x378
 167 00f9 0A       		.uleb128 0xa
 168 00fa 9A060000 		.4byte	.LASF14
 169 00fe 03       		.byte	0x3
ARM GAS  C:\Users\gjl\AppData\Local\Temp\ccayNbGD.s 			page 4


 170 00ff 22       		.byte	0x22
 171 0100 96000000 		.4byte	0x96
 172 0104 00       		.byte	0
 173 0105 0A       		.uleb128 0xa
 174 0106 5E040000 		.4byte	.LASF15
 175 010a 03       		.byte	0x3
 176 010b 23       		.byte	0x23
 177 010c 96000000 		.4byte	0x96
 178 0110 04       		.byte	0x4
 179 0111 0A       		.uleb128 0xa
 180 0112 D6050000 		.4byte	.LASF16
 181 0116 03       		.byte	0x3
 182 0117 24       		.byte	0x24
 183 0118 7D030000 		.4byte	0x37d
 184 011c 08       		.byte	0x8
 185 011d 0A       		.uleb128 0xa
 186 011e 61020000 		.4byte	.LASF17
 187 0122 03       		.byte	0x3
 188 0123 25       		.byte	0x25
 189 0124 96000000 		.4byte	0x96
 190 0128 10       		.byte	0x10
 191 0129 0A       		.uleb128 0xa
 192 012a A8040000 		.4byte	.LASF18
 193 012e 03       		.byte	0x3
 194 012f 26       		.byte	0x26
 195 0130 96000000 		.4byte	0x96
 196 0134 14       		.byte	0x14
 197 0135 0A       		.uleb128 0xa
 198 0136 6A040000 		.4byte	.LASF19
 199 013a 03       		.byte	0x3
 200 013b 27       		.byte	0x27
 201 013c 96000000 		.4byte	0x96
 202 0140 18       		.byte	0x18
 203 0141 0A       		.uleb128 0xa
 204 0142 7B000000 		.4byte	.LASF20
 205 0146 03       		.byte	0x3
 206 0147 28       		.byte	0x28
 207 0148 96000000 		.4byte	0x96
 208 014c 1C       		.byte	0x1c
 209 014d 0A       		.uleb128 0xa
 210 014e A0040000 		.4byte	.LASF21
 211 0152 03       		.byte	0x3
 212 0153 29       		.byte	0x29
 213 0154 96000000 		.4byte	0x96
 214 0158 20       		.byte	0x20
 215 0159 0A       		.uleb128 0xa
 216 015a CF060000 		.4byte	.LASF22
 217 015e 03       		.byte	0x3
 218 015f 2A       		.byte	0x2a
 219 0160 96000000 		.4byte	0x96
 220 0164 24       		.byte	0x24
 221 0165 0A       		.uleb128 0xa
 222 0166 12050000 		.4byte	.LASF23
 223 016a 03       		.byte	0x3
 224 016b 2B       		.byte	0x2b
 225 016c 97030000 		.4byte	0x397
 226 0170 28       		.byte	0x28
ARM GAS  C:\Users\gjl\AppData\Local\Temp\ccayNbGD.s 			page 5


 227 0171 0A       		.uleb128 0xa
 228 0172 7D020000 		.4byte	.LASF24
 229 0176 03       		.byte	0x3
 230 0177 2C       		.byte	0x2c
 231 0178 9C030000 		.4byte	0x39c
 232 017c 80       		.byte	0x80
 233 017d 0A       		.uleb128 0xa
 234 017e 1C050000 		.4byte	.LASF25
 235 0182 03       		.byte	0x3
 236 0183 2D       		.byte	0x2d
 237 0184 A6030000 		.4byte	0x3a6
 238 0188 C0       		.byte	0xc0
 239 0189 0B       		.uleb128 0xb
 240 018a 7D060000 		.4byte	.LASF26
 241 018e 03       		.byte	0x3
 242 018f 2E       		.byte	0x2e
 243 0190 B0030000 		.4byte	0x3b0
 244 0194 0001     		.2byte	0x100
 245 0196 0B       		.uleb128 0xb
 246 0197 26050000 		.4byte	.LASF27
 247 019b 03       		.byte	0x3
 248 019c 2F       		.byte	0x2f
 249 019d BA030000 		.4byte	0x3ba
 250 01a1 4001     		.2byte	0x140
 251 01a3 0B       		.uleb128 0xb
 252 01a4 37040000 		.4byte	.LASF28
 253 01a8 03       		.byte	0x3
 254 01a9 30       		.byte	0x30
 255 01aa C4030000 		.4byte	0x3c4
 256 01ae 8001     		.2byte	0x180
 257 01b0 0B       		.uleb128 0xb
 258 01b1 30050000 		.4byte	.LASF29
 259 01b5 03       		.byte	0x3
 260 01b6 31       		.byte	0x31
 261 01b7 CE030000 		.4byte	0x3ce
 262 01bb C001     		.2byte	0x1c0
 263 01bd 0B       		.uleb128 0xb
 264 01be 6C030000 		.4byte	.LASF30
 265 01c2 03       		.byte	0x3
 266 01c3 32       		.byte	0x32
 267 01c4 9B000000 		.4byte	0x9b
 268 01c8 0002     		.2byte	0x200
 269 01ca 0B       		.uleb128 0xb
 270 01cb FA060000 		.4byte	.LASF31
 271 01cf 03       		.byte	0x3
 272 01d0 33       		.byte	0x33
 273 01d1 9B000000 		.4byte	0x9b
 274 01d5 0402     		.2byte	0x204
 275 01d7 0B       		.uleb128 0xb
 276 01d8 F1020000 		.4byte	.LASF32
 277 01dc 03       		.byte	0x3
 278 01dd 34       		.byte	0x34
 279 01de 9B000000 		.4byte	0x9b
 280 01e2 0802     		.2byte	0x208
 281 01e4 0B       		.uleb128 0xb
 282 01e5 DF050000 		.4byte	.LASF33
 283 01e9 03       		.byte	0x3
ARM GAS  C:\Users\gjl\AppData\Local\Temp\ccayNbGD.s 			page 6


 284 01ea 35       		.byte	0x35
 285 01eb 9B000000 		.4byte	0x9b
 286 01ef 0C02     		.2byte	0x20c
 287 01f1 0B       		.uleb128 0xb
 288 01f2 61060000 		.4byte	.LASF34
 289 01f6 03       		.byte	0x3
 290 01f7 36       		.byte	0x36
 291 01f8 96000000 		.4byte	0x96
 292 01fc 1002     		.2byte	0x210
 293 01fe 0B       		.uleb128 0xb
 294 01ff 08040000 		.4byte	.LASF35
 295 0203 03       		.byte	0x3
 296 0204 37       		.byte	0x37
 297 0205 96000000 		.4byte	0x96
 298 0209 1402     		.2byte	0x214
 299 020b 0B       		.uleb128 0xb
 300 020c 17030000 		.4byte	.LASF36
 301 0210 03       		.byte	0x3
 302 0211 38       		.byte	0x38
 303 0212 96000000 		.4byte	0x96
 304 0216 1802     		.2byte	0x218
 305 0218 0B       		.uleb128 0xb
 306 0219 00050000 		.4byte	.LASF37
 307 021d 03       		.byte	0x3
 308 021e 39       		.byte	0x39
 309 021f 9B000000 		.4byte	0x9b
 310 0223 1C02     		.2byte	0x21c
 311 0225 0B       		.uleb128 0xb
 312 0226 6F020000 		.4byte	.LASF38
 313 022a 03       		.byte	0x3
 314 022b 3A       		.byte	0x3a
 315 022c 96000000 		.4byte	0x96
 316 0230 2002     		.2byte	0x220
 317 0232 0B       		.uleb128 0xb
 318 0233 D2040000 		.4byte	.LASF39
 319 0237 03       		.byte	0x3
 320 0238 3B       		.byte	0x3b
 321 0239 96000000 		.4byte	0x96
 322 023d 2402     		.2byte	0x224
 323 023f 0B       		.uleb128 0xb
 324 0240 9D000000 		.4byte	.LASF40
 325 0244 03       		.byte	0x3
 326 0245 3C       		.byte	0x3c
 327 0246 96000000 		.4byte	0x96
 328 024a 2802     		.2byte	0x228
 329 024c 0B       		.uleb128 0xb
 330 024d 4C060000 		.4byte	.LASF41
 331 0251 03       		.byte	0x3
 332 0252 3D       		.byte	0x3d
 333 0253 9B000000 		.4byte	0x9b
 334 0257 2C02     		.2byte	0x22c
 335 0259 0B       		.uleb128 0xb
 336 025a 61030000 		.4byte	.LASF42
 337 025e 03       		.byte	0x3
 338 025f 3E       		.byte	0x3e
 339 0260 96000000 		.4byte	0x96
 340 0264 3002     		.2byte	0x230
ARM GAS  C:\Users\gjl\AppData\Local\Temp\ccayNbGD.s 			page 7


 341 0266 0B       		.uleb128 0xb
 342 0267 90070000 		.4byte	.LASF43
 343 026b 03       		.byte	0x3
 344 026c 3F       		.byte	0x3f
 345 026d 96000000 		.4byte	0x96
 346 0271 3402     		.2byte	0x234
 347 0273 0B       		.uleb128 0xb
 348 0274 3C060000 		.4byte	.LASF44
 349 0278 03       		.byte	0x3
 350 0279 40       		.byte	0x40
 351 027a 96000000 		.4byte	0x96
 352 027e 3802     		.2byte	0x238
 353 0280 0B       		.uleb128 0xb
 354 0281 7F080000 		.4byte	.LASF45
 355 0285 03       		.byte	0x3
 356 0286 41       		.byte	0x41
 357 0287 9B000000 		.4byte	0x9b
 358 028b 3C02     		.2byte	0x23c
 359 028d 0B       		.uleb128 0xb
 360 028e C1010000 		.4byte	.LASF46
 361 0292 03       		.byte	0x3
 362 0293 42       		.byte	0x42
 363 0294 9B000000 		.4byte	0x9b
 364 0298 4002     		.2byte	0x240
 365 029a 0B       		.uleb128 0xb
 366 029b 3A050000 		.4byte	.LASF47
 367 029f 03       		.byte	0x3
 368 02a0 43       		.byte	0x43
 369 02a1 D8030000 		.4byte	0x3d8
 370 02a5 4402     		.2byte	0x244
 371 02a7 0B       		.uleb128 0xb
 372 02a8 1F040000 		.4byte	.LASF48
 373 02ac 03       		.byte	0x3
 374 02ad 44       		.byte	0x44
 375 02ae 96000000 		.4byte	0x96
 376 02b2 8002     		.2byte	0x280
 377 02b4 0B       		.uleb128 0xb
 378 02b5 44050000 		.4byte	.LASF49
 379 02b9 03       		.byte	0x3
 380 02ba 45       		.byte	0x45
 381 02bb E2030000 		.4byte	0x3e2
 382 02bf 8402     		.2byte	0x284
 383 02c1 0B       		.uleb128 0xb
 384 02c2 CC010000 		.4byte	.LASF50
 385 02c6 03       		.byte	0x3
 386 02c7 46       		.byte	0x46
 387 02c8 9B000000 		.4byte	0x9b
 388 02cc 9002     		.2byte	0x290
 389 02ce 0B       		.uleb128 0xb
 390 02cf 4E050000 		.4byte	.LASF51
 391 02d3 03       		.byte	0x3
 392 02d4 47       		.byte	0x47
 393 02d5 EC030000 		.4byte	0x3ec
 394 02d9 9402     		.2byte	0x294
 395 02db 0B       		.uleb128 0xb
 396 02dc 6B060000 		.4byte	.LASF52
 397 02e0 03       		.byte	0x3
ARM GAS  C:\Users\gjl\AppData\Local\Temp\ccayNbGD.s 			page 8


 398 02e1 48       		.byte	0x48
 399 02e2 9B000000 		.4byte	0x9b
 400 02e6 A002     		.2byte	0x2a0
 401 02e8 0B       		.uleb128 0xb
 402 02e9 B6040000 		.4byte	.LASF53
 403 02ed 03       		.byte	0x3
 404 02ee 49       		.byte	0x49
 405 02ef 9B000000 		.4byte	0x9b
 406 02f3 A402     		.2byte	0x2a4
 407 02f5 0B       		.uleb128 0xb
 408 02f6 58050000 		.4byte	.LASF54
 409 02fa 03       		.byte	0x3
 410 02fb 4A       		.byte	0x4a
 411 02fc F6030000 		.4byte	0x3f6
 412 0300 A802     		.2byte	0x2a8
 413 0302 0B       		.uleb128 0xb
 414 0303 6A000000 		.4byte	.LASF55
 415 0307 03       		.byte	0x3
 416 0308 4B       		.byte	0x4b
 417 0309 96000000 		.4byte	0x96
 418 030d 0003     		.2byte	0x300
 419 030f 0B       		.uleb128 0xb
 420 0310 F6010000 		.4byte	.LASF56
 421 0314 03       		.byte	0x3
 422 0315 4C       		.byte	0x4c
 423 0316 96000000 		.4byte	0x96
 424 031a 0403     		.2byte	0x304
 425 031c 0B       		.uleb128 0xb
 426 031d 62050000 		.4byte	.LASF57
 427 0321 03       		.byte	0x3
 428 0322 4D       		.byte	0x4d
 429 0323 10040000 		.4byte	0x410
 430 0327 0803     		.2byte	0x308
 431 0329 0B       		.uleb128 0xb
 432 032a 04030000 		.4byte	.LASF58
 433 032e 03       		.byte	0x3
 434 032f 4E       		.byte	0x4e
 435 0330 96000000 		.4byte	0x96
 436 0334 4003     		.2byte	0x340
 437 0336 0B       		.uleb128 0xb
 438 0337 87060000 		.4byte	.LASF59
 439 033b 03       		.byte	0x3
 440 033c 4F       		.byte	0x4f
 441 033d 96000000 		.4byte	0x96
 442 0341 4403     		.2byte	0x344
 443 0343 0B       		.uleb128 0xb
 444 0344 AF010000 		.4byte	.LASF60
 445 0348 03       		.byte	0x3
 446 0349 50       		.byte	0x50
 447 034a 9B000000 		.4byte	0x9b
 448 034e 4803     		.2byte	0x348
 449 0350 0B       		.uleb128 0xb
 450 0351 75010000 		.4byte	.LASF61
 451 0355 03       		.byte	0x3
 452 0356 51       		.byte	0x51
 453 0357 2B040000 		.4byte	0x42b
 454 035b 4C03     		.2byte	0x34c
ARM GAS  C:\Users\gjl\AppData\Local\Temp\ccayNbGD.s 			page 9


 455 035d 0B       		.uleb128 0xb
 456 035e 05010000 		.4byte	.LASF62
 457 0362 03       		.byte	0x3
 458 0363 52       		.byte	0x52
 459 0364 96000000 		.4byte	0x96
 460 0368 000F     		.2byte	0xf00
 461 036a 0B       		.uleb128 0xb
 462 036b 0F010000 		.4byte	.LASF63
 463 036f 03       		.byte	0x3
 464 0370 53       		.byte	0x53
 465 0371 96000000 		.4byte	0x96
 466 0375 040F     		.2byte	0xf04
 467 0377 00       		.byte	0
 468 0378 05       		.uleb128 0x5
 469 0379 A0000000 		.4byte	0xa0
 470 037d 06       		.uleb128 0x6
 471 037e 78030000 		.4byte	0x378
 472 0382 07       		.uleb128 0x7
 473 0383 9B000000 		.4byte	0x9b
 474 0387 92030000 		.4byte	0x392
 475 038b 08       		.uleb128 0x8
 476 038c 8F000000 		.4byte	0x8f
 477 0390 15       		.byte	0x15
 478 0391 00       		.byte	0
 479 0392 05       		.uleb128 0x5
 480 0393 82030000 		.4byte	0x382
 481 0397 06       		.uleb128 0x6
 482 0398 92030000 		.4byte	0x392
 483 039c 05       		.uleb128 0x5
 484 039d B0000000 		.4byte	0xb0
 485 03a1 05       		.uleb128 0x5
 486 03a2 D0000000 		.4byte	0xd0
 487 03a6 06       		.uleb128 0x6
 488 03a7 A1030000 		.4byte	0x3a1
 489 03ab 05       		.uleb128 0x5
 490 03ac D0000000 		.4byte	0xd0
 491 03b0 06       		.uleb128 0x6
 492 03b1 AB030000 		.4byte	0x3ab
 493 03b5 05       		.uleb128 0x5
 494 03b6 D0000000 		.4byte	0xd0
 495 03ba 06       		.uleb128 0x6
 496 03bb B5030000 		.4byte	0x3b5
 497 03bf 05       		.uleb128 0x5
 498 03c0 D0000000 		.4byte	0xd0
 499 03c4 06       		.uleb128 0x6
 500 03c5 BF030000 		.4byte	0x3bf
 501 03c9 05       		.uleb128 0x5
 502 03ca D0000000 		.4byte	0xd0
 503 03ce 06       		.uleb128 0x6
 504 03cf C9030000 		.4byte	0x3c9
 505 03d3 05       		.uleb128 0x5
 506 03d4 E0000000 		.4byte	0xe0
 507 03d8 06       		.uleb128 0x6
 508 03d9 D3030000 		.4byte	0x3d3
 509 03dd 05       		.uleb128 0x5
 510 03de C0000000 		.4byte	0xc0
 511 03e2 06       		.uleb128 0x6
ARM GAS  C:\Users\gjl\AppData\Local\Temp\ccayNbGD.s 			page 10


 512 03e3 DD030000 		.4byte	0x3dd
 513 03e7 05       		.uleb128 0x5
 514 03e8 C0000000 		.4byte	0xc0
 515 03ec 06       		.uleb128 0x6
 516 03ed E7030000 		.4byte	0x3e7
 517 03f1 05       		.uleb128 0x5
 518 03f2 82030000 		.4byte	0x382
 519 03f6 06       		.uleb128 0x6
 520 03f7 F1030000 		.4byte	0x3f1
 521 03fb 07       		.uleb128 0x7
 522 03fc 9B000000 		.4byte	0x9b
 523 0400 0B040000 		.4byte	0x40b
 524 0404 08       		.uleb128 0x8
 525 0405 8F000000 		.4byte	0x8f
 526 0409 0D       		.byte	0xd
 527 040a 00       		.byte	0
 528 040b 05       		.uleb128 0x5
 529 040c FB030000 		.4byte	0x3fb
 530 0410 06       		.uleb128 0x6
 531 0411 0B040000 		.4byte	0x40b
 532 0415 07       		.uleb128 0x7
 533 0416 9B000000 		.4byte	0x9b
 534 041a 26040000 		.4byte	0x426
 535 041e 0C       		.uleb128 0xc
 536 041f 8F000000 		.4byte	0x8f
 537 0423 EC02     		.2byte	0x2ec
 538 0425 00       		.byte	0
 539 0426 05       		.uleb128 0x5
 540 0427 15040000 		.4byte	0x415
 541 042b 06       		.uleb128 0x6
 542 042c 26040000 		.4byte	0x426
 543 0430 03       		.uleb128 0x3
 544 0431 F4050000 		.4byte	.LASF64
 545 0435 03       		.byte	0x3
 546 0436 54       		.byte	0x54
 547 0437 F0000000 		.4byte	0xf0
 548 043b 02       		.uleb128 0x2
 549 043c 08       		.byte	0x8
 550 043d 04       		.byte	0x4
 551 043e 26060000 		.4byte	.LASF65
 552 0442 02       		.uleb128 0x2
 553 0443 01       		.byte	0x1
 554 0444 08       		.byte	0x8
 555 0445 32060000 		.4byte	.LASF66
 556 0449 02       		.uleb128 0x2
 557 044a 04       		.byte	0x4
 558 044b 04       		.byte	0x4
 559 044c 0C050000 		.4byte	.LASF67
 560 0450 02       		.uleb128 0x2
 561 0451 08       		.byte	0x8
 562 0452 04       		.byte	0x4
 563 0453 EF010000 		.4byte	.LASF68
 564 0457 0D       		.uleb128 0xd
 565 0458 04       		.byte	0x4
 566 0459 72000000 		.4byte	0x72
 567 045d 04       		.byte	0x4
 568 045e 9703     		.2byte	0x397
ARM GAS  C:\Users\gjl\AppData\Local\Temp\ccayNbGD.s 			page 11


 569 0460 8F040000 		.4byte	0x48f
 570 0464 0E       		.uleb128 0xe
 571 0465 44070000 		.4byte	.LASF69
 572 0469 00       		.byte	0
 573 046a 0F       		.uleb128 0xf
 574 046b 39000000 		.4byte	.LASF70
 575 046f 01004200 		.4byte	0x420001
 576 0473 0F       		.uleb128 0xf
 577 0474 1C000000 		.4byte	.LASF71
 578 0478 02004200 		.4byte	0x420002
 579 047c 0F       		.uleb128 0xf
 580 047d 89020000 		.4byte	.LASF72
 581 0481 03004200 		.4byte	0x420003
 582 0485 0F       		.uleb128 0xf
 583 0486 9F060000 		.4byte	.LASF73
 584 048a FF004200 		.4byte	0x4200ff
 585 048e 00       		.byte	0
 586 048f 10       		.uleb128 0x10
 587 0490 DA060000 		.4byte	.LASF74
 588 0494 04       		.byte	0x4
 589 0495 9E03     		.2byte	0x39e
 590 0497 57040000 		.4byte	0x457
 591 049b 0D       		.uleb128 0xd
 592 049c 01       		.byte	0x1
 593 049d 2B000000 		.4byte	0x2b
 594 04a1 04       		.byte	0x4
 595 04a2 2D04     		.2byte	0x42d
 596 04a4 C7040000 		.4byte	0x4c7
 597 04a8 0E       		.uleb128 0xe
 598 04a9 76040000 		.4byte	.LASF75
 599 04ad 00       		.byte	0
 600 04ae 0E       		.uleb128 0xe
 601 04af A6030000 		.4byte	.LASF76
 602 04b3 01       		.byte	0x1
 603 04b4 0E       		.uleb128 0xe
 604 04b5 BF040000 		.4byte	.LASF77
 605 04b9 02       		.byte	0x2
 606 04ba 0E       		.uleb128 0xe
 607 04bb AF070000 		.4byte	.LASF78
 608 04bf 03       		.byte	0x3
 609 04c0 0E       		.uleb128 0xe
 610 04c1 D2030000 		.4byte	.LASF79
 611 04c5 04       		.byte	0x4
 612 04c6 00       		.byte	0
 613 04c7 10       		.uleb128 0x10
 614 04c8 00000000 		.4byte	.LASF80
 615 04cc 04       		.byte	0x4
 616 04cd 3304     		.2byte	0x433
 617 04cf 9B040000 		.4byte	0x49b
 618 04d3 0D       		.uleb128 0xd
 619 04d4 01       		.byte	0x1
 620 04d5 2B000000 		.4byte	0x2b
 621 04d9 04       		.byte	0x4
 622 04da 3704     		.2byte	0x437
 623 04dc F9040000 		.4byte	0x4f9
 624 04e0 0E       		.uleb128 0xe
 625 04e1 6F070000 		.4byte	.LASF81
ARM GAS  C:\Users\gjl\AppData\Local\Temp\ccayNbGD.s 			page 12


 626 04e5 01       		.byte	0x1
 627 04e6 0E       		.uleb128 0xe
 628 04e7 AD020000 		.4byte	.LASF82
 629 04eb 02       		.byte	0x2
 630 04ec 0E       		.uleb128 0xe
 631 04ed 85040000 		.4byte	.LASF83
 632 04f1 04       		.byte	0x4
 633 04f2 0E       		.uleb128 0xe
 634 04f3 EE030000 		.4byte	.LASF84
 635 04f7 08       		.byte	0x8
 636 04f8 00       		.byte	0
 637 04f9 10       		.uleb128 0x10
 638 04fa E4040000 		.4byte	.LASF85
 639 04fe 04       		.byte	0x4
 640 04ff 4104     		.2byte	0x441
 641 0501 D3040000 		.4byte	0x4d3
 642 0505 11       		.uleb128 0x11
 643 0506 0C       		.byte	0xc
 644 0507 04       		.byte	0x4
 645 0508 5D04     		.2byte	0x45d
 646 050a 36050000 		.4byte	0x536
 647 050e 12       		.uleb128 0x12
 648 050f 37060000 		.4byte	.LASF86
 649 0513 04       		.byte	0x4
 650 0514 5F04     		.2byte	0x45f
 651 0516 F9040000 		.4byte	0x4f9
 652 051a 00       		.byte	0
 653 051b 12       		.uleb128 0x12
 654 051c 11040000 		.4byte	.LASF87
 655 0520 04       		.byte	0x4
 656 0521 6304     		.2byte	0x463
 657 0523 36050000 		.4byte	0x536
 658 0527 04       		.byte	0x4
 659 0528 12       		.uleb128 0x12
 660 0529 2A030000 		.4byte	.LASF88
 661 052d 04       		.byte	0x4
 662 052e 6504     		.2byte	0x465
 663 0530 36050000 		.4byte	0x536
 664 0534 08       		.byte	0x8
 665 0535 00       		.byte	0
 666 0536 13       		.uleb128 0x13
 667 0537 04       		.byte	0x4
 668 0538 10       		.uleb128 0x10
 669 0539 15020000 		.4byte	.LASF89
 670 053d 04       		.byte	0x4
 671 053e 6804     		.2byte	0x468
 672 0540 05050000 		.4byte	0x505
 673 0544 10       		.uleb128 0x10
 674 0545 A8050000 		.4byte	.LASF90
 675 0549 04       		.byte	0x4
 676 054a 6B04     		.2byte	0x46b
 677 054c 50050000 		.4byte	0x550
 678 0550 14       		.uleb128 0x14
 679 0551 04       		.byte	0x4
 680 0552 56050000 		.4byte	0x556
 681 0556 15       		.uleb128 0x15
 682 0557 8F040000 		.4byte	0x48f
ARM GAS  C:\Users\gjl\AppData\Local\Temp\ccayNbGD.s 			page 13


 683 055b 65050000 		.4byte	0x565
 684 055f 16       		.uleb128 0x16
 685 0560 65050000 		.4byte	0x565
 686 0564 00       		.byte	0
 687 0565 14       		.uleb128 0x14
 688 0566 04       		.byte	0x4
 689 0567 38050000 		.4byte	0x538
 690 056b 17       		.uleb128 0x17
 691 056c 34020000 		.4byte	.LASF133
 692 0570 18       		.byte	0x18
 693 0571 04       		.byte	0x4
 694 0572 6E04     		.2byte	0x46e
 695 0574 C7050000 		.4byte	0x5c7
 696 0578 12       		.uleb128 0x12
 697 0579 7E030000 		.4byte	.LASF91
 698 057d 04       		.byte	0x4
 699 057e 7004     		.2byte	0x470
 700 0580 44050000 		.4byte	0x544
 701 0584 00       		.byte	0
 702 0585 12       		.uleb128 0x12
 703 0586 76000000 		.4byte	.LASF92
 704 058a 04       		.byte	0x4
 705 058b 7104     		.2byte	0x471
 706 058d C7040000 		.4byte	0x4c7
 707 0591 04       		.byte	0x4
 708 0592 12       		.uleb128 0x12
 709 0593 21030000 		.4byte	.LASF93
 710 0597 04       		.byte	0x4
 711 0598 7204     		.2byte	0x472
 712 059a 84000000 		.4byte	0x84
 713 059e 08       		.byte	0x8
 714 059f 12       		.uleb128 0x12
 715 05a0 C3030000 		.4byte	.LASF94
 716 05a4 04       		.byte	0x4
 717 05a5 7904     		.2byte	0x479
 718 05a7 65050000 		.4byte	0x565
 719 05ab 0C       		.byte	0xc
 720 05ac 12       		.uleb128 0x12
 721 05ad 9E030000 		.4byte	.LASF95
 722 05b1 04       		.byte	0x4
 723 05b2 7C04     		.2byte	0x47c
 724 05b4 C7050000 		.4byte	0x5c7
 725 05b8 10       		.byte	0x10
 726 05b9 12       		.uleb128 0x12
 727 05ba 2F040000 		.4byte	.LASF96
 728 05be 04       		.byte	0x4
 729 05bf 8204     		.2byte	0x482
 730 05c1 C7050000 		.4byte	0x5c7
 731 05c5 14       		.byte	0x14
 732 05c6 00       		.byte	0
 733 05c7 14       		.uleb128 0x14
 734 05c8 04       		.byte	0x4
 735 05c9 6B050000 		.4byte	0x56b
 736 05cd 10       		.uleb128 0x10
 737 05ce AD060000 		.4byte	.LASF97
 738 05d2 04       		.byte	0x4
 739 05d3 8704     		.2byte	0x487
ARM GAS  C:\Users\gjl\AppData\Local\Temp\ccayNbGD.s 			page 14


 740 05d5 6B050000 		.4byte	0x56b
 741 05d9 0D       		.uleb128 0xd
 742 05da 01       		.byte	0x1
 743 05db 2B000000 		.4byte	0x2b
 744 05df 05       		.byte	0x5
 745 05e0 0504     		.2byte	0x405
 746 05e2 FF050000 		.4byte	0x5ff
 747 05e6 0E       		.uleb128 0xe
 748 05e7 8E010000 		.4byte	.LASF98
 749 05eb 00       		.byte	0
 750 05ec 0E       		.uleb128 0xe
 751 05ed 73050000 		.4byte	.LASF99
 752 05f1 01       		.byte	0x1
 753 05f2 0E       		.uleb128 0xe
 754 05f3 D7010000 		.4byte	.LASF100
 755 05f7 02       		.byte	0x2
 756 05f8 0E       		.uleb128 0xe
 757 05f9 55070000 		.4byte	.LASF101
 758 05fd 03       		.byte	0x3
 759 05fe 00       		.byte	0
 760 05ff 10       		.uleb128 0x10
 761 0600 47010000 		.4byte	.LASF102
 762 0604 05       		.byte	0x5
 763 0605 0A04     		.2byte	0x40a
 764 0607 D9050000 		.4byte	0x5d9
 765 060b 11       		.uleb128 0x11
 766 060c 78       		.byte	0x78
 767 060d 05       		.byte	0x5
 768 060e F404     		.2byte	0x4f4
 769 0610 D8060000 		.4byte	0x6d8
 770 0614 12       		.uleb128 0x12
 771 0615 66060000 		.4byte	.LASF103
 772 0619 05       		.byte	0x5
 773 061a F604     		.2byte	0x4f6
 774 061c 84000000 		.4byte	0x84
 775 0620 00       		.byte	0
 776 0621 12       		.uleb128 0x12
 777 0622 EF060000 		.4byte	.LASF104
 778 0626 05       		.byte	0x5
 779 0627 F704     		.2byte	0x4f7
 780 0629 84000000 		.4byte	0x84
 781 062d 04       		.byte	0x4
 782 062e 12       		.uleb128 0x12
 783 062f 08020000 		.4byte	.LASF105
 784 0633 05       		.byte	0x5
 785 0634 F804     		.2byte	0x4f8
 786 0636 84000000 		.4byte	0x84
 787 063a 08       		.byte	0x8
 788 063b 12       		.uleb128 0x12
 789 063c 43040000 		.4byte	.LASF106
 790 0640 05       		.byte	0x5
 791 0641 F904     		.2byte	0x4f9
 792 0643 84000000 		.4byte	0x84
 793 0647 0C       		.byte	0xc
 794 0648 12       		.uleb128 0x12
 795 0649 56030000 		.4byte	.LASF107
 796 064d 05       		.byte	0x5
ARM GAS  C:\Users\gjl\AppData\Local\Temp\ccayNbGD.s 			page 15


 797 064e FA04     		.2byte	0x4fa
 798 0650 84000000 		.4byte	0x84
 799 0654 10       		.byte	0x10
 800 0655 12       		.uleb128 0x12
 801 0656 C5060000 		.4byte	.LASF108
 802 065a 05       		.byte	0x5
 803 065b FB04     		.2byte	0x4fb
 804 065d FF050000 		.4byte	0x5ff
 805 0661 14       		.byte	0x14
 806 0662 12       		.uleb128 0x12
 807 0663 6C050000 		.4byte	.LASF109
 808 0667 05       		.byte	0x5
 809 0668 FC04     		.2byte	0x4fc
 810 066a 84000000 		.4byte	0x84
 811 066e 18       		.byte	0x18
 812 066f 12       		.uleb128 0x12
 813 0670 93030000 		.4byte	.LASF110
 814 0674 05       		.byte	0x5
 815 0675 FD04     		.2byte	0x4fd
 816 0677 D8060000 		.4byte	0x6d8
 817 067b 1C       		.byte	0x1c
 818 067c 12       		.uleb128 0x12
 819 067d CD050000 		.4byte	.LASF111
 820 0681 05       		.byte	0x5
 821 0682 FE04     		.2byte	0x4fe
 822 0684 84000000 		.4byte	0x84
 823 0688 5C       		.byte	0x5c
 824 0689 12       		.uleb128 0x12
 825 068a 2D000000 		.4byte	.LASF112
 826 068e 05       		.byte	0x5
 827 068f FF04     		.2byte	0x4ff
 828 0691 84000000 		.4byte	0x84
 829 0695 60       		.byte	0x60
 830 0696 12       		.uleb128 0x12
 831 0697 80010000 		.4byte	.LASF113
 832 069b 05       		.byte	0x5
 833 069c 0005     		.2byte	0x500
 834 069e 84000000 		.4byte	0x84
 835 06a2 64       		.byte	0x64
 836 06a3 12       		.uleb128 0x12
 837 06a4 C3050000 		.4byte	.LASF114
 838 06a8 05       		.byte	0x5
 839 06a9 0105     		.2byte	0x501
 840 06ab 84000000 		.4byte	0x84
 841 06af 68       		.byte	0x68
 842 06b0 12       		.uleb128 0x12
 843 06b1 9F070000 		.4byte	.LASF115
 844 06b5 05       		.byte	0x5
 845 06b6 0205     		.2byte	0x502
 846 06b8 84000000 		.4byte	0x84
 847 06bc 6C       		.byte	0x6c
 848 06bd 12       		.uleb128 0x12
 849 06be 50040000 		.4byte	.LASF116
 850 06c2 05       		.byte	0x5
 851 06c3 0305     		.2byte	0x503
 852 06c5 E8060000 		.4byte	0x6e8
 853 06c9 70       		.byte	0x70
ARM GAS  C:\Users\gjl\AppData\Local\Temp\ccayNbGD.s 			page 16


 854 06ca 12       		.uleb128 0x12
 855 06cb 1A060000 		.4byte	.LASF117
 856 06cf 05       		.byte	0x5
 857 06d0 0405     		.2byte	0x504
 858 06d2 84000000 		.4byte	0x84
 859 06d6 74       		.byte	0x74
 860 06d7 00       		.byte	0
 861 06d8 07       		.uleb128 0x7
 862 06d9 84000000 		.4byte	0x84
 863 06dd E8060000 		.4byte	0x6e8
 864 06e1 08       		.uleb128 0x8
 865 06e2 8F000000 		.4byte	0x8f
 866 06e6 0F       		.byte	0xf
 867 06e7 00       		.byte	0
 868 06e8 02       		.uleb128 0x2
 869 06e9 01       		.byte	0x1
 870 06ea 02       		.byte	0x2
 871 06eb 8C050000 		.4byte	.LASF118
 872 06ef 10       		.uleb128 0x10
 873 06f0 19010000 		.4byte	.LASF119
 874 06f4 05       		.byte	0x5
 875 06f5 0505     		.2byte	0x505
 876 06f7 0B060000 		.4byte	0x60b
 877 06fb 18       		.uleb128 0x18
 878 06fc 14       		.byte	0x14
 879 06fd 06       		.byte	0x6
 880 06fe 3B       		.byte	0x3b
 881 06ff 40070000 		.4byte	0x740
 882 0703 0A       		.uleb128 0xa
 883 0704 84070000 		.4byte	.LASF120
 884 0708 06       		.byte	0x6
 885 0709 3D       		.byte	0x3d
 886 070a 84000000 		.4byte	0x84
 887 070e 00       		.byte	0
 888 070f 0A       		.uleb128 0xa
 889 0710 87030000 		.4byte	.LASF121
 890 0714 06       		.byte	0x6
 891 0715 3E       		.byte	0x3e
 892 0716 84000000 		.4byte	0x84
 893 071a 04       		.byte	0x4
 894 071b 0A       		.uleb128 0xa
 895 071c 55020000 		.4byte	.LASF122
 896 0720 06       		.byte	0x6
 897 0721 3F       		.byte	0x3f
 898 0722 40070000 		.4byte	0x740
 899 0726 08       		.byte	0x8
 900 0727 0A       		.uleb128 0xa
 901 0728 72060000 		.4byte	.LASF123
 902 072c 06       		.byte	0x6
 903 072d 40       		.byte	0x40
 904 072e 84000000 		.4byte	0x84
 905 0732 0C       		.byte	0xc
 906 0733 0A       		.uleb128 0xa
 907 0734 6A010000 		.4byte	.LASF124
 908 0738 06       		.byte	0x6
 909 0739 45       		.byte	0x45
 910 073a 84000000 		.4byte	0x84
ARM GAS  C:\Users\gjl\AppData\Local\Temp\ccayNbGD.s 			page 17


 911 073e 10       		.byte	0x10
 912 073f 00       		.byte	0
 913 0740 14       		.uleb128 0x14
 914 0741 04       		.byte	0x4
 915 0742 46070000 		.4byte	0x746
 916 0746 06       		.uleb128 0x6
 917 0747 EF060000 		.4byte	0x6ef
 918 074b 03       		.uleb128 0x3
 919 074c 0E070000 		.4byte	.LASF125
 920 0750 06       		.byte	0x6
 921 0751 48       		.byte	0x48
 922 0752 FB060000 		.4byte	0x6fb
 923 0756 19       		.uleb128 0x19
 924 0757 D3020000 		.4byte	.LASF134
 925 075b 08       		.byte	0x8
 926 075c 29       		.byte	0x29
 927 075d 38050000 		.4byte	0x538
 928 0761 05       		.uleb128 0x5
 929 0762 03       		.byte	0x3
 930 0763 18000000 		.4byte	ADC_1_DeepSleepCallbackParams
 931 0767 1A       		.uleb128 0x1a
 932 0768 B0000000 		.4byte	.LASF126
 933 076c 07       		.byte	0x7
 934 076d EA07     		.2byte	0x7ea
 935 076f 73070000 		.4byte	0x773
 936 0773 05       		.uleb128 0x5
 937 0774 79000000 		.4byte	0x79
 938 0778 1A       		.uleb128 0x1a
 939 0779 06060000 		.4byte	.LASF127
 940 077d 06       		.byte	0x6
 941 077e 6001     		.2byte	0x160
 942 0780 84000000 		.4byte	0x84
 943 0784 07       		.uleb128 0x7
 944 0785 94070000 		.4byte	0x794
 945 0789 94070000 		.4byte	0x794
 946 078d 08       		.uleb128 0x8
 947 078e 8F000000 		.4byte	0x8f
 948 0792 00       		.byte	0
 949 0793 00       		.byte	0
 950 0794 06       		.uleb128 0x6
 951 0795 4B070000 		.4byte	0x74b
 952 0799 1A       		.uleb128 0x1a
 953 079a 45030000 		.4byte	.LASF128
 954 079e 06       		.byte	0x6
 955 079f 6401     		.2byte	0x164
 956 07a1 A5070000 		.4byte	0x7a5
 957 07a5 06       		.uleb128 0x6
 958 07a6 84070000 		.4byte	0x784
 959 07aa 1B       		.uleb128 0x1b
 960 07ab 4C000000 		.4byte	.LASF129
 961 07af 08       		.byte	0x8
 962 07b0 2D       		.byte	0x2d
 963 07b1 CD050000 		.4byte	0x5cd
 964 07b5 05       		.uleb128 0x5
 965 07b6 03       		.byte	0x3
 966 07b7 00000000 		.4byte	ADC_1_DeepSleepCallbackStruct
 967 07bb 00       		.byte	0
ARM GAS  C:\Users\gjl\AppData\Local\Temp\ccayNbGD.s 			page 18


 968              		.section	.debug_abbrev,"",%progbits
 969              	.Ldebug_abbrev0:
 970 0000 01       		.uleb128 0x1
 971 0001 11       		.uleb128 0x11
 972 0002 01       		.byte	0x1
 973 0003 25       		.uleb128 0x25
 974 0004 0E       		.uleb128 0xe
 975 0005 13       		.uleb128 0x13
 976 0006 0B       		.uleb128 0xb
 977 0007 03       		.uleb128 0x3
 978 0008 0E       		.uleb128 0xe
 979 0009 1B       		.uleb128 0x1b
 980 000a 0E       		.uleb128 0xe
 981 000b 10       		.uleb128 0x10
 982 000c 17       		.uleb128 0x17
 983 000d 00       		.byte	0
 984 000e 00       		.byte	0
 985 000f 02       		.uleb128 0x2
 986 0010 24       		.uleb128 0x24
 987 0011 00       		.byte	0
 988 0012 0B       		.uleb128 0xb
 989 0013 0B       		.uleb128 0xb
 990 0014 3E       		.uleb128 0x3e
 991 0015 0B       		.uleb128 0xb
 992 0016 03       		.uleb128 0x3
 993 0017 0E       		.uleb128 0xe
 994 0018 00       		.byte	0
 995 0019 00       		.byte	0
 996 001a 03       		.uleb128 0x3
 997 001b 16       		.uleb128 0x16
 998 001c 00       		.byte	0
 999 001d 03       		.uleb128 0x3
 1000 001e 0E       		.uleb128 0xe
 1001 001f 3A       		.uleb128 0x3a
 1002 0020 0B       		.uleb128 0xb
 1003 0021 3B       		.uleb128 0x3b
 1004 0022 0B       		.uleb128 0xb
 1005 0023 49       		.uleb128 0x49
 1006 0024 13       		.uleb128 0x13
 1007 0025 00       		.byte	0
 1008 0026 00       		.byte	0
 1009 0027 04       		.uleb128 0x4
 1010 0028 24       		.uleb128 0x24
 1011 0029 00       		.byte	0
 1012 002a 0B       		.uleb128 0xb
 1013 002b 0B       		.uleb128 0xb
 1014 002c 3E       		.uleb128 0x3e
 1015 002d 0B       		.uleb128 0xb
 1016 002e 03       		.uleb128 0x3
 1017 002f 08       		.uleb128 0x8
 1018 0030 00       		.byte	0
 1019 0031 00       		.byte	0
 1020 0032 05       		.uleb128 0x5
 1021 0033 35       		.uleb128 0x35
 1022 0034 00       		.byte	0
 1023 0035 49       		.uleb128 0x49
 1024 0036 13       		.uleb128 0x13
ARM GAS  C:\Users\gjl\AppData\Local\Temp\ccayNbGD.s 			page 19


 1025 0037 00       		.byte	0
 1026 0038 00       		.byte	0
 1027 0039 06       		.uleb128 0x6
 1028 003a 26       		.uleb128 0x26
 1029 003b 00       		.byte	0
 1030 003c 49       		.uleb128 0x49
 1031 003d 13       		.uleb128 0x13
 1032 003e 00       		.byte	0
 1033 003f 00       		.byte	0
 1034 0040 07       		.uleb128 0x7
 1035 0041 01       		.uleb128 0x1
 1036 0042 01       		.byte	0x1
 1037 0043 49       		.uleb128 0x49
 1038 0044 13       		.uleb128 0x13
 1039 0045 01       		.uleb128 0x1
 1040 0046 13       		.uleb128 0x13
 1041 0047 00       		.byte	0
 1042 0048 00       		.byte	0
 1043 0049 08       		.uleb128 0x8
 1044 004a 21       		.uleb128 0x21
 1045 004b 00       		.byte	0
 1046 004c 49       		.uleb128 0x49
 1047 004d 13       		.uleb128 0x13
 1048 004e 2F       		.uleb128 0x2f
 1049 004f 0B       		.uleb128 0xb
 1050 0050 00       		.byte	0
 1051 0051 00       		.byte	0
 1052 0052 09       		.uleb128 0x9
 1053 0053 13       		.uleb128 0x13
 1054 0054 01       		.byte	0x1
 1055 0055 0B       		.uleb128 0xb
 1056 0056 05       		.uleb128 0x5
 1057 0057 3A       		.uleb128 0x3a
 1058 0058 0B       		.uleb128 0xb
 1059 0059 3B       		.uleb128 0x3b
 1060 005a 0B       		.uleb128 0xb
 1061 005b 01       		.uleb128 0x1
 1062 005c 13       		.uleb128 0x13
 1063 005d 00       		.byte	0
 1064 005e 00       		.byte	0
 1065 005f 0A       		.uleb128 0xa
 1066 0060 0D       		.uleb128 0xd
 1067 0061 00       		.byte	0
 1068 0062 03       		.uleb128 0x3
 1069 0063 0E       		.uleb128 0xe
 1070 0064 3A       		.uleb128 0x3a
 1071 0065 0B       		.uleb128 0xb
 1072 0066 3B       		.uleb128 0x3b
 1073 0067 0B       		.uleb128 0xb
 1074 0068 49       		.uleb128 0x49
 1075 0069 13       		.uleb128 0x13
 1076 006a 38       		.uleb128 0x38
 1077 006b 0B       		.uleb128 0xb
 1078 006c 00       		.byte	0
 1079 006d 00       		.byte	0
 1080 006e 0B       		.uleb128 0xb
 1081 006f 0D       		.uleb128 0xd
ARM GAS  C:\Users\gjl\AppData\Local\Temp\ccayNbGD.s 			page 20


 1082 0070 00       		.byte	0
 1083 0071 03       		.uleb128 0x3
 1084 0072 0E       		.uleb128 0xe
 1085 0073 3A       		.uleb128 0x3a
 1086 0074 0B       		.uleb128 0xb
 1087 0075 3B       		.uleb128 0x3b
 1088 0076 0B       		.uleb128 0xb
 1089 0077 49       		.uleb128 0x49
 1090 0078 13       		.uleb128 0x13
 1091 0079 38       		.uleb128 0x38
 1092 007a 05       		.uleb128 0x5
 1093 007b 00       		.byte	0
 1094 007c 00       		.byte	0
 1095 007d 0C       		.uleb128 0xc
 1096 007e 21       		.uleb128 0x21
 1097 007f 00       		.byte	0
 1098 0080 49       		.uleb128 0x49
 1099 0081 13       		.uleb128 0x13
 1100 0082 2F       		.uleb128 0x2f
 1101 0083 05       		.uleb128 0x5
 1102 0084 00       		.byte	0
 1103 0085 00       		.byte	0
 1104 0086 0D       		.uleb128 0xd
 1105 0087 04       		.uleb128 0x4
 1106 0088 01       		.byte	0x1
 1107 0089 0B       		.uleb128 0xb
 1108 008a 0B       		.uleb128 0xb
 1109 008b 49       		.uleb128 0x49
 1110 008c 13       		.uleb128 0x13
 1111 008d 3A       		.uleb128 0x3a
 1112 008e 0B       		.uleb128 0xb
 1113 008f 3B       		.uleb128 0x3b
 1114 0090 05       		.uleb128 0x5
 1115 0091 01       		.uleb128 0x1
 1116 0092 13       		.uleb128 0x13
 1117 0093 00       		.byte	0
 1118 0094 00       		.byte	0
 1119 0095 0E       		.uleb128 0xe
 1120 0096 28       		.uleb128 0x28
 1121 0097 00       		.byte	0
 1122 0098 03       		.uleb128 0x3
 1123 0099 0E       		.uleb128 0xe
 1124 009a 1C       		.uleb128 0x1c
 1125 009b 0B       		.uleb128 0xb
 1126 009c 00       		.byte	0
 1127 009d 00       		.byte	0
 1128 009e 0F       		.uleb128 0xf
 1129 009f 28       		.uleb128 0x28
 1130 00a0 00       		.byte	0
 1131 00a1 03       		.uleb128 0x3
 1132 00a2 0E       		.uleb128 0xe
 1133 00a3 1C       		.uleb128 0x1c
 1134 00a4 06       		.uleb128 0x6
 1135 00a5 00       		.byte	0
 1136 00a6 00       		.byte	0
 1137 00a7 10       		.uleb128 0x10
 1138 00a8 16       		.uleb128 0x16
ARM GAS  C:\Users\gjl\AppData\Local\Temp\ccayNbGD.s 			page 21


 1139 00a9 00       		.byte	0
 1140 00aa 03       		.uleb128 0x3
 1141 00ab 0E       		.uleb128 0xe
 1142 00ac 3A       		.uleb128 0x3a
 1143 00ad 0B       		.uleb128 0xb
 1144 00ae 3B       		.uleb128 0x3b
 1145 00af 05       		.uleb128 0x5
 1146 00b0 49       		.uleb128 0x49
 1147 00b1 13       		.uleb128 0x13
 1148 00b2 00       		.byte	0
 1149 00b3 00       		.byte	0
 1150 00b4 11       		.uleb128 0x11
 1151 00b5 13       		.uleb128 0x13
 1152 00b6 01       		.byte	0x1
 1153 00b7 0B       		.uleb128 0xb
 1154 00b8 0B       		.uleb128 0xb
 1155 00b9 3A       		.uleb128 0x3a
 1156 00ba 0B       		.uleb128 0xb
 1157 00bb 3B       		.uleb128 0x3b
 1158 00bc 05       		.uleb128 0x5
 1159 00bd 01       		.uleb128 0x1
 1160 00be 13       		.uleb128 0x13
 1161 00bf 00       		.byte	0
 1162 00c0 00       		.byte	0
 1163 00c1 12       		.uleb128 0x12
 1164 00c2 0D       		.uleb128 0xd
 1165 00c3 00       		.byte	0
 1166 00c4 03       		.uleb128 0x3
 1167 00c5 0E       		.uleb128 0xe
 1168 00c6 3A       		.uleb128 0x3a
 1169 00c7 0B       		.uleb128 0xb
 1170 00c8 3B       		.uleb128 0x3b
 1171 00c9 05       		.uleb128 0x5
 1172 00ca 49       		.uleb128 0x49
 1173 00cb 13       		.uleb128 0x13
 1174 00cc 38       		.uleb128 0x38
 1175 00cd 0B       		.uleb128 0xb
 1176 00ce 00       		.byte	0
 1177 00cf 00       		.byte	0
 1178 00d0 13       		.uleb128 0x13
 1179 00d1 0F       		.uleb128 0xf
 1180 00d2 00       		.byte	0
 1181 00d3 0B       		.uleb128 0xb
 1182 00d4 0B       		.uleb128 0xb
 1183 00d5 00       		.byte	0
 1184 00d6 00       		.byte	0
 1185 00d7 14       		.uleb128 0x14
 1186 00d8 0F       		.uleb128 0xf
 1187 00d9 00       		.byte	0
 1188 00da 0B       		.uleb128 0xb
 1189 00db 0B       		.uleb128 0xb
 1190 00dc 49       		.uleb128 0x49
 1191 00dd 13       		.uleb128 0x13
 1192 00de 00       		.byte	0
 1193 00df 00       		.byte	0
 1194 00e0 15       		.uleb128 0x15
 1195 00e1 15       		.uleb128 0x15
ARM GAS  C:\Users\gjl\AppData\Local\Temp\ccayNbGD.s 			page 22


 1196 00e2 01       		.byte	0x1
 1197 00e3 27       		.uleb128 0x27
 1198 00e4 19       		.uleb128 0x19
 1199 00e5 49       		.uleb128 0x49
 1200 00e6 13       		.uleb128 0x13
 1201 00e7 01       		.uleb128 0x1
 1202 00e8 13       		.uleb128 0x13
 1203 00e9 00       		.byte	0
 1204 00ea 00       		.byte	0
 1205 00eb 16       		.uleb128 0x16
 1206 00ec 05       		.uleb128 0x5
 1207 00ed 00       		.byte	0
 1208 00ee 49       		.uleb128 0x49
 1209 00ef 13       		.uleb128 0x13
 1210 00f0 00       		.byte	0
 1211 00f1 00       		.byte	0
 1212 00f2 17       		.uleb128 0x17
 1213 00f3 13       		.uleb128 0x13
 1214 00f4 01       		.byte	0x1
 1215 00f5 03       		.uleb128 0x3
 1216 00f6 0E       		.uleb128 0xe
 1217 00f7 0B       		.uleb128 0xb
 1218 00f8 0B       		.uleb128 0xb
 1219 00f9 3A       		.uleb128 0x3a
 1220 00fa 0B       		.uleb128 0xb
 1221 00fb 3B       		.uleb128 0x3b
 1222 00fc 05       		.uleb128 0x5
 1223 00fd 01       		.uleb128 0x1
 1224 00fe 13       		.uleb128 0x13
 1225 00ff 00       		.byte	0
 1226 0100 00       		.byte	0
 1227 0101 18       		.uleb128 0x18
 1228 0102 13       		.uleb128 0x13
 1229 0103 01       		.byte	0x1
 1230 0104 0B       		.uleb128 0xb
 1231 0105 0B       		.uleb128 0xb
 1232 0106 3A       		.uleb128 0x3a
 1233 0107 0B       		.uleb128 0xb
 1234 0108 3B       		.uleb128 0x3b
 1235 0109 0B       		.uleb128 0xb
 1236 010a 01       		.uleb128 0x1
 1237 010b 13       		.uleb128 0x13
 1238 010c 00       		.byte	0
 1239 010d 00       		.byte	0
 1240 010e 19       		.uleb128 0x19
 1241 010f 34       		.uleb128 0x34
 1242 0110 00       		.byte	0
 1243 0111 03       		.uleb128 0x3
 1244 0112 0E       		.uleb128 0xe
 1245 0113 3A       		.uleb128 0x3a
 1246 0114 0B       		.uleb128 0xb
 1247 0115 3B       		.uleb128 0x3b
 1248 0116 0B       		.uleb128 0xb
 1249 0117 49       		.uleb128 0x49
 1250 0118 13       		.uleb128 0x13
 1251 0119 02       		.uleb128 0x2
 1252 011a 18       		.uleb128 0x18
ARM GAS  C:\Users\gjl\AppData\Local\Temp\ccayNbGD.s 			page 23


 1253 011b 00       		.byte	0
 1254 011c 00       		.byte	0
 1255 011d 1A       		.uleb128 0x1a
 1256 011e 34       		.uleb128 0x34
 1257 011f 00       		.byte	0
 1258 0120 03       		.uleb128 0x3
 1259 0121 0E       		.uleb128 0xe
 1260 0122 3A       		.uleb128 0x3a
 1261 0123 0B       		.uleb128 0xb
 1262 0124 3B       		.uleb128 0x3b
 1263 0125 05       		.uleb128 0x5
 1264 0126 49       		.uleb128 0x49
 1265 0127 13       		.uleb128 0x13
 1266 0128 3F       		.uleb128 0x3f
 1267 0129 19       		.uleb128 0x19
 1268 012a 3C       		.uleb128 0x3c
 1269 012b 19       		.uleb128 0x19
 1270 012c 00       		.byte	0
 1271 012d 00       		.byte	0
 1272 012e 1B       		.uleb128 0x1b
 1273 012f 34       		.uleb128 0x34
 1274 0130 00       		.byte	0
 1275 0131 03       		.uleb128 0x3
 1276 0132 0E       		.uleb128 0xe
 1277 0133 3A       		.uleb128 0x3a
 1278 0134 0B       		.uleb128 0xb
 1279 0135 3B       		.uleb128 0x3b
 1280 0136 0B       		.uleb128 0xb
 1281 0137 49       		.uleb128 0x49
 1282 0138 13       		.uleb128 0x13
 1283 0139 3F       		.uleb128 0x3f
 1284 013a 19       		.uleb128 0x19
 1285 013b 02       		.uleb128 0x2
 1286 013c 18       		.uleb128 0x18
 1287 013d 00       		.byte	0
 1288 013e 00       		.byte	0
 1289 013f 00       		.byte	0
 1290              		.section	.debug_aranges,"",%progbits
 1291 0000 14000000 		.4byte	0x14
 1292 0004 0200     		.2byte	0x2
 1293 0006 00000000 		.4byte	.Ldebug_info0
 1294 000a 04       		.byte	0x4
 1295 000b 00       		.byte	0
 1296 000c 0000     		.2byte	0
 1297 000e 0000     		.2byte	0
 1298 0010 00000000 		.4byte	0
 1299 0014 00000000 		.4byte	0
 1300              		.section	.debug_line,"",%progbits
 1301              	.Ldebug_line0:
 1302 0000 37020000 		.section	.debug_str,"MS",%progbits,1
 1302      02003102 
 1302      00000201 
 1302      FB0E0D00 
 1302      01010101 
 1303              	.LASF80:
 1304 0000 63795F65 		.ascii	"cy_en_syspm_callback_type_t\000"
 1304      6E5F7379 
ARM GAS  C:\Users\gjl\AppData\Local\Temp\ccayNbGD.s 			page 24


 1304      73706D5F 
 1304      63616C6C 
 1304      6261636B 
 1305              	.LASF71:
 1306 001c 43595F53 		.ascii	"CY_SYSPM_TIMEOUT\000"
 1306      5953504D 
 1306      5F54494D 
 1306      454F5554 
 1306      00
 1307              	.LASF112:
 1308 002d 73617449 		.ascii	"satIntrMask\000"
 1308      6E74724D 
 1308      61736B00 
 1309              	.LASF70:
 1310 0039 43595F53 		.ascii	"CY_SYSPM_BAD_PARAM\000"
 1310      5953504D 
 1310      5F424144 
 1310      5F504152 
 1310      414D00
 1311              	.LASF129:
 1312 004c 4144435F 		.ascii	"ADC_1_DeepSleepCallbackStruct\000"
 1312      315F4465 
 1312      6570536C 
 1312      65657043 
 1312      616C6C62 
 1313              	.LASF55:
 1314 006a 4D55585F 		.ascii	"MUX_SWITCH0\000"
 1314      53574954 
 1314      43483000 
 1315              	.LASF92:
 1316 0076 74797065 		.ascii	"type\000"
 1316      00
 1317              	.LASF20:
 1318 007b 52414E47 		.ascii	"RANGE_COND\000"
 1318      455F434F 
 1318      4E4400
 1319              	.LASF9:
 1320 0086 6C6F6E67 		.ascii	"long long unsigned int\000"
 1320      206C6F6E 
 1320      6720756E 
 1320      7369676E 
 1320      65642069 
 1321              	.LASF40:
 1322 009d 53415455 		.ascii	"SATURATE_INTR_MASK\000"
 1322      52415445 
 1322      5F494E54 
 1322      525F4D41 
 1322      534B00
 1323              	.LASF126:
 1324 00b0 49544D5F 		.ascii	"ITM_RxBuffer\000"
 1324      52784275 
 1324      66666572 
 1324      00
 1325              	.LASF132:
 1326 00bd 433A5C47 		.ascii	"C:\\Git\\PSoC6-101-Videos\\Projects_ScreenCapture\\"
 1326      69745C50 
 1326      536F4336 
ARM GAS  C:\Users\gjl\AppData\Local\Temp\ccayNbGD.s 			page 25


 1326      2D313031 
 1326      2D566964 
 1327 00ec 50536F43 		.ascii	"PSoC 6_101\\2-6-ADC.cydsn\000"
 1327      20365F31 
 1327      30315C32 
 1327      2D362D41 
 1327      44432E63 
 1328              	.LASF62:
 1329 0105 414E415F 		.ascii	"ANA_TRIM0\000"
 1329      5452494D 
 1329      3000
 1330              	.LASF63:
 1331 010f 414E415F 		.ascii	"ANA_TRIM1\000"
 1331      5452494D 
 1331      3100
 1332              	.LASF119:
 1333 0119 63795F73 		.ascii	"cy_stc_sar_config_t\000"
 1333      74635F73 
 1333      61725F63 
 1333      6F6E6669 
 1333      675F7400 
 1334              	.LASF8:
 1335 012d 6C6F6E67 		.ascii	"long long int\000"
 1335      206C6F6E 
 1335      6720696E 
 1335      7400
 1336              	.LASF1:
 1337 013b 7369676E 		.ascii	"signed char\000"
 1337      65642063 
 1337      68617200 
 1338              	.LASF102:
 1339 0147 63795F65 		.ascii	"cy_en_sar_range_detect_condition_t\000"
 1339      6E5F7361 
 1339      725F7261 
 1339      6E67655F 
 1339      64657465 
 1340              	.LASF124:
 1341 016a 636C6B44 		.ascii	"clkDivider\000"
 1341      69766964 
 1341      657200
 1342              	.LASF61:
 1343 0175 52455345 		.ascii	"RESERVED10\000"
 1343      52564544 
 1343      313000
 1344              	.LASF113:
 1345 0180 72616E67 		.ascii	"rangeIntrMask\000"
 1345      65496E74 
 1345      724D6173 
 1345      6B00
 1346              	.LASF98:
 1347 018e 43595F53 		.ascii	"CY_SAR_RANGE_COND_BELOW\000"
 1347      41525F52 
 1347      414E4745 
 1347      5F434F4E 
 1347      445F4245 
 1348              	.LASF4:
 1349 01a6 6C6F6E67 		.ascii	"long int\000"
ARM GAS  C:\Users\gjl\AppData\Local\Temp\ccayNbGD.s 			page 26


 1349      20696E74 
 1349      00
 1350              	.LASF60:
 1351 01af 4D55585F 		.ascii	"MUX_SWITCH_STATUS\000"
 1351      53574954 
 1351      43485F53 
 1351      54415455 
 1351      5300
 1352              	.LASF46:
 1353 01c1 494E5452 		.ascii	"INTR_CAUSE\000"
 1353      5F434155 
 1353      534500
 1354              	.LASF50:
 1355 01cc 494E4A5F 		.ascii	"INJ_RESULT\000"
 1355      52455355 
 1355      4C5400
 1356              	.LASF100:
 1357 01d7 43595F53 		.ascii	"CY_SAR_RANGE_COND_ABOVE\000"
 1357      41525F52 
 1357      414E4745 
 1357      5F434F4E 
 1357      445F4142 
 1358              	.LASF68:
 1359 01ef 646F7562 		.ascii	"double\000"
 1359      6C6500
 1360              	.LASF56:
 1361 01f6 4D55585F 		.ascii	"MUX_SWITCH_CLEAR0\000"
 1361      53574954 
 1361      43485F43 
 1361      4C454152 
 1361      3000
 1362              	.LASF105:
 1363 0208 73616D70 		.ascii	"sampleTime01\000"
 1363      6C655469 
 1363      6D653031 
 1363      00
 1364              	.LASF89:
 1365 0215 63795F73 		.ascii	"cy_stc_syspm_callback_params_t\000"
 1365      74635F73 
 1365      7973706D 
 1365      5F63616C 
 1365      6C626163 
 1366              	.LASF133:
 1367 0234 63795F73 		.ascii	"cy_stc_syspm_callback\000"
 1367      74635F73 
 1367      7973706D 
 1367      5F63616C 
 1367      6C626163 
 1368              	.LASF6:
 1369 024a 5F5F7569 		.ascii	"__uint32_t\000"
 1369      6E743332 
 1369      5F7400
 1370              	.LASF122:
 1371 0255 6877436F 		.ascii	"hwConfigStc\000"
 1371      6E666967 
 1371      53746300 
 1372              	.LASF17:
ARM GAS  C:\Users\gjl\AppData\Local\Temp\ccayNbGD.s 			page 27


 1373 0261 53414D50 		.ascii	"SAMPLE_TIME01\000"
 1373      4C455F54 
 1373      494D4530 
 1373      3100
 1374              	.LASF38:
 1375 026f 53415455 		.ascii	"SATURATE_INTR\000"
 1375      52415445 
 1375      5F494E54 
 1375      5200
 1376              	.LASF24:
 1377 027d 4348414E 		.ascii	"CHAN_CONFIG\000"
 1377      5F434F4E 
 1377      46494700 
 1378              	.LASF72:
 1379 0289 43595F53 		.ascii	"CY_SYSPM_INVALID_STATE\000"
 1379      5953504D 
 1379      5F494E56 
 1379      414C4944 
 1379      5F535441 
 1380              	.LASF10:
 1381 02a0 756E7369 		.ascii	"unsigned int\000"
 1381      676E6564 
 1381      20696E74 
 1381      00
 1382              	.LASF82:
 1383 02ad 43595F53 		.ascii	"CY_SYSPM_CHECK_FAIL\000"
 1383      5953504D 
 1383      5F434845 
 1383      434B5F46 
 1383      41494C00 
 1384              	.LASF7:
 1385 02c1 6C6F6E67 		.ascii	"long unsigned int\000"
 1385      20756E73 
 1385      69676E65 
 1385      6420696E 
 1385      7400
 1386              	.LASF134:
 1387 02d3 4144435F 		.ascii	"ADC_1_DeepSleepCallbackParams\000"
 1387      315F4465 
 1387      6570536C 
 1387      65657043 
 1387      616C6C62 
 1388              	.LASF32:
 1389 02f1 4348414E 		.ascii	"CHAN_WORK_NEWVALUE\000"
 1389      5F574F52 
 1389      4B5F4E45 
 1389      5756414C 
 1389      554500
 1390              	.LASF58:
 1391 0304 4D55585F 		.ascii	"MUX_SWITCH_DS_CTRL\000"
 1391      53574954 
 1391      43485F44 
 1391      535F4354 
 1391      524C00
 1392              	.LASF36:
 1393 0317 494E5452 		.ascii	"INTR_MASK\000"
 1393      5F4D4153 
ARM GAS  C:\Users\gjl\AppData\Local\Temp\ccayNbGD.s 			page 28


 1393      4B00
 1394              	.LASF93:
 1395 0321 736B6970 		.ascii	"skipMode\000"
 1395      4D6F6465 
 1395      00
 1396              	.LASF88:
 1397 032a 636F6E74 		.ascii	"context\000"
 1397      65787400 
 1398              	.LASF3:
 1399 0332 73686F72 		.ascii	"short unsigned int\000"
 1399      7420756E 
 1399      7369676E 
 1399      65642069 
 1399      6E7400
 1400              	.LASF128:
 1401 0345 4144435F 		.ascii	"ADC_1_allConfigs\000"
 1401      315F616C 
 1401      6C436F6E 
 1401      66696773 
 1401      00
 1402              	.LASF107:
 1403 0356 72616E67 		.ascii	"rangeThres\000"
 1403      65546872 
 1403      657300
 1404              	.LASF42:
 1405 0361 52414E47 		.ascii	"RANGE_INTR\000"
 1405      455F494E 
 1405      545200
 1406              	.LASF30:
 1407 036c 4348414E 		.ascii	"CHAN_WORK_UPDATED\000"
 1407      5F574F52 
 1407      4B5F5550 
 1407      44415445 
 1407      4400
 1408              	.LASF91:
 1409 037e 63616C6C 		.ascii	"callback\000"
 1409      6261636B 
 1409      00
 1410              	.LASF121:
 1411 0387 6E756D43 		.ascii	"numChannels\000"
 1411      68616E6E 
 1411      656C7300 
 1412              	.LASF110:
 1413 0393 6368616E 		.ascii	"chanConfig\000"
 1413      436F6E66 
 1413      696700
 1414              	.LASF95:
 1415 039e 70726576 		.ascii	"prevItm\000"
 1415      49746D00 
 1416              	.LASF76:
 1417 03a6 43595F53 		.ascii	"CY_SYSPM_DEEPSLEEP\000"
 1417      5953504D 
 1417      5F444545 
 1417      50534C45 
 1417      455000
 1418              	.LASF5:
 1419 03b9 5F5F696E 		.ascii	"__int32_t\000"
ARM GAS  C:\Users\gjl\AppData\Local\Temp\ccayNbGD.s 			page 29


 1419      7433325F 
 1419      7400
 1420              	.LASF94:
 1421 03c3 63616C6C 		.ascii	"callbackParams\000"
 1421      6261636B 
 1421      50617261 
 1421      6D7300
 1422              	.LASF79:
 1423 03d2 43595F53 		.ascii	"CY_SYSPM_EXIT_LOWPOWER_MODE\000"
 1423      5953504D 
 1423      5F455849 
 1423      545F4C4F 
 1423      57504F57 
 1424              	.LASF84:
 1425 03ee 43595F53 		.ascii	"CY_SYSPM_AFTER_TRANSITION\000"
 1425      5953504D 
 1425      5F414654 
 1425      45525F54 
 1425      52414E53 
 1426              	.LASF35:
 1427 0408 494E5452 		.ascii	"INTR_SET\000"
 1427      5F534554 
 1427      00
 1428              	.LASF87:
 1429 0411 62617365 		.ascii	"base\000"
 1429      00
 1430              	.LASF13:
 1431 0416 73697A65 		.ascii	"sizetype\000"
 1431      74797065 
 1431      00
 1432              	.LASF48:
 1433 041f 494E4A5F 		.ascii	"INJ_CHAN_CONFIG\000"
 1433      4348414E 
 1433      5F434F4E 
 1433      46494700 
 1434              	.LASF96:
 1435 042f 6E657874 		.ascii	"nextItm\000"
 1435      49746D00 
 1436              	.LASF28:
 1437 0437 4348414E 		.ascii	"CHAN_RESULT\000"
 1437      5F524553 
 1437      554C5400 
 1438              	.LASF106:
 1439 0443 73616D70 		.ascii	"sampleTime23\000"
 1439      6C655469 
 1439      6D653233 
 1439      00
 1440              	.LASF116:
 1441 0450 636F6E66 		.ascii	"configRouting\000"
 1441      6967526F 
 1441      7574696E 
 1441      6700
 1442              	.LASF15:
 1443 045e 53414D50 		.ascii	"SAMPLE_CTRL\000"
 1443      4C455F43 
 1443      54524C00 
 1444              	.LASF19:
ARM GAS  C:\Users\gjl\AppData\Local\Temp\ccayNbGD.s 			page 30


 1445 046a 52414E47 		.ascii	"RANGE_THRES\000"
 1445      455F5448 
 1445      52455300 
 1446              	.LASF75:
 1447 0476 43595F53 		.ascii	"CY_SYSPM_SLEEP\000"
 1447      5953504D 
 1447      5F534C45 
 1447      455000
 1448              	.LASF83:
 1449 0485 43595F53 		.ascii	"CY_SYSPM_BEFORE_TRANSITION\000"
 1449      5953504D 
 1449      5F424546 
 1449      4F52455F 
 1449      5452414E 
 1450              	.LASF21:
 1451 04a0 4348414E 		.ascii	"CHAN_EN\000"
 1451      5F454E00 
 1452              	.LASF18:
 1453 04a8 53414D50 		.ascii	"SAMPLE_TIME23\000"
 1453      4C455F54 
 1453      494D4532 
 1453      3300
 1454              	.LASF53:
 1455 04b6 4156475F 		.ascii	"AVG_STAT\000"
 1455      53544154 
 1455      00
 1456              	.LASF77:
 1457 04bf 43595F53 		.ascii	"CY_SYSPM_HIBERNATE\000"
 1457      5953504D 
 1457      5F484942 
 1457      45524E41 
 1457      544500
 1458              	.LASF39:
 1459 04d2 53415455 		.ascii	"SATURATE_INTR_SET\000"
 1459      52415445 
 1459      5F494E54 
 1459      525F5345 
 1459      5400
 1460              	.LASF85:
 1461 04e4 63795F65 		.ascii	"cy_en_syspm_callback_mode_t\000"
 1461      6E5F7379 
 1461      73706D5F 
 1461      63616C6C 
 1461      6261636B 
 1462              	.LASF37:
 1463 0500 494E5452 		.ascii	"INTR_MASKED\000"
 1463      5F4D4153 
 1463      4B454400 
 1464              	.LASF67:
 1465 050c 666C6F61 		.ascii	"float\000"
 1465      7400
 1466              	.LASF23:
 1467 0512 52455345 		.ascii	"RESERVED1\000"
 1467      52564544 
 1467      3100
 1468              	.LASF25:
 1469 051c 52455345 		.ascii	"RESERVED2\000"
ARM GAS  C:\Users\gjl\AppData\Local\Temp\ccayNbGD.s 			page 31


 1469      52564544 
 1469      3200
 1470              	.LASF27:
 1471 0526 52455345 		.ascii	"RESERVED3\000"
 1471      52564544 
 1471      3300
 1472              	.LASF29:
 1473 0530 52455345 		.ascii	"RESERVED4\000"
 1473      52564544 
 1473      3400
 1474              	.LASF47:
 1475 053a 52455345 		.ascii	"RESERVED5\000"
 1475      52564544 
 1475      3500
 1476              	.LASF49:
 1477 0544 52455345 		.ascii	"RESERVED6\000"
 1477      52564544 
 1477      3600
 1478              	.LASF51:
 1479 054e 52455345 		.ascii	"RESERVED7\000"
 1479      52564544 
 1479      3700
 1480              	.LASF54:
 1481 0558 52455345 		.ascii	"RESERVED8\000"
 1481      52564544 
 1481      3800
 1482              	.LASF57:
 1483 0562 52455345 		.ascii	"RESERVED9\000"
 1483      52564544 
 1483      3900
 1484              	.LASF109:
 1485 056c 6368616E 		.ascii	"chanEn\000"
 1485      456E00
 1486              	.LASF99:
 1487 0573 43595F53 		.ascii	"CY_SAR_RANGE_COND_INSIDE\000"
 1487      41525F52 
 1487      414E4745 
 1487      5F434F4E 
 1487      445F494E 
 1488              	.LASF118:
 1489 058c 5F426F6F 		.ascii	"_Bool\000"
 1489      6C00
 1490              	.LASF11:
 1491 0592 696E7433 		.ascii	"int32_t\000"
 1491      325F7400 
 1492              	.LASF2:
 1493 059a 756E7369 		.ascii	"unsigned char\000"
 1493      676E6564 
 1493      20636861 
 1493      7200
 1494              	.LASF90:
 1495 05a8 43795F53 		.ascii	"Cy_SysPmCallback\000"
 1495      7973506D 
 1495      43616C6C 
 1495      6261636B 
 1495      00
 1496              	.LASF0:
ARM GAS  C:\Users\gjl\AppData\Local\Temp\ccayNbGD.s 			page 32


 1497 05b9 73686F72 		.ascii	"short int\000"
 1497      7420696E 
 1497      7400
 1498              	.LASF114:
 1499 05c3 6D757853 		.ascii	"muxSwitch\000"
 1499      77697463 
 1499      6800
 1500              	.LASF111:
 1501 05cd 696E7472 		.ascii	"intrMask\000"
 1501      4D61736B 
 1501      00
 1502              	.LASF16:
 1503 05d6 52455345 		.ascii	"RESERVED\000"
 1503      52564544 
 1503      00
 1504              	.LASF33:
 1505 05df 4348414E 		.ascii	"CHAN_RESULT_NEWVALUE\000"
 1505      5F524553 
 1505      554C545F 
 1505      4E455756 
 1505      414C5545 
 1506              	.LASF64:
 1507 05f4 5341525F 		.ascii	"SAR_Type\000"
 1507      54797065 
 1507      00
 1508              	.LASF12:
 1509 05fd 75696E74 		.ascii	"uint32_t\000"
 1509      33325F74 
 1509      00
 1510              	.LASF127:
 1511 0606 4144435F 		.ascii	"ADC_1_currentConfig\000"
 1511      315F6375 
 1511      7272656E 
 1511      74436F6E 
 1511      66696700 
 1512              	.LASF117:
 1513 061a 76726566 		.ascii	"vrefMvValue\000"
 1513      4D765661 
 1513      6C756500 
 1514              	.LASF65:
 1515 0626 6C6F6E67 		.ascii	"long double\000"
 1515      20646F75 
 1515      626C6500 
 1516              	.LASF66:
 1517 0632 63686172 		.ascii	"char\000"
 1517      00
 1518              	.LASF86:
 1519 0637 6D6F6465 		.ascii	"mode\000"
 1519      00
 1520              	.LASF44:
 1521 063c 52414E47 		.ascii	"RANGE_INTR_MASK\000"
 1521      455F494E 
 1521      54525F4D 
 1521      41534B00 
 1522              	.LASF41:
 1523 064c 53415455 		.ascii	"SATURATE_INTR_MASKED\000"
 1523      52415445 
ARM GAS  C:\Users\gjl\AppData\Local\Temp\ccayNbGD.s 			page 33


 1523      5F494E54 
 1523      525F4D41 
 1523      534B4544 
 1524              	.LASF34:
 1525 0661 494E5452 		.ascii	"INTR\000"
 1525      00
 1526              	.LASF103:
 1527 0666 6374726C 		.ascii	"ctrl\000"
 1527      00
 1528              	.LASF52:
 1529 066b 53544154 		.ascii	"STATUS\000"
 1529      555300
 1530              	.LASF123:
 1531 0672 6D697363 		.ascii	"miscConfig\000"
 1531      436F6E66 
 1531      696700
 1532              	.LASF26:
 1533 067d 4348414E 		.ascii	"CHAN_WORK\000"
 1533      5F574F52 
 1533      4B00
 1534              	.LASF59:
 1535 0687 4D55585F 		.ascii	"MUX_SWITCH_SQ_CTRL\000"
 1535      53574954 
 1535      43485F53 
 1535      515F4354 
 1535      524C00
 1536              	.LASF14:
 1537 069a 4354524C 		.ascii	"CTRL\000"
 1537      00
 1538              	.LASF73:
 1539 069f 43595F53 		.ascii	"CY_SYSPM_FAIL\000"
 1539      5953504D 
 1539      5F464149 
 1539      4C00
 1540              	.LASF97:
 1541 06ad 63795F73 		.ascii	"cy_stc_syspm_callback_t\000"
 1541      74635F73 
 1541      7973706D 
 1541      5F63616C 
 1541      6C626163 
 1542              	.LASF108:
 1543 06c5 72616E67 		.ascii	"rangeCond\000"
 1543      65436F6E 
 1543      6400
 1544              	.LASF22:
 1545 06cf 53544152 		.ascii	"START_CTRL\000"
 1545      545F4354 
 1545      524C00
 1546              	.LASF74:
 1547 06da 63795F65 		.ascii	"cy_en_syspm_status_t\000"
 1547      6E5F7379 
 1547      73706D5F 
 1547      73746174 
 1547      75735F74 
 1548              	.LASF104:
 1549 06ef 73616D70 		.ascii	"sampleCtrl\000"
 1549      6C654374 
ARM GAS  C:\Users\gjl\AppData\Local\Temp\ccayNbGD.s 			page 34


 1549      726C00
 1550              	.LASF31:
 1551 06fa 4348414E 		.ascii	"CHAN_RESULT_UPDATED\000"
 1551      5F524553 
 1551      554C545F 
 1551      55504441 
 1551      54454400 
 1552              	.LASF125:
 1553 070e 4144435F 		.ascii	"ADC_1_CONFIG_STRUCT\000"
 1553      315F434F 
 1553      4E464947 
 1553      5F535452 
 1553      55435400 
 1554              	.LASF131:
 1555 0722 47656E65 		.ascii	"Generated_Source\\PSoC6\\ADC_1_PM.c\000"
 1555      72617465 
 1555      645F536F 
 1555      75726365 
 1555      5C50536F 
 1556              	.LASF69:
 1557 0744 43595F53 		.ascii	"CY_SYSPM_SUCCESS\000"
 1557      5953504D 
 1557      5F535543 
 1557      43455353 
 1557      00
 1558              	.LASF101:
 1559 0755 43595F53 		.ascii	"CY_SAR_RANGE_COND_OUTSIDE\000"
 1559      41525F52 
 1559      414E4745 
 1559      5F434F4E 
 1559      445F4F55 
 1560              	.LASF81:
 1561 076f 43595F53 		.ascii	"CY_SYSPM_CHECK_READY\000"
 1561      5953504D 
 1561      5F434845 
 1561      434B5F52 
 1561      45414459 
 1562              	.LASF120:
 1563 0784 6368616E 		.ascii	"channelBase\000"
 1563      6E656C42 
 1563      61736500 
 1564              	.LASF43:
 1565 0790 52414E47 		.ascii	"RANGE_INTR_SET\000"
 1565      455F494E 
 1565      54525F53 
 1565      455400
 1566              	.LASF115:
 1567 079f 6D757853 		.ascii	"muxSwitchSqCtrl\000"
 1567      77697463 
 1567      68537143 
 1567      74726C00 
 1568              	.LASF78:
 1569 07af 43595F53 		.ascii	"CY_SYSPM_ENTER_LOWPOWER_MODE\000"
 1569      5953504D 
 1569      5F454E54 
 1569      45525F4C 
 1569      4F57504F 
ARM GAS  C:\Users\gjl\AppData\Local\Temp\ccayNbGD.s 			page 35


 1570              	.LASF130:
 1571 07cc 474E5520 		.ascii	"GNU C11 5.4.1 20160609 (release) [ARM/embedded-5-br"
 1571      43313120 
 1571      352E342E 
 1571      31203230 
 1571      31363036 
 1572 07ff 616E6368 		.ascii	"anch revision 237715] -mcpu=cortex-m4 -mfloat-abi=s"
 1572      20726576 
 1572      6973696F 
 1572      6E203233 
 1572      37373135 
 1573 0832 6F667466 		.ascii	"oftfp -mfpu=fpv4-sp-d16 -mthumb -g -Og -ffunction-s"
 1573      70202D6D 
 1573      6670753D 
 1573      66707634 
 1573      2D73702D 
 1574 0865 65637469 		.ascii	"ections -ffat-lto-objects\000"
 1574      6F6E7320 
 1574      2D666661 
 1574      742D6C74 
 1574      6F2D6F62 
 1575              	.LASF45:
 1576 087f 52414E47 		.ascii	"RANGE_INTR_MASKED\000"
 1576      455F494E 
 1576      54525F4D 
 1576      41534B45 
 1576      4400
 1577              		.ident	"GCC: (GNU Tools for ARM Embedded Processors) 5.4.1 20160609 (release) [ARM/embedded-5-bran
