ARM GAS  C:\Users\gjl\AppData\Local\Temp\cc4Y3PMc.s 			page 1


   1              		.syntax unified
   2              		.cpu cortex-m4
   3              		.eabi_attribute 27, 1
   4              		.fpu fpv4-sp-d16
   5              		.eabi_attribute 20, 1
   6              		.eabi_attribute 21, 1
   7              		.eabi_attribute 23, 3
   8              		.eabi_attribute 24, 1
   9              		.eabi_attribute 25, 1
  10              		.eabi_attribute 26, 1
  11              		.eabi_attribute 30, 1
  12              		.eabi_attribute 34, 1
  13              		.eabi_attribute 18, 4
  14              		.thumb
  15              		.syntax unified
  16              		.file	"ADC_1_INIT.c"
  17              		.text
  18              	.Ltext0:
  19              		.cfi_sections	.debug_frame
  20              		.global	ADC_1_allConfigs
  21              		.section	.rodata
  22              		.align	2
  23              		.type	ADC_1_allConfigs, %object
  24              		.size	ADC_1_allConfigs, 20
  25              	ADC_1_allConfigs:
  26 0000 00000000 		.word	0
  27 0004 02000000 		.word	2
  28 0008 14000000 		.word	ADC_1_hwConfigs
  29 000c 01000000 		.word	1
  30 0010 02000000 		.word	2
  31              		.type	ADC_1_hwConfigs, %object
  32              		.size	ADC_1_hwConfigs, 120
  33              	ADC_1_hwConfigs:
  34 0014 F3EE2013 		.word	320925427
  35 0018 F8000490 		.word	-1878785800
  36 001c 04000400 		.word	262148
  37 0020 02000200 		.word	131074
  38 0024 0002000E 		.word	234881536
  39 0028 00       		.byte	0
  40 0029 000000   		.space	3
  41 002c 03000000 		.word	3
  42 0030 00040101 		.word	16843776
  43 0034 02140301 		.word	16978946
  44 0038 00000000 		.word	0
  45 003c 00000000 		.word	0
  46 0040 00000000 		.word	0
  47 0044 00000000 		.word	0
  48 0048 00000000 		.word	0
  49 004c 00000000 		.word	0
  50 0050 00000000 		.word	0
  51 0054 00000000 		.word	0
  52 0058 00000000 		.word	0
  53 005c 00000000 		.word	0
  54 0060 00000000 		.word	0
  55 0064 00000000 		.word	0
  56 0068 00000000 		.word	0
  57 006c 00000000 		.word	0
ARM GAS  C:\Users\gjl\AppData\Local\Temp\cc4Y3PMc.s 			page 2


  58 0070 01000000 		.word	1
  59 0074 00000000 		.word	0
  60 0078 00000000 		.word	0
  61 007c 00000000 		.word	0
  62 0080 00000000 		.word	0
  63 0084 00       		.byte	0
  64 0085 000000   		.space	3
  65 0088 E40C0000 		.word	3300
  66              		.text
  67              	.Letext0:
  68              		.file 1 "c:\\program files (x86)\\cypress\\psoc creator\\4.2\\psoc creator\\import\\gnu\\arm\\5.4.
  69              		.file 2 "c:\\program files (x86)\\cypress\\psoc creator\\4.2\\psoc creator\\import\\gnu\\arm\\5.4.
  70              		.file 3 "Generated_Source\\PSoC6\\pdl\\drivers/peripheral/syslib/cy_syslib.h"
  71              		.file 4 "Generated_Source\\PSoC6\\pdl\\drivers/peripheral/sar/cy_sar.h"
  72              		.file 5 "Generated_Source\\PSoC6\\ADC_1.h"
  73              		.file 6 "Generated_Source\\PSoC6\\pdl\\cmsis/include/core_cm4.h"
  74              		.file 7 "Generated_Source\\PSoC6\\ADC_1_INIT.c"
  75              		.section	.debug_info,"",%progbits
  76              	.Ldebug_info0:
  77 0000 A6020000 		.4byte	0x2a6
  78 0004 0400     		.2byte	0x4
  79 0006 00000000 		.4byte	.Ldebug_abbrev0
  80 000a 04       		.byte	0x4
  81 000b 01       		.uleb128 0x1
  82 000c 1C020000 		.4byte	.LASF50
  83 0010 0C       		.byte	0xc
  84 0011 1D030000 		.4byte	.LASF51
  85 0015 78000000 		.4byte	.LASF52
  86 0019 00000000 		.4byte	.Ldebug_line0
  87 001d 02       		.uleb128 0x2
  88 001e 02       		.byte	0x2
  89 001f 05       		.byte	0x5
  90 0020 6E000000 		.4byte	.LASF0
  91 0024 02       		.uleb128 0x2
  92 0025 01       		.byte	0x1
  93 0026 06       		.byte	0x6
  94 0027 82030000 		.4byte	.LASF1
  95 002b 02       		.uleb128 0x2
  96 002c 01       		.byte	0x1
  97 002d 08       		.byte	0x8
  98 002e E0000000 		.4byte	.LASF2
  99 0032 02       		.uleb128 0x2
 100 0033 02       		.byte	0x2
 101 0034 07       		.byte	0x7
 102 0035 19010000 		.4byte	.LASF3
 103 0039 03       		.uleb128 0x3
 104 003a 32000000 		.4byte	.LASF5
 105 003e 01       		.byte	0x1
 106 003f 3F       		.byte	0x3f
 107 0040 44000000 		.4byte	0x44
 108 0044 02       		.uleb128 0x2
 109 0045 04       		.byte	0x4
 110 0046 05       		.byte	0x5
 111 0047 55030000 		.4byte	.LASF4
 112 004b 03       		.uleb128 0x3
 113 004c 91010000 		.4byte	.LASF6
 114 0050 01       		.byte	0x1
ARM GAS  C:\Users\gjl\AppData\Local\Temp\cc4Y3PMc.s 			page 3


 115 0051 41       		.byte	0x41
 116 0052 56000000 		.4byte	0x56
 117 0056 02       		.uleb128 0x2
 118 0057 04       		.byte	0x4
 119 0058 07       		.byte	0x7
 120 0059 07010000 		.4byte	.LASF7
 121 005d 02       		.uleb128 0x2
 122 005e 08       		.byte	0x8
 123 005f 05       		.byte	0x5
 124 0060 F0020000 		.4byte	.LASF8
 125 0064 02       		.uleb128 0x2
 126 0065 08       		.byte	0x8
 127 0066 07       		.byte	0x7
 128 0067 B8030000 		.4byte	.LASF9
 129 006b 04       		.uleb128 0x4
 130 006c 04       		.byte	0x4
 131 006d 05       		.byte	0x5
 132 006e 696E7400 		.ascii	"int\000"
 133 0072 02       		.uleb128 0x2
 134 0073 04       		.byte	0x4
 135 0074 07       		.byte	0x7
 136 0075 BB010000 		.4byte	.LASF10
 137 0079 03       		.uleb128 0x3
 138 007a DF020000 		.4byte	.LASF11
 139 007e 02       		.byte	0x2
 140 007f 2C       		.byte	0x2c
 141 0080 39000000 		.4byte	0x39
 142 0084 03       		.uleb128 0x3
 143 0085 4C030000 		.4byte	.LASF12
 144 0089 02       		.byte	0x2
 145 008a 30       		.byte	0x30
 146 008b 4B000000 		.4byte	0x4b
 147 008f 02       		.uleb128 0x2
 148 0090 04       		.byte	0x4
 149 0091 07       		.byte	0x7
 150 0092 E7020000 		.4byte	.LASF13
 151 0096 02       		.uleb128 0x2
 152 0097 08       		.byte	0x8
 153 0098 04       		.byte	0x4
 154 0099 76030000 		.4byte	.LASF14
 155 009d 02       		.uleb128 0x2
 156 009e 01       		.byte	0x1
 157 009f 08       		.byte	0x8
 158 00a0 FE020000 		.4byte	.LASF15
 159 00a4 02       		.uleb128 0x2
 160 00a5 04       		.byte	0x4
 161 00a6 04       		.byte	0x4
 162 00a7 D0000000 		.4byte	.LASF16
 163 00ab 02       		.uleb128 0x2
 164 00ac 08       		.byte	0x8
 165 00ad 04       		.byte	0x4
 166 00ae 8A010000 		.4byte	.LASF17
 167 00b2 05       		.uleb128 0x5
 168 00b3 A9010000 		.4byte	.LASF18
 169 00b7 03       		.byte	0x3
 170 00b8 8703     		.2byte	0x387
 171 00ba 84000000 		.4byte	0x84
ARM GAS  C:\Users\gjl\AppData\Local\Temp\cc4Y3PMc.s 			page 4


 172 00be 06       		.uleb128 0x6
 173 00bf 01       		.byte	0x1
 174 00c0 2B000000 		.4byte	0x2b
 175 00c4 04       		.byte	0x4
 176 00c5 0504     		.2byte	0x405
 177 00c7 E4000000 		.4byte	0xe4
 178 00cb 07       		.uleb128 0x7
 179 00cc 5E030000 		.4byte	.LASF19
 180 00d0 00       		.byte	0
 181 00d1 07       		.uleb128 0x7
 182 00d2 55000000 		.4byte	.LASF20
 183 00d6 01       		.byte	0x1
 184 00d7 07       		.uleb128 0x7
 185 00d8 A0030000 		.4byte	.LASF21
 186 00dc 02       		.byte	0x2
 187 00dd 07       		.uleb128 0x7
 188 00de 70010000 		.4byte	.LASF22
 189 00e2 03       		.byte	0x3
 190 00e3 00       		.byte	0
 191 00e4 05       		.uleb128 0x5
 192 00e5 F9010000 		.4byte	.LASF23
 193 00e9 04       		.byte	0x4
 194 00ea 0A04     		.2byte	0x40a
 195 00ec BE000000 		.4byte	0xbe
 196 00f0 08       		.uleb128 0x8
 197 00f1 78       		.byte	0x78
 198 00f2 04       		.byte	0x4
 199 00f3 F404     		.2byte	0x4f4
 200 00f5 BD010000 		.4byte	0x1bd
 201 00f9 09       		.uleb128 0x9
 202 00fa DA020000 		.4byte	.LASF24
 203 00fe 04       		.byte	0x4
 204 00ff F604     		.2byte	0x4f6
 205 0101 84000000 		.4byte	0x84
 206 0105 00       		.byte	0
 207 0106 09       		.uleb128 0x9
 208 0107 B0010000 		.4byte	.LASF25
 209 010b 04       		.byte	0x4
 210 010c F704     		.2byte	0x4f7
 211 010e 84000000 		.4byte	0x84
 212 0112 04       		.byte	0x4
 213 0113 09       		.uleb128 0x9
 214 0114 0A000000 		.4byte	.LASF26
 215 0118 04       		.byte	0x4
 216 0119 F804     		.2byte	0x4f8
 217 011b 84000000 		.4byte	0x84
 218 011f 08       		.byte	0x8
 219 0120 09       		.uleb128 0x9
 220 0121 3C000000 		.4byte	.LASF27
 221 0125 04       		.byte	0x4
 222 0126 F904     		.2byte	0x4f9
 223 0128 84000000 		.4byte	0x84
 224 012c 0C       		.byte	0xc
 225 012d 09       		.uleb128 0x9
 226 012e CF020000 		.4byte	.LASF28
 227 0132 04       		.byte	0x4
 228 0133 FA04     		.2byte	0x4fa
ARM GAS  C:\Users\gjl\AppData\Local\Temp\cc4Y3PMc.s 			page 5


 229 0135 84000000 		.4byte	0x84
 230 0139 10       		.byte	0x10
 231 013a 09       		.uleb128 0x9
 232 013b 00000000 		.4byte	.LASF29
 233 013f 04       		.byte	0x4
 234 0140 FB04     		.2byte	0x4fb
 235 0142 E4000000 		.4byte	0xe4
 236 0146 14       		.byte	0x14
 237 0147 09       		.uleb128 0x9
 238 0148 17000000 		.4byte	.LASF30
 239 014c 04       		.byte	0x4
 240 014d FC04     		.2byte	0x4fc
 241 014f 84000000 		.4byte	0x84
 242 0153 18       		.byte	0x18
 243 0154 09       		.uleb128 0x9
 244 0155 D4010000 		.4byte	.LASF31
 245 0159 04       		.byte	0x4
 246 015a FD04     		.2byte	0x4fd
 247 015c BD010000 		.4byte	0x1bd
 248 0160 1C       		.byte	0x1c
 249 0161 09       		.uleb128 0x9
 250 0162 FE000000 		.4byte	.LASF32
 251 0166 04       		.byte	0x4
 252 0167 FE04     		.2byte	0x4fe
 253 0169 84000000 		.4byte	0x84
 254 016d 5C       		.byte	0x5c
 255 016e 09       		.uleb128 0x9
 256 016f 49000000 		.4byte	.LASF33
 257 0173 04       		.byte	0x4
 258 0174 FF04     		.2byte	0x4ff
 259 0176 84000000 		.4byte	0x84
 260 017a 60       		.byte	0x60
 261 017b 09       		.uleb128 0x9
 262 017c EB010000 		.4byte	.LASF34
 263 0180 04       		.byte	0x4
 264 0181 0005     		.2byte	0x500
 265 0183 84000000 		.4byte	0x84
 266 0187 64       		.byte	0x64
 267 0188 09       		.uleb128 0x9
 268 0189 D6000000 		.4byte	.LASF35
 269 018d 04       		.byte	0x4
 270 018e 0105     		.2byte	0x501
 271 0190 84000000 		.4byte	0x84
 272 0194 68       		.byte	0x68
 273 0195 09       		.uleb128 0x9
 274 0196 C0000000 		.4byte	.LASF36
 275 019a 04       		.byte	0x4
 276 019b 0205     		.2byte	0x502
 277 019d 84000000 		.4byte	0x84
 278 01a1 6C       		.byte	0x6c
 279 01a2 09       		.uleb128 0x9
 280 01a3 0F030000 		.4byte	.LASF37
 281 01a7 04       		.byte	0x4
 282 01a8 0305     		.2byte	0x503
 283 01aa CD010000 		.4byte	0x1cd
 284 01ae 70       		.byte	0x70
 285 01af 09       		.uleb128 0x9
ARM GAS  C:\Users\gjl\AppData\Local\Temp\cc4Y3PMc.s 			page 6


 286 01b0 C8010000 		.4byte	.LASF38
 287 01b4 04       		.byte	0x4
 288 01b5 0405     		.2byte	0x504
 289 01b7 84000000 		.4byte	0x84
 290 01bb 74       		.byte	0x74
 291 01bc 00       		.byte	0
 292 01bd 0A       		.uleb128 0xa
 293 01be 84000000 		.4byte	0x84
 294 01c2 CD010000 		.4byte	0x1cd
 295 01c6 0B       		.uleb128 0xb
 296 01c7 8F000000 		.4byte	0x8f
 297 01cb 0F       		.byte	0xf
 298 01cc 00       		.byte	0
 299 01cd 02       		.uleb128 0x2
 300 01ce 01       		.byte	0x1
 301 01cf 02       		.byte	0x2
 302 01d0 9A030000 		.4byte	.LASF39
 303 01d4 05       		.uleb128 0x5
 304 01d5 51010000 		.4byte	.LASF40
 305 01d9 04       		.byte	0x4
 306 01da 0505     		.2byte	0x505
 307 01dc F0000000 		.4byte	0xf0
 308 01e0 0C       		.uleb128 0xc
 309 01e1 14       		.byte	0x14
 310 01e2 05       		.byte	0x5
 311 01e3 3B       		.byte	0x3b
 312 01e4 25020000 		.4byte	0x225
 313 01e8 0D       		.uleb128 0xd
 314 01e9 03030000 		.4byte	.LASF41
 315 01ed 05       		.byte	0x5
 316 01ee 3D       		.byte	0x3d
 317 01ef 84000000 		.4byte	0x84
 318 01f3 00       		.byte	0
 319 01f4 0D       		.uleb128 0xd
 320 01f5 DF010000 		.4byte	.LASF42
 321 01f9 05       		.byte	0x5
 322 01fa 3E       		.byte	0x3e
 323 01fb 84000000 		.4byte	0x84
 324 01ff 04       		.byte	0x4
 325 0200 0D       		.uleb128 0xd
 326 0201 8E030000 		.4byte	.LASF43
 327 0205 05       		.byte	0x5
 328 0206 3F       		.byte	0x3f
 329 0207 25020000 		.4byte	0x225
 330 020b 08       		.byte	0x8
 331 020c 0D       		.uleb128 0xd
 332 020d 41030000 		.4byte	.LASF44
 333 0211 05       		.byte	0x5
 334 0212 40       		.byte	0x40
 335 0213 84000000 		.4byte	0x84
 336 0217 0C       		.byte	0xc
 337 0218 0D       		.uleb128 0xd
 338 0219 65010000 		.4byte	.LASF45
 339 021d 05       		.byte	0x5
 340 021e 45       		.byte	0x45
 341 021f 84000000 		.4byte	0x84
 342 0223 10       		.byte	0x10
ARM GAS  C:\Users\gjl\AppData\Local\Temp\cc4Y3PMc.s 			page 7


 343 0224 00       		.byte	0
 344 0225 0E       		.uleb128 0xe
 345 0226 04       		.byte	0x4
 346 0227 2B020000 		.4byte	0x22b
 347 022b 0F       		.uleb128 0xf
 348 022c D4010000 		.4byte	0x1d4
 349 0230 03       		.uleb128 0x3
 350 0231 1E000000 		.4byte	.LASF46
 351 0235 05       		.byte	0x5
 352 0236 48       		.byte	0x48
 353 0237 E0010000 		.4byte	0x1e0
 354 023b 0A       		.uleb128 0xa
 355 023c 2B020000 		.4byte	0x22b
 356 0240 4B020000 		.4byte	0x24b
 357 0244 0B       		.uleb128 0xb
 358 0245 8F000000 		.4byte	0x8f
 359 0249 00       		.byte	0
 360 024a 00       		.byte	0
 361 024b 10       		.uleb128 0x10
 362 024c EE000000 		.4byte	.LASF53
 363 0250 07       		.byte	0x7
 364 0251 2A       		.byte	0x2a
 365 0252 5C020000 		.4byte	0x25c
 366 0256 05       		.uleb128 0x5
 367 0257 03       		.byte	0x3
 368 0258 14000000 		.4byte	ADC_1_hwConfigs
 369 025c 0F       		.uleb128 0xf
 370 025d 3B020000 		.4byte	0x23b
 371 0261 11       		.uleb128 0x11
 372 0262 9C010000 		.4byte	.LASF47
 373 0266 06       		.byte	0x6
 374 0267 EA07     		.2byte	0x7ea
 375 0269 6D020000 		.4byte	0x26d
 376 026d 12       		.uleb128 0x12
 377 026e 79000000 		.4byte	0x79
 378 0272 11       		.uleb128 0x11
 379 0273 3D010000 		.4byte	.LASF48
 380 0277 05       		.byte	0x5
 381 0278 6001     		.2byte	0x160
 382 027a 84000000 		.4byte	0x84
 383 027e 0A       		.uleb128 0xa
 384 027f 8E020000 		.4byte	0x28e
 385 0283 8E020000 		.4byte	0x28e
 386 0287 0B       		.uleb128 0xb
 387 0288 8F000000 		.4byte	0x8f
 388 028c 00       		.byte	0
 389 028d 00       		.byte	0
 390 028e 0F       		.uleb128 0xf
 391 028f 30020000 		.4byte	0x230
 392 0293 13       		.uleb128 0x13
 393 0294 2C010000 		.4byte	.LASF49
 394 0298 07       		.byte	0x7
 395 0299 A3       		.byte	0xa3
 396 029a A4020000 		.4byte	0x2a4
 397 029e 05       		.uleb128 0x5
 398 029f 03       		.byte	0x3
 399 02a0 00000000 		.4byte	ADC_1_allConfigs
ARM GAS  C:\Users\gjl\AppData\Local\Temp\cc4Y3PMc.s 			page 8


 400 02a4 0F       		.uleb128 0xf
 401 02a5 7E020000 		.4byte	0x27e
 402 02a9 00       		.byte	0
 403              		.section	.debug_abbrev,"",%progbits
 404              	.Ldebug_abbrev0:
 405 0000 01       		.uleb128 0x1
 406 0001 11       		.uleb128 0x11
 407 0002 01       		.byte	0x1
 408 0003 25       		.uleb128 0x25
 409 0004 0E       		.uleb128 0xe
 410 0005 13       		.uleb128 0x13
 411 0006 0B       		.uleb128 0xb
 412 0007 03       		.uleb128 0x3
 413 0008 0E       		.uleb128 0xe
 414 0009 1B       		.uleb128 0x1b
 415 000a 0E       		.uleb128 0xe
 416 000b 10       		.uleb128 0x10
 417 000c 17       		.uleb128 0x17
 418 000d 00       		.byte	0
 419 000e 00       		.byte	0
 420 000f 02       		.uleb128 0x2
 421 0010 24       		.uleb128 0x24
 422 0011 00       		.byte	0
 423 0012 0B       		.uleb128 0xb
 424 0013 0B       		.uleb128 0xb
 425 0014 3E       		.uleb128 0x3e
 426 0015 0B       		.uleb128 0xb
 427 0016 03       		.uleb128 0x3
 428 0017 0E       		.uleb128 0xe
 429 0018 00       		.byte	0
 430 0019 00       		.byte	0
 431 001a 03       		.uleb128 0x3
 432 001b 16       		.uleb128 0x16
 433 001c 00       		.byte	0
 434 001d 03       		.uleb128 0x3
 435 001e 0E       		.uleb128 0xe
 436 001f 3A       		.uleb128 0x3a
 437 0020 0B       		.uleb128 0xb
 438 0021 3B       		.uleb128 0x3b
 439 0022 0B       		.uleb128 0xb
 440 0023 49       		.uleb128 0x49
 441 0024 13       		.uleb128 0x13
 442 0025 00       		.byte	0
 443 0026 00       		.byte	0
 444 0027 04       		.uleb128 0x4
 445 0028 24       		.uleb128 0x24
 446 0029 00       		.byte	0
 447 002a 0B       		.uleb128 0xb
 448 002b 0B       		.uleb128 0xb
 449 002c 3E       		.uleb128 0x3e
 450 002d 0B       		.uleb128 0xb
 451 002e 03       		.uleb128 0x3
 452 002f 08       		.uleb128 0x8
 453 0030 00       		.byte	0
 454 0031 00       		.byte	0
 455 0032 05       		.uleb128 0x5
 456 0033 16       		.uleb128 0x16
ARM GAS  C:\Users\gjl\AppData\Local\Temp\cc4Y3PMc.s 			page 9


 457 0034 00       		.byte	0
 458 0035 03       		.uleb128 0x3
 459 0036 0E       		.uleb128 0xe
 460 0037 3A       		.uleb128 0x3a
 461 0038 0B       		.uleb128 0xb
 462 0039 3B       		.uleb128 0x3b
 463 003a 05       		.uleb128 0x5
 464 003b 49       		.uleb128 0x49
 465 003c 13       		.uleb128 0x13
 466 003d 00       		.byte	0
 467 003e 00       		.byte	0
 468 003f 06       		.uleb128 0x6
 469 0040 04       		.uleb128 0x4
 470 0041 01       		.byte	0x1
 471 0042 0B       		.uleb128 0xb
 472 0043 0B       		.uleb128 0xb
 473 0044 49       		.uleb128 0x49
 474 0045 13       		.uleb128 0x13
 475 0046 3A       		.uleb128 0x3a
 476 0047 0B       		.uleb128 0xb
 477 0048 3B       		.uleb128 0x3b
 478 0049 05       		.uleb128 0x5
 479 004a 01       		.uleb128 0x1
 480 004b 13       		.uleb128 0x13
 481 004c 00       		.byte	0
 482 004d 00       		.byte	0
 483 004e 07       		.uleb128 0x7
 484 004f 28       		.uleb128 0x28
 485 0050 00       		.byte	0
 486 0051 03       		.uleb128 0x3
 487 0052 0E       		.uleb128 0xe
 488 0053 1C       		.uleb128 0x1c
 489 0054 0B       		.uleb128 0xb
 490 0055 00       		.byte	0
 491 0056 00       		.byte	0
 492 0057 08       		.uleb128 0x8
 493 0058 13       		.uleb128 0x13
 494 0059 01       		.byte	0x1
 495 005a 0B       		.uleb128 0xb
 496 005b 0B       		.uleb128 0xb
 497 005c 3A       		.uleb128 0x3a
 498 005d 0B       		.uleb128 0xb
 499 005e 3B       		.uleb128 0x3b
 500 005f 05       		.uleb128 0x5
 501 0060 01       		.uleb128 0x1
 502 0061 13       		.uleb128 0x13
 503 0062 00       		.byte	0
 504 0063 00       		.byte	0
 505 0064 09       		.uleb128 0x9
 506 0065 0D       		.uleb128 0xd
 507 0066 00       		.byte	0
 508 0067 03       		.uleb128 0x3
 509 0068 0E       		.uleb128 0xe
 510 0069 3A       		.uleb128 0x3a
 511 006a 0B       		.uleb128 0xb
 512 006b 3B       		.uleb128 0x3b
 513 006c 05       		.uleb128 0x5
ARM GAS  C:\Users\gjl\AppData\Local\Temp\cc4Y3PMc.s 			page 10


 514 006d 49       		.uleb128 0x49
 515 006e 13       		.uleb128 0x13
 516 006f 38       		.uleb128 0x38
 517 0070 0B       		.uleb128 0xb
 518 0071 00       		.byte	0
 519 0072 00       		.byte	0
 520 0073 0A       		.uleb128 0xa
 521 0074 01       		.uleb128 0x1
 522 0075 01       		.byte	0x1
 523 0076 49       		.uleb128 0x49
 524 0077 13       		.uleb128 0x13
 525 0078 01       		.uleb128 0x1
 526 0079 13       		.uleb128 0x13
 527 007a 00       		.byte	0
 528 007b 00       		.byte	0
 529 007c 0B       		.uleb128 0xb
 530 007d 21       		.uleb128 0x21
 531 007e 00       		.byte	0
 532 007f 49       		.uleb128 0x49
 533 0080 13       		.uleb128 0x13
 534 0081 2F       		.uleb128 0x2f
 535 0082 0B       		.uleb128 0xb
 536 0083 00       		.byte	0
 537 0084 00       		.byte	0
 538 0085 0C       		.uleb128 0xc
 539 0086 13       		.uleb128 0x13
 540 0087 01       		.byte	0x1
 541 0088 0B       		.uleb128 0xb
 542 0089 0B       		.uleb128 0xb
 543 008a 3A       		.uleb128 0x3a
 544 008b 0B       		.uleb128 0xb
 545 008c 3B       		.uleb128 0x3b
 546 008d 0B       		.uleb128 0xb
 547 008e 01       		.uleb128 0x1
 548 008f 13       		.uleb128 0x13
 549 0090 00       		.byte	0
 550 0091 00       		.byte	0
 551 0092 0D       		.uleb128 0xd
 552 0093 0D       		.uleb128 0xd
 553 0094 00       		.byte	0
 554 0095 03       		.uleb128 0x3
 555 0096 0E       		.uleb128 0xe
 556 0097 3A       		.uleb128 0x3a
 557 0098 0B       		.uleb128 0xb
 558 0099 3B       		.uleb128 0x3b
 559 009a 0B       		.uleb128 0xb
 560 009b 49       		.uleb128 0x49
 561 009c 13       		.uleb128 0x13
 562 009d 38       		.uleb128 0x38
 563 009e 0B       		.uleb128 0xb
 564 009f 00       		.byte	0
 565 00a0 00       		.byte	0
 566 00a1 0E       		.uleb128 0xe
 567 00a2 0F       		.uleb128 0xf
 568 00a3 00       		.byte	0
 569 00a4 0B       		.uleb128 0xb
 570 00a5 0B       		.uleb128 0xb
ARM GAS  C:\Users\gjl\AppData\Local\Temp\cc4Y3PMc.s 			page 11


 571 00a6 49       		.uleb128 0x49
 572 00a7 13       		.uleb128 0x13
 573 00a8 00       		.byte	0
 574 00a9 00       		.byte	0
 575 00aa 0F       		.uleb128 0xf
 576 00ab 26       		.uleb128 0x26
 577 00ac 00       		.byte	0
 578 00ad 49       		.uleb128 0x49
 579 00ae 13       		.uleb128 0x13
 580 00af 00       		.byte	0
 581 00b0 00       		.byte	0
 582 00b1 10       		.uleb128 0x10
 583 00b2 34       		.uleb128 0x34
 584 00b3 00       		.byte	0
 585 00b4 03       		.uleb128 0x3
 586 00b5 0E       		.uleb128 0xe
 587 00b6 3A       		.uleb128 0x3a
 588 00b7 0B       		.uleb128 0xb
 589 00b8 3B       		.uleb128 0x3b
 590 00b9 0B       		.uleb128 0xb
 591 00ba 49       		.uleb128 0x49
 592 00bb 13       		.uleb128 0x13
 593 00bc 02       		.uleb128 0x2
 594 00bd 18       		.uleb128 0x18
 595 00be 00       		.byte	0
 596 00bf 00       		.byte	0
 597 00c0 11       		.uleb128 0x11
 598 00c1 34       		.uleb128 0x34
 599 00c2 00       		.byte	0
 600 00c3 03       		.uleb128 0x3
 601 00c4 0E       		.uleb128 0xe
 602 00c5 3A       		.uleb128 0x3a
 603 00c6 0B       		.uleb128 0xb
 604 00c7 3B       		.uleb128 0x3b
 605 00c8 05       		.uleb128 0x5
 606 00c9 49       		.uleb128 0x49
 607 00ca 13       		.uleb128 0x13
 608 00cb 3F       		.uleb128 0x3f
 609 00cc 19       		.uleb128 0x19
 610 00cd 3C       		.uleb128 0x3c
 611 00ce 19       		.uleb128 0x19
 612 00cf 00       		.byte	0
 613 00d0 00       		.byte	0
 614 00d1 12       		.uleb128 0x12
 615 00d2 35       		.uleb128 0x35
 616 00d3 00       		.byte	0
 617 00d4 49       		.uleb128 0x49
 618 00d5 13       		.uleb128 0x13
 619 00d6 00       		.byte	0
 620 00d7 00       		.byte	0
 621 00d8 13       		.uleb128 0x13
 622 00d9 34       		.uleb128 0x34
 623 00da 00       		.byte	0
 624 00db 03       		.uleb128 0x3
 625 00dc 0E       		.uleb128 0xe
 626 00dd 3A       		.uleb128 0x3a
 627 00de 0B       		.uleb128 0xb
ARM GAS  C:\Users\gjl\AppData\Local\Temp\cc4Y3PMc.s 			page 12


 628 00df 3B       		.uleb128 0x3b
 629 00e0 0B       		.uleb128 0xb
 630 00e1 49       		.uleb128 0x49
 631 00e2 13       		.uleb128 0x13
 632 00e3 3F       		.uleb128 0x3f
 633 00e4 19       		.uleb128 0x19
 634 00e5 02       		.uleb128 0x2
 635 00e6 18       		.uleb128 0x18
 636 00e7 00       		.byte	0
 637 00e8 00       		.byte	0
 638 00e9 00       		.byte	0
 639              		.section	.debug_aranges,"",%progbits
 640 0000 14000000 		.4byte	0x14
 641 0004 0200     		.2byte	0x2
 642 0006 00000000 		.4byte	.Ldebug_info0
 643 000a 04       		.byte	0x4
 644 000b 00       		.byte	0
 645 000c 0000     		.2byte	0
 646 000e 0000     		.2byte	0
 647 0010 00000000 		.4byte	0
 648 0014 00000000 		.4byte	0
 649              		.section	.debug_line,"",%progbits
 650              	.Ldebug_line0:
 651 0000 01020000 		.section	.debug_str,"MS",%progbits,1
 651      0200FB01 
 651      00000201 
 651      FB0E0D00 
 651      01010101 
 652              	.LASF29:
 653 0000 72616E67 		.ascii	"rangeCond\000"
 653      65436F6E 
 653      6400
 654              	.LASF26:
 655 000a 73616D70 		.ascii	"sampleTime01\000"
 655      6C655469 
 655      6D653031 
 655      00
 656              	.LASF30:
 657 0017 6368616E 		.ascii	"chanEn\000"
 657      456E00
 658              	.LASF46:
 659 001e 4144435F 		.ascii	"ADC_1_CONFIG_STRUCT\000"
 659      315F434F 
 659      4E464947 
 659      5F535452 
 659      55435400 
 660              	.LASF5:
 661 0032 5F5F696E 		.ascii	"__int32_t\000"
 661      7433325F 
 661      7400
 662              	.LASF27:
 663 003c 73616D70 		.ascii	"sampleTime23\000"
 663      6C655469 
 663      6D653233 
 663      00
 664              	.LASF33:
 665 0049 73617449 		.ascii	"satIntrMask\000"
ARM GAS  C:\Users\gjl\AppData\Local\Temp\cc4Y3PMc.s 			page 13


 665      6E74724D 
 665      61736B00 
 666              	.LASF20:
 667 0055 43595F53 		.ascii	"CY_SAR_RANGE_COND_INSIDE\000"
 667      41525F52 
 667      414E4745 
 667      5F434F4E 
 667      445F494E 
 668              	.LASF0:
 669 006e 73686F72 		.ascii	"short int\000"
 669      7420696E 
 669      7400
 670              	.LASF52:
 671 0078 433A5C47 		.ascii	"C:\\Git\\PSoC6-101-Videos\\Projects_ScreenCapture\\"
 671      69745C50 
 671      536F4336 
 671      2D313031 
 671      2D566964 
 672 00a7 50536F43 		.ascii	"PSoC 6_101\\2-6-ADC.cydsn\000"
 672      20365F31 
 672      30315C32 
 672      2D362D41 
 672      44432E63 
 673              	.LASF36:
 674 00c0 6D757853 		.ascii	"muxSwitchSqCtrl\000"
 674      77697463 
 674      68537143 
 674      74726C00 
 675              	.LASF16:
 676 00d0 666C6F61 		.ascii	"float\000"
 676      7400
 677              	.LASF35:
 678 00d6 6D757853 		.ascii	"muxSwitch\000"
 678      77697463 
 678      6800
 679              	.LASF2:
 680 00e0 756E7369 		.ascii	"unsigned char\000"
 680      676E6564 
 680      20636861 
 680      7200
 681              	.LASF53:
 682 00ee 4144435F 		.ascii	"ADC_1_hwConfigs\000"
 682      315F6877 
 682      436F6E66 
 682      69677300 
 683              	.LASF32:
 684 00fe 696E7472 		.ascii	"intrMask\000"
 684      4D61736B 
 684      00
 685              	.LASF7:
 686 0107 6C6F6E67 		.ascii	"long unsigned int\000"
 686      20756E73 
 686      69676E65 
 686      6420696E 
 686      7400
 687              	.LASF3:
 688 0119 73686F72 		.ascii	"short unsigned int\000"
ARM GAS  C:\Users\gjl\AppData\Local\Temp\cc4Y3PMc.s 			page 14


 688      7420756E 
 688      7369676E 
 688      65642069 
 688      6E7400
 689              	.LASF49:
 690 012c 4144435F 		.ascii	"ADC_1_allConfigs\000"
 690      315F616C 
 690      6C436F6E 
 690      66696773 
 690      00
 691              	.LASF48:
 692 013d 4144435F 		.ascii	"ADC_1_currentConfig\000"
 692      315F6375 
 692      7272656E 
 692      74436F6E 
 692      66696700 
 693              	.LASF40:
 694 0151 63795F73 		.ascii	"cy_stc_sar_config_t\000"
 694      74635F73 
 694      61725F63 
 694      6F6E6669 
 694      675F7400 
 695              	.LASF45:
 696 0165 636C6B44 		.ascii	"clkDivider\000"
 696      69766964 
 696      657200
 697              	.LASF22:
 698 0170 43595F53 		.ascii	"CY_SAR_RANGE_COND_OUTSIDE\000"
 698      41525F52 
 698      414E4745 
 698      5F434F4E 
 698      445F4F55 
 699              	.LASF17:
 700 018a 646F7562 		.ascii	"double\000"
 700      6C6500
 701              	.LASF6:
 702 0191 5F5F7569 		.ascii	"__uint32_t\000"
 702      6E743332 
 702      5F7400
 703              	.LASF47:
 704 019c 49544D5F 		.ascii	"ITM_RxBuffer\000"
 704      52784275 
 704      66666572 
 704      00
 705              	.LASF18:
 706 01a9 75696E74 		.ascii	"uint32\000"
 706      333200
 707              	.LASF25:
 708 01b0 73616D70 		.ascii	"sampleCtrl\000"
 708      6C654374 
 708      726C00
 709              	.LASF10:
 710 01bb 756E7369 		.ascii	"unsigned int\000"
 710      676E6564 
 710      20696E74 
 710      00
 711              	.LASF38:
ARM GAS  C:\Users\gjl\AppData\Local\Temp\cc4Y3PMc.s 			page 15


 712 01c8 76726566 		.ascii	"vrefMvValue\000"
 712      4D765661 
 712      6C756500 
 713              	.LASF31:
 714 01d4 6368616E 		.ascii	"chanConfig\000"
 714      436F6E66 
 714      696700
 715              	.LASF42:
 716 01df 6E756D43 		.ascii	"numChannels\000"
 716      68616E6E 
 716      656C7300 
 717              	.LASF34:
 718 01eb 72616E67 		.ascii	"rangeIntrMask\000"
 718      65496E74 
 718      724D6173 
 718      6B00
 719              	.LASF23:
 720 01f9 63795F65 		.ascii	"cy_en_sar_range_detect_condition_t\000"
 720      6E5F7361 
 720      725F7261 
 720      6E67655F 
 720      64657465 
 721              	.LASF50:
 722 021c 474E5520 		.ascii	"GNU C11 5.4.1 20160609 (release) [ARM/embedded-5-br"
 722      43313120 
 722      352E342E 
 722      31203230 
 722      31363036 
 723 024f 616E6368 		.ascii	"anch revision 237715] -mcpu=cortex-m4 -mfloat-abi=s"
 723      20726576 
 723      6973696F 
 723      6E203233 
 723      37373135 
 724 0282 6F667466 		.ascii	"oftfp -mfpu=fpv4-sp-d16 -mthumb -g -Og -ffunction-s"
 724      70202D6D 
 724      6670753D 
 724      66707634 
 724      2D73702D 
 725 02b5 65637469 		.ascii	"ections -ffat-lto-objects\000"
 725      6F6E7320 
 725      2D666661 
 725      742D6C74 
 725      6F2D6F62 
 726              	.LASF28:
 727 02cf 72616E67 		.ascii	"rangeThres\000"
 727      65546872 
 727      657300
 728              	.LASF24:
 729 02da 6374726C 		.ascii	"ctrl\000"
 729      00
 730              	.LASF11:
 731 02df 696E7433 		.ascii	"int32_t\000"
 731      325F7400 
 732              	.LASF13:
 733 02e7 73697A65 		.ascii	"sizetype\000"
 733      74797065 
 733      00
ARM GAS  C:\Users\gjl\AppData\Local\Temp\cc4Y3PMc.s 			page 16


 734              	.LASF8:
 735 02f0 6C6F6E67 		.ascii	"long long int\000"
 735      206C6F6E 
 735      6720696E 
 735      7400
 736              	.LASF15:
 737 02fe 63686172 		.ascii	"char\000"
 737      00
 738              	.LASF41:
 739 0303 6368616E 		.ascii	"channelBase\000"
 739      6E656C42 
 739      61736500 
 740              	.LASF37:
 741 030f 636F6E66 		.ascii	"configRouting\000"
 741      6967526F 
 741      7574696E 
 741      6700
 742              	.LASF51:
 743 031d 47656E65 		.ascii	"Generated_Source\\PSoC6\\ADC_1_INIT.c\000"
 743      72617465 
 743      645F536F 
 743      75726365 
 743      5C50536F 
 744              	.LASF44:
 745 0341 6D697363 		.ascii	"miscConfig\000"
 745      436F6E66 
 745      696700
 746              	.LASF12:
 747 034c 75696E74 		.ascii	"uint32_t\000"
 747      33325F74 
 747      00
 748              	.LASF4:
 749 0355 6C6F6E67 		.ascii	"long int\000"
 749      20696E74 
 749      00
 750              	.LASF19:
 751 035e 43595F53 		.ascii	"CY_SAR_RANGE_COND_BELOW\000"
 751      41525F52 
 751      414E4745 
 751      5F434F4E 
 751      445F4245 
 752              	.LASF14:
 753 0376 6C6F6E67 		.ascii	"long double\000"
 753      20646F75 
 753      626C6500 
 754              	.LASF1:
 755 0382 7369676E 		.ascii	"signed char\000"
 755      65642063 
 755      68617200 
 756              	.LASF43:
 757 038e 6877436F 		.ascii	"hwConfigStc\000"
 757      6E666967 
 757      53746300 
 758              	.LASF39:
 759 039a 5F426F6F 		.ascii	"_Bool\000"
 759      6C00
 760              	.LASF21:
ARM GAS  C:\Users\gjl\AppData\Local\Temp\cc4Y3PMc.s 			page 17


 761 03a0 43595F53 		.ascii	"CY_SAR_RANGE_COND_ABOVE\000"
 761      41525F52 
 761      414E4745 
 761      5F434F4E 
 761      445F4142 
 762              	.LASF9:
 763 03b8 6C6F6E67 		.ascii	"long long unsigned int\000"
 763      206C6F6E 
 763      6720756E 
 763      7369676E 
 763      65642069 
 764              		.ident	"GCC: (GNU Tools for ARM Embedded Processors) 5.4.1 20160609 (release) [ARM/embedded-5-bran
