ARM GAS  C:\Users\gjl\AppData\Local\Temp\ccPrGmsh.s 			page 1


   1              		.syntax unified
   2              		.cpu cortex-m4
   3              		.eabi_attribute 27, 1
   4              		.fpu fpv4-sp-d16
   5              		.eabi_attribute 20, 1
   6              		.eabi_attribute 21, 1
   7              		.eabi_attribute 23, 3
   8              		.eabi_attribute 24, 1
   9              		.eabi_attribute 25, 1
  10              		.eabi_attribute 26, 1
  11              		.eabi_attribute 30, 1
  12              		.eabi_attribute 34, 1
  13              		.eabi_attribute 18, 4
  14              		.thumb
  15              		.syntax unified
  16              		.file	"main_cm4.c"
  17              		.text
  18              	.Ltext0:
  19              		.cfi_sections	.debug_frame
  20              		.global	__aeabi_f2d
  21              		.global	__aeabi_dmul
  22              		.global	__aeabi_dadd
  23              		.section	.text.main,"ax",%progbits
  24              		.align	2
  25              		.global	main
  26              		.thumb
  27              		.thumb_func
  28              		.type	main, %function
  29              	main:
  30              	.LFB516:
  31              		.file 1 "main_cm4.c"
   1:main_cm4.c    **** /* ========================================
   2:main_cm4.c    ****  *
   3:main_cm4.c    ****  * Copyright YOUR COMPANY, THE YEAR
   4:main_cm4.c    ****  * All Rights Reserved
   5:main_cm4.c    ****  * UNPUBLISHED, LICENSED SOFTWARE.
   6:main_cm4.c    ****  *
   7:main_cm4.c    ****  * CONFIDENTIAL AND PROPRIETARY INFORMATION
   8:main_cm4.c    ****  * WHICH IS THE PROPERTY OF your company.
   9:main_cm4.c    ****  *
  10:main_cm4.c    ****  * ========================================
  11:main_cm4.c    **** */
  12:main_cm4.c    **** #include "project.h"
  13:main_cm4.c    **** #include "Thermistor.h"
  14:main_cm4.c    **** #include <stdio.h>
  15:main_cm4.c    **** 
  16:main_cm4.c    **** int main(void)
  17:main_cm4.c    **** {
  32              		.loc 1 17 0
  33              		.cfi_startproc
  34              		@ args = 0, pretend = 0, frame = 0
  35              		@ frame_needed = 0, uses_anonymous_args = 0
  36 0000 2DE9F043 		push	{r4, r5, r6, r7, r8, r9, lr}
  37              		.cfi_def_cfa_offset 28
  38              		.cfi_offset 4, -28
  39              		.cfi_offset 5, -24
  40              		.cfi_offset 6, -20
ARM GAS  C:\Users\gjl\AppData\Local\Temp\ccPrGmsh.s 			page 2


  41              		.cfi_offset 7, -16
  42              		.cfi_offset 8, -12
  43              		.cfi_offset 9, -8
  44              		.cfi_offset 14, -4
  45 0004 2DED048B 		vpush.64	{d8, d9}
  46              		.cfi_def_cfa_offset 44
  47              		.cfi_offset 80, -44
  48              		.cfi_offset 81, -40
  49              		.cfi_offset 82, -36
  50              		.cfi_offset 83, -32
  51 0008 89B0     		sub	sp, sp, #36
  52              		.cfi_def_cfa_offset 80
  53              	.LBB5:
  54              	.LBB6:
  55              		.file 2 "Generated_Source\\PSoC6\\pdl\\cmsis/include/cmsis_gcc.h"
   1:Generated_Source\PSoC6\pdl\cmsis/include/cmsis_gcc.h **** /**************************************************************************//**
   2:Generated_Source\PSoC6\pdl\cmsis/include/cmsis_gcc.h ****  * @file     cmsis_gcc.h
   3:Generated_Source\PSoC6\pdl\cmsis/include/cmsis_gcc.h ****  * @brief    CMSIS compiler GCC header file
   4:Generated_Source\PSoC6\pdl\cmsis/include/cmsis_gcc.h ****  * @version  V5.0.1
   5:Generated_Source\PSoC6\pdl\cmsis/include/cmsis_gcc.h ****  * @date     02. February 2017
   6:Generated_Source\PSoC6\pdl\cmsis/include/cmsis_gcc.h ****  ******************************************************************************/
   7:Generated_Source\PSoC6\pdl\cmsis/include/cmsis_gcc.h **** /*
   8:Generated_Source\PSoC6\pdl\cmsis/include/cmsis_gcc.h ****  * Copyright (c) 2009-2017 ARM Limited. All rights reserved.
   9:Generated_Source\PSoC6\pdl\cmsis/include/cmsis_gcc.h ****  *
  10:Generated_Source\PSoC6\pdl\cmsis/include/cmsis_gcc.h ****  * SPDX-License-Identifier: Apache-2.0
  11:Generated_Source\PSoC6\pdl\cmsis/include/cmsis_gcc.h ****  *
  12:Generated_Source\PSoC6\pdl\cmsis/include/cmsis_gcc.h ****  * Licensed under the Apache License, Version 2.0 (the License); you may
  13:Generated_Source\PSoC6\pdl\cmsis/include/cmsis_gcc.h ****  * not use this file except in compliance with the License.
  14:Generated_Source\PSoC6\pdl\cmsis/include/cmsis_gcc.h ****  * You may obtain a copy of the License at
  15:Generated_Source\PSoC6\pdl\cmsis/include/cmsis_gcc.h ****  *
  16:Generated_Source\PSoC6\pdl\cmsis/include/cmsis_gcc.h ****  * www.apache.org/licenses/LICENSE-2.0
  17:Generated_Source\PSoC6\pdl\cmsis/include/cmsis_gcc.h ****  *
  18:Generated_Source\PSoC6\pdl\cmsis/include/cmsis_gcc.h ****  * Unless required by applicable law or agreed to in writing, software
  19:Generated_Source\PSoC6\pdl\cmsis/include/cmsis_gcc.h ****  * distributed under the License is distributed on an AS IS BASIS, WITHOUT
  20:Generated_Source\PSoC6\pdl\cmsis/include/cmsis_gcc.h ****  * WARRANTIES OR CONDITIONS OF ANY KIND, either express or implied.
  21:Generated_Source\PSoC6\pdl\cmsis/include/cmsis_gcc.h ****  * See the License for the specific language governing permissions and
  22:Generated_Source\PSoC6\pdl\cmsis/include/cmsis_gcc.h ****  * limitations under the License.
  23:Generated_Source\PSoC6\pdl\cmsis/include/cmsis_gcc.h ****  */
  24:Generated_Source\PSoC6\pdl\cmsis/include/cmsis_gcc.h **** 
  25:Generated_Source\PSoC6\pdl\cmsis/include/cmsis_gcc.h **** #ifndef __CMSIS_GCC_H
  26:Generated_Source\PSoC6\pdl\cmsis/include/cmsis_gcc.h **** #define __CMSIS_GCC_H
  27:Generated_Source\PSoC6\pdl\cmsis/include/cmsis_gcc.h **** 
  28:Generated_Source\PSoC6\pdl\cmsis/include/cmsis_gcc.h **** /* ignore some GCC warnings */
  29:Generated_Source\PSoC6\pdl\cmsis/include/cmsis_gcc.h **** #pragma GCC diagnostic push
  30:Generated_Source\PSoC6\pdl\cmsis/include/cmsis_gcc.h **** #pragma GCC diagnostic ignored "-Wsign-conversion"
  31:Generated_Source\PSoC6\pdl\cmsis/include/cmsis_gcc.h **** #pragma GCC diagnostic ignored "-Wconversion"
  32:Generated_Source\PSoC6\pdl\cmsis/include/cmsis_gcc.h **** #pragma GCC diagnostic ignored "-Wunused-parameter"
  33:Generated_Source\PSoC6\pdl\cmsis/include/cmsis_gcc.h **** 
  34:Generated_Source\PSoC6\pdl\cmsis/include/cmsis_gcc.h **** /* CMSIS compiler specific defines */
  35:Generated_Source\PSoC6\pdl\cmsis/include/cmsis_gcc.h **** #ifndef   __ASM
  36:Generated_Source\PSoC6\pdl\cmsis/include/cmsis_gcc.h ****   #define __ASM                     __asm
  37:Generated_Source\PSoC6\pdl\cmsis/include/cmsis_gcc.h **** #endif
  38:Generated_Source\PSoC6\pdl\cmsis/include/cmsis_gcc.h **** #ifndef   __INLINE
  39:Generated_Source\PSoC6\pdl\cmsis/include/cmsis_gcc.h ****   #define __INLINE                  inline
  40:Generated_Source\PSoC6\pdl\cmsis/include/cmsis_gcc.h **** #endif
  41:Generated_Source\PSoC6\pdl\cmsis/include/cmsis_gcc.h **** #ifndef   __STATIC_INLINE
  42:Generated_Source\PSoC6\pdl\cmsis/include/cmsis_gcc.h ****   #define __STATIC_INLINE           static inline
ARM GAS  C:\Users\gjl\AppData\Local\Temp\ccPrGmsh.s 			page 3


  43:Generated_Source\PSoC6\pdl\cmsis/include/cmsis_gcc.h **** #endif
  44:Generated_Source\PSoC6\pdl\cmsis/include/cmsis_gcc.h **** #ifndef   __NO_RETURN
  45:Generated_Source\PSoC6\pdl\cmsis/include/cmsis_gcc.h ****   #define __NO_RETURN               __attribute__((noreturn))
  46:Generated_Source\PSoC6\pdl\cmsis/include/cmsis_gcc.h **** #endif
  47:Generated_Source\PSoC6\pdl\cmsis/include/cmsis_gcc.h **** #ifndef   __USED
  48:Generated_Source\PSoC6\pdl\cmsis/include/cmsis_gcc.h ****   #define __USED                    __attribute__((used))
  49:Generated_Source\PSoC6\pdl\cmsis/include/cmsis_gcc.h **** #endif
  50:Generated_Source\PSoC6\pdl\cmsis/include/cmsis_gcc.h **** #ifndef   __WEAK
  51:Generated_Source\PSoC6\pdl\cmsis/include/cmsis_gcc.h ****   #define __WEAK                    __attribute__((weak))
  52:Generated_Source\PSoC6\pdl\cmsis/include/cmsis_gcc.h **** #endif
  53:Generated_Source\PSoC6\pdl\cmsis/include/cmsis_gcc.h **** #ifndef   __UNALIGNED_UINT32
  54:Generated_Source\PSoC6\pdl\cmsis/include/cmsis_gcc.h **** #pragma GCC diagnostic push
  55:Generated_Source\PSoC6\pdl\cmsis/include/cmsis_gcc.h **** #pragma GCC diagnostic ignored "-Wpacked"
  56:Generated_Source\PSoC6\pdl\cmsis/include/cmsis_gcc.h **** #pragma GCC diagnostic ignored "-Wattributes"
  57:Generated_Source\PSoC6\pdl\cmsis/include/cmsis_gcc.h ****   struct __attribute__((packed)) T_UINT32 { uint32_t v; };
  58:Generated_Source\PSoC6\pdl\cmsis/include/cmsis_gcc.h **** #pragma GCC diagnostic pop
  59:Generated_Source\PSoC6\pdl\cmsis/include/cmsis_gcc.h ****   #define __UNALIGNED_UINT32(x)     (((struct T_UINT32 *)(x))->v)
  60:Generated_Source\PSoC6\pdl\cmsis/include/cmsis_gcc.h **** #endif
  61:Generated_Source\PSoC6\pdl\cmsis/include/cmsis_gcc.h **** #ifndef   __ALIGNED
  62:Generated_Source\PSoC6\pdl\cmsis/include/cmsis_gcc.h ****   #define __ALIGNED(x)              __attribute__((aligned(x)))
  63:Generated_Source\PSoC6\pdl\cmsis/include/cmsis_gcc.h **** #endif
  64:Generated_Source\PSoC6\pdl\cmsis/include/cmsis_gcc.h **** #ifndef   __PACKED
  65:Generated_Source\PSoC6\pdl\cmsis/include/cmsis_gcc.h ****   #define __PACKED                  __attribute__((packed, aligned(1)))
  66:Generated_Source\PSoC6\pdl\cmsis/include/cmsis_gcc.h **** #endif
  67:Generated_Source\PSoC6\pdl\cmsis/include/cmsis_gcc.h **** #ifndef   __PACKED_STRUCT
  68:Generated_Source\PSoC6\pdl\cmsis/include/cmsis_gcc.h ****   #define __PACKED_STRUCT           struct __attribute__((packed, aligned(1)))
  69:Generated_Source\PSoC6\pdl\cmsis/include/cmsis_gcc.h **** #endif
  70:Generated_Source\PSoC6\pdl\cmsis/include/cmsis_gcc.h **** 
  71:Generated_Source\PSoC6\pdl\cmsis/include/cmsis_gcc.h **** 
  72:Generated_Source\PSoC6\pdl\cmsis/include/cmsis_gcc.h **** /* ###########################  Core Function Access  ########################### */
  73:Generated_Source\PSoC6\pdl\cmsis/include/cmsis_gcc.h **** /** \ingroup  CMSIS_Core_FunctionInterface
  74:Generated_Source\PSoC6\pdl\cmsis/include/cmsis_gcc.h ****     \defgroup CMSIS_Core_RegAccFunctions CMSIS Core Register Access Functions
  75:Generated_Source\PSoC6\pdl\cmsis/include/cmsis_gcc.h ****   @{
  76:Generated_Source\PSoC6\pdl\cmsis/include/cmsis_gcc.h ****  */
  77:Generated_Source\PSoC6\pdl\cmsis/include/cmsis_gcc.h **** 
  78:Generated_Source\PSoC6\pdl\cmsis/include/cmsis_gcc.h **** /**
  79:Generated_Source\PSoC6\pdl\cmsis/include/cmsis_gcc.h ****   \brief   Enable IRQ Interrupts
  80:Generated_Source\PSoC6\pdl\cmsis/include/cmsis_gcc.h ****   \details Enables IRQ interrupts by clearing the I-bit in the CPSR.
  81:Generated_Source\PSoC6\pdl\cmsis/include/cmsis_gcc.h ****            Can only be executed in Privileged modes.
  82:Generated_Source\PSoC6\pdl\cmsis/include/cmsis_gcc.h ****  */
  83:Generated_Source\PSoC6\pdl\cmsis/include/cmsis_gcc.h **** __attribute__((always_inline)) __STATIC_INLINE void __enable_irq(void)
  84:Generated_Source\PSoC6\pdl\cmsis/include/cmsis_gcc.h **** {
  85:Generated_Source\PSoC6\pdl\cmsis/include/cmsis_gcc.h ****   __ASM volatile ("cpsie i" : : : "memory");
  56              		.loc 2 85 0
  57              		.syntax unified
  58              	@ 85 "Generated_Source\PSoC6\pdl\cmsis/include/cmsis_gcc.h" 1
  59 000a 62B6     		cpsie i
  60              	@ 0 "" 2
  61              		.thumb
  62              		.syntax unified
  63              	.LBE6:
  64              	.LBE5:
  18:main_cm4.c    ****     __enable_irq(); /* Enable global interrupts. */
  19:main_cm4.c    **** 
  20:main_cm4.c    ****     UART_1_Start();
  65              		.loc 1 20 0
  66 000c FFF7FEFF 		bl	UART_1_Start
ARM GAS  C:\Users\gjl\AppData\Local\Temp\ccPrGmsh.s 			page 4


  67              	.LVL0:
  21:main_cm4.c    ****     ADC_1_Start();
  68              		.loc 1 21 0
  69 0010 FFF7FEFF 		bl	ADC_1_Start
  70              	.LVL1:
  22:main_cm4.c    ****     Cy_SAR_StartConvert(SAR,CY_SAR_START_CONVERT_CONTINUOUS);
  71              		.loc 1 22 0
  72 0014 0121     		movs	r1, #1
  73 0016 3248     		ldr	r0, .L4+8
  74 0018 FFF7FEFF 		bl	Cy_SAR_StartConvert
  75              	.LVL2:
  76              	.L2:
  77              	.LBB7:
  23:main_cm4.c    **** 
  24:main_cm4.c    ****     for(;;)
  25:main_cm4.c    ****     {
  26:main_cm4.c    ****         float v1,v2;
  27:main_cm4.c    ****         int16_t countThermistor, countReference;
  28:main_cm4.c    **** 
  29:main_cm4.c    ****         /* Read the ADC count values */
  30:main_cm4.c    ****         countReference  = Cy_SAR_GetResult16(SAR,0);
  78              		.loc 1 30 0 discriminator 1
  79 001c 304C     		ldr	r4, .L4+8
  80 001e 0021     		movs	r1, #0
  81 0020 2046     		mov	r0, r4
  82 0022 FFF7FEFF 		bl	Cy_SAR_GetResult16
  83              	.LVL3:
  84 0026 0546     		mov	r5, r0
  85              	.LVL4:
  31:main_cm4.c    ****         countThermistor = Cy_SAR_GetResult16(SAR,1);
  86              		.loc 1 31 0 discriminator 1
  87 0028 0121     		movs	r1, #1
  88 002a 2046     		mov	r0, r4
  89 002c FFF7FEFF 		bl	Cy_SAR_GetResult16
  90              	.LVL5:
  91 0030 0646     		mov	r6, r0
  92              	.LVL6:
  32:main_cm4.c    ****    
  33:main_cm4.c    ****         v1 = Cy_SAR_CountsTo_Volts(SAR,0,countReference);
  93              		.loc 1 33 0 discriminator 1
  94 0032 2A46     		mov	r2, r5
  95 0034 0021     		movs	r1, #0
  96 0036 2046     		mov	r0, r4
  97 0038 FFF7FEFF 		bl	Cy_SAR_CountsTo_Volts
  98              	.LVL7:
  99 003c 08EE900A 		vmov	s17, r0
 100              	.LVL8:
  34:main_cm4.c    ****         v2 = Cy_SAR_CountsTo_Volts(SAR,1,countThermistor);
 101              		.loc 1 34 0 discriminator 1
 102 0040 3246     		mov	r2, r6
 103 0042 0121     		movs	r1, #1
 104 0044 2046     		mov	r0, r4
 105              	.LVL9:
 106 0046 FFF7FEFF 		bl	Cy_SAR_CountsTo_Volts
 107              	.LVL10:
 108 004a 08EE100A 		vmov	s16, r0
 109              	.LVL11:
ARM GAS  C:\Users\gjl\AppData\Local\Temp\ccPrGmsh.s 			page 5


  35:main_cm4.c    ****  
  36:main_cm4.c    ****         uint32 resT = Thermistor_GetResistance(countReference, countThermistor);
 110              		.loc 1 36 0 discriminator 1
 111 004e 3146     		mov	r1, r6
 112 0050 2846     		mov	r0, r5
 113              	.LVL12:
 114 0052 FFF7FEFF 		bl	Thermistor_GetResistance
 115              	.LVL13:
  37:main_cm4.c    ****         float temperature = (float)Thermistor_GetTemperature(resT) / 100.0 ;
 116              		.loc 1 37 0 discriminator 1
 117 0056 FFF7FEFF 		bl	Thermistor_GetTemperature
 118              	.LVL14:
 119 005a 07EE900A 		vmov	s15, r0	@ int
 120 005e B8EEE77A 		vcvt.f32.s32	s14, s15
 121              	.LVL15:
  38:main_cm4.c    ****  
  39:main_cm4.c    ****         printf("V1 = %fv V2=%fv Vtot =%fv T=%fC T=%fF\r\n",v1,v2,v1+v2,temperature,9.0/5.0*temperat
 122              		.loc 1 39 0 discriminator 1
 123 0062 38EE889A 		vadd.f32	s18, s17, s16
 124 0066 DFED1F7A 		vldr.32	s15, .L4+12
 125 006a C7EE276A 		vdiv.f32	s13, s14, s15
 126              	.LVL16:
 127 006e 16EE900A 		vmov	r0, s13
 128 0072 FFF7FEFF 		bl	__aeabi_f2d
 129              	.LVL17:
 130 0076 0646     		mov	r6, r0
 131              	.LVL18:
 132 0078 0F46     		mov	r7, r1
 133 007a 17A3     		adr	r3, .L4
 134 007c D3E90023 		ldrd	r2, [r3]
 135 0080 FFF7FEFF 		bl	__aeabi_dmul
 136              	.LVL19:
 137 0084 8046     		mov	r8, r0
 138 0086 8946     		mov	r9, r1
 139 0088 18EE900A 		vmov	r0, s17
 140 008c FFF7FEFF 		bl	__aeabi_f2d
 141              	.LVL20:
 142 0090 0446     		mov	r4, r0
 143 0092 0D46     		mov	r5, r1
 144              	.LVL21:
 145 0094 0022     		movs	r2, #0
 146 0096 144B     		ldr	r3, .L4+16
 147 0098 4046     		mov	r0, r8
 148 009a 4946     		mov	r1, r9
 149 009c FFF7FEFF 		bl	__aeabi_dadd
 150              	.LVL22:
 151 00a0 CDE90601 		strd	r0, [sp, #24]
 152 00a4 CDE90467 		strd	r6, [sp, #16]
 153 00a8 19EE100A 		vmov	r0, s18
 154 00ac FFF7FEFF 		bl	__aeabi_f2d
 155              	.LVL23:
 156 00b0 CDE90201 		strd	r0, [sp, #8]
 157 00b4 18EE100A 		vmov	r0, s16
 158 00b8 FFF7FEFF 		bl	__aeabi_f2d
 159              	.LVL24:
 160 00bc CDE90001 		strd	r0, [sp]
 161 00c0 2246     		mov	r2, r4
ARM GAS  C:\Users\gjl\AppData\Local\Temp\ccPrGmsh.s 			page 6


 162 00c2 2B46     		mov	r3, r5
 163 00c4 0948     		ldr	r0, .L4+20
 164 00c6 FFF7FEFF 		bl	printf
 165              	.LVL25:
  40:main_cm4.c    ****         CyDelay(200);
 166              		.loc 1 40 0 discriminator 1
 167 00ca C820     		movs	r0, #200
 168 00cc FFF7FEFF 		bl	Cy_SysLib_Delay
 169              	.LVL26:
 170 00d0 A4E7     		b	.L2
 171              	.L5:
 172 00d2 00BFAFF3 		.align	3
 172      0080
 173              	.L4:
 174 00d8 CDCCCCCC 		.word	-858993459
 175 00dc CCCCFC3F 		.word	1073532108
 176 00e0 00001D41 		.word	1092419584
 177 00e4 0000C842 		.word	1120403456
 178 00e8 00004040 		.word	1077936128
 179 00ec 00000000 		.word	.LC0
 180              	.LBE7:
 181              		.cfi_endproc
 182              	.LFE516:
 183              		.size	main, .-main
 184              		.section	.rodata.str1.4,"aMS",%progbits,1
 185              		.align	2
 186              	.LC0:
 187 0000 5631203D 		.ascii	"V1 = %fv V2=%fv Vtot =%fv T=%fC T=%fF\015\012\000"
 187      20256676 
 187      2056323D 
 187      25667620 
 187      56746F74 
 188              		.text
 189              	.Letext0:
 190              		.file 3 "c:\\program files (x86)\\cypress\\psoc creator\\4.2\\psoc creator\\import\\gnu\\arm\\5.4.
 191              		.file 4 "c:\\program files (x86)\\cypress\\psoc creator\\4.2\\psoc creator\\import\\gnu\\arm\\5.4.
 192              		.file 5 "Generated_Source\\PSoC6\\pdl\\devices/psoc6/ip/cyip_sar.h"
 193              		.file 6 "Generated_Source\\PSoC6\\pdl\\drivers/peripheral/syslib/cy_syslib.h"
 194              		.file 7 "Generated_Source\\PSoC6\\pdl\\drivers/peripheral/scb/cy_scb_uart.h"
 195              		.file 8 "Generated_Source\\PSoC6\\pdl\\drivers/peripheral/sar/cy_sar.h"
 196              		.file 9 "Generated_Source\\PSoC6/ADC_1.h"
 197              		.file 10 "Generated_Source\\PSoC6\\pdl\\cmsis/include/core_cm4.h"
 198              		.file 11 "Generated_Source\\PSoC6/UART_1.h"
 199              		.file 12 "Thermistor.h"
 200              		.file 13 "c:\\program files (x86)\\cypress\\psoc creator\\4.2\\psoc creator\\import\\gnu\\arm\\5.4
 201              		.section	.debug_info,"",%progbits
 202              	.Ldebug_info0:
 203 0000 3C090000 		.4byte	0x93c
 204 0004 0400     		.2byte	0x4
 205 0006 00000000 		.4byte	.Ldebug_abbrev0
 206 000a 04       		.byte	0x4
 207 000b 01       		.uleb128 0x1
 208 000c B2040000 		.4byte	.LASF135
 209 0010 0C       		.byte	0xc
 210 0011 47080000 		.4byte	.LASF136
 211 0015 CD000000 		.4byte	.LASF137
 212 0019 00000000 		.4byte	.Ldebug_ranges0+0
ARM GAS  C:\Users\gjl\AppData\Local\Temp\ccPrGmsh.s 			page 7


 213 001d 00000000 		.4byte	0
 214 0021 00000000 		.4byte	.Ldebug_line0
 215 0025 02       		.uleb128 0x2
 216 0026 04       		.byte	0x4
 217 0027 04       		.byte	0x4
 218 0028 71050000 		.4byte	.LASF0
 219 002c 02       		.uleb128 0x2
 220 002d 08       		.byte	0x8
 221 002e 04       		.byte	0x4
 222 002f 67020000 		.4byte	.LASF1
 223 0033 02       		.uleb128 0x2
 224 0034 02       		.byte	0x2
 225 0035 05       		.byte	0x5
 226 0036 0B060000 		.4byte	.LASF2
 227 003a 02       		.uleb128 0x2
 228 003b 01       		.byte	0x1
 229 003c 06       		.byte	0x6
 230 003d 53010000 		.4byte	.LASF3
 231 0041 02       		.uleb128 0x2
 232 0042 01       		.byte	0x1
 233 0043 08       		.byte	0x8
 234 0044 F9060000 		.4byte	.LASF4
 235 0048 03       		.uleb128 0x3
 236 0049 CA020000 		.4byte	.LASF6
 237 004d 03       		.byte	0x3
 238 004e 29       		.byte	0x29
 239 004f 33000000 		.4byte	0x33
 240 0053 02       		.uleb128 0x2
 241 0054 02       		.byte	0x2
 242 0055 07       		.byte	0x7
 243 0056 6F030000 		.4byte	.LASF5
 244 005a 03       		.uleb128 0x3
 245 005b E1030000 		.4byte	.LASF7
 246 005f 03       		.byte	0x3
 247 0060 3F       		.byte	0x3f
 248 0061 65000000 		.4byte	0x65
 249 0065 02       		.uleb128 0x2
 250 0066 04       		.byte	0x4
 251 0067 05       		.byte	0x5
 252 0068 02020000 		.4byte	.LASF8
 253 006c 03       		.uleb128 0x3
 254 006d A5020000 		.4byte	.LASF9
 255 0071 03       		.byte	0x3
 256 0072 41       		.byte	0x41
 257 0073 77000000 		.4byte	0x77
 258 0077 02       		.uleb128 0x2
 259 0078 04       		.byte	0x4
 260 0079 07       		.byte	0x7
 261 007a 0E030000 		.4byte	.LASF10
 262 007e 02       		.uleb128 0x2
 263 007f 08       		.byte	0x8
 264 0080 05       		.byte	0x5
 265 0081 45010000 		.4byte	.LASF11
 266 0085 02       		.uleb128 0x2
 267 0086 08       		.byte	0x8
 268 0087 07       		.byte	0x7
 269 0088 57000000 		.4byte	.LASF12
ARM GAS  C:\Users\gjl\AppData\Local\Temp\ccPrGmsh.s 			page 8


 270 008c 04       		.uleb128 0x4
 271 008d 04       		.byte	0x4
 272 008e 05       		.byte	0x5
 273 008f 696E7400 		.ascii	"int\000"
 274 0093 02       		.uleb128 0x2
 275 0094 04       		.byte	0x4
 276 0095 07       		.byte	0x7
 277 0096 01030000 		.4byte	.LASF13
 278 009a 03       		.uleb128 0x3
 279 009b 29010000 		.4byte	.LASF14
 280 009f 04       		.byte	0x4
 281 00a0 20       		.byte	0x20
 282 00a1 48000000 		.4byte	0x48
 283 00a5 03       		.uleb128 0x3
 284 00a6 F7050000 		.4byte	.LASF15
 285 00aa 04       		.byte	0x4
 286 00ab 2C       		.byte	0x2c
 287 00ac 5A000000 		.4byte	0x5a
 288 00b0 03       		.uleb128 0x3
 289 00b1 62060000 		.4byte	.LASF16
 290 00b5 04       		.byte	0x4
 291 00b6 30       		.byte	0x30
 292 00b7 6C000000 		.4byte	0x6c
 293 00bb 02       		.uleb128 0x2
 294 00bc 04       		.byte	0x4
 295 00bd 07       		.byte	0x7
 296 00be 11040000 		.4byte	.LASF17
 297 00c2 05       		.uleb128 0x5
 298 00c3 B0000000 		.4byte	0xb0
 299 00c7 06       		.uleb128 0x6
 300 00c8 C2000000 		.4byte	0xc2
 301 00cc 07       		.uleb128 0x7
 302 00cd C7000000 		.4byte	0xc7
 303 00d1 DC000000 		.4byte	0xdc
 304 00d5 08       		.uleb128 0x8
 305 00d6 BB000000 		.4byte	0xbb
 306 00da 01       		.byte	0x1
 307 00db 00       		.byte	0
 308 00dc 07       		.uleb128 0x7
 309 00dd C2000000 		.4byte	0xc2
 310 00e1 EC000000 		.4byte	0xec
 311 00e5 08       		.uleb128 0x8
 312 00e6 BB000000 		.4byte	0xbb
 313 00ea 0F       		.byte	0xf
 314 00eb 00       		.byte	0
 315 00ec 07       		.uleb128 0x7
 316 00ed C7000000 		.4byte	0xc7
 317 00f1 FC000000 		.4byte	0xfc
 318 00f5 08       		.uleb128 0x8
 319 00f6 BB000000 		.4byte	0xbb
 320 00fa 02       		.byte	0x2
 321 00fb 00       		.byte	0
 322 00fc 07       		.uleb128 0x7
 323 00fd C7000000 		.4byte	0xc7
 324 0101 0C010000 		.4byte	0x10c
 325 0105 08       		.uleb128 0x8
 326 0106 BB000000 		.4byte	0xbb
ARM GAS  C:\Users\gjl\AppData\Local\Temp\ccPrGmsh.s 			page 9


 327 010a 0F       		.byte	0xf
 328 010b 00       		.byte	0
 329 010c 07       		.uleb128 0x7
 330 010d C7000000 		.4byte	0xc7
 331 0111 1C010000 		.4byte	0x11c
 332 0115 08       		.uleb128 0x8
 333 0116 BB000000 		.4byte	0xbb
 334 011a 0E       		.byte	0xe
 335 011b 00       		.byte	0
 336 011c 09       		.uleb128 0x9
 337 011d 080F     		.2byte	0xf08
 338 011f 05       		.byte	0x5
 339 0120 21       		.byte	0x21
 340 0121 A4030000 		.4byte	0x3a4
 341 0125 0A       		.uleb128 0xa
 342 0126 24070000 		.4byte	.LASF18
 343 012a 05       		.byte	0x5
 344 012b 22       		.byte	0x22
 345 012c C2000000 		.4byte	0xc2
 346 0130 00       		.byte	0
 347 0131 0A       		.uleb128 0xa
 348 0132 5C040000 		.4byte	.LASF19
 349 0136 05       		.byte	0x5
 350 0137 23       		.byte	0x23
 351 0138 C2000000 		.4byte	0xc2
 352 013c 04       		.byte	0x4
 353 013d 0A       		.uleb128 0xa
 354 013e 28060000 		.4byte	.LASF20
 355 0142 05       		.byte	0x5
 356 0143 24       		.byte	0x24
 357 0144 A9030000 		.4byte	0x3a9
 358 0148 08       		.byte	0x8
 359 0149 0A       		.uleb128 0xa
 360 014a BC020000 		.4byte	.LASF21
 361 014e 05       		.byte	0x5
 362 014f 25       		.byte	0x25
 363 0150 C2000000 		.4byte	0xc2
 364 0154 10       		.byte	0x10
 365 0155 0A       		.uleb128 0xa
 366 0156 7C040000 		.4byte	.LASF22
 367 015a 05       		.byte	0x5
 368 015b 26       		.byte	0x26
 369 015c C2000000 		.4byte	0xc2
 370 0160 14       		.byte	0x14
 371 0161 0A       		.uleb128 0xa
 372 0162 68040000 		.4byte	.LASF23
 373 0166 05       		.byte	0x5
 374 0167 27       		.byte	0x27
 375 0168 C2000000 		.4byte	0xc2
 376 016c 18       		.byte	0x18
 377 016d 0A       		.uleb128 0xa
 378 016e 4C000000 		.4byte	.LASF24
 379 0172 05       		.byte	0x5
 380 0173 28       		.byte	0x28
 381 0174 C2000000 		.4byte	0xc2
 382 0178 1C       		.byte	0x1c
 383 0179 0A       		.uleb128 0xa
ARM GAS  C:\Users\gjl\AppData\Local\Temp\ccPrGmsh.s 			page 10


 384 017a 74040000 		.4byte	.LASF25
 385 017e 05       		.byte	0x5
 386 017f 29       		.byte	0x29
 387 0180 C2000000 		.4byte	0xc2
 388 0184 20       		.byte	0x20
 389 0185 0A       		.uleb128 0xa
 390 0186 68070000 		.4byte	.LASF26
 391 018a 05       		.byte	0x5
 392 018b 2A       		.byte	0x2a
 393 018c C2000000 		.4byte	0xc2
 394 0190 24       		.byte	0x24
 395 0191 0A       		.uleb128 0xa
 396 0192 77050000 		.4byte	.LASF27
 397 0196 05       		.byte	0x5
 398 0197 2B       		.byte	0x2b
 399 0198 C3030000 		.4byte	0x3c3
 400 019c 28       		.byte	0x28
 401 019d 0A       		.uleb128 0xa
 402 019e EB020000 		.4byte	.LASF28
 403 01a2 05       		.byte	0x5
 404 01a3 2C       		.byte	0x2c
 405 01a4 C8030000 		.4byte	0x3c8
 406 01a8 80       		.byte	0x80
 407 01a9 0A       		.uleb128 0xa
 408 01aa 81050000 		.4byte	.LASF29
 409 01ae 05       		.byte	0x5
 410 01af 2D       		.byte	0x2d
 411 01b0 D2030000 		.4byte	0x3d2
 412 01b4 C0       		.byte	0xc0
 413 01b5 0B       		.uleb128 0xb
 414 01b6 07070000 		.4byte	.LASF30
 415 01ba 05       		.byte	0x5
 416 01bb 2E       		.byte	0x2e
 417 01bc DC030000 		.4byte	0x3dc
 418 01c0 0001     		.2byte	0x100
 419 01c2 0B       		.uleb128 0xb
 420 01c3 8B050000 		.4byte	.LASF31
 421 01c7 05       		.byte	0x5
 422 01c8 2F       		.byte	0x2f
 423 01c9 E6030000 		.4byte	0x3e6
 424 01cd 4001     		.2byte	0x140
 425 01cf 0B       		.uleb128 0xb
 426 01d0 35040000 		.4byte	.LASF32
 427 01d4 05       		.byte	0x5
 428 01d5 30       		.byte	0x30
 429 01d6 F0030000 		.4byte	0x3f0
 430 01da 8001     		.2byte	0x180
 431 01dc 0B       		.uleb128 0xb
 432 01dd 95050000 		.4byte	.LASF33
 433 01e1 05       		.byte	0x5
 434 01e2 31       		.byte	0x31
 435 01e3 FA030000 		.4byte	0x3fa
 436 01e7 C001     		.2byte	0x1c0
 437 01e9 0B       		.uleb128 0xb
 438 01ea A9030000 		.4byte	.LASF34
 439 01ee 05       		.byte	0x5
 440 01ef 32       		.byte	0x32
ARM GAS  C:\Users\gjl\AppData\Local\Temp\ccPrGmsh.s 			page 11


 441 01f0 C7000000 		.4byte	0xc7
 442 01f4 0002     		.2byte	0x200
 443 01f6 0B       		.uleb128 0xb
 444 01f7 7E070000 		.4byte	.LASF35
 445 01fb 05       		.byte	0x5
 446 01fc 33       		.byte	0x33
 447 01fd C7000000 		.4byte	0xc7
 448 0201 0402     		.2byte	0x204
 449 0203 0B       		.uleb128 0xb
 450 0204 3F030000 		.4byte	.LASF36
 451 0208 05       		.byte	0x5
 452 0209 34       		.byte	0x34
 453 020a C7000000 		.4byte	0xc7
 454 020e 0802     		.2byte	0x208
 455 0210 0B       		.uleb128 0xb
 456 0211 31060000 		.4byte	.LASF37
 457 0215 05       		.byte	0x5
 458 0216 35       		.byte	0x35
 459 0217 C7000000 		.4byte	0xc7
 460 021b 0C02     		.2byte	0x20c
 461 021d 0B       		.uleb128 0xb
 462 021e D1060000 		.4byte	.LASF38
 463 0222 05       		.byte	0x5
 464 0223 36       		.byte	0x36
 465 0224 C2000000 		.4byte	0xc2
 466 0228 1002     		.2byte	0x210
 467 022a 0B       		.uleb128 0xb
 468 022b 08040000 		.4byte	.LASF39
 469 022f 05       		.byte	0x5
 470 0230 37       		.byte	0x37
 471 0231 C2000000 		.4byte	0xc2
 472 0235 1402     		.2byte	0x214
 473 0237 0B       		.uleb128 0xb
 474 0238 65030000 		.4byte	.LASF40
 475 023c 05       		.byte	0x5
 476 023d 38       		.byte	0x38
 477 023e C2000000 		.4byte	0xc2
 478 0242 1802     		.2byte	0x218
 479 0244 0B       		.uleb128 0xb
 480 0245 65050000 		.4byte	.LASF41
 481 0249 05       		.byte	0x5
 482 024a 39       		.byte	0x39
 483 024b C7000000 		.4byte	0xc7
 484 024f 1C02     		.2byte	0x21c
 485 0251 0B       		.uleb128 0xb
 486 0252 DD020000 		.4byte	.LASF42
 487 0256 05       		.byte	0x5
 488 0257 3A       		.byte	0x3a
 489 0258 C2000000 		.4byte	0xc2
 490 025c 2002     		.2byte	0x220
 491 025e 0B       		.uleb128 0xb
 492 025f A0040000 		.4byte	.LASF43
 493 0263 05       		.byte	0x5
 494 0264 3B       		.byte	0x3b
 495 0265 C2000000 		.4byte	0xc2
 496 0269 2402     		.2byte	0x224
 497 026b 0B       		.uleb128 0xb
ARM GAS  C:\Users\gjl\AppData\Local\Temp\ccPrGmsh.s 			page 12


 498 026c 99000000 		.4byte	.LASF44
 499 0270 05       		.byte	0x5
 500 0271 3C       		.byte	0x3c
 501 0272 C2000000 		.4byte	0xc2
 502 0276 2802     		.2byte	0x228
 503 0278 0B       		.uleb128 0xb
 504 0279 A8060000 		.4byte	.LASF45
 505 027d 05       		.byte	0x5
 506 027e 3D       		.byte	0x3d
 507 027f C7000000 		.4byte	0xc7
 508 0283 2C02     		.2byte	0x22c
 509 0285 0B       		.uleb128 0xb
 510 0286 9E030000 		.4byte	.LASF46
 511 028a 05       		.byte	0x5
 512 028b 3E       		.byte	0x3e
 513 028c C2000000 		.4byte	0xc2
 514 0290 3002     		.2byte	0x230
 515 0292 0B       		.uleb128 0xb
 516 0293 F0070000 		.4byte	.LASF47
 517 0297 05       		.byte	0x5
 518 0298 3F       		.byte	0x3f
 519 0299 C2000000 		.4byte	0xc2
 520 029d 3402     		.2byte	0x234
 521 029f 0B       		.uleb128 0xb
 522 02a0 98060000 		.4byte	.LASF48
 523 02a4 05       		.byte	0x5
 524 02a5 40       		.byte	0x40
 525 02a6 C2000000 		.4byte	0xc2
 526 02aa 3802     		.2byte	0x238
 527 02ac 0B       		.uleb128 0xb
 528 02ad 18080000 		.4byte	.LASF49
 529 02b1 05       		.byte	0x5
 530 02b2 41       		.byte	0x41
 531 02b3 C7000000 		.4byte	0xc7
 532 02b7 3C02     		.2byte	0x23c
 533 02b9 0B       		.uleb128 0xb
 534 02ba 2C020000 		.4byte	.LASF50
 535 02be 05       		.byte	0x5
 536 02bf 42       		.byte	0x42
 537 02c0 C7000000 		.4byte	0xc7
 538 02c4 4002     		.2byte	0x240
 539 02c6 0B       		.uleb128 0xb
 540 02c7 9F050000 		.4byte	.LASF51
 541 02cb 05       		.byte	0x5
 542 02cc 43       		.byte	0x43
 543 02cd 04040000 		.4byte	0x404
 544 02d1 4402     		.2byte	0x244
 545 02d3 0B       		.uleb128 0xb
 546 02d4 1A040000 		.4byte	.LASF52
 547 02d8 05       		.byte	0x5
 548 02d9 44       		.byte	0x44
 549 02da C2000000 		.4byte	0xc2
 550 02de 8002     		.2byte	0x280
 551 02e0 0B       		.uleb128 0xb
 552 02e1 A9050000 		.4byte	.LASF53
 553 02e5 05       		.byte	0x5
 554 02e6 45       		.byte	0x45
ARM GAS  C:\Users\gjl\AppData\Local\Temp\ccPrGmsh.s 			page 13


 555 02e7 0E040000 		.4byte	0x40e
 556 02eb 8402     		.2byte	0x284
 557 02ed 0B       		.uleb128 0xb
 558 02ee 37020000 		.4byte	.LASF54
 559 02f2 05       		.byte	0x5
 560 02f3 46       		.byte	0x46
 561 02f4 C7000000 		.4byte	0xc7
 562 02f8 9002     		.2byte	0x290
 563 02fa 0B       		.uleb128 0xb
 564 02fb B3050000 		.4byte	.LASF55
 565 02ff 05       		.byte	0x5
 566 0300 47       		.byte	0x47
 567 0301 18040000 		.4byte	0x418
 568 0305 9402     		.2byte	0x294
 569 0307 0B       		.uleb128 0xb
 570 0308 57070000 		.4byte	.LASF56
 571 030c 05       		.byte	0x5
 572 030d 48       		.byte	0x48
 573 030e C7000000 		.4byte	0xc7
 574 0312 A002     		.2byte	0x2a0
 575 0314 0B       		.uleb128 0xb
 576 0315 07000000 		.4byte	.LASF57
 577 0319 05       		.byte	0x5
 578 031a 49       		.byte	0x49
 579 031b C7000000 		.4byte	0xc7
 580 031f A402     		.2byte	0x2a4
 581 0321 0B       		.uleb128 0xb
 582 0322 BD050000 		.4byte	.LASF58
 583 0326 05       		.byte	0x5
 584 0327 4A       		.byte	0x4a
 585 0328 22040000 		.4byte	0x422
 586 032c A802     		.2byte	0x2a8
 587 032e 0B       		.uleb128 0xb
 588 032f 26000000 		.4byte	.LASF59
 589 0333 05       		.byte	0x5
 590 0334 4B       		.byte	0x4b
 591 0335 C2000000 		.4byte	0xc2
 592 0339 0003     		.2byte	0x300
 593 033b 0B       		.uleb128 0xb
 594 033c 6E020000 		.4byte	.LASF60
 595 0340 05       		.byte	0x5
 596 0341 4C       		.byte	0x4c
 597 0342 C2000000 		.4byte	0xc2
 598 0346 0403     		.2byte	0x304
 599 0348 0B       		.uleb128 0xb
 600 0349 C7050000 		.4byte	.LASF61
 601 034d 05       		.byte	0x5
 602 034e 4D       		.byte	0x4d
 603 034f 3C040000 		.4byte	0x43c
 604 0353 0803     		.2byte	0x308
 605 0355 0B       		.uleb128 0xb
 606 0356 52030000 		.4byte	.LASF62
 607 035a 05       		.byte	0x5
 608 035b 4E       		.byte	0x4e
 609 035c C2000000 		.4byte	0xc2
 610 0360 4003     		.2byte	0x340
 611 0362 0B       		.uleb128 0xb
ARM GAS  C:\Users\gjl\AppData\Local\Temp\ccPrGmsh.s 			page 14


 612 0363 11070000 		.4byte	.LASF63
 613 0367 05       		.byte	0x5
 614 0368 4F       		.byte	0x4f
 615 0369 C2000000 		.4byte	0xc2
 616 036d 4403     		.2byte	0x344
 617 036f 0B       		.uleb128 0xb
 618 0370 1A020000 		.4byte	.LASF64
 619 0374 05       		.byte	0x5
 620 0375 50       		.byte	0x50
 621 0376 C7000000 		.4byte	0xc7
 622 037a 4803     		.2byte	0x348
 623 037c 0B       		.uleb128 0xb
 624 037d B8010000 		.4byte	.LASF65
 625 0381 05       		.byte	0x5
 626 0382 51       		.byte	0x51
 627 0383 57040000 		.4byte	0x457
 628 0387 4C03     		.2byte	0x34c
 629 0389 0B       		.uleb128 0xb
 630 038a 15010000 		.4byte	.LASF66
 631 038e 05       		.byte	0x5
 632 038f 52       		.byte	0x52
 633 0390 C2000000 		.4byte	0xc2
 634 0394 000F     		.2byte	0xf00
 635 0396 0B       		.uleb128 0xb
 636 0397 1F010000 		.4byte	.LASF67
 637 039b 05       		.byte	0x5
 638 039c 53       		.byte	0x53
 639 039d C2000000 		.4byte	0xc2
 640 03a1 040F     		.2byte	0xf04
 641 03a3 00       		.byte	0
 642 03a4 05       		.uleb128 0x5
 643 03a5 CC000000 		.4byte	0xcc
 644 03a9 06       		.uleb128 0x6
 645 03aa A4030000 		.4byte	0x3a4
 646 03ae 07       		.uleb128 0x7
 647 03af C7000000 		.4byte	0xc7
 648 03b3 BE030000 		.4byte	0x3be
 649 03b7 08       		.uleb128 0x8
 650 03b8 BB000000 		.4byte	0xbb
 651 03bc 15       		.byte	0x15
 652 03bd 00       		.byte	0
 653 03be 05       		.uleb128 0x5
 654 03bf AE030000 		.4byte	0x3ae
 655 03c3 06       		.uleb128 0x6
 656 03c4 BE030000 		.4byte	0x3be
 657 03c8 05       		.uleb128 0x5
 658 03c9 DC000000 		.4byte	0xdc
 659 03cd 05       		.uleb128 0x5
 660 03ce FC000000 		.4byte	0xfc
 661 03d2 06       		.uleb128 0x6
 662 03d3 CD030000 		.4byte	0x3cd
 663 03d7 05       		.uleb128 0x5
 664 03d8 FC000000 		.4byte	0xfc
 665 03dc 06       		.uleb128 0x6
 666 03dd D7030000 		.4byte	0x3d7
 667 03e1 05       		.uleb128 0x5
 668 03e2 FC000000 		.4byte	0xfc
ARM GAS  C:\Users\gjl\AppData\Local\Temp\ccPrGmsh.s 			page 15


 669 03e6 06       		.uleb128 0x6
 670 03e7 E1030000 		.4byte	0x3e1
 671 03eb 05       		.uleb128 0x5
 672 03ec FC000000 		.4byte	0xfc
 673 03f0 06       		.uleb128 0x6
 674 03f1 EB030000 		.4byte	0x3eb
 675 03f5 05       		.uleb128 0x5
 676 03f6 FC000000 		.4byte	0xfc
 677 03fa 06       		.uleb128 0x6
 678 03fb F5030000 		.4byte	0x3f5
 679 03ff 05       		.uleb128 0x5
 680 0400 0C010000 		.4byte	0x10c
 681 0404 06       		.uleb128 0x6
 682 0405 FF030000 		.4byte	0x3ff
 683 0409 05       		.uleb128 0x5
 684 040a EC000000 		.4byte	0xec
 685 040e 06       		.uleb128 0x6
 686 040f 09040000 		.4byte	0x409
 687 0413 05       		.uleb128 0x5
 688 0414 EC000000 		.4byte	0xec
 689 0418 06       		.uleb128 0x6
 690 0419 13040000 		.4byte	0x413
 691 041d 05       		.uleb128 0x5
 692 041e AE030000 		.4byte	0x3ae
 693 0422 06       		.uleb128 0x6
 694 0423 1D040000 		.4byte	0x41d
 695 0427 07       		.uleb128 0x7
 696 0428 C7000000 		.4byte	0xc7
 697 042c 37040000 		.4byte	0x437
 698 0430 08       		.uleb128 0x8
 699 0431 BB000000 		.4byte	0xbb
 700 0435 0D       		.byte	0xd
 701 0436 00       		.byte	0
 702 0437 05       		.uleb128 0x5
 703 0438 27040000 		.4byte	0x427
 704 043c 06       		.uleb128 0x6
 705 043d 37040000 		.4byte	0x437
 706 0441 07       		.uleb128 0x7
 707 0442 C7000000 		.4byte	0xc7
 708 0446 52040000 		.4byte	0x452
 709 044a 0C       		.uleb128 0xc
 710 044b BB000000 		.4byte	0xbb
 711 044f EC02     		.2byte	0x2ec
 712 0451 00       		.byte	0
 713 0452 05       		.uleb128 0x5
 714 0453 41040000 		.4byte	0x441
 715 0457 06       		.uleb128 0x6
 716 0458 52040000 		.4byte	0x452
 717 045c 03       		.uleb128 0x3
 718 045d 59060000 		.4byte	.LASF68
 719 0461 05       		.byte	0x5
 720 0462 54       		.byte	0x54
 721 0463 1C010000 		.4byte	0x11c
 722 0467 02       		.uleb128 0x2
 723 0468 08       		.byte	0x8
 724 0469 04       		.byte	0x4
 725 046a 87060000 		.4byte	.LASF69
ARM GAS  C:\Users\gjl\AppData\Local\Temp\ccPrGmsh.s 			page 16


 726 046e 02       		.uleb128 0x2
 727 046f 01       		.byte	0x1
 728 0470 08       		.byte	0x8
 729 0471 93060000 		.4byte	.LASF70
 730 0475 0D       		.uleb128 0xd
 731 0476 99020000 		.4byte	.LASF71
 732 047a 06       		.byte	0x6
 733 047b 8703     		.2byte	0x387
 734 047d B0000000 		.4byte	0xb0
 735 0481 0E       		.uleb128 0xe
 736 0482 04       		.byte	0x4
 737 0483 02       		.uleb128 0x2
 738 0484 01       		.byte	0x1
 739 0485 02       		.byte	0x2
 740 0486 F1050000 		.4byte	.LASF72
 741 048a 0F       		.uleb128 0xf
 742 048b 04       		.byte	0x4
 743 048c 90040000 		.4byte	0x490
 744 0490 10       		.uleb128 0x10
 745 0491 9B040000 		.4byte	0x49b
 746 0495 11       		.uleb128 0x11
 747 0496 B0000000 		.4byte	0xb0
 748 049a 00       		.byte	0
 749 049b 0D       		.uleb128 0xd
 750 049c 20030000 		.4byte	.LASF73
 751 04a0 07       		.byte	0x7
 752 04a1 AB01     		.2byte	0x1ab
 753 04a3 8A040000 		.4byte	0x48a
 754 04a7 12       		.uleb128 0x12
 755 04a8 2F080000 		.4byte	.LASF138
 756 04ac 38       		.byte	0x38
 757 04ad 07       		.byte	0x7
 758 04ae 4702     		.2byte	0x247
 759 04b0 6B050000 		.4byte	0x56b
 760 04b4 13       		.uleb128 0x13
 761 04b5 FF070000 		.4byte	.LASF74
 762 04b9 07       		.byte	0x7
 763 04ba 4A02     		.2byte	0x24a
 764 04bc C2000000 		.4byte	0xc2
 765 04c0 00       		.byte	0
 766 04c1 13       		.uleb128 0x13
 767 04c2 8A040000 		.4byte	.LASF75
 768 04c6 07       		.byte	0x7
 769 04c7 4B02     		.2byte	0x24b
 770 04c9 C2000000 		.4byte	0xc2
 771 04cd 04       		.byte	0x4
 772 04ce 13       		.uleb128 0x13
 773 04cf 8F000000 		.4byte	.LASF76
 774 04d3 07       		.byte	0x7
 775 04d4 4D02     		.2byte	0x24d
 776 04d6 81040000 		.4byte	0x481
 777 04da 08       		.byte	0x8
 778 04db 13       		.uleb128 0x13
 779 04dc DB060000 		.4byte	.LASF77
 780 04e0 07       		.byte	0x7
 781 04e1 4E02     		.2byte	0x24e
 782 04e3 B0000000 		.4byte	0xb0
ARM GAS  C:\Users\gjl\AppData\Local\Temp\ccPrGmsh.s 			page 17


 783 04e7 0C       		.byte	0xc
 784 04e8 13       		.uleb128 0x13
 785 04e9 EB030000 		.4byte	.LASF78
 786 04ed 07       		.byte	0x7
 787 04ee 4F02     		.2byte	0x24f
 788 04f0 C2000000 		.4byte	0xc2
 789 04f4 10       		.byte	0x10
 790 04f5 13       		.uleb128 0x13
 791 04f6 D6070000 		.4byte	.LASF79
 792 04fa 07       		.byte	0x7
 793 04fb 5002     		.2byte	0x250
 794 04fd C2000000 		.4byte	0xc2
 795 0501 14       		.byte	0x14
 796 0502 13       		.uleb128 0x13
 797 0503 51070000 		.4byte	.LASF80
 798 0507 07       		.byte	0x7
 799 0508 5202     		.2byte	0x252
 800 050a 81040000 		.4byte	0x481
 801 050e 18       		.byte	0x18
 802 050f 13       		.uleb128 0x13
 803 0510 10000000 		.4byte	.LASF81
 804 0514 07       		.byte	0x7
 805 0515 5302     		.2byte	0x253
 806 0517 B0000000 		.4byte	0xb0
 807 051b 1C       		.byte	0x1c
 808 051c 13       		.uleb128 0x13
 809 051d D4020000 		.4byte	.LASF82
 810 0521 07       		.byte	0x7
 811 0522 5402     		.2byte	0x254
 812 0524 C2000000 		.4byte	0xc2
 813 0528 20       		.byte	0x20
 814 0529 13       		.uleb128 0x13
 815 052a C4030000 		.4byte	.LASF83
 816 052e 07       		.byte	0x7
 817 052f 5602     		.2byte	0x256
 818 0531 81040000 		.4byte	0x481
 819 0535 24       		.byte	0x24
 820 0536 13       		.uleb128 0x13
 821 0537 F7020000 		.4byte	.LASF84
 822 053b 07       		.byte	0x7
 823 053c 5702     		.2byte	0x257
 824 053e B0000000 		.4byte	0xb0
 825 0542 28       		.byte	0x28
 826 0543 13       		.uleb128 0x13
 827 0544 79010000 		.4byte	.LASF85
 828 0548 07       		.byte	0x7
 829 0549 5802     		.2byte	0x258
 830 054b C2000000 		.4byte	0xc2
 831 054f 2C       		.byte	0x2c
 832 0550 13       		.uleb128 0x13
 833 0551 BB030000 		.4byte	.LASF86
 834 0555 07       		.byte	0x7
 835 0556 5D02     		.2byte	0x25d
 836 0558 9B040000 		.4byte	0x49b
 837 055c 30       		.byte	0x30
 838 055d 13       		.uleb128 0x13
 839 055e 49070000 		.4byte	.LASF87
ARM GAS  C:\Users\gjl\AppData\Local\Temp\ccPrGmsh.s 			page 18


 840 0562 07       		.byte	0x7
 841 0563 6002     		.2byte	0x260
 842 0565 B0000000 		.4byte	0xb0
 843 0569 34       		.byte	0x34
 844 056a 00       		.byte	0
 845 056b 0D       		.uleb128 0xd
 846 056c 5F010000 		.4byte	.LASF88
 847 0570 07       		.byte	0x7
 848 0571 6302     		.2byte	0x263
 849 0573 A7040000 		.4byte	0x4a7
 850 0577 14       		.uleb128 0x14
 851 0578 01       		.byte	0x1
 852 0579 41000000 		.4byte	0x41
 853 057d 08       		.byte	0x8
 854 057e F902     		.2byte	0x2f9
 855 0580 91050000 		.4byte	0x591
 856 0584 15       		.uleb128 0x15
 857 0585 6E000000 		.4byte	.LASF89
 858 0589 00       		.byte	0
 859 058a 15       		.uleb128 0x15
 860 058b 29070000 		.4byte	.LASF90
 861 058f 01       		.byte	0x1
 862 0590 00       		.byte	0
 863 0591 14       		.uleb128 0x14
 864 0592 01       		.byte	0x1
 865 0593 41000000 		.4byte	0x41
 866 0597 08       		.byte	0x8
 867 0598 0504     		.2byte	0x405
 868 059a B7050000 		.4byte	0x5b7
 869 059e 15       		.uleb128 0x15
 870 059f EA010000 		.4byte	.LASF91
 871 05a3 00       		.byte	0
 872 05a4 15       		.uleb128 0x15
 873 05a5 D8050000 		.4byte	.LASF92
 874 05a9 01       		.byte	0x1
 875 05aa 15       		.uleb128 0x15
 876 05ab 4F020000 		.4byte	.LASF93
 877 05af 02       		.byte	0x2
 878 05b0 15       		.uleb128 0x15
 879 05b1 BC070000 		.4byte	.LASF94
 880 05b5 03       		.byte	0x3
 881 05b6 00       		.byte	0
 882 05b7 0D       		.uleb128 0xd
 883 05b8 8A010000 		.4byte	.LASF95
 884 05bc 08       		.byte	0x8
 885 05bd 0A04     		.2byte	0x40a
 886 05bf 91050000 		.4byte	0x591
 887 05c3 16       		.uleb128 0x16
 888 05c4 78       		.byte	0x78
 889 05c5 08       		.byte	0x8
 890 05c6 F404     		.2byte	0x4f4
 891 05c8 90060000 		.4byte	0x690
 892 05cc 13       		.uleb128 0x13
 893 05cd D6060000 		.4byte	.LASF96
 894 05d1 08       		.byte	0x8
 895 05d2 F604     		.2byte	0x4f6
 896 05d4 B0000000 		.4byte	0xb0
ARM GAS  C:\Users\gjl\AppData\Local\Temp\ccPrGmsh.s 			page 19


 897 05d8 00       		.byte	0
 898 05d9 13       		.uleb128 0x13
 899 05da 73070000 		.4byte	.LASF97
 900 05de 08       		.byte	0x8
 901 05df F704     		.2byte	0x4f7
 902 05e1 B0000000 		.4byte	0xb0
 903 05e5 04       		.byte	0x4
 904 05e6 13       		.uleb128 0x13
 905 05e7 8C020000 		.4byte	.LASF98
 906 05eb 08       		.byte	0x8
 907 05ec F804     		.2byte	0x4f8
 908 05ee B0000000 		.4byte	0xb0
 909 05f2 08       		.byte	0x8
 910 05f3 13       		.uleb128 0x13
 911 05f4 41040000 		.4byte	.LASF99
 912 05f8 08       		.byte	0x8
 913 05f9 F904     		.2byte	0x4f9
 914 05fb B0000000 		.4byte	0xb0
 915 05ff 0C       		.byte	0xc
 916 0600 13       		.uleb128 0x13
 917 0601 93030000 		.4byte	.LASF100
 918 0605 08       		.byte	0x8
 919 0606 FA04     		.2byte	0x4fa
 920 0608 B0000000 		.4byte	0xb0
 921 060c 10       		.byte	0x10
 922 060d 13       		.uleb128 0x13
 923 060e 5E070000 		.4byte	.LASF101
 924 0612 08       		.byte	0x8
 925 0613 FB04     		.2byte	0x4fb
 926 0615 B7050000 		.4byte	0x5b7
 927 0619 14       		.byte	0x14
 928 061a 13       		.uleb128 0x13
 929 061b D1050000 		.4byte	.LASF102
 930 061f 08       		.byte	0x8
 931 0620 FC04     		.2byte	0x4fc
 932 0622 B0000000 		.4byte	0xb0
 933 0626 18       		.byte	0x18
 934 0627 13       		.uleb128 0x13
 935 0628 D6030000 		.4byte	.LASF103
 936 062c 08       		.byte	0x8
 937 062d FD04     		.2byte	0x4fd
 938 062f 90060000 		.4byte	0x690
 939 0633 1C       		.byte	0x1c
 940 0634 13       		.uleb128 0x13
 941 0635 1F060000 		.4byte	.LASF104
 942 0639 08       		.byte	0x8
 943 063a FE04     		.2byte	0x4fe
 944 063c B0000000 		.4byte	0xb0
 945 0640 5C       		.byte	0x5c
 946 0641 13       		.uleb128 0x13
 947 0642 1A000000 		.4byte	.LASF105
 948 0646 08       		.byte	0x8
 949 0647 FF04     		.2byte	0x4ff
 950 0649 B0000000 		.4byte	0xb0
 951 064d 60       		.byte	0x60
 952 064e 13       		.uleb128 0x13
 953 064f C3010000 		.4byte	.LASF106
ARM GAS  C:\Users\gjl\AppData\Local\Temp\ccPrGmsh.s 			page 20


 954 0653 08       		.byte	0x8
 955 0654 0005     		.2byte	0x500
 956 0656 B0000000 		.4byte	0xb0
 957 065a 64       		.byte	0x64
 958 065b 13       		.uleb128 0x13
 959 065c 15060000 		.4byte	.LASF107
 960 0660 08       		.byte	0x8
 961 0661 0105     		.2byte	0x501
 962 0663 B0000000 		.4byte	0xb0
 963 0667 68       		.byte	0x68
 964 0668 13       		.uleb128 0x13
 965 0669 08080000 		.4byte	.LASF108
 966 066d 08       		.byte	0x8
 967 066e 0205     		.2byte	0x502
 968 0670 B0000000 		.4byte	0xb0
 969 0674 6C       		.byte	0x6c
 970 0675 13       		.uleb128 0x13
 971 0676 4E040000 		.4byte	.LASF109
 972 067a 08       		.byte	0x8
 973 067b 0305     		.2byte	0x503
 974 067d 83040000 		.4byte	0x483
 975 0681 70       		.byte	0x70
 976 0682 13       		.uleb128 0x13
 977 0683 7B060000 		.4byte	.LASF110
 978 0687 08       		.byte	0x8
 979 0688 0405     		.2byte	0x504
 980 068a B0000000 		.4byte	0xb0
 981 068e 74       		.byte	0x74
 982 068f 00       		.byte	0
 983 0690 07       		.uleb128 0x7
 984 0691 B0000000 		.4byte	0xb0
 985 0695 A0060000 		.4byte	0x6a0
 986 0699 08       		.uleb128 0x8
 987 069a BB000000 		.4byte	0xbb
 988 069e 0F       		.byte	0xf
 989 069f 00       		.byte	0
 990 06a0 0D       		.uleb128 0xd
 991 06a1 31010000 		.4byte	.LASF111
 992 06a5 08       		.byte	0x8
 993 06a6 0505     		.2byte	0x505
 994 06a8 C3050000 		.4byte	0x5c3
 995 06ac 17       		.uleb128 0x17
 996 06ad 14       		.byte	0x14
 997 06ae 09       		.byte	0x9
 998 06af 3B       		.byte	0x3b
 999 06b0 F1060000 		.4byte	0x6f1
 1000 06b4 0A       		.uleb128 0xa
 1001 06b5 E4070000 		.4byte	.LASF112
 1002 06b9 09       		.byte	0x9
 1003 06ba 3D       		.byte	0x3d
 1004 06bb B0000000 		.4byte	0xb0
 1005 06bf 00       		.byte	0
 1006 06c0 0A       		.uleb128 0xa
 1007 06c1 CA030000 		.4byte	.LASF113
 1008 06c5 09       		.byte	0x9
 1009 06c6 3E       		.byte	0x3e
 1010 06c7 B0000000 		.4byte	0xb0
ARM GAS  C:\Users\gjl\AppData\Local\Temp\ccPrGmsh.s 			page 21


 1011 06cb 04       		.byte	0x4
 1012 06cc 0A       		.uleb128 0xa
 1013 06cd B0020000 		.4byte	.LASF114
 1014 06d1 09       		.byte	0x9
 1015 06d2 3F       		.byte	0x3f
 1016 06d3 F1060000 		.4byte	0x6f1
 1017 06d7 08       		.byte	0x8
 1018 06d8 0A       		.uleb128 0xa
 1019 06d9 2A040000 		.4byte	.LASF115
 1020 06dd 09       		.byte	0x9
 1021 06de 40       		.byte	0x40
 1022 06df B0000000 		.4byte	0xb0
 1023 06e3 0C       		.byte	0xc
 1024 06e4 0A       		.uleb128 0xa
 1025 06e5 AD010000 		.4byte	.LASF116
 1026 06e9 09       		.byte	0x9
 1027 06ea 45       		.byte	0x45
 1028 06eb B0000000 		.4byte	0xb0
 1029 06ef 10       		.byte	0x10
 1030 06f0 00       		.byte	0
 1031 06f1 0F       		.uleb128 0xf
 1032 06f2 04       		.byte	0x4
 1033 06f3 F7060000 		.4byte	0x6f7
 1034 06f7 06       		.uleb128 0x6
 1035 06f8 A0060000 		.4byte	0x6a0
 1036 06fc 03       		.uleb128 0x3
 1037 06fd 92070000 		.4byte	.LASF117
 1038 0701 09       		.byte	0x9
 1039 0702 48       		.byte	0x48
 1040 0703 AC060000 		.4byte	0x6ac
 1041 0707 18       		.uleb128 0x18
 1042 0708 93040000 		.4byte	.LASF139
 1043 070c 02       		.byte	0x2
 1044 070d 53       		.byte	0x53
 1045 070e 03       		.byte	0x3
 1046 070f 19       		.uleb128 0x19
 1047 0710 2A080000 		.4byte	.LASF140
 1048 0714 01       		.byte	0x1
 1049 0715 10       		.byte	0x10
 1050 0716 8C000000 		.4byte	0x8c
 1051 071a 00000000 		.4byte	.LFB516
 1052 071e F0000000 		.4byte	.LFE516-.LFB516
 1053 0722 01       		.uleb128 0x1
 1054 0723 9C       		.byte	0x9c
 1055 0724 8A080000 		.4byte	0x88a
 1056 0728 1A       		.uleb128 0x1a
 1057 0729 07070000 		.4byte	0x707
 1058 072d 0A000000 		.4byte	.LBB5
 1059 0731 02000000 		.4byte	.LBE5-.LBB5
 1060 0735 01       		.byte	0x1
 1061 0736 12       		.byte	0x12
 1062 0737 1B       		.uleb128 0x1b
 1063 0738 1C000000 		.4byte	.LBB7
 1064 073c D4000000 		.4byte	.LBE7-.LBB7
 1065 0740 5F080000 		.4byte	0x85f
 1066 0744 1C       		.uleb128 0x1c
 1067 0745 763100   		.ascii	"v1\000"
ARM GAS  C:\Users\gjl\AppData\Local\Temp\ccPrGmsh.s 			page 22


 1068 0748 01       		.byte	0x1
 1069 0749 1A       		.byte	0x1a
 1070 074a 25000000 		.4byte	0x25
 1071 074e 00000000 		.4byte	.LLST0
 1072 0752 1C       		.uleb128 0x1c
 1073 0753 763200   		.ascii	"v2\000"
 1074 0756 01       		.byte	0x1
 1075 0757 1A       		.byte	0x1a
 1076 0758 25000000 		.4byte	0x25
 1077 075c 1F000000 		.4byte	.LLST1
 1078 0760 1D       		.uleb128 0x1d
 1079 0761 E9060000 		.4byte	.LASF118
 1080 0765 01       		.byte	0x1
 1081 0766 1B       		.byte	0x1b
 1082 0767 9A000000 		.4byte	0x9a
 1083 076b 3E000000 		.4byte	.LLST2
 1084 076f 1D       		.uleb128 0x1d
 1085 0770 F9030000 		.4byte	.LASF119
 1086 0774 01       		.byte	0x1
 1087 0775 1B       		.byte	0x1b
 1088 0776 9A000000 		.4byte	0x9a
 1089 077a 51000000 		.4byte	.LLST3
 1090 077e 1D       		.uleb128 0x1d
 1091 077f A0020000 		.4byte	.LASF120
 1092 0783 01       		.byte	0x1
 1093 0784 24       		.byte	0x24
 1094 0785 75040000 		.4byte	0x475
 1095 0789 64000000 		.4byte	.LLST4
 1096 078d 1D       		.uleb128 0x1d
 1097 078e 80020000 		.4byte	.LASF121
 1098 0792 01       		.byte	0x1
 1099 0793 25       		.byte	0x25
 1100 0794 25000000 		.4byte	0x25
 1101 0798 77000000 		.4byte	.LLST5
 1102 079c 1E       		.uleb128 0x1e
 1103 079d 26000000 		.4byte	.LVL3
 1104 07a1 D8080000 		.4byte	0x8d8
 1105 07a5 B5070000 		.4byte	0x7b5
 1106 07a9 1F       		.uleb128 0x1f
 1107 07aa 01       		.uleb128 0x1
 1108 07ab 50       		.byte	0x50
 1109 07ac 02       		.uleb128 0x2
 1110 07ad 74       		.byte	0x74
 1111 07ae 00       		.sleb128 0
 1112 07af 1F       		.uleb128 0x1f
 1113 07b0 01       		.uleb128 0x1
 1114 07b1 51       		.byte	0x51
 1115 07b2 01       		.uleb128 0x1
 1116 07b3 30       		.byte	0x30
 1117 07b4 00       		.byte	0
 1118 07b5 1E       		.uleb128 0x1e
 1119 07b6 30000000 		.4byte	.LVL5
 1120 07ba D8080000 		.4byte	0x8d8
 1121 07be CE070000 		.4byte	0x7ce
 1122 07c2 1F       		.uleb128 0x1f
 1123 07c3 01       		.uleb128 0x1
 1124 07c4 50       		.byte	0x50
ARM GAS  C:\Users\gjl\AppData\Local\Temp\ccPrGmsh.s 			page 23


 1125 07c5 02       		.uleb128 0x2
 1126 07c6 74       		.byte	0x74
 1127 07c7 00       		.sleb128 0
 1128 07c8 1F       		.uleb128 0x1f
 1129 07c9 01       		.uleb128 0x1
 1130 07ca 51       		.byte	0x51
 1131 07cb 01       		.uleb128 0x1
 1132 07cc 31       		.byte	0x31
 1133 07cd 00       		.byte	0
 1134 07ce 1E       		.uleb128 0x1e
 1135 07cf 3C000000 		.4byte	.LVL7
 1136 07d3 E4080000 		.4byte	0x8e4
 1137 07d7 ED070000 		.4byte	0x7ed
 1138 07db 1F       		.uleb128 0x1f
 1139 07dc 01       		.uleb128 0x1
 1140 07dd 50       		.byte	0x50
 1141 07de 02       		.uleb128 0x2
 1142 07df 74       		.byte	0x74
 1143 07e0 00       		.sleb128 0
 1144 07e1 1F       		.uleb128 0x1f
 1145 07e2 01       		.uleb128 0x1
 1146 07e3 51       		.byte	0x51
 1147 07e4 01       		.uleb128 0x1
 1148 07e5 30       		.byte	0x30
 1149 07e6 1F       		.uleb128 0x1f
 1150 07e7 01       		.uleb128 0x1
 1151 07e8 52       		.byte	0x52
 1152 07e9 02       		.uleb128 0x2
 1153 07ea 75       		.byte	0x75
 1154 07eb 00       		.sleb128 0
 1155 07ec 00       		.byte	0
 1156 07ed 1E       		.uleb128 0x1e
 1157 07ee 4A000000 		.4byte	.LVL10
 1158 07f2 E4080000 		.4byte	0x8e4
 1159 07f6 0C080000 		.4byte	0x80c
 1160 07fa 1F       		.uleb128 0x1f
 1161 07fb 01       		.uleb128 0x1
 1162 07fc 50       		.byte	0x50
 1163 07fd 02       		.uleb128 0x2
 1164 07fe 74       		.byte	0x74
 1165 07ff 00       		.sleb128 0
 1166 0800 1F       		.uleb128 0x1f
 1167 0801 01       		.uleb128 0x1
 1168 0802 51       		.byte	0x51
 1169 0803 01       		.uleb128 0x1
 1170 0804 31       		.byte	0x31
 1171 0805 1F       		.uleb128 0x1f
 1172 0806 01       		.uleb128 0x1
 1173 0807 52       		.byte	0x52
 1174 0808 02       		.uleb128 0x2
 1175 0809 76       		.byte	0x76
 1176 080a 00       		.sleb128 0
 1177 080b 00       		.byte	0
 1178 080c 1E       		.uleb128 0x1e
 1179 080d 56000000 		.4byte	.LVL13
 1180 0811 F0080000 		.4byte	0x8f0
 1181 0815 26080000 		.4byte	0x826
ARM GAS  C:\Users\gjl\AppData\Local\Temp\ccPrGmsh.s 			page 24


 1182 0819 1F       		.uleb128 0x1f
 1183 081a 01       		.uleb128 0x1
 1184 081b 50       		.byte	0x50
 1185 081c 02       		.uleb128 0x2
 1186 081d 75       		.byte	0x75
 1187 081e 00       		.sleb128 0
 1188 081f 1F       		.uleb128 0x1f
 1189 0820 01       		.uleb128 0x1
 1190 0821 51       		.byte	0x51
 1191 0822 02       		.uleb128 0x2
 1192 0823 76       		.byte	0x76
 1193 0824 00       		.sleb128 0
 1194 0825 00       		.byte	0
 1195 0826 20       		.uleb128 0x20
 1196 0827 5A000000 		.4byte	.LVL14
 1197 082b FB080000 		.4byte	0x8fb
 1198 082f 1E       		.uleb128 0x1e
 1199 0830 CA000000 		.4byte	.LVL25
 1200 0834 06090000 		.4byte	0x906
 1201 0838 4E080000 		.4byte	0x84e
 1202 083c 1F       		.uleb128 0x1f
 1203 083d 01       		.uleb128 0x1
 1204 083e 50       		.byte	0x50
 1205 083f 05       		.uleb128 0x5
 1206 0840 03       		.byte	0x3
 1207 0841 00000000 		.4byte	.LC0
 1208 0845 1F       		.uleb128 0x1f
 1209 0846 02       		.uleb128 0x2
 1210 0847 7D       		.byte	0x7d
 1211 0848 10       		.sleb128 16
 1212 0849 03       		.uleb128 0x3
 1213 084a F5       		.byte	0xf5
 1214 084b 06       		.uleb128 0x6
 1215 084c 2C       		.uleb128 0x2c
 1216 084d 00       		.byte	0
 1217 084e 21       		.uleb128 0x21
 1218 084f D0000000 		.4byte	.LVL26
 1219 0853 11090000 		.4byte	0x911
 1220 0857 1F       		.uleb128 0x1f
 1221 0858 01       		.uleb128 0x1
 1222 0859 50       		.byte	0x50
 1223 085a 02       		.uleb128 0x2
 1224 085b 08       		.byte	0x8
 1225 085c C8       		.byte	0xc8
 1226 085d 00       		.byte	0
 1227 085e 00       		.byte	0
 1228 085f 20       		.uleb128 0x20
 1229 0860 10000000 		.4byte	.LVL0
 1230 0864 1D090000 		.4byte	0x91d
 1231 0868 20       		.uleb128 0x20
 1232 0869 14000000 		.4byte	.LVL1
 1233 086d 28090000 		.4byte	0x928
 1234 0871 21       		.uleb128 0x21
 1235 0872 1C000000 		.4byte	.LVL2
 1236 0876 33090000 		.4byte	0x933
 1237 087a 1F       		.uleb128 0x1f
 1238 087b 01       		.uleb128 0x1
ARM GAS  C:\Users\gjl\AppData\Local\Temp\ccPrGmsh.s 			page 25


 1239 087c 50       		.byte	0x50
 1240 087d 05       		.uleb128 0x5
 1241 087e 0C       		.byte	0xc
 1242 087f 00001D41 		.4byte	0x411d0000
 1243 0883 1F       		.uleb128 0x1f
 1244 0884 01       		.uleb128 0x1
 1245 0885 51       		.byte	0x51
 1246 0886 01       		.uleb128 0x1
 1247 0887 31       		.byte	0x31
 1248 0888 00       		.byte	0
 1249 0889 00       		.byte	0
 1250 088a 22       		.uleb128 0x22
 1251 088b AC000000 		.4byte	.LASF122
 1252 088f 0A       		.byte	0xa
 1253 0890 EA07     		.2byte	0x7ea
 1254 0892 96080000 		.4byte	0x896
 1255 0896 05       		.uleb128 0x5
 1256 0897 A5000000 		.4byte	0xa5
 1257 089b 23       		.uleb128 0x23
 1258 089c 0B020000 		.4byte	.LASF123
 1259 08a0 0B       		.byte	0xb
 1260 08a1 87       		.byte	0x87
 1261 08a2 6B050000 		.4byte	0x56b
 1262 08a6 22       		.uleb128 0x22
 1263 08a7 B9000000 		.4byte	.LASF124
 1264 08ab 09       		.byte	0x9
 1265 08ac 6001     		.2byte	0x160
 1266 08ae B0000000 		.4byte	0xb0
 1267 08b2 07       		.uleb128 0x7
 1268 08b3 C2080000 		.4byte	0x8c2
 1269 08b7 C2080000 		.4byte	0x8c2
 1270 08bb 08       		.uleb128 0x8
 1271 08bc BB000000 		.4byte	0xbb
 1272 08c0 00       		.byte	0
 1273 08c1 00       		.byte	0
 1274 08c2 06       		.uleb128 0x6
 1275 08c3 FC060000 		.4byte	0x6fc
 1276 08c7 22       		.uleb128 0x22
 1277 08c8 82030000 		.4byte	.LASF125
 1278 08cc 09       		.byte	0x9
 1279 08cd 6401     		.2byte	0x164
 1280 08cf D3080000 		.4byte	0x8d3
 1281 08d3 06       		.uleb128 0x6
 1282 08d4 B2080000 		.4byte	0x8b2
 1283 08d8 24       		.uleb128 0x24
 1284 08d9 46060000 		.4byte	.LASF126
 1285 08dd 46060000 		.4byte	.LASF126
 1286 08e1 08       		.byte	0x8
 1287 08e2 2405     		.2byte	0x524
 1288 08e4 24       		.uleb128 0x24
 1289 08e5 A6070000 		.4byte	.LASF127
 1290 08e9 A6070000 		.4byte	.LASF127
 1291 08ed 08       		.byte	0x8
 1292 08ee 4305     		.2byte	0x543
 1293 08f0 25       		.uleb128 0x25
 1294 08f1 D1010000 		.4byte	.LASF128
 1295 08f5 D1010000 		.4byte	.LASF128
ARM GAS  C:\Users\gjl\AppData\Local\Temp\ccPrGmsh.s 			page 26


 1296 08f9 0C       		.byte	0xc
 1297 08fa 2F       		.byte	0x2f
 1298 08fb 25       		.uleb128 0x25
 1299 08fc 32000000 		.4byte	.LASF129
 1300 0900 32000000 		.4byte	.LASF129
 1301 0904 0C       		.byte	0xc
 1302 0905 31       		.byte	0x31
 1303 0906 25       		.uleb128 0x25
 1304 0907 00000000 		.4byte	.LASF130
 1305 090b 00000000 		.4byte	.LASF130
 1306 090f 0D       		.byte	0xd
 1307 0910 BB       		.byte	0xbb
 1308 0911 24       		.uleb128 0x24
 1309 0912 6B060000 		.4byte	.LASF131
 1310 0916 6B060000 		.4byte	.LASF131
 1311 091a 06       		.byte	0x6
 1312 091b 2103     		.2byte	0x321
 1313 091d 25       		.uleb128 0x25
 1314 091e 42020000 		.4byte	.LASF132
 1315 0922 42020000 		.4byte	.LASF132
 1316 0926 0B       		.byte	0xb
 1317 0927 31       		.byte	0x31
 1318 0928 25       		.uleb128 0x25
 1319 0929 FF050000 		.4byte	.LASF133
 1320 092d FF050000 		.4byte	.LASF133
 1321 0931 09       		.byte	0x9
 1322 0932 57       		.byte	0x57
 1323 0933 24       		.uleb128 0x24
 1324 0934 BD060000 		.4byte	.LASF134
 1325 0938 BD060000 		.4byte	.LASF134
 1326 093c 08       		.byte	0x8
 1327 093d 2105     		.2byte	0x521
 1328 093f 00       		.byte	0
 1329              		.section	.debug_abbrev,"",%progbits
 1330              	.Ldebug_abbrev0:
 1331 0000 01       		.uleb128 0x1
 1332 0001 11       		.uleb128 0x11
 1333 0002 01       		.byte	0x1
 1334 0003 25       		.uleb128 0x25
 1335 0004 0E       		.uleb128 0xe
 1336 0005 13       		.uleb128 0x13
 1337 0006 0B       		.uleb128 0xb
 1338 0007 03       		.uleb128 0x3
 1339 0008 0E       		.uleb128 0xe
 1340 0009 1B       		.uleb128 0x1b
 1341 000a 0E       		.uleb128 0xe
 1342 000b 55       		.uleb128 0x55
 1343 000c 17       		.uleb128 0x17
 1344 000d 11       		.uleb128 0x11
 1345 000e 01       		.uleb128 0x1
 1346 000f 10       		.uleb128 0x10
 1347 0010 17       		.uleb128 0x17
 1348 0011 00       		.byte	0
 1349 0012 00       		.byte	0
 1350 0013 02       		.uleb128 0x2
 1351 0014 24       		.uleb128 0x24
 1352 0015 00       		.byte	0
ARM GAS  C:\Users\gjl\AppData\Local\Temp\ccPrGmsh.s 			page 27


 1353 0016 0B       		.uleb128 0xb
 1354 0017 0B       		.uleb128 0xb
 1355 0018 3E       		.uleb128 0x3e
 1356 0019 0B       		.uleb128 0xb
 1357 001a 03       		.uleb128 0x3
 1358 001b 0E       		.uleb128 0xe
 1359 001c 00       		.byte	0
 1360 001d 00       		.byte	0
 1361 001e 03       		.uleb128 0x3
 1362 001f 16       		.uleb128 0x16
 1363 0020 00       		.byte	0
 1364 0021 03       		.uleb128 0x3
 1365 0022 0E       		.uleb128 0xe
 1366 0023 3A       		.uleb128 0x3a
 1367 0024 0B       		.uleb128 0xb
 1368 0025 3B       		.uleb128 0x3b
 1369 0026 0B       		.uleb128 0xb
 1370 0027 49       		.uleb128 0x49
 1371 0028 13       		.uleb128 0x13
 1372 0029 00       		.byte	0
 1373 002a 00       		.byte	0
 1374 002b 04       		.uleb128 0x4
 1375 002c 24       		.uleb128 0x24
 1376 002d 00       		.byte	0
 1377 002e 0B       		.uleb128 0xb
 1378 002f 0B       		.uleb128 0xb
 1379 0030 3E       		.uleb128 0x3e
 1380 0031 0B       		.uleb128 0xb
 1381 0032 03       		.uleb128 0x3
 1382 0033 08       		.uleb128 0x8
 1383 0034 00       		.byte	0
 1384 0035 00       		.byte	0
 1385 0036 05       		.uleb128 0x5
 1386 0037 35       		.uleb128 0x35
 1387 0038 00       		.byte	0
 1388 0039 49       		.uleb128 0x49
 1389 003a 13       		.uleb128 0x13
 1390 003b 00       		.byte	0
 1391 003c 00       		.byte	0
 1392 003d 06       		.uleb128 0x6
 1393 003e 26       		.uleb128 0x26
 1394 003f 00       		.byte	0
 1395 0040 49       		.uleb128 0x49
 1396 0041 13       		.uleb128 0x13
 1397 0042 00       		.byte	0
 1398 0043 00       		.byte	0
 1399 0044 07       		.uleb128 0x7
 1400 0045 01       		.uleb128 0x1
 1401 0046 01       		.byte	0x1
 1402 0047 49       		.uleb128 0x49
 1403 0048 13       		.uleb128 0x13
 1404 0049 01       		.uleb128 0x1
 1405 004a 13       		.uleb128 0x13
 1406 004b 00       		.byte	0
 1407 004c 00       		.byte	0
 1408 004d 08       		.uleb128 0x8
 1409 004e 21       		.uleb128 0x21
ARM GAS  C:\Users\gjl\AppData\Local\Temp\ccPrGmsh.s 			page 28


 1410 004f 00       		.byte	0
 1411 0050 49       		.uleb128 0x49
 1412 0051 13       		.uleb128 0x13
 1413 0052 2F       		.uleb128 0x2f
 1414 0053 0B       		.uleb128 0xb
 1415 0054 00       		.byte	0
 1416 0055 00       		.byte	0
 1417 0056 09       		.uleb128 0x9
 1418 0057 13       		.uleb128 0x13
 1419 0058 01       		.byte	0x1
 1420 0059 0B       		.uleb128 0xb
 1421 005a 05       		.uleb128 0x5
 1422 005b 3A       		.uleb128 0x3a
 1423 005c 0B       		.uleb128 0xb
 1424 005d 3B       		.uleb128 0x3b
 1425 005e 0B       		.uleb128 0xb
 1426 005f 01       		.uleb128 0x1
 1427 0060 13       		.uleb128 0x13
 1428 0061 00       		.byte	0
 1429 0062 00       		.byte	0
 1430 0063 0A       		.uleb128 0xa
 1431 0064 0D       		.uleb128 0xd
 1432 0065 00       		.byte	0
 1433 0066 03       		.uleb128 0x3
 1434 0067 0E       		.uleb128 0xe
 1435 0068 3A       		.uleb128 0x3a
 1436 0069 0B       		.uleb128 0xb
 1437 006a 3B       		.uleb128 0x3b
 1438 006b 0B       		.uleb128 0xb
 1439 006c 49       		.uleb128 0x49
 1440 006d 13       		.uleb128 0x13
 1441 006e 38       		.uleb128 0x38
 1442 006f 0B       		.uleb128 0xb
 1443 0070 00       		.byte	0
 1444 0071 00       		.byte	0
 1445 0072 0B       		.uleb128 0xb
 1446 0073 0D       		.uleb128 0xd
 1447 0074 00       		.byte	0
 1448 0075 03       		.uleb128 0x3
 1449 0076 0E       		.uleb128 0xe
 1450 0077 3A       		.uleb128 0x3a
 1451 0078 0B       		.uleb128 0xb
 1452 0079 3B       		.uleb128 0x3b
 1453 007a 0B       		.uleb128 0xb
 1454 007b 49       		.uleb128 0x49
 1455 007c 13       		.uleb128 0x13
 1456 007d 38       		.uleb128 0x38
 1457 007e 05       		.uleb128 0x5
 1458 007f 00       		.byte	0
 1459 0080 00       		.byte	0
 1460 0081 0C       		.uleb128 0xc
 1461 0082 21       		.uleb128 0x21
 1462 0083 00       		.byte	0
 1463 0084 49       		.uleb128 0x49
 1464 0085 13       		.uleb128 0x13
 1465 0086 2F       		.uleb128 0x2f
 1466 0087 05       		.uleb128 0x5
ARM GAS  C:\Users\gjl\AppData\Local\Temp\ccPrGmsh.s 			page 29


 1467 0088 00       		.byte	0
 1468 0089 00       		.byte	0
 1469 008a 0D       		.uleb128 0xd
 1470 008b 16       		.uleb128 0x16
 1471 008c 00       		.byte	0
 1472 008d 03       		.uleb128 0x3
 1473 008e 0E       		.uleb128 0xe
 1474 008f 3A       		.uleb128 0x3a
 1475 0090 0B       		.uleb128 0xb
 1476 0091 3B       		.uleb128 0x3b
 1477 0092 05       		.uleb128 0x5
 1478 0093 49       		.uleb128 0x49
 1479 0094 13       		.uleb128 0x13
 1480 0095 00       		.byte	0
 1481 0096 00       		.byte	0
 1482 0097 0E       		.uleb128 0xe
 1483 0098 0F       		.uleb128 0xf
 1484 0099 00       		.byte	0
 1485 009a 0B       		.uleb128 0xb
 1486 009b 0B       		.uleb128 0xb
 1487 009c 00       		.byte	0
 1488 009d 00       		.byte	0
 1489 009e 0F       		.uleb128 0xf
 1490 009f 0F       		.uleb128 0xf
 1491 00a0 00       		.byte	0
 1492 00a1 0B       		.uleb128 0xb
 1493 00a2 0B       		.uleb128 0xb
 1494 00a3 49       		.uleb128 0x49
 1495 00a4 13       		.uleb128 0x13
 1496 00a5 00       		.byte	0
 1497 00a6 00       		.byte	0
 1498 00a7 10       		.uleb128 0x10
 1499 00a8 15       		.uleb128 0x15
 1500 00a9 01       		.byte	0x1
 1501 00aa 27       		.uleb128 0x27
 1502 00ab 19       		.uleb128 0x19
 1503 00ac 01       		.uleb128 0x1
 1504 00ad 13       		.uleb128 0x13
 1505 00ae 00       		.byte	0
 1506 00af 00       		.byte	0
 1507 00b0 11       		.uleb128 0x11
 1508 00b1 05       		.uleb128 0x5
 1509 00b2 00       		.byte	0
 1510 00b3 49       		.uleb128 0x49
 1511 00b4 13       		.uleb128 0x13
 1512 00b5 00       		.byte	0
 1513 00b6 00       		.byte	0
 1514 00b7 12       		.uleb128 0x12
 1515 00b8 13       		.uleb128 0x13
 1516 00b9 01       		.byte	0x1
 1517 00ba 03       		.uleb128 0x3
 1518 00bb 0E       		.uleb128 0xe
 1519 00bc 0B       		.uleb128 0xb
 1520 00bd 0B       		.uleb128 0xb
 1521 00be 3A       		.uleb128 0x3a
 1522 00bf 0B       		.uleb128 0xb
 1523 00c0 3B       		.uleb128 0x3b
ARM GAS  C:\Users\gjl\AppData\Local\Temp\ccPrGmsh.s 			page 30


 1524 00c1 05       		.uleb128 0x5
 1525 00c2 01       		.uleb128 0x1
 1526 00c3 13       		.uleb128 0x13
 1527 00c4 00       		.byte	0
 1528 00c5 00       		.byte	0
 1529 00c6 13       		.uleb128 0x13
 1530 00c7 0D       		.uleb128 0xd
 1531 00c8 00       		.byte	0
 1532 00c9 03       		.uleb128 0x3
 1533 00ca 0E       		.uleb128 0xe
 1534 00cb 3A       		.uleb128 0x3a
 1535 00cc 0B       		.uleb128 0xb
 1536 00cd 3B       		.uleb128 0x3b
 1537 00ce 05       		.uleb128 0x5
 1538 00cf 49       		.uleb128 0x49
 1539 00d0 13       		.uleb128 0x13
 1540 00d1 38       		.uleb128 0x38
 1541 00d2 0B       		.uleb128 0xb
 1542 00d3 00       		.byte	0
 1543 00d4 00       		.byte	0
 1544 00d5 14       		.uleb128 0x14
 1545 00d6 04       		.uleb128 0x4
 1546 00d7 01       		.byte	0x1
 1547 00d8 0B       		.uleb128 0xb
 1548 00d9 0B       		.uleb128 0xb
 1549 00da 49       		.uleb128 0x49
 1550 00db 13       		.uleb128 0x13
 1551 00dc 3A       		.uleb128 0x3a
 1552 00dd 0B       		.uleb128 0xb
 1553 00de 3B       		.uleb128 0x3b
 1554 00df 05       		.uleb128 0x5
 1555 00e0 01       		.uleb128 0x1
 1556 00e1 13       		.uleb128 0x13
 1557 00e2 00       		.byte	0
 1558 00e3 00       		.byte	0
 1559 00e4 15       		.uleb128 0x15
 1560 00e5 28       		.uleb128 0x28
 1561 00e6 00       		.byte	0
 1562 00e7 03       		.uleb128 0x3
 1563 00e8 0E       		.uleb128 0xe
 1564 00e9 1C       		.uleb128 0x1c
 1565 00ea 0B       		.uleb128 0xb
 1566 00eb 00       		.byte	0
 1567 00ec 00       		.byte	0
 1568 00ed 16       		.uleb128 0x16
 1569 00ee 13       		.uleb128 0x13
 1570 00ef 01       		.byte	0x1
 1571 00f0 0B       		.uleb128 0xb
 1572 00f1 0B       		.uleb128 0xb
 1573 00f2 3A       		.uleb128 0x3a
 1574 00f3 0B       		.uleb128 0xb
 1575 00f4 3B       		.uleb128 0x3b
 1576 00f5 05       		.uleb128 0x5
 1577 00f6 01       		.uleb128 0x1
 1578 00f7 13       		.uleb128 0x13
 1579 00f8 00       		.byte	0
 1580 00f9 00       		.byte	0
ARM GAS  C:\Users\gjl\AppData\Local\Temp\ccPrGmsh.s 			page 31


 1581 00fa 17       		.uleb128 0x17
 1582 00fb 13       		.uleb128 0x13
 1583 00fc 01       		.byte	0x1
 1584 00fd 0B       		.uleb128 0xb
 1585 00fe 0B       		.uleb128 0xb
 1586 00ff 3A       		.uleb128 0x3a
 1587 0100 0B       		.uleb128 0xb
 1588 0101 3B       		.uleb128 0x3b
 1589 0102 0B       		.uleb128 0xb
 1590 0103 01       		.uleb128 0x1
 1591 0104 13       		.uleb128 0x13
 1592 0105 00       		.byte	0
 1593 0106 00       		.byte	0
 1594 0107 18       		.uleb128 0x18
 1595 0108 2E       		.uleb128 0x2e
 1596 0109 00       		.byte	0
 1597 010a 03       		.uleb128 0x3
 1598 010b 0E       		.uleb128 0xe
 1599 010c 3A       		.uleb128 0x3a
 1600 010d 0B       		.uleb128 0xb
 1601 010e 3B       		.uleb128 0x3b
 1602 010f 0B       		.uleb128 0xb
 1603 0110 27       		.uleb128 0x27
 1604 0111 19       		.uleb128 0x19
 1605 0112 20       		.uleb128 0x20
 1606 0113 0B       		.uleb128 0xb
 1607 0114 00       		.byte	0
 1608 0115 00       		.byte	0
 1609 0116 19       		.uleb128 0x19
 1610 0117 2E       		.uleb128 0x2e
 1611 0118 01       		.byte	0x1
 1612 0119 3F       		.uleb128 0x3f
 1613 011a 19       		.uleb128 0x19
 1614 011b 03       		.uleb128 0x3
 1615 011c 0E       		.uleb128 0xe
 1616 011d 3A       		.uleb128 0x3a
 1617 011e 0B       		.uleb128 0xb
 1618 011f 3B       		.uleb128 0x3b
 1619 0120 0B       		.uleb128 0xb
 1620 0121 27       		.uleb128 0x27
 1621 0122 19       		.uleb128 0x19
 1622 0123 49       		.uleb128 0x49
 1623 0124 13       		.uleb128 0x13
 1624 0125 8701     		.uleb128 0x87
 1625 0127 19       		.uleb128 0x19
 1626 0128 11       		.uleb128 0x11
 1627 0129 01       		.uleb128 0x1
 1628 012a 12       		.uleb128 0x12
 1629 012b 06       		.uleb128 0x6
 1630 012c 40       		.uleb128 0x40
 1631 012d 18       		.uleb128 0x18
 1632 012e 9642     		.uleb128 0x2116
 1633 0130 19       		.uleb128 0x19
 1634 0131 01       		.uleb128 0x1
 1635 0132 13       		.uleb128 0x13
 1636 0133 00       		.byte	0
 1637 0134 00       		.byte	0
ARM GAS  C:\Users\gjl\AppData\Local\Temp\ccPrGmsh.s 			page 32


 1638 0135 1A       		.uleb128 0x1a
 1639 0136 1D       		.uleb128 0x1d
 1640 0137 00       		.byte	0
 1641 0138 31       		.uleb128 0x31
 1642 0139 13       		.uleb128 0x13
 1643 013a 11       		.uleb128 0x11
 1644 013b 01       		.uleb128 0x1
 1645 013c 12       		.uleb128 0x12
 1646 013d 06       		.uleb128 0x6
 1647 013e 58       		.uleb128 0x58
 1648 013f 0B       		.uleb128 0xb
 1649 0140 59       		.uleb128 0x59
 1650 0141 0B       		.uleb128 0xb
 1651 0142 00       		.byte	0
 1652 0143 00       		.byte	0
 1653 0144 1B       		.uleb128 0x1b
 1654 0145 0B       		.uleb128 0xb
 1655 0146 01       		.byte	0x1
 1656 0147 11       		.uleb128 0x11
 1657 0148 01       		.uleb128 0x1
 1658 0149 12       		.uleb128 0x12
 1659 014a 06       		.uleb128 0x6
 1660 014b 01       		.uleb128 0x1
 1661 014c 13       		.uleb128 0x13
 1662 014d 00       		.byte	0
 1663 014e 00       		.byte	0
 1664 014f 1C       		.uleb128 0x1c
 1665 0150 34       		.uleb128 0x34
 1666 0151 00       		.byte	0
 1667 0152 03       		.uleb128 0x3
 1668 0153 08       		.uleb128 0x8
 1669 0154 3A       		.uleb128 0x3a
 1670 0155 0B       		.uleb128 0xb
 1671 0156 3B       		.uleb128 0x3b
 1672 0157 0B       		.uleb128 0xb
 1673 0158 49       		.uleb128 0x49
 1674 0159 13       		.uleb128 0x13
 1675 015a 02       		.uleb128 0x2
 1676 015b 17       		.uleb128 0x17
 1677 015c 00       		.byte	0
 1678 015d 00       		.byte	0
 1679 015e 1D       		.uleb128 0x1d
 1680 015f 34       		.uleb128 0x34
 1681 0160 00       		.byte	0
 1682 0161 03       		.uleb128 0x3
 1683 0162 0E       		.uleb128 0xe
 1684 0163 3A       		.uleb128 0x3a
 1685 0164 0B       		.uleb128 0xb
 1686 0165 3B       		.uleb128 0x3b
 1687 0166 0B       		.uleb128 0xb
 1688 0167 49       		.uleb128 0x49
 1689 0168 13       		.uleb128 0x13
 1690 0169 02       		.uleb128 0x2
 1691 016a 17       		.uleb128 0x17
 1692 016b 00       		.byte	0
 1693 016c 00       		.byte	0
 1694 016d 1E       		.uleb128 0x1e
ARM GAS  C:\Users\gjl\AppData\Local\Temp\ccPrGmsh.s 			page 33


 1695 016e 898201   		.uleb128 0x4109
 1696 0171 01       		.byte	0x1
 1697 0172 11       		.uleb128 0x11
 1698 0173 01       		.uleb128 0x1
 1699 0174 31       		.uleb128 0x31
 1700 0175 13       		.uleb128 0x13
 1701 0176 01       		.uleb128 0x1
 1702 0177 13       		.uleb128 0x13
 1703 0178 00       		.byte	0
 1704 0179 00       		.byte	0
 1705 017a 1F       		.uleb128 0x1f
 1706 017b 8A8201   		.uleb128 0x410a
 1707 017e 00       		.byte	0
 1708 017f 02       		.uleb128 0x2
 1709 0180 18       		.uleb128 0x18
 1710 0181 9142     		.uleb128 0x2111
 1711 0183 18       		.uleb128 0x18
 1712 0184 00       		.byte	0
 1713 0185 00       		.byte	0
 1714 0186 20       		.uleb128 0x20
 1715 0187 898201   		.uleb128 0x4109
 1716 018a 00       		.byte	0
 1717 018b 11       		.uleb128 0x11
 1718 018c 01       		.uleb128 0x1
 1719 018d 31       		.uleb128 0x31
 1720 018e 13       		.uleb128 0x13
 1721 018f 00       		.byte	0
 1722 0190 00       		.byte	0
 1723 0191 21       		.uleb128 0x21
 1724 0192 898201   		.uleb128 0x4109
 1725 0195 01       		.byte	0x1
 1726 0196 11       		.uleb128 0x11
 1727 0197 01       		.uleb128 0x1
 1728 0198 31       		.uleb128 0x31
 1729 0199 13       		.uleb128 0x13
 1730 019a 00       		.byte	0
 1731 019b 00       		.byte	0
 1732 019c 22       		.uleb128 0x22
 1733 019d 34       		.uleb128 0x34
 1734 019e 00       		.byte	0
 1735 019f 03       		.uleb128 0x3
 1736 01a0 0E       		.uleb128 0xe
 1737 01a1 3A       		.uleb128 0x3a
 1738 01a2 0B       		.uleb128 0xb
 1739 01a3 3B       		.uleb128 0x3b
 1740 01a4 05       		.uleb128 0x5
 1741 01a5 49       		.uleb128 0x49
 1742 01a6 13       		.uleb128 0x13
 1743 01a7 3F       		.uleb128 0x3f
 1744 01a8 19       		.uleb128 0x19
 1745 01a9 3C       		.uleb128 0x3c
 1746 01aa 19       		.uleb128 0x19
 1747 01ab 00       		.byte	0
 1748 01ac 00       		.byte	0
 1749 01ad 23       		.uleb128 0x23
 1750 01ae 34       		.uleb128 0x34
 1751 01af 00       		.byte	0
ARM GAS  C:\Users\gjl\AppData\Local\Temp\ccPrGmsh.s 			page 34


 1752 01b0 03       		.uleb128 0x3
 1753 01b1 0E       		.uleb128 0xe
 1754 01b2 3A       		.uleb128 0x3a
 1755 01b3 0B       		.uleb128 0xb
 1756 01b4 3B       		.uleb128 0x3b
 1757 01b5 0B       		.uleb128 0xb
 1758 01b6 49       		.uleb128 0x49
 1759 01b7 13       		.uleb128 0x13
 1760 01b8 3F       		.uleb128 0x3f
 1761 01b9 19       		.uleb128 0x19
 1762 01ba 3C       		.uleb128 0x3c
 1763 01bb 19       		.uleb128 0x19
 1764 01bc 00       		.byte	0
 1765 01bd 00       		.byte	0
 1766 01be 24       		.uleb128 0x24
 1767 01bf 2E       		.uleb128 0x2e
 1768 01c0 00       		.byte	0
 1769 01c1 3F       		.uleb128 0x3f
 1770 01c2 19       		.uleb128 0x19
 1771 01c3 3C       		.uleb128 0x3c
 1772 01c4 19       		.uleb128 0x19
 1773 01c5 6E       		.uleb128 0x6e
 1774 01c6 0E       		.uleb128 0xe
 1775 01c7 03       		.uleb128 0x3
 1776 01c8 0E       		.uleb128 0xe
 1777 01c9 3A       		.uleb128 0x3a
 1778 01ca 0B       		.uleb128 0xb
 1779 01cb 3B       		.uleb128 0x3b
 1780 01cc 05       		.uleb128 0x5
 1781 01cd 00       		.byte	0
 1782 01ce 00       		.byte	0
 1783 01cf 25       		.uleb128 0x25
 1784 01d0 2E       		.uleb128 0x2e
 1785 01d1 00       		.byte	0
 1786 01d2 3F       		.uleb128 0x3f
 1787 01d3 19       		.uleb128 0x19
 1788 01d4 3C       		.uleb128 0x3c
 1789 01d5 19       		.uleb128 0x19
 1790 01d6 6E       		.uleb128 0x6e
 1791 01d7 0E       		.uleb128 0xe
 1792 01d8 03       		.uleb128 0x3
 1793 01d9 0E       		.uleb128 0xe
 1794 01da 3A       		.uleb128 0x3a
 1795 01db 0B       		.uleb128 0xb
 1796 01dc 3B       		.uleb128 0x3b
 1797 01dd 0B       		.uleb128 0xb
 1798 01de 00       		.byte	0
 1799 01df 00       		.byte	0
 1800 01e0 00       		.byte	0
 1801              		.section	.debug_loc,"",%progbits
 1802              	.Ldebug_loc0:
 1803              	.LLST0:
 1804 0000 40000000 		.4byte	.LVL8
 1805 0004 46000000 		.4byte	.LVL9
 1806 0008 0100     		.2byte	0x1
 1807 000a 50       		.byte	0x50
 1808 000b 46000000 		.4byte	.LVL9
ARM GAS  C:\Users\gjl\AppData\Local\Temp\ccPrGmsh.s 			page 35


 1809 000f F0000000 		.4byte	.LFE516
 1810 0013 0200     		.2byte	0x2
 1811 0015 90       		.byte	0x90
 1812 0016 51       		.uleb128 0x51
 1813 0017 00000000 		.4byte	0
 1814 001b 00000000 		.4byte	0
 1815              	.LLST1:
 1816 001f 4E000000 		.4byte	.LVL11
 1817 0023 52000000 		.4byte	.LVL12
 1818 0027 0100     		.2byte	0x1
 1819 0029 50       		.byte	0x50
 1820 002a 52000000 		.4byte	.LVL12
 1821 002e F0000000 		.4byte	.LFE516
 1822 0032 0200     		.2byte	0x2
 1823 0034 90       		.byte	0x90
 1824 0035 50       		.uleb128 0x50
 1825 0036 00000000 		.4byte	0
 1826 003a 00000000 		.4byte	0
 1827              	.LLST2:
 1828 003e 32000000 		.4byte	.LVL6
 1829 0042 78000000 		.4byte	.LVL18
 1830 0046 0100     		.2byte	0x1
 1831 0048 56       		.byte	0x56
 1832 0049 00000000 		.4byte	0
 1833 004d 00000000 		.4byte	0
 1834              	.LLST3:
 1835 0051 28000000 		.4byte	.LVL4
 1836 0055 94000000 		.4byte	.LVL21
 1837 0059 0100     		.2byte	0x1
 1838 005b 55       		.byte	0x55
 1839 005c 00000000 		.4byte	0
 1840 0060 00000000 		.4byte	0
 1841              	.LLST4:
 1842 0064 56000000 		.4byte	.LVL13
 1843 0068 59000000 		.4byte	.LVL14-1
 1844 006c 0100     		.2byte	0x1
 1845 006e 50       		.byte	0x50
 1846 006f 00000000 		.4byte	0
 1847 0073 00000000 		.4byte	0
 1848              	.LLST5:
 1849 0077 62000000 		.4byte	.LVL15
 1850 007b 6E000000 		.4byte	.LVL16
 1851 007f 0C00     		.2byte	0xc
 1852 0081 F5       		.byte	0xf5
 1853 0082 4E       		.uleb128 0x4e
 1854 0083 25       		.uleb128 0x25
 1855 0084 F4       		.byte	0xf4
 1856 0085 25       		.uleb128 0x25
 1857 0086 04       		.byte	0x4
 1858 0087 0000C842 		.4byte	0x42c80000
 1859 008b 1B       		.byte	0x1b
 1860 008c 9F       		.byte	0x9f
 1861 008d 6E000000 		.4byte	.LVL16
 1862 0091 75000000 		.4byte	.LVL17-1
 1863 0095 0200     		.2byte	0x2
 1864 0097 90       		.byte	0x90
 1865 0098 4D       		.uleb128 0x4d
ARM GAS  C:\Users\gjl\AppData\Local\Temp\ccPrGmsh.s 			page 36


 1866 0099 00000000 		.4byte	0
 1867 009d 00000000 		.4byte	0
 1868              		.section	.debug_aranges,"",%progbits
 1869 0000 1C000000 		.4byte	0x1c
 1870 0004 0200     		.2byte	0x2
 1871 0006 00000000 		.4byte	.Ldebug_info0
 1872 000a 04       		.byte	0x4
 1873 000b 00       		.byte	0
 1874 000c 0000     		.2byte	0
 1875 000e 0000     		.2byte	0
 1876 0010 00000000 		.4byte	.LFB516
 1877 0014 F0000000 		.4byte	.LFE516-.LFB516
 1878 0018 00000000 		.4byte	0
 1879 001c 00000000 		.4byte	0
 1880              		.section	.debug_ranges,"",%progbits
 1881              	.Ldebug_ranges0:
 1882 0000 00000000 		.4byte	.LFB516
 1883 0004 F0000000 		.4byte	.LFE516
 1884 0008 00000000 		.4byte	0
 1885 000c 00000000 		.4byte	0
 1886              		.section	.debug_line,"",%progbits
 1887              	.Ldebug_line0:
 1888 0000 61030000 		.section	.debug_str,"MS",%progbits,1
 1888      02001403 
 1888      00000201 
 1888      FB0E0D00 
 1888      01010101 
 1889              	.LASF130:
 1890 0000 7072696E 		.ascii	"printf\000"
 1890      746600
 1891              	.LASF57:
 1892 0007 4156475F 		.ascii	"AVG_STAT\000"
 1892      53544154 
 1892      00
 1893              	.LASF81:
 1894 0010 72784275 		.ascii	"rxBufSize\000"
 1894      6653697A 
 1894      6500
 1895              	.LASF105:
 1896 001a 73617449 		.ascii	"satIntrMask\000"
 1896      6E74724D 
 1896      61736B00 
 1897              	.LASF59:
 1898 0026 4D55585F 		.ascii	"MUX_SWITCH0\000"
 1898      53574954 
 1898      43483000 
 1899              	.LASF129:
 1900 0032 54686572 		.ascii	"Thermistor_GetTemperature\000"
 1900      6D697374 
 1900      6F725F47 
 1900      65745465 
 1900      6D706572 
 1901              	.LASF24:
 1902 004c 52414E47 		.ascii	"RANGE_COND\000"
 1902      455F434F 
 1902      4E4400
 1903              	.LASF12:
ARM GAS  C:\Users\gjl\AppData\Local\Temp\ccPrGmsh.s 			page 37


 1904 0057 6C6F6E67 		.ascii	"long long unsigned int\000"
 1904      206C6F6E 
 1904      6720756E 
 1904      7369676E 
 1904      65642069 
 1905              	.LASF89:
 1906 006e 43595F53 		.ascii	"CY_SAR_START_CONVERT_SINGLE_SHOT\000"
 1906      41525F53 
 1906      54415254 
 1906      5F434F4E 
 1906      56455254 
 1907              	.LASF76:
 1908 008f 72785269 		.ascii	"rxRingBuf\000"
 1908      6E674275 
 1908      6600
 1909              	.LASF44:
 1910 0099 53415455 		.ascii	"SATURATE_INTR_MASK\000"
 1910      52415445 
 1910      5F494E54 
 1910      525F4D41 
 1910      534B00
 1911              	.LASF122:
 1912 00ac 49544D5F 		.ascii	"ITM_RxBuffer\000"
 1912      52784275 
 1912      66666572 
 1912      00
 1913              	.LASF124:
 1914 00b9 4144435F 		.ascii	"ADC_1_currentConfig\000"
 1914      315F6375 
 1914      7272656E 
 1914      74436F6E 
 1914      66696700 
 1915              	.LASF137:
 1916 00cd 433A5C47 		.ascii	"C:\\Git\\PSoC6-101-Videos\\Projects_ScreenCapture\\"
 1916      69745C50 
 1916      536F4336 
 1916      2D313031 
 1916      2D566964 
 1917 00fc 50536F43 		.ascii	"PSoC 6_101\\2-6-ADC.cydsn\000"
 1917      20365F31 
 1917      30315C32 
 1917      2D362D41 
 1917      44432E63 
 1918              	.LASF66:
 1919 0115 414E415F 		.ascii	"ANA_TRIM0\000"
 1919      5452494D 
 1919      3000
 1920              	.LASF67:
 1921 011f 414E415F 		.ascii	"ANA_TRIM1\000"
 1921      5452494D 
 1921      3100
 1922              	.LASF14:
 1923 0129 696E7431 		.ascii	"int16_t\000"
 1923      365F7400 
 1924              	.LASF111:
 1925 0131 63795F73 		.ascii	"cy_stc_sar_config_t\000"
 1925      74635F73 
ARM GAS  C:\Users\gjl\AppData\Local\Temp\ccPrGmsh.s 			page 38


 1925      61725F63 
 1925      6F6E6669 
 1925      675F7400 
 1926              	.LASF11:
 1927 0145 6C6F6E67 		.ascii	"long long int\000"
 1927      206C6F6E 
 1927      6720696E 
 1927      7400
 1928              	.LASF3:
 1929 0153 7369676E 		.ascii	"signed char\000"
 1929      65642063 
 1929      68617200 
 1930              	.LASF88:
 1931 015f 63795F73 		.ascii	"cy_stc_scb_uart_context_t\000"
 1931      74635F73 
 1931      63625F75 
 1931      6172745F 
 1931      636F6E74 
 1932              	.LASF85:
 1933 0179 74784C65 		.ascii	"txLeftToTransmit\000"
 1933      6674546F 
 1933      5472616E 
 1933      736D6974 
 1933      00
 1934              	.LASF95:
 1935 018a 63795F65 		.ascii	"cy_en_sar_range_detect_condition_t\000"
 1935      6E5F7361 
 1935      725F7261 
 1935      6E67655F 
 1935      64657465 
 1936              	.LASF116:
 1937 01ad 636C6B44 		.ascii	"clkDivider\000"
 1937      69766964 
 1937      657200
 1938              	.LASF65:
 1939 01b8 52455345 		.ascii	"RESERVED10\000"
 1939      52564544 
 1939      313000
 1940              	.LASF106:
 1941 01c3 72616E67 		.ascii	"rangeIntrMask\000"
 1941      65496E74 
 1941      724D6173 
 1941      6B00
 1942              	.LASF128:
 1943 01d1 54686572 		.ascii	"Thermistor_GetResistance\000"
 1943      6D697374 
 1943      6F725F47 
 1943      65745265 
 1943      73697374 
 1944              	.LASF91:
 1945 01ea 43595F53 		.ascii	"CY_SAR_RANGE_COND_BELOW\000"
 1945      41525F52 
 1945      414E4745 
 1945      5F434F4E 
 1945      445F4245 
 1946              	.LASF8:
 1947 0202 6C6F6E67 		.ascii	"long int\000"
ARM GAS  C:\Users\gjl\AppData\Local\Temp\ccPrGmsh.s 			page 39


 1947      20696E74 
 1947      00
 1948              	.LASF123:
 1949 020b 55415254 		.ascii	"UART_1_context\000"
 1949      5F315F63 
 1949      6F6E7465 
 1949      787400
 1950              	.LASF64:
 1951 021a 4D55585F 		.ascii	"MUX_SWITCH_STATUS\000"
 1951      53574954 
 1951      43485F53 
 1951      54415455 
 1951      5300
 1952              	.LASF50:
 1953 022c 494E5452 		.ascii	"INTR_CAUSE\000"
 1953      5F434155 
 1953      534500
 1954              	.LASF54:
 1955 0237 494E4A5F 		.ascii	"INJ_RESULT\000"
 1955      52455355 
 1955      4C5400
 1956              	.LASF132:
 1957 0242 55415254 		.ascii	"UART_1_Start\000"
 1957      5F315F53 
 1957      74617274 
 1957      00
 1958              	.LASF93:
 1959 024f 43595F53 		.ascii	"CY_SAR_RANGE_COND_ABOVE\000"
 1959      41525F52 
 1959      414E4745 
 1959      5F434F4E 
 1959      445F4142 
 1960              	.LASF1:
 1961 0267 646F7562 		.ascii	"double\000"
 1961      6C6500
 1962              	.LASF60:
 1963 026e 4D55585F 		.ascii	"MUX_SWITCH_CLEAR0\000"
 1963      53574954 
 1963      43485F43 
 1963      4C454152 
 1963      3000
 1964              	.LASF121:
 1965 0280 74656D70 		.ascii	"temperature\000"
 1965      65726174 
 1965      75726500 
 1966              	.LASF98:
 1967 028c 73616D70 		.ascii	"sampleTime01\000"
 1967      6C655469 
 1967      6D653031 
 1967      00
 1968              	.LASF71:
 1969 0299 75696E74 		.ascii	"uint32\000"
 1969      333200
 1970              	.LASF120:
 1971 02a0 72657354 		.ascii	"resT\000"
 1971      00
 1972              	.LASF9:
ARM GAS  C:\Users\gjl\AppData\Local\Temp\ccPrGmsh.s 			page 40


 1973 02a5 5F5F7569 		.ascii	"__uint32_t\000"
 1973      6E743332 
 1973      5F7400
 1974              	.LASF114:
 1975 02b0 6877436F 		.ascii	"hwConfigStc\000"
 1975      6E666967 
 1975      53746300 
 1976              	.LASF21:
 1977 02bc 53414D50 		.ascii	"SAMPLE_TIME01\000"
 1977      4C455F54 
 1977      494D4530 
 1977      3100
 1978              	.LASF6:
 1979 02ca 5F5F696E 		.ascii	"__int16_t\000"
 1979      7431365F 
 1979      7400
 1980              	.LASF82:
 1981 02d4 72784275 		.ascii	"rxBufIdx\000"
 1981      66496478 
 1981      00
 1982              	.LASF42:
 1983 02dd 53415455 		.ascii	"SATURATE_INTR\000"
 1983      52415445 
 1983      5F494E54 
 1983      5200
 1984              	.LASF28:
 1985 02eb 4348414E 		.ascii	"CHAN_CONFIG\000"
 1985      5F434F4E 
 1985      46494700 
 1986              	.LASF84:
 1987 02f7 74784275 		.ascii	"txBufSize\000"
 1987      6653697A 
 1987      6500
 1988              	.LASF13:
 1989 0301 756E7369 		.ascii	"unsigned int\000"
 1989      676E6564 
 1989      20696E74 
 1989      00
 1990              	.LASF10:
 1991 030e 6C6F6E67 		.ascii	"long unsigned int\000"
 1991      20756E73 
 1991      69676E65 
 1991      6420696E 
 1991      7400
 1992              	.LASF73:
 1993 0320 63795F63 		.ascii	"cy_cb_scb_uart_handle_events_t\000"
 1993      625F7363 
 1993      625F7561 
 1993      72745F68 
 1993      616E646C 
 1994              	.LASF36:
 1995 033f 4348414E 		.ascii	"CHAN_WORK_NEWVALUE\000"
 1995      5F574F52 
 1995      4B5F4E45 
 1995      5756414C 
 1995      554500
 1996              	.LASF62:
ARM GAS  C:\Users\gjl\AppData\Local\Temp\ccPrGmsh.s 			page 41


 1997 0352 4D55585F 		.ascii	"MUX_SWITCH_DS_CTRL\000"
 1997      53574954 
 1997      43485F44 
 1997      535F4354 
 1997      524C00
 1998              	.LASF40:
 1999 0365 494E5452 		.ascii	"INTR_MASK\000"
 1999      5F4D4153 
 1999      4B00
 2000              	.LASF5:
 2001 036f 73686F72 		.ascii	"short unsigned int\000"
 2001      7420756E 
 2001      7369676E 
 2001      65642069 
 2001      6E7400
 2002              	.LASF125:
 2003 0382 4144435F 		.ascii	"ADC_1_allConfigs\000"
 2003      315F616C 
 2003      6C436F6E 
 2003      66696773 
 2003      00
 2004              	.LASF100:
 2005 0393 72616E67 		.ascii	"rangeThres\000"
 2005      65546872 
 2005      657300
 2006              	.LASF46:
 2007 039e 52414E47 		.ascii	"RANGE_INTR\000"
 2007      455F494E 
 2007      545200
 2008              	.LASF34:
 2009 03a9 4348414E 		.ascii	"CHAN_WORK_UPDATED\000"
 2009      5F574F52 
 2009      4B5F5550 
 2009      44415445 
 2009      4400
 2010              	.LASF86:
 2011 03bb 63624576 		.ascii	"cbEvents\000"
 2011      656E7473 
 2011      00
 2012              	.LASF83:
 2013 03c4 74784275 		.ascii	"txBuf\000"
 2013      6600
 2014              	.LASF113:
 2015 03ca 6E756D43 		.ascii	"numChannels\000"
 2015      68616E6E 
 2015      656C7300 
 2016              	.LASF103:
 2017 03d6 6368616E 		.ascii	"chanConfig\000"
 2017      436F6E66 
 2017      696700
 2018              	.LASF7:
 2019 03e1 5F5F696E 		.ascii	"__int32_t\000"
 2019      7433325F 
 2019      7400
 2020              	.LASF78:
 2021 03eb 72785269 		.ascii	"rxRingBufHead\000"
 2021      6E674275 
ARM GAS  C:\Users\gjl\AppData\Local\Temp\ccPrGmsh.s 			page 42


 2021      66486561 
 2021      6400
 2022              	.LASF119:
 2023 03f9 636F756E 		.ascii	"countReference\000"
 2023      74526566 
 2023      6572656E 
 2023      636500
 2024              	.LASF39:
 2025 0408 494E5452 		.ascii	"INTR_SET\000"
 2025      5F534554 
 2025      00
 2026              	.LASF17:
 2027 0411 73697A65 		.ascii	"sizetype\000"
 2027      74797065 
 2027      00
 2028              	.LASF52:
 2029 041a 494E4A5F 		.ascii	"INJ_CHAN_CONFIG\000"
 2029      4348414E 
 2029      5F434F4E 
 2029      46494700 
 2030              	.LASF115:
 2031 042a 6D697363 		.ascii	"miscConfig\000"
 2031      436F6E66 
 2031      696700
 2032              	.LASF32:
 2033 0435 4348414E 		.ascii	"CHAN_RESULT\000"
 2033      5F524553 
 2033      554C5400 
 2034              	.LASF99:
 2035 0441 73616D70 		.ascii	"sampleTime23\000"
 2035      6C655469 
 2035      6D653233 
 2035      00
 2036              	.LASF109:
 2037 044e 636F6E66 		.ascii	"configRouting\000"
 2037      6967526F 
 2037      7574696E 
 2037      6700
 2038              	.LASF19:
 2039 045c 53414D50 		.ascii	"SAMPLE_CTRL\000"
 2039      4C455F43 
 2039      54524C00 
 2040              	.LASF23:
 2041 0468 52414E47 		.ascii	"RANGE_THRES\000"
 2041      455F5448 
 2041      52455300 
 2042              	.LASF25:
 2043 0474 4348414E 		.ascii	"CHAN_EN\000"
 2043      5F454E00 
 2044              	.LASF22:
 2045 047c 53414D50 		.ascii	"SAMPLE_TIME23\000"
 2045      4C455F54 
 2045      494D4532 
 2045      3300
 2046              	.LASF75:
 2047 048a 72785374 		.ascii	"rxStatus\000"
 2047      61747573 
ARM GAS  C:\Users\gjl\AppData\Local\Temp\ccPrGmsh.s 			page 43


 2047      00
 2048              	.LASF139:
 2049 0493 5F5F656E 		.ascii	"__enable_irq\000"
 2049      61626C65 
 2049      5F697271 
 2049      00
 2050              	.LASF43:
 2051 04a0 53415455 		.ascii	"SATURATE_INTR_SET\000"
 2051      52415445 
 2051      5F494E54 
 2051      525F5345 
 2051      5400
 2052              	.LASF135:
 2053 04b2 474E5520 		.ascii	"GNU C11 5.4.1 20160609 (release) [ARM/embedded-5-br"
 2053      43313120 
 2053      352E342E 
 2053      31203230 
 2053      31363036 
 2054 04e5 616E6368 		.ascii	"anch revision 237715] -mcpu=cortex-m4 -mfloat-abi=s"
 2054      20726576 
 2054      6973696F 
 2054      6E203233 
 2054      37373135 
 2055 0518 6F667466 		.ascii	"oftfp -mfpu=fpv4-sp-d16 -mthumb -g -Og -ffunction-s"
 2055      70202D6D 
 2055      6670753D 
 2055      66707634 
 2055      2D73702D 
 2056 054b 65637469 		.ascii	"ections -ffat-lto-objects\000"
 2056      6F6E7320 
 2056      2D666661 
 2056      742D6C74 
 2056      6F2D6F62 
 2057              	.LASF41:
 2058 0565 494E5452 		.ascii	"INTR_MASKED\000"
 2058      5F4D4153 
 2058      4B454400 
 2059              	.LASF0:
 2060 0571 666C6F61 		.ascii	"float\000"
 2060      7400
 2061              	.LASF27:
 2062 0577 52455345 		.ascii	"RESERVED1\000"
 2062      52564544 
 2062      3100
 2063              	.LASF29:
 2064 0581 52455345 		.ascii	"RESERVED2\000"
 2064      52564544 
 2064      3200
 2065              	.LASF31:
 2066 058b 52455345 		.ascii	"RESERVED3\000"
 2066      52564544 
 2066      3300
 2067              	.LASF33:
 2068 0595 52455345 		.ascii	"RESERVED4\000"
 2068      52564544 
 2068      3400
 2069              	.LASF51:
ARM GAS  C:\Users\gjl\AppData\Local\Temp\ccPrGmsh.s 			page 44


 2070 059f 52455345 		.ascii	"RESERVED5\000"
 2070      52564544 
 2070      3500
 2071              	.LASF53:
 2072 05a9 52455345 		.ascii	"RESERVED6\000"
 2072      52564544 
 2072      3600
 2073              	.LASF55:
 2074 05b3 52455345 		.ascii	"RESERVED7\000"
 2074      52564544 
 2074      3700
 2075              	.LASF58:
 2076 05bd 52455345 		.ascii	"RESERVED8\000"
 2076      52564544 
 2076      3800
 2077              	.LASF61:
 2078 05c7 52455345 		.ascii	"RESERVED9\000"
 2078      52564544 
 2078      3900
 2079              	.LASF102:
 2080 05d1 6368616E 		.ascii	"chanEn\000"
 2080      456E00
 2081              	.LASF92:
 2082 05d8 43595F53 		.ascii	"CY_SAR_RANGE_COND_INSIDE\000"
 2082      41525F52 
 2082      414E4745 
 2082      5F434F4E 
 2082      445F494E 
 2083              	.LASF72:
 2084 05f1 5F426F6F 		.ascii	"_Bool\000"
 2084      6C00
 2085              	.LASF15:
 2086 05f7 696E7433 		.ascii	"int32_t\000"
 2086      325F7400 
 2087              	.LASF133:
 2088 05ff 4144435F 		.ascii	"ADC_1_Start\000"
 2088      315F5374 
 2088      61727400 
 2089              	.LASF2:
 2090 060b 73686F72 		.ascii	"short int\000"
 2090      7420696E 
 2090      7400
 2091              	.LASF107:
 2092 0615 6D757853 		.ascii	"muxSwitch\000"
 2092      77697463 
 2092      6800
 2093              	.LASF104:
 2094 061f 696E7472 		.ascii	"intrMask\000"
 2094      4D61736B 
 2094      00
 2095              	.LASF20:
 2096 0628 52455345 		.ascii	"RESERVED\000"
 2096      52564544 
 2096      00
 2097              	.LASF37:
 2098 0631 4348414E 		.ascii	"CHAN_RESULT_NEWVALUE\000"
 2098      5F524553 
ARM GAS  C:\Users\gjl\AppData\Local\Temp\ccPrGmsh.s 			page 45


 2098      554C545F 
 2098      4E455756 
 2098      414C5545 
 2099              	.LASF126:
 2100 0646 43795F53 		.ascii	"Cy_SAR_GetResult16\000"
 2100      41525F47 
 2100      65745265 
 2100      73756C74 
 2100      313600
 2101              	.LASF68:
 2102 0659 5341525F 		.ascii	"SAR_Type\000"
 2102      54797065 
 2102      00
 2103              	.LASF16:
 2104 0662 75696E74 		.ascii	"uint32_t\000"
 2104      33325F74 
 2104      00
 2105              	.LASF131:
 2106 066b 43795F53 		.ascii	"Cy_SysLib_Delay\000"
 2106      79734C69 
 2106      625F4465 
 2106      6C617900 
 2107              	.LASF110:
 2108 067b 76726566 		.ascii	"vrefMvValue\000"
 2108      4D765661 
 2108      6C756500 
 2109              	.LASF69:
 2110 0687 6C6F6E67 		.ascii	"long double\000"
 2110      20646F75 
 2110      626C6500 
 2111              	.LASF70:
 2112 0693 63686172 		.ascii	"char\000"
 2112      00
 2113              	.LASF48:
 2114 0698 52414E47 		.ascii	"RANGE_INTR_MASK\000"
 2114      455F494E 
 2114      54525F4D 
 2114      41534B00 
 2115              	.LASF45:
 2116 06a8 53415455 		.ascii	"SATURATE_INTR_MASKED\000"
 2116      52415445 
 2116      5F494E54 
 2116      525F4D41 
 2116      534B4544 
 2117              	.LASF134:
 2118 06bd 43795F53 		.ascii	"Cy_SAR_StartConvert\000"
 2118      41525F53 
 2118      74617274 
 2118      436F6E76 
 2118      65727400 
 2119              	.LASF38:
 2120 06d1 494E5452 		.ascii	"INTR\000"
 2120      00
 2121              	.LASF96:
 2122 06d6 6374726C 		.ascii	"ctrl\000"
 2122      00
 2123              	.LASF77:
ARM GAS  C:\Users\gjl\AppData\Local\Temp\ccPrGmsh.s 			page 46


 2124 06db 72785269 		.ascii	"rxRingBufSize\000"
 2124      6E674275 
 2124      6653697A 
 2124      6500
 2125              	.LASF118:
 2126 06e9 636F756E 		.ascii	"countThermistor\000"
 2126      74546865 
 2126      726D6973 
 2126      746F7200 
 2127              	.LASF4:
 2128 06f9 756E7369 		.ascii	"unsigned char\000"
 2128      676E6564 
 2128      20636861 
 2128      7200
 2129              	.LASF30:
 2130 0707 4348414E 		.ascii	"CHAN_WORK\000"
 2130      5F574F52 
 2130      4B00
 2131              	.LASF63:
 2132 0711 4D55585F 		.ascii	"MUX_SWITCH_SQ_CTRL\000"
 2132      53574954 
 2132      43485F53 
 2132      515F4354 
 2132      524C00
 2133              	.LASF18:
 2134 0724 4354524C 		.ascii	"CTRL\000"
 2134      00
 2135              	.LASF90:
 2136 0729 43595F53 		.ascii	"CY_SAR_START_CONVERT_CONTINUOUS\000"
 2136      41525F53 
 2136      54415254 
 2136      5F434F4E 
 2136      56455254 
 2137              	.LASF87:
 2138 0749 696E6974 		.ascii	"initKey\000"
 2138      4B657900 
 2139              	.LASF80:
 2140 0751 72784275 		.ascii	"rxBuf\000"
 2140      6600
 2141              	.LASF56:
 2142 0757 53544154 		.ascii	"STATUS\000"
 2142      555300
 2143              	.LASF101:
 2144 075e 72616E67 		.ascii	"rangeCond\000"
 2144      65436F6E 
 2144      6400
 2145              	.LASF26:
 2146 0768 53544152 		.ascii	"START_CTRL\000"
 2146      545F4354 
 2146      524C00
 2147              	.LASF97:
 2148 0773 73616D70 		.ascii	"sampleCtrl\000"
 2148      6C654374 
 2148      726C00
 2149              	.LASF35:
 2150 077e 4348414E 		.ascii	"CHAN_RESULT_UPDATED\000"
 2150      5F524553 
ARM GAS  C:\Users\gjl\AppData\Local\Temp\ccPrGmsh.s 			page 47


 2150      554C545F 
 2150      55504441 
 2150      54454400 
 2151              	.LASF117:
 2152 0792 4144435F 		.ascii	"ADC_1_CONFIG_STRUCT\000"
 2152      315F434F 
 2152      4E464947 
 2152      5F535452 
 2152      55435400 
 2153              	.LASF127:
 2154 07a6 43795F53 		.ascii	"Cy_SAR_CountsTo_Volts\000"
 2154      41525F43 
 2154      6F756E74 
 2154      73546F5F 
 2154      566F6C74 
 2155              	.LASF94:
 2156 07bc 43595F53 		.ascii	"CY_SAR_RANGE_COND_OUTSIDE\000"
 2156      41525F52 
 2156      414E4745 
 2156      5F434F4E 
 2156      445F4F55 
 2157              	.LASF79:
 2158 07d6 72785269 		.ascii	"rxRingBufTail\000"
 2158      6E674275 
 2158      66546169 
 2158      6C00
 2159              	.LASF112:
 2160 07e4 6368616E 		.ascii	"channelBase\000"
 2160      6E656C42 
 2160      61736500 
 2161              	.LASF47:
 2162 07f0 52414E47 		.ascii	"RANGE_INTR_SET\000"
 2162      455F494E 
 2162      54525F53 
 2162      455400
 2163              	.LASF74:
 2164 07ff 74785374 		.ascii	"txStatus\000"
 2164      61747573 
 2164      00
 2165              	.LASF108:
 2166 0808 6D757853 		.ascii	"muxSwitchSqCtrl\000"
 2166      77697463 
 2166      68537143 
 2166      74726C00 
 2167              	.LASF49:
 2168 0818 52414E47 		.ascii	"RANGE_INTR_MASKED\000"
 2168      455F494E 
 2168      54525F4D 
 2168      41534B45 
 2168      4400
 2169              	.LASF140:
 2170 082a 6D61696E 		.ascii	"main\000"
 2170      00
 2171              	.LASF138:
 2172 082f 63795F73 		.ascii	"cy_stc_scb_uart_context\000"
 2172      74635F73 
 2172      63625F75 
ARM GAS  C:\Users\gjl\AppData\Local\Temp\ccPrGmsh.s 			page 48


 2172      6172745F 
 2172      636F6E74 
 2173              	.LASF136:
 2174 0847 6D61696E 		.ascii	"main_cm4.c\000"
 2174      5F636D34 
 2174      2E6300
 2175              		.ident	"GCC: (GNU Tools for ARM Embedded Processors) 5.4.1 20160609 (release) [ARM/embedded-5-bran
