ARM GAS  C:\Users\gjl\AppData\Local\Temp\ccf6Hl6b.s 			page 1


   1              		.syntax unified
   2              		.cpu cortex-m4
   3              		.eabi_attribute 27, 1
   4              		.fpu fpv4-sp-d16
   5              		.eabi_attribute 20, 1
   6              		.eabi_attribute 21, 1
   7              		.eabi_attribute 23, 3
   8              		.eabi_attribute 24, 1
   9              		.eabi_attribute 25, 1
  10              		.eabi_attribute 26, 1
  11              		.eabi_attribute 30, 1
  12              		.eabi_attribute 34, 1
  13              		.eabi_attribute 18, 4
  14              		.thumb
  15              		.syntax unified
  16              		.file	"cyfitter_sysint_cfg.c"
  17              		.text
  18              	.Ltext0:
  19              		.cfi_sections	.debug_frame
  20              		.global	CapSense_ISR_cfg
  21              		.global	UART_SCB_IRQ_cfg
  22              		.global	EZI2C_SCB_IRQ_cfg
  23              		.section	.rodata
  24              		.align	2
  25              		.type	CapSense_ISR_cfg, %object
  26              		.size	CapSense_ISR_cfg, 8
  27              	CapSense_ISR_cfg:
  28 0000 3100     		.short	49
  29 0002 0000     		.space	2
  30 0004 07000000 		.word	7
  31              		.type	UART_SCB_IRQ_cfg, %object
  32              		.size	UART_SCB_IRQ_cfg, 8
  33              	UART_SCB_IRQ_cfg:
  34 0008 2E00     		.short	46
  35 000a 0000     		.space	2
  36 000c 07000000 		.word	7
  37              		.type	EZI2C_SCB_IRQ_cfg, %object
  38              		.size	EZI2C_SCB_IRQ_cfg, 8
  39              	EZI2C_SCB_IRQ_cfg:
  40 0010 2C00     		.short	44
  41 0012 0000     		.space	2
  42 0014 07000000 		.word	7
  43              		.text
  44              	.Letext0:
  45              		.file 1 "Generated_Source\\PSoC6\\pdl\\devices/psoc6/psoc63/include/cy8c6347bzi_bld53.h"
  46              		.file 2 "c:\\program files (x86)\\cypress\\psoc creator\\4.2\\psoc creator\\import\\gnu\\arm\\5.4.
  47              		.file 3 "c:\\program files (x86)\\cypress\\psoc creator\\4.2\\psoc creator\\import\\gnu\\arm\\5.4.
  48              		.file 4 "Generated_Source\\PSoC6\\pdl\\drivers/peripheral/sysint/cy_sysint.h"
  49              		.file 5 "Generated_Source\\PSoC6\\pdl\\cmsis/include/core_cm4.h"
  50              		.file 6 "Generated_Source\\PSoC6\\cyfitter_sysint_cfg.c"
  51              		.section	.debug_info,"",%progbits
  52              	.Ldebug_info0:
  53 0000 F0040000 		.4byte	0x4f0
  54 0004 0400     		.2byte	0x4
  55 0006 00000000 		.4byte	.Ldebug_abbrev0
  56 000a 04       		.byte	0x4
  57 000b 01       		.uleb128 0x1
ARM GAS  C:\Users\gjl\AppData\Local\Temp\ccf6Hl6b.s 			page 2


  58 000c 72090000 		.4byte	.LASF184
  59 0010 0C       		.byte	0xc
  60 0011 9A0D0000 		.4byte	.LASF185
  61 0015 9D0E0000 		.4byte	.LASF186
  62 0019 00000000 		.4byte	.Ldebug_line0
  63 001d 02       		.uleb128 0x2
  64 001e 02       		.byte	0x2
  65 001f DE030000 		.4byte	0x3de
  66 0023 01       		.byte	0x1
  67 0024 24       		.byte	0x24
  68 0025 DE030000 		.4byte	0x3de
  69 0029 03       		.uleb128 0x3
  70 002a 3A020000 		.4byte	.LASF0
  71 002e 71       		.sleb128 -15
  72 002f 03       		.uleb128 0x3
  73 0030 4F0E0000 		.4byte	.LASF1
  74 0034 72       		.sleb128 -14
  75 0035 03       		.uleb128 0x3
  76 0036 080F0000 		.4byte	.LASF2
  77 003a 73       		.sleb128 -13
  78 003b 03       		.uleb128 0x3
  79 003c 970A0000 		.4byte	.LASF3
  80 0040 74       		.sleb128 -12
  81 0041 03       		.uleb128 0x3
  82 0042 E0040000 		.4byte	.LASF4
  83 0046 75       		.sleb128 -11
  84 0047 03       		.uleb128 0x3
  85 0048 090D0000 		.4byte	.LASF5
  86 004c 76       		.sleb128 -10
  87 004d 03       		.uleb128 0x3
  88 004e 85060000 		.4byte	.LASF6
  89 0052 7B       		.sleb128 -5
  90 0053 03       		.uleb128 0x3
  91 0054 330F0000 		.4byte	.LASF7
  92 0058 7C       		.sleb128 -4
  93 0059 03       		.uleb128 0x3
  94 005a 180E0000 		.4byte	.LASF8
  95 005e 7E       		.sleb128 -2
  96 005f 03       		.uleb128 0x3
  97 0060 8E070000 		.4byte	.LASF9
  98 0064 7F       		.sleb128 -1
  99 0065 04       		.uleb128 0x4
 100 0066 B3010000 		.4byte	.LASF10
 101 006a 00       		.byte	0
 102 006b 04       		.uleb128 0x4
 103 006c EC0E0000 		.4byte	.LASF11
 104 0070 01       		.byte	0x1
 105 0071 04       		.uleb128 0x4
 106 0072 1B000000 		.4byte	.LASF12
 107 0076 02       		.byte	0x2
 108 0077 04       		.uleb128 0x4
 109 0078 E40D0000 		.4byte	.LASF13
 110 007c 03       		.byte	0x3
 111 007d 04       		.uleb128 0x4
 112 007e 2F100000 		.4byte	.LASF14
 113 0082 04       		.byte	0x4
 114 0083 04       		.uleb128 0x4
ARM GAS  C:\Users\gjl\AppData\Local\Temp\ccf6Hl6b.s 			page 3


 115 0084 65050000 		.4byte	.LASF15
 116 0088 05       		.byte	0x5
 117 0089 04       		.uleb128 0x4
 118 008a 2B070000 		.4byte	.LASF16
 119 008e 06       		.byte	0x6
 120 008f 04       		.uleb128 0x4
 121 0090 39090000 		.4byte	.LASF17
 122 0094 07       		.byte	0x7
 123 0095 04       		.uleb128 0x4
 124 0096 CF110000 		.4byte	.LASF18
 125 009a 08       		.byte	0x8
 126 009b 04       		.uleb128 0x4
 127 009c EF010000 		.4byte	.LASF19
 128 00a0 09       		.byte	0x9
 129 00a1 04       		.uleb128 0x4
 130 00a2 CE0B0000 		.4byte	.LASF20
 131 00a6 0A       		.byte	0xa
 132 00a7 04       		.uleb128 0x4
 133 00a8 7A0A0000 		.4byte	.LASF21
 134 00ac 0B       		.byte	0xb
 135 00ad 04       		.uleb128 0x4
 136 00ae 5C100000 		.4byte	.LASF22
 137 00b2 0C       		.byte	0xc
 138 00b3 04       		.uleb128 0x4
 139 00b4 B3050000 		.4byte	.LASF23
 140 00b8 0D       		.byte	0xd
 141 00b9 04       		.uleb128 0x4
 142 00ba 71070000 		.4byte	.LASF24
 143 00be 0E       		.byte	0xe
 144 00bf 04       		.uleb128 0x4
 145 00c0 02040000 		.4byte	.LASF25
 146 00c4 0F       		.byte	0xf
 147 00c5 04       		.uleb128 0x4
 148 00c6 C9100000 		.4byte	.LASF26
 149 00ca 10       		.byte	0x10
 150 00cb 04       		.uleb128 0x4
 151 00cc FF020000 		.4byte	.LASF27
 152 00d0 11       		.byte	0x11
 153 00d1 04       		.uleb128 0x4
 154 00d2 7A000000 		.4byte	.LASF28
 155 00d6 12       		.byte	0x12
 156 00d7 04       		.uleb128 0x4
 157 00d8 1B040000 		.4byte	.LASF29
 158 00dc 13       		.byte	0x13
 159 00dd 04       		.uleb128 0x4
 160 00de 1A060000 		.4byte	.LASF30
 161 00e2 14       		.byte	0x14
 162 00e3 04       		.uleb128 0x4
 163 00e4 18110000 		.4byte	.LASF31
 164 00e8 15       		.byte	0x15
 165 00e9 04       		.uleb128 0x4
 166 00ea 66000000 		.4byte	.LASF32
 167 00ee 16       		.byte	0x16
 168 00ef 04       		.uleb128 0x4
 169 00f0 1A050000 		.4byte	.LASF33
 170 00f4 17       		.byte	0x17
 171 00f5 04       		.uleb128 0x4
ARM GAS  C:\Users\gjl\AppData\Local\Temp\ccf6Hl6b.s 			page 4


 172 00f6 C2000000 		.4byte	.LASF34
 173 00fa 18       		.byte	0x18
 174 00fb 04       		.uleb128 0x4
 175 00fc 580F0000 		.4byte	.LASF35
 176 0100 19       		.byte	0x19
 177 0101 04       		.uleb128 0x4
 178 0102 BE060000 		.4byte	.LASF36
 179 0106 1A       		.byte	0x1a
 180 0107 04       		.uleb128 0x4
 181 0108 A9080000 		.4byte	.LASF37
 182 010c 1B       		.byte	0x1b
 183 010d 04       		.uleb128 0x4
 184 010e 980B0000 		.4byte	.LASF38
 185 0112 1C       		.byte	0x1c
 186 0113 04       		.uleb128 0x4
 187 0114 1C010000 		.4byte	.LASF39
 188 0118 1D       		.byte	0x1d
 189 0119 04       		.uleb128 0x4
 190 011a 52030000 		.4byte	.LASF40
 191 011e 1E       		.byte	0x1e
 192 011f 04       		.uleb128 0x4
 193 0120 81050000 		.4byte	.LASF41
 194 0124 1F       		.byte	0x1f
 195 0125 04       		.uleb128 0x4
 196 0126 190D0000 		.4byte	.LASF42
 197 012a 20       		.byte	0x20
 198 012b 04       		.uleb128 0x4
 199 012c A90F0000 		.4byte	.LASF43
 200 0130 21       		.byte	0x21
 201 0131 04       		.uleb128 0x4
 202 0132 EB110000 		.4byte	.LASF44
 203 0136 22       		.byte	0x22
 204 0137 04       		.uleb128 0x4
 205 0138 33110000 		.4byte	.LASF45
 206 013c 23       		.byte	0x23
 207 013d 04       		.uleb128 0x4
 208 013e 38010000 		.4byte	.LASF46
 209 0142 24       		.byte	0x24
 210 0143 04       		.uleb128 0x4
 211 0144 8A030000 		.4byte	.LASF47
 212 0148 25       		.byte	0x25
 213 0149 04       		.uleb128 0x4
 214 014a 1D120000 		.4byte	.LASF48
 215 014e 26       		.byte	0x26
 216 014f 04       		.uleb128 0x4
 217 0150 510D0000 		.4byte	.LASF49
 218 0154 27       		.byte	0x27
 219 0155 04       		.uleb128 0x4
 220 0156 E10F0000 		.4byte	.LASF50
 221 015a 28       		.byte	0x28
 222 015b 04       		.uleb128 0x4
 223 015c ED000000 		.4byte	.LASF51
 224 0160 29       		.byte	0x29
 225 0161 04       		.uleb128 0x4
 226 0162 EE040000 		.4byte	.LASF52
 227 0166 2A       		.byte	0x2a
 228 0167 04       		.uleb128 0x4
ARM GAS  C:\Users\gjl\AppData\Local\Temp\ccf6Hl6b.s 			page 5


 229 0168 33050000 		.4byte	.LASF53
 230 016c 2B       		.byte	0x2b
 231 016d 04       		.uleb128 0x4
 232 016e 240E0000 		.4byte	.LASF54
 233 0172 2C       		.byte	0x2c
 234 0173 04       		.uleb128 0x4
 235 0174 24090000 		.4byte	.LASF55
 236 0178 2D       		.byte	0x2d
 237 0179 04       		.uleb128 0x4
 238 017a 37000000 		.4byte	.LASF56
 239 017e 2E       		.byte	0x2e
 240 017f 04       		.uleb128 0x4
 241 0180 880E0000 		.4byte	.LASF57
 242 0184 2F       		.byte	0x2f
 243 0185 04       		.uleb128 0x4
 244 0186 A6040000 		.4byte	.LASF58
 245 018a 30       		.byte	0x30
 246 018b 04       		.uleb128 0x4
 247 018c 450F0000 		.4byte	.LASF59
 248 0190 31       		.byte	0x31
 249 0191 04       		.uleb128 0x4
 250 0192 AD100000 		.4byte	.LASF60
 251 0196 32       		.byte	0x32
 252 0197 04       		.uleb128 0x4
 253 0198 8F000000 		.4byte	.LASF61
 254 019c 33       		.byte	0x33
 255 019d 04       		.uleb128 0x4
 256 019e CC020000 		.4byte	.LASF62
 257 01a2 34       		.byte	0x34
 258 01a3 04       		.uleb128 0x4
 259 01a4 5E0A0000 		.4byte	.LASF63
 260 01a8 35       		.byte	0x35
 261 01a9 04       		.uleb128 0x4
 262 01aa E6030000 		.4byte	.LASF64
 263 01ae 36       		.byte	0x36
 264 01af 04       		.uleb128 0x4
 265 01b0 170F0000 		.4byte	.LASF65
 266 01b4 37       		.byte	0x37
 267 01b5 04       		.uleb128 0x4
 268 01b6 59040000 		.4byte	.LASF66
 269 01ba 38       		.byte	0x38
 270 01bb 04       		.uleb128 0x4
 271 01bc 6C110000 		.4byte	.LASF67
 272 01c0 39       		.byte	0x39
 273 01c1 04       		.uleb128 0x4
 274 01c2 46080000 		.4byte	.LASF68
 275 01c6 3A       		.byte	0x3a
 276 01c7 04       		.uleb128 0x4
 277 01c8 2F0B0000 		.4byte	.LASF69
 278 01cc 3B       		.byte	0x3b
 279 01cd 04       		.uleb128 0x4
 280 01ce 72080000 		.4byte	.LASF70
 281 01d2 3C       		.byte	0x3c
 282 01d3 04       		.uleb128 0x4
 283 01d4 610B0000 		.4byte	.LASF71
 284 01d8 3D       		.byte	0x3d
 285 01d9 04       		.uleb128 0x4
ARM GAS  C:\Users\gjl\AppData\Local\Temp\ccf6Hl6b.s 			page 6


 286 01da C70D0000 		.4byte	.LASF72
 287 01de 3E       		.byte	0x3e
 288 01df 04       		.uleb128 0x4
 289 01e0 55090000 		.4byte	.LASF73
 290 01e4 3F       		.byte	0x3f
 291 01e5 04       		.uleb128 0x4
 292 01e6 48050000 		.4byte	.LASF74
 293 01ea 40       		.byte	0x40
 294 01eb 04       		.uleb128 0x4
 295 01ec 0E070000 		.4byte	.LASF75
 296 01f0 41       		.byte	0x41
 297 01f1 04       		.uleb128 0x4
 298 01f2 FC0A0000 		.4byte	.LASF76
 299 01f6 42       		.byte	0x42
 300 01f7 04       		.uleb128 0x4
 301 01f8 350D0000 		.4byte	.LASF77
 302 01fc 43       		.byte	0x43
 303 01fd 04       		.uleb128 0x4
 304 01fe C50F0000 		.4byte	.LASF78
 305 0202 44       		.byte	0x44
 306 0203 04       		.uleb128 0x4
 307 0204 570C0000 		.4byte	.LASF79
 308 0208 45       		.byte	0x45
 309 0209 04       		.uleb128 0x4
 310 020a DA060000 		.4byte	.LASF80
 311 020e 46       		.byte	0x46
 312 020f 04       		.uleb128 0x4
 313 0210 C5080000 		.4byte	.LASF81
 314 0214 47       		.byte	0x47
 315 0215 04       		.uleb128 0x4
 316 0216 50110000 		.4byte	.LASF82
 317 021a 48       		.byte	0x48
 318 021b 04       		.uleb128 0x4
 319 021c 6E030000 		.4byte	.LASF83
 320 0220 49       		.byte	0x49
 321 0221 04       		.uleb128 0x4
 322 0222 A7030000 		.4byte	.LASF84
 323 0226 4A       		.byte	0x4a
 324 0227 04       		.uleb128 0x4
 325 0228 B0020000 		.4byte	.LASF85
 326 022c 4B       		.byte	0x4b
 327 022d 04       		.uleb128 0x4
 328 022e FB100000 		.4byte	.LASF86
 329 0232 4C       		.byte	0x4c
 330 0233 04       		.uleb128 0x4
 331 0234 8D0C0000 		.4byte	.LASF87
 332 0238 4D       		.byte	0x4d
 333 0239 04       		.uleb128 0x4
 334 023a 90100000 		.4byte	.LASF88
 335 023e 4E       		.byte	0x4e
 336 023f 04       		.uleb128 0x4
 337 0240 EB050000 		.4byte	.LASF89
 338 0244 4F       		.byte	0x4f
 339 0245 04       		.uleb128 0x4
 340 0246 9B070000 		.4byte	.LASF90
 341 024a 50       		.byte	0x50
 342 024b 04       		.uleb128 0x4
ARM GAS  C:\Users\gjl\AppData\Local\Temp\ccf6Hl6b.s 			page 7


 343 024c 250A0000 		.4byte	.LASF91
 344 0250 51       		.byte	0x51
 345 0251 04       		.uleb128 0x4
 346 0252 67060000 		.4byte	.LASF92
 347 0256 52       		.byte	0x52
 348 0257 04       		.uleb128 0x4
 349 0258 08080000 		.4byte	.LASF93
 350 025c 53       		.byte	0x53
 351 025d 04       		.uleb128 0x4
 352 025e 60020000 		.4byte	.LASF94
 353 0262 54       		.byte	0x54
 354 0263 04       		.uleb128 0x4
 355 0264 F6060000 		.4byte	.LASF95
 356 0268 55       		.byte	0x55
 357 0269 04       		.uleb128 0x4
 358 026a AF110000 		.4byte	.LASF96
 359 026e 56       		.byte	0x56
 360 026f 04       		.uleb128 0x4
 361 0270 CF010000 		.4byte	.LASF97
 362 0274 57       		.byte	0x57
 363 0275 04       		.uleb128 0x4
 364 0276 1C0C0000 		.4byte	.LASF98
 365 027a 58       		.byte	0x58
 366 027b 04       		.uleb128 0x4
 367 027c 75040000 		.4byte	.LASF99
 368 0280 59       		.byte	0x59
 369 0281 04       		.uleb128 0x4
 370 0282 E1100000 		.4byte	.LASF100
 371 0286 5A       		.byte	0x5a
 372 0287 04       		.uleb128 0x4
 373 0288 36060000 		.4byte	.LASF101
 374 028c 5B       		.byte	0x5b
 375 028d 04       		.uleb128 0x4
 376 028e D3070000 		.4byte	.LASF102
 377 0292 5C       		.byte	0x5c
 378 0293 04       		.uleb128 0x4
 379 0294 AD0A0000 		.4byte	.LASF103
 380 0298 5D       		.byte	0x5d
 381 0299 04       		.uleb128 0x4
 382 029a 4C000000 		.4byte	.LASF104
 383 029e 5E       		.byte	0x5e
 384 029f 04       		.uleb128 0x4
 385 02a0 96020000 		.4byte	.LASF105
 386 02a4 5F       		.byte	0x5f
 387 02a5 04       		.uleb128 0x4
 388 02a6 BB040000 		.4byte	.LASF106
 389 02aa 60       		.byte	0x60
 390 02ab 04       		.uleb128 0x4
 391 02ac 730C0000 		.4byte	.LASF107
 392 02b0 61       		.byte	0x61
 393 02b1 04       		.uleb128 0x4
 394 02b2 15030000 		.4byte	.LASF108
 395 02b6 62       		.byte	0x62
 396 02b7 04       		.uleb128 0x4
 397 02b8 E20A0000 		.4byte	.LASF109
 398 02bc 63       		.byte	0x63
 399 02bd 04       		.uleb128 0x4
ARM GAS  C:\Users\gjl\AppData\Local\Temp\ccf6Hl6b.s 			page 8


 400 02be EF0C0000 		.4byte	.LASF110
 401 02c2 64       		.byte	0x64
 402 02c3 04       		.uleb128 0x4
 403 02c4 8F0F0000 		.4byte	.LASF111
 404 02c8 65       		.byte	0x65
 405 02c9 04       		.uleb128 0x4
 406 02ca 95110000 		.4byte	.LASF112
 407 02ce 66       		.byte	0x66
 408 02cf 04       		.uleb128 0x4
 409 02d0 A4060000 		.4byte	.LASF113
 410 02d4 67       		.byte	0x67
 411 02d5 04       		.uleb128 0x4
 412 02d6 8F080000 		.4byte	.LASF114
 413 02da 68       		.byte	0x68
 414 02db 04       		.uleb128 0x4
 415 02dc 7E0B0000 		.4byte	.LASF115
 416 02e0 69       		.byte	0x69
 417 02e1 04       		.uleb128 0x4
 418 02e2 02010000 		.4byte	.LASF116
 419 02e6 6A       		.byte	0x6a
 420 02e7 04       		.uleb128 0x4
 421 02e8 38030000 		.4byte	.LASF117
 422 02ec 6B       		.byte	0x6b
 423 02ed 04       		.uleb128 0x4
 424 02ee 98010000 		.4byte	.LASF118
 425 02f2 6C       		.byte	0x6c
 426 02f3 04       		.uleb128 0x4
 427 02f4 CB030000 		.4byte	.LASF119
 428 02f8 6D       		.byte	0x6d
 429 02f9 04       		.uleb128 0x4
 430 02fa D0050000 		.4byte	.LASF120
 431 02fe 6E       		.byte	0x6e
 432 02ff 04       		.uleb128 0x4
 433 0300 ED070000 		.4byte	.LASF121
 434 0304 6F       		.byte	0x6f
 435 0305 04       		.uleb128 0x4
 436 0306 14100000 		.4byte	.LASF122
 437 030a 70       		.byte	0x70
 438 030b 04       		.uleb128 0x4
 439 030c 00000000 		.4byte	.LASF123
 440 0310 71       		.byte	0x71
 441 0311 04       		.uleb128 0x4
 442 0312 45020000 		.4byte	.LASF124
 443 0316 72       		.byte	0x72
 444 0317 04       		.uleb128 0x4
 445 0318 09090000 		.4byte	.LASF125
 446 031c 73       		.byte	0x73
 447 031d 04       		.uleb128 0x4
 448 031e 3C0C0000 		.4byte	.LASF126
 449 0322 74       		.byte	0x74
 450 0323 04       		.uleb128 0x4
 451 0324 6D0E0000 		.4byte	.LASF127
 452 0328 75       		.byte	0x75
 453 0329 04       		.uleb128 0x4
 454 032a C70A0000 		.4byte	.LASF128
 455 032e 76       		.byte	0x76
 456 032f 04       		.uleb128 0x4
ARM GAS  C:\Users\gjl\AppData\Local\Temp\ccf6Hl6b.s 			page 9


 457 0330 CB0C0000 		.4byte	.LASF129
 458 0334 77       		.byte	0x77
 459 0335 04       		.uleb128 0x4
 460 0336 740F0000 		.4byte	.LASF130
 461 033a 78       		.byte	0x78
 462 033b 04       		.uleb128 0x4
 463 033c B8070000 		.4byte	.LASF131
 464 0340 79       		.byte	0x79
 465 0341 04       		.uleb128 0x4
 466 0342 55010000 		.4byte	.LASF132
 467 0346 7A       		.byte	0x7a
 468 0347 04       		.uleb128 0x4
 469 0348 D7000000 		.4byte	.LASF133
 470 034c 7B       		.byte	0x7b
 471 034d 04       		.uleb128 0x4
 472 034e 9D050000 		.4byte	.LASF134
 473 0352 7C       		.byte	0x7c
 474 0353 04       		.uleb128 0x4
 475 0354 5B070000 		.4byte	.LASF135
 476 0358 7D       		.byte	0x7d
 477 0359 04       		.uleb128 0x4
 478 035a FE0F0000 		.4byte	.LASF136
 479 035e 7E       		.byte	0x7e
 480 035f 04       		.uleb128 0x4
 481 0360 07120000 		.4byte	.LASF137
 482 0364 7F       		.byte	0x7f
 483 0365 04       		.uleb128 0x4
 484 0366 24020000 		.4byte	.LASF138
 485 036a 80       		.byte	0x80
 486 036b 04       		.uleb128 0x4
 487 036c E1080000 		.4byte	.LASF139
 488 0370 81       		.byte	0x81
 489 0371 04       		.uleb128 0x4
 490 0372 EB0B0000 		.4byte	.LASF140
 491 0376 82       		.byte	0x82
 492 0377 04       		.uleb128 0x4
 493 0378 390E0000 		.4byte	.LASF141
 494 037c 83       		.byte	0x83
 495 037d 04       		.uleb128 0x4
 496 037e 2F080000 		.4byte	.LASF142
 497 0382 84       		.byte	0x84
 498 0383 04       		.uleb128 0x4
 499 0384 180B0000 		.4byte	.LASF143
 500 0388 85       		.byte	0x85
 501 0389 04       		.uleb128 0x4
 502 038a AB000000 		.4byte	.LASF144
 503 038e 86       		.byte	0x86
 504 038f 04       		.uleb128 0x4
 505 0390 E8020000 		.4byte	.LASF145
 506 0394 87       		.byte	0x87
 507 0395 04       		.uleb128 0x4
 508 0396 03050000 		.4byte	.LASF146
 509 039a 88       		.byte	0x88
 510 039b 04       		.uleb128 0x4
 511 039c AA0C0000 		.4byte	.LASF147
 512 03a0 89       		.byte	0x89
 513 03a1 04       		.uleb128 0x4
ARM GAS  C:\Users\gjl\AppData\Local\Temp\ccf6Hl6b.s 			page 10


 514 03a2 000E0000 		.4byte	.LASF148
 515 03a6 8A       		.byte	0x8a
 516 03a7 04       		.uleb128 0x4
 517 03a8 3E040000 		.4byte	.LASF149
 518 03ac 8B       		.byte	0x8b
 519 03ad 04       		.uleb128 0x4
 520 03ae 6E0D0000 		.4byte	.LASF150
 521 03b2 8C       		.byte	0x8c
 522 03b3 04       		.uleb128 0x4
 523 03b4 79100000 		.4byte	.LASF151
 524 03b8 8D       		.byte	0x8d
 525 03b9 04       		.uleb128 0x4
 526 03ba 47070000 		.4byte	.LASF152
 527 03be 8E       		.byte	0x8e
 528 03bf 04       		.uleb128 0x4
 529 03c0 420A0000 		.4byte	.LASF153
 530 03c4 8F       		.byte	0x8f
 531 03c5 04       		.uleb128 0x4
 532 03c6 50060000 		.4byte	.LASF154
 533 03ca 90       		.byte	0x90
 534 03cb 04       		.uleb128 0x4
 535 03cc 82010000 		.4byte	.LASF155
 536 03d0 91       		.byte	0x91
 537 03d1 04       		.uleb128 0x4
 538 03d2 0B020000 		.4byte	.LASF156
 539 03d6 92       		.byte	0x92
 540 03d7 04       		.uleb128 0x4
 541 03d8 010C0000 		.4byte	.LASF157
 542 03dc F0       		.byte	0xf0
 543 03dd 00       		.byte	0
 544 03de 05       		.uleb128 0x5
 545 03df 02       		.byte	0x2
 546 03e0 05       		.byte	0x5
 547 03e1 120C0000 		.4byte	.LASF158
 548 03e5 06       		.uleb128 0x6
 549 03e6 C10C0000 		.4byte	.LASF162
 550 03ea 01       		.byte	0x1
 551 03eb F4       		.byte	0xf4
 552 03ec 1D000000 		.4byte	0x1d
 553 03f0 05       		.uleb128 0x5
 554 03f1 01       		.byte	0x1
 555 03f2 06       		.byte	0x6
 556 03f3 8A020000 		.4byte	.LASF159
 557 03f7 05       		.uleb128 0x5
 558 03f8 01       		.byte	0x1
 559 03f9 08       		.byte	0x8
 560 03fa 530B0000 		.4byte	.LASF160
 561 03fe 05       		.uleb128 0x5
 562 03ff 02       		.byte	0x2
 563 0400 07       		.byte	0x7
 564 0401 91060000 		.4byte	.LASF161
 565 0405 06       		.uleb128 0x6
 566 0406 630E0000 		.4byte	.LASF163
 567 040a 02       		.byte	0x2
 568 040b 3F       		.byte	0x3f
 569 040c 10040000 		.4byte	0x410
 570 0410 05       		.uleb128 0x5
ARM GAS  C:\Users\gjl\AppData\Local\Temp\ccf6Hl6b.s 			page 11


 571 0411 04       		.byte	0x4
 572 0412 05       		.byte	0x5
 573 0413 2F030000 		.4byte	.LASF164
 574 0417 06       		.uleb128 0x6
 575 0418 D5040000 		.4byte	.LASF165
 576 041c 02       		.byte	0x2
 577 041d 41       		.byte	0x41
 578 041e 22040000 		.4byte	0x422
 579 0422 05       		.uleb128 0x5
 580 0423 04       		.byte	0x4
 581 0424 07       		.byte	0x7
 582 0425 08060000 		.4byte	.LASF166
 583 0429 05       		.uleb128 0x5
 584 042a 08       		.byte	0x8
 585 042b 05       		.byte	0x5
 586 042c 7C020000 		.4byte	.LASF167
 587 0430 05       		.uleb128 0x5
 588 0431 08       		.byte	0x8
 589 0432 07       		.byte	0x7
 590 0433 6B010000 		.4byte	.LASF168
 591 0437 07       		.uleb128 0x7
 592 0438 04       		.byte	0x4
 593 0439 05       		.byte	0x5
 594 043a 696E7400 		.ascii	"int\000"
 595 043e 05       		.uleb128 0x5
 596 043f 04       		.byte	0x4
 597 0440 07       		.byte	0x7
 598 0441 C10B0000 		.4byte	.LASF169
 599 0445 06       		.uleb128 0x6
 600 0446 4B0B0000 		.4byte	.LASF170
 601 044a 03       		.byte	0x3
 602 044b 2C       		.byte	0x2c
 603 044c 05040000 		.4byte	0x405
 604 0450 06       		.uleb128 0x6
 605 0451 E60C0000 		.4byte	.LASF171
 606 0455 03       		.byte	0x3
 607 0456 30       		.byte	0x30
 608 0457 17040000 		.4byte	0x417
 609 045b 05       		.uleb128 0x5
 610 045c 04       		.byte	0x4
 611 045d 07       		.byte	0x7
 612 045e 26080000 		.4byte	.LASF172
 613 0462 05       		.uleb128 0x5
 614 0463 08       		.byte	0x8
 615 0464 04       		.byte	0x4
 616 0465 890D0000 		.4byte	.LASF173
 617 0469 05       		.uleb128 0x5
 618 046a 01       		.byte	0x1
 619 046b 08       		.byte	0x8
 620 046c 950D0000 		.4byte	.LASF174
 621 0470 05       		.uleb128 0x5
 622 0471 04       		.byte	0x4
 623 0472 04       		.byte	0x4
 624 0473 580A0000 		.4byte	.LASF175
 625 0477 05       		.uleb128 0x5
 626 0478 08       		.byte	0x8
 627 0479 04       		.byte	0x4
ARM GAS  C:\Users\gjl\AppData\Local\Temp\ccf6Hl6b.s 			page 12


 628 047a 37040000 		.4byte	.LASF176
 629 047e 08       		.uleb128 0x8
 630 047f 08       		.byte	0x8
 631 0480 04       		.byte	0x4
 632 0481 EB       		.byte	0xeb
 633 0482 9F040000 		.4byte	0x49f
 634 0486 09       		.uleb128 0x9
 635 0487 C3030000 		.4byte	.LASF177
 636 048b 04       		.byte	0x4
 637 048c EC       		.byte	0xec
 638 048d E5030000 		.4byte	0x3e5
 639 0491 00       		.byte	0
 640 0492 09       		.uleb128 0x9
 641 0493 88110000 		.4byte	.LASF178
 642 0497 04       		.byte	0x4
 643 0498 F0       		.byte	0xf0
 644 0499 50040000 		.4byte	0x450
 645 049d 04       		.byte	0x4
 646 049e 00       		.byte	0
 647 049f 06       		.uleb128 0x6
 648 04a0 62080000 		.4byte	.LASF179
 649 04a4 04       		.byte	0x4
 650 04a5 F1       		.byte	0xf1
 651 04a6 7E040000 		.4byte	0x47e
 652 04aa 0A       		.uleb128 0xa
 653 04ab B40B0000 		.4byte	.LASF180
 654 04af 05       		.byte	0x5
 655 04b0 EA07     		.2byte	0x7ea
 656 04b2 B6040000 		.4byte	0x4b6
 657 04b6 0B       		.uleb128 0xb
 658 04b7 45040000 		.4byte	0x445
 659 04bb 0C       		.uleb128 0xc
 660 04bc F7080000 		.4byte	.LASF181
 661 04c0 06       		.byte	0x6
 662 04c1 24       		.byte	0x24
 663 04c2 CC040000 		.4byte	0x4cc
 664 04c6 05       		.uleb128 0x5
 665 04c7 03       		.byte	0x3
 666 04c8 00000000 		.4byte	EZI2C_SCB_IRQ_cfg
 667 04cc 0D       		.uleb128 0xd
 668 04cd 9F040000 		.4byte	0x49f
 669 04d1 0C       		.uleb128 0xc
 670 04d2 95040000 		.4byte	.LASF182
 671 04d6 06       		.byte	0x6
 672 04d7 2A       		.byte	0x2a
 673 04d8 CC040000 		.4byte	0x4cc
 674 04dc 05       		.uleb128 0x5
 675 04dd 03       		.byte	0x3
 676 04de 00000000 		.4byte	UART_SCB_IRQ_cfg
 677 04e2 0C       		.uleb128 0xc
 678 04e3 4B100000 		.4byte	.LASF183
 679 04e7 06       		.byte	0x6
 680 04e8 30       		.byte	0x30
 681 04e9 CC040000 		.4byte	0x4cc
 682 04ed 05       		.uleb128 0x5
 683 04ee 03       		.byte	0x3
 684 04ef 00000000 		.4byte	CapSense_ISR_cfg
ARM GAS  C:\Users\gjl\AppData\Local\Temp\ccf6Hl6b.s 			page 13


 685 04f3 00       		.byte	0
 686              		.section	.debug_abbrev,"",%progbits
 687              	.Ldebug_abbrev0:
 688 0000 01       		.uleb128 0x1
 689 0001 11       		.uleb128 0x11
 690 0002 01       		.byte	0x1
 691 0003 25       		.uleb128 0x25
 692 0004 0E       		.uleb128 0xe
 693 0005 13       		.uleb128 0x13
 694 0006 0B       		.uleb128 0xb
 695 0007 03       		.uleb128 0x3
 696 0008 0E       		.uleb128 0xe
 697 0009 1B       		.uleb128 0x1b
 698 000a 0E       		.uleb128 0xe
 699 000b 10       		.uleb128 0x10
 700 000c 17       		.uleb128 0x17
 701 000d 00       		.byte	0
 702 000e 00       		.byte	0
 703 000f 02       		.uleb128 0x2
 704 0010 04       		.uleb128 0x4
 705 0011 01       		.byte	0x1
 706 0012 0B       		.uleb128 0xb
 707 0013 0B       		.uleb128 0xb
 708 0014 49       		.uleb128 0x49
 709 0015 13       		.uleb128 0x13
 710 0016 3A       		.uleb128 0x3a
 711 0017 0B       		.uleb128 0xb
 712 0018 3B       		.uleb128 0x3b
 713 0019 0B       		.uleb128 0xb
 714 001a 01       		.uleb128 0x1
 715 001b 13       		.uleb128 0x13
 716 001c 00       		.byte	0
 717 001d 00       		.byte	0
 718 001e 03       		.uleb128 0x3
 719 001f 28       		.uleb128 0x28
 720 0020 00       		.byte	0
 721 0021 03       		.uleb128 0x3
 722 0022 0E       		.uleb128 0xe
 723 0023 1C       		.uleb128 0x1c
 724 0024 0D       		.uleb128 0xd
 725 0025 00       		.byte	0
 726 0026 00       		.byte	0
 727 0027 04       		.uleb128 0x4
 728 0028 28       		.uleb128 0x28
 729 0029 00       		.byte	0
 730 002a 03       		.uleb128 0x3
 731 002b 0E       		.uleb128 0xe
 732 002c 1C       		.uleb128 0x1c
 733 002d 0B       		.uleb128 0xb
 734 002e 00       		.byte	0
 735 002f 00       		.byte	0
 736 0030 05       		.uleb128 0x5
 737 0031 24       		.uleb128 0x24
 738 0032 00       		.byte	0
 739 0033 0B       		.uleb128 0xb
 740 0034 0B       		.uleb128 0xb
 741 0035 3E       		.uleb128 0x3e
ARM GAS  C:\Users\gjl\AppData\Local\Temp\ccf6Hl6b.s 			page 14


 742 0036 0B       		.uleb128 0xb
 743 0037 03       		.uleb128 0x3
 744 0038 0E       		.uleb128 0xe
 745 0039 00       		.byte	0
 746 003a 00       		.byte	0
 747 003b 06       		.uleb128 0x6
 748 003c 16       		.uleb128 0x16
 749 003d 00       		.byte	0
 750 003e 03       		.uleb128 0x3
 751 003f 0E       		.uleb128 0xe
 752 0040 3A       		.uleb128 0x3a
 753 0041 0B       		.uleb128 0xb
 754 0042 3B       		.uleb128 0x3b
 755 0043 0B       		.uleb128 0xb
 756 0044 49       		.uleb128 0x49
 757 0045 13       		.uleb128 0x13
 758 0046 00       		.byte	0
 759 0047 00       		.byte	0
 760 0048 07       		.uleb128 0x7
 761 0049 24       		.uleb128 0x24
 762 004a 00       		.byte	0
 763 004b 0B       		.uleb128 0xb
 764 004c 0B       		.uleb128 0xb
 765 004d 3E       		.uleb128 0x3e
 766 004e 0B       		.uleb128 0xb
 767 004f 03       		.uleb128 0x3
 768 0050 08       		.uleb128 0x8
 769 0051 00       		.byte	0
 770 0052 00       		.byte	0
 771 0053 08       		.uleb128 0x8
 772 0054 13       		.uleb128 0x13
 773 0055 01       		.byte	0x1
 774 0056 0B       		.uleb128 0xb
 775 0057 0B       		.uleb128 0xb
 776 0058 3A       		.uleb128 0x3a
 777 0059 0B       		.uleb128 0xb
 778 005a 3B       		.uleb128 0x3b
 779 005b 0B       		.uleb128 0xb
 780 005c 01       		.uleb128 0x1
 781 005d 13       		.uleb128 0x13
 782 005e 00       		.byte	0
 783 005f 00       		.byte	0
 784 0060 09       		.uleb128 0x9
 785 0061 0D       		.uleb128 0xd
 786 0062 00       		.byte	0
 787 0063 03       		.uleb128 0x3
 788 0064 0E       		.uleb128 0xe
 789 0065 3A       		.uleb128 0x3a
 790 0066 0B       		.uleb128 0xb
 791 0067 3B       		.uleb128 0x3b
 792 0068 0B       		.uleb128 0xb
 793 0069 49       		.uleb128 0x49
 794 006a 13       		.uleb128 0x13
 795 006b 38       		.uleb128 0x38
 796 006c 0B       		.uleb128 0xb
 797 006d 00       		.byte	0
 798 006e 00       		.byte	0
ARM GAS  C:\Users\gjl\AppData\Local\Temp\ccf6Hl6b.s 			page 15


 799 006f 0A       		.uleb128 0xa
 800 0070 34       		.uleb128 0x34
 801 0071 00       		.byte	0
 802 0072 03       		.uleb128 0x3
 803 0073 0E       		.uleb128 0xe
 804 0074 3A       		.uleb128 0x3a
 805 0075 0B       		.uleb128 0xb
 806 0076 3B       		.uleb128 0x3b
 807 0077 05       		.uleb128 0x5
 808 0078 49       		.uleb128 0x49
 809 0079 13       		.uleb128 0x13
 810 007a 3F       		.uleb128 0x3f
 811 007b 19       		.uleb128 0x19
 812 007c 3C       		.uleb128 0x3c
 813 007d 19       		.uleb128 0x19
 814 007e 00       		.byte	0
 815 007f 00       		.byte	0
 816 0080 0B       		.uleb128 0xb
 817 0081 35       		.uleb128 0x35
 818 0082 00       		.byte	0
 819 0083 49       		.uleb128 0x49
 820 0084 13       		.uleb128 0x13
 821 0085 00       		.byte	0
 822 0086 00       		.byte	0
 823 0087 0C       		.uleb128 0xc
 824 0088 34       		.uleb128 0x34
 825 0089 00       		.byte	0
 826 008a 03       		.uleb128 0x3
 827 008b 0E       		.uleb128 0xe
 828 008c 3A       		.uleb128 0x3a
 829 008d 0B       		.uleb128 0xb
 830 008e 3B       		.uleb128 0x3b
 831 008f 0B       		.uleb128 0xb
 832 0090 49       		.uleb128 0x49
 833 0091 13       		.uleb128 0x13
 834 0092 3F       		.uleb128 0x3f
 835 0093 19       		.uleb128 0x19
 836 0094 02       		.uleb128 0x2
 837 0095 18       		.uleb128 0x18
 838 0096 00       		.byte	0
 839 0097 00       		.byte	0
 840 0098 0D       		.uleb128 0xd
 841 0099 26       		.uleb128 0x26
 842 009a 00       		.byte	0
 843 009b 49       		.uleb128 0x49
 844 009c 13       		.uleb128 0x13
 845 009d 00       		.byte	0
 846 009e 00       		.byte	0
 847 009f 00       		.byte	0
 848              		.section	.debug_aranges,"",%progbits
 849 0000 14000000 		.4byte	0x14
 850 0004 0200     		.2byte	0x2
 851 0006 00000000 		.4byte	.Ldebug_info0
 852 000a 04       		.byte	0x4
 853 000b 00       		.byte	0
 854 000c 0000     		.2byte	0
 855 000e 0000     		.2byte	0
ARM GAS  C:\Users\gjl\AppData\Local\Temp\ccf6Hl6b.s 			page 16


 856 0010 00000000 		.4byte	0
 857 0014 00000000 		.4byte	0
 858              		.section	.debug_line,"",%progbits
 859              	.Ldebug_line0:
 860 0000 10020000 		.section	.debug_str,"MS",%progbits,1
 860      02000A02 
 860      00000201 
 860      FB0E0D00 
 860      01010101 
 861              	.LASF123:
 862 0000 74637077 		.ascii	"tcpwm_1_interrupts_15_IRQn\000"
 862      6D5F315F 
 862      696E7465 
 862      72727570 
 862      74735F31 
 863              	.LASF12:
 864 001b 696F7373 		.ascii	"ioss_interrupts_gpio_2_IRQn\000"
 864      5F696E74 
 864      65727275 
 864      7074735F 
 864      6770696F 
 865              	.LASF56:
 866 0037 7363625F 		.ascii	"scb_5_interrupt_IRQn\000"
 866      355F696E 
 866      74657272 
 866      7570745F 
 866      4952516E 
 867              	.LASF104:
 868 004c 74637077 		.ascii	"tcpwm_0_interrupts_4_IRQn\000"
 868      6D5F305F 
 868      696E7465 
 868      72727570 
 868      74735F34 
 869              	.LASF32:
 870 0066 73727373 		.ascii	"srss_interrupt_IRQn\000"
 870      5F696E74 
 870      65727275 
 870      70745F49 
 870      52516E00 
 871              	.LASF28:
 872 007a 7363625F 		.ascii	"scb_8_interrupt_IRQn\000"
 872      385F696E 
 872      74657272 
 872      7570745F 
 872      4952516E 
 873              	.LASF61:
 874 008f 63707573 		.ascii	"cpuss_interrupts_dw0_1_IRQn\000"
 874      735F696E 
 874      74657272 
 874      75707473 
 874      5F647730 
 875              	.LASF144:
 876 00ab 7564625F 		.ascii	"udb_interrupts_12_IRQn\000"
 876      696E7465 
 876      72727570 
 876      74735F31 
 876      325F4952 
ARM GAS  C:\Users\gjl\AppData\Local\Temp\ccf6Hl6b.s 			page 17


 877              	.LASF34:
 878 00c2 626C6573 		.ascii	"bless_interrupt_IRQn\000"
 878      735F696E 
 878      74657272 
 878      7570745F 
 878      4952516E 
 879              	.LASF133:
 880 00d7 7564625F 		.ascii	"udb_interrupts_1_IRQn\000"
 880      696E7465 
 880      72727570 
 880      74735F31 
 880      5F495251 
 881              	.LASF51:
 882 00ed 7363625F 		.ascii	"scb_0_interrupt_IRQn\000"
 882      305F696E 
 882      74657272 
 882      7570745F 
 882      4952516E 
 883              	.LASF116:
 884 0102 74637077 		.ascii	"tcpwm_1_interrupts_8_IRQn\000"
 884      6D5F315F 
 884      696E7465 
 884      72727570 
 884      74735F38 
 885              	.LASF39:
 886 011c 63707573 		.ascii	"cpuss_interrupts_ipc_4_IRQn\000"
 886      735F696E 
 886      74657272 
 886      75707473 
 886      5F697063 
 887              	.LASF46:
 888 0138 63707573 		.ascii	"cpuss_interrupts_ipc_11_IRQn\000"
 888      735F696E 
 888      74657272 
 888      75707473 
 888      5F697063 
 889              	.LASF132:
 890 0155 7564625F 		.ascii	"udb_interrupts_0_IRQn\000"
 890      696E7465 
 890      72727570 
 890      74735F30 
 890      5F495251 
 891              	.LASF168:
 892 016b 6C6F6E67 		.ascii	"long long unsigned int\000"
 892      206C6F6E 
 892      6720756E 
 892      7369676E 
 892      65642069 
 893              	.LASF155:
 894 0182 7573625F 		.ascii	"usb_interrupt_lo_IRQn\000"
 894      696E7465 
 894      72727570 
 894      745F6C6F 
 894      5F495251 
 895              	.LASF118:
 896 0198 74637077 		.ascii	"tcpwm_1_interrupts_10_IRQn\000"
 896      6D5F315F 
ARM GAS  C:\Users\gjl\AppData\Local\Temp\ccf6Hl6b.s 			page 18


 896      696E7465 
 896      72727570 
 896      74735F31 
 897              	.LASF10:
 898 01b3 696F7373 		.ascii	"ioss_interrupts_gpio_0_IRQn\000"
 898      5F696E74 
 898      65727275 
 898      7074735F 
 898      6770696F 
 899              	.LASF97:
 900 01cf 63707573 		.ascii	"cpuss_interrupts_cm0_cti_1_IRQn\000"
 900      735F696E 
 900      74657272 
 900      75707473 
 900      5F636D30 
 901              	.LASF19:
 902 01ef 696F7373 		.ascii	"ioss_interrupts_gpio_9_IRQn\000"
 902      5F696E74 
 902      65727275 
 902      7074735F 
 902      6770696F 
 903              	.LASF156:
 904 020b 70617373 		.ascii	"pass_interrupt_dacs_IRQn\000"
 904      5F696E74 
 904      65727275 
 904      70745F64 
 904      6163735F 
 905              	.LASF138:
 906 0224 7564625F 		.ascii	"udb_interrupts_6_IRQn\000"
 906      696E7465 
 906      72727570 
 906      74735F36 
 906      5F495251 
 907              	.LASF0:
 908 023a 52657365 		.ascii	"Reset_IRQn\000"
 908      745F4952 
 908      516E00
 909              	.LASF124:
 910 0245 74637077 		.ascii	"tcpwm_1_interrupts_16_IRQn\000"
 910      6D5F315F 
 910      696E7465 
 910      72727570 
 910      74735F31 
 911              	.LASF94:
 912 0260 63707573 		.ascii	"cpuss_interrupt_crypto_IRQn\000"
 912      735F696E 
 912      74657272 
 912      7570745F 
 912      63727970 
 913              	.LASF167:
 914 027c 6C6F6E67 		.ascii	"long long int\000"
 914      206C6F6E 
 914      6720696E 
 914      7400
 915              	.LASF159:
 916 028a 7369676E 		.ascii	"signed char\000"
 916      65642063 
ARM GAS  C:\Users\gjl\AppData\Local\Temp\ccf6Hl6b.s 			page 19


 916      68617200 
 917              	.LASF105:
 918 0296 74637077 		.ascii	"tcpwm_0_interrupts_5_IRQn\000"
 918      6D5F305F 
 918      696E7465 
 918      72727570 
 918      74735F35 
 919              	.LASF85:
 920 02b0 63707573 		.ascii	"cpuss_interrupts_dw1_9_IRQn\000"
 920      735F696E 
 920      74657272 
 920      75707473 
 920      5F647731 
 921              	.LASF62:
 922 02cc 63707573 		.ascii	"cpuss_interrupts_dw0_2_IRQn\000"
 922      735F696E 
 922      74657272 
 922      75707473 
 922      5F647730 
 923              	.LASF145:
 924 02e8 7564625F 		.ascii	"udb_interrupts_13_IRQn\000"
 924      696E7465 
 924      72727570 
 924      74735F31 
 924      335F4952 
 925              	.LASF27:
 926 02ff 6C70636F 		.ascii	"lpcomp_interrupt_IRQn\000"
 926      6D705F69 
 926      6E746572 
 926      72757074 
 926      5F495251 
 927              	.LASF108:
 928 0315 74637077 		.ascii	"tcpwm_1_interrupts_0_IRQn\000"
 928      6D5F315F 
 928      696E7465 
 928      72727570 
 928      74735F30 
 929              	.LASF164:
 930 032f 6C6F6E67 		.ascii	"long int\000"
 930      20696E74 
 930      00
 931              	.LASF117:
 932 0338 74637077 		.ascii	"tcpwm_1_interrupts_9_IRQn\000"
 932      6D5F315F 
 932      696E7465 
 932      72727570 
 932      74735F39 
 933              	.LASF40:
 934 0352 63707573 		.ascii	"cpuss_interrupts_ipc_5_IRQn\000"
 934      735F696E 
 934      74657272 
 934      75707473 
 934      5F697063 
 935              	.LASF83:
 936 036e 63707573 		.ascii	"cpuss_interrupts_dw1_7_IRQn\000"
 936      735F696E 
 936      74657272 
ARM GAS  C:\Users\gjl\AppData\Local\Temp\ccf6Hl6b.s 			page 20


 936      75707473 
 936      5F647731 
 937              	.LASF47:
 938 038a 63707573 		.ascii	"cpuss_interrupts_ipc_12_IRQn\000"
 938      735F696E 
 938      74657272 
 938      75707473 
 938      5F697063 
 939              	.LASF84:
 940 03a7 63707573 		.ascii	"cpuss_interrupts_dw1_8_IRQn\000"
 940      735F696E 
 940      74657272 
 940      75707473 
 940      5F647731 
 941              	.LASF177:
 942 03c3 696E7472 		.ascii	"intrSrc\000"
 942      53726300 
 943              	.LASF119:
 944 03cb 74637077 		.ascii	"tcpwm_1_interrupts_11_IRQn\000"
 944      6D5F315F 
 944      696E7465 
 944      72727570 
 944      74735F31 
 945              	.LASF64:
 946 03e6 63707573 		.ascii	"cpuss_interrupts_dw0_4_IRQn\000"
 946      735F696E 
 946      74657272 
 946      75707473 
 946      5F647730 
 947              	.LASF25:
 948 0402 696F7373 		.ascii	"ioss_interrupt_gpio_IRQn\000"
 948      5F696E74 
 948      65727275 
 948      70745F67 
 948      70696F5F 
 949              	.LASF29:
 950 041b 73727373 		.ascii	"srss_interrupt_mcwdt_0_IRQn\000"
 950      5F696E74 
 950      65727275 
 950      70745F6D 
 950      63776474 
 951              	.LASF176:
 952 0437 646F7562 		.ascii	"double\000"
 952      6C6500
 953              	.LASF149:
 954 043e 61756469 		.ascii	"audioss_interrupt_i2s_IRQn\000"
 954      6F73735F 
 954      696E7465 
 954      72727570 
 954      745F6932 
 955              	.LASF66:
 956 0459 63707573 		.ascii	"cpuss_interrupts_dw0_6_IRQn\000"
 956      735F696E 
 956      74657272 
 956      75707473 
 956      5F647730 
 957              	.LASF99:
ARM GAS  C:\Users\gjl\AppData\Local\Temp\ccf6Hl6b.s 			page 21


 958 0475 63707573 		.ascii	"cpuss_interrupts_cm4_cti_1_IRQn\000"
 958      735F696E 
 958      74657272 
 958      75707473 
 958      5F636D34 
 959              	.LASF182:
 960 0495 55415254 		.ascii	"UART_SCB_IRQ_cfg\000"
 960      5F534342 
 960      5F495251 
 960      5F636667 
 960      00
 961              	.LASF58:
 962 04a6 7363625F 		.ascii	"scb_7_interrupt_IRQn\000"
 962      375F696E 
 962      74657272 
 962      7570745F 
 962      4952516E 
 963              	.LASF106:
 964 04bb 74637077 		.ascii	"tcpwm_0_interrupts_6_IRQn\000"
 964      6D5F305F 
 964      696E7465 
 964      72727570 
 964      74735F36 
 965              	.LASF165:
 966 04d5 5F5F7569 		.ascii	"__uint32_t\000"
 966      6E743332 
 966      5F7400
 967              	.LASF4:
 968 04e0 42757346 		.ascii	"BusFault_IRQn\000"
 968      61756C74 
 968      5F495251 
 968      6E00
 969              	.LASF52:
 970 04ee 7363625F 		.ascii	"scb_1_interrupt_IRQn\000"
 970      315F696E 
 970      74657272 
 970      7570745F 
 970      4952516E 
 971              	.LASF146:
 972 0503 7564625F 		.ascii	"udb_interrupts_14_IRQn\000"
 972      696E7465 
 972      72727570 
 972      74735F31 
 972      345F4952 
 973              	.LASF33:
 974 051a 70617373 		.ascii	"pass_interrupt_ctbs_IRQn\000"
 974      5F696E74 
 974      65727275 
 974      70745F63 
 974      7462735F 
 975              	.LASF53:
 976 0533 7363625F 		.ascii	"scb_2_interrupt_IRQn\000"
 976      325F696E 
 976      74657272 
 976      7570745F 
 976      4952516E 
 977              	.LASF74:
ARM GAS  C:\Users\gjl\AppData\Local\Temp\ccf6Hl6b.s 			page 22


 978 0548 63707573 		.ascii	"cpuss_interrupts_dw0_14_IRQn\000"
 978      735F696E 
 978      74657272 
 978      75707473 
 978      5F647730 
 979              	.LASF15:
 980 0565 696F7373 		.ascii	"ioss_interrupts_gpio_5_IRQn\000"
 980      5F696E74 
 980      65727275 
 980      7074735F 
 980      6770696F 
 981              	.LASF41:
 982 0581 63707573 		.ascii	"cpuss_interrupts_ipc_6_IRQn\000"
 982      735F696E 
 982      74657272 
 982      75707473 
 982      5F697063 
 983              	.LASF134:
 984 059d 7564625F 		.ascii	"udb_interrupts_2_IRQn\000"
 984      696E7465 
 984      72727570 
 984      74735F32 
 984      5F495251 
 985              	.LASF23:
 986 05b3 696F7373 		.ascii	"ioss_interrupts_gpio_13_IRQn\000"
 986      5F696E74 
 986      65727275 
 986      7074735F 
 986      6770696F 
 987              	.LASF120:
 988 05d0 74637077 		.ascii	"tcpwm_1_interrupts_12_IRQn\000"
 988      6D5F315F 
 988      696E7465 
 988      72727570 
 988      74735F31 
 989              	.LASF89:
 990 05eb 63707573 		.ascii	"cpuss_interrupts_dw1_13_IRQn\000"
 990      735F696E 
 990      74657272 
 990      75707473 
 990      5F647731 
 991              	.LASF166:
 992 0608 6C6F6E67 		.ascii	"long unsigned int\000"
 992      20756E73 
 992      69676E65 
 992      6420696E 
 992      7400
 993              	.LASF30:
 994 061a 73727373 		.ascii	"srss_interrupt_mcwdt_1_IRQn\000"
 994      5F696E74 
 994      65727275 
 994      70745F6D 
 994      63776474 
 995              	.LASF101:
 996 0636 74637077 		.ascii	"tcpwm_0_interrupts_1_IRQn\000"
 996      6D5F305F 
 996      696E7465 
ARM GAS  C:\Users\gjl\AppData\Local\Temp\ccf6Hl6b.s 			page 23


 996      72727570 
 996      74735F31 
 997              	.LASF154:
 998 0650 7573625F 		.ascii	"usb_interrupt_med_IRQn\000"
 998      696E7465 
 998      72727570 
 998      745F6D65 
 998      645F4952 
 999              	.LASF92:
 1000 0667 63707573 		.ascii	"cpuss_interrupts_fault_0_IRQn\000"
 1000      735F696E 
 1000      74657272 
 1000      75707473 
 1000      5F666175 
 1001              	.LASF6:
 1002 0685 53564361 		.ascii	"SVCall_IRQn\000"
 1002      6C6C5F49 
 1002      52516E00 
 1003              	.LASF161:
 1004 0691 73686F72 		.ascii	"short unsigned int\000"
 1004      7420756E 
 1004      7369676E 
 1004      65642069 
 1004      6E7400
 1005              	.LASF113:
 1006 06a4 74637077 		.ascii	"tcpwm_1_interrupts_5_IRQn\000"
 1006      6D5F315F 
 1006      696E7465 
 1006      72727570 
 1006      74735F35 
 1007              	.LASF36:
 1008 06be 63707573 		.ascii	"cpuss_interrupts_ipc_1_IRQn\000"
 1008      735F696E 
 1008      74657272 
 1008      75707473 
 1008      5F697063 
 1009              	.LASF80:
 1010 06da 63707573 		.ascii	"cpuss_interrupts_dw1_4_IRQn\000"
 1010      735F696E 
 1010      74657272 
 1010      75707473 
 1010      5F647731 
 1011              	.LASF95:
 1012 06f6 63707573 		.ascii	"cpuss_interrupt_fm_IRQn\000"
 1012      735F696E 
 1012      74657272 
 1012      7570745F 
 1012      666D5F49 
 1013              	.LASF75:
 1014 070e 63707573 		.ascii	"cpuss_interrupts_dw0_15_IRQn\000"
 1014      735F696E 
 1014      74657272 
 1014      75707473 
 1014      5F647730 
 1015              	.LASF16:
 1016 072b 696F7373 		.ascii	"ioss_interrupts_gpio_6_IRQn\000"
 1016      5F696E74 
ARM GAS  C:\Users\gjl\AppData\Local\Temp\ccf6Hl6b.s 			page 24


 1016      65727275 
 1016      7074735F 
 1016      6770696F 
 1017              	.LASF152:
 1018 0747 736D6966 		.ascii	"smif_interrupt_IRQn\000"
 1018      5F696E74 
 1018      65727275 
 1018      70745F49 
 1018      52516E00 
 1019              	.LASF135:
 1020 075b 7564625F 		.ascii	"udb_interrupts_3_IRQn\000"
 1020      696E7465 
 1020      72727570 
 1020      74735F33 
 1020      5F495251 
 1021              	.LASF24:
 1022 0771 696F7373 		.ascii	"ioss_interrupts_gpio_14_IRQn\000"
 1022      5F696E74 
 1022      65727275 
 1022      7074735F 
 1022      6770696F 
 1023              	.LASF9:
 1024 078e 53797354 		.ascii	"SysTick_IRQn\000"
 1024      69636B5F 
 1024      4952516E 
 1024      00
 1025              	.LASF90:
 1026 079b 63707573 		.ascii	"cpuss_interrupts_dw1_14_IRQn\000"
 1026      735F696E 
 1026      74657272 
 1026      75707473 
 1026      5F647731 
 1027              	.LASF131:
 1028 07b8 74637077 		.ascii	"tcpwm_1_interrupts_23_IRQn\000"
 1028      6D5F315F 
 1028      696E7465 
 1028      72727570 
 1028      74735F32 
 1029              	.LASF102:
 1030 07d3 74637077 		.ascii	"tcpwm_0_interrupts_2_IRQn\000"
 1030      6D5F305F 
 1030      696E7465 
 1030      72727570 
 1030      74735F32 
 1031              	.LASF121:
 1032 07ed 74637077 		.ascii	"tcpwm_1_interrupts_13_IRQn\000"
 1032      6D5F315F 
 1032      696E7465 
 1032      72727570 
 1032      74735F31 
 1033              	.LASF93:
 1034 0808 63707573 		.ascii	"cpuss_interrupts_fault_1_IRQn\000"
 1034      735F696E 
 1034      74657272 
 1034      75707473 
 1034      5F666175 
 1035              	.LASF172:
ARM GAS  C:\Users\gjl\AppData\Local\Temp\ccf6Hl6b.s 			page 25


 1036 0826 73697A65 		.ascii	"sizetype\000"
 1036      74797065 
 1036      00
 1037              	.LASF142:
 1038 082f 7564625F 		.ascii	"udb_interrupts_10_IRQn\000"
 1038      696E7465 
 1038      72727570 
 1038      74735F31 
 1038      305F4952 
 1039              	.LASF68:
 1040 0846 63707573 		.ascii	"cpuss_interrupts_dw0_8_IRQn\000"
 1040      735F696E 
 1040      74657272 
 1040      75707473 
 1040      5F647730 
 1041              	.LASF179:
 1042 0862 63795F73 		.ascii	"cy_stc_sysint_t\000"
 1042      74635F73 
 1042      7973696E 
 1042      745F7400 
 1043              	.LASF70:
 1044 0872 63707573 		.ascii	"cpuss_interrupts_dw0_10_IRQn\000"
 1044      735F696E 
 1044      74657272 
 1044      75707473 
 1044      5F647730 
 1045              	.LASF114:
 1046 088f 74637077 		.ascii	"tcpwm_1_interrupts_6_IRQn\000"
 1046      6D5F315F 
 1046      696E7465 
 1046      72727570 
 1046      74735F36 
 1047              	.LASF37:
 1048 08a9 63707573 		.ascii	"cpuss_interrupts_ipc_2_IRQn\000"
 1048      735F696E 
 1048      74657272 
 1048      75707473 
 1048      5F697063 
 1049              	.LASF81:
 1050 08c5 63707573 		.ascii	"cpuss_interrupts_dw1_5_IRQn\000"
 1050      735F696E 
 1050      74657272 
 1050      75707473 
 1050      5F647731 
 1051              	.LASF139:
 1052 08e1 7564625F 		.ascii	"udb_interrupts_7_IRQn\000"
 1052      696E7465 
 1052      72727570 
 1052      74735F37 
 1052      5F495251 
 1053              	.LASF181:
 1054 08f7 455A4932 		.ascii	"EZI2C_SCB_IRQ_cfg\000"
 1054      435F5343 
 1054      425F4952 
 1054      515F6366 
 1054      6700
 1055              	.LASF125:
ARM GAS  C:\Users\gjl\AppData\Local\Temp\ccf6Hl6b.s 			page 26


 1056 0909 74637077 		.ascii	"tcpwm_1_interrupts_17_IRQn\000"
 1056      6D5F315F 
 1056      696E7465 
 1056      72727570 
 1056      74735F31 
 1057              	.LASF55:
 1058 0924 7363625F 		.ascii	"scb_4_interrupt_IRQn\000"
 1058      345F696E 
 1058      74657272 
 1058      7570745F 
 1058      4952516E 
 1059              	.LASF17:
 1060 0939 696F7373 		.ascii	"ioss_interrupts_gpio_7_IRQn\000"
 1060      5F696E74 
 1060      65727275 
 1060      7074735F 
 1060      6770696F 
 1061              	.LASF73:
 1062 0955 63707573 		.ascii	"cpuss_interrupts_dw0_13_IRQn\000"
 1062      735F696E 
 1062      74657272 
 1062      75707473 
 1062      5F647730 
 1063              	.LASF184:
 1064 0972 474E5520 		.ascii	"GNU C11 5.4.1 20160609 (release) [ARM/embedded-5-br"
 1064      43313120 
 1064      352E342E 
 1064      31203230 
 1064      31363036 
 1065 09a5 616E6368 		.ascii	"anch revision 237715] -mcpu=cortex-m4 -mfloat-abi=s"
 1065      20726576 
 1065      6973696F 
 1065      6E203233 
 1065      37373135 
 1066 09d8 6F667466 		.ascii	"oftfp -mfpu=fpv4-sp-d16 -mthumb -g -Og -ffunction-s"
 1066      70202D6D 
 1066      6670753D 
 1066      66707634 
 1066      2D73702D 
 1067 0a0b 65637469 		.ascii	"ections -ffat-lto-objects\000"
 1067      6F6E7320 
 1067      2D666661 
 1067      742D6C74 
 1067      6F2D6F62 
 1068              	.LASF91:
 1069 0a25 63707573 		.ascii	"cpuss_interrupts_dw1_15_IRQn\000"
 1069      735F696E 
 1069      74657272 
 1069      75707473 
 1069      5F647731 
 1070              	.LASF153:
 1071 0a42 7573625F 		.ascii	"usb_interrupt_hi_IRQn\000"
 1071      696E7465 
 1071      72727570 
 1071      745F6869 
 1071      5F495251 
 1072              	.LASF175:
ARM GAS  C:\Users\gjl\AppData\Local\Temp\ccf6Hl6b.s 			page 27


 1073 0a58 666C6F61 		.ascii	"float\000"
 1073      7400
 1074              	.LASF63:
 1075 0a5e 63707573 		.ascii	"cpuss_interrupts_dw0_3_IRQn\000"
 1075      735F696E 
 1075      74657272 
 1075      75707473 
 1075      5F647730 
 1076              	.LASF21:
 1077 0a7a 696F7373 		.ascii	"ioss_interrupts_gpio_11_IRQn\000"
 1077      5F696E74 
 1077      65727275 
 1077      7074735F 
 1077      6770696F 
 1078              	.LASF3:
 1079 0a97 4D656D6F 		.ascii	"MemoryManagement_IRQn\000"
 1079      72794D61 
 1079      6E616765 
 1079      6D656E74 
 1079      5F495251 
 1080              	.LASF103:
 1081 0aad 74637077 		.ascii	"tcpwm_0_interrupts_3_IRQn\000"
 1081      6D5F305F 
 1081      696E7465 
 1081      72727570 
 1081      74735F33 
 1082              	.LASF128:
 1083 0ac7 74637077 		.ascii	"tcpwm_1_interrupts_20_IRQn\000"
 1083      6D5F315F 
 1083      696E7465 
 1083      72727570 
 1083      74735F32 
 1084              	.LASF109:
 1085 0ae2 74637077 		.ascii	"tcpwm_1_interrupts_1_IRQn\000"
 1085      6D5F315F 
 1085      696E7465 
 1085      72727570 
 1085      74735F31 
 1086              	.LASF76:
 1087 0afc 63707573 		.ascii	"cpuss_interrupts_dw1_0_IRQn\000"
 1087      735F696E 
 1087      74657272 
 1087      75707473 
 1087      5F647731 
 1088              	.LASF143:
 1089 0b18 7564625F 		.ascii	"udb_interrupts_11_IRQn\000"
 1089      696E7465 
 1089      72727570 
 1089      74735F31 
 1089      315F4952 
 1090              	.LASF69:
 1091 0b2f 63707573 		.ascii	"cpuss_interrupts_dw0_9_IRQn\000"
 1091      735F696E 
 1091      74657272 
 1091      75707473 
 1091      5F647730 
 1092              	.LASF170:
ARM GAS  C:\Users\gjl\AppData\Local\Temp\ccf6Hl6b.s 			page 28


 1093 0b4b 696E7433 		.ascii	"int32_t\000"
 1093      325F7400 
 1094              	.LASF160:
 1095 0b53 756E7369 		.ascii	"unsigned char\000"
 1095      676E6564 
 1095      20636861 
 1095      7200
 1096              	.LASF71:
 1097 0b61 63707573 		.ascii	"cpuss_interrupts_dw0_11_IRQn\000"
 1097      735F696E 
 1097      74657272 
 1097      75707473 
 1097      5F647730 
 1098              	.LASF115:
 1099 0b7e 74637077 		.ascii	"tcpwm_1_interrupts_7_IRQn\000"
 1099      6D5F315F 
 1099      696E7465 
 1099      72727570 
 1099      74735F37 
 1100              	.LASF38:
 1101 0b98 63707573 		.ascii	"cpuss_interrupts_ipc_3_IRQn\000"
 1101      735F696E 
 1101      74657272 
 1101      75707473 
 1101      5F697063 
 1102              	.LASF180:
 1103 0bb4 49544D5F 		.ascii	"ITM_RxBuffer\000"
 1103      52784275 
 1103      66666572 
 1103      00
 1104              	.LASF169:
 1105 0bc1 756E7369 		.ascii	"unsigned int\000"
 1105      676E6564 
 1105      20696E74 
 1105      00
 1106              	.LASF20:
 1107 0bce 696F7373 		.ascii	"ioss_interrupts_gpio_10_IRQn\000"
 1107      5F696E74 
 1107      65727275 
 1107      7074735F 
 1107      6770696F 
 1108              	.LASF140:
 1109 0beb 7564625F 		.ascii	"udb_interrupts_8_IRQn\000"
 1109      696E7465 
 1109      72727570 
 1109      74735F38 
 1109      5F495251 
 1110              	.LASF157:
 1111 0c01 756E636F 		.ascii	"unconnected_IRQn\000"
 1111      6E6E6563 
 1111      7465645F 
 1111      4952516E 
 1111      00
 1112              	.LASF158:
 1113 0c12 73686F72 		.ascii	"short int\000"
 1113      7420696E 
 1113      7400
ARM GAS  C:\Users\gjl\AppData\Local\Temp\ccf6Hl6b.s 			page 29


 1114              	.LASF98:
 1115 0c1c 63707573 		.ascii	"cpuss_interrupts_cm4_cti_0_IRQn\000"
 1115      735F696E 
 1115      74657272 
 1115      75707473 
 1115      5F636D34 
 1116              	.LASF126:
 1117 0c3c 74637077 		.ascii	"tcpwm_1_interrupts_18_IRQn\000"
 1117      6D5F315F 
 1117      696E7465 
 1117      72727570 
 1117      74735F31 
 1118              	.LASF79:
 1119 0c57 63707573 		.ascii	"cpuss_interrupts_dw1_3_IRQn\000"
 1119      735F696E 
 1119      74657272 
 1119      75707473 
 1119      5F647731 
 1120              	.LASF107:
 1121 0c73 74637077 		.ascii	"tcpwm_0_interrupts_7_IRQn\000"
 1121      6D5F305F 
 1121      696E7465 
 1121      72727570 
 1121      74735F37 
 1122              	.LASF87:
 1123 0c8d 63707573 		.ascii	"cpuss_interrupts_dw1_11_IRQn\000"
 1123      735F696E 
 1123      74657272 
 1123      75707473 
 1123      5F647731 
 1124              	.LASF147:
 1125 0caa 7564625F 		.ascii	"udb_interrupts_15_IRQn\000"
 1125      696E7465 
 1125      72727570 
 1125      74735F31 
 1125      355F4952 
 1126              	.LASF162:
 1127 0cc1 4952516E 		.ascii	"IRQn_Type\000"
 1127      5F547970 
 1127      6500
 1128              	.LASF129:
 1129 0ccb 74637077 		.ascii	"tcpwm_1_interrupts_21_IRQn\000"
 1129      6D5F315F 
 1129      696E7465 
 1129      72727570 
 1129      74735F32 
 1130              	.LASF171:
 1131 0ce6 75696E74 		.ascii	"uint32_t\000"
 1131      33325F74 
 1131      00
 1132              	.LASF110:
 1133 0cef 74637077 		.ascii	"tcpwm_1_interrupts_2_IRQn\000"
 1133      6D5F315F 
 1133      696E7465 
 1133      72727570 
 1133      74735F32 
 1134              	.LASF5:
ARM GAS  C:\Users\gjl\AppData\Local\Temp\ccf6Hl6b.s 			page 30


 1135 0d09 55736167 		.ascii	"UsageFault_IRQn\000"
 1135      65466175 
 1135      6C745F49 
 1135      52516E00 
 1136              	.LASF42:
 1137 0d19 63707573 		.ascii	"cpuss_interrupts_ipc_7_IRQn\000"
 1137      735F696E 
 1137      74657272 
 1137      75707473 
 1137      5F697063 
 1138              	.LASF77:
 1139 0d35 63707573 		.ascii	"cpuss_interrupts_dw1_1_IRQn\000"
 1139      735F696E 
 1139      74657272 
 1139      75707473 
 1139      5F647731 
 1140              	.LASF49:
 1141 0d51 63707573 		.ascii	"cpuss_interrupts_ipc_14_IRQn\000"
 1141      735F696E 
 1141      74657272 
 1141      75707473 
 1141      5F697063 
 1142              	.LASF150:
 1143 0d6e 61756469 		.ascii	"audioss_interrupt_pdm_IRQn\000"
 1143      6F73735F 
 1143      696E7465 
 1143      72727570 
 1143      745F7064 
 1144              	.LASF173:
 1145 0d89 6C6F6E67 		.ascii	"long double\000"
 1145      20646F75 
 1145      626C6500 
 1146              	.LASF174:
 1147 0d95 63686172 		.ascii	"char\000"
 1147      00
 1148              	.LASF185:
 1149 0d9a 47656E65 		.ascii	"Generated_Source\\PSoC6\\cyfitter_sysint_cfg.c\000"
 1149      72617465 
 1149      645F536F 
 1149      75726365 
 1149      5C50536F 
 1150              	.LASF72:
 1151 0dc7 63707573 		.ascii	"cpuss_interrupts_dw0_12_IRQn\000"
 1151      735F696E 
 1151      74657272 
 1151      75707473 
 1151      5F647730 
 1152              	.LASF13:
 1153 0de4 696F7373 		.ascii	"ioss_interrupts_gpio_3_IRQn\000"
 1153      5F696E74 
 1153      65727275 
 1153      7074735F 
 1153      6770696F 
 1154              	.LASF148:
 1155 0e00 70617373 		.ascii	"pass_interrupt_sar_IRQn\000"
 1155      5F696E74 
 1155      65727275 
ARM GAS  C:\Users\gjl\AppData\Local\Temp\ccf6Hl6b.s 			page 31


 1155      70745F73 
 1155      61725F49 
 1156              	.LASF8:
 1157 0e18 50656E64 		.ascii	"PendSV_IRQn\000"
 1157      53565F49 
 1157      52516E00 
 1158              	.LASF54:
 1159 0e24 7363625F 		.ascii	"scb_3_interrupt_IRQn\000"
 1159      335F696E 
 1159      74657272 
 1159      7570745F 
 1159      4952516E 
 1160              	.LASF141:
 1161 0e39 7564625F 		.ascii	"udb_interrupts_9_IRQn\000"
 1161      696E7465 
 1161      72727570 
 1161      74735F39 
 1161      5F495251 
 1162              	.LASF1:
 1163 0e4f 4E6F6E4D 		.ascii	"NonMaskableInt_IRQn\000"
 1163      61736B61 
 1163      626C6549 
 1163      6E745F49 
 1163      52516E00 
 1164              	.LASF163:
 1165 0e63 5F5F696E 		.ascii	"__int32_t\000"
 1165      7433325F 
 1165      7400
 1166              	.LASF127:
 1167 0e6d 74637077 		.ascii	"tcpwm_1_interrupts_19_IRQn\000"
 1167      6D5F315F 
 1167      696E7465 
 1167      72727570 
 1167      74735F31 
 1168              	.LASF57:
 1169 0e88 7363625F 		.ascii	"scb_6_interrupt_IRQn\000"
 1169      365F696E 
 1169      74657272 
 1169      7570745F 
 1169      4952516E 
 1170              	.LASF186:
 1171 0e9d 433A5C47 		.ascii	"C:\\Git\\PSoC6-101-Videos\\Projects_ScreenCapture\\"
 1171      69745C50 
 1171      536F4336 
 1171      2D313031 
 1171      2D566964 
 1172 0ecc 50536F43 		.ascii	"PSoC 6_101\\MainController.cydsn\000"
 1172      20365F31 
 1172      30315C4D 
 1172      61696E43 
 1172      6F6E7472 
 1173              	.LASF11:
 1174 0eec 696F7373 		.ascii	"ioss_interrupts_gpio_1_IRQn\000"
 1174      5F696E74 
 1174      65727275 
 1174      7074735F 
 1174      6770696F 
ARM GAS  C:\Users\gjl\AppData\Local\Temp\ccf6Hl6b.s 			page 32


 1175              	.LASF2:
 1176 0f08 48617264 		.ascii	"HardFault_IRQn\000"
 1176      4661756C 
 1176      745F4952 
 1176      516E00
 1177              	.LASF65:
 1178 0f17 63707573 		.ascii	"cpuss_interrupts_dw0_5_IRQn\000"
 1178      735F696E 
 1178      74657272 
 1178      75707473 
 1178      5F647730 
 1179              	.LASF7:
 1180 0f33 44656275 		.ascii	"DebugMonitor_IRQn\000"
 1180      674D6F6E 
 1180      69746F72 
 1180      5F495251 
 1180      6E00
 1181              	.LASF59:
 1182 0f45 6373645F 		.ascii	"csd_interrupt_IRQn\000"
 1182      696E7465 
 1182      72727570 
 1182      745F4952 
 1182      516E00
 1183              	.LASF35:
 1184 0f58 63707573 		.ascii	"cpuss_interrupts_ipc_0_IRQn\000"
 1184      735F696E 
 1184      74657272 
 1184      75707473 
 1184      5F697063 
 1185              	.LASF130:
 1186 0f74 74637077 		.ascii	"tcpwm_1_interrupts_22_IRQn\000"
 1186      6D5F315F 
 1186      696E7465 
 1186      72727570 
 1186      74735F32 
 1187              	.LASF111:
 1188 0f8f 74637077 		.ascii	"tcpwm_1_interrupts_3_IRQn\000"
 1188      6D5F315F 
 1188      696E7465 
 1188      72727570 
 1188      74735F33 
 1189              	.LASF43:
 1190 0fa9 63707573 		.ascii	"cpuss_interrupts_ipc_8_IRQn\000"
 1190      735F696E 
 1190      74657272 
 1190      75707473 
 1190      5F697063 
 1191              	.LASF78:
 1192 0fc5 63707573 		.ascii	"cpuss_interrupts_dw1_2_IRQn\000"
 1192      735F696E 
 1192      74657272 
 1192      75707473 
 1192      5F647731 
 1193              	.LASF50:
 1194 0fe1 63707573 		.ascii	"cpuss_interrupts_ipc_15_IRQn\000"
 1194      735F696E 
 1194      74657272 
ARM GAS  C:\Users\gjl\AppData\Local\Temp\ccf6Hl6b.s 			page 33


 1194      75707473 
 1194      5F697063 
 1195              	.LASF136:
 1196 0ffe 7564625F 		.ascii	"udb_interrupts_4_IRQn\000"
 1196      696E7465 
 1196      72727570 
 1196      74735F34 
 1196      5F495251 
 1197              	.LASF122:
 1198 1014 74637077 		.ascii	"tcpwm_1_interrupts_14_IRQn\000"
 1198      6D5F315F 
 1198      696E7465 
 1198      72727570 
 1198      74735F31 
 1199              	.LASF14:
 1200 102f 696F7373 		.ascii	"ioss_interrupts_gpio_4_IRQn\000"
 1200      5F696E74 
 1200      65727275 
 1200      7074735F 
 1200      6770696F 
 1201              	.LASF183:
 1202 104b 43617053 		.ascii	"CapSense_ISR_cfg\000"
 1202      656E7365 
 1202      5F495352 
 1202      5F636667 
 1202      00
 1203              	.LASF22:
 1204 105c 696F7373 		.ascii	"ioss_interrupts_gpio_12_IRQn\000"
 1204      5F696E74 
 1204      65727275 
 1204      7074735F 
 1204      6770696F 
 1205              	.LASF151:
 1206 1079 70726F66 		.ascii	"profile_interrupt_IRQn\000"
 1206      696C655F 
 1206      696E7465 
 1206      72727570 
 1206      745F4952 
 1207              	.LASF88:
 1208 1090 63707573 		.ascii	"cpuss_interrupts_dw1_12_IRQn\000"
 1208      735F696E 
 1208      74657272 
 1208      75707473 
 1208      5F647731 
 1209              	.LASF60:
 1210 10ad 63707573 		.ascii	"cpuss_interrupts_dw0_0_IRQn\000"
 1210      735F696E 
 1210      74657272 
 1210      75707473 
 1210      5F647730 
 1211              	.LASF26:
 1212 10c9 696F7373 		.ascii	"ioss_interrupt_vdd_IRQn\000"
 1212      5F696E74 
 1212      65727275 
 1212      70745F76 
 1212      64645F49 
 1213              	.LASF100:
ARM GAS  C:\Users\gjl\AppData\Local\Temp\ccf6Hl6b.s 			page 34


 1214 10e1 74637077 		.ascii	"tcpwm_0_interrupts_0_IRQn\000"
 1214      6D5F305F 
 1214      696E7465 
 1214      72727570 
 1214      74735F30 
 1215              	.LASF86:
 1216 10fb 63707573 		.ascii	"cpuss_interrupts_dw1_10_IRQn\000"
 1216      735F696E 
 1216      74657272 
 1216      75707473 
 1216      5F647731 
 1217              	.LASF31:
 1218 1118 73727373 		.ascii	"srss_interrupt_backup_IRQn\000"
 1218      5F696E74 
 1218      65727275 
 1218      70745F62 
 1218      61636B75 
 1219              	.LASF45:
 1220 1133 63707573 		.ascii	"cpuss_interrupts_ipc_10_IRQn\000"
 1220      735F696E 
 1220      74657272 
 1220      75707473 
 1220      5F697063 
 1221              	.LASF82:
 1222 1150 63707573 		.ascii	"cpuss_interrupts_dw1_6_IRQn\000"
 1222      735F696E 
 1222      74657272 
 1222      75707473 
 1222      5F647731 
 1223              	.LASF67:
 1224 116c 63707573 		.ascii	"cpuss_interrupts_dw0_7_IRQn\000"
 1224      735F696E 
 1224      74657272 
 1224      75707473 
 1224      5F647730 
 1225              	.LASF178:
 1226 1188 696E7472 		.ascii	"intrPriority\000"
 1226      5072696F 
 1226      72697479 
 1226      00
 1227              	.LASF112:
 1228 1195 74637077 		.ascii	"tcpwm_1_interrupts_4_IRQn\000"
 1228      6D5F315F 
 1228      696E7465 
 1228      72727570 
 1228      74735F34 
 1229              	.LASF96:
 1230 11af 63707573 		.ascii	"cpuss_interrupts_cm0_cti_0_IRQn\000"
 1230      735F696E 
 1230      74657272 
 1230      75707473 
 1230      5F636D30 
 1231              	.LASF18:
 1232 11cf 696F7373 		.ascii	"ioss_interrupts_gpio_8_IRQn\000"
 1232      5F696E74 
 1232      65727275 
 1232      7074735F 
ARM GAS  C:\Users\gjl\AppData\Local\Temp\ccf6Hl6b.s 			page 35


 1232      6770696F 
 1233              	.LASF44:
 1234 11eb 63707573 		.ascii	"cpuss_interrupts_ipc_9_IRQn\000"
 1234      735F696E 
 1234      74657272 
 1234      75707473 
 1234      5F697063 
 1235              	.LASF137:
 1236 1207 7564625F 		.ascii	"udb_interrupts_5_IRQn\000"
 1236      696E7465 
 1236      72727570 
 1236      74735F35 
 1236      5F495251 
 1237              	.LASF48:
 1238 121d 63707573 		.ascii	"cpuss_interrupts_ipc_13_IRQn\000"
 1238      735F696E 
 1238      74657272 
 1238      75707473 
 1238      5F697063 
 1239              		.ident	"GCC: (GNU Tools for ARM Embedded Processors) 5.4.1 20160609 (release) [ARM/embedded-5-bran
