ARM GAS  C:\Users\gjl\AppData\Local\Temp\ccAMvOgj.s 			page 1


   1              		.syntax unified
   2              		.cpu cortex-m4
   3              		.eabi_attribute 27, 1
   4              		.fpu fpv4-sp-d16
   5              		.eabi_attribute 20, 1
   6              		.eabi_attribute 21, 1
   7              		.eabi_attribute 23, 3
   8              		.eabi_attribute 24, 1
   9              		.eabi_attribute 25, 1
  10              		.eabi_attribute 26, 1
  11              		.eabi_attribute 30, 1
  12              		.eabi_attribute 34, 1
  13              		.eabi_attribute 18, 4
  14              		.thumb
  15              		.syntax unified
  16              		.file	"PWM_2.c"
  17              		.text
  18              	.Ltext0:
  19              		.cfi_sections	.debug_frame
  20              		.section	.text.PWM_2_Start,"ax",%progbits
  21              		.align	2
  22              		.global	PWM_2_Start
  23              		.thumb
  24              		.thumb_func
  25              		.type	PWM_2_Start, %function
  26              	PWM_2_Start:
  27              	.LFB179:
  28              		.file 1 "Generated_Source\\PSoC6\\PWM_2.c"
   1:Generated_Source\PSoC6/PWM_2.c **** /*******************************************************************************
   2:Generated_Source\PSoC6/PWM_2.c **** * File Name: PWM_2.c
   3:Generated_Source\PSoC6/PWM_2.c **** * Version 1.0
   4:Generated_Source\PSoC6/PWM_2.c **** *
   5:Generated_Source\PSoC6/PWM_2.c **** * Description:
   6:Generated_Source\PSoC6/PWM_2.c **** *  This file provides the source code to the API for the PWM_2
   7:Generated_Source\PSoC6/PWM_2.c **** *  component.
   8:Generated_Source\PSoC6/PWM_2.c **** *
   9:Generated_Source\PSoC6/PWM_2.c **** ********************************************************************************
  10:Generated_Source\PSoC6/PWM_2.c **** * Copyright 2016-2017, Cypress Semiconductor Corporation.  All rights reserved.
  11:Generated_Source\PSoC6/PWM_2.c **** * You may use this file only in accordance with the license, terms, conditions,
  12:Generated_Source\PSoC6/PWM_2.c **** * disclaimers, and limitations in the end user license agreement accompanying
  13:Generated_Source\PSoC6/PWM_2.c **** * the software package with which this file was provided.
  14:Generated_Source\PSoC6/PWM_2.c **** *******************************************************************************/
  15:Generated_Source\PSoC6/PWM_2.c **** 
  16:Generated_Source\PSoC6/PWM_2.c **** #include "PWM_2.h"
  17:Generated_Source\PSoC6/PWM_2.c **** 
  18:Generated_Source\PSoC6/PWM_2.c **** /** Indicates whether or not the PWM_2 has been initialized. 
  19:Generated_Source\PSoC6/PWM_2.c **** *  The variable is initialized to 0 and set to 1 the first time 
  20:Generated_Source\PSoC6/PWM_2.c **** *  PWM_2_Start() is called. This allows the Component to 
  21:Generated_Source\PSoC6/PWM_2.c **** *  restart without reinitialization after the first call to 
  22:Generated_Source\PSoC6/PWM_2.c **** *  the PWM_2_Start() routine.
  23:Generated_Source\PSoC6/PWM_2.c **** */
  24:Generated_Source\PSoC6/PWM_2.c **** uint8_t PWM_2_initVar = 0U;
  25:Generated_Source\PSoC6/PWM_2.c **** 
  26:Generated_Source\PSoC6/PWM_2.c **** /** The instance-specific configuration structure. This should be used in the 
  27:Generated_Source\PSoC6/PWM_2.c **** *  associated PWM_2_Init() function.
  28:Generated_Source\PSoC6/PWM_2.c **** */ 
  29:Generated_Source\PSoC6/PWM_2.c **** cy_stc_tcpwm_pwm_config_t const PWM_2_config =
ARM GAS  C:\Users\gjl\AppData\Local\Temp\ccAMvOgj.s 			page 2


  30:Generated_Source\PSoC6/PWM_2.c **** {
  31:Generated_Source\PSoC6/PWM_2.c ****     .pwmMode = 4UL,
  32:Generated_Source\PSoC6/PWM_2.c ****     .clockPrescaler = 2UL,
  33:Generated_Source\PSoC6/PWM_2.c ****     .pwmAlignment = 0UL,
  34:Generated_Source\PSoC6/PWM_2.c ****     .deadTimeClocks = 0UL,
  35:Generated_Source\PSoC6/PWM_2.c ****     .runMode = 0UL,
  36:Generated_Source\PSoC6/PWM_2.c ****     .period0 = 20000UL,
  37:Generated_Source\PSoC6/PWM_2.c ****     .period1 = 32768UL,
  38:Generated_Source\PSoC6/PWM_2.c ****     .enablePeriodSwap = false,
  39:Generated_Source\PSoC6/PWM_2.c ****     .compare0 = 1000UL,
  40:Generated_Source\PSoC6/PWM_2.c ****     .compare1 = 16384UL,
  41:Generated_Source\PSoC6/PWM_2.c ****     .enableCompareSwap = false,
  42:Generated_Source\PSoC6/PWM_2.c ****     .interruptSources = 0UL,
  43:Generated_Source\PSoC6/PWM_2.c ****     .invertPWMOut = 0UL,
  44:Generated_Source\PSoC6/PWM_2.c ****     .invertPWMOutN = 0UL,
  45:Generated_Source\PSoC6/PWM_2.c ****     .killMode = 2UL,
  46:Generated_Source\PSoC6/PWM_2.c ****     .swapInputMode = 3UL,
  47:Generated_Source\PSoC6/PWM_2.c ****     .swapInput = CY_TCPWM_INPUT_CREATOR,
  48:Generated_Source\PSoC6/PWM_2.c ****     .reloadInputMode = 3UL,
  49:Generated_Source\PSoC6/PWM_2.c ****     .reloadInput = CY_TCPWM_INPUT_CREATOR,
  50:Generated_Source\PSoC6/PWM_2.c ****     .startInputMode = 0UL,
  51:Generated_Source\PSoC6/PWM_2.c ****     .startInput = CY_TCPWM_INPUT_CREATOR,
  52:Generated_Source\PSoC6/PWM_2.c ****     .killInputMode = 1UL,
  53:Generated_Source\PSoC6/PWM_2.c ****     .killInput = CY_TCPWM_INPUT_CREATOR,
  54:Generated_Source\PSoC6/PWM_2.c ****     .countInputMode = 3UL,
  55:Generated_Source\PSoC6/PWM_2.c ****     .countInput = CY_TCPWM_INPUT_CREATOR,
  56:Generated_Source\PSoC6/PWM_2.c **** };
  57:Generated_Source\PSoC6/PWM_2.c **** 
  58:Generated_Source\PSoC6/PWM_2.c **** 
  59:Generated_Source\PSoC6/PWM_2.c **** /*******************************************************************************
  60:Generated_Source\PSoC6/PWM_2.c **** * Function Name: PWM_2_Start
  61:Generated_Source\PSoC6/PWM_2.c **** ****************************************************************************//**
  62:Generated_Source\PSoC6/PWM_2.c **** *
  63:Generated_Source\PSoC6/PWM_2.c **** *  Calls the PWM_2_Init() when called the first time and enables 
  64:Generated_Source\PSoC6/PWM_2.c **** *  the PWM_2. For subsequent calls the configuration is left 
  65:Generated_Source\PSoC6/PWM_2.c **** *  unchanged and the component is just enabled.
  66:Generated_Source\PSoC6/PWM_2.c **** *
  67:Generated_Source\PSoC6/PWM_2.c **** * \globalvars
  68:Generated_Source\PSoC6/PWM_2.c **** *  \ref PWM_2_initVar
  69:Generated_Source\PSoC6/PWM_2.c **** *
  70:Generated_Source\PSoC6/PWM_2.c **** *******************************************************************************/
  71:Generated_Source\PSoC6/PWM_2.c **** void PWM_2_Start(void)
  72:Generated_Source\PSoC6/PWM_2.c **** {
  29              		.loc 1 72 0
  30              		.cfi_startproc
  31              		@ args = 0, pretend = 0, frame = 0
  32              		@ frame_needed = 0, uses_anonymous_args = 0
  33 0000 08B5     		push	{r3, lr}
  34              		.cfi_def_cfa_offset 8
  35              		.cfi_offset 3, -8
  36              		.cfi_offset 14, -4
  73:Generated_Source\PSoC6/PWM_2.c ****     if (0U == PWM_2_initVar)
  37              		.loc 1 73 0
  38 0002 074B     		ldr	r3, .L4
  39 0004 1B78     		ldrb	r3, [r3]	@ zero_extendqisi2
  40 0006 3BB9     		cbnz	r3, .L2
  74:Generated_Source\PSoC6/PWM_2.c ****     {
ARM GAS  C:\Users\gjl\AppData\Local\Temp\ccAMvOgj.s 			page 3


  75:Generated_Source\PSoC6/PWM_2.c ****         (void) Cy_TCPWM_PWM_Init(PWM_2_HW, PWM_2_CNT_NUM, &PWM_2_config);
  41              		.loc 1 75 0
  42 0008 064A     		ldr	r2, .L4+4
  43 000a 0221     		movs	r1, #2
  44 000c 0648     		ldr	r0, .L4+8
  45 000e FFF7FEFF 		bl	Cy_TCPWM_PWM_Init
  46              	.LVL0:
  76:Generated_Source\PSoC6/PWM_2.c **** 
  77:Generated_Source\PSoC6/PWM_2.c ****         PWM_2_initVar = 1U;
  47              		.loc 1 77 0
  48 0012 0122     		movs	r2, #1
  49 0014 024B     		ldr	r3, .L4
  50 0016 1A70     		strb	r2, [r3]
  51              	.L2:
  52              	.LVL1:
  53              	.LBB4:
  54              	.LBB5:
  55              		.file 2 "Generated_Source\\PSoC6\\pdl\\drivers/peripheral/tcpwm/cy_tcpwm.h"
   1:Generated_Source\PSoC6\pdl\drivers/peripheral/tcpwm/cy_tcpwm.h **** /***************************************************************************//**
   2:Generated_Source\PSoC6\pdl\drivers/peripheral/tcpwm/cy_tcpwm.h **** * \file cy_tcpwm.h
   3:Generated_Source\PSoC6\pdl\drivers/peripheral/tcpwm/cy_tcpwm.h **** * \version 1.0.1
   4:Generated_Source\PSoC6\pdl\drivers/peripheral/tcpwm/cy_tcpwm.h **** *
   5:Generated_Source\PSoC6\pdl\drivers/peripheral/tcpwm/cy_tcpwm.h **** * The header file of the TCPWM driver.
   6:Generated_Source\PSoC6\pdl\drivers/peripheral/tcpwm/cy_tcpwm.h **** *
   7:Generated_Source\PSoC6\pdl\drivers/peripheral/tcpwm/cy_tcpwm.h **** ********************************************************************************
   8:Generated_Source\PSoC6\pdl\drivers/peripheral/tcpwm/cy_tcpwm.h **** * \copyright
   9:Generated_Source\PSoC6\pdl\drivers/peripheral/tcpwm/cy_tcpwm.h **** * Copyright 2016-2018, Cypress Semiconductor Corporation. All rights reserved.
  10:Generated_Source\PSoC6\pdl\drivers/peripheral/tcpwm/cy_tcpwm.h **** * You may use this file only in accordance with the license, terms, conditions,
  11:Generated_Source\PSoC6\pdl\drivers/peripheral/tcpwm/cy_tcpwm.h **** * disclaimers, and limitations in the end user license agreement accompanying
  12:Generated_Source\PSoC6\pdl\drivers/peripheral/tcpwm/cy_tcpwm.h **** * the software package with which this file was provided.
  13:Generated_Source\PSoC6\pdl\drivers/peripheral/tcpwm/cy_tcpwm.h **** *******************************************************************************/
  14:Generated_Source\PSoC6\pdl\drivers/peripheral/tcpwm/cy_tcpwm.h **** 
  15:Generated_Source\PSoC6\pdl\drivers/peripheral/tcpwm/cy_tcpwm.h **** /**
  16:Generated_Source\PSoC6\pdl\drivers/peripheral/tcpwm/cy_tcpwm.h **** * \defgroup group_tcpwm Timer Counter PWM (TCPWM)
  17:Generated_Source\PSoC6\pdl\drivers/peripheral/tcpwm/cy_tcpwm.h **** * \{
  18:Generated_Source\PSoC6\pdl\drivers/peripheral/tcpwm/cy_tcpwm.h **** * \defgroup group_tcpwm_common  Common
  19:Generated_Source\PSoC6\pdl\drivers/peripheral/tcpwm/cy_tcpwm.h **** * \defgroup group_tcpwm_counter Timer/Counter (TCPWM)
  20:Generated_Source\PSoC6\pdl\drivers/peripheral/tcpwm/cy_tcpwm.h **** * \defgroup group_tcpwm_pwm     PWM (TCPWM)
  21:Generated_Source\PSoC6\pdl\drivers/peripheral/tcpwm/cy_tcpwm.h **** * \defgroup group_tcpwm_quaddec Quadrature Decoder (TCPWM)
  22:Generated_Source\PSoC6\pdl\drivers/peripheral/tcpwm/cy_tcpwm.h **** * \} */
  23:Generated_Source\PSoC6\pdl\drivers/peripheral/tcpwm/cy_tcpwm.h **** 
  24:Generated_Source\PSoC6\pdl\drivers/peripheral/tcpwm/cy_tcpwm.h **** /**
  25:Generated_Source\PSoC6\pdl\drivers/peripheral/tcpwm/cy_tcpwm.h **** * \addtogroup group_tcpwm
  26:Generated_Source\PSoC6\pdl\drivers/peripheral/tcpwm/cy_tcpwm.h **** * \{
  27:Generated_Source\PSoC6\pdl\drivers/peripheral/tcpwm/cy_tcpwm.h **** * 
  28:Generated_Source\PSoC6\pdl\drivers/peripheral/tcpwm/cy_tcpwm.h **** * The TCPWM driver is a multifunction driver that implements Timer Counter, 
  29:Generated_Source\PSoC6\pdl\drivers/peripheral/tcpwm/cy_tcpwm.h **** * PWM, and Quadrature Decoder functionality using the TCPWM block.
  30:Generated_Source\PSoC6\pdl\drivers/peripheral/tcpwm/cy_tcpwm.h **** *
  31:Generated_Source\PSoC6\pdl\drivers/peripheral/tcpwm/cy_tcpwm.h **** * Each TCPWM block is a collection of counters that can all be triggered 
  32:Generated_Source\PSoC6\pdl\drivers/peripheral/tcpwm/cy_tcpwm.h **** * simultaneously. For each function call, the base register address of 
  33:Generated_Source\PSoC6\pdl\drivers/peripheral/tcpwm/cy_tcpwm.h **** * the TCPWM being used must be passed first, followed by the index of 
  34:Generated_Source\PSoC6\pdl\drivers/peripheral/tcpwm/cy_tcpwm.h **** * the counter you want to touch next. 
  35:Generated_Source\PSoC6\pdl\drivers/peripheral/tcpwm/cy_tcpwm.h **** * For some functions, you can manage multiple counters simultaneously. You 
  36:Generated_Source\PSoC6\pdl\drivers/peripheral/tcpwm/cy_tcpwm.h **** * provide a bit field representing each counter, rather than the single counter 
  37:Generated_Source\PSoC6\pdl\drivers/peripheral/tcpwm/cy_tcpwm.h **** * index). 
  38:Generated_Source\PSoC6\pdl\drivers/peripheral/tcpwm/cy_tcpwm.h **** *
  39:Generated_Source\PSoC6\pdl\drivers/peripheral/tcpwm/cy_tcpwm.h **** * The TCPWM supports three operating modes:
ARM GAS  C:\Users\gjl\AppData\Local\Temp\ccAMvOgj.s 			page 4


  40:Generated_Source\PSoC6\pdl\drivers/peripheral/tcpwm/cy_tcpwm.h **** * * Timer/Counter
  41:Generated_Source\PSoC6\pdl\drivers/peripheral/tcpwm/cy_tcpwm.h **** * * PWM
  42:Generated_Source\PSoC6\pdl\drivers/peripheral/tcpwm/cy_tcpwm.h **** * * Quadrature Decoder
  43:Generated_Source\PSoC6\pdl\drivers/peripheral/tcpwm/cy_tcpwm.h **** *
  44:Generated_Source\PSoC6\pdl\drivers/peripheral/tcpwm/cy_tcpwm.h **** * \n
  45:Generated_Source\PSoC6\pdl\drivers/peripheral/tcpwm/cy_tcpwm.h **** * \b Timer/Counter
  46:Generated_Source\PSoC6\pdl\drivers/peripheral/tcpwm/cy_tcpwm.h **** *
  47:Generated_Source\PSoC6\pdl\drivers/peripheral/tcpwm/cy_tcpwm.h **** * Use this mode whenever a specific timing interval or measurement is 
  48:Generated_Source\PSoC6\pdl\drivers/peripheral/tcpwm/cy_tcpwm.h **** * needed. Examples include:
  49:Generated_Source\PSoC6\pdl\drivers/peripheral/tcpwm/cy_tcpwm.h **** * * Creating a periodic interrupt for running other system tasks
  50:Generated_Source\PSoC6\pdl\drivers/peripheral/tcpwm/cy_tcpwm.h **** * * Measuring frequency of an input signal
  51:Generated_Source\PSoC6\pdl\drivers/peripheral/tcpwm/cy_tcpwm.h **** * * Measuring pulse width of an input signal
  52:Generated_Source\PSoC6\pdl\drivers/peripheral/tcpwm/cy_tcpwm.h **** * * Measuring time between two external events
  53:Generated_Source\PSoC6\pdl\drivers/peripheral/tcpwm/cy_tcpwm.h **** * * Counting events
  54:Generated_Source\PSoC6\pdl\drivers/peripheral/tcpwm/cy_tcpwm.h **** * * Triggering other system resources after x number events
  55:Generated_Source\PSoC6\pdl\drivers/peripheral/tcpwm/cy_tcpwm.h **** * * Capturing time stamps when events occur
  56:Generated_Source\PSoC6\pdl\drivers/peripheral/tcpwm/cy_tcpwm.h **** *
  57:Generated_Source\PSoC6\pdl\drivers/peripheral/tcpwm/cy_tcpwm.h **** * The Timer/Counter has the following features:
  58:Generated_Source\PSoC6\pdl\drivers/peripheral/tcpwm/cy_tcpwm.h **** * * 16- or 32-bit Timer/Counter
  59:Generated_Source\PSoC6\pdl\drivers/peripheral/tcpwm/cy_tcpwm.h **** * * Programmable Period Register
  60:Generated_Source\PSoC6\pdl\drivers/peripheral/tcpwm/cy_tcpwm.h **** * * Programmable Compare Register. Compare value can be swapped with a 
  61:Generated_Source\PSoC6\pdl\drivers/peripheral/tcpwm/cy_tcpwm.h **** * buffered compare value on comparison event
  62:Generated_Source\PSoC6\pdl\drivers/peripheral/tcpwm/cy_tcpwm.h **** * * Capture with buffer register
  63:Generated_Source\PSoC6\pdl\drivers/peripheral/tcpwm/cy_tcpwm.h **** * * Count Up, Count Down, or Count Up and Down Counting modes
  64:Generated_Source\PSoC6\pdl\drivers/peripheral/tcpwm/cy_tcpwm.h **** * * Continuous or One Shot Run modes
  65:Generated_Source\PSoC6\pdl\drivers/peripheral/tcpwm/cy_tcpwm.h **** * * Interrupt and Output on Overflow, Underflow, Capture, or Compare 
  66:Generated_Source\PSoC6\pdl\drivers/peripheral/tcpwm/cy_tcpwm.h **** * * Start, Reload, Stop, Capture, and Count Inputs
  67:Generated_Source\PSoC6\pdl\drivers/peripheral/tcpwm/cy_tcpwm.h **** *
  68:Generated_Source\PSoC6\pdl\drivers/peripheral/tcpwm/cy_tcpwm.h **** * \n
  69:Generated_Source\PSoC6\pdl\drivers/peripheral/tcpwm/cy_tcpwm.h **** * \b PWM
  70:Generated_Source\PSoC6\pdl\drivers/peripheral/tcpwm/cy_tcpwm.h **** *
  71:Generated_Source\PSoC6\pdl\drivers/peripheral/tcpwm/cy_tcpwm.h **** * Use this mode when an output square wave is needed with a specific 
  72:Generated_Source\PSoC6\pdl\drivers/peripheral/tcpwm/cy_tcpwm.h **** * period and duty cycle, such as:
  73:Generated_Source\PSoC6\pdl\drivers/peripheral/tcpwm/cy_tcpwm.h **** * * Creating arbitrary square wave outputs
  74:Generated_Source\PSoC6\pdl\drivers/peripheral/tcpwm/cy_tcpwm.h **** * * Driving an LED (changing the brightness)
  75:Generated_Source\PSoC6\pdl\drivers/peripheral/tcpwm/cy_tcpwm.h **** * * Driving Motors (dead time assertion available)
  76:Generated_Source\PSoC6\pdl\drivers/peripheral/tcpwm/cy_tcpwm.h **** *
  77:Generated_Source\PSoC6\pdl\drivers/peripheral/tcpwm/cy_tcpwm.h **** * The PWM has the following features:
  78:Generated_Source\PSoC6\pdl\drivers/peripheral/tcpwm/cy_tcpwm.h **** * * 16- or 32-bit Counter
  79:Generated_Source\PSoC6\pdl\drivers/peripheral/tcpwm/cy_tcpwm.h **** * * Two Programmable Period registers that can be swapped
  80:Generated_Source\PSoC6\pdl\drivers/peripheral/tcpwm/cy_tcpwm.h **** * * Two Output Compare registers that can be swapped on overflow and/or 
  81:Generated_Source\PSoC6\pdl\drivers/peripheral/tcpwm/cy_tcpwm.h **** * underflow
  82:Generated_Source\PSoC6\pdl\drivers/peripheral/tcpwm/cy_tcpwm.h **** * * Left Aligned, Right Aligned, Center Aligned, and Asymmetric Aligned modes
  83:Generated_Source\PSoC6\pdl\drivers/peripheral/tcpwm/cy_tcpwm.h **** * * Continuous or One Shot run modes
  84:Generated_Source\PSoC6\pdl\drivers/peripheral/tcpwm/cy_tcpwm.h **** * * Pseudo Random mode
  85:Generated_Source\PSoC6\pdl\drivers/peripheral/tcpwm/cy_tcpwm.h **** * * Two PWM outputs with Dead Time insertion, and programmable polarity
  86:Generated_Source\PSoC6\pdl\drivers/peripheral/tcpwm/cy_tcpwm.h **** * * Interrupt and Output on Overflow, Underflow, or Compare 
  87:Generated_Source\PSoC6\pdl\drivers/peripheral/tcpwm/cy_tcpwm.h **** * * Start, Reload, Stop, Swap (Capture), and Count Inputs
  88:Generated_Source\PSoC6\pdl\drivers/peripheral/tcpwm/cy_tcpwm.h **** * * Multiple Components can be synchronized together for applications 
  89:Generated_Source\PSoC6\pdl\drivers/peripheral/tcpwm/cy_tcpwm.h **** * such as three phase motor control
  90:Generated_Source\PSoC6\pdl\drivers/peripheral/tcpwm/cy_tcpwm.h **** *
  91:Generated_Source\PSoC6\pdl\drivers/peripheral/tcpwm/cy_tcpwm.h **** * \n
  92:Generated_Source\PSoC6\pdl\drivers/peripheral/tcpwm/cy_tcpwm.h **** * \b Quadrature \b Decoder
  93:Generated_Source\PSoC6\pdl\drivers/peripheral/tcpwm/cy_tcpwm.h **** *
  94:Generated_Source\PSoC6\pdl\drivers/peripheral/tcpwm/cy_tcpwm.h **** * A quadrature decoder is used to decode the output of a quadrature encoder. 
  95:Generated_Source\PSoC6\pdl\drivers/peripheral/tcpwm/cy_tcpwm.h **** * A quadrature encoder senses the position, velocity, and direction of 
  96:Generated_Source\PSoC6\pdl\drivers/peripheral/tcpwm/cy_tcpwm.h **** * an object (for example a rotating axle, or a spinning mouse ball). 
ARM GAS  C:\Users\gjl\AppData\Local\Temp\ccAMvOgj.s 			page 5


  97:Generated_Source\PSoC6\pdl\drivers/peripheral/tcpwm/cy_tcpwm.h **** * A quadrature decoder can also be used for precision measurement of speed, 
  98:Generated_Source\PSoC6\pdl\drivers/peripheral/tcpwm/cy_tcpwm.h **** * acceleration, and position of a motor's rotor, or with a rotary switch to 
  99:Generated_Source\PSoC6\pdl\drivers/peripheral/tcpwm/cy_tcpwm.h **** * determine user input. \n
 100:Generated_Source\PSoC6\pdl\drivers/peripheral/tcpwm/cy_tcpwm.h **** * 
 101:Generated_Source\PSoC6\pdl\drivers/peripheral/tcpwm/cy_tcpwm.h **** * The Quadrature Decoder has the following features:
 102:Generated_Source\PSoC6\pdl\drivers/peripheral/tcpwm/cy_tcpwm.h **** * * 16- or 32-bit Counter
 103:Generated_Source\PSoC6\pdl\drivers/peripheral/tcpwm/cy_tcpwm.h **** * * Counter Resolution of x1, x2, and x4 the frequency of the phiA (Count) and 
 104:Generated_Source\PSoC6\pdl\drivers/peripheral/tcpwm/cy_tcpwm.h **** * phiB (Start) inputs
 105:Generated_Source\PSoC6\pdl\drivers/peripheral/tcpwm/cy_tcpwm.h **** * * Index Input to determine absolute position
 106:Generated_Source\PSoC6\pdl\drivers/peripheral/tcpwm/cy_tcpwm.h **** * * A positive edge on phiA increments the counter when phiB is 0 and decrements
 107:Generated_Source\PSoC6\pdl\drivers/peripheral/tcpwm/cy_tcpwm.h **** * the counter when phiB is 1
 108:Generated_Source\PSoC6\pdl\drivers/peripheral/tcpwm/cy_tcpwm.h **** *
 109:Generated_Source\PSoC6\pdl\drivers/peripheral/tcpwm/cy_tcpwm.h **** * \section group_tcpwm_configuration Configuration Considerations
 110:Generated_Source\PSoC6\pdl\drivers/peripheral/tcpwm/cy_tcpwm.h **** *
 111:Generated_Source\PSoC6\pdl\drivers/peripheral/tcpwm/cy_tcpwm.h **** * For each mode, the TCPWM driver has a configuration structure, an Init 
 112:Generated_Source\PSoC6\pdl\drivers/peripheral/tcpwm/cy_tcpwm.h **** * function, and an Enable function. 
 113:Generated_Source\PSoC6\pdl\drivers/peripheral/tcpwm/cy_tcpwm.h **** *
 114:Generated_Source\PSoC6\pdl\drivers/peripheral/tcpwm/cy_tcpwm.h **** * Provide the configuration parameters in the appropriate structure (see
 115:Generated_Source\PSoC6\pdl\drivers/peripheral/tcpwm/cy_tcpwm.h **** * Counter \ref group_tcpwm_data_structures_counter, PWM 
 116:Generated_Source\PSoC6\pdl\drivers/peripheral/tcpwm/cy_tcpwm.h **** * \ref group_tcpwm_data_structures_pwm, or QuadDec 
 117:Generated_Source\PSoC6\pdl\drivers/peripheral/tcpwm/cy_tcpwm.h **** * \ref group_tcpwm_data_structures_quaddec). 
 118:Generated_Source\PSoC6\pdl\drivers/peripheral/tcpwm/cy_tcpwm.h **** * Then call the appropriate Init function: 
 119:Generated_Source\PSoC6\pdl\drivers/peripheral/tcpwm/cy_tcpwm.h **** * \ref Cy_TCPWM_Counter_Init, \ref Cy_TCPWM_PWM_Init, or 
 120:Generated_Source\PSoC6\pdl\drivers/peripheral/tcpwm/cy_tcpwm.h **** * \ref Cy_TCPWM_QuadDec_Init. Provide the address of the filled structure as a 
 121:Generated_Source\PSoC6\pdl\drivers/peripheral/tcpwm/cy_tcpwm.h **** * parameter. To enable the counter, call the appropriate Enable function: 
 122:Generated_Source\PSoC6\pdl\drivers/peripheral/tcpwm/cy_tcpwm.h **** * \ref Cy_TCPWM_Counter_Enable, \ref Cy_TCPWM_PWM_Enable, or 
 123:Generated_Source\PSoC6\pdl\drivers/peripheral/tcpwm/cy_tcpwm.h **** * \ref Cy_TCPWM_QuadDec_Enable).
 124:Generated_Source\PSoC6\pdl\drivers/peripheral/tcpwm/cy_tcpwm.h **** *
 125:Generated_Source\PSoC6\pdl\drivers/peripheral/tcpwm/cy_tcpwm.h **** * Many functions work with an individual counter. You can also manage multiple 
 126:Generated_Source\PSoC6\pdl\drivers/peripheral/tcpwm/cy_tcpwm.h **** * counters simultaneously for certain functions. These are listed in the 
 127:Generated_Source\PSoC6\pdl\drivers/peripheral/tcpwm/cy_tcpwm.h **** * \ref group_tcpwm_functions_common 
 128:Generated_Source\PSoC6\pdl\drivers/peripheral/tcpwm/cy_tcpwm.h **** * section of the TCPWM. You can enable, disable, or trigger (in various ways) 
 129:Generated_Source\PSoC6\pdl\drivers/peripheral/tcpwm/cy_tcpwm.h **** * multiple counters simultaneously. For these functions you provide a bit field 
 130:Generated_Source\PSoC6\pdl\drivers/peripheral/tcpwm/cy_tcpwm.h **** * representing each counter in the TCPWM you want to control. You can 
 131:Generated_Source\PSoC6\pdl\drivers/peripheral/tcpwm/cy_tcpwm.h **** * represent the bit field as an ORed mask of each counter, like 
 132:Generated_Source\PSoC6\pdl\drivers/peripheral/tcpwm/cy_tcpwm.h **** * ((1U << cntNumX) | (1U << cntNumX) | (1U << cntNumX)), where X is the counter 
 133:Generated_Source\PSoC6\pdl\drivers/peripheral/tcpwm/cy_tcpwm.h **** * number from 0 to 31.
 134:Generated_Source\PSoC6\pdl\drivers/peripheral/tcpwm/cy_tcpwm.h **** *
 135:Generated_Source\PSoC6\pdl\drivers/peripheral/tcpwm/cy_tcpwm.h **** * \note
 136:Generated_Source\PSoC6\pdl\drivers/peripheral/tcpwm/cy_tcpwm.h **** * * If none of the input terminals (start, reload(index)) are used, the 
 137:Generated_Source\PSoC6\pdl\drivers/peripheral/tcpwm/cy_tcpwm.h **** * software event \ref Cy_TCPWM_TriggerStart or 
 138:Generated_Source\PSoC6\pdl\drivers/peripheral/tcpwm/cy_tcpwm.h **** * \ref Cy_TCPWM_TriggerReloadOrIndex must be called to start the counting.
 139:Generated_Source\PSoC6\pdl\drivers/peripheral/tcpwm/cy_tcpwm.h **** * * If count input terminal is not used, the \ref CY_TCPWM_INPUT_LEVEL macro 
 140:Generated_Source\PSoC6\pdl\drivers/peripheral/tcpwm/cy_tcpwm.h **** * should be set for the countInputMode parameter and the \ref CY_TCPWM_INPUT_1 
 141:Generated_Source\PSoC6\pdl\drivers/peripheral/tcpwm/cy_tcpwm.h **** * macro should be set for the countInputMode parameter in the configuration 
 142:Generated_Source\PSoC6\pdl\drivers/peripheral/tcpwm/cy_tcpwm.h **** * structure of the appropriate mode(Counter 
 143:Generated_Source\PSoC6\pdl\drivers/peripheral/tcpwm/cy_tcpwm.h **** * \ref group_tcpwm_data_structures_counter, PWM 
 144:Generated_Source\PSoC6\pdl\drivers/peripheral/tcpwm/cy_tcpwm.h **** * \ref group_tcpwm_data_structures_pwm, or QuadDec 
 145:Generated_Source\PSoC6\pdl\drivers/peripheral/tcpwm/cy_tcpwm.h **** * \ref group_tcpwm_data_structures_quaddec).
 146:Generated_Source\PSoC6\pdl\drivers/peripheral/tcpwm/cy_tcpwm.h **** *
 147:Generated_Source\PSoC6\pdl\drivers/peripheral/tcpwm/cy_tcpwm.h **** * \section group_tcpwm_more_information More Information
 148:Generated_Source\PSoC6\pdl\drivers/peripheral/tcpwm/cy_tcpwm.h **** *
 149:Generated_Source\PSoC6\pdl\drivers/peripheral/tcpwm/cy_tcpwm.h **** * For more information on the TCPWM peripheral, refer to the technical 
 150:Generated_Source\PSoC6\pdl\drivers/peripheral/tcpwm/cy_tcpwm.h **** * reference manual (TRM).
 151:Generated_Source\PSoC6\pdl\drivers/peripheral/tcpwm/cy_tcpwm.h **** *
 152:Generated_Source\PSoC6\pdl\drivers/peripheral/tcpwm/cy_tcpwm.h **** * \section group_tcpwm_MISRA MISRA-C Compliance 
 153:Generated_Source\PSoC6\pdl\drivers/peripheral/tcpwm/cy_tcpwm.h **** * <table class="doxtable">
ARM GAS  C:\Users\gjl\AppData\Local\Temp\ccAMvOgj.s 			page 6


 154:Generated_Source\PSoC6\pdl\drivers/peripheral/tcpwm/cy_tcpwm.h **** *   <tr>
 155:Generated_Source\PSoC6\pdl\drivers/peripheral/tcpwm/cy_tcpwm.h **** *     <th>MISRA Rule</th>
 156:Generated_Source\PSoC6\pdl\drivers/peripheral/tcpwm/cy_tcpwm.h **** *     <th>Rule Class (Required/Advisory)</th>
 157:Generated_Source\PSoC6\pdl\drivers/peripheral/tcpwm/cy_tcpwm.h **** *     <th>Rule Description</th>
 158:Generated_Source\PSoC6\pdl\drivers/peripheral/tcpwm/cy_tcpwm.h **** *     <th>Description of Deviation(s)</th>
 159:Generated_Source\PSoC6\pdl\drivers/peripheral/tcpwm/cy_tcpwm.h **** *   </tr>
 160:Generated_Source\PSoC6\pdl\drivers/peripheral/tcpwm/cy_tcpwm.h **** *   <tr>
 161:Generated_Source\PSoC6\pdl\drivers/peripheral/tcpwm/cy_tcpwm.h **** *     <td>14.2</td>
 162:Generated_Source\PSoC6\pdl\drivers/peripheral/tcpwm/cy_tcpwm.h **** *     <td>R</td>
 163:Generated_Source\PSoC6\pdl\drivers/peripheral/tcpwm/cy_tcpwm.h **** *     <td>All non-null statements shall either: a) have at least one side-effect
 164:Generated_Source\PSoC6\pdl\drivers/peripheral/tcpwm/cy_tcpwm.h **** *         however executed, or b) cause control flow to change.</td>
 165:Generated_Source\PSoC6\pdl\drivers/peripheral/tcpwm/cy_tcpwm.h **** *     <td>The unused function parameters are cast to void. This statement
 166:Generated_Source\PSoC6\pdl\drivers/peripheral/tcpwm/cy_tcpwm.h **** *         has no side-effect and is used to suppress a compiler warning.</td>
 167:Generated_Source\PSoC6\pdl\drivers/peripheral/tcpwm/cy_tcpwm.h **** *   </tr>
 168:Generated_Source\PSoC6\pdl\drivers/peripheral/tcpwm/cy_tcpwm.h **** * </table>
 169:Generated_Source\PSoC6\pdl\drivers/peripheral/tcpwm/cy_tcpwm.h **** *
 170:Generated_Source\PSoC6\pdl\drivers/peripheral/tcpwm/cy_tcpwm.h **** * \section group_tcpwm_changelog Changelog
 171:Generated_Source\PSoC6\pdl\drivers/peripheral/tcpwm/cy_tcpwm.h **** * <table class="doxtable">
 172:Generated_Source\PSoC6\pdl\drivers/peripheral/tcpwm/cy_tcpwm.h **** *   <tr><th>Version</th><th>Changes</th><th>Reason for Change</th></tr>
 173:Generated_Source\PSoC6\pdl\drivers/peripheral/tcpwm/cy_tcpwm.h **** *   <tr>
 174:Generated_Source\PSoC6\pdl\drivers/peripheral/tcpwm/cy_tcpwm.h **** *     <td>1.0.1</td>
 175:Generated_Source\PSoC6\pdl\drivers/peripheral/tcpwm/cy_tcpwm.h **** *     <td>Added a deviation to the MISRA Compliance section.
 176:Generated_Source\PSoC6\pdl\drivers/peripheral/tcpwm/cy_tcpwm.h **** *         Added function-level code snippets.</td>
 177:Generated_Source\PSoC6\pdl\drivers/peripheral/tcpwm/cy_tcpwm.h **** *     <td>Documentation update and clarification</td>
 178:Generated_Source\PSoC6\pdl\drivers/peripheral/tcpwm/cy_tcpwm.h **** *   </tr>
 179:Generated_Source\PSoC6\pdl\drivers/peripheral/tcpwm/cy_tcpwm.h **** *   <tr>
 180:Generated_Source\PSoC6\pdl\drivers/peripheral/tcpwm/cy_tcpwm.h **** *     <td>1.0</td>
 181:Generated_Source\PSoC6\pdl\drivers/peripheral/tcpwm/cy_tcpwm.h **** *     <td>Initial version</td>
 182:Generated_Source\PSoC6\pdl\drivers/peripheral/tcpwm/cy_tcpwm.h **** *     <td></td>
 183:Generated_Source\PSoC6\pdl\drivers/peripheral/tcpwm/cy_tcpwm.h **** *   </tr>
 184:Generated_Source\PSoC6\pdl\drivers/peripheral/tcpwm/cy_tcpwm.h **** * </table>
 185:Generated_Source\PSoC6\pdl\drivers/peripheral/tcpwm/cy_tcpwm.h **** */
 186:Generated_Source\PSoC6\pdl\drivers/peripheral/tcpwm/cy_tcpwm.h **** 
 187:Generated_Source\PSoC6\pdl\drivers/peripheral/tcpwm/cy_tcpwm.h **** /** \} group_tcpwm */
 188:Generated_Source\PSoC6\pdl\drivers/peripheral/tcpwm/cy_tcpwm.h **** 
 189:Generated_Source\PSoC6\pdl\drivers/peripheral/tcpwm/cy_tcpwm.h **** /**
 190:Generated_Source\PSoC6\pdl\drivers/peripheral/tcpwm/cy_tcpwm.h **** * \addtogroup group_tcpwm_common
 191:Generated_Source\PSoC6\pdl\drivers/peripheral/tcpwm/cy_tcpwm.h **** * Common API for the Timer Counter PWM Block.
 192:Generated_Source\PSoC6\pdl\drivers/peripheral/tcpwm/cy_tcpwm.h **** * \{
 193:Generated_Source\PSoC6\pdl\drivers/peripheral/tcpwm/cy_tcpwm.h **** * \defgroup group_tcpwm_macros_common           Macros
 194:Generated_Source\PSoC6\pdl\drivers/peripheral/tcpwm/cy_tcpwm.h **** * \defgroup group_tcpwm_functions_common        Functions
 195:Generated_Source\PSoC6\pdl\drivers/peripheral/tcpwm/cy_tcpwm.h **** * \defgroup group_tcpwm_data_structures_common  Data Structures
 196:Generated_Source\PSoC6\pdl\drivers/peripheral/tcpwm/cy_tcpwm.h **** * \defgroup group_tcpwm_enums Enumerated Types
 197:Generated_Source\PSoC6\pdl\drivers/peripheral/tcpwm/cy_tcpwm.h **** */
 198:Generated_Source\PSoC6\pdl\drivers/peripheral/tcpwm/cy_tcpwm.h **** 
 199:Generated_Source\PSoC6\pdl\drivers/peripheral/tcpwm/cy_tcpwm.h **** 
 200:Generated_Source\PSoC6\pdl\drivers/peripheral/tcpwm/cy_tcpwm.h **** #if !defined(CY_TCPWM_H)
 201:Generated_Source\PSoC6\pdl\drivers/peripheral/tcpwm/cy_tcpwm.h **** #define CY_TCPWM_H
 202:Generated_Source\PSoC6\pdl\drivers/peripheral/tcpwm/cy_tcpwm.h **** 
 203:Generated_Source\PSoC6\pdl\drivers/peripheral/tcpwm/cy_tcpwm.h **** #include <stdint.h>
 204:Generated_Source\PSoC6\pdl\drivers/peripheral/tcpwm/cy_tcpwm.h **** #include <stdbool.h>
 205:Generated_Source\PSoC6\pdl\drivers/peripheral/tcpwm/cy_tcpwm.h **** #include <stddef.h>
 206:Generated_Source\PSoC6\pdl\drivers/peripheral/tcpwm/cy_tcpwm.h **** #include "syslib/cy_syslib.h"
 207:Generated_Source\PSoC6\pdl\drivers/peripheral/tcpwm/cy_tcpwm.h **** #include "cy_device_headers.h"
 208:Generated_Source\PSoC6\pdl\drivers/peripheral/tcpwm/cy_tcpwm.h **** 
 209:Generated_Source\PSoC6\pdl\drivers/peripheral/tcpwm/cy_tcpwm.h **** #ifndef CY_IP_MXTCPWM
 210:Generated_Source\PSoC6\pdl\drivers/peripheral/tcpwm/cy_tcpwm.h ****     #error "The TCPWM driver is not supported on this device"
ARM GAS  C:\Users\gjl\AppData\Local\Temp\ccAMvOgj.s 			page 7


 211:Generated_Source\PSoC6\pdl\drivers/peripheral/tcpwm/cy_tcpwm.h **** #endif
 212:Generated_Source\PSoC6\pdl\drivers/peripheral/tcpwm/cy_tcpwm.h **** 
 213:Generated_Source\PSoC6\pdl\drivers/peripheral/tcpwm/cy_tcpwm.h **** #if defined(__cplusplus)
 214:Generated_Source\PSoC6\pdl\drivers/peripheral/tcpwm/cy_tcpwm.h **** extern "C" {
 215:Generated_Source\PSoC6\pdl\drivers/peripheral/tcpwm/cy_tcpwm.h **** #endif
 216:Generated_Source\PSoC6\pdl\drivers/peripheral/tcpwm/cy_tcpwm.h **** 
 217:Generated_Source\PSoC6\pdl\drivers/peripheral/tcpwm/cy_tcpwm.h **** /**
 218:Generated_Source\PSoC6\pdl\drivers/peripheral/tcpwm/cy_tcpwm.h **** * \addtogroup group_tcpwm_macros_common
 219:Generated_Source\PSoC6\pdl\drivers/peripheral/tcpwm/cy_tcpwm.h **** * \{
 220:Generated_Source\PSoC6\pdl\drivers/peripheral/tcpwm/cy_tcpwm.h **** */
 221:Generated_Source\PSoC6\pdl\drivers/peripheral/tcpwm/cy_tcpwm.h **** 
 222:Generated_Source\PSoC6\pdl\drivers/peripheral/tcpwm/cy_tcpwm.h **** /** Driver major version */
 223:Generated_Source\PSoC6\pdl\drivers/peripheral/tcpwm/cy_tcpwm.h **** #define CY_TCPWM_DRV_VERSION_MAJOR       1
 224:Generated_Source\PSoC6\pdl\drivers/peripheral/tcpwm/cy_tcpwm.h **** 
 225:Generated_Source\PSoC6\pdl\drivers/peripheral/tcpwm/cy_tcpwm.h **** /** Driver minor version */
 226:Generated_Source\PSoC6\pdl\drivers/peripheral/tcpwm/cy_tcpwm.h **** #define CY_TCPWM_DRV_VERSION_MINOR       0
 227:Generated_Source\PSoC6\pdl\drivers/peripheral/tcpwm/cy_tcpwm.h **** 
 228:Generated_Source\PSoC6\pdl\drivers/peripheral/tcpwm/cy_tcpwm.h **** 
 229:Generated_Source\PSoC6\pdl\drivers/peripheral/tcpwm/cy_tcpwm.h **** /******************************************************************************
 230:Generated_Source\PSoC6\pdl\drivers/peripheral/tcpwm/cy_tcpwm.h **** * API Constants
 231:Generated_Source\PSoC6\pdl\drivers/peripheral/tcpwm/cy_tcpwm.h **** ******************************************************************************/
 232:Generated_Source\PSoC6\pdl\drivers/peripheral/tcpwm/cy_tcpwm.h **** 
 233:Generated_Source\PSoC6\pdl\drivers/peripheral/tcpwm/cy_tcpwm.h **** /** TCPWM driver identifier */
 234:Generated_Source\PSoC6\pdl\drivers/peripheral/tcpwm/cy_tcpwm.h **** #define CY_TCPWM_ID                     (CY_PDL_DRV_ID(0x2DU))
 235:Generated_Source\PSoC6\pdl\drivers/peripheral/tcpwm/cy_tcpwm.h **** 
 236:Generated_Source\PSoC6\pdl\drivers/peripheral/tcpwm/cy_tcpwm.h **** /** \defgroup group_tcpwm_input_selection  TCPWM Input Selection
 237:Generated_Source\PSoC6\pdl\drivers/peripheral/tcpwm/cy_tcpwm.h **** * \{
 238:Generated_Source\PSoC6\pdl\drivers/peripheral/tcpwm/cy_tcpwm.h **** * Selects which input to use
 239:Generated_Source\PSoC6\pdl\drivers/peripheral/tcpwm/cy_tcpwm.h **** */
 240:Generated_Source\PSoC6\pdl\drivers/peripheral/tcpwm/cy_tcpwm.h **** #define CY_TCPWM_INPUT_0                (0U)  /**< Input is tied to logic 0 */
 241:Generated_Source\PSoC6\pdl\drivers/peripheral/tcpwm/cy_tcpwm.h **** #define CY_TCPWM_INPUT_1                (1U)  /**< Input is tied to logic 1 */
 242:Generated_Source\PSoC6\pdl\drivers/peripheral/tcpwm/cy_tcpwm.h **** #define CY_TCPWM_INPUT_TRIG_0           (2U)  /**< Input is connected to the trigger input 0 */
 243:Generated_Source\PSoC6\pdl\drivers/peripheral/tcpwm/cy_tcpwm.h **** #define CY_TCPWM_INPUT_TRIG_1           (3U)  /**< Input is connected to the trigger input 1 */
 244:Generated_Source\PSoC6\pdl\drivers/peripheral/tcpwm/cy_tcpwm.h **** #define CY_TCPWM_INPUT_TRIG_2           (4U)  /**< Input is connected to the trigger input 2 */
 245:Generated_Source\PSoC6\pdl\drivers/peripheral/tcpwm/cy_tcpwm.h **** #define CY_TCPWM_INPUT_TRIG_3           (5U)  /**< Input is connected to the trigger input 3 */
 246:Generated_Source\PSoC6\pdl\drivers/peripheral/tcpwm/cy_tcpwm.h **** #define CY_TCPWM_INPUT_TRIG_4           (6U)  /**< Input is connected to the trigger input 4 */
 247:Generated_Source\PSoC6\pdl\drivers/peripheral/tcpwm/cy_tcpwm.h **** #define CY_TCPWM_INPUT_TRIG_5           (7U)  /**< Input is connected to the trigger input 5 */
 248:Generated_Source\PSoC6\pdl\drivers/peripheral/tcpwm/cy_tcpwm.h **** #define CY_TCPWM_INPUT_TRIG_6           (8U)  /**< Input is connected to the trigger input 6 */
 249:Generated_Source\PSoC6\pdl\drivers/peripheral/tcpwm/cy_tcpwm.h **** #define CY_TCPWM_INPUT_TRIG_7           (9U)  /**< Input is connected to the trigger input 7 */
 250:Generated_Source\PSoC6\pdl\drivers/peripheral/tcpwm/cy_tcpwm.h **** #define CY_TCPWM_INPUT_TRIG_8           (10U) /**< Input is connected to the trigger input 8 */
 251:Generated_Source\PSoC6\pdl\drivers/peripheral/tcpwm/cy_tcpwm.h **** #define CY_TCPWM_INPUT_TRIG_9           (11U) /**< Input is connected to the trigger input 9 */
 252:Generated_Source\PSoC6\pdl\drivers/peripheral/tcpwm/cy_tcpwm.h **** #define CY_TCPWM_INPUT_TRIG_10          (12U) /**< Input is connected to the trigger input 10 */
 253:Generated_Source\PSoC6\pdl\drivers/peripheral/tcpwm/cy_tcpwm.h **** #define CY_TCPWM_INPUT_TRIG_11          (13U) /**< Input is connected to the trigger input 11 */
 254:Generated_Source\PSoC6\pdl\drivers/peripheral/tcpwm/cy_tcpwm.h **** #define CY_TCPWM_INPUT_TRIG_12          (14U) /**< Input is connected to the trigger input 12 */
 255:Generated_Source\PSoC6\pdl\drivers/peripheral/tcpwm/cy_tcpwm.h **** #define CY_TCPWM_INPUT_TRIG_13          (15U) /**< Input is connected to the trigger input 13 */
 256:Generated_Source\PSoC6\pdl\drivers/peripheral/tcpwm/cy_tcpwm.h **** 
 257:Generated_Source\PSoC6\pdl\drivers/peripheral/tcpwm/cy_tcpwm.h **** /** Input is defined by Creator, and Init() function does not need to configure input */
 258:Generated_Source\PSoC6\pdl\drivers/peripheral/tcpwm/cy_tcpwm.h **** #define CY_TCPWM_INPUT_CREATOR          (0xFFFFFFFFU)
 259:Generated_Source\PSoC6\pdl\drivers/peripheral/tcpwm/cy_tcpwm.h **** /** \} group_tcpwm_input_selection */
 260:Generated_Source\PSoC6\pdl\drivers/peripheral/tcpwm/cy_tcpwm.h **** 
 261:Generated_Source\PSoC6\pdl\drivers/peripheral/tcpwm/cy_tcpwm.h **** /**
 262:Generated_Source\PSoC6\pdl\drivers/peripheral/tcpwm/cy_tcpwm.h **** * \defgroup group_tcpwm_input_modes  Input Modes
 263:Generated_Source\PSoC6\pdl\drivers/peripheral/tcpwm/cy_tcpwm.h **** * \{
 264:Generated_Source\PSoC6\pdl\drivers/peripheral/tcpwm/cy_tcpwm.h **** * Configures how TCPWM inputs behave
 265:Generated_Source\PSoC6\pdl\drivers/peripheral/tcpwm/cy_tcpwm.h **** */
 266:Generated_Source\PSoC6\pdl\drivers/peripheral/tcpwm/cy_tcpwm.h **** /** A rising edge triggers the event (Capture, Start, Reload, etc..) */
 267:Generated_Source\PSoC6\pdl\drivers/peripheral/tcpwm/cy_tcpwm.h **** #define CY_TCPWM_INPUT_RISINGEDGE       (0U)
ARM GAS  C:\Users\gjl\AppData\Local\Temp\ccAMvOgj.s 			page 8


 268:Generated_Source\PSoC6\pdl\drivers/peripheral/tcpwm/cy_tcpwm.h **** /** A falling edge triggers the event (Capture, Start, Reload, etc..) */
 269:Generated_Source\PSoC6\pdl\drivers/peripheral/tcpwm/cy_tcpwm.h **** #define CY_TCPWM_INPUT_FALLINGEDGE      (1U)
 270:Generated_Source\PSoC6\pdl\drivers/peripheral/tcpwm/cy_tcpwm.h **** /** A rising edge or falling edge triggers the event (Capture, Start, Reload, etc..) */
 271:Generated_Source\PSoC6\pdl\drivers/peripheral/tcpwm/cy_tcpwm.h **** #define CY_TCPWM_INPUT_EITHEREDGE       (2U)
 272:Generated_Source\PSoC6\pdl\drivers/peripheral/tcpwm/cy_tcpwm.h **** /** The event is triggered on each edge of the TCPWM clock if the input is high */
 273:Generated_Source\PSoC6\pdl\drivers/peripheral/tcpwm/cy_tcpwm.h **** #define CY_TCPWM_INPUT_LEVEL            (3U)
 274:Generated_Source\PSoC6\pdl\drivers/peripheral/tcpwm/cy_tcpwm.h **** /** \} group_tcpwm_input_modes */
 275:Generated_Source\PSoC6\pdl\drivers/peripheral/tcpwm/cy_tcpwm.h **** 
 276:Generated_Source\PSoC6\pdl\drivers/peripheral/tcpwm/cy_tcpwm.h **** /**
 277:Generated_Source\PSoC6\pdl\drivers/peripheral/tcpwm/cy_tcpwm.h **** * \defgroup group_tcpwm_interrupt_sources  Interrupt Sources
 278:Generated_Source\PSoC6\pdl\drivers/peripheral/tcpwm/cy_tcpwm.h **** * \{
 279:Generated_Source\PSoC6\pdl\drivers/peripheral/tcpwm/cy_tcpwm.h **** * Interrupt Sources 
 280:Generated_Source\PSoC6\pdl\drivers/peripheral/tcpwm/cy_tcpwm.h **** */
 281:Generated_Source\PSoC6\pdl\drivers/peripheral/tcpwm/cy_tcpwm.h **** #define CY_TCPWM_INT_ON_TC              (1U) /**< Interrupt on Terminal count(TC) */
 282:Generated_Source\PSoC6\pdl\drivers/peripheral/tcpwm/cy_tcpwm.h **** #define CY_TCPWM_INT_ON_CC              (2U) /**< Interrupt on Compare/Capture(CC) */
 283:Generated_Source\PSoC6\pdl\drivers/peripheral/tcpwm/cy_tcpwm.h **** #define CY_TCPWM_INT_NONE               (0U) /**< No Interrupt */
 284:Generated_Source\PSoC6\pdl\drivers/peripheral/tcpwm/cy_tcpwm.h **** #define CY_TCPWM_INT_ON_CC_OR_TC        (3U) /**< Interrupt on TC or CC */
 285:Generated_Source\PSoC6\pdl\drivers/peripheral/tcpwm/cy_tcpwm.h **** /** \} group_tcpwm_interrupt_sources */
 286:Generated_Source\PSoC6\pdl\drivers/peripheral/tcpwm/cy_tcpwm.h **** 
 287:Generated_Source\PSoC6\pdl\drivers/peripheral/tcpwm/cy_tcpwm.h **** 
 288:Generated_Source\PSoC6\pdl\drivers/peripheral/tcpwm/cy_tcpwm.h **** /***************************************
 289:Generated_Source\PSoC6\pdl\drivers/peripheral/tcpwm/cy_tcpwm.h **** *        Registers Constants
 290:Generated_Source\PSoC6\pdl\drivers/peripheral/tcpwm/cy_tcpwm.h **** ***************************************/
 291:Generated_Source\PSoC6\pdl\drivers/peripheral/tcpwm/cy_tcpwm.h **** 
 292:Generated_Source\PSoC6\pdl\drivers/peripheral/tcpwm/cy_tcpwm.h **** /**
 293:Generated_Source\PSoC6\pdl\drivers/peripheral/tcpwm/cy_tcpwm.h **** * \defgroup group_tcpwm_reg_const Default registers constants
 294:Generated_Source\PSoC6\pdl\drivers/peripheral/tcpwm/cy_tcpwm.h **** * \{
 295:Generated_Source\PSoC6\pdl\drivers/peripheral/tcpwm/cy_tcpwm.h **** * Default constants for CNT Registers
 296:Generated_Source\PSoC6\pdl\drivers/peripheral/tcpwm/cy_tcpwm.h **** */
 297:Generated_Source\PSoC6\pdl\drivers/peripheral/tcpwm/cy_tcpwm.h **** #define CY_TCPWM_CNT_CTRL_DEFAULT           (0x0U) /**< Default value for CTRL register */
 298:Generated_Source\PSoC6\pdl\drivers/peripheral/tcpwm/cy_tcpwm.h **** #define CY_TCPWM_CNT_COUNTER_DEFAULT        (0x0U) /**< Default value for COUNTER register */
 299:Generated_Source\PSoC6\pdl\drivers/peripheral/tcpwm/cy_tcpwm.h **** #define CY_TCPWM_CNT_CC_DEFAULT             (0xFFFFFFFFU) /**< Default value for CC register */
 300:Generated_Source\PSoC6\pdl\drivers/peripheral/tcpwm/cy_tcpwm.h **** #define CY_TCPWM_CNT_CC_BUFF_DEFAULT        (0xFFFFFFFFU) /**< Default value for CC_BUFF register *
 301:Generated_Source\PSoC6\pdl\drivers/peripheral/tcpwm/cy_tcpwm.h **** #define CY_TCPWM_CNT_PERIOD_DEFAULT         (0xFFFFFFFFU) /**< Default value for PERIOD register */
 302:Generated_Source\PSoC6\pdl\drivers/peripheral/tcpwm/cy_tcpwm.h **** #define CY_TCPWM_CNT_PERIOD_BUFF_DEFAULT    (0xFFFFFFFFU) /**< Default value for PERIOD_BUFF regist
 303:Generated_Source\PSoC6\pdl\drivers/peripheral/tcpwm/cy_tcpwm.h **** #define CY_TCPWM_CNT_TR_CTRL0_DEFAULT       (0x10U)  /**< Default value for TR_CTRL0 register */
 304:Generated_Source\PSoC6\pdl\drivers/peripheral/tcpwm/cy_tcpwm.h **** #define CY_TCPWM_CNT_TR_CTRL1_DEFAULT       (0x3FFU) /**< Default value for TR_CTRL1 register */
 305:Generated_Source\PSoC6\pdl\drivers/peripheral/tcpwm/cy_tcpwm.h **** #define CY_TCPWM_CNT_TR_CTRL2_DEFAULT       (0x3FU)  /**< Default value for TR_CTRL2 register */
 306:Generated_Source\PSoC6\pdl\drivers/peripheral/tcpwm/cy_tcpwm.h **** #define CY_TCPWM_CNT_INTR_DEFAULT           (0x3U)   /**< Default value for INTR register */
 307:Generated_Source\PSoC6\pdl\drivers/peripheral/tcpwm/cy_tcpwm.h **** #define CY_TCPWM_CNT_INTR_SET_DEFAULT       (0x0U)   /**< Default value for INTR_SET register */
 308:Generated_Source\PSoC6\pdl\drivers/peripheral/tcpwm/cy_tcpwm.h **** #define CY_TCPWM_CNT_INTR_MASK_DEFAULT      (0x0U)   /**< Default value for INTR_MASK register */
 309:Generated_Source\PSoC6\pdl\drivers/peripheral/tcpwm/cy_tcpwm.h **** /** \} group_tcpwm_reg_const */
 310:Generated_Source\PSoC6\pdl\drivers/peripheral/tcpwm/cy_tcpwm.h **** 
 311:Generated_Source\PSoC6\pdl\drivers/peripheral/tcpwm/cy_tcpwm.h **** /** Position of Up counting counter status */
 312:Generated_Source\PSoC6\pdl\drivers/peripheral/tcpwm/cy_tcpwm.h **** #define CY_TCPWM_CNT_STATUS_UP_POS          (0x1U)
 313:Generated_Source\PSoC6\pdl\drivers/peripheral/tcpwm/cy_tcpwm.h **** /** Initial value for the counter in the Up counting mode */
 314:Generated_Source\PSoC6\pdl\drivers/peripheral/tcpwm/cy_tcpwm.h **** #define CY_TCPWM_CNT_UP_INIT_VAL            (0x0U)
 315:Generated_Source\PSoC6\pdl\drivers/peripheral/tcpwm/cy_tcpwm.h **** /** Initial value for the counter in the Up/Down counting modes */
 316:Generated_Source\PSoC6\pdl\drivers/peripheral/tcpwm/cy_tcpwm.h **** #define CY_TCPWM_CNT_UP_DOWN_INIT_VAL       (0x1U)
 317:Generated_Source\PSoC6\pdl\drivers/peripheral/tcpwm/cy_tcpwm.h **** /** \} group_tcpwm_macros_common */
 318:Generated_Source\PSoC6\pdl\drivers/peripheral/tcpwm/cy_tcpwm.h **** 
 319:Generated_Source\PSoC6\pdl\drivers/peripheral/tcpwm/cy_tcpwm.h **** 
 320:Generated_Source\PSoC6\pdl\drivers/peripheral/tcpwm/cy_tcpwm.h **** /*******************************************************************************
 321:Generated_Source\PSoC6\pdl\drivers/peripheral/tcpwm/cy_tcpwm.h ****  * Enumerations
 322:Generated_Source\PSoC6\pdl\drivers/peripheral/tcpwm/cy_tcpwm.h ****  ******************************************************************************/
 323:Generated_Source\PSoC6\pdl\drivers/peripheral/tcpwm/cy_tcpwm.h **** 
 324:Generated_Source\PSoC6\pdl\drivers/peripheral/tcpwm/cy_tcpwm.h ****  /**
ARM GAS  C:\Users\gjl\AppData\Local\Temp\ccAMvOgj.s 			page 9


 325:Generated_Source\PSoC6\pdl\drivers/peripheral/tcpwm/cy_tcpwm.h **** * \addtogroup group_tcpwm_enums
 326:Generated_Source\PSoC6\pdl\drivers/peripheral/tcpwm/cy_tcpwm.h **** * \{
 327:Generated_Source\PSoC6\pdl\drivers/peripheral/tcpwm/cy_tcpwm.h **** */
 328:Generated_Source\PSoC6\pdl\drivers/peripheral/tcpwm/cy_tcpwm.h **** 
 329:Generated_Source\PSoC6\pdl\drivers/peripheral/tcpwm/cy_tcpwm.h **** /** TCPWM status definitions */
 330:Generated_Source\PSoC6\pdl\drivers/peripheral/tcpwm/cy_tcpwm.h **** typedef enum 
 331:Generated_Source\PSoC6\pdl\drivers/peripheral/tcpwm/cy_tcpwm.h **** {
 332:Generated_Source\PSoC6\pdl\drivers/peripheral/tcpwm/cy_tcpwm.h ****     CY_TCPWM_SUCCESS = 0x00U,                                           /**< Successful */
 333:Generated_Source\PSoC6\pdl\drivers/peripheral/tcpwm/cy_tcpwm.h ****     CY_TCPWM_BAD_PARAM = CY_TCPWM_ID | CY_PDL_STATUS_ERROR | 0x01U,     /**< One or more invalid pa
 334:Generated_Source\PSoC6\pdl\drivers/peripheral/tcpwm/cy_tcpwm.h **** } cy_en_tcpwm_status_t;
 335:Generated_Source\PSoC6\pdl\drivers/peripheral/tcpwm/cy_tcpwm.h **** /** \} group_tcpwm_enums */
 336:Generated_Source\PSoC6\pdl\drivers/peripheral/tcpwm/cy_tcpwm.h ****  
 337:Generated_Source\PSoC6\pdl\drivers/peripheral/tcpwm/cy_tcpwm.h **** /*******************************************************************************
 338:Generated_Source\PSoC6\pdl\drivers/peripheral/tcpwm/cy_tcpwm.h **** *        Function Prototypes
 339:Generated_Source\PSoC6\pdl\drivers/peripheral/tcpwm/cy_tcpwm.h **** *******************************************************************************/
 340:Generated_Source\PSoC6\pdl\drivers/peripheral/tcpwm/cy_tcpwm.h **** 
 341:Generated_Source\PSoC6\pdl\drivers/peripheral/tcpwm/cy_tcpwm.h **** /**
 342:Generated_Source\PSoC6\pdl\drivers/peripheral/tcpwm/cy_tcpwm.h **** * \addtogroup group_tcpwm_functions_common
 343:Generated_Source\PSoC6\pdl\drivers/peripheral/tcpwm/cy_tcpwm.h **** * \{
 344:Generated_Source\PSoC6\pdl\drivers/peripheral/tcpwm/cy_tcpwm.h **** */
 345:Generated_Source\PSoC6\pdl\drivers/peripheral/tcpwm/cy_tcpwm.h **** 
 346:Generated_Source\PSoC6\pdl\drivers/peripheral/tcpwm/cy_tcpwm.h **** __STATIC_INLINE void Cy_TCPWM_Enable_Multiple(TCPWM_Type *base, uint32_t counters);
 347:Generated_Source\PSoC6\pdl\drivers/peripheral/tcpwm/cy_tcpwm.h **** __STATIC_INLINE void Cy_TCPWM_Disable_Multiple(TCPWM_Type *base, uint32_t counters);
 348:Generated_Source\PSoC6\pdl\drivers/peripheral/tcpwm/cy_tcpwm.h **** __STATIC_INLINE void Cy_TCPWM_TriggerStart(TCPWM_Type *base, uint32_t counters);
 349:Generated_Source\PSoC6\pdl\drivers/peripheral/tcpwm/cy_tcpwm.h **** __STATIC_INLINE void Cy_TCPWM_TriggerReloadOrIndex(TCPWM_Type *base, uint32_t counters);
 350:Generated_Source\PSoC6\pdl\drivers/peripheral/tcpwm/cy_tcpwm.h **** __STATIC_INLINE void Cy_TCPWM_TriggerStopOrKill(TCPWM_Type *base, uint32_t counters);
 351:Generated_Source\PSoC6\pdl\drivers/peripheral/tcpwm/cy_tcpwm.h **** __STATIC_INLINE void Cy_TCPWM_TriggerCaptureOrSwap(TCPWM_Type *base, uint32_t counters);
 352:Generated_Source\PSoC6\pdl\drivers/peripheral/tcpwm/cy_tcpwm.h **** __STATIC_INLINE uint32_t Cy_TCPWM_GetInterruptStatus(TCPWM_Type const *base, uint32_t cntNum);
 353:Generated_Source\PSoC6\pdl\drivers/peripheral/tcpwm/cy_tcpwm.h **** __STATIC_INLINE void Cy_TCPWM_ClearInterrupt(TCPWM_Type *base, uint32_t cntNum, uint32_t source);
 354:Generated_Source\PSoC6\pdl\drivers/peripheral/tcpwm/cy_tcpwm.h **** __STATIC_INLINE void Cy_TCPWM_SetInterrupt(TCPWM_Type *base, uint32_t cntNum, uint32_t source);
 355:Generated_Source\PSoC6\pdl\drivers/peripheral/tcpwm/cy_tcpwm.h **** __STATIC_INLINE void Cy_TCPWM_SetInterruptMask(TCPWM_Type *base, uint32_t cntNum, uint32_t mask);
 356:Generated_Source\PSoC6\pdl\drivers/peripheral/tcpwm/cy_tcpwm.h **** __STATIC_INLINE uint32_t Cy_TCPWM_GetInterruptMask(TCPWM_Type const *base, uint32_t cntNum);
 357:Generated_Source\PSoC6\pdl\drivers/peripheral/tcpwm/cy_tcpwm.h **** __STATIC_INLINE uint32_t Cy_TCPWM_GetInterruptStatusMasked(TCPWM_Type const *base, uint32_t cntNum)
 358:Generated_Source\PSoC6\pdl\drivers/peripheral/tcpwm/cy_tcpwm.h **** 
 359:Generated_Source\PSoC6\pdl\drivers/peripheral/tcpwm/cy_tcpwm.h **** 
 360:Generated_Source\PSoC6\pdl\drivers/peripheral/tcpwm/cy_tcpwm.h **** /*******************************************************************************
 361:Generated_Source\PSoC6\pdl\drivers/peripheral/tcpwm/cy_tcpwm.h **** * Function Name: Cy_TCPWM_Enable_Multiple
 362:Generated_Source\PSoC6\pdl\drivers/peripheral/tcpwm/cy_tcpwm.h **** ****************************************************************************//**
 363:Generated_Source\PSoC6\pdl\drivers/peripheral/tcpwm/cy_tcpwm.h **** *
 364:Generated_Source\PSoC6\pdl\drivers/peripheral/tcpwm/cy_tcpwm.h **** * Enables the counter(s) in the TCPWM block. Multiple blocks can be started 
 365:Generated_Source\PSoC6\pdl\drivers/peripheral/tcpwm/cy_tcpwm.h **** * simultaneously.
 366:Generated_Source\PSoC6\pdl\drivers/peripheral/tcpwm/cy_tcpwm.h **** *
 367:Generated_Source\PSoC6\pdl\drivers/peripheral/tcpwm/cy_tcpwm.h **** * \param base
 368:Generated_Source\PSoC6\pdl\drivers/peripheral/tcpwm/cy_tcpwm.h **** * The pointer to a TCPWM instance.
 369:Generated_Source\PSoC6\pdl\drivers/peripheral/tcpwm/cy_tcpwm.h **** *
 370:Generated_Source\PSoC6\pdl\drivers/peripheral/tcpwm/cy_tcpwm.h **** * \param counters
 371:Generated_Source\PSoC6\pdl\drivers/peripheral/tcpwm/cy_tcpwm.h **** * A bit field representing each counter in the TCPWM block.
 372:Generated_Source\PSoC6\pdl\drivers/peripheral/tcpwm/cy_tcpwm.h **** *
 373:Generated_Source\PSoC6\pdl\drivers/peripheral/tcpwm/cy_tcpwm.h **** * \funcusage
 374:Generated_Source\PSoC6\pdl\drivers/peripheral/tcpwm/cy_tcpwm.h **** * \snippet tcpwm/tcpwm_v1_0_counter_sut_01.cydsn/main_cm4.c snippet_Cy_TCPWM_Enable_Multiple
 375:Generated_Source\PSoC6\pdl\drivers/peripheral/tcpwm/cy_tcpwm.h **** *
 376:Generated_Source\PSoC6\pdl\drivers/peripheral/tcpwm/cy_tcpwm.h **** *******************************************************************************/
 377:Generated_Source\PSoC6\pdl\drivers/peripheral/tcpwm/cy_tcpwm.h **** __STATIC_INLINE void Cy_TCPWM_Enable_Multiple(TCPWM_Type *base, uint32_t counters)
 378:Generated_Source\PSoC6\pdl\drivers/peripheral/tcpwm/cy_tcpwm.h **** {
 379:Generated_Source\PSoC6\pdl\drivers/peripheral/tcpwm/cy_tcpwm.h ****     base->CTRL_SET = counters;
  56              		.loc 2 379 0
  57 0018 0422     		movs	r2, #4
ARM GAS  C:\Users\gjl\AppData\Local\Temp\ccAMvOgj.s 			page 10


  58 001a 034B     		ldr	r3, .L4+8
  59 001c 9A60     		str	r2, [r3, #8]
  60              	.LVL2:
  61 001e 08BD     		pop	{r3, pc}
  62              	.L5:
  63              		.align	2
  64              	.L4:
  65 0020 00000000 		.word	.LANCHOR0
  66 0024 00000000 		.word	.LANCHOR1
  67 0028 00003840 		.word	1077411840
  68              	.LBE5:
  69              	.LBE4:
  70              		.cfi_endproc
  71              	.LFE179:
  72              		.size	PWM_2_Start, .-PWM_2_Start
  73              		.global	PWM_2_config
  74              		.global	PWM_2_initVar
  75              		.section	.rodata
  76              		.align	2
  77              		.set	.LANCHOR1,. + 0
  78              		.type	PWM_2_config, %object
  79              		.size	PWM_2_config, 100
  80              	PWM_2_config:
  81 0000 04000000 		.word	4
  82 0004 02000000 		.word	2
  83 0008 00000000 		.word	0
  84 000c 00000000 		.word	0
  85 0010 00000000 		.word	0
  86 0014 204E0000 		.word	20000
  87 0018 00800000 		.word	32768
  88 001c 00       		.byte	0
  89 001d 000000   		.space	3
  90 0020 E8030000 		.word	1000
  91 0024 00400000 		.word	16384
  92 0028 00       		.byte	0
  93 0029 000000   		.space	3
  94 002c 00000000 		.word	0
  95 0030 00000000 		.word	0
  96 0034 00000000 		.word	0
  97 0038 02000000 		.word	2
  98 003c 03000000 		.word	3
  99 0040 FFFFFFFF 		.word	-1
 100 0044 03000000 		.word	3
 101 0048 FFFFFFFF 		.word	-1
 102 004c 00000000 		.word	0
 103 0050 FFFFFFFF 		.word	-1
 104 0054 01000000 		.word	1
 105 0058 FFFFFFFF 		.word	-1
 106 005c 03000000 		.word	3
 107 0060 FFFFFFFF 		.word	-1
 108              		.bss
 109              		.set	.LANCHOR0,. + 0
 110              		.type	PWM_2_initVar, %object
 111              		.size	PWM_2_initVar, 1
 112              	PWM_2_initVar:
 113 0000 00       		.space	1
 114              		.text
ARM GAS  C:\Users\gjl\AppData\Local\Temp\ccAMvOgj.s 			page 11


 115              	.Letext0:
 116              		.file 3 "c:\\program files (x86)\\cypress\\psoc creator\\4.2\\psoc creator\\import\\gnu\\arm\\5.4.
 117              		.file 4 "c:\\program files (x86)\\cypress\\psoc creator\\4.2\\psoc creator\\import\\gnu\\arm\\5.4.
 118              		.file 5 "Generated_Source\\PSoC6\\pdl\\devices/psoc6/ip/cyip_tcpwm.h"
 119              		.file 6 "Generated_Source\\PSoC6\\pdl\\drivers/peripheral/tcpwm/cy_tcpwm_pwm.h"
 120              		.file 7 "Generated_Source\\PSoC6\\pdl\\cmsis/include/core_cm4.h"
 121              		.section	.debug_info,"",%progbits
 122              	.Ldebug_info0:
 123 0000 79040000 		.4byte	0x479
 124 0004 0400     		.2byte	0x4
 125 0006 00000000 		.4byte	.Ldebug_abbrev0
 126 000a 04       		.byte	0x4
 127 000b 01       		.uleb128 0x1
 128 000c C7000000 		.4byte	.LASF76
 129 0010 0C       		.byte	0xc
 130 0011 F7020000 		.4byte	.LASF77
 131 0015 AF030000 		.4byte	.LASF78
 132 0019 00000000 		.4byte	.Ldebug_ranges0+0
 133 001d 00000000 		.4byte	0
 134 0021 00000000 		.4byte	.Ldebug_line0
 135 0025 02       		.uleb128 0x2
 136 0026 02       		.byte	0x2
 137 0027 05       		.byte	0x5
 138 0028 76000000 		.4byte	.LASF0
 139 002c 02       		.uleb128 0x2
 140 002d 01       		.byte	0x1
 141 002e 06       		.byte	0x6
 142 002f AC020000 		.4byte	.LASF1
 143 0033 03       		.uleb128 0x3
 144 0034 55020000 		.4byte	.LASF4
 145 0038 03       		.byte	0x3
 146 0039 1D       		.byte	0x1d
 147 003a 3E000000 		.4byte	0x3e
 148 003e 02       		.uleb128 0x2
 149 003f 01       		.byte	0x1
 150 0040 08       		.byte	0x8
 151 0041 8E020000 		.4byte	.LASF2
 152 0045 02       		.uleb128 0x2
 153 0046 02       		.byte	0x2
 154 0047 07       		.byte	0x7
 155 0048 50030000 		.4byte	.LASF3
 156 004c 03       		.uleb128 0x3
 157 004d 30040000 		.4byte	.LASF5
 158 0051 03       		.byte	0x3
 159 0052 3F       		.byte	0x3f
 160 0053 57000000 		.4byte	0x57
 161 0057 02       		.uleb128 0x2
 162 0058 04       		.byte	0x4
 163 0059 05       		.byte	0x5
 164 005a 68030000 		.4byte	.LASF6
 165 005e 03       		.uleb128 0x3
 166 005f 92010000 		.4byte	.LASF7
 167 0063 03       		.byte	0x3
 168 0064 41       		.byte	0x41
 169 0065 69000000 		.4byte	0x69
 170 0069 02       		.uleb128 0x2
 171 006a 04       		.byte	0x4
ARM GAS  C:\Users\gjl\AppData\Local\Temp\ccAMvOgj.s 			page 12


 172 006b 07       		.byte	0x7
 173 006c FE030000 		.4byte	.LASF8
 174 0070 02       		.uleb128 0x2
 175 0071 08       		.byte	0x8
 176 0072 05       		.byte	0x5
 177 0073 2D020000 		.4byte	.LASF9
 178 0077 02       		.uleb128 0x2
 179 0078 08       		.byte	0x8
 180 0079 07       		.byte	0x7
 181 007a C1020000 		.4byte	.LASF10
 182 007e 04       		.uleb128 0x4
 183 007f 04       		.byte	0x4
 184 0080 05       		.byte	0x5
 185 0081 696E7400 		.ascii	"int\000"
 186 0085 02       		.uleb128 0x2
 187 0086 04       		.byte	0x4
 188 0087 07       		.byte	0x7
 189 0088 EA020000 		.4byte	.LASF11
 190 008c 03       		.uleb128 0x3
 191 008d C5010000 		.4byte	.LASF12
 192 0091 04       		.byte	0x4
 193 0092 18       		.byte	0x18
 194 0093 33000000 		.4byte	0x33
 195 0097 03       		.uleb128 0x3
 196 0098 80030000 		.4byte	.LASF13
 197 009c 04       		.byte	0x4
 198 009d 2C       		.byte	0x2c
 199 009e 4C000000 		.4byte	0x4c
 200 00a2 03       		.uleb128 0x3
 201 00a3 D8020000 		.4byte	.LASF14
 202 00a7 04       		.byte	0x4
 203 00a8 30       		.byte	0x30
 204 00a9 5E000000 		.4byte	0x5e
 205 00ad 02       		.uleb128 0x2
 206 00ae 04       		.byte	0x4
 207 00af 07       		.byte	0x7
 208 00b0 80000000 		.4byte	.LASF15
 209 00b4 05       		.uleb128 0x5
 210 00b5 A2000000 		.4byte	0xa2
 211 00b9 06       		.uleb128 0x6
 212 00ba B4000000 		.4byte	0xb4
 213 00be 07       		.uleb128 0x7
 214 00bf 40       		.byte	0x40
 215 00c0 05       		.byte	0x5
 216 00c1 22       		.byte	0x22
 217 00c2 86010000 		.4byte	0x186
 218 00c6 08       		.uleb128 0x8
 219 00c7 9C020000 		.4byte	.LASF16
 220 00cb 05       		.byte	0x5
 221 00cc 23       		.byte	0x23
 222 00cd B4000000 		.4byte	0xb4
 223 00d1 00       		.byte	0
 224 00d2 08       		.uleb128 0x8
 225 00d3 43020000 		.4byte	.LASF17
 226 00d7 05       		.byte	0x5
 227 00d8 24       		.byte	0x24
 228 00d9 B9000000 		.4byte	0xb9
ARM GAS  C:\Users\gjl\AppData\Local\Temp\ccAMvOgj.s 			page 13


 229 00dd 04       		.byte	0x4
 230 00de 08       		.uleb128 0x8
 231 00df 68040000 		.4byte	.LASF18
 232 00e3 05       		.byte	0x5
 233 00e4 25       		.byte	0x25
 234 00e5 B4000000 		.4byte	0xb4
 235 00e9 08       		.byte	0x8
 236 00ea 09       		.uleb128 0x9
 237 00eb 434300   		.ascii	"CC\000"
 238 00ee 05       		.byte	0x5
 239 00ef 26       		.byte	0x26
 240 00f0 B4000000 		.4byte	0xb4
 241 00f4 0C       		.byte	0xc
 242 00f5 08       		.uleb128 0x8
 243 00f6 6B020000 		.4byte	.LASF19
 244 00fa 05       		.byte	0x5
 245 00fb 27       		.byte	0x27
 246 00fc B4000000 		.4byte	0xb4
 247 0100 10       		.byte	0x10
 248 0101 08       		.uleb128 0x8
 249 0102 A3000000 		.4byte	.LASF20
 250 0106 05       		.byte	0x5
 251 0107 28       		.byte	0x28
 252 0108 B4000000 		.4byte	0xb4
 253 010c 14       		.byte	0x14
 254 010d 08       		.uleb128 0x8
 255 010e 89000000 		.4byte	.LASF21
 256 0112 05       		.byte	0x5
 257 0113 29       		.byte	0x29
 258 0114 B4000000 		.4byte	0xb4
 259 0118 18       		.byte	0x18
 260 0119 08       		.uleb128 0x8
 261 011a 78040000 		.4byte	.LASF22
 262 011e 05       		.byte	0x5
 263 011f 2A       		.byte	0x2a
 264 0120 B9000000 		.4byte	0xb9
 265 0124 1C       		.byte	0x1c
 266 0125 08       		.uleb128 0x8
 267 0126 9D010000 		.4byte	.LASF23
 268 012a 05       		.byte	0x5
 269 012b 2B       		.byte	0x2b
 270 012c B4000000 		.4byte	0xb4
 271 0130 20       		.byte	0x20
 272 0131 08       		.uleb128 0x8
 273 0132 B5000000 		.4byte	.LASF24
 274 0136 05       		.byte	0x5
 275 0137 2C       		.byte	0x2c
 276 0138 B4000000 		.4byte	0xb4
 277 013c 24       		.byte	0x24
 278 013d 08       		.uleb128 0x8
 279 013e BE000000 		.4byte	.LASF25
 280 0142 05       		.byte	0x5
 281 0143 2D       		.byte	0x2d
 282 0144 B4000000 		.4byte	0xb4
 283 0148 28       		.byte	0x28
 284 0149 08       		.uleb128 0x8
 285 014a A5030000 		.4byte	.LASF26
ARM GAS  C:\Users\gjl\AppData\Local\Temp\ccAMvOgj.s 			page 14


 286 014e 05       		.byte	0x5
 287 014f 2E       		.byte	0x2e
 288 0150 B9000000 		.4byte	0xb9
 289 0154 2C       		.byte	0x2c
 290 0155 08       		.uleb128 0x8
 291 0156 8E030000 		.4byte	.LASF27
 292 015a 05       		.byte	0x5
 293 015b 2F       		.byte	0x2f
 294 015c B4000000 		.4byte	0xb4
 295 0160 30       		.byte	0x30
 296 0161 08       		.uleb128 0x8
 297 0162 B8020000 		.4byte	.LASF28
 298 0166 05       		.byte	0x5
 299 0167 30       		.byte	0x30
 300 0168 B4000000 		.4byte	0xb4
 301 016c 34       		.byte	0x34
 302 016d 08       		.uleb128 0x8
 303 016e 3A030000 		.4byte	.LASF29
 304 0172 05       		.byte	0x5
 305 0173 31       		.byte	0x31
 306 0174 B4000000 		.4byte	0xb4
 307 0178 38       		.byte	0x38
 308 0179 08       		.uleb128 0x8
 309 017a 5F020000 		.4byte	.LASF30
 310 017e 05       		.byte	0x5
 311 017f 32       		.byte	0x32
 312 0180 B9000000 		.4byte	0xb9
 313 0184 3C       		.byte	0x3c
 314 0185 00       		.byte	0
 315 0186 03       		.uleb128 0x3
 316 0187 67000000 		.4byte	.LASF31
 317 018b 05       		.byte	0x5
 318 018c 33       		.byte	0x33
 319 018d BE000000 		.4byte	0xbe
 320 0191 0A       		.uleb128 0xa
 321 0192 0009     		.2byte	0x900
 322 0194 05       		.byte	0x5
 323 0195 38       		.byte	0x38
 324 0196 14020000 		.4byte	0x214
 325 019a 08       		.uleb128 0x8
 326 019b 9C020000 		.4byte	.LASF16
 327 019f 05       		.byte	0x5
 328 01a0 39       		.byte	0x39
 329 01a1 B4000000 		.4byte	0xb4
 330 01a5 00       		.byte	0
 331 01a6 08       		.uleb128 0x8
 332 01a7 3A040000 		.4byte	.LASF32
 333 01ab 05       		.byte	0x5
 334 01ac 3A       		.byte	0x3a
 335 01ad B4000000 		.4byte	0xb4
 336 01b1 04       		.byte	0x4
 337 01b2 08       		.uleb128 0x8
 338 01b3 E1020000 		.4byte	.LASF33
 339 01b7 05       		.byte	0x5
 340 01b8 3B       		.byte	0x3b
 341 01b9 B4000000 		.4byte	0xb4
 342 01bd 08       		.byte	0x8
ARM GAS  C:\Users\gjl\AppData\Local\Temp\ccAMvOgj.s 			page 15


 343 01be 08       		.uleb128 0x8
 344 01bf D7010000 		.4byte	.LASF34
 345 01c3 05       		.byte	0x5
 346 01c4 3C       		.byte	0x3c
 347 01c5 B4000000 		.4byte	0xb4
 348 01c9 0C       		.byte	0xc
 349 01ca 08       		.uleb128 0x8
 350 01cb AA000000 		.4byte	.LASF35
 351 01cf 05       		.byte	0x5
 352 01d0 3D       		.byte	0x3d
 353 01d1 B4000000 		.4byte	0xb4
 354 01d5 10       		.byte	0x10
 355 01d6 08       		.uleb128 0x8
 356 01d7 31030000 		.4byte	.LASF36
 357 01db 05       		.byte	0x5
 358 01dc 3E       		.byte	0x3e
 359 01dd B4000000 		.4byte	0xb4
 360 01e1 14       		.byte	0x14
 361 01e2 08       		.uleb128 0x8
 362 01e3 F4010000 		.4byte	.LASF37
 363 01e7 05       		.byte	0x5
 364 01e8 3F       		.byte	0x3f
 365 01e9 B4000000 		.4byte	0xb4
 366 01ed 18       		.byte	0x18
 367 01ee 08       		.uleb128 0x8
 368 01ef A1020000 		.4byte	.LASF38
 369 01f3 05       		.byte	0x5
 370 01f4 40       		.byte	0x40
 371 01f5 B9000000 		.4byte	0xb9
 372 01f9 1C       		.byte	0x1c
 373 01fa 08       		.uleb128 0x8
 374 01fb 78040000 		.4byte	.LASF22
 375 01ff 05       		.byte	0x5
 376 0200 41       		.byte	0x41
 377 0201 29020000 		.4byte	0x229
 378 0205 20       		.byte	0x20
 379 0206 0B       		.uleb128 0xb
 380 0207 434E5400 		.ascii	"CNT\000"
 381 020b 05       		.byte	0x5
 382 020c 42       		.byte	0x42
 383 020d 2E020000 		.4byte	0x22e
 384 0211 0001     		.2byte	0x100
 385 0213 00       		.byte	0
 386 0214 0C       		.uleb128 0xc
 387 0215 B9000000 		.4byte	0xb9
 388 0219 24020000 		.4byte	0x224
 389 021d 0D       		.uleb128 0xd
 390 021e AD000000 		.4byte	0xad
 391 0222 37       		.byte	0x37
 392 0223 00       		.byte	0
 393 0224 05       		.uleb128 0x5
 394 0225 14020000 		.4byte	0x214
 395 0229 06       		.uleb128 0x6
 396 022a 24020000 		.4byte	0x224
 397 022e 0C       		.uleb128 0xc
 398 022f 86010000 		.4byte	0x186
 399 0233 3E020000 		.4byte	0x23e
ARM GAS  C:\Users\gjl\AppData\Local\Temp\ccAMvOgj.s 			page 16


 400 0237 0D       		.uleb128 0xd
 401 0238 AD000000 		.4byte	0xad
 402 023c 1F       		.byte	0x1f
 403 023d 00       		.byte	0
 404 023e 03       		.uleb128 0x3
 405 023f A7040000 		.4byte	.LASF39
 406 0243 05       		.byte	0x5
 407 0244 43       		.byte	0x43
 408 0245 91010000 		.4byte	0x191
 409 0249 02       		.uleb128 0x2
 410 024a 08       		.byte	0x8
 411 024b 04       		.byte	0x4
 412 024c 73020000 		.4byte	.LASF40
 413 0250 02       		.uleb128 0x2
 414 0251 01       		.byte	0x1
 415 0252 08       		.byte	0x8
 416 0253 63030000 		.4byte	.LASF41
 417 0257 02       		.uleb128 0x2
 418 0258 04       		.byte	0x4
 419 0259 04       		.byte	0x4
 420 025a 07020000 		.4byte	.LASF42
 421 025e 02       		.uleb128 0x2
 422 025f 08       		.byte	0x8
 423 0260 04       		.byte	0x4
 424 0261 10040000 		.4byte	.LASF43
 425 0265 0E       		.uleb128 0xe
 426 0266 7A010000 		.4byte	.LASF79
 427 026a 64       		.byte	0x64
 428 026b 06       		.byte	0x6
 429 026c 2B       		.byte	0x2b
 430 026d 9E030000 		.4byte	0x39e
 431 0271 08       		.uleb128 0x8
 432 0272 70040000 		.4byte	.LASF44
 433 0276 06       		.byte	0x6
 434 0277 2D       		.byte	0x2d
 435 0278 A2000000 		.4byte	0xa2
 436 027c 00       		.byte	0
 437 027d 08       		.uleb128 0x8
 438 027e 1D000000 		.4byte	.LASF45
 439 0282 06       		.byte	0x6
 440 0283 2F       		.byte	0x2f
 441 0284 A2000000 		.4byte	0xa2
 442 0288 04       		.byte	0x4
 443 0289 08       		.uleb128 0x8
 444 028a A6010000 		.4byte	.LASF46
 445 028e 06       		.byte	0x6
 446 028f 30       		.byte	0x30
 447 0290 A2000000 		.4byte	0xa2
 448 0294 08       		.byte	0x8
 449 0295 08       		.uleb128 0x8
 450 0296 71030000 		.4byte	.LASF47
 451 029a 06       		.byte	0x6
 452 029b 31       		.byte	0x31
 453 029c A2000000 		.4byte	0xa2
 454 02a0 0C       		.byte	0xc
 455 02a1 08       		.uleb128 0x8
 456 02a2 3B020000 		.4byte	.LASF48
ARM GAS  C:\Users\gjl\AppData\Local\Temp\ccAMvOgj.s 			page 17


 457 02a6 06       		.byte	0x6
 458 02a7 32       		.byte	0x32
 459 02a8 A2000000 		.4byte	0xa2
 460 02ac 10       		.byte	0x10
 461 02ad 08       		.uleb128 0x8
 462 02ae 0D020000 		.4byte	.LASF49
 463 02b2 06       		.byte	0x6
 464 02b3 33       		.byte	0x33
 465 02b4 A2000000 		.4byte	0xa2
 466 02b8 14       		.byte	0x14
 467 02b9 08       		.uleb128 0x8
 468 02ba 15020000 		.4byte	.LASF50
 469 02be 06       		.byte	0x6
 470 02bf 34       		.byte	0x34
 471 02c0 A2000000 		.4byte	0xa2
 472 02c4 18       		.byte	0x18
 473 02c5 08       		.uleb128 0x8
 474 02c6 00000000 		.4byte	.LASF51
 475 02ca 06       		.byte	0x6
 476 02cb 35       		.byte	0x35
 477 02cc 9E030000 		.4byte	0x39e
 478 02d0 1C       		.byte	0x1c
 479 02d1 08       		.uleb128 0x8
 480 02d2 3B000000 		.4byte	.LASF52
 481 02d6 06       		.byte	0x6
 482 02d7 36       		.byte	0x36
 483 02d8 A2000000 		.4byte	0xa2
 484 02dc 20       		.byte	0x20
 485 02dd 08       		.uleb128 0x8
 486 02de 44000000 		.4byte	.LASF53
 487 02e2 06       		.byte	0x6
 488 02e3 37       		.byte	0x37
 489 02e4 A2000000 		.4byte	0xa2
 490 02e8 24       		.byte	0x24
 491 02e9 08       		.uleb128 0x8
 492 02ea B3010000 		.4byte	.LASF54
 493 02ee 06       		.byte	0x6
 494 02ef 38       		.byte	0x38
 495 02f0 9E030000 		.4byte	0x39e
 496 02f4 28       		.byte	0x28
 497 02f5 08       		.uleb128 0x8
 498 02f6 E3010000 		.4byte	.LASF55
 499 02fa 06       		.byte	0x6
 500 02fb 3A       		.byte	0x3a
 501 02fc A2000000 		.4byte	0xa2
 502 0300 2C       		.byte	0x2c
 503 0301 08       		.uleb128 0x8
 504 0302 4D040000 		.4byte	.LASF56
 505 0306 06       		.byte	0x6
 506 0307 3B       		.byte	0x3b
 507 0308 A2000000 		.4byte	0xa2
 508 030c 30       		.byte	0x30
 509 030d 08       		.uleb128 0x8
 510 030e 23030000 		.4byte	.LASF57
 511 0312 06       		.byte	0x6
 512 0313 3C       		.byte	0x3c
 513 0314 A2000000 		.4byte	0xa2
ARM GAS  C:\Users\gjl\AppData\Local\Temp\ccAMvOgj.s 			page 18


 514 0318 34       		.byte	0x34
 515 0319 08       		.uleb128 0x8
 516 031a FE010000 		.4byte	.LASF58
 517 031e 06       		.byte	0x6
 518 031f 3D       		.byte	0x3d
 519 0320 A2000000 		.4byte	0xa2
 520 0324 38       		.byte	0x38
 521 0325 08       		.uleb128 0x8
 522 0326 17040000 		.4byte	.LASF59
 523 032a 06       		.byte	0x6
 524 032b 3E       		.byte	0x3e
 525 032c A2000000 		.4byte	0xa2
 526 0330 3C       		.byte	0x3c
 527 0331 08       		.uleb128 0x8
 528 0332 43040000 		.4byte	.LASF60
 529 0336 06       		.byte	0x6
 530 0337 40       		.byte	0x40
 531 0338 A2000000 		.4byte	0xa2
 532 033c 40       		.byte	0x40
 533 033d 08       		.uleb128 0x8
 534 033e 1D020000 		.4byte	.LASF61
 535 0342 06       		.byte	0x6
 536 0343 41       		.byte	0x41
 537 0344 A2000000 		.4byte	0xa2
 538 0348 44       		.byte	0x44
 539 0349 08       		.uleb128 0x8
 540 034a 11000000 		.4byte	.LASF62
 541 034e 06       		.byte	0x6
 542 034f 43       		.byte	0x43
 543 0350 A2000000 		.4byte	0xa2
 544 0354 48       		.byte	0x48
 545 0355 08       		.uleb128 0x8
 546 0356 7F020000 		.4byte	.LASF63
 547 035a 06       		.byte	0x6
 548 035b 44       		.byte	0x44
 549 035c A2000000 		.4byte	0xa2
 550 0360 4C       		.byte	0x4c
 551 0361 08       		.uleb128 0x8
 552 0362 25040000 		.4byte	.LASF64
 553 0366 06       		.byte	0x6
 554 0367 46       		.byte	0x46
 555 0368 A2000000 		.4byte	0xa2
 556 036c 50       		.byte	0x50
 557 036d 08       		.uleb128 0x8
 558 036e 5A040000 		.4byte	.LASF65
 559 0372 06       		.byte	0x6
 560 0373 47       		.byte	0x47
 561 0374 A2000000 		.4byte	0xa2
 562 0378 54       		.byte	0x54
 563 0379 08       		.uleb128 0x8
 564 037a CD010000 		.4byte	.LASF66
 565 037e 06       		.byte	0x6
 566 037f 49       		.byte	0x49
 567 0380 A2000000 		.4byte	0xa2
 568 0384 58       		.byte	0x58
 569 0385 08       		.uleb128 0x8
 570 0386 2C000000 		.4byte	.LASF67
ARM GAS  C:\Users\gjl\AppData\Local\Temp\ccAMvOgj.s 			page 19


 571 038a 06       		.byte	0x6
 572 038b 4A       		.byte	0x4a
 573 038c A2000000 		.4byte	0xa2
 574 0390 5C       		.byte	0x5c
 575 0391 08       		.uleb128 0x8
 576 0392 4A020000 		.4byte	.LASF68
 577 0396 06       		.byte	0x6
 578 0397 4C       		.byte	0x4c
 579 0398 A2000000 		.4byte	0xa2
 580 039c 60       		.byte	0x60
 581 039d 00       		.byte	0
 582 039e 02       		.uleb128 0x2
 583 039f 01       		.byte	0x1
 584 03a0 02       		.byte	0x2
 585 03a1 88030000 		.4byte	.LASF69
 586 03a5 03       		.uleb128 0x3
 587 03a6 4D000000 		.4byte	.LASF70
 588 03aa 06       		.byte	0x6
 589 03ab 4D       		.byte	0x4d
 590 03ac 65020000 		.4byte	0x265
 591 03b0 0F       		.uleb128 0xf
 592 03b1 81040000 		.4byte	.LASF80
 593 03b5 02       		.byte	0x2
 594 03b6 7901     		.2byte	0x179
 595 03b8 03       		.byte	0x3
 596 03b9 D6030000 		.4byte	0x3d6
 597 03bd 10       		.uleb128 0x10
 598 03be B2040000 		.4byte	.LASF71
 599 03c2 02       		.byte	0x2
 600 03c3 7901     		.2byte	0x179
 601 03c5 D6030000 		.4byte	0x3d6
 602 03c9 10       		.uleb128 0x10
 603 03ca B7040000 		.4byte	.LASF72
 604 03ce 02       		.byte	0x2
 605 03cf 7901     		.2byte	0x179
 606 03d1 A2000000 		.4byte	0xa2
 607 03d5 00       		.byte	0
 608 03d6 11       		.uleb128 0x11
 609 03d7 04       		.byte	0x4
 610 03d8 3E020000 		.4byte	0x23e
 611 03dc 12       		.uleb128 0x12
 612 03dd 44030000 		.4byte	.LASF81
 613 03e1 01       		.byte	0x1
 614 03e2 47       		.byte	0x47
 615 03e3 00000000 		.4byte	.LFB179
 616 03e7 2C000000 		.4byte	.LFE179-.LFB179
 617 03eb 01       		.uleb128 0x1
 618 03ec 9C       		.byte	0x9c
 619 03ed 39040000 		.4byte	0x439
 620 03f1 13       		.uleb128 0x13
 621 03f2 B0030000 		.4byte	0x3b0
 622 03f6 18000000 		.4byte	.LBB4
 623 03fa 14000000 		.4byte	.LBE4-.LBB4
 624 03fe 01       		.byte	0x1
 625 03ff 50       		.byte	0x50
 626 0400 17040000 		.4byte	0x417
 627 0404 14       		.uleb128 0x14
ARM GAS  C:\Users\gjl\AppData\Local\Temp\ccAMvOgj.s 			page 20


 628 0405 C9030000 		.4byte	0x3c9
 629 0409 00000000 		.4byte	.LLST0
 630 040d 14       		.uleb128 0x14
 631 040e BD030000 		.4byte	0x3bd
 632 0412 14000000 		.4byte	.LLST1
 633 0416 00       		.byte	0
 634 0417 15       		.uleb128 0x15
 635 0418 12000000 		.4byte	.LVL0
 636 041c 71040000 		.4byte	0x471
 637 0420 16       		.uleb128 0x16
 638 0421 01       		.uleb128 0x1
 639 0422 50       		.byte	0x50
 640 0423 05       		.uleb128 0x5
 641 0424 0C       		.byte	0xc
 642 0425 00003840 		.4byte	0x40380000
 643 0429 16       		.uleb128 0x16
 644 042a 01       		.uleb128 0x1
 645 042b 51       		.byte	0x51
 646 042c 01       		.uleb128 0x1
 647 042d 32       		.byte	0x32
 648 042e 16       		.uleb128 0x16
 649 042f 01       		.uleb128 0x1
 650 0430 52       		.byte	0x52
 651 0431 05       		.uleb128 0x5
 652 0432 03       		.byte	0x3
 653 0433 00000000 		.4byte	.LANCHOR1
 654 0437 00       		.byte	0
 655 0438 00       		.byte	0
 656 0439 17       		.uleb128 0x17
 657 043a 9A040000 		.4byte	.LASF73
 658 043e 07       		.byte	0x7
 659 043f EA07     		.2byte	0x7ea
 660 0441 45040000 		.4byte	0x445
 661 0445 05       		.uleb128 0x5
 662 0446 97000000 		.4byte	0x97
 663 044a 18       		.uleb128 0x18
 664 044b 95000000 		.4byte	.LASF74
 665 044f 01       		.byte	0x1
 666 0450 18       		.byte	0x18
 667 0451 8C000000 		.4byte	0x8c
 668 0455 05       		.uleb128 0x5
 669 0456 03       		.byte	0x3
 670 0457 00000000 		.4byte	PWM_2_initVar
 671 045b 18       		.uleb128 0x18
 672 045c 16030000 		.4byte	.LASF75
 673 0460 01       		.byte	0x1
 674 0461 1D       		.byte	0x1d
 675 0462 6C040000 		.4byte	0x46c
 676 0466 05       		.uleb128 0x5
 677 0467 03       		.byte	0x3
 678 0468 00000000 		.4byte	PWM_2_config
 679 046c 06       		.uleb128 0x6
 680 046d A5030000 		.4byte	0x3a5
 681 0471 19       		.uleb128 0x19
 682 0472 93030000 		.4byte	.LASF82
 683 0476 93030000 		.4byte	.LASF82
 684 047a 06       		.byte	0x6
ARM GAS  C:\Users\gjl\AppData\Local\Temp\ccAMvOgj.s 			page 21


 685 047b CB       		.byte	0xcb
 686 047c 00       		.byte	0
 687              		.section	.debug_abbrev,"",%progbits
 688              	.Ldebug_abbrev0:
 689 0000 01       		.uleb128 0x1
 690 0001 11       		.uleb128 0x11
 691 0002 01       		.byte	0x1
 692 0003 25       		.uleb128 0x25
 693 0004 0E       		.uleb128 0xe
 694 0005 13       		.uleb128 0x13
 695 0006 0B       		.uleb128 0xb
 696 0007 03       		.uleb128 0x3
 697 0008 0E       		.uleb128 0xe
 698 0009 1B       		.uleb128 0x1b
 699 000a 0E       		.uleb128 0xe
 700 000b 55       		.uleb128 0x55
 701 000c 17       		.uleb128 0x17
 702 000d 11       		.uleb128 0x11
 703 000e 01       		.uleb128 0x1
 704 000f 10       		.uleb128 0x10
 705 0010 17       		.uleb128 0x17
 706 0011 00       		.byte	0
 707 0012 00       		.byte	0
 708 0013 02       		.uleb128 0x2
 709 0014 24       		.uleb128 0x24
 710 0015 00       		.byte	0
 711 0016 0B       		.uleb128 0xb
 712 0017 0B       		.uleb128 0xb
 713 0018 3E       		.uleb128 0x3e
 714 0019 0B       		.uleb128 0xb
 715 001a 03       		.uleb128 0x3
 716 001b 0E       		.uleb128 0xe
 717 001c 00       		.byte	0
 718 001d 00       		.byte	0
 719 001e 03       		.uleb128 0x3
 720 001f 16       		.uleb128 0x16
 721 0020 00       		.byte	0
 722 0021 03       		.uleb128 0x3
 723 0022 0E       		.uleb128 0xe
 724 0023 3A       		.uleb128 0x3a
 725 0024 0B       		.uleb128 0xb
 726 0025 3B       		.uleb128 0x3b
 727 0026 0B       		.uleb128 0xb
 728 0027 49       		.uleb128 0x49
 729 0028 13       		.uleb128 0x13
 730 0029 00       		.byte	0
 731 002a 00       		.byte	0
 732 002b 04       		.uleb128 0x4
 733 002c 24       		.uleb128 0x24
 734 002d 00       		.byte	0
 735 002e 0B       		.uleb128 0xb
 736 002f 0B       		.uleb128 0xb
 737 0030 3E       		.uleb128 0x3e
 738 0031 0B       		.uleb128 0xb
 739 0032 03       		.uleb128 0x3
 740 0033 08       		.uleb128 0x8
 741 0034 00       		.byte	0
ARM GAS  C:\Users\gjl\AppData\Local\Temp\ccAMvOgj.s 			page 22


 742 0035 00       		.byte	0
 743 0036 05       		.uleb128 0x5
 744 0037 35       		.uleb128 0x35
 745 0038 00       		.byte	0
 746 0039 49       		.uleb128 0x49
 747 003a 13       		.uleb128 0x13
 748 003b 00       		.byte	0
 749 003c 00       		.byte	0
 750 003d 06       		.uleb128 0x6
 751 003e 26       		.uleb128 0x26
 752 003f 00       		.byte	0
 753 0040 49       		.uleb128 0x49
 754 0041 13       		.uleb128 0x13
 755 0042 00       		.byte	0
 756 0043 00       		.byte	0
 757 0044 07       		.uleb128 0x7
 758 0045 13       		.uleb128 0x13
 759 0046 01       		.byte	0x1
 760 0047 0B       		.uleb128 0xb
 761 0048 0B       		.uleb128 0xb
 762 0049 3A       		.uleb128 0x3a
 763 004a 0B       		.uleb128 0xb
 764 004b 3B       		.uleb128 0x3b
 765 004c 0B       		.uleb128 0xb
 766 004d 01       		.uleb128 0x1
 767 004e 13       		.uleb128 0x13
 768 004f 00       		.byte	0
 769 0050 00       		.byte	0
 770 0051 08       		.uleb128 0x8
 771 0052 0D       		.uleb128 0xd
 772 0053 00       		.byte	0
 773 0054 03       		.uleb128 0x3
 774 0055 0E       		.uleb128 0xe
 775 0056 3A       		.uleb128 0x3a
 776 0057 0B       		.uleb128 0xb
 777 0058 3B       		.uleb128 0x3b
 778 0059 0B       		.uleb128 0xb
 779 005a 49       		.uleb128 0x49
 780 005b 13       		.uleb128 0x13
 781 005c 38       		.uleb128 0x38
 782 005d 0B       		.uleb128 0xb
 783 005e 00       		.byte	0
 784 005f 00       		.byte	0
 785 0060 09       		.uleb128 0x9
 786 0061 0D       		.uleb128 0xd
 787 0062 00       		.byte	0
 788 0063 03       		.uleb128 0x3
 789 0064 08       		.uleb128 0x8
 790 0065 3A       		.uleb128 0x3a
 791 0066 0B       		.uleb128 0xb
 792 0067 3B       		.uleb128 0x3b
 793 0068 0B       		.uleb128 0xb
 794 0069 49       		.uleb128 0x49
 795 006a 13       		.uleb128 0x13
 796 006b 38       		.uleb128 0x38
 797 006c 0B       		.uleb128 0xb
 798 006d 00       		.byte	0
ARM GAS  C:\Users\gjl\AppData\Local\Temp\ccAMvOgj.s 			page 23


 799 006e 00       		.byte	0
 800 006f 0A       		.uleb128 0xa
 801 0070 13       		.uleb128 0x13
 802 0071 01       		.byte	0x1
 803 0072 0B       		.uleb128 0xb
 804 0073 05       		.uleb128 0x5
 805 0074 3A       		.uleb128 0x3a
 806 0075 0B       		.uleb128 0xb
 807 0076 3B       		.uleb128 0x3b
 808 0077 0B       		.uleb128 0xb
 809 0078 01       		.uleb128 0x1
 810 0079 13       		.uleb128 0x13
 811 007a 00       		.byte	0
 812 007b 00       		.byte	0
 813 007c 0B       		.uleb128 0xb
 814 007d 0D       		.uleb128 0xd
 815 007e 00       		.byte	0
 816 007f 03       		.uleb128 0x3
 817 0080 08       		.uleb128 0x8
 818 0081 3A       		.uleb128 0x3a
 819 0082 0B       		.uleb128 0xb
 820 0083 3B       		.uleb128 0x3b
 821 0084 0B       		.uleb128 0xb
 822 0085 49       		.uleb128 0x49
 823 0086 13       		.uleb128 0x13
 824 0087 38       		.uleb128 0x38
 825 0088 05       		.uleb128 0x5
 826 0089 00       		.byte	0
 827 008a 00       		.byte	0
 828 008b 0C       		.uleb128 0xc
 829 008c 01       		.uleb128 0x1
 830 008d 01       		.byte	0x1
 831 008e 49       		.uleb128 0x49
 832 008f 13       		.uleb128 0x13
 833 0090 01       		.uleb128 0x1
 834 0091 13       		.uleb128 0x13
 835 0092 00       		.byte	0
 836 0093 00       		.byte	0
 837 0094 0D       		.uleb128 0xd
 838 0095 21       		.uleb128 0x21
 839 0096 00       		.byte	0
 840 0097 49       		.uleb128 0x49
 841 0098 13       		.uleb128 0x13
 842 0099 2F       		.uleb128 0x2f
 843 009a 0B       		.uleb128 0xb
 844 009b 00       		.byte	0
 845 009c 00       		.byte	0
 846 009d 0E       		.uleb128 0xe
 847 009e 13       		.uleb128 0x13
 848 009f 01       		.byte	0x1
 849 00a0 03       		.uleb128 0x3
 850 00a1 0E       		.uleb128 0xe
 851 00a2 0B       		.uleb128 0xb
 852 00a3 0B       		.uleb128 0xb
 853 00a4 3A       		.uleb128 0x3a
 854 00a5 0B       		.uleb128 0xb
 855 00a6 3B       		.uleb128 0x3b
ARM GAS  C:\Users\gjl\AppData\Local\Temp\ccAMvOgj.s 			page 24


 856 00a7 0B       		.uleb128 0xb
 857 00a8 01       		.uleb128 0x1
 858 00a9 13       		.uleb128 0x13
 859 00aa 00       		.byte	0
 860 00ab 00       		.byte	0
 861 00ac 0F       		.uleb128 0xf
 862 00ad 2E       		.uleb128 0x2e
 863 00ae 01       		.byte	0x1
 864 00af 03       		.uleb128 0x3
 865 00b0 0E       		.uleb128 0xe
 866 00b1 3A       		.uleb128 0x3a
 867 00b2 0B       		.uleb128 0xb
 868 00b3 3B       		.uleb128 0x3b
 869 00b4 05       		.uleb128 0x5
 870 00b5 27       		.uleb128 0x27
 871 00b6 19       		.uleb128 0x19
 872 00b7 20       		.uleb128 0x20
 873 00b8 0B       		.uleb128 0xb
 874 00b9 01       		.uleb128 0x1
 875 00ba 13       		.uleb128 0x13
 876 00bb 00       		.byte	0
 877 00bc 00       		.byte	0
 878 00bd 10       		.uleb128 0x10
 879 00be 05       		.uleb128 0x5
 880 00bf 00       		.byte	0
 881 00c0 03       		.uleb128 0x3
 882 00c1 0E       		.uleb128 0xe
 883 00c2 3A       		.uleb128 0x3a
 884 00c3 0B       		.uleb128 0xb
 885 00c4 3B       		.uleb128 0x3b
 886 00c5 05       		.uleb128 0x5
 887 00c6 49       		.uleb128 0x49
 888 00c7 13       		.uleb128 0x13
 889 00c8 00       		.byte	0
 890 00c9 00       		.byte	0
 891 00ca 11       		.uleb128 0x11
 892 00cb 0F       		.uleb128 0xf
 893 00cc 00       		.byte	0
 894 00cd 0B       		.uleb128 0xb
 895 00ce 0B       		.uleb128 0xb
 896 00cf 49       		.uleb128 0x49
 897 00d0 13       		.uleb128 0x13
 898 00d1 00       		.byte	0
 899 00d2 00       		.byte	0
 900 00d3 12       		.uleb128 0x12
 901 00d4 2E       		.uleb128 0x2e
 902 00d5 01       		.byte	0x1
 903 00d6 3F       		.uleb128 0x3f
 904 00d7 19       		.uleb128 0x19
 905 00d8 03       		.uleb128 0x3
 906 00d9 0E       		.uleb128 0xe
 907 00da 3A       		.uleb128 0x3a
 908 00db 0B       		.uleb128 0xb
 909 00dc 3B       		.uleb128 0x3b
 910 00dd 0B       		.uleb128 0xb
 911 00de 27       		.uleb128 0x27
 912 00df 19       		.uleb128 0x19
ARM GAS  C:\Users\gjl\AppData\Local\Temp\ccAMvOgj.s 			page 25


 913 00e0 11       		.uleb128 0x11
 914 00e1 01       		.uleb128 0x1
 915 00e2 12       		.uleb128 0x12
 916 00e3 06       		.uleb128 0x6
 917 00e4 40       		.uleb128 0x40
 918 00e5 18       		.uleb128 0x18
 919 00e6 9742     		.uleb128 0x2117
 920 00e8 19       		.uleb128 0x19
 921 00e9 01       		.uleb128 0x1
 922 00ea 13       		.uleb128 0x13
 923 00eb 00       		.byte	0
 924 00ec 00       		.byte	0
 925 00ed 13       		.uleb128 0x13
 926 00ee 1D       		.uleb128 0x1d
 927 00ef 01       		.byte	0x1
 928 00f0 31       		.uleb128 0x31
 929 00f1 13       		.uleb128 0x13
 930 00f2 11       		.uleb128 0x11
 931 00f3 01       		.uleb128 0x1
 932 00f4 12       		.uleb128 0x12
 933 00f5 06       		.uleb128 0x6
 934 00f6 58       		.uleb128 0x58
 935 00f7 0B       		.uleb128 0xb
 936 00f8 59       		.uleb128 0x59
 937 00f9 0B       		.uleb128 0xb
 938 00fa 01       		.uleb128 0x1
 939 00fb 13       		.uleb128 0x13
 940 00fc 00       		.byte	0
 941 00fd 00       		.byte	0
 942 00fe 14       		.uleb128 0x14
 943 00ff 05       		.uleb128 0x5
 944 0100 00       		.byte	0
 945 0101 31       		.uleb128 0x31
 946 0102 13       		.uleb128 0x13
 947 0103 02       		.uleb128 0x2
 948 0104 17       		.uleb128 0x17
 949 0105 00       		.byte	0
 950 0106 00       		.byte	0
 951 0107 15       		.uleb128 0x15
 952 0108 898201   		.uleb128 0x4109
 953 010b 01       		.byte	0x1
 954 010c 11       		.uleb128 0x11
 955 010d 01       		.uleb128 0x1
 956 010e 31       		.uleb128 0x31
 957 010f 13       		.uleb128 0x13
 958 0110 00       		.byte	0
 959 0111 00       		.byte	0
 960 0112 16       		.uleb128 0x16
 961 0113 8A8201   		.uleb128 0x410a
 962 0116 00       		.byte	0
 963 0117 02       		.uleb128 0x2
 964 0118 18       		.uleb128 0x18
 965 0119 9142     		.uleb128 0x2111
 966 011b 18       		.uleb128 0x18
 967 011c 00       		.byte	0
 968 011d 00       		.byte	0
 969 011e 17       		.uleb128 0x17
ARM GAS  C:\Users\gjl\AppData\Local\Temp\ccAMvOgj.s 			page 26


 970 011f 34       		.uleb128 0x34
 971 0120 00       		.byte	0
 972 0121 03       		.uleb128 0x3
 973 0122 0E       		.uleb128 0xe
 974 0123 3A       		.uleb128 0x3a
 975 0124 0B       		.uleb128 0xb
 976 0125 3B       		.uleb128 0x3b
 977 0126 05       		.uleb128 0x5
 978 0127 49       		.uleb128 0x49
 979 0128 13       		.uleb128 0x13
 980 0129 3F       		.uleb128 0x3f
 981 012a 19       		.uleb128 0x19
 982 012b 3C       		.uleb128 0x3c
 983 012c 19       		.uleb128 0x19
 984 012d 00       		.byte	0
 985 012e 00       		.byte	0
 986 012f 18       		.uleb128 0x18
 987 0130 34       		.uleb128 0x34
 988 0131 00       		.byte	0
 989 0132 03       		.uleb128 0x3
 990 0133 0E       		.uleb128 0xe
 991 0134 3A       		.uleb128 0x3a
 992 0135 0B       		.uleb128 0xb
 993 0136 3B       		.uleb128 0x3b
 994 0137 0B       		.uleb128 0xb
 995 0138 49       		.uleb128 0x49
 996 0139 13       		.uleb128 0x13
 997 013a 3F       		.uleb128 0x3f
 998 013b 19       		.uleb128 0x19
 999 013c 02       		.uleb128 0x2
 1000 013d 18       		.uleb128 0x18
 1001 013e 00       		.byte	0
 1002 013f 00       		.byte	0
 1003 0140 19       		.uleb128 0x19
 1004 0141 2E       		.uleb128 0x2e
 1005 0142 00       		.byte	0
 1006 0143 3F       		.uleb128 0x3f
 1007 0144 19       		.uleb128 0x19
 1008 0145 3C       		.uleb128 0x3c
 1009 0146 19       		.uleb128 0x19
 1010 0147 6E       		.uleb128 0x6e
 1011 0148 0E       		.uleb128 0xe
 1012 0149 03       		.uleb128 0x3
 1013 014a 0E       		.uleb128 0xe
 1014 014b 3A       		.uleb128 0x3a
 1015 014c 0B       		.uleb128 0xb
 1016 014d 3B       		.uleb128 0x3b
 1017 014e 0B       		.uleb128 0xb
 1018 014f 00       		.byte	0
 1019 0150 00       		.byte	0
 1020 0151 00       		.byte	0
 1021              		.section	.debug_loc,"",%progbits
 1022              	.Ldebug_loc0:
 1023              	.LLST0:
 1024 0000 18000000 		.4byte	.LVL1
 1025 0004 1E000000 		.4byte	.LVL2
 1026 0008 0200     		.2byte	0x2
ARM GAS  C:\Users\gjl\AppData\Local\Temp\ccAMvOgj.s 			page 27


 1027 000a 34       		.byte	0x34
 1028 000b 9F       		.byte	0x9f
 1029 000c 00000000 		.4byte	0
 1030 0010 00000000 		.4byte	0
 1031              	.LLST1:
 1032 0014 18000000 		.4byte	.LVL1
 1033 0018 1E000000 		.4byte	.LVL2
 1034 001c 0600     		.2byte	0x6
 1035 001e 0C       		.byte	0xc
 1036 001f 00003840 		.4byte	0x40380000
 1037 0023 9F       		.byte	0x9f
 1038 0024 00000000 		.4byte	0
 1039 0028 00000000 		.4byte	0
 1040              		.section	.debug_aranges,"",%progbits
 1041 0000 1C000000 		.4byte	0x1c
 1042 0004 0200     		.2byte	0x2
 1043 0006 00000000 		.4byte	.Ldebug_info0
 1044 000a 04       		.byte	0x4
 1045 000b 00       		.byte	0
 1046 000c 0000     		.2byte	0
 1047 000e 0000     		.2byte	0
 1048 0010 00000000 		.4byte	.LFB179
 1049 0014 2C000000 		.4byte	.LFE179-.LFB179
 1050 0018 00000000 		.4byte	0
 1051 001c 00000000 		.4byte	0
 1052              		.section	.debug_ranges,"",%progbits
 1053              	.Ldebug_ranges0:
 1054 0000 00000000 		.4byte	.LFB179
 1055 0004 2C000000 		.4byte	.LFE179
 1056 0008 00000000 		.4byte	0
 1057 000c 00000000 		.4byte	0
 1058              		.section	.debug_line,"",%progbits
 1059              	.Ldebug_line0:
 1060 0000 18020000 		.section	.debug_str,"MS",%progbits,1
 1060      0200F901 
 1060      00000201 
 1060      FB0E0D00 
 1060      01010101 
 1061              	.LASF51:
 1062 0000 656E6162 		.ascii	"enablePeriodSwap\000"
 1062      6C655065 
 1062      72696F64 
 1062      53776170 
 1062      00
 1063              	.LASF62:
 1064 0011 72656C6F 		.ascii	"reloadInput\000"
 1064      6164496E 
 1064      70757400 
 1065              	.LASF45:
 1066 001d 636C6F63 		.ascii	"clockPrescaler\000"
 1066      6B507265 
 1066      7363616C 
 1066      657200
 1067              	.LASF67:
 1068 002c 636F756E 		.ascii	"countInputMode\000"
 1068      74496E70 
 1068      75744D6F 
ARM GAS  C:\Users\gjl\AppData\Local\Temp\ccAMvOgj.s 			page 28


 1068      646500
 1069              	.LASF52:
 1070 003b 636F6D70 		.ascii	"compare0\000"
 1070      61726530 
 1070      00
 1071              	.LASF53:
 1072 0044 636F6D70 		.ascii	"compare1\000"
 1072      61726531 
 1072      00
 1073              	.LASF70:
 1074 004d 63795F73 		.ascii	"cy_stc_tcpwm_pwm_config_t\000"
 1074      74635F74 
 1074      6370776D 
 1074      5F70776D 
 1074      5F636F6E 
 1075              	.LASF31:
 1076 0067 54435057 		.ascii	"TCPWM_CNT_Type\000"
 1076      4D5F434E 
 1076      545F5479 
 1076      706500
 1077              	.LASF0:
 1078 0076 73686F72 		.ascii	"short int\000"
 1078      7420696E 
 1078      7400
 1079              	.LASF15:
 1080 0080 73697A65 		.ascii	"sizetype\000"
 1080      74797065 
 1080      00
 1081              	.LASF21:
 1082 0089 50455249 		.ascii	"PERIOD_BUFF\000"
 1082      4F445F42 
 1082      55464600 
 1083              	.LASF74:
 1084 0095 50574D5F 		.ascii	"PWM_2_initVar\000"
 1084      325F696E 
 1084      69745661 
 1084      7200
 1085              	.LASF20:
 1086 00a3 50455249 		.ascii	"PERIOD\000"
 1086      4F4400
 1087              	.LASF35:
 1088 00aa 434D445F 		.ascii	"CMD_RELOAD\000"
 1088      52454C4F 
 1088      414400
 1089              	.LASF24:
 1090 00b5 54525F43 		.ascii	"TR_CTRL1\000"
 1090      54524C31 
 1090      00
 1091              	.LASF25:
 1092 00be 54525F43 		.ascii	"TR_CTRL2\000"
 1092      54524C32 
 1092      00
 1093              	.LASF76:
 1094 00c7 474E5520 		.ascii	"GNU C11 5.4.1 20160609 (release) [ARM/embedded-5-br"
 1094      43313120 
 1094      352E342E 
 1094      31203230 
ARM GAS  C:\Users\gjl\AppData\Local\Temp\ccAMvOgj.s 			page 29


 1094      31363036 
 1095 00fa 616E6368 		.ascii	"anch revision 237715] -mcpu=cortex-m4 -mfloat-abi=s"
 1095      20726576 
 1095      6973696F 
 1095      6E203233 
 1095      37373135 
 1096 012d 6F667466 		.ascii	"oftfp -mfpu=fpv4-sp-d16 -mthumb -g -Og -ffunction-s"
 1096      70202D6D 
 1096      6670753D 
 1096      66707634 
 1096      2D73702D 
 1097 0160 65637469 		.ascii	"ections -ffat-lto-objects\000"
 1097      6F6E7320 
 1097      2D666661 
 1097      742D6C74 
 1097      6F2D6F62 
 1098              	.LASF79:
 1099 017a 63795F73 		.ascii	"cy_stc_tcpwm_pwm_config\000"
 1099      74635F74 
 1099      6370776D 
 1099      5F70776D 
 1099      5F636F6E 
 1100              	.LASF7:
 1101 0192 5F5F7569 		.ascii	"__uint32_t\000"
 1101      6E743332 
 1101      5F7400
 1102              	.LASF23:
 1103 019d 54525F43 		.ascii	"TR_CTRL0\000"
 1103      54524C30 
 1103      00
 1104              	.LASF46:
 1105 01a6 70776D41 		.ascii	"pwmAlignment\000"
 1105      6C69676E 
 1105      6D656E74 
 1105      00
 1106              	.LASF54:
 1107 01b3 656E6162 		.ascii	"enableCompareSwap\000"
 1107      6C65436F 
 1107      6D706172 
 1107      65537761 
 1107      7000
 1108              	.LASF12:
 1109 01c5 75696E74 		.ascii	"uint8_t\000"
 1109      385F7400 
 1110              	.LASF66:
 1111 01cd 6B696C6C 		.ascii	"killInput\000"
 1111      496E7075 
 1111      7400
 1112              	.LASF34:
 1113 01d7 434D445F 		.ascii	"CMD_CAPTURE\000"
 1113      43415054 
 1113      55524500 
 1114              	.LASF55:
 1115 01e3 696E7465 		.ascii	"interruptSources\000"
 1115      72727570 
 1115      74536F75 
 1115      72636573 
ARM GAS  C:\Users\gjl\AppData\Local\Temp\ccAMvOgj.s 			page 30


 1115      00
 1116              	.LASF37:
 1117 01f4 434D445F 		.ascii	"CMD_START\000"
 1117      53544152 
 1117      5400
 1118              	.LASF58:
 1119 01fe 6B696C6C 		.ascii	"killMode\000"
 1119      4D6F6465 
 1119      00
 1120              	.LASF42:
 1121 0207 666C6F61 		.ascii	"float\000"
 1121      7400
 1122              	.LASF49:
 1123 020d 70657269 		.ascii	"period0\000"
 1123      6F643000 
 1124              	.LASF50:
 1125 0215 70657269 		.ascii	"period1\000"
 1125      6F643100 
 1126              	.LASF61:
 1127 021d 72656C6F 		.ascii	"reloadInputMode\000"
 1127      6164496E 
 1127      7075744D 
 1127      6F646500 
 1128              	.LASF9:
 1129 022d 6C6F6E67 		.ascii	"long long int\000"
 1129      206C6F6E 
 1129      6720696E 
 1129      7400
 1130              	.LASF48:
 1131 023b 72756E4D 		.ascii	"runMode\000"
 1131      6F646500 
 1132              	.LASF17:
 1133 0243 53544154 		.ascii	"STATUS\000"
 1133      555300
 1134              	.LASF68:
 1135 024a 636F756E 		.ascii	"countInput\000"
 1135      74496E70 
 1135      757400
 1136              	.LASF4:
 1137 0255 5F5F7569 		.ascii	"__uint8_t\000"
 1137      6E74385F 
 1137      7400
 1138              	.LASF30:
 1139 025f 494E5452 		.ascii	"INTR_MASKED\000"
 1139      5F4D4153 
 1139      4B454400 
 1140              	.LASF19:
 1141 026b 43435F42 		.ascii	"CC_BUFF\000"
 1141      55464600 
 1142              	.LASF40:
 1143 0273 6C6F6E67 		.ascii	"long double\000"
 1143      20646F75 
 1143      626C6500 
 1144              	.LASF63:
 1145 027f 73746172 		.ascii	"startInputMode\000"
 1145      74496E70 
 1145      75744D6F 
ARM GAS  C:\Users\gjl\AppData\Local\Temp\ccAMvOgj.s 			page 31


 1145      646500
 1146              	.LASF2:
 1147 028e 756E7369 		.ascii	"unsigned char\000"
 1147      676E6564 
 1147      20636861 
 1147      7200
 1148              	.LASF16:
 1149 029c 4354524C 		.ascii	"CTRL\000"
 1149      00
 1150              	.LASF38:
 1151 02a1 494E5452 		.ascii	"INTR_CAUSE\000"
 1151      5F434155 
 1151      534500
 1152              	.LASF1:
 1153 02ac 7369676E 		.ascii	"signed char\000"
 1153      65642063 
 1153      68617200 
 1154              	.LASF28:
 1155 02b8 494E5452 		.ascii	"INTR_SET\000"
 1155      5F534554 
 1155      00
 1156              	.LASF10:
 1157 02c1 6C6F6E67 		.ascii	"long long unsigned int\000"
 1157      206C6F6E 
 1157      6720756E 
 1157      7369676E 
 1157      65642069 
 1158              	.LASF14:
 1159 02d8 75696E74 		.ascii	"uint32_t\000"
 1159      33325F74 
 1159      00
 1160              	.LASF33:
 1161 02e1 4354524C 		.ascii	"CTRL_SET\000"
 1161      5F534554 
 1161      00
 1162              	.LASF11:
 1163 02ea 756E7369 		.ascii	"unsigned int\000"
 1163      676E6564 
 1163      20696E74 
 1163      00
 1164              	.LASF77:
 1165 02f7 47656E65 		.ascii	"Generated_Source\\PSoC6\\PWM_2.c\000"
 1165      72617465 
 1165      645F536F 
 1165      75726365 
 1165      5C50536F 
 1166              	.LASF75:
 1167 0316 50574D5F 		.ascii	"PWM_2_config\000"
 1167      325F636F 
 1167      6E666967 
 1167      00
 1168              	.LASF57:
 1169 0323 696E7665 		.ascii	"invertPWMOutN\000"
 1169      72745057 
 1169      4D4F7574 
 1169      4E00
 1170              	.LASF36:
ARM GAS  C:\Users\gjl\AppData\Local\Temp\ccAMvOgj.s 			page 32


 1171 0331 434D445F 		.ascii	"CMD_STOP\000"
 1171      53544F50 
 1171      00
 1172              	.LASF29:
 1173 033a 494E5452 		.ascii	"INTR_MASK\000"
 1173      5F4D4153 
 1173      4B00
 1174              	.LASF81:
 1175 0344 50574D5F 		.ascii	"PWM_2_Start\000"
 1175      325F5374 
 1175      61727400 
 1176              	.LASF3:
 1177 0350 73686F72 		.ascii	"short unsigned int\000"
 1177      7420756E 
 1177      7369676E 
 1177      65642069 
 1177      6E7400
 1178              	.LASF41:
 1179 0363 63686172 		.ascii	"char\000"
 1179      00
 1180              	.LASF6:
 1181 0368 6C6F6E67 		.ascii	"long int\000"
 1181      20696E74 
 1181      00
 1182              	.LASF47:
 1183 0371 64656164 		.ascii	"deadTimeClocks\000"
 1183      54696D65 
 1183      436C6F63 
 1183      6B7300
 1184              	.LASF13:
 1185 0380 696E7433 		.ascii	"int32_t\000"
 1185      325F7400 
 1186              	.LASF69:
 1187 0388 5F426F6F 		.ascii	"_Bool\000"
 1187      6C00
 1188              	.LASF27:
 1189 038e 494E5452 		.ascii	"INTR\000"
 1189      00
 1190              	.LASF82:
 1191 0393 43795F54 		.ascii	"Cy_TCPWM_PWM_Init\000"
 1191      4350574D 
 1191      5F50574D 
 1191      5F496E69 
 1191      7400
 1192              	.LASF26:
 1193 03a5 52455345 		.ascii	"RESERVED1\000"
 1193      52564544 
 1193      3100
 1194              	.LASF78:
 1195 03af 433A5C47 		.ascii	"C:\\Git\\PSoC6-101-Videos\\Projects_ScreenCapture\\"
 1195      69745C50 
 1195      536F4336 
 1195      2D313031 
 1195      2D566964 
 1196 03de 50536F43 		.ascii	"PSoC 6_101\\MainController.cydsn\000"
 1196      20365F31 
 1196      30315C4D 
ARM GAS  C:\Users\gjl\AppData\Local\Temp\ccAMvOgj.s 			page 33


 1196      61696E43 
 1196      6F6E7472 
 1197              	.LASF8:
 1198 03fe 6C6F6E67 		.ascii	"long unsigned int\000"
 1198      20756E73 
 1198      69676E65 
 1198      6420696E 
 1198      7400
 1199              	.LASF43:
 1200 0410 646F7562 		.ascii	"double\000"
 1200      6C6500
 1201              	.LASF59:
 1202 0417 73776170 		.ascii	"swapInputMode\000"
 1202      496E7075 
 1202      744D6F64 
 1202      6500
 1203              	.LASF64:
 1204 0425 73746172 		.ascii	"startInput\000"
 1204      74496E70 
 1204      757400
 1205              	.LASF5:
 1206 0430 5F5F696E 		.ascii	"__int32_t\000"
 1206      7433325F 
 1206      7400
 1207              	.LASF32:
 1208 043a 4354524C 		.ascii	"CTRL_CLR\000"
 1208      5F434C52 
 1208      00
 1209              	.LASF60:
 1210 0443 73776170 		.ascii	"swapInput\000"
 1210      496E7075 
 1210      7400
 1211              	.LASF56:
 1212 044d 696E7665 		.ascii	"invertPWMOut\000"
 1212      72745057 
 1212      4D4F7574 
 1212      00
 1213              	.LASF65:
 1214 045a 6B696C6C 		.ascii	"killInputMode\000"
 1214      496E7075 
 1214      744D6F64 
 1214      6500
 1215              	.LASF18:
 1216 0468 434F554E 		.ascii	"COUNTER\000"
 1216      54455200 
 1217              	.LASF44:
 1218 0470 70776D4D 		.ascii	"pwmMode\000"
 1218      6F646500 
 1219              	.LASF22:
 1220 0478 52455345 		.ascii	"RESERVED\000"
 1220      52564544 
 1220      00
 1221              	.LASF80:
 1222 0481 43795F54 		.ascii	"Cy_TCPWM_Enable_Multiple\000"
 1222      4350574D 
 1222      5F456E61 
 1222      626C655F 
ARM GAS  C:\Users\gjl\AppData\Local\Temp\ccAMvOgj.s 			page 34


 1222      4D756C74 
 1223              	.LASF73:
 1224 049a 49544D5F 		.ascii	"ITM_RxBuffer\000"
 1224      52784275 
 1224      66666572 
 1224      00
 1225              	.LASF39:
 1226 04a7 54435057 		.ascii	"TCPWM_Type\000"
 1226      4D5F5479 
 1226      706500
 1227              	.LASF71:
 1228 04b2 62617365 		.ascii	"base\000"
 1228      00
 1229              	.LASF72:
 1230 04b7 636F756E 		.ascii	"counters\000"
 1230      74657273 
 1230      00
 1231              		.ident	"GCC: (GNU Tools for ARM Embedded Processors) 5.4.1 20160609 (release) [ARM/embedded-5-bran
