ARM GAS  C:\Users\gjl\AppData\Local\Temp\ccz0nt0m.s 			page 1


   1              		.syntax unified
   2              		.cpu cortex-m4
   3              		.eabi_attribute 27, 1
   4              		.fpu fpv4-sp-d16
   5              		.eabi_attribute 20, 1
   6              		.eabi_attribute 21, 1
   7              		.eabi_attribute 23, 3
   8              		.eabi_attribute 24, 1
   9              		.eabi_attribute 25, 1
  10              		.eabi_attribute 26, 1
  11              		.eabi_attribute 30, 1
  12              		.eabi_attribute 34, 1
  13              		.eabi_attribute 18, 4
  14              		.thumb
  15              		.syntax unified
  16              		.file	"retarget.c"
  17              		.text
  18              	.Ltext0:
  19              		.cfi_sections	.debug_frame
  20              		.syntax unified
  21              		.global _printf_float
  22              		.global _scanf_float
  23              		.thumb
  24              		.syntax unified
  25              		.section	.text._write,"ax",%progbits
  26              		.align	2
  27              		.weak	_write
  28              		.thumb
  29              		.thumb_func
  30              		.type	_write, %function
  31              	_write:
  32              	.LFB641:
  33              		.file 1 "Generated_Source\\PSoC6\\pdl\\utilities\\retarget_io\\retarget.c"
   1:Generated_Source\PSoC6\pdl\utilities\retarget_io/retarget.c **** /***************************************************************************//**
   2:Generated_Source\PSoC6\pdl\utilities\retarget_io/retarget.c **** * \file retarget.c
   3:Generated_Source\PSoC6\pdl\utilities\retarget_io/retarget.c **** * \version 1.10
   4:Generated_Source\PSoC6\pdl\utilities\retarget_io/retarget.c **** *
   5:Generated_Source\PSoC6\pdl\utilities\retarget_io/retarget.c **** * \brief
   6:Generated_Source\PSoC6\pdl\utilities\retarget_io/retarget.c **** * 'Retarget' layer for target-dependent low level function.
   7:Generated_Source\PSoC6\pdl\utilities\retarget_io/retarget.c **** *
   8:Generated_Source\PSoC6\pdl\utilities\retarget_io/retarget.c **** ********************************************************************************
   9:Generated_Source\PSoC6\pdl\utilities\retarget_io/retarget.c **** * \copyright
  10:Generated_Source\PSoC6\pdl\utilities\retarget_io/retarget.c **** * Copyright 2016-2018, Cypress Semiconductor Corporation. All rights reserved.
  11:Generated_Source\PSoC6\pdl\utilities\retarget_io/retarget.c **** * You may use this file only in accordance with the license, terms, conditions,
  12:Generated_Source\PSoC6\pdl\utilities\retarget_io/retarget.c **** * disclaimers, and limitations in the end user license agreement accompanying
  13:Generated_Source\PSoC6\pdl\utilities\retarget_io/retarget.c **** * the software package with which this file was provided.
  14:Generated_Source\PSoC6\pdl\utilities\retarget_io/retarget.c **** *******************************************************************************/
  15:Generated_Source\PSoC6\pdl\utilities\retarget_io/retarget.c **** 
  16:Generated_Source\PSoC6\pdl\utilities\retarget_io/retarget.c **** #include <stdio.h>
  17:Generated_Source\PSoC6\pdl\utilities\retarget_io/retarget.c **** #include "stdio_user.h"
  18:Generated_Source\PSoC6\pdl\utilities\retarget_io/retarget.c **** 
  19:Generated_Source\PSoC6\pdl\utilities\retarget_io/retarget.c **** #if defined(__cplusplus)
  20:Generated_Source\PSoC6\pdl\utilities\retarget_io/retarget.c **** extern "C" {
  21:Generated_Source\PSoC6\pdl\utilities\retarget_io/retarget.c **** #endif
  22:Generated_Source\PSoC6\pdl\utilities\retarget_io/retarget.c **** 
  23:Generated_Source\PSoC6\pdl\utilities\retarget_io/retarget.c **** #ifdef IO_STDOUT_ENABLE
  24:Generated_Source\PSoC6\pdl\utilities\retarget_io/retarget.c **** 
ARM GAS  C:\Users\gjl\AppData\Local\Temp\ccz0nt0m.s 			page 2


  25:Generated_Source\PSoC6\pdl\utilities\retarget_io/retarget.c **** #if defined(__ARMCC_VERSION) /* ARM-MDK */
  26:Generated_Source\PSoC6\pdl\utilities\retarget_io/retarget.c ****     /***************************************************************************
  27:Generated_Source\PSoC6\pdl\utilities\retarget_io/retarget.c ****     * Function Name: fputc
  28:Generated_Source\PSoC6\pdl\utilities\retarget_io/retarget.c ****     ***************************************************************************/
  29:Generated_Source\PSoC6\pdl\utilities\retarget_io/retarget.c ****     __attribute__((weak)) int fputc(int ch, FILE *f)
  30:Generated_Source\PSoC6\pdl\utilities\retarget_io/retarget.c ****     {
  31:Generated_Source\PSoC6\pdl\utilities\retarget_io/retarget.c ****         (void)f;
  32:Generated_Source\PSoC6\pdl\utilities\retarget_io/retarget.c ****     #if (STDOUT_CR_LF != 0)
  33:Generated_Source\PSoC6\pdl\utilities\retarget_io/retarget.c ****         if ((char)ch == '\n')
  34:Generated_Source\PSoC6\pdl\utilities\retarget_io/retarget.c ****         {
  35:Generated_Source\PSoC6\pdl\utilities\retarget_io/retarget.c ****             STDIO_PutChar('\r');
  36:Generated_Source\PSoC6\pdl\utilities\retarget_io/retarget.c ****         }
  37:Generated_Source\PSoC6\pdl\utilities\retarget_io/retarget.c ****     #endif /* STDOUT_CR_LF != 0 */
  38:Generated_Source\PSoC6\pdl\utilities\retarget_io/retarget.c ****         STDIO_PutChar(ch);
  39:Generated_Source\PSoC6\pdl\utilities\retarget_io/retarget.c ****         return (ch);
  40:Generated_Source\PSoC6\pdl\utilities\retarget_io/retarget.c ****     }
  41:Generated_Source\PSoC6\pdl\utilities\retarget_io/retarget.c **** #elif defined (__ICCARM__) /* IAR */
  42:Generated_Source\PSoC6\pdl\utilities\retarget_io/retarget.c ****     #include <yfuns.h>
  43:Generated_Source\PSoC6\pdl\utilities\retarget_io/retarget.c **** 
  44:Generated_Source\PSoC6\pdl\utilities\retarget_io/retarget.c ****     /***************************************************************************
  45:Generated_Source\PSoC6\pdl\utilities\retarget_io/retarget.c ****     * Function Name: __write
  46:Generated_Source\PSoC6\pdl\utilities\retarget_io/retarget.c ****     ***************************************************************************/
  47:Generated_Source\PSoC6\pdl\utilities\retarget_io/retarget.c ****     __weak size_t __write(int handle, const unsigned char * buffer, size_t size)
  48:Generated_Source\PSoC6\pdl\utilities\retarget_io/retarget.c ****     {
  49:Generated_Source\PSoC6\pdl\utilities\retarget_io/retarget.c ****         size_t nChars = 0;
  50:Generated_Source\PSoC6\pdl\utilities\retarget_io/retarget.c ****         /* This template only writes to "standard out", for all other file
  51:Generated_Source\PSoC6\pdl\utilities\retarget_io/retarget.c ****         * handles it returns failure. */
  52:Generated_Source\PSoC6\pdl\utilities\retarget_io/retarget.c ****         if (handle != _LLIO_STDOUT)
  53:Generated_Source\PSoC6\pdl\utilities\retarget_io/retarget.c ****         {
  54:Generated_Source\PSoC6\pdl\utilities\retarget_io/retarget.c ****             return (_LLIO_ERROR);
  55:Generated_Source\PSoC6\pdl\utilities\retarget_io/retarget.c ****         }
  56:Generated_Source\PSoC6\pdl\utilities\retarget_io/retarget.c ****         if (buffer != NULL)
  57:Generated_Source\PSoC6\pdl\utilities\retarget_io/retarget.c ****         {
  58:Generated_Source\PSoC6\pdl\utilities\retarget_io/retarget.c ****             for (/* Empty */; nChars < size; ++nChars)
  59:Generated_Source\PSoC6\pdl\utilities\retarget_io/retarget.c ****             {
  60:Generated_Source\PSoC6\pdl\utilities\retarget_io/retarget.c ****             #if (STDOUT_CR_LF != 0)
  61:Generated_Source\PSoC6\pdl\utilities\retarget_io/retarget.c ****                 if(*buffer == '\n')
  62:Generated_Source\PSoC6\pdl\utilities\retarget_io/retarget.c ****                 {
  63:Generated_Source\PSoC6\pdl\utilities\retarget_io/retarget.c ****                     STDIO_PutChar('\r');
  64:Generated_Source\PSoC6\pdl\utilities\retarget_io/retarget.c ****                 }
  65:Generated_Source\PSoC6\pdl\utilities\retarget_io/retarget.c ****             #endif /* STDOUT_CR_LF != 0 */
  66:Generated_Source\PSoC6\pdl\utilities\retarget_io/retarget.c ****                 STDIO_PutChar(*buffer);
  67:Generated_Source\PSoC6\pdl\utilities\retarget_io/retarget.c ****                 ++buffer;
  68:Generated_Source\PSoC6\pdl\utilities\retarget_io/retarget.c ****             }
  69:Generated_Source\PSoC6\pdl\utilities\retarget_io/retarget.c ****         }
  70:Generated_Source\PSoC6\pdl\utilities\retarget_io/retarget.c ****         return (nChars);
  71:Generated_Source\PSoC6\pdl\utilities\retarget_io/retarget.c ****     }
  72:Generated_Source\PSoC6\pdl\utilities\retarget_io/retarget.c **** #else /* (__GNUC__)  GCC */    
  73:Generated_Source\PSoC6\pdl\utilities\retarget_io/retarget.c ****     /* Add an explicit reference to the floating point printf library to allow
  74:Generated_Source\PSoC6\pdl\utilities\retarget_io/retarget.c ****     the usage of floating point conversion specifier. */
  75:Generated_Source\PSoC6\pdl\utilities\retarget_io/retarget.c ****     __asm (".global _printf_float");
  76:Generated_Source\PSoC6\pdl\utilities\retarget_io/retarget.c ****     /***************************************************************************
  77:Generated_Source\PSoC6\pdl\utilities\retarget_io/retarget.c ****     * Function Name: _write
  78:Generated_Source\PSoC6\pdl\utilities\retarget_io/retarget.c ****     ***************************************************************************/
  79:Generated_Source\PSoC6\pdl\utilities\retarget_io/retarget.c ****     __attribute__((weak)) int _write (int fd, const char *ptr, int len)
  80:Generated_Source\PSoC6\pdl\utilities\retarget_io/retarget.c ****     {
  34              		.loc 1 80 0
ARM GAS  C:\Users\gjl\AppData\Local\Temp\ccz0nt0m.s 			page 3


  35              		.cfi_startproc
  36              		@ args = 0, pretend = 0, frame = 0
  37              		@ frame_needed = 0, uses_anonymous_args = 0
  38              	.LVL0:
  39 0000 70B5     		push	{r4, r5, r6, lr}
  40              		.cfi_def_cfa_offset 16
  41              		.cfi_offset 4, -16
  42              		.cfi_offset 5, -12
  43              		.cfi_offset 6, -8
  44              		.cfi_offset 14, -4
  45              	.LVL1:
  81:Generated_Source\PSoC6\pdl\utilities\retarget_io/retarget.c ****         int nChars = 0;
  82:Generated_Source\PSoC6\pdl\utilities\retarget_io/retarget.c ****         (void)fd;
  83:Generated_Source\PSoC6\pdl\utilities\retarget_io/retarget.c ****         if (ptr != NULL)
  46              		.loc 1 83 0
  47 0002 39B9     		cbnz	r1, .L5
  81:Generated_Source\PSoC6\pdl\utilities\retarget_io/retarget.c ****         int nChars = 0;
  48              		.loc 1 81 0
  49 0004 0024     		movs	r4, #0
  50 0006 0AE0     		b	.L3
  51              	.LVL2:
  52              	.L4:
  84:Generated_Source\PSoC6\pdl\utilities\retarget_io/retarget.c ****         {
  85:Generated_Source\PSoC6\pdl\utilities\retarget_io/retarget.c ****             for (/* Empty */; nChars < len; ++nChars)
  86:Generated_Source\PSoC6\pdl\utilities\retarget_io/retarget.c ****             {
  87:Generated_Source\PSoC6\pdl\utilities\retarget_io/retarget.c ****             #if (STDOUT_CR_LF != 0)
  88:Generated_Source\PSoC6\pdl\utilities\retarget_io/retarget.c ****                 if(*ptr == '\n')
  89:Generated_Source\PSoC6\pdl\utilities\retarget_io/retarget.c ****                 {
  90:Generated_Source\PSoC6\pdl\utilities\retarget_io/retarget.c ****                     STDIO_PutChar('\r');
  91:Generated_Source\PSoC6\pdl\utilities\retarget_io/retarget.c ****                 }
  92:Generated_Source\PSoC6\pdl\utilities\retarget_io/retarget.c ****             #endif /* STDOUT_CR_LF != 0 */
  93:Generated_Source\PSoC6\pdl\utilities\retarget_io/retarget.c ****                 STDIO_PutChar((uint32_t)*ptr);
  53              		.loc 1 93 0 discriminator 2
  54 0008 15F8010B 		ldrb	r0, [r5], #1	@ zero_extendqisi2
  55              	.LVL3:
  56 000c FFF7FEFF 		bl	STDIO_PutChar
  57              	.LVL4:
  85:Generated_Source\PSoC6\pdl\utilities\retarget_io/retarget.c ****             {
  58              		.loc 1 85 0 discriminator 2
  59 0010 0134     		adds	r4, r4, #1
  60              	.LVL5:
  61 0012 02E0     		b	.L2
  62              	.LVL6:
  63              	.L5:
  64 0014 1646     		mov	r6, r2
  65 0016 0D46     		mov	r5, r1
  66 0018 0024     		movs	r4, #0
  67              	.LVL7:
  68              	.L2:
  85:Generated_Source\PSoC6\pdl\utilities\retarget_io/retarget.c ****             {
  69              		.loc 1 85 0 is_stmt 0 discriminator 1
  70 001a B442     		cmp	r4, r6
  71 001c F4DB     		blt	.L4
  72              	.LVL8:
  73              	.L3:
  94:Generated_Source\PSoC6\pdl\utilities\retarget_io/retarget.c ****                 ++ptr;
  95:Generated_Source\PSoC6\pdl\utilities\retarget_io/retarget.c ****             }
ARM GAS  C:\Users\gjl\AppData\Local\Temp\ccz0nt0m.s 			page 4


  96:Generated_Source\PSoC6\pdl\utilities\retarget_io/retarget.c ****         }
  97:Generated_Source\PSoC6\pdl\utilities\retarget_io/retarget.c ****         return (nChars);
  98:Generated_Source\PSoC6\pdl\utilities\retarget_io/retarget.c ****     }
  74              		.loc 1 98 0 is_stmt 1
  75 001e 2046     		mov	r0, r4
  76 0020 70BD     		pop	{r4, r5, r6, pc}
  77              		.cfi_endproc
  78              	.LFE641:
  79              		.size	_write, .-_write
  80 0022 00BF     		.section	.text._read,"ax",%progbits
  81              		.align	2
  82              		.weak	_read
  83              		.thumb
  84              		.thumb_func
  85              		.type	_read, %function
  86              	_read:
  87              	.LFB642:
  99:Generated_Source\PSoC6\pdl\utilities\retarget_io/retarget.c **** #endif
 100:Generated_Source\PSoC6\pdl\utilities\retarget_io/retarget.c **** 
 101:Generated_Source\PSoC6\pdl\utilities\retarget_io/retarget.c **** #endif /* IO_STDOUT_ENABLE */
 102:Generated_Source\PSoC6\pdl\utilities\retarget_io/retarget.c **** 
 103:Generated_Source\PSoC6\pdl\utilities\retarget_io/retarget.c **** #if defined(IO_STDIN_ENABLE)
 104:Generated_Source\PSoC6\pdl\utilities\retarget_io/retarget.c **** 
 105:Generated_Source\PSoC6\pdl\utilities\retarget_io/retarget.c **** #if defined(__ARMCC_VERSION) /* ARM-MDK */
 106:Generated_Source\PSoC6\pdl\utilities\retarget_io/retarget.c ****     /***************************************************************************
 107:Generated_Source\PSoC6\pdl\utilities\retarget_io/retarget.c ****     * Function Name: fgetc
 108:Generated_Source\PSoC6\pdl\utilities\retarget_io/retarget.c ****     ***************************************************************************/
 109:Generated_Source\PSoC6\pdl\utilities\retarget_io/retarget.c ****     __attribute__((weak)) int fgetc(FILE *f) 
 110:Generated_Source\PSoC6\pdl\utilities\retarget_io/retarget.c ****     {
 111:Generated_Source\PSoC6\pdl\utilities\retarget_io/retarget.c ****         (void)f;
 112:Generated_Source\PSoC6\pdl\utilities\retarget_io/retarget.c ****         return (STDIO_GetChar());
 113:Generated_Source\PSoC6\pdl\utilities\retarget_io/retarget.c ****     }
 114:Generated_Source\PSoC6\pdl\utilities\retarget_io/retarget.c **** #elif defined (__ICCARM__) /* IAR */
 115:Generated_Source\PSoC6\pdl\utilities\retarget_io/retarget.c ****     __weak size_t __read(int handle, unsigned char * buffer, size_t size)
 116:Generated_Source\PSoC6\pdl\utilities\retarget_io/retarget.c ****     {
 117:Generated_Source\PSoC6\pdl\utilities\retarget_io/retarget.c ****         /* This template only reads from "standard in", for all other file
 118:Generated_Source\PSoC6\pdl\utilities\retarget_io/retarget.c ****         handles it returns failure. */
 119:Generated_Source\PSoC6\pdl\utilities\retarget_io/retarget.c ****         if ((handle != _LLIO_STDIN) || (buffer == NULL))
 120:Generated_Source\PSoC6\pdl\utilities\retarget_io/retarget.c ****         {
 121:Generated_Source\PSoC6\pdl\utilities\retarget_io/retarget.c ****             return (_LLIO_ERROR);
 122:Generated_Source\PSoC6\pdl\utilities\retarget_io/retarget.c ****         }
 123:Generated_Source\PSoC6\pdl\utilities\retarget_io/retarget.c ****         else
 124:Generated_Source\PSoC6\pdl\utilities\retarget_io/retarget.c ****         {
 125:Generated_Source\PSoC6\pdl\utilities\retarget_io/retarget.c ****             *buffer = STDIO_GetChar();
 126:Generated_Source\PSoC6\pdl\utilities\retarget_io/retarget.c ****             return (1);
 127:Generated_Source\PSoC6\pdl\utilities\retarget_io/retarget.c ****         }
 128:Generated_Source\PSoC6\pdl\utilities\retarget_io/retarget.c ****     }
 129:Generated_Source\PSoC6\pdl\utilities\retarget_io/retarget.c **** #else /* (__GNUC__)  GCC */
 130:Generated_Source\PSoC6\pdl\utilities\retarget_io/retarget.c ****     /* Add an explicit reference to the floating point scanf library to allow
 131:Generated_Source\PSoC6\pdl\utilities\retarget_io/retarget.c ****     the usage of floating point conversion specifier. */
 132:Generated_Source\PSoC6\pdl\utilities\retarget_io/retarget.c ****     __asm (".global _scanf_float");
 133:Generated_Source\PSoC6\pdl\utilities\retarget_io/retarget.c ****     __attribute__((weak)) int _read (int fd, char *ptr, int len)
 134:Generated_Source\PSoC6\pdl\utilities\retarget_io/retarget.c ****     {
  88              		.loc 1 134 0
  89              		.cfi_startproc
  90              		@ args = 0, pretend = 0, frame = 0
  91              		@ frame_needed = 0, uses_anonymous_args = 0
ARM GAS  C:\Users\gjl\AppData\Local\Temp\ccz0nt0m.s 			page 5


  92              	.LVL9:
  93 0000 70B5     		push	{r4, r5, r6, lr}
  94              		.cfi_def_cfa_offset 16
  95              		.cfi_offset 4, -16
  96              		.cfi_offset 5, -12
  97              		.cfi_offset 6, -8
  98              		.cfi_offset 14, -4
  99              	.LVL10:
 135:Generated_Source\PSoC6\pdl\utilities\retarget_io/retarget.c ****         int nChars = 0;
 136:Generated_Source\PSoC6\pdl\utilities\retarget_io/retarget.c ****         (void)fd;
 137:Generated_Source\PSoC6\pdl\utilities\retarget_io/retarget.c ****         if (ptr != NULL)
 100              		.loc 1 137 0
 101 0002 51B9     		cbnz	r1, .L11
 135:Generated_Source\PSoC6\pdl\utilities\retarget_io/retarget.c ****         int nChars = 0;
 102              		.loc 1 135 0
 103 0004 0024     		movs	r4, #0
 104 0006 0DE0     		b	.L9
 105              	.LVL11:
 106              	.L10:
 138:Generated_Source\PSoC6\pdl\utilities\retarget_io/retarget.c ****         {
 139:Generated_Source\PSoC6\pdl\utilities\retarget_io/retarget.c ****             for(/* Empty */;nChars < len;++ptr)
 140:Generated_Source\PSoC6\pdl\utilities\retarget_io/retarget.c ****             {
 141:Generated_Source\PSoC6\pdl\utilities\retarget_io/retarget.c ****                 *ptr = (char)STDIO_GetChar();
 107              		.loc 1 141 0
 108 0008 FFF7FEFF 		bl	STDIO_GetChar
 109              	.LVL12:
 110 000c C0B2     		uxtb	r0, r0
 111 000e 2870     		strb	r0, [r5]
 142:Generated_Source\PSoC6\pdl\utilities\retarget_io/retarget.c ****                 ++nChars;
 112              		.loc 1 142 0
 113 0010 0134     		adds	r4, r4, #1
 114              	.LVL13:
 143:Generated_Source\PSoC6\pdl\utilities\retarget_io/retarget.c ****                 if(*ptr == '\n')
 115              		.loc 1 143 0
 116 0012 0A28     		cmp	r0, #10
 117 0014 06D0     		beq	.L9
 139:Generated_Source\PSoC6\pdl\utilities\retarget_io/retarget.c ****             {
 118              		.loc 1 139 0
 119 0016 0135     		adds	r5, r5, #1
 120              	.LVL14:
 121 0018 02E0     		b	.L8
 122              	.LVL15:
 123              	.L11:
 124 001a 1646     		mov	r6, r2
 125 001c 0D46     		mov	r5, r1
 126 001e 0024     		movs	r4, #0
 127              	.LVL16:
 128              	.L8:
 139:Generated_Source\PSoC6\pdl\utilities\retarget_io/retarget.c ****             {
 129              		.loc 1 139 0 is_stmt 0 discriminator 1
 130 0020 B442     		cmp	r4, r6
 131 0022 F1DB     		blt	.L10
 132              	.LVL17:
 133              	.L9:
 144:Generated_Source\PSoC6\pdl\utilities\retarget_io/retarget.c ****                 {
 145:Generated_Source\PSoC6\pdl\utilities\retarget_io/retarget.c ****                     break;
 146:Generated_Source\PSoC6\pdl\utilities\retarget_io/retarget.c ****                 }
ARM GAS  C:\Users\gjl\AppData\Local\Temp\ccz0nt0m.s 			page 6


 147:Generated_Source\PSoC6\pdl\utilities\retarget_io/retarget.c ****             }
 148:Generated_Source\PSoC6\pdl\utilities\retarget_io/retarget.c ****         }
 149:Generated_Source\PSoC6\pdl\utilities\retarget_io/retarget.c ****         return (nChars);
 150:Generated_Source\PSoC6\pdl\utilities\retarget_io/retarget.c ****     }
 134              		.loc 1 150 0 is_stmt 1
 135 0024 2046     		mov	r0, r4
 136 0026 70BD     		pop	{r4, r5, r6, pc}
 137              		.cfi_endproc
 138              	.LFE642:
 139              		.size	_read, .-_read
 140              		.text
 141              	.Letext0:
 142              		.file 2 "c:\\program files (x86)\\cypress\\psoc creator\\4.2\\psoc creator\\import\\gnu\\arm\\5.4.
 143              		.file 3 "c:\\program files (x86)\\cypress\\psoc creator\\4.2\\psoc creator\\import\\gnu\\arm\\5.4.
 144              		.file 4 "Generated_Source\\PSoC6\\pdl\\drivers/peripheral/tcpwm/cy_tcpwm_pwm.h"
 145              		.file 5 "Generated_Source\\PSoC6\\pdl\\drivers/peripheral/scb/cy_scb_ezi2c.h"
 146              		.file 6 "Generated_Source\\PSoC6\\pdl\\drivers/peripheral/scb/cy_scb_uart.h"
 147              		.file 7 "Generated_Source\\PSoC6\\pdl\\middleware/ble/cy_ble_stack_host_main.h"
 148              		.file 8 "Generated_Source\\PSoC6\\pdl\\middleware/ble/cy_ble_gap.h"
 149              		.file 9 "Generated_Source\\PSoC6\\pdl\\cmsis/include/core_cm4.h"
 150              		.file 10 "Generated_Source\\PSoC6/UART.h"
 151              		.file 11 "Generated_Source\\PSoC6/PWM_1.h"
 152              		.file 12 "Generated_Source\\PSoC6/PWM_2.h"
 153              		.file 13 "Generated_Source\\PSoC6/EZI2C.h"
 154              		.file 14 "Generated_Source\\PSoC6/LEDBlink.h"
 155              		.file 15 "./stdio_user.h"
 156              		.section	.debug_info,"",%progbits
 157              	.Ldebug_info0:
 158 0000 A0060000 		.4byte	0x6a0
 159 0004 0400     		.2byte	0x4
 160 0006 00000000 		.4byte	.Ldebug_abbrev0
 161 000a 04       		.byte	0x4
 162 000b 01       		.uleb128 0x1
 163 000c 1A040000 		.4byte	.LASF126
 164 0010 0C       		.byte	0xc
 165 0011 99080000 		.4byte	.LASF127
 166 0015 83060000 		.4byte	.LASF128
 167 0019 00000000 		.4byte	.Ldebug_ranges0+0
 168 001d 00000000 		.4byte	0
 169 0021 00000000 		.4byte	.Ldebug_line0
 170 0025 02       		.uleb128 0x2
 171 0026 01       		.byte	0x1
 172 0027 06       		.byte	0x6
 173 0028 F2000000 		.4byte	.LASF0
 174 002c 03       		.uleb128 0x3
 175 002d 5D000000 		.4byte	.LASF4
 176 0031 02       		.byte	0x2
 177 0032 1D       		.byte	0x1d
 178 0033 37000000 		.4byte	0x37
 179 0037 02       		.uleb128 0x2
 180 0038 01       		.byte	0x1
 181 0039 08       		.byte	0x8
 182 003a 6F050000 		.4byte	.LASF1
 183 003e 02       		.uleb128 0x2
 184 003f 02       		.byte	0x2
 185 0040 05       		.byte	0x5
 186 0041 93010000 		.4byte	.LASF2
ARM GAS  C:\Users\gjl\AppData\Local\Temp\ccz0nt0m.s 			page 7


 187 0045 02       		.uleb128 0x2
 188 0046 02       		.byte	0x2
 189 0047 07       		.byte	0x7
 190 0048 8A020000 		.4byte	.LASF3
 191 004c 03       		.uleb128 0x3
 192 004d 69060000 		.4byte	.LASF5
 193 0051 02       		.byte	0x2
 194 0052 3F       		.byte	0x3f
 195 0053 57000000 		.4byte	0x57
 196 0057 02       		.uleb128 0x2
 197 0058 04       		.byte	0x4
 198 0059 05       		.byte	0x5
 199 005a 7D010000 		.4byte	.LASF6
 200 005e 03       		.uleb128 0x3
 201 005f 07020000 		.4byte	.LASF7
 202 0063 02       		.byte	0x2
 203 0064 41       		.byte	0x41
 204 0065 69000000 		.4byte	0x69
 205 0069 02       		.uleb128 0x2
 206 006a 04       		.byte	0x4
 207 006b 07       		.byte	0x7
 208 006c 54020000 		.4byte	.LASF8
 209 0070 02       		.uleb128 0x2
 210 0071 08       		.byte	0x8
 211 0072 05       		.byte	0x5
 212 0073 E4000000 		.4byte	.LASF9
 213 0077 02       		.uleb128 0x2
 214 0078 08       		.byte	0x8
 215 0079 07       		.byte	0x7
 216 007a 8E000000 		.4byte	.LASF10
 217 007e 04       		.uleb128 0x4
 218 007f 04       		.byte	0x4
 219 0080 05       		.byte	0x5
 220 0081 696E7400 		.ascii	"int\000"
 221 0085 02       		.uleb128 0x2
 222 0086 04       		.byte	0x4
 223 0087 07       		.byte	0x7
 224 0088 2B020000 		.4byte	.LASF11
 225 008c 02       		.uleb128 0x2
 226 008d 08       		.byte	0x8
 227 008e 04       		.byte	0x4
 228 008f 73030000 		.4byte	.LASF12
 229 0093 05       		.uleb128 0x5
 230 0094 04       		.byte	0x4
 231 0095 02       		.uleb128 0x2
 232 0096 04       		.byte	0x4
 233 0097 07       		.byte	0x7
 234 0098 6A030000 		.4byte	.LASF13
 235 009c 06       		.uleb128 0x6
 236 009d 04       		.byte	0x4
 237 009e A2000000 		.4byte	0xa2
 238 00a2 02       		.uleb128 0x2
 239 00a3 01       		.byte	0x1
 240 00a4 08       		.byte	0x8
 241 00a5 30060000 		.4byte	.LASF14
 242 00a9 06       		.uleb128 0x6
 243 00aa 04       		.byte	0x4
ARM GAS  C:\Users\gjl\AppData\Local\Temp\ccz0nt0m.s 			page 8


 244 00ab AF000000 		.4byte	0xaf
 245 00af 07       		.uleb128 0x7
 246 00b0 A2000000 		.4byte	0xa2
 247 00b4 03       		.uleb128 0x3
 248 00b5 24080000 		.4byte	.LASF15
 249 00b9 03       		.byte	0x3
 250 00ba 18       		.byte	0x18
 251 00bb 2C000000 		.4byte	0x2c
 252 00bf 03       		.uleb128 0x3
 253 00c0 67050000 		.4byte	.LASF16
 254 00c4 03       		.byte	0x3
 255 00c5 2C       		.byte	0x2c
 256 00c6 4C000000 		.4byte	0x4c
 257 00ca 03       		.uleb128 0x3
 258 00cb F8050000 		.4byte	.LASF17
 259 00cf 03       		.byte	0x3
 260 00d0 30       		.byte	0x30
 261 00d1 5E000000 		.4byte	0x5e
 262 00d5 08       		.uleb128 0x8
 263 00d6 CA000000 		.4byte	0xca
 264 00da 02       		.uleb128 0x2
 265 00db 04       		.byte	0x4
 266 00dc 04       		.byte	0x4
 267 00dd F1040000 		.4byte	.LASF18
 268 00e1 02       		.uleb128 0x2
 269 00e2 08       		.byte	0x8
 270 00e3 04       		.byte	0x4
 271 00e4 9D010000 		.4byte	.LASF19
 272 00e8 02       		.uleb128 0x2
 273 00e9 01       		.byte	0x1
 274 00ea 02       		.byte	0x2
 275 00eb 9D070000 		.4byte	.LASF20
 276 00ef 09       		.uleb128 0x9
 277 00f0 58010000 		.4byte	.LASF58
 278 00f4 64       		.byte	0x64
 279 00f5 04       		.byte	0x4
 280 00f6 2B       		.byte	0x2b
 281 00f7 28020000 		.4byte	0x228
 282 00fb 0A       		.uleb128 0xa
 283 00fc 91080000 		.4byte	.LASF21
 284 0100 04       		.byte	0x4
 285 0101 2D       		.byte	0x2d
 286 0102 CA000000 		.4byte	0xca
 287 0106 00       		.byte	0
 288 0107 0A       		.uleb128 0xa
 289 0108 A5000000 		.4byte	.LASF22
 290 010c 04       		.byte	0x4
 291 010d 2F       		.byte	0x2f
 292 010e CA000000 		.4byte	0xca
 293 0112 04       		.byte	0x4
 294 0113 0A       		.uleb128 0xa
 295 0114 4B000000 		.4byte	.LASF23
 296 0118 04       		.byte	0x4
 297 0119 30       		.byte	0x30
 298 011a CA000000 		.4byte	0xca
 299 011e 08       		.byte	0x8
 300 011f 0A       		.uleb128 0xa
ARM GAS  C:\Users\gjl\AppData\Local\Temp\ccz0nt0m.s 			page 9


 301 0120 26030000 		.4byte	.LASF24
 302 0124 04       		.byte	0x4
 303 0125 31       		.byte	0x31
 304 0126 CA000000 		.4byte	0xca
 305 012a 0C       		.byte	0xc
 306 012b 0A       		.uleb128 0xa
 307 012c 00000000 		.4byte	.LASF25
 308 0130 04       		.byte	0x4
 309 0131 32       		.byte	0x32
 310 0132 CA000000 		.4byte	0xca
 311 0136 10       		.byte	0x10
 312 0137 0A       		.uleb128 0xa
 313 0138 63070000 		.4byte	.LASF26
 314 013c 04       		.byte	0x4
 315 013d 33       		.byte	0x33
 316 013e CA000000 		.4byte	0xca
 317 0142 14       		.byte	0x14
 318 0143 0A       		.uleb128 0xa
 319 0144 6B070000 		.4byte	.LASF27
 320 0148 04       		.byte	0x4
 321 0149 34       		.byte	0x34
 322 014a CA000000 		.4byte	0xca
 323 014e 18       		.byte	0x18
 324 014f 0A       		.uleb128 0xa
 325 0150 B2050000 		.4byte	.LASF28
 326 0154 04       		.byte	0x4
 327 0155 35       		.byte	0x35
 328 0156 E8000000 		.4byte	0xe8
 329 015a 1C       		.byte	0x1c
 330 015b 0A       		.uleb128 0xa
 331 015c 16060000 		.4byte	.LASF29
 332 0160 04       		.byte	0x4
 333 0161 36       		.byte	0x36
 334 0162 CA000000 		.4byte	0xca
 335 0166 20       		.byte	0x20
 336 0167 0A       		.uleb128 0xa
 337 0168 1F060000 		.4byte	.LASF30
 338 016c 04       		.byte	0x4
 339 016d 37       		.byte	0x37
 340 016e CA000000 		.4byte	0xca
 341 0172 24       		.byte	0x24
 342 0173 0A       		.uleb128 0xa
 343 0174 8A050000 		.4byte	.LASF31
 344 0178 04       		.byte	0x4
 345 0179 38       		.byte	0x38
 346 017a E8000000 		.4byte	0xe8
 347 017e 28       		.byte	0x28
 348 017f 0A       		.uleb128 0xa
 349 0180 D2060000 		.4byte	.LASF32
 350 0184 04       		.byte	0x4
 351 0185 3A       		.byte	0x3a
 352 0186 CA000000 		.4byte	0xca
 353 018a 2C       		.byte	0x2c
 354 018b 0A       		.uleb128 0xa
 355 018c 19030000 		.4byte	.LASF33
 356 0190 04       		.byte	0x4
 357 0191 3B       		.byte	0x3b
ARM GAS  C:\Users\gjl\AppData\Local\Temp\ccz0nt0m.s 			page 10


 358 0192 CA000000 		.4byte	0xca
 359 0196 30       		.byte	0x30
 360 0197 0A       		.uleb128 0xa
 361 0198 E0070000 		.4byte	.LASF34
 362 019c 04       		.byte	0x4
 363 019d 3C       		.byte	0x3c
 364 019e CA000000 		.4byte	0xca
 365 01a2 34       		.byte	0x34
 366 01a3 0A       		.uleb128 0xa
 367 01a4 2C080000 		.4byte	.LASF35
 368 01a8 04       		.byte	0x4
 369 01a9 3D       		.byte	0x3d
 370 01aa CA000000 		.4byte	0xca
 371 01ae 38       		.byte	0x38
 372 01af 0A       		.uleb128 0xa
 373 01b0 7C020000 		.4byte	.LASF36
 374 01b4 04       		.byte	0x4
 375 01b5 3E       		.byte	0x3e
 376 01b6 CA000000 		.4byte	0xca
 377 01ba 3C       		.byte	0x3c
 378 01bb 0A       		.uleb128 0xa
 379 01bc C3050000 		.4byte	.LASF37
 380 01c0 04       		.byte	0x4
 381 01c1 40       		.byte	0x40
 382 01c2 CA000000 		.4byte	0xca
 383 01c6 40       		.byte	0x40
 384 01c7 0A       		.uleb128 0xa
 385 01c8 5C080000 		.4byte	.LASF38
 386 01cc 04       		.byte	0x4
 387 01cd 41       		.byte	0x41
 388 01ce CA000000 		.4byte	0xca
 389 01d2 44       		.byte	0x44
 390 01d3 0A       		.uleb128 0xa
 391 01d4 E3060000 		.4byte	.LASF39
 392 01d8 04       		.byte	0x4
 393 01d9 43       		.byte	0x43
 394 01da CA000000 		.4byte	0xca
 395 01de 48       		.byte	0x48
 396 01df 0A       		.uleb128 0xa
 397 01e0 58050000 		.4byte	.LASF40
 398 01e4 04       		.byte	0x4
 399 01e5 44       		.byte	0x44
 400 01e6 CA000000 		.4byte	0xca
 401 01ea 4C       		.byte	0x4c
 402 01eb 0A       		.uleb128 0xa
 403 01ec 52030000 		.4byte	.LASF41
 404 01f0 04       		.byte	0x4
 405 01f1 46       		.byte	0x46
 406 01f2 CA000000 		.4byte	0xca
 407 01f6 50       		.byte	0x50
 408 01f7 0A       		.uleb128 0xa
 409 01f8 C6020000 		.4byte	.LASF42
 410 01fc 04       		.byte	0x4
 411 01fd 47       		.byte	0x47
 412 01fe CA000000 		.4byte	0xca
 413 0202 54       		.byte	0x54
 414 0203 0A       		.uleb128 0xa
ARM GAS  C:\Users\gjl\AppData\Local\Temp\ccz0nt0m.s 			page 11


 415 0204 41000000 		.4byte	.LASF43
 416 0208 04       		.byte	0x4
 417 0209 49       		.byte	0x49
 418 020a CA000000 		.4byte	0xca
 419 020e 58       		.byte	0x58
 420 020f 0A       		.uleb128 0xa
 421 0210 43030000 		.4byte	.LASF44
 422 0214 04       		.byte	0x4
 423 0215 4A       		.byte	0x4a
 424 0216 CA000000 		.4byte	0xca
 425 021a 5C       		.byte	0x5c
 426 021b 0A       		.uleb128 0xa
 427 021c 01090000 		.4byte	.LASF45
 428 0220 04       		.byte	0x4
 429 0221 4C       		.byte	0x4c
 430 0222 CA000000 		.4byte	0xca
 431 0226 60       		.byte	0x60
 432 0227 00       		.byte	0
 433 0228 03       		.uleb128 0x3
 434 0229 42080000 		.4byte	.LASF46
 435 022d 04       		.byte	0x4
 436 022e 4D       		.byte	0x4d
 437 022f EF000000 		.4byte	0xef
 438 0233 06       		.uleb128 0x6
 439 0234 04       		.byte	0x4
 440 0235 39020000 		.4byte	0x239
 441 0239 0B       		.uleb128 0xb
 442 023a 44020000 		.4byte	0x244
 443 023e 0C       		.uleb128 0xc
 444 023f CA000000 		.4byte	0xca
 445 0243 00       		.byte	0
 446 0244 06       		.uleb128 0x6
 447 0245 04       		.byte	0x4
 448 0246 B4000000 		.4byte	0xb4
 449 024a 0D       		.uleb128 0xd
 450 024b 01       		.byte	0x1
 451 024c 37000000 		.4byte	0x37
 452 0250 05       		.byte	0x5
 453 0251 2A01     		.2byte	0x12a
 454 0253 64020000 		.4byte	0x264
 455 0257 0E       		.uleb128 0xe
 456 0258 81070000 		.4byte	.LASF47
 457 025c 00       		.byte	0
 458 025d 0E       		.uleb128 0xe
 459 025e 38070000 		.4byte	.LASF48
 460 0262 01       		.byte	0x1
 461 0263 00       		.byte	0
 462 0264 0F       		.uleb128 0xf
 463 0265 21000000 		.4byte	.LASF49
 464 0269 05       		.byte	0x5
 465 026a 2D01     		.2byte	0x12d
 466 026c 4A020000 		.4byte	0x24a
 467 0270 0D       		.uleb128 0xd
 468 0271 01       		.byte	0x1
 469 0272 37000000 		.4byte	0x37
 470 0276 05       		.byte	0x5
 471 0277 3201     		.2byte	0x132
ARM GAS  C:\Users\gjl\AppData\Local\Temp\ccz0nt0m.s 			page 12


 472 0279 A8020000 		.4byte	0x2a8
 473 027d 0E       		.uleb128 0xe
 474 027e C1030000 		.4byte	.LASF50
 475 0282 00       		.byte	0
 476 0283 0E       		.uleb128 0xe
 477 0284 9D020000 		.4byte	.LASF51
 478 0288 01       		.byte	0x1
 479 0289 0E       		.uleb128 0xe
 480 028a DC010000 		.4byte	.LASF52
 481 028e 02       		.byte	0x2
 482 028f 0E       		.uleb128 0xe
 483 0290 F8020000 		.4byte	.LASF53
 484 0294 03       		.byte	0x3
 485 0295 0E       		.uleb128 0xe
 486 0296 E2030000 		.4byte	.LASF54
 487 029a 04       		.byte	0x4
 488 029b 0E       		.uleb128 0xe
 489 029c FE030000 		.4byte	.LASF55
 490 02a0 05       		.byte	0x5
 491 02a1 0E       		.uleb128 0xe
 492 02a2 35060000 		.4byte	.LASF56
 493 02a6 06       		.byte	0x6
 494 02a7 00       		.byte	0
 495 02a8 0F       		.uleb128 0xf
 496 02a9 08050000 		.4byte	.LASF57
 497 02ad 05       		.byte	0x5
 498 02ae 3A01     		.2byte	0x13a
 499 02b0 70020000 		.4byte	0x270
 500 02b4 10       		.uleb128 0x10
 501 02b5 08000000 		.4byte	.LASF59
 502 02b9 3C       		.byte	0x3c
 503 02ba 05       		.byte	0x5
 504 02bb 6601     		.2byte	0x166
 505 02bd 9F030000 		.4byte	0x39f
 506 02c1 11       		.uleb128 0x11
 507 02c2 77010000 		.4byte	.LASF60
 508 02c6 05       		.byte	0x5
 509 02c7 6901     		.2byte	0x169
 510 02c9 9F030000 		.4byte	0x39f
 511 02cd 00       		.byte	0
 512 02ce 11       		.uleb128 0x11
 513 02cf D4070000 		.4byte	.LASF61
 514 02d3 05       		.byte	0x5
 515 02d4 6A01     		.2byte	0x16a
 516 02d6 D5000000 		.4byte	0xd5
 517 02da 04       		.byte	0x4
 518 02db 11       		.uleb128 0x11
 519 02dc 46010000 		.4byte	.LASF62
 520 02e0 05       		.byte	0x5
 521 02e1 6C01     		.2byte	0x16c
 522 02e3 B4000000 		.4byte	0xb4
 523 02e7 08       		.byte	0x8
 524 02e8 11       		.uleb128 0x11
 525 02e9 4F010000 		.4byte	.LASF63
 526 02ed 05       		.byte	0x5
 527 02ee 6D01     		.2byte	0x16d
 528 02f0 B4000000 		.4byte	0xb4
ARM GAS  C:\Users\gjl\AppData\Local\Temp\ccz0nt0m.s 			page 13


 529 02f4 09       		.byte	0x9
 530 02f5 11       		.uleb128 0x11
 531 02f6 7F030000 		.4byte	.LASF64
 532 02fa 05       		.byte	0x5
 533 02fb 6E01     		.2byte	0x16e
 534 02fd 64020000 		.4byte	0x264
 535 0301 0A       		.byte	0xa
 536 0302 12       		.uleb128 0x12
 537 0303 69647800 		.ascii	"idx\000"
 538 0307 05       		.byte	0x5
 539 0308 7001     		.2byte	0x170
 540 030a CA000000 		.4byte	0xca
 541 030e 0C       		.byte	0xc
 542 030f 11       		.uleb128 0x11
 543 0310 D5080000 		.4byte	.LASF65
 544 0314 05       		.byte	0x5
 545 0315 7101     		.2byte	0x171
 546 0317 CA000000 		.4byte	0xca
 547 031b 10       		.byte	0x10
 548 031c 11       		.uleb128 0x11
 549 031d DF080000 		.4byte	.LASF66
 550 0321 05       		.byte	0x5
 551 0322 7201     		.2byte	0x172
 552 0324 CA000000 		.4byte	0xca
 553 0328 14       		.byte	0x14
 554 0329 11       		.uleb128 0x11
 555 032a 01060000 		.4byte	.LASF67
 556 032e 05       		.byte	0x5
 557 032f 7401     		.2byte	0x174
 558 0331 E8000000 		.4byte	0xe8
 559 0335 18       		.byte	0x18
 560 0336 11       		.uleb128 0x11
 561 0337 70010000 		.4byte	.LASF68
 562 033b 05       		.byte	0x5
 563 033c 7501     		.2byte	0x175
 564 033e 44020000 		.4byte	0x244
 565 0342 1C       		.byte	0x1c
 566 0343 11       		.uleb128 0x11
 567 0344 28060000 		.4byte	.LASF69
 568 0348 05       		.byte	0x5
 569 0349 7601     		.2byte	0x176
 570 034b CA000000 		.4byte	0xca
 571 034f 20       		.byte	0x20
 572 0350 11       		.uleb128 0x11
 573 0351 58000000 		.4byte	.LASF70
 574 0355 05       		.byte	0x5
 575 0356 7801     		.2byte	0x178
 576 0358 44020000 		.4byte	0x244
 577 035c 24       		.byte	0x24
 578 035d 11       		.uleb128 0x11
 579 035e CE000000 		.4byte	.LASF71
 580 0362 05       		.byte	0x5
 581 0363 7901     		.2byte	0x179
 582 0365 CA000000 		.4byte	0xca
 583 0369 28       		.byte	0x28
 584 036a 11       		.uleb128 0x11
 585 036b 7A080000 		.4byte	.LASF72
ARM GAS  C:\Users\gjl\AppData\Local\Temp\ccz0nt0m.s 			page 14


 586 036f 05       		.byte	0x5
 587 0370 7A01     		.2byte	0x17a
 588 0372 CA000000 		.4byte	0xca
 589 0376 2C       		.byte	0x2c
 590 0377 11       		.uleb128 0x11
 591 0378 DB070000 		.4byte	.LASF73
 592 037c 05       		.byte	0x5
 593 037d 7C01     		.2byte	0x17c
 594 037f 44020000 		.4byte	0x244
 595 0383 30       		.byte	0x30
 596 0384 11       		.uleb128 0x11
 597 0385 0D060000 		.4byte	.LASF74
 598 0389 05       		.byte	0x5
 599 038a 7D01     		.2byte	0x17d
 600 038c CA000000 		.4byte	0xca
 601 0390 34       		.byte	0x34
 602 0391 11       		.uleb128 0x11
 603 0392 20050000 		.4byte	.LASF75
 604 0396 05       		.byte	0x5
 605 0397 7E01     		.2byte	0x17e
 606 0399 CA000000 		.4byte	0xca
 607 039d 38       		.byte	0x38
 608 039e 00       		.byte	0
 609 039f 08       		.uleb128 0x8
 610 03a0 A8020000 		.4byte	0x2a8
 611 03a4 0F       		.uleb128 0xf
 612 03a5 DD020000 		.4byte	.LASF76
 613 03a9 05       		.byte	0x5
 614 03aa 8001     		.2byte	0x180
 615 03ac B4020000 		.4byte	0x2b4
 616 03b0 0F       		.uleb128 0xf
 617 03b1 19070000 		.4byte	.LASF77
 618 03b5 06       		.byte	0x6
 619 03b6 AB01     		.2byte	0x1ab
 620 03b8 33020000 		.4byte	0x233
 621 03bc 10       		.uleb128 0x10
 622 03bd E9080000 		.4byte	.LASF78
 623 03c1 38       		.byte	0x38
 624 03c2 06       		.byte	0x6
 625 03c3 4702     		.2byte	0x247
 626 03c5 80040000 		.4byte	0x480
 627 03c9 11       		.uleb128 0x11
 628 03ca 73020000 		.4byte	.LASF79
 629 03ce 06       		.byte	0x6
 630 03cf 4A02     		.2byte	0x24a
 631 03d1 D5000000 		.4byte	0xd5
 632 03d5 00       		.byte	0
 633 03d6 11       		.uleb128 0x11
 634 03d7 D9030000 		.4byte	.LASF80
 635 03db 06       		.byte	0x6
 636 03dc 4B02     		.2byte	0x24b
 637 03de D5000000 		.4byte	0xd5
 638 03e2 04       		.byte	0x4
 639 03e3 11       		.uleb128 0x11
 640 03e4 C4000000 		.4byte	.LASF81
 641 03e8 06       		.byte	0x6
 642 03e9 4D02     		.2byte	0x24d
ARM GAS  C:\Users\gjl\AppData\Local\Temp\ccz0nt0m.s 			page 15


 643 03eb 93000000 		.4byte	0x93
 644 03ef 08       		.byte	0x8
 645 03f0 11       		.uleb128 0x11
 646 03f1 55070000 		.4byte	.LASF82
 647 03f5 06       		.byte	0x6
 648 03f6 4E02     		.2byte	0x24e
 649 03f8 CA000000 		.4byte	0xca
 650 03fc 0C       		.byte	0xc
 651 03fd 11       		.uleb128 0x11
 652 03fe 35030000 		.4byte	.LASF83
 653 0402 06       		.byte	0x6
 654 0403 4F02     		.2byte	0x24f
 655 0405 D5000000 		.4byte	0xd5
 656 0409 10       		.byte	0x10
 657 040a 11       		.uleb128 0x11
 658 040b 6C080000 		.4byte	.LASF84
 659 040f 06       		.byte	0x6
 660 0410 5002     		.2byte	0x250
 661 0412 D5000000 		.4byte	0xd5
 662 0416 14       		.byte	0x14
 663 0417 11       		.uleb128 0x11
 664 0418 7B070000 		.4byte	.LASF85
 665 041c 06       		.byte	0x6
 666 041d 5202     		.2byte	0x252
 667 041f 93000000 		.4byte	0x93
 668 0423 18       		.byte	0x18
 669 0424 11       		.uleb128 0x11
 670 0425 FD010000 		.4byte	.LASF86
 671 0429 06       		.byte	0x6
 672 042a 5302     		.2byte	0x253
 673 042c CA000000 		.4byte	0xca
 674 0430 1C       		.byte	0x1c
 675 0431 11       		.uleb128 0x11
 676 0432 12020000 		.4byte	.LASF87
 677 0436 06       		.byte	0x6
 678 0437 5402     		.2byte	0x254
 679 0439 D5000000 		.4byte	0xd5
 680 043d 20       		.byte	0x20
 681 043e 11       		.uleb128 0x11
 682 043f D7000000 		.4byte	.LASF88
 683 0443 06       		.byte	0x6
 684 0444 5602     		.2byte	0x256
 685 0446 93000000 		.4byte	0x93
 686 044a 24       		.byte	0x24
 687 044b 11       		.uleb128 0x11
 688 044c 21020000 		.4byte	.LASF89
 689 0450 06       		.byte	0x6
 690 0451 5702     		.2byte	0x257
 691 0453 CA000000 		.4byte	0xca
 692 0457 28       		.byte	0x28
 693 0458 11       		.uleb128 0x11
 694 0459 F7040000 		.4byte	.LASF90
 695 045d 06       		.byte	0x6
 696 045e 5802     		.2byte	0x258
 697 0460 D5000000 		.4byte	0xd5
 698 0464 2C       		.byte	0x2c
 699 0465 11       		.uleb128 0x11
ARM GAS  C:\Users\gjl\AppData\Local\Temp\ccz0nt0m.s 			page 16


 700 0466 D4020000 		.4byte	.LASF91
 701 046a 06       		.byte	0x6
 702 046b 5D02     		.2byte	0x25d
 703 046d B0030000 		.4byte	0x3b0
 704 0471 30       		.byte	0x30
 705 0472 11       		.uleb128 0x11
 706 0473 73070000 		.4byte	.LASF92
 707 0477 06       		.byte	0x6
 708 0478 6002     		.2byte	0x260
 709 047a CA000000 		.4byte	0xca
 710 047e 34       		.byte	0x34
 711 047f 00       		.byte	0
 712 0480 0F       		.uleb128 0xf
 713 0481 FE000000 		.4byte	.LASF93
 714 0485 06       		.byte	0x6
 715 0486 6302     		.2byte	0x263
 716 0488 BC030000 		.4byte	0x3bc
 717 048c 13       		.uleb128 0x13
 718 048d 02       		.byte	0x2
 719 048e 07       		.byte	0x7
 720 048f 5B01     		.2byte	0x15b
 721 0491 B0040000 		.4byte	0x4b0
 722 0495 11       		.uleb128 0x11
 723 0496 88080000 		.4byte	.LASF94
 724 049a 07       		.byte	0x7
 725 049b 6501     		.2byte	0x165
 726 049d B4000000 		.4byte	0xb4
 727 04a1 00       		.byte	0
 728 04a2 11       		.uleb128 0x11
 729 04a3 64030000 		.4byte	.LASF95
 730 04a7 07       		.byte	0x7
 731 04a8 6901     		.2byte	0x169
 732 04aa B4000000 		.4byte	0xb4
 733 04ae 01       		.byte	0x1
 734 04af 00       		.byte	0
 735 04b0 0F       		.uleb128 0xf
 736 04b1 67000000 		.4byte	.LASF96
 737 04b5 07       		.byte	0x7
 738 04b6 6B01     		.2byte	0x16b
 739 04b8 8C040000 		.4byte	0x48c
 740 04bc 14       		.uleb128 0x14
 741 04bd 01       		.byte	0x1
 742 04be 37000000 		.4byte	0x37
 743 04c2 08       		.byte	0x8
 744 04c3 7E       		.byte	0x7e
 745 04c4 E1040000 		.4byte	0x4e1
 746 04c8 0E       		.uleb128 0xe
 747 04c9 0B080000 		.4byte	.LASF97
 748 04cd 00       		.byte	0
 749 04ce 0E       		.uleb128 0xe
 750 04cf A2030000 		.4byte	.LASF98
 751 04d3 01       		.byte	0x1
 752 04d4 0E       		.uleb128 0xe
 753 04d5 EE070000 		.4byte	.LASF99
 754 04d9 02       		.byte	0x2
 755 04da 0E       		.uleb128 0xe
 756 04db 26010000 		.4byte	.LASF100
ARM GAS  C:\Users\gjl\AppData\Local\Temp\ccz0nt0m.s 			page 17


 757 04df 03       		.byte	0x3
 758 04e0 00       		.byte	0
 759 04e1 03       		.uleb128 0x3
 760 04e2 9C050000 		.4byte	.LASF101
 761 04e6 08       		.byte	0x8
 762 04e7 83       		.byte	0x83
 763 04e8 BC040000 		.4byte	0x4bc
 764 04ec 14       		.uleb128 0x14
 765 04ed 01       		.byte	0x1
 766 04ee 37000000 		.4byte	0x37
 767 04f2 08       		.byte	0x8
 768 04f3 87       		.byte	0x87
 769 04f4 29050000 		.4byte	0x529
 770 04f8 0E       		.uleb128 0xe
 771 04f9 A3070000 		.4byte	.LASF102
 772 04fd 00       		.byte	0
 773 04fe 0E       		.uleb128 0xe
 774 04ff 0C090000 		.4byte	.LASF103
 775 0503 01       		.byte	0x1
 776 0504 0E       		.uleb128 0xe
 777 0505 38020000 		.4byte	.LASF104
 778 0509 02       		.byte	0x2
 779 050a 0E       		.uleb128 0xe
 780 050b EF060000 		.4byte	.LASF105
 781 050f 03       		.byte	0x3
 782 0510 0E       		.uleb128 0xe
 783 0511 B2010000 		.4byte	.LASF106
 784 0515 04       		.byte	0x4
 785 0516 0E       		.uleb128 0xe
 786 0517 2E050000 		.4byte	.LASF107
 787 051b 05       		.byte	0x5
 788 051c 0E       		.uleb128 0xe
 789 051d CD050000 		.4byte	.LASF108
 790 0521 06       		.byte	0x6
 791 0522 0E       		.uleb128 0xe
 792 0523 CD040000 		.4byte	.LASF109
 793 0527 07       		.byte	0x7
 794 0528 00       		.byte	0
 795 0529 03       		.uleb128 0x3
 796 052a 8B030000 		.4byte	.LASF110
 797 052e 08       		.byte	0x8
 798 052f 90       		.byte	0x90
 799 0530 EC040000 		.4byte	0x4ec
 800 0534 15       		.uleb128 0x15
 801 0535 5D030000 		.4byte	.LASF111
 802 0539 01       		.byte	0x1
 803 053a 4F       		.byte	0x4f
 804 053b 7E000000 		.4byte	0x7e
 805 053f 00000000 		.4byte	.LFB641
 806 0543 22000000 		.4byte	.LFE641-.LFB641
 807 0547 01       		.uleb128 0x1
 808 0548 9C       		.byte	0x9c
 809 0549 92050000 		.4byte	0x592
 810 054d 16       		.uleb128 0x16
 811 054e 666400   		.ascii	"fd\000"
 812 0551 01       		.byte	0x1
 813 0552 4F       		.byte	0x4f
ARM GAS  C:\Users\gjl\AppData\Local\Temp\ccz0nt0m.s 			page 18


 814 0553 7E000000 		.4byte	0x7e
 815 0557 00000000 		.4byte	.LLST0
 816 055b 16       		.uleb128 0x16
 817 055c 70747200 		.ascii	"ptr\000"
 818 0560 01       		.byte	0x1
 819 0561 4F       		.byte	0x4f
 820 0562 A9000000 		.4byte	0xa9
 821 0566 3A000000 		.4byte	.LLST1
 822 056a 16       		.uleb128 0x16
 823 056b 6C656E00 		.ascii	"len\000"
 824 056f 01       		.byte	0x1
 825 0570 4F       		.byte	0x4f
 826 0571 7E000000 		.4byte	0x7e
 827 0575 86000000 		.4byte	.LLST2
 828 0579 17       		.uleb128 0x17
 829 057a DD000000 		.4byte	.LASF113
 830 057e 01       		.byte	0x1
 831 057f 51       		.byte	0x51
 832 0580 7E000000 		.4byte	0x7e
 833 0584 C8000000 		.4byte	.LLST3
 834 0588 18       		.uleb128 0x18
 835 0589 10000000 		.4byte	.LVL4
 836 058d 8D060000 		.4byte	0x68d
 837 0591 00       		.byte	0
 838 0592 15       		.uleb128 0x15
 839 0593 1B020000 		.4byte	.LASF112
 840 0597 01       		.byte	0x1
 841 0598 85       		.byte	0x85
 842 0599 7E000000 		.4byte	0x7e
 843 059d 00000000 		.4byte	.LFB642
 844 05a1 28000000 		.4byte	.LFE642-.LFB642
 845 05a5 01       		.uleb128 0x1
 846 05a6 9C       		.byte	0x9c
 847 05a7 F0050000 		.4byte	0x5f0
 848 05ab 16       		.uleb128 0x16
 849 05ac 666400   		.ascii	"fd\000"
 850 05af 01       		.byte	0x1
 851 05b0 85       		.byte	0x85
 852 05b1 7E000000 		.4byte	0x7e
 853 05b5 FE000000 		.4byte	.LLST4
 854 05b9 16       		.uleb128 0x16
 855 05ba 70747200 		.ascii	"ptr\000"
 856 05be 01       		.byte	0x1
 857 05bf 85       		.byte	0x85
 858 05c0 9C000000 		.4byte	0x9c
 859 05c4 38010000 		.4byte	.LLST5
 860 05c8 16       		.uleb128 0x16
 861 05c9 6C656E00 		.ascii	"len\000"
 862 05cd 01       		.byte	0x1
 863 05ce 85       		.byte	0x85
 864 05cf 7E000000 		.4byte	0x7e
 865 05d3 6C010000 		.4byte	.LLST6
 866 05d7 17       		.uleb128 0x17
 867 05d8 DD000000 		.4byte	.LASF113
 868 05dc 01       		.byte	0x1
 869 05dd 87       		.byte	0x87
 870 05de 7E000000 		.4byte	0x7e
ARM GAS  C:\Users\gjl\AppData\Local\Temp\ccz0nt0m.s 			page 19


 871 05e2 AE010000 		.4byte	.LLST7
 872 05e6 18       		.uleb128 0x18
 873 05e7 0C000000 		.4byte	.LVL12
 874 05eb 98060000 		.4byte	0x698
 875 05ef 00       		.byte	0
 876 05f0 19       		.uleb128 0x19
 877 05f1 7D050000 		.4byte	.LASF114
 878 05f5 09       		.byte	0x9
 879 05f6 EA07     		.2byte	0x7ea
 880 05f8 FC050000 		.4byte	0x5fc
 881 05fc 08       		.uleb128 0x8
 882 05fd BF000000 		.4byte	0xbf
 883 0601 19       		.uleb128 0x19
 884 0602 73060000 		.4byte	.LASF115
 885 0606 08       		.byte	0x8
 886 0607 2202     		.2byte	0x222
 887 0609 E1040000 		.4byte	0x4e1
 888 060d 1A       		.uleb128 0x1a
 889 060e B0040000 		.4byte	0x4b0
 890 0612 1D060000 		.4byte	0x61d
 891 0616 1B       		.uleb128 0x1b
 892 0617 95000000 		.4byte	0x95
 893 061b 00       		.byte	0
 894 061c 00       		.byte	0
 895 061d 19       		.uleb128 0x19
 896 061e C2070000 		.4byte	.LASF116
 897 0622 08       		.byte	0x8
 898 0623 2C02     		.2byte	0x22c
 899 0625 0D060000 		.4byte	0x60d
 900 0629 1A       		.uleb128 0x1a
 901 062a 29050000 		.4byte	0x529
 902 062e 39060000 		.4byte	0x639
 903 0632 1B       		.uleb128 0x1b
 904 0633 95000000 		.4byte	0x95
 905 0637 00       		.byte	0
 906 0638 00       		.byte	0
 907 0639 19       		.uleb128 0x19
 908 063a B5020000 		.4byte	.LASF117
 909 063e 08       		.byte	0x8
 910 063f 2D02     		.2byte	0x22d
 911 0641 29060000 		.4byte	0x629
 912 0645 19       		.uleb128 0x19
 913 0646 50060000 		.4byte	.LASF118
 914 064a 08       		.byte	0x8
 915 064b 5202     		.2byte	0x252
 916 064d B4000000 		.4byte	0xb4
 917 0651 1C       		.uleb128 0x1c
 918 0652 66020000 		.4byte	.LASF119
 919 0656 0A       		.byte	0xa
 920 0657 87       		.byte	0x87
 921 0658 80040000 		.4byte	0x480
 922 065c 1C       		.uleb128 0x1c
 923 065d 86010000 		.4byte	.LASF120
 924 0661 0B       		.byte	0xb
 925 0662 1F       		.byte	0x1f
 926 0663 67060000 		.4byte	0x667
 927 0667 07       		.uleb128 0x7
ARM GAS  C:\Users\gjl\AppData\Local\Temp\ccz0nt0m.s 			page 20


 928 0668 28020000 		.4byte	0x228
 929 066c 1C       		.uleb128 0x1c
 930 066d 35080000 		.4byte	.LASF121
 931 0671 0C       		.byte	0xc
 932 0672 1F       		.byte	0x1f
 933 0673 67060000 		.4byte	0x667
 934 0677 1C       		.uleb128 0x1c
 935 0678 80000000 		.4byte	.LASF122
 936 067c 0D       		.byte	0xd
 937 067d 4B       		.byte	0x4b
 938 067e A4030000 		.4byte	0x3a4
 939 0682 1C       		.uleb128 0x1c
 940 0683 B4000000 		.4byte	.LASF123
 941 0687 0E       		.byte	0xe
 942 0688 1F       		.byte	0x1f
 943 0689 67060000 		.4byte	0x667
 944 068d 1D       		.uleb128 0x1d
 945 068e A4010000 		.4byte	.LASF124
 946 0692 A4010000 		.4byte	.LASF124
 947 0696 0F       		.byte	0xf
 948 0697 AE       		.byte	0xae
 949 0698 1D       		.uleb128 0x1d
 950 0699 18010000 		.4byte	.LASF125
 951 069d 18010000 		.4byte	.LASF125
 952 06a1 0F       		.byte	0xf
 953 06a2 B2       		.byte	0xb2
 954 06a3 00       		.byte	0
 955              		.section	.debug_abbrev,"",%progbits
 956              	.Ldebug_abbrev0:
 957 0000 01       		.uleb128 0x1
 958 0001 11       		.uleb128 0x11
 959 0002 01       		.byte	0x1
 960 0003 25       		.uleb128 0x25
 961 0004 0E       		.uleb128 0xe
 962 0005 13       		.uleb128 0x13
 963 0006 0B       		.uleb128 0xb
 964 0007 03       		.uleb128 0x3
 965 0008 0E       		.uleb128 0xe
 966 0009 1B       		.uleb128 0x1b
 967 000a 0E       		.uleb128 0xe
 968 000b 55       		.uleb128 0x55
 969 000c 17       		.uleb128 0x17
 970 000d 11       		.uleb128 0x11
 971 000e 01       		.uleb128 0x1
 972 000f 10       		.uleb128 0x10
 973 0010 17       		.uleb128 0x17
 974 0011 00       		.byte	0
 975 0012 00       		.byte	0
 976 0013 02       		.uleb128 0x2
 977 0014 24       		.uleb128 0x24
 978 0015 00       		.byte	0
 979 0016 0B       		.uleb128 0xb
 980 0017 0B       		.uleb128 0xb
 981 0018 3E       		.uleb128 0x3e
 982 0019 0B       		.uleb128 0xb
 983 001a 03       		.uleb128 0x3
 984 001b 0E       		.uleb128 0xe
ARM GAS  C:\Users\gjl\AppData\Local\Temp\ccz0nt0m.s 			page 21


 985 001c 00       		.byte	0
 986 001d 00       		.byte	0
 987 001e 03       		.uleb128 0x3
 988 001f 16       		.uleb128 0x16
 989 0020 00       		.byte	0
 990 0021 03       		.uleb128 0x3
 991 0022 0E       		.uleb128 0xe
 992 0023 3A       		.uleb128 0x3a
 993 0024 0B       		.uleb128 0xb
 994 0025 3B       		.uleb128 0x3b
 995 0026 0B       		.uleb128 0xb
 996 0027 49       		.uleb128 0x49
 997 0028 13       		.uleb128 0x13
 998 0029 00       		.byte	0
 999 002a 00       		.byte	0
 1000 002b 04       		.uleb128 0x4
 1001 002c 24       		.uleb128 0x24
 1002 002d 00       		.byte	0
 1003 002e 0B       		.uleb128 0xb
 1004 002f 0B       		.uleb128 0xb
 1005 0030 3E       		.uleb128 0x3e
 1006 0031 0B       		.uleb128 0xb
 1007 0032 03       		.uleb128 0x3
 1008 0033 08       		.uleb128 0x8
 1009 0034 00       		.byte	0
 1010 0035 00       		.byte	0
 1011 0036 05       		.uleb128 0x5
 1012 0037 0F       		.uleb128 0xf
 1013 0038 00       		.byte	0
 1014 0039 0B       		.uleb128 0xb
 1015 003a 0B       		.uleb128 0xb
 1016 003b 00       		.byte	0
 1017 003c 00       		.byte	0
 1018 003d 06       		.uleb128 0x6
 1019 003e 0F       		.uleb128 0xf
 1020 003f 00       		.byte	0
 1021 0040 0B       		.uleb128 0xb
 1022 0041 0B       		.uleb128 0xb
 1023 0042 49       		.uleb128 0x49
 1024 0043 13       		.uleb128 0x13
 1025 0044 00       		.byte	0
 1026 0045 00       		.byte	0
 1027 0046 07       		.uleb128 0x7
 1028 0047 26       		.uleb128 0x26
 1029 0048 00       		.byte	0
 1030 0049 49       		.uleb128 0x49
 1031 004a 13       		.uleb128 0x13
 1032 004b 00       		.byte	0
 1033 004c 00       		.byte	0
 1034 004d 08       		.uleb128 0x8
 1035 004e 35       		.uleb128 0x35
 1036 004f 00       		.byte	0
 1037 0050 49       		.uleb128 0x49
 1038 0051 13       		.uleb128 0x13
 1039 0052 00       		.byte	0
 1040 0053 00       		.byte	0
 1041 0054 09       		.uleb128 0x9
ARM GAS  C:\Users\gjl\AppData\Local\Temp\ccz0nt0m.s 			page 22


 1042 0055 13       		.uleb128 0x13
 1043 0056 01       		.byte	0x1
 1044 0057 03       		.uleb128 0x3
 1045 0058 0E       		.uleb128 0xe
 1046 0059 0B       		.uleb128 0xb
 1047 005a 0B       		.uleb128 0xb
 1048 005b 3A       		.uleb128 0x3a
 1049 005c 0B       		.uleb128 0xb
 1050 005d 3B       		.uleb128 0x3b
 1051 005e 0B       		.uleb128 0xb
 1052 005f 01       		.uleb128 0x1
 1053 0060 13       		.uleb128 0x13
 1054 0061 00       		.byte	0
 1055 0062 00       		.byte	0
 1056 0063 0A       		.uleb128 0xa
 1057 0064 0D       		.uleb128 0xd
 1058 0065 00       		.byte	0
 1059 0066 03       		.uleb128 0x3
 1060 0067 0E       		.uleb128 0xe
 1061 0068 3A       		.uleb128 0x3a
 1062 0069 0B       		.uleb128 0xb
 1063 006a 3B       		.uleb128 0x3b
 1064 006b 0B       		.uleb128 0xb
 1065 006c 49       		.uleb128 0x49
 1066 006d 13       		.uleb128 0x13
 1067 006e 38       		.uleb128 0x38
 1068 006f 0B       		.uleb128 0xb
 1069 0070 00       		.byte	0
 1070 0071 00       		.byte	0
 1071 0072 0B       		.uleb128 0xb
 1072 0073 15       		.uleb128 0x15
 1073 0074 01       		.byte	0x1
 1074 0075 27       		.uleb128 0x27
 1075 0076 19       		.uleb128 0x19
 1076 0077 01       		.uleb128 0x1
 1077 0078 13       		.uleb128 0x13
 1078 0079 00       		.byte	0
 1079 007a 00       		.byte	0
 1080 007b 0C       		.uleb128 0xc
 1081 007c 05       		.uleb128 0x5
 1082 007d 00       		.byte	0
 1083 007e 49       		.uleb128 0x49
 1084 007f 13       		.uleb128 0x13
 1085 0080 00       		.byte	0
 1086 0081 00       		.byte	0
 1087 0082 0D       		.uleb128 0xd
 1088 0083 04       		.uleb128 0x4
 1089 0084 01       		.byte	0x1
 1090 0085 0B       		.uleb128 0xb
 1091 0086 0B       		.uleb128 0xb
 1092 0087 49       		.uleb128 0x49
 1093 0088 13       		.uleb128 0x13
 1094 0089 3A       		.uleb128 0x3a
 1095 008a 0B       		.uleb128 0xb
 1096 008b 3B       		.uleb128 0x3b
 1097 008c 05       		.uleb128 0x5
 1098 008d 01       		.uleb128 0x1
ARM GAS  C:\Users\gjl\AppData\Local\Temp\ccz0nt0m.s 			page 23


 1099 008e 13       		.uleb128 0x13
 1100 008f 00       		.byte	0
 1101 0090 00       		.byte	0
 1102 0091 0E       		.uleb128 0xe
 1103 0092 28       		.uleb128 0x28
 1104 0093 00       		.byte	0
 1105 0094 03       		.uleb128 0x3
 1106 0095 0E       		.uleb128 0xe
 1107 0096 1C       		.uleb128 0x1c
 1108 0097 0B       		.uleb128 0xb
 1109 0098 00       		.byte	0
 1110 0099 00       		.byte	0
 1111 009a 0F       		.uleb128 0xf
 1112 009b 16       		.uleb128 0x16
 1113 009c 00       		.byte	0
 1114 009d 03       		.uleb128 0x3
 1115 009e 0E       		.uleb128 0xe
 1116 009f 3A       		.uleb128 0x3a
 1117 00a0 0B       		.uleb128 0xb
 1118 00a1 3B       		.uleb128 0x3b
 1119 00a2 05       		.uleb128 0x5
 1120 00a3 49       		.uleb128 0x49
 1121 00a4 13       		.uleb128 0x13
 1122 00a5 00       		.byte	0
 1123 00a6 00       		.byte	0
 1124 00a7 10       		.uleb128 0x10
 1125 00a8 13       		.uleb128 0x13
 1126 00a9 01       		.byte	0x1
 1127 00aa 03       		.uleb128 0x3
 1128 00ab 0E       		.uleb128 0xe
 1129 00ac 0B       		.uleb128 0xb
 1130 00ad 0B       		.uleb128 0xb
 1131 00ae 3A       		.uleb128 0x3a
 1132 00af 0B       		.uleb128 0xb
 1133 00b0 3B       		.uleb128 0x3b
 1134 00b1 05       		.uleb128 0x5
 1135 00b2 01       		.uleb128 0x1
 1136 00b3 13       		.uleb128 0x13
 1137 00b4 00       		.byte	0
 1138 00b5 00       		.byte	0
 1139 00b6 11       		.uleb128 0x11
 1140 00b7 0D       		.uleb128 0xd
 1141 00b8 00       		.byte	0
 1142 00b9 03       		.uleb128 0x3
 1143 00ba 0E       		.uleb128 0xe
 1144 00bb 3A       		.uleb128 0x3a
 1145 00bc 0B       		.uleb128 0xb
 1146 00bd 3B       		.uleb128 0x3b
 1147 00be 05       		.uleb128 0x5
 1148 00bf 49       		.uleb128 0x49
 1149 00c0 13       		.uleb128 0x13
 1150 00c1 38       		.uleb128 0x38
 1151 00c2 0B       		.uleb128 0xb
 1152 00c3 00       		.byte	0
 1153 00c4 00       		.byte	0
 1154 00c5 12       		.uleb128 0x12
 1155 00c6 0D       		.uleb128 0xd
ARM GAS  C:\Users\gjl\AppData\Local\Temp\ccz0nt0m.s 			page 24


 1156 00c7 00       		.byte	0
 1157 00c8 03       		.uleb128 0x3
 1158 00c9 08       		.uleb128 0x8
 1159 00ca 3A       		.uleb128 0x3a
 1160 00cb 0B       		.uleb128 0xb
 1161 00cc 3B       		.uleb128 0x3b
 1162 00cd 05       		.uleb128 0x5
 1163 00ce 49       		.uleb128 0x49
 1164 00cf 13       		.uleb128 0x13
 1165 00d0 38       		.uleb128 0x38
 1166 00d1 0B       		.uleb128 0xb
 1167 00d2 00       		.byte	0
 1168 00d3 00       		.byte	0
 1169 00d4 13       		.uleb128 0x13
 1170 00d5 13       		.uleb128 0x13
 1171 00d6 01       		.byte	0x1
 1172 00d7 0B       		.uleb128 0xb
 1173 00d8 0B       		.uleb128 0xb
 1174 00d9 3A       		.uleb128 0x3a
 1175 00da 0B       		.uleb128 0xb
 1176 00db 3B       		.uleb128 0x3b
 1177 00dc 05       		.uleb128 0x5
 1178 00dd 01       		.uleb128 0x1
 1179 00de 13       		.uleb128 0x13
 1180 00df 00       		.byte	0
 1181 00e0 00       		.byte	0
 1182 00e1 14       		.uleb128 0x14
 1183 00e2 04       		.uleb128 0x4
 1184 00e3 01       		.byte	0x1
 1185 00e4 0B       		.uleb128 0xb
 1186 00e5 0B       		.uleb128 0xb
 1187 00e6 49       		.uleb128 0x49
 1188 00e7 13       		.uleb128 0x13
 1189 00e8 3A       		.uleb128 0x3a
 1190 00e9 0B       		.uleb128 0xb
 1191 00ea 3B       		.uleb128 0x3b
 1192 00eb 0B       		.uleb128 0xb
 1193 00ec 01       		.uleb128 0x1
 1194 00ed 13       		.uleb128 0x13
 1195 00ee 00       		.byte	0
 1196 00ef 00       		.byte	0
 1197 00f0 15       		.uleb128 0x15
 1198 00f1 2E       		.uleb128 0x2e
 1199 00f2 01       		.byte	0x1
 1200 00f3 3F       		.uleb128 0x3f
 1201 00f4 19       		.uleb128 0x19
 1202 00f5 03       		.uleb128 0x3
 1203 00f6 0E       		.uleb128 0xe
 1204 00f7 3A       		.uleb128 0x3a
 1205 00f8 0B       		.uleb128 0xb
 1206 00f9 3B       		.uleb128 0x3b
 1207 00fa 0B       		.uleb128 0xb
 1208 00fb 27       		.uleb128 0x27
 1209 00fc 19       		.uleb128 0x19
 1210 00fd 49       		.uleb128 0x49
 1211 00fe 13       		.uleb128 0x13
 1212 00ff 11       		.uleb128 0x11
ARM GAS  C:\Users\gjl\AppData\Local\Temp\ccz0nt0m.s 			page 25


 1213 0100 01       		.uleb128 0x1
 1214 0101 12       		.uleb128 0x12
 1215 0102 06       		.uleb128 0x6
 1216 0103 40       		.uleb128 0x40
 1217 0104 18       		.uleb128 0x18
 1218 0105 9742     		.uleb128 0x2117
 1219 0107 19       		.uleb128 0x19
 1220 0108 01       		.uleb128 0x1
 1221 0109 13       		.uleb128 0x13
 1222 010a 00       		.byte	0
 1223 010b 00       		.byte	0
 1224 010c 16       		.uleb128 0x16
 1225 010d 05       		.uleb128 0x5
 1226 010e 00       		.byte	0
 1227 010f 03       		.uleb128 0x3
 1228 0110 08       		.uleb128 0x8
 1229 0111 3A       		.uleb128 0x3a
 1230 0112 0B       		.uleb128 0xb
 1231 0113 3B       		.uleb128 0x3b
 1232 0114 0B       		.uleb128 0xb
 1233 0115 49       		.uleb128 0x49
 1234 0116 13       		.uleb128 0x13
 1235 0117 02       		.uleb128 0x2
 1236 0118 17       		.uleb128 0x17
 1237 0119 00       		.byte	0
 1238 011a 00       		.byte	0
 1239 011b 17       		.uleb128 0x17
 1240 011c 34       		.uleb128 0x34
 1241 011d 00       		.byte	0
 1242 011e 03       		.uleb128 0x3
 1243 011f 0E       		.uleb128 0xe
 1244 0120 3A       		.uleb128 0x3a
 1245 0121 0B       		.uleb128 0xb
 1246 0122 3B       		.uleb128 0x3b
 1247 0123 0B       		.uleb128 0xb
 1248 0124 49       		.uleb128 0x49
 1249 0125 13       		.uleb128 0x13
 1250 0126 02       		.uleb128 0x2
 1251 0127 17       		.uleb128 0x17
 1252 0128 00       		.byte	0
 1253 0129 00       		.byte	0
 1254 012a 18       		.uleb128 0x18
 1255 012b 898201   		.uleb128 0x4109
 1256 012e 00       		.byte	0
 1257 012f 11       		.uleb128 0x11
 1258 0130 01       		.uleb128 0x1
 1259 0131 31       		.uleb128 0x31
 1260 0132 13       		.uleb128 0x13
 1261 0133 00       		.byte	0
 1262 0134 00       		.byte	0
 1263 0135 19       		.uleb128 0x19
 1264 0136 34       		.uleb128 0x34
 1265 0137 00       		.byte	0
 1266 0138 03       		.uleb128 0x3
 1267 0139 0E       		.uleb128 0xe
 1268 013a 3A       		.uleb128 0x3a
 1269 013b 0B       		.uleb128 0xb
ARM GAS  C:\Users\gjl\AppData\Local\Temp\ccz0nt0m.s 			page 26


 1270 013c 3B       		.uleb128 0x3b
 1271 013d 05       		.uleb128 0x5
 1272 013e 49       		.uleb128 0x49
 1273 013f 13       		.uleb128 0x13
 1274 0140 3F       		.uleb128 0x3f
 1275 0141 19       		.uleb128 0x19
 1276 0142 3C       		.uleb128 0x3c
 1277 0143 19       		.uleb128 0x19
 1278 0144 00       		.byte	0
 1279 0145 00       		.byte	0
 1280 0146 1A       		.uleb128 0x1a
 1281 0147 01       		.uleb128 0x1
 1282 0148 01       		.byte	0x1
 1283 0149 49       		.uleb128 0x49
 1284 014a 13       		.uleb128 0x13
 1285 014b 01       		.uleb128 0x1
 1286 014c 13       		.uleb128 0x13
 1287 014d 00       		.byte	0
 1288 014e 00       		.byte	0
 1289 014f 1B       		.uleb128 0x1b
 1290 0150 21       		.uleb128 0x21
 1291 0151 00       		.byte	0
 1292 0152 49       		.uleb128 0x49
 1293 0153 13       		.uleb128 0x13
 1294 0154 2F       		.uleb128 0x2f
 1295 0155 0B       		.uleb128 0xb
 1296 0156 00       		.byte	0
 1297 0157 00       		.byte	0
 1298 0158 1C       		.uleb128 0x1c
 1299 0159 34       		.uleb128 0x34
 1300 015a 00       		.byte	0
 1301 015b 03       		.uleb128 0x3
 1302 015c 0E       		.uleb128 0xe
 1303 015d 3A       		.uleb128 0x3a
 1304 015e 0B       		.uleb128 0xb
 1305 015f 3B       		.uleb128 0x3b
 1306 0160 0B       		.uleb128 0xb
 1307 0161 49       		.uleb128 0x49
 1308 0162 13       		.uleb128 0x13
 1309 0163 3F       		.uleb128 0x3f
 1310 0164 19       		.uleb128 0x19
 1311 0165 3C       		.uleb128 0x3c
 1312 0166 19       		.uleb128 0x19
 1313 0167 00       		.byte	0
 1314 0168 00       		.byte	0
 1315 0169 1D       		.uleb128 0x1d
 1316 016a 2E       		.uleb128 0x2e
 1317 016b 00       		.byte	0
 1318 016c 3F       		.uleb128 0x3f
 1319 016d 19       		.uleb128 0x19
 1320 016e 3C       		.uleb128 0x3c
 1321 016f 19       		.uleb128 0x19
 1322 0170 6E       		.uleb128 0x6e
 1323 0171 0E       		.uleb128 0xe
 1324 0172 03       		.uleb128 0x3
 1325 0173 0E       		.uleb128 0xe
 1326 0174 3A       		.uleb128 0x3a
ARM GAS  C:\Users\gjl\AppData\Local\Temp\ccz0nt0m.s 			page 27


 1327 0175 0B       		.uleb128 0xb
 1328 0176 3B       		.uleb128 0x3b
 1329 0177 0B       		.uleb128 0xb
 1330 0178 00       		.byte	0
 1331 0179 00       		.byte	0
 1332 017a 00       		.byte	0
 1333              		.section	.debug_loc,"",%progbits
 1334              	.Ldebug_loc0:
 1335              	.LLST0:
 1336 0000 00000000 		.4byte	.LVL0
 1337 0004 08000000 		.4byte	.LVL2
 1338 0008 0100     		.2byte	0x1
 1339 000a 50       		.byte	0x50
 1340 000b 08000000 		.4byte	.LVL2
 1341 000f 14000000 		.4byte	.LVL6
 1342 0013 0400     		.2byte	0x4
 1343 0015 F3       		.byte	0xf3
 1344 0016 01       		.uleb128 0x1
 1345 0017 50       		.byte	0x50
 1346 0018 9F       		.byte	0x9f
 1347 0019 14000000 		.4byte	.LVL6
 1348 001d 1A000000 		.4byte	.LVL7
 1349 0021 0100     		.2byte	0x1
 1350 0023 50       		.byte	0x50
 1351 0024 1A000000 		.4byte	.LVL7
 1352 0028 22000000 		.4byte	.LFE641
 1353 002c 0400     		.2byte	0x4
 1354 002e F3       		.byte	0xf3
 1355 002f 01       		.uleb128 0x1
 1356 0030 50       		.byte	0x50
 1357 0031 9F       		.byte	0x9f
 1358 0032 00000000 		.4byte	0
 1359 0036 00000000 		.4byte	0
 1360              	.LLST1:
 1361 003a 00000000 		.4byte	.LVL0
 1362 003e 08000000 		.4byte	.LVL2
 1363 0042 0100     		.2byte	0x1
 1364 0044 51       		.byte	0x51
 1365 0045 08000000 		.4byte	.LVL2
 1366 0049 0C000000 		.4byte	.LVL3
 1367 004d 0100     		.2byte	0x1
 1368 004f 55       		.byte	0x55
 1369 0050 0C000000 		.4byte	.LVL3
 1370 0054 10000000 		.4byte	.LVL4
 1371 0058 0300     		.2byte	0x3
 1372 005a 75       		.byte	0x75
 1373 005b 7F       		.sleb128 -1
 1374 005c 9F       		.byte	0x9f
 1375 005d 10000000 		.4byte	.LVL4
 1376 0061 14000000 		.4byte	.LVL6
 1377 0065 0100     		.2byte	0x1
 1378 0067 55       		.byte	0x55
 1379 0068 14000000 		.4byte	.LVL6
 1380 006c 1A000000 		.4byte	.LVL7
 1381 0070 0100     		.2byte	0x1
 1382 0072 51       		.byte	0x51
 1383 0073 1A000000 		.4byte	.LVL7
ARM GAS  C:\Users\gjl\AppData\Local\Temp\ccz0nt0m.s 			page 28


 1384 0077 1E000000 		.4byte	.LVL8
 1385 007b 0100     		.2byte	0x1
 1386 007d 55       		.byte	0x55
 1387 007e 00000000 		.4byte	0
 1388 0082 00000000 		.4byte	0
 1389              	.LLST2:
 1390 0086 00000000 		.4byte	.LVL0
 1391 008a 08000000 		.4byte	.LVL2
 1392 008e 0100     		.2byte	0x1
 1393 0090 52       		.byte	0x52
 1394 0091 08000000 		.4byte	.LVL2
 1395 0095 14000000 		.4byte	.LVL6
 1396 0099 0100     		.2byte	0x1
 1397 009b 56       		.byte	0x56
 1398 009c 14000000 		.4byte	.LVL6
 1399 00a0 1A000000 		.4byte	.LVL7
 1400 00a4 0100     		.2byte	0x1
 1401 00a6 52       		.byte	0x52
 1402 00a7 1A000000 		.4byte	.LVL7
 1403 00ab 1E000000 		.4byte	.LVL8
 1404 00af 0100     		.2byte	0x1
 1405 00b1 56       		.byte	0x56
 1406 00b2 1E000000 		.4byte	.LVL8
 1407 00b6 22000000 		.4byte	.LFE641
 1408 00ba 0400     		.2byte	0x4
 1409 00bc F3       		.byte	0xf3
 1410 00bd 01       		.uleb128 0x1
 1411 00be 52       		.byte	0x52
 1412 00bf 9F       		.byte	0x9f
 1413 00c0 00000000 		.4byte	0
 1414 00c4 00000000 		.4byte	0
 1415              	.LLST3:
 1416 00c8 02000000 		.4byte	.LVL1
 1417 00cc 08000000 		.4byte	.LVL2
 1418 00d0 0200     		.2byte	0x2
 1419 00d2 30       		.byte	0x30
 1420 00d3 9F       		.byte	0x9f
 1421 00d4 08000000 		.4byte	.LVL2
 1422 00d8 14000000 		.4byte	.LVL6
 1423 00dc 0100     		.2byte	0x1
 1424 00de 54       		.byte	0x54
 1425 00df 14000000 		.4byte	.LVL6
 1426 00e3 1A000000 		.4byte	.LVL7
 1427 00e7 0200     		.2byte	0x2
 1428 00e9 30       		.byte	0x30
 1429 00ea 9F       		.byte	0x9f
 1430 00eb 1A000000 		.4byte	.LVL7
 1431 00ef 22000000 		.4byte	.LFE641
 1432 00f3 0100     		.2byte	0x1
 1433 00f5 54       		.byte	0x54
 1434 00f6 00000000 		.4byte	0
 1435 00fa 00000000 		.4byte	0
 1436              	.LLST4:
 1437 00fe 00000000 		.4byte	.LVL9
 1438 0102 08000000 		.4byte	.LVL11
 1439 0106 0100     		.2byte	0x1
 1440 0108 50       		.byte	0x50
ARM GAS  C:\Users\gjl\AppData\Local\Temp\ccz0nt0m.s 			page 29


 1441 0109 08000000 		.4byte	.LVL11
 1442 010d 1A000000 		.4byte	.LVL15
 1443 0111 0400     		.2byte	0x4
 1444 0113 F3       		.byte	0xf3
 1445 0114 01       		.uleb128 0x1
 1446 0115 50       		.byte	0x50
 1447 0116 9F       		.byte	0x9f
 1448 0117 1A000000 		.4byte	.LVL15
 1449 011b 20000000 		.4byte	.LVL16
 1450 011f 0100     		.2byte	0x1
 1451 0121 50       		.byte	0x50
 1452 0122 20000000 		.4byte	.LVL16
 1453 0126 28000000 		.4byte	.LFE642
 1454 012a 0400     		.2byte	0x4
 1455 012c F3       		.byte	0xf3
 1456 012d 01       		.uleb128 0x1
 1457 012e 50       		.byte	0x50
 1458 012f 9F       		.byte	0x9f
 1459 0130 00000000 		.4byte	0
 1460 0134 00000000 		.4byte	0
 1461              	.LLST5:
 1462 0138 00000000 		.4byte	.LVL9
 1463 013c 08000000 		.4byte	.LVL11
 1464 0140 0100     		.2byte	0x1
 1465 0142 51       		.byte	0x51
 1466 0143 08000000 		.4byte	.LVL11
 1467 0147 1A000000 		.4byte	.LVL15
 1468 014b 0100     		.2byte	0x1
 1469 014d 55       		.byte	0x55
 1470 014e 1A000000 		.4byte	.LVL15
 1471 0152 20000000 		.4byte	.LVL16
 1472 0156 0100     		.2byte	0x1
 1473 0158 51       		.byte	0x51
 1474 0159 20000000 		.4byte	.LVL16
 1475 015d 24000000 		.4byte	.LVL17
 1476 0161 0100     		.2byte	0x1
 1477 0163 55       		.byte	0x55
 1478 0164 00000000 		.4byte	0
 1479 0168 00000000 		.4byte	0
 1480              	.LLST6:
 1481 016c 00000000 		.4byte	.LVL9
 1482 0170 08000000 		.4byte	.LVL11
 1483 0174 0100     		.2byte	0x1
 1484 0176 52       		.byte	0x52
 1485 0177 08000000 		.4byte	.LVL11
 1486 017b 1A000000 		.4byte	.LVL15
 1487 017f 0100     		.2byte	0x1
 1488 0181 56       		.byte	0x56
 1489 0182 1A000000 		.4byte	.LVL15
 1490 0186 20000000 		.4byte	.LVL16
 1491 018a 0100     		.2byte	0x1
 1492 018c 52       		.byte	0x52
 1493 018d 20000000 		.4byte	.LVL16
 1494 0191 24000000 		.4byte	.LVL17
 1495 0195 0100     		.2byte	0x1
 1496 0197 56       		.byte	0x56
 1497 0198 24000000 		.4byte	.LVL17
ARM GAS  C:\Users\gjl\AppData\Local\Temp\ccz0nt0m.s 			page 30


 1498 019c 28000000 		.4byte	.LFE642
 1499 01a0 0400     		.2byte	0x4
 1500 01a2 F3       		.byte	0xf3
 1501 01a3 01       		.uleb128 0x1
 1502 01a4 52       		.byte	0x52
 1503 01a5 9F       		.byte	0x9f
 1504 01a6 00000000 		.4byte	0
 1505 01aa 00000000 		.4byte	0
 1506              	.LLST7:
 1507 01ae 02000000 		.4byte	.LVL10
 1508 01b2 08000000 		.4byte	.LVL11
 1509 01b6 0200     		.2byte	0x2
 1510 01b8 30       		.byte	0x30
 1511 01b9 9F       		.byte	0x9f
 1512 01ba 08000000 		.4byte	.LVL11
 1513 01be 1A000000 		.4byte	.LVL15
 1514 01c2 0100     		.2byte	0x1
 1515 01c4 54       		.byte	0x54
 1516 01c5 1A000000 		.4byte	.LVL15
 1517 01c9 20000000 		.4byte	.LVL16
 1518 01cd 0200     		.2byte	0x2
 1519 01cf 30       		.byte	0x30
 1520 01d0 9F       		.byte	0x9f
 1521 01d1 20000000 		.4byte	.LVL16
 1522 01d5 28000000 		.4byte	.LFE642
 1523 01d9 0100     		.2byte	0x1
 1524 01db 54       		.byte	0x54
 1525 01dc 00000000 		.4byte	0
 1526 01e0 00000000 		.4byte	0
 1527              		.section	.debug_aranges,"",%progbits
 1528 0000 24000000 		.4byte	0x24
 1529 0004 0200     		.2byte	0x2
 1530 0006 00000000 		.4byte	.Ldebug_info0
 1531 000a 04       		.byte	0x4
 1532 000b 00       		.byte	0
 1533 000c 0000     		.2byte	0
 1534 000e 0000     		.2byte	0
 1535 0010 00000000 		.4byte	.LFB641
 1536 0014 22000000 		.4byte	.LFE641-.LFB641
 1537 0018 00000000 		.4byte	.LFB642
 1538 001c 28000000 		.4byte	.LFE642-.LFB642
 1539 0020 00000000 		.4byte	0
 1540 0024 00000000 		.4byte	0
 1541              		.section	.debug_ranges,"",%progbits
 1542              	.Ldebug_ranges0:
 1543 0000 00000000 		.4byte	.LFB641
 1544 0004 22000000 		.4byte	.LFE641
 1545 0008 00000000 		.4byte	.LFB642
 1546 000c 28000000 		.4byte	.LFE642
 1547 0010 00000000 		.4byte	0
 1548 0014 00000000 		.4byte	0
 1549              		.section	.debug_line,"",%progbits
 1550              	.Ldebug_line0:
 1551 0000 29030000 		.section	.debug_str,"MS",%progbits,1
 1551      0200D902 
 1551      00000201 
 1551      FB0E0D00 
ARM GAS  C:\Users\gjl\AppData\Local\Temp\ccz0nt0m.s 			page 31


 1551      01010101 
 1552              	.LASF25:
 1553 0000 72756E4D 		.ascii	"runMode\000"
 1553      6F646500 
 1554              	.LASF59:
 1555 0008 63795F73 		.ascii	"cy_stc_scb_ezi2c_context\000"
 1555      74635F73 
 1555      63625F65 
 1555      7A693263 
 1555      5F636F6E 
 1556              	.LASF49:
 1557 0021 63795F65 		.ascii	"cy_en_scb_ezi2c_sub_addr_size_t\000"
 1557      6E5F7363 
 1557      625F657A 
 1557      6932635F 
 1557      7375625F 
 1558              	.LASF43:
 1559 0041 6B696C6C 		.ascii	"killInput\000"
 1559      496E7075 
 1559      7400
 1560              	.LASF23:
 1561 004b 70776D41 		.ascii	"pwmAlignment\000"
 1561      6C69676E 
 1561      6D656E74 
 1561      00
 1562              	.LASF70:
 1563 0058 62756631 		.ascii	"buf1\000"
 1563      00
 1564              	.LASF4:
 1565 005d 5F5F7569 		.ascii	"__uint8_t\000"
 1565      6E74385F 
 1565      7400
 1566              	.LASF96:
 1567 0067 63795F73 		.ascii	"cy_stc_ble_conn_handle_t\000"
 1567      74635F62 
 1567      6C655F63 
 1567      6F6E6E5F 
 1567      68616E64 
 1568              	.LASF122:
 1569 0080 455A4932 		.ascii	"EZI2C_context\000"
 1569      435F636F 
 1569      6E746578 
 1569      7400
 1570              	.LASF10:
 1571 008e 6C6F6E67 		.ascii	"long long unsigned int\000"
 1571      206C6F6E 
 1571      6720756E 
 1571      7369676E 
 1571      65642069 
 1572              	.LASF22:
 1573 00a5 636C6F63 		.ascii	"clockPrescaler\000"
 1573      6B507265 
 1573      7363616C 
 1573      657200
 1574              	.LASF123:
 1575 00b4 4C454442 		.ascii	"LEDBlink_config\000"
 1575      6C696E6B 
ARM GAS  C:\Users\gjl\AppData\Local\Temp\ccz0nt0m.s 			page 32


 1575      5F636F6E 
 1575      66696700 
 1576              	.LASF81:
 1577 00c4 72785269 		.ascii	"rxRingBuf\000"
 1577      6E674275 
 1577      6600
 1578              	.LASF71:
 1579 00ce 62756631 		.ascii	"buf1Size\000"
 1579      53697A65 
 1579      00
 1580              	.LASF88:
 1581 00d7 74784275 		.ascii	"txBuf\000"
 1581      6600
 1582              	.LASF113:
 1583 00dd 6E436861 		.ascii	"nChars\000"
 1583      727300
 1584              	.LASF9:
 1585 00e4 6C6F6E67 		.ascii	"long long int\000"
 1585      206C6F6E 
 1585      6720696E 
 1585      7400
 1586              	.LASF0:
 1587 00f2 7369676E 		.ascii	"signed char\000"
 1587      65642063 
 1587      68617200 
 1588              	.LASF93:
 1589 00fe 63795F73 		.ascii	"cy_stc_scb_uart_context_t\000"
 1589      74635F73 
 1589      63625F75 
 1589      6172745F 
 1589      636F6E74 
 1590              	.LASF125:
 1591 0118 53544449 		.ascii	"STDIO_GetChar\000"
 1591      4F5F4765 
 1591      74436861 
 1591      7200
 1592              	.LASF100:
 1593 0126 43595F42 		.ascii	"CY_BLE_ADV_STATE_STOP_INITIATED\000"
 1593      4C455F41 
 1593      44565F53 
 1593      54415445 
 1593      5F53544F 
 1594              	.LASF62:
 1595 0146 61646472 		.ascii	"address1\000"
 1595      65737331 
 1595      00
 1596              	.LASF63:
 1597 014f 61646472 		.ascii	"address2\000"
 1597      65737332 
 1597      00
 1598              	.LASF58:
 1599 0158 63795F73 		.ascii	"cy_stc_tcpwm_pwm_config\000"
 1599      74635F74 
 1599      6370776D 
 1599      5F70776D 
 1599      5F636F6E 
 1600              	.LASF68:
ARM GAS  C:\Users\gjl\AppData\Local\Temp\ccz0nt0m.s 			page 33


 1601 0170 63757242 		.ascii	"curBuf\000"
 1601      756600
 1602              	.LASF60:
 1603 0177 73746174 		.ascii	"state\000"
 1603      6500
 1604              	.LASF6:
 1605 017d 6C6F6E67 		.ascii	"long int\000"
 1605      20696E74 
 1605      00
 1606              	.LASF120:
 1607 0186 50574D5F 		.ascii	"PWM_1_config\000"
 1607      315F636F 
 1607      6E666967 
 1607      00
 1608              	.LASF2:
 1609 0193 73686F72 		.ascii	"short int\000"
 1609      7420696E 
 1609      7400
 1610              	.LASF19:
 1611 019d 646F7562 		.ascii	"double\000"
 1611      6C6500
 1612              	.LASF124:
 1613 01a4 53544449 		.ascii	"STDIO_PutChar\000"
 1613      4F5F5075 
 1613      74436861 
 1613      7200
 1614              	.LASF106:
 1615 01b2 43595F42 		.ascii	"CY_BLE_CONN_STATE_CLIENT_INCL_DISCOVERING\000"
 1615      4C455F43 
 1615      4F4E4E5F 
 1615      53544154 
 1615      455F434C 
 1616              	.LASF52:
 1617 01dc 43595F53 		.ascii	"CY_SCB_EZI2C_STATE_RX_OFFSET_MSB\000"
 1617      43425F45 
 1617      5A493243 
 1617      5F535441 
 1617      54455F52 
 1618              	.LASF86:
 1619 01fd 72784275 		.ascii	"rxBufSize\000"
 1619      6653697A 
 1619      6500
 1620              	.LASF7:
 1621 0207 5F5F7569 		.ascii	"__uint32_t\000"
 1621      6E743332 
 1621      5F7400
 1622              	.LASF87:
 1623 0212 72784275 		.ascii	"rxBufIdx\000"
 1623      66496478 
 1623      00
 1624              	.LASF112:
 1625 021b 5F726561 		.ascii	"_read\000"
 1625      6400
 1626              	.LASF89:
 1627 0221 74784275 		.ascii	"txBufSize\000"
 1627      6653697A 
 1627      6500
ARM GAS  C:\Users\gjl\AppData\Local\Temp\ccz0nt0m.s 			page 34


 1628              	.LASF11:
 1629 022b 756E7369 		.ascii	"unsigned int\000"
 1629      676E6564 
 1629      20696E74 
 1629      00
 1630              	.LASF104:
 1631 0238 43595F42 		.ascii	"CY_BLE_CONN_STATE_CONNECTED\000"
 1631      4C455F43 
 1631      4F4E4E5F 
 1631      53544154 
 1631      455F434F 
 1632              	.LASF8:
 1633 0254 6C6F6E67 		.ascii	"long unsigned int\000"
 1633      20756E73 
 1633      69676E65 
 1633      6420696E 
 1633      7400
 1634              	.LASF119:
 1635 0266 55415254 		.ascii	"UART_context\000"
 1635      5F636F6E 
 1635      74657874 
 1635      00
 1636              	.LASF79:
 1637 0273 74785374 		.ascii	"txStatus\000"
 1637      61747573 
 1637      00
 1638              	.LASF36:
 1639 027c 73776170 		.ascii	"swapInputMode\000"
 1639      496E7075 
 1639      744D6F64 
 1639      6500
 1640              	.LASF3:
 1641 028a 73686F72 		.ascii	"short unsigned int\000"
 1641      7420756E 
 1641      7369676E 
 1641      65642069 
 1641      6E7400
 1642              	.LASF51:
 1643 029d 43595F53 		.ascii	"CY_SCB_EZI2C_STATE_ADDR\000"
 1643      43425F45 
 1643      5A493243 
 1643      5F535441 
 1643      54455F41 
 1644              	.LASF117:
 1645 02b5 63795F62 		.ascii	"cy_ble_connState\000"
 1645      6C655F63 
 1645      6F6E6E53 
 1645      74617465 
 1645      00
 1646              	.LASF42:
 1647 02c6 6B696C6C 		.ascii	"killInputMode\000"
 1647      496E7075 
 1647      744D6F64 
 1647      6500
 1648              	.LASF91:
 1649 02d4 63624576 		.ascii	"cbEvents\000"
 1649      656E7473 
ARM GAS  C:\Users\gjl\AppData\Local\Temp\ccz0nt0m.s 			page 35


 1649      00
 1650              	.LASF76:
 1651 02dd 63795F73 		.ascii	"cy_stc_scb_ezi2c_context_t\000"
 1651      74635F73 
 1651      63625F65 
 1651      7A693263 
 1651      5F636F6E 
 1652              	.LASF53:
 1653 02f8 43595F53 		.ascii	"CY_SCB_EZI2C_STATE_RX_OFFSET_LSB\000"
 1653      43425F45 
 1653      5A493243 
 1653      5F535441 
 1653      54455F52 
 1654              	.LASF33:
 1655 0319 696E7665 		.ascii	"invertPWMOut\000"
 1655      72745057 
 1655      4D4F7574 
 1655      00
 1656              	.LASF24:
 1657 0326 64656164 		.ascii	"deadTimeClocks\000"
 1657      54696D65 
 1657      436C6F63 
 1657      6B7300
 1658              	.LASF83:
 1659 0335 72785269 		.ascii	"rxRingBufHead\000"
 1659      6E674275 
 1659      66486561 
 1659      6400
 1660              	.LASF44:
 1661 0343 636F756E 		.ascii	"countInputMode\000"
 1661      74496E70 
 1661      75744D6F 
 1661      646500
 1662              	.LASF41:
 1663 0352 73746172 		.ascii	"startInput\000"
 1663      74496E70 
 1663      757400
 1664              	.LASF111:
 1665 035d 5F777269 		.ascii	"_write\000"
 1665      746500
 1666              	.LASF95:
 1667 0364 61747449 		.ascii	"attId\000"
 1667      6400
 1668              	.LASF13:
 1669 036a 73697A65 		.ascii	"sizetype\000"
 1669      74797065 
 1669      00
 1670              	.LASF12:
 1671 0373 6C6F6E67 		.ascii	"long double\000"
 1671      20646F75 
 1671      626C6500 
 1672              	.LASF64:
 1673 037f 73756241 		.ascii	"subAddrSize\000"
 1673      64647253 
 1673      697A6500 
 1674              	.LASF110:
 1675 038b 63795F65 		.ascii	"cy_en_ble_conn_state_t\000"
ARM GAS  C:\Users\gjl\AppData\Local\Temp\ccz0nt0m.s 			page 36


 1675      6E5F626C 
 1675      655F636F 
 1675      6E6E5F73 
 1675      74617465 
 1676              	.LASF98:
 1677 03a2 43595F42 		.ascii	"CY_BLE_ADV_STATE_ADV_INITIATED\000"
 1677      4C455F41 
 1677      44565F53 
 1677      54415445 
 1677      5F414456 
 1678              	.LASF50:
 1679 03c1 43595F53 		.ascii	"CY_SCB_EZI2C_STATE_IDLE\000"
 1679      43425F45 
 1679      5A493243 
 1679      5F535441 
 1679      54455F49 
 1680              	.LASF80:
 1681 03d9 72785374 		.ascii	"rxStatus\000"
 1681      61747573 
 1681      00
 1682              	.LASF54:
 1683 03e2 43595F53 		.ascii	"CY_SCB_EZI2C_STATE_RX_DATA0\000"
 1683      43425F45 
 1683      5A493243 
 1683      5F535441 
 1683      54455F52 
 1684              	.LASF55:
 1685 03fe 43595F53 		.ascii	"CY_SCB_EZI2C_STATE_RX_DATA1\000"
 1685      43425F45 
 1685      5A493243 
 1685      5F535441 
 1685      54455F52 
 1686              	.LASF126:
 1687 041a 474E5520 		.ascii	"GNU C11 5.4.1 20160609 (release) [ARM/embedded-5-br"
 1687      43313120 
 1687      352E342E 
 1687      31203230 
 1687      31363036 
 1688 044d 616E6368 		.ascii	"anch revision 237715] -mcpu=cortex-m4 -mfloat-abi=s"
 1688      20726576 
 1688      6973696F 
 1688      6E203233 
 1688      37373135 
 1689 0480 6F667466 		.ascii	"oftfp -mfpu=fpv4-sp-d16 -mthumb -g -Og -ffunction-s"
 1689      70202D6D 
 1689      6670753D 
 1689      66707634 
 1689      2D73702D 
 1690 04b3 65637469 		.ascii	"ections -ffat-lto-objects\000"
 1690      6F6E7320 
 1690      2D666661 
 1690      742D6C74 
 1690      6F2D6F62 
 1691              	.LASF109:
 1692 04cd 43595F42 		.ascii	"CY_BLE_CONN_STATE_CLIENT_DISCOVERED\000"
 1692      4C455F43 
 1692      4F4E4E5F 
ARM GAS  C:\Users\gjl\AppData\Local\Temp\ccz0nt0m.s 			page 37


 1692      53544154 
 1692      455F434C 
 1693              	.LASF18:
 1694 04f1 666C6F61 		.ascii	"float\000"
 1694      7400
 1695              	.LASF90:
 1696 04f7 74784C65 		.ascii	"txLeftToTransmit\000"
 1696      6674546F 
 1696      5472616E 
 1696      736D6974 
 1696      00
 1697              	.LASF57:
 1698 0508 63795F65 		.ascii	"cy_en_scb_ezi2c_state_t\000"
 1698      6E5F7363 
 1698      625F657A 
 1698      6932635F 
 1698      73746174 
 1699              	.LASF75:
 1700 0520 62756632 		.ascii	"buf2rwBondary\000"
 1700      7277426F 
 1700      6E646172 
 1700      7900
 1701              	.LASF107:
 1702 052e 43595F42 		.ascii	"CY_BLE_CONN_STATE_CLIENT_CHAR_DISCOVERING\000"
 1702      4C455F43 
 1702      4F4E4E5F 
 1702      53544154 
 1702      455F434C 
 1703              	.LASF40:
 1704 0558 73746172 		.ascii	"startInputMode\000"
 1704      74496E70 
 1704      75744D6F 
 1704      646500
 1705              	.LASF16:
 1706 0567 696E7433 		.ascii	"int32_t\000"
 1706      325F7400 
 1707              	.LASF1:
 1708 056f 756E7369 		.ascii	"unsigned char\000"
 1708      676E6564 
 1708      20636861 
 1708      7200
 1709              	.LASF114:
 1710 057d 49544D5F 		.ascii	"ITM_RxBuffer\000"
 1710      52784275 
 1710      66666572 
 1710      00
 1711              	.LASF31:
 1712 058a 656E6162 		.ascii	"enableCompareSwap\000"
 1712      6C65436F 
 1712      6D706172 
 1712      65537761 
 1712      7000
 1713              	.LASF101:
 1714 059c 63795F65 		.ascii	"cy_en_ble_adv_state_t\000"
 1714      6E5F626C 
 1714      655F6164 
 1714      765F7374 
ARM GAS  C:\Users\gjl\AppData\Local\Temp\ccz0nt0m.s 			page 38


 1714      6174655F 
 1715              	.LASF28:
 1716 05b2 656E6162 		.ascii	"enablePeriodSwap\000"
 1716      6C655065 
 1716      72696F64 
 1716      53776170 
 1716      00
 1717              	.LASF37:
 1718 05c3 73776170 		.ascii	"swapInput\000"
 1718      496E7075 
 1718      7400
 1719              	.LASF108:
 1720 05cd 43595F42 		.ascii	"CY_BLE_CONN_STATE_CLIENT_DESCR_DISCOVERING\000"
 1720      4C455F43 
 1720      4F4E4E5F 
 1720      53544154 
 1720      455F434C 
 1721              	.LASF17:
 1722 05f8 75696E74 		.ascii	"uint32_t\000"
 1722      33325F74 
 1722      00
 1723              	.LASF67:
 1724 0601 61646472 		.ascii	"addr1Active\000"
 1724      31416374 
 1724      69766500 
 1725              	.LASF74:
 1726 060d 62756632 		.ascii	"buf2Size\000"
 1726      53697A65 
 1726      00
 1727              	.LASF29:
 1728 0616 636F6D70 		.ascii	"compare0\000"
 1728      61726530 
 1728      00
 1729              	.LASF30:
 1730 061f 636F6D70 		.ascii	"compare1\000"
 1730      61726531 
 1730      00
 1731              	.LASF69:
 1732 0628 62756653 		.ascii	"bufSize\000"
 1732      697A6500 
 1733              	.LASF14:
 1734 0630 63686172 		.ascii	"char\000"
 1734      00
 1735              	.LASF56:
 1736 0635 43595F53 		.ascii	"CY_SCB_EZI2C_STATE_TX_DATA\000"
 1736      43425F45 
 1736      5A493243 
 1736      5F535441 
 1736      54455F54 
 1737              	.LASF118:
 1738 0650 63795F62 		.ascii	"cy_ble_pendingFlashWrite\000"
 1738      6C655F70 
 1738      656E6469 
 1738      6E67466C 
 1738      61736857 
 1739              	.LASF5:
 1740 0669 5F5F696E 		.ascii	"__int32_t\000"
ARM GAS  C:\Users\gjl\AppData\Local\Temp\ccz0nt0m.s 			page 39


 1740      7433325F 
 1740      7400
 1741              	.LASF115:
 1742 0673 63795F62 		.ascii	"cy_ble_advState\000"
 1742      6C655F61 
 1742      64765374 
 1742      61746500 
 1743              	.LASF128:
 1744 0683 433A5C47 		.ascii	"C:\\Git\\PSoC6-101-Videos\\Projects_ScreenCapture\\"
 1744      69745C50 
 1744      536F4336 
 1744      2D313031 
 1744      2D566964 
 1745 06b2 50536F43 		.ascii	"PSoC 6_101\\MainController.cydsn\000"
 1745      20365F31 
 1745      30315C4D 
 1745      61696E43 
 1745      6F6E7472 
 1746              	.LASF32:
 1747 06d2 696E7465 		.ascii	"interruptSources\000"
 1747      72727570 
 1747      74536F75 
 1747      72636573 
 1747      00
 1748              	.LASF39:
 1749 06e3 72656C6F 		.ascii	"reloadInput\000"
 1749      6164496E 
 1749      70757400 
 1750              	.LASF105:
 1751 06ef 43595F42 		.ascii	"CY_BLE_CONN_STATE_CLIENT_SRVC_DISCOVERING\000"
 1751      4C455F43 
 1751      4F4E4E5F 
 1751      53544154 
 1751      455F434C 
 1752              	.LASF77:
 1753 0719 63795F63 		.ascii	"cy_cb_scb_uart_handle_events_t\000"
 1753      625F7363 
 1753      625F7561 
 1753      72745F68 
 1753      616E646C 
 1754              	.LASF48:
 1755 0738 43595F53 		.ascii	"CY_SCB_EZI2C_SUB_ADDR16_BITS\000"
 1755      43425F45 
 1755      5A493243 
 1755      5F535542 
 1755      5F414444 
 1756              	.LASF82:
 1757 0755 72785269 		.ascii	"rxRingBufSize\000"
 1757      6E674275 
 1757      6653697A 
 1757      6500
 1758              	.LASF26:
 1759 0763 70657269 		.ascii	"period0\000"
 1759      6F643000 
 1760              	.LASF27:
 1761 076b 70657269 		.ascii	"period1\000"
 1761      6F643100 
ARM GAS  C:\Users\gjl\AppData\Local\Temp\ccz0nt0m.s 			page 40


 1762              	.LASF92:
 1763 0773 696E6974 		.ascii	"initKey\000"
 1763      4B657900 
 1764              	.LASF85:
 1765 077b 72784275 		.ascii	"rxBuf\000"
 1765      6600
 1766              	.LASF47:
 1767 0781 43595F53 		.ascii	"CY_SCB_EZI2C_SUB_ADDR8_BITS\000"
 1767      43425F45 
 1767      5A493243 
 1767      5F535542 
 1767      5F414444 
 1768              	.LASF20:
 1769 079d 5F426F6F 		.ascii	"_Bool\000"
 1769      6C00
 1770              	.LASF102:
 1771 07a3 43595F42 		.ascii	"CY_BLE_CONN_STATE_DISCONNECTED\000"
 1771      4C455F43 
 1771      4F4E4E5F 
 1771      53544154 
 1771      455F4449 
 1772              	.LASF116:
 1773 07c2 63795F62 		.ascii	"cy_ble_connHandle\000"
 1773      6C655F63 
 1773      6F6E6E48 
 1773      616E646C 
 1773      6500
 1774              	.LASF61:
 1775 07d4 73746174 		.ascii	"status\000"
 1775      757300
 1776              	.LASF73:
 1777 07db 62756632 		.ascii	"buf2\000"
 1777      00
 1778              	.LASF34:
 1779 07e0 696E7665 		.ascii	"invertPWMOutN\000"
 1779      72745057 
 1779      4D4F7574 
 1779      4E00
 1780              	.LASF99:
 1781 07ee 43595F42 		.ascii	"CY_BLE_ADV_STATE_ADVERTISING\000"
 1781      4C455F41 
 1781      44565F53 
 1781      54415445 
 1781      5F414456 
 1782              	.LASF97:
 1783 080b 43595F42 		.ascii	"CY_BLE_ADV_STATE_STOPPED\000"
 1783      4C455F41 
 1783      44565F53 
 1783      54415445 
 1783      5F53544F 
 1784              	.LASF15:
 1785 0824 75696E74 		.ascii	"uint8_t\000"
 1785      385F7400 
 1786              	.LASF35:
 1787 082c 6B696C6C 		.ascii	"killMode\000"
 1787      4D6F6465 
 1787      00
ARM GAS  C:\Users\gjl\AppData\Local\Temp\ccz0nt0m.s 			page 41


 1788              	.LASF121:
 1789 0835 50574D5F 		.ascii	"PWM_2_config\000"
 1789      325F636F 
 1789      6E666967 
 1789      00
 1790              	.LASF46:
 1791 0842 63795F73 		.ascii	"cy_stc_tcpwm_pwm_config_t\000"
 1791      74635F74 
 1791      6370776D 
 1791      5F70776D 
 1791      5F636F6E 
 1792              	.LASF38:
 1793 085c 72656C6F 		.ascii	"reloadInputMode\000"
 1793      6164496E 
 1793      7075744D 
 1793      6F646500 
 1794              	.LASF84:
 1795 086c 72785269 		.ascii	"rxRingBufTail\000"
 1795      6E674275 
 1795      66546169 
 1795      6C00
 1796              	.LASF72:
 1797 087a 62756631 		.ascii	"buf1rwBondary\000"
 1797      7277426F 
 1797      6E646172 
 1797      7900
 1798              	.LASF94:
 1799 0888 62644861 		.ascii	"bdHandle\000"
 1799      6E646C65 
 1799      00
 1800              	.LASF21:
 1801 0891 70776D4D 		.ascii	"pwmMode\000"
 1801      6F646500 
 1802              	.LASF127:
 1803 0899 47656E65 		.ascii	"Generated_Source\\PSoC6\\pdl\\utilities\\retarget_i"
 1803      72617465 
 1803      645F536F 
 1803      75726365 
 1803      5C50536F 
 1804 08c8 6F5C7265 		.ascii	"o\\retarget.c\000"
 1804      74617267 
 1804      65742E63 
 1804      00
 1805              	.LASF65:
 1806 08d5 62617365 		.ascii	"baseAddr1\000"
 1806      41646472 
 1806      3100
 1807              	.LASF66:
 1808 08df 62617365 		.ascii	"baseAddr2\000"
 1808      41646472 
 1808      3200
 1809              	.LASF78:
 1810 08e9 63795F73 		.ascii	"cy_stc_scb_uart_context\000"
 1810      74635F73 
 1810      63625F75 
 1810      6172745F 
 1810      636F6E74 
ARM GAS  C:\Users\gjl\AppData\Local\Temp\ccz0nt0m.s 			page 42


 1811              	.LASF45:
 1812 0901 636F756E 		.ascii	"countInput\000"
 1812      74496E70 
 1812      757400
 1813              	.LASF103:
 1814 090c 43595F42 		.ascii	"CY_BLE_CONN_STATE_CLIENT_DISCONNECTED_DISCOVERED\000"
 1814      4C455F43 
 1814      4F4E4E5F 
 1814      53544154 
 1814      455F434C 
 1815              		.ident	"GCC: (GNU Tools for ARM Embedded Processors) 5.4.1 20160609 (release) [ARM/embedded-5-bran
