ARM GAS  C:\Users\gjl\AppData\Local\Temp\ccfrXoDc.s 			page 1


   1              		.syntax unified
   2              		.cpu cortex-m0plus
   3              		.fpu softvfp
   4              		.eabi_attribute 20, 1
   5              		.eabi_attribute 21, 1
   6              		.eabi_attribute 23, 3
   7              		.eabi_attribute 24, 1
   8              		.eabi_attribute 25, 1
   9              		.eabi_attribute 26, 1
  10              		.eabi_attribute 30, 1
  11              		.eabi_attribute 34, 0
  12              		.eabi_attribute 18, 4
  13              		.thumb
  14              		.syntax unified
  15              		.file	"main_cm0p.c"
  16              		.text
  17              	.Ltext0:
  18              		.cfi_sections	.debug_frame
  19              		.section	.text.main,"ax",%progbits
  20              		.align	2
  21              		.global	main
  22              		.code	16
  23              		.thumb_func
  24              		.type	main, %function
  25              	main:
  26              	.LFB377:
  27              		.file 1 "main_cm0p.c"
   1:main_cm0p.c   **** /* ========================================
   2:main_cm0p.c   ****  *
   3:main_cm0p.c   ****  * Copyright YOUR COMPANY, THE YEAR
   4:main_cm0p.c   ****  * All Rights Reserved
   5:main_cm0p.c   ****  * UNPUBLISHED, LICENSED SOFTWARE.
   6:main_cm0p.c   ****  *
   7:main_cm0p.c   ****  * CONFIDENTIAL AND PROPRIETARY INFORMATION
   8:main_cm0p.c   ****  * WHICH IS THE PROPERTY OF your company.
   9:main_cm0p.c   ****  *
  10:main_cm0p.c   ****  * ========================================
  11:main_cm0p.c   **** */
  12:main_cm0p.c   **** #include "project.h"
  13:main_cm0p.c   **** 
  14:main_cm0p.c   **** int main(void)
  15:main_cm0p.c   **** {
  28              		.loc 1 15 0
  29              		.cfi_startproc
  30              		@ Volatile: function does not return.
  31              		@ args = 0, pretend = 0, frame = 0
  32              		@ frame_needed = 0, uses_anonymous_args = 0
  33 0000 10B5     		push	{r4, lr}
  34              		.cfi_def_cfa_offset 8
  35              		.cfi_offset 4, -8
  36              		.cfi_offset 14, -4
  37              	.LBB4:
  38              	.LBB5:
  39              		.file 2 "Generated_Source\\PSoC6\\pdl\\cmsis/include/cmsis_gcc.h"
   1:Generated_Source\PSoC6\pdl\cmsis/include/cmsis_gcc.h **** /**************************************************************************//**
   2:Generated_Source\PSoC6\pdl\cmsis/include/cmsis_gcc.h ****  * @file     cmsis_gcc.h
   3:Generated_Source\PSoC6\pdl\cmsis/include/cmsis_gcc.h ****  * @brief    CMSIS compiler GCC header file
ARM GAS  C:\Users\gjl\AppData\Local\Temp\ccfrXoDc.s 			page 2


   4:Generated_Source\PSoC6\pdl\cmsis/include/cmsis_gcc.h ****  * @version  V5.0.1
   5:Generated_Source\PSoC6\pdl\cmsis/include/cmsis_gcc.h ****  * @date     02. February 2017
   6:Generated_Source\PSoC6\pdl\cmsis/include/cmsis_gcc.h ****  ******************************************************************************/
   7:Generated_Source\PSoC6\pdl\cmsis/include/cmsis_gcc.h **** /*
   8:Generated_Source\PSoC6\pdl\cmsis/include/cmsis_gcc.h ****  * Copyright (c) 2009-2017 ARM Limited. All rights reserved.
   9:Generated_Source\PSoC6\pdl\cmsis/include/cmsis_gcc.h ****  *
  10:Generated_Source\PSoC6\pdl\cmsis/include/cmsis_gcc.h ****  * SPDX-License-Identifier: Apache-2.0
  11:Generated_Source\PSoC6\pdl\cmsis/include/cmsis_gcc.h ****  *
  12:Generated_Source\PSoC6\pdl\cmsis/include/cmsis_gcc.h ****  * Licensed under the Apache License, Version 2.0 (the License); you may
  13:Generated_Source\PSoC6\pdl\cmsis/include/cmsis_gcc.h ****  * not use this file except in compliance with the License.
  14:Generated_Source\PSoC6\pdl\cmsis/include/cmsis_gcc.h ****  * You may obtain a copy of the License at
  15:Generated_Source\PSoC6\pdl\cmsis/include/cmsis_gcc.h ****  *
  16:Generated_Source\PSoC6\pdl\cmsis/include/cmsis_gcc.h ****  * www.apache.org/licenses/LICENSE-2.0
  17:Generated_Source\PSoC6\pdl\cmsis/include/cmsis_gcc.h ****  *
  18:Generated_Source\PSoC6\pdl\cmsis/include/cmsis_gcc.h ****  * Unless required by applicable law or agreed to in writing, software
  19:Generated_Source\PSoC6\pdl\cmsis/include/cmsis_gcc.h ****  * distributed under the License is distributed on an AS IS BASIS, WITHOUT
  20:Generated_Source\PSoC6\pdl\cmsis/include/cmsis_gcc.h ****  * WARRANTIES OR CONDITIONS OF ANY KIND, either express or implied.
  21:Generated_Source\PSoC6\pdl\cmsis/include/cmsis_gcc.h ****  * See the License for the specific language governing permissions and
  22:Generated_Source\PSoC6\pdl\cmsis/include/cmsis_gcc.h ****  * limitations under the License.
  23:Generated_Source\PSoC6\pdl\cmsis/include/cmsis_gcc.h ****  */
  24:Generated_Source\PSoC6\pdl\cmsis/include/cmsis_gcc.h **** 
  25:Generated_Source\PSoC6\pdl\cmsis/include/cmsis_gcc.h **** #ifndef __CMSIS_GCC_H
  26:Generated_Source\PSoC6\pdl\cmsis/include/cmsis_gcc.h **** #define __CMSIS_GCC_H
  27:Generated_Source\PSoC6\pdl\cmsis/include/cmsis_gcc.h **** 
  28:Generated_Source\PSoC6\pdl\cmsis/include/cmsis_gcc.h **** /* ignore some GCC warnings */
  29:Generated_Source\PSoC6\pdl\cmsis/include/cmsis_gcc.h **** #pragma GCC diagnostic push
  30:Generated_Source\PSoC6\pdl\cmsis/include/cmsis_gcc.h **** #pragma GCC diagnostic ignored "-Wsign-conversion"
  31:Generated_Source\PSoC6\pdl\cmsis/include/cmsis_gcc.h **** #pragma GCC diagnostic ignored "-Wconversion"
  32:Generated_Source\PSoC6\pdl\cmsis/include/cmsis_gcc.h **** #pragma GCC diagnostic ignored "-Wunused-parameter"
  33:Generated_Source\PSoC6\pdl\cmsis/include/cmsis_gcc.h **** 
  34:Generated_Source\PSoC6\pdl\cmsis/include/cmsis_gcc.h **** /* CMSIS compiler specific defines */
  35:Generated_Source\PSoC6\pdl\cmsis/include/cmsis_gcc.h **** #ifndef   __ASM
  36:Generated_Source\PSoC6\pdl\cmsis/include/cmsis_gcc.h ****   #define __ASM                     __asm
  37:Generated_Source\PSoC6\pdl\cmsis/include/cmsis_gcc.h **** #endif
  38:Generated_Source\PSoC6\pdl\cmsis/include/cmsis_gcc.h **** #ifndef   __INLINE
  39:Generated_Source\PSoC6\pdl\cmsis/include/cmsis_gcc.h ****   #define __INLINE                  inline
  40:Generated_Source\PSoC6\pdl\cmsis/include/cmsis_gcc.h **** #endif
  41:Generated_Source\PSoC6\pdl\cmsis/include/cmsis_gcc.h **** #ifndef   __STATIC_INLINE
  42:Generated_Source\PSoC6\pdl\cmsis/include/cmsis_gcc.h ****   #define __STATIC_INLINE           static inline
  43:Generated_Source\PSoC6\pdl\cmsis/include/cmsis_gcc.h **** #endif
  44:Generated_Source\PSoC6\pdl\cmsis/include/cmsis_gcc.h **** #ifndef   __NO_RETURN
  45:Generated_Source\PSoC6\pdl\cmsis/include/cmsis_gcc.h ****   #define __NO_RETURN               __attribute__((noreturn))
  46:Generated_Source\PSoC6\pdl\cmsis/include/cmsis_gcc.h **** #endif
  47:Generated_Source\PSoC6\pdl\cmsis/include/cmsis_gcc.h **** #ifndef   __USED
  48:Generated_Source\PSoC6\pdl\cmsis/include/cmsis_gcc.h ****   #define __USED                    __attribute__((used))
  49:Generated_Source\PSoC6\pdl\cmsis/include/cmsis_gcc.h **** #endif
  50:Generated_Source\PSoC6\pdl\cmsis/include/cmsis_gcc.h **** #ifndef   __WEAK
  51:Generated_Source\PSoC6\pdl\cmsis/include/cmsis_gcc.h ****   #define __WEAK                    __attribute__((weak))
  52:Generated_Source\PSoC6\pdl\cmsis/include/cmsis_gcc.h **** #endif
  53:Generated_Source\PSoC6\pdl\cmsis/include/cmsis_gcc.h **** #ifndef   __UNALIGNED_UINT32
  54:Generated_Source\PSoC6\pdl\cmsis/include/cmsis_gcc.h **** #pragma GCC diagnostic push
  55:Generated_Source\PSoC6\pdl\cmsis/include/cmsis_gcc.h **** #pragma GCC diagnostic ignored "-Wpacked"
  56:Generated_Source\PSoC6\pdl\cmsis/include/cmsis_gcc.h **** #pragma GCC diagnostic ignored "-Wattributes"
  57:Generated_Source\PSoC6\pdl\cmsis/include/cmsis_gcc.h ****   struct __attribute__((packed)) T_UINT32 { uint32_t v; };
  58:Generated_Source\PSoC6\pdl\cmsis/include/cmsis_gcc.h **** #pragma GCC diagnostic pop
  59:Generated_Source\PSoC6\pdl\cmsis/include/cmsis_gcc.h ****   #define __UNALIGNED_UINT32(x)     (((struct T_UINT32 *)(x))->v)
  60:Generated_Source\PSoC6\pdl\cmsis/include/cmsis_gcc.h **** #endif
ARM GAS  C:\Users\gjl\AppData\Local\Temp\ccfrXoDc.s 			page 3


  61:Generated_Source\PSoC6\pdl\cmsis/include/cmsis_gcc.h **** #ifndef   __ALIGNED
  62:Generated_Source\PSoC6\pdl\cmsis/include/cmsis_gcc.h ****   #define __ALIGNED(x)              __attribute__((aligned(x)))
  63:Generated_Source\PSoC6\pdl\cmsis/include/cmsis_gcc.h **** #endif
  64:Generated_Source\PSoC6\pdl\cmsis/include/cmsis_gcc.h **** #ifndef   __PACKED
  65:Generated_Source\PSoC6\pdl\cmsis/include/cmsis_gcc.h ****   #define __PACKED                  __attribute__((packed, aligned(1)))
  66:Generated_Source\PSoC6\pdl\cmsis/include/cmsis_gcc.h **** #endif
  67:Generated_Source\PSoC6\pdl\cmsis/include/cmsis_gcc.h **** #ifndef   __PACKED_STRUCT
  68:Generated_Source\PSoC6\pdl\cmsis/include/cmsis_gcc.h ****   #define __PACKED_STRUCT           struct __attribute__((packed, aligned(1)))
  69:Generated_Source\PSoC6\pdl\cmsis/include/cmsis_gcc.h **** #endif
  70:Generated_Source\PSoC6\pdl\cmsis/include/cmsis_gcc.h **** 
  71:Generated_Source\PSoC6\pdl\cmsis/include/cmsis_gcc.h **** 
  72:Generated_Source\PSoC6\pdl\cmsis/include/cmsis_gcc.h **** /* ###########################  Core Function Access  ########################### */
  73:Generated_Source\PSoC6\pdl\cmsis/include/cmsis_gcc.h **** /** \ingroup  CMSIS_Core_FunctionInterface
  74:Generated_Source\PSoC6\pdl\cmsis/include/cmsis_gcc.h ****     \defgroup CMSIS_Core_RegAccFunctions CMSIS Core Register Access Functions
  75:Generated_Source\PSoC6\pdl\cmsis/include/cmsis_gcc.h ****   @{
  76:Generated_Source\PSoC6\pdl\cmsis/include/cmsis_gcc.h ****  */
  77:Generated_Source\PSoC6\pdl\cmsis/include/cmsis_gcc.h **** 
  78:Generated_Source\PSoC6\pdl\cmsis/include/cmsis_gcc.h **** /**
  79:Generated_Source\PSoC6\pdl\cmsis/include/cmsis_gcc.h ****   \brief   Enable IRQ Interrupts
  80:Generated_Source\PSoC6\pdl\cmsis/include/cmsis_gcc.h ****   \details Enables IRQ interrupts by clearing the I-bit in the CPSR.
  81:Generated_Source\PSoC6\pdl\cmsis/include/cmsis_gcc.h ****            Can only be executed in Privileged modes.
  82:Generated_Source\PSoC6\pdl\cmsis/include/cmsis_gcc.h ****  */
  83:Generated_Source\PSoC6\pdl\cmsis/include/cmsis_gcc.h **** __attribute__((always_inline)) __STATIC_INLINE void __enable_irq(void)
  84:Generated_Source\PSoC6\pdl\cmsis/include/cmsis_gcc.h **** {
  85:Generated_Source\PSoC6\pdl\cmsis/include/cmsis_gcc.h ****   __ASM volatile ("cpsie i" : : : "memory");
  40              		.loc 2 85 0
  41              		.syntax divided
  42              	@ 85 "Generated_Source\PSoC6\pdl\cmsis/include/cmsis_gcc.h" 1
  43 0002 62B6     		cpsie i
  44              	@ 0 "" 2
  45              		.thumb
  46              		.syntax unified
  47              	.LBE5:
  48              	.LBE4:
  16:main_cm0p.c   ****     __enable_irq(); /* Enable global interrupts. */
  17:main_cm0p.c   ****     
  18:main_cm0p.c   ****     Cy_BLE_Start(0);
  49              		.loc 1 18 0
  50 0004 0020     		movs	r0, #0
  51 0006 FFF7FEFF 		bl	Cy_BLE_Start
  52              	.LVL0:
  19:main_cm0p.c   ****     
  20:main_cm0p.c   ****     /* Enable CM4.  CY_CORTEX_M4_APPL_ADDR must be updated if CM4 memory layout is changed. */
  21:main_cm0p.c   ****     Cy_SysEnableCM4(CY_CORTEX_M4_APPL_ADDR); 
  53              		.loc 1 21 0
  54 000a 0348     		ldr	r0, .L3
  55 000c FFF7FEFF 		bl	Cy_SysEnableCM4
  56              	.LVL1:
  57              	.L2:
  22:main_cm0p.c   **** 
  23:main_cm0p.c   ****     /* Place your initialization/startup code here (e.g. MyInst_Start()) */
  24:main_cm0p.c   **** 
  25:main_cm0p.c   ****     for(;;)
  26:main_cm0p.c   ****     {
  27:main_cm0p.c   ****         Cy_BLE_ProcessEvents();
  58              		.loc 1 27 0 discriminator 1
  59 0010 FFF7FEFF 		bl	Cy_BLE_ProcessEvents
ARM GAS  C:\Users\gjl\AppData\Local\Temp\ccfrXoDc.s 			page 4


  60              	.LVL2:
  61 0014 FCE7     		b	.L2
  62              	.L4:
  63 0016 C046     		.align	2
  64              	.L3:
  65 0018 00000810 		.word	268959744
  66              		.cfi_endproc
  67              	.LFE377:
  68              		.size	main, .-main
  69              		.text
  70              	.Letext0:
  71              		.file 3 "c:\\program files (x86)\\cypress\\psoc creator\\4.2\\psoc creator\\import\\gnu\\arm\\5.4.
  72              		.file 4 "c:\\program files (x86)\\cypress\\psoc creator\\4.2\\psoc creator\\import\\gnu\\arm\\5.4.
  73              		.file 5 "Generated_Source\\PSoC6\\pdl\\drivers/peripheral/scb/cy_scb_uart.h"
  74              		.file 6 "Generated_Source\\PSoC6/BLE.h"
  75              		.file 7 "./system_psoc63.h"
  76              		.file 8 "Generated_Source\\PSoC6\\pdl\\middleware/ble/cy_ble_stack.h"
  77              		.file 9 "Generated_Source\\PSoC6/UART_1.h"
  78              		.section	.debug_info,"",%progbits
  79              	.Ldebug_info0:
  80 0000 2E020000 		.4byte	0x22e
  81 0004 0400     		.2byte	0x4
  82 0006 00000000 		.4byte	.Ldebug_abbrev0
  83 000a 04       		.byte	0x4
  84 000b 01       		.uleb128 0x1
  85 000c 33020000 		.4byte	.LASF36
  86 0010 0C       		.byte	0xc
  87 0011 27010000 		.4byte	.LASF37
  88 0015 24000000 		.4byte	.LASF38
  89 0019 00000000 		.4byte	.Ldebug_ranges0+0
  90 001d 00000000 		.4byte	0
  91 0021 00000000 		.4byte	.Ldebug_line0
  92 0025 02       		.uleb128 0x2
  93 0026 02       		.byte	0x2
  94 0027 05       		.byte	0x5
  95 0028 FA010000 		.4byte	.LASF0
  96 002c 02       		.uleb128 0x2
  97 002d 01       		.byte	0x1
  98 002e 08       		.byte	0x8
  99 002f F4000000 		.4byte	.LASF1
 100 0033 02       		.uleb128 0x2
 101 0034 01       		.byte	0x1
 102 0035 06       		.byte	0x6
 103 0036 C5020000 		.4byte	.LASF2
 104 003a 02       		.uleb128 0x2
 105 003b 02       		.byte	0x2
 106 003c 07       		.byte	0x7
 107 003d 14010000 		.4byte	.LASF3
 108 0041 02       		.uleb128 0x2
 109 0042 04       		.byte	0x4
 110 0043 05       		.byte	0x5
 111 0044 1E020000 		.4byte	.LASF4
 112 0048 03       		.uleb128 0x3
 113 0049 33010000 		.4byte	.LASF9
 114 004d 03       		.byte	0x3
 115 004e 41       		.byte	0x41
 116 004f 53000000 		.4byte	0x53
ARM GAS  C:\Users\gjl\AppData\Local\Temp\ccfrXoDc.s 			page 5


 117 0053 02       		.uleb128 0x2
 118 0054 04       		.byte	0x4
 119 0055 07       		.byte	0x7
 120 0056 02010000 		.4byte	.LASF5
 121 005a 02       		.uleb128 0x2
 122 005b 08       		.byte	0x8
 123 005c 05       		.byte	0x5
 124 005d D4010000 		.4byte	.LASF6
 125 0061 02       		.uleb128 0x2
 126 0062 08       		.byte	0x8
 127 0063 07       		.byte	0x7
 128 0064 80010000 		.4byte	.LASF7
 129 0068 04       		.uleb128 0x4
 130 0069 04       		.byte	0x4
 131 006a 05       		.byte	0x5
 132 006b 696E7400 		.ascii	"int\000"
 133 006f 02       		.uleb128 0x2
 134 0070 04       		.byte	0x4
 135 0071 07       		.byte	0x7
 136 0072 73010000 		.4byte	.LASF8
 137 0076 03       		.uleb128 0x3
 138 0077 15020000 		.4byte	.LASF10
 139 007b 04       		.byte	0x4
 140 007c 30       		.byte	0x30
 141 007d 48000000 		.4byte	0x48
 142 0081 02       		.uleb128 0x2
 143 0082 04       		.byte	0x4
 144 0083 07       		.byte	0x7
 145 0084 C2010000 		.4byte	.LASF11
 146 0088 05       		.uleb128 0x5
 147 0089 76000000 		.4byte	0x76
 148 008d 02       		.uleb128 0x2
 149 008e 08       		.byte	0x8
 150 008f 04       		.byte	0x4
 151 0090 27020000 		.4byte	.LASF12
 152 0094 02       		.uleb128 0x2
 153 0095 01       		.byte	0x1
 154 0096 08       		.byte	0x8
 155 0097 E2010000 		.4byte	.LASF13
 156 009b 02       		.uleb128 0x2
 157 009c 04       		.byte	0x4
 158 009d 04       		.byte	0x4
 159 009e EE000000 		.4byte	.LASF14
 160 00a2 02       		.uleb128 0x2
 161 00a3 08       		.byte	0x8
 162 00a4 04       		.byte	0x4
 163 00a5 54010000 		.4byte	.LASF15
 164 00a9 06       		.uleb128 0x6
 165 00aa 04       		.byte	0x4
 166 00ab 02       		.uleb128 0x2
 167 00ac 01       		.byte	0x1
 168 00ad 02       		.byte	0x2
 169 00ae D1020000 		.4byte	.LASF16
 170 00b2 07       		.uleb128 0x7
 171 00b3 04       		.byte	0x4
 172 00b4 B8000000 		.4byte	0xb8
 173 00b8 08       		.uleb128 0x8
ARM GAS  C:\Users\gjl\AppData\Local\Temp\ccfrXoDc.s 			page 6


 174 00b9 C3000000 		.4byte	0xc3
 175 00bd 09       		.uleb128 0x9
 176 00be 76000000 		.4byte	0x76
 177 00c2 00       		.byte	0
 178 00c3 0A       		.uleb128 0xa
 179 00c4 CF000000 		.4byte	.LASF17
 180 00c8 05       		.byte	0x5
 181 00c9 AB01     		.2byte	0x1ab
 182 00cb B2000000 		.4byte	0xb2
 183 00cf 0B       		.uleb128 0xb
 184 00d0 83000000 		.4byte	.LASF39
 185 00d4 38       		.byte	0x38
 186 00d5 05       		.byte	0x5
 187 00d6 4702     		.2byte	0x247
 188 00d8 93010000 		.4byte	0x193
 189 00dc 0C       		.uleb128 0xc
 190 00dd 9B000000 		.4byte	.LASF18
 191 00e1 05       		.byte	0x5
 192 00e2 4A02     		.2byte	0x24a
 193 00e4 88000000 		.4byte	0x88
 194 00e8 00       		.byte	0
 195 00e9 0C       		.uleb128 0xc
 196 00ea 4B010000 		.4byte	.LASF19
 197 00ee 05       		.byte	0x5
 198 00ef 4B02     		.2byte	0x24b
 199 00f1 88000000 		.4byte	0x88
 200 00f5 04       		.byte	0x4
 201 00f6 0C       		.uleb128 0xc
 202 00f7 F0010000 		.4byte	.LASF20
 203 00fb 05       		.byte	0x5
 204 00fc 4D02     		.2byte	0x24d
 205 00fe A9000000 		.4byte	0xa9
 206 0102 08       		.byte	0x8
 207 0103 0C       		.uleb128 0xc
 208 0104 A4000000 		.4byte	.LASF21
 209 0108 05       		.byte	0x5
 210 0109 4E02     		.2byte	0x24e
 211 010b 76000000 		.4byte	0x76
 212 010f 0C       		.byte	0xc
 213 0110 0C       		.uleb128 0xc
 214 0111 C1000000 		.4byte	.LASF22
 215 0115 05       		.byte	0x5
 216 0116 4F02     		.2byte	0x24f
 217 0118 88000000 		.4byte	0x88
 218 011c 10       		.byte	0x10
 219 011d 0C       		.uleb128 0xc
 220 011e AC010000 		.4byte	.LASF23
 221 0122 05       		.byte	0x5
 222 0123 5002     		.2byte	0x250
 223 0125 88000000 		.4byte	0x88
 224 0129 14       		.byte	0x14
 225 012a 0C       		.uleb128 0xc
 226 012b 5B010000 		.4byte	.LASF24
 227 012f 05       		.byte	0x5
 228 0130 5202     		.2byte	0x252
 229 0132 A9000000 		.4byte	0xa9
 230 0136 18       		.byte	0x18
ARM GAS  C:\Users\gjl\AppData\Local\Temp\ccfrXoDc.s 			page 7


 231 0137 0C       		.uleb128 0xc
 232 0138 79000000 		.4byte	.LASF25
 233 013c 05       		.byte	0x5
 234 013d 5302     		.2byte	0x253
 235 013f 76000000 		.4byte	0x76
 236 0143 1C       		.byte	0x1c
 237 0144 0C       		.uleb128 0xc
 238 0145 CB010000 		.4byte	.LASF26
 239 0149 05       		.byte	0x5
 240 014a 5402     		.2byte	0x254
 241 014c 88000000 		.4byte	0x88
 242 0150 20       		.byte	0x20
 243 0151 0C       		.uleb128 0xc
 244 0152 D7020000 		.4byte	.LASF27
 245 0156 05       		.byte	0x5
 246 0157 5602     		.2byte	0x256
 247 0159 A9000000 		.4byte	0xa9
 248 015d 24       		.byte	0x24
 249 015e 0C       		.uleb128 0xc
 250 015f 1A000000 		.4byte	.LASF28
 251 0163 05       		.byte	0x5
 252 0164 5702     		.2byte	0x257
 253 0166 76000000 		.4byte	0x76
 254 016a 28       		.byte	0x28
 255 016b 0C       		.uleb128 0xc
 256 016c 04020000 		.4byte	.LASF29
 257 0170 05       		.byte	0x5
 258 0171 5802     		.2byte	0x258
 259 0173 88000000 		.4byte	0x88
 260 0177 2C       		.byte	0x2c
 261 0178 0C       		.uleb128 0xc
 262 0179 E7010000 		.4byte	.LASF30
 263 017d 05       		.byte	0x5
 264 017e 5D02     		.2byte	0x25d
 265 0180 C3000000 		.4byte	0xc3
 266 0184 30       		.byte	0x30
 267 0185 0C       		.uleb128 0xc
 268 0186 BA010000 		.4byte	.LASF31
 269 018a 05       		.byte	0x5
 270 018b 6002     		.2byte	0x260
 271 018d 76000000 		.4byte	0x76
 272 0191 34       		.byte	0x34
 273 0192 00       		.byte	0
 274 0193 0A       		.uleb128 0xa
 275 0194 00000000 		.4byte	.LASF32
 276 0198 05       		.byte	0x5
 277 0199 6302     		.2byte	0x263
 278 019b CF000000 		.4byte	0xcf
 279 019f 0D       		.uleb128 0xd
 280 01a0 66010000 		.4byte	.LASF40
 281 01a4 02       		.byte	0x2
 282 01a5 53       		.byte	0x53
 283 01a6 03       		.byte	0x3
 284 01a7 0E       		.uleb128 0xe
 285 01a8 61010000 		.4byte	.LASF41
 286 01ac 01       		.byte	0x1
 287 01ad 0E       		.byte	0xe
ARM GAS  C:\Users\gjl\AppData\Local\Temp\ccfrXoDc.s 			page 8


 288 01ae 68000000 		.4byte	0x68
 289 01b2 00000000 		.4byte	.LFB377
 290 01b6 1C000000 		.4byte	.LFE377-.LFB377
 291 01ba 01       		.uleb128 0x1
 292 01bb 9C       		.byte	0x9c
 293 01bc 03020000 		.4byte	0x203
 294 01c0 0F       		.uleb128 0xf
 295 01c1 9F010000 		.4byte	0x19f
 296 01c5 02000000 		.4byte	.LBB4
 297 01c9 02000000 		.4byte	.LBE4-.LBB4
 298 01cd 01       		.byte	0x1
 299 01ce 10       		.byte	0x10
 300 01cf 10       		.uleb128 0x10
 301 01d0 0A000000 		.4byte	.LVL0
 302 01d4 0E020000 		.4byte	0x20e
 303 01d8 E2010000 		.4byte	0x1e2
 304 01dc 11       		.uleb128 0x11
 305 01dd 01       		.uleb128 0x1
 306 01de 50       		.byte	0x50
 307 01df 01       		.uleb128 0x1
 308 01e0 30       		.byte	0x30
 309 01e1 00       		.byte	0
 310 01e2 10       		.uleb128 0x10
 311 01e3 10000000 		.4byte	.LVL1
 312 01e7 19020000 		.4byte	0x219
 313 01eb F9010000 		.4byte	0x1f9
 314 01ef 11       		.uleb128 0x11
 315 01f0 01       		.uleb128 0x1
 316 01f1 50       		.byte	0x50
 317 01f2 05       		.uleb128 0x5
 318 01f3 0C       		.byte	0xc
 319 01f4 00000810 		.4byte	0x10080000
 320 01f8 00       		.byte	0
 321 01f9 12       		.uleb128 0x12
 322 01fa 14000000 		.4byte	.LVL2
 323 01fe 25020000 		.4byte	0x225
 324 0202 00       		.byte	0
 325 0203 13       		.uleb128 0x13
 326 0204 B2000000 		.4byte	.LASF42
 327 0208 09       		.byte	0x9
 328 0209 87       		.byte	0x87
 329 020a 93010000 		.4byte	0x193
 330 020e 14       		.uleb128 0x14
 331 020f 3E010000 		.4byte	.LASF33
 332 0213 3E010000 		.4byte	.LASF33
 333 0217 06       		.byte	0x6
 334 0218 24       		.byte	0x24
 335 0219 15       		.uleb128 0x15
 336 021a DD020000 		.4byte	.LASF34
 337 021e DD020000 		.4byte	.LASF34
 338 0222 07       		.byte	0x7
 339 0223 FE01     		.2byte	0x1fe
 340 0225 15       		.uleb128 0x15
 341 0226 97010000 		.4byte	.LASF35
 342 022a 97010000 		.4byte	.LASF35
 343 022e 08       		.byte	0x8
 344 022f A407     		.2byte	0x7a4
ARM GAS  C:\Users\gjl\AppData\Local\Temp\ccfrXoDc.s 			page 9


 345 0231 00       		.byte	0
 346              		.section	.debug_abbrev,"",%progbits
 347              	.Ldebug_abbrev0:
 348 0000 01       		.uleb128 0x1
 349 0001 11       		.uleb128 0x11
 350 0002 01       		.byte	0x1
 351 0003 25       		.uleb128 0x25
 352 0004 0E       		.uleb128 0xe
 353 0005 13       		.uleb128 0x13
 354 0006 0B       		.uleb128 0xb
 355 0007 03       		.uleb128 0x3
 356 0008 0E       		.uleb128 0xe
 357 0009 1B       		.uleb128 0x1b
 358 000a 0E       		.uleb128 0xe
 359 000b 55       		.uleb128 0x55
 360 000c 17       		.uleb128 0x17
 361 000d 11       		.uleb128 0x11
 362 000e 01       		.uleb128 0x1
 363 000f 10       		.uleb128 0x10
 364 0010 17       		.uleb128 0x17
 365 0011 00       		.byte	0
 366 0012 00       		.byte	0
 367 0013 02       		.uleb128 0x2
 368 0014 24       		.uleb128 0x24
 369 0015 00       		.byte	0
 370 0016 0B       		.uleb128 0xb
 371 0017 0B       		.uleb128 0xb
 372 0018 3E       		.uleb128 0x3e
 373 0019 0B       		.uleb128 0xb
 374 001a 03       		.uleb128 0x3
 375 001b 0E       		.uleb128 0xe
 376 001c 00       		.byte	0
 377 001d 00       		.byte	0
 378 001e 03       		.uleb128 0x3
 379 001f 16       		.uleb128 0x16
 380 0020 00       		.byte	0
 381 0021 03       		.uleb128 0x3
 382 0022 0E       		.uleb128 0xe
 383 0023 3A       		.uleb128 0x3a
 384 0024 0B       		.uleb128 0xb
 385 0025 3B       		.uleb128 0x3b
 386 0026 0B       		.uleb128 0xb
 387 0027 49       		.uleb128 0x49
 388 0028 13       		.uleb128 0x13
 389 0029 00       		.byte	0
 390 002a 00       		.byte	0
 391 002b 04       		.uleb128 0x4
 392 002c 24       		.uleb128 0x24
 393 002d 00       		.byte	0
 394 002e 0B       		.uleb128 0xb
 395 002f 0B       		.uleb128 0xb
 396 0030 3E       		.uleb128 0x3e
 397 0031 0B       		.uleb128 0xb
 398 0032 03       		.uleb128 0x3
 399 0033 08       		.uleb128 0x8
 400 0034 00       		.byte	0
 401 0035 00       		.byte	0
ARM GAS  C:\Users\gjl\AppData\Local\Temp\ccfrXoDc.s 			page 10


 402 0036 05       		.uleb128 0x5
 403 0037 35       		.uleb128 0x35
 404 0038 00       		.byte	0
 405 0039 49       		.uleb128 0x49
 406 003a 13       		.uleb128 0x13
 407 003b 00       		.byte	0
 408 003c 00       		.byte	0
 409 003d 06       		.uleb128 0x6
 410 003e 0F       		.uleb128 0xf
 411 003f 00       		.byte	0
 412 0040 0B       		.uleb128 0xb
 413 0041 0B       		.uleb128 0xb
 414 0042 00       		.byte	0
 415 0043 00       		.byte	0
 416 0044 07       		.uleb128 0x7
 417 0045 0F       		.uleb128 0xf
 418 0046 00       		.byte	0
 419 0047 0B       		.uleb128 0xb
 420 0048 0B       		.uleb128 0xb
 421 0049 49       		.uleb128 0x49
 422 004a 13       		.uleb128 0x13
 423 004b 00       		.byte	0
 424 004c 00       		.byte	0
 425 004d 08       		.uleb128 0x8
 426 004e 15       		.uleb128 0x15
 427 004f 01       		.byte	0x1
 428 0050 27       		.uleb128 0x27
 429 0051 19       		.uleb128 0x19
 430 0052 01       		.uleb128 0x1
 431 0053 13       		.uleb128 0x13
 432 0054 00       		.byte	0
 433 0055 00       		.byte	0
 434 0056 09       		.uleb128 0x9
 435 0057 05       		.uleb128 0x5
 436 0058 00       		.byte	0
 437 0059 49       		.uleb128 0x49
 438 005a 13       		.uleb128 0x13
 439 005b 00       		.byte	0
 440 005c 00       		.byte	0
 441 005d 0A       		.uleb128 0xa
 442 005e 16       		.uleb128 0x16
 443 005f 00       		.byte	0
 444 0060 03       		.uleb128 0x3
 445 0061 0E       		.uleb128 0xe
 446 0062 3A       		.uleb128 0x3a
 447 0063 0B       		.uleb128 0xb
 448 0064 3B       		.uleb128 0x3b
 449 0065 05       		.uleb128 0x5
 450 0066 49       		.uleb128 0x49
 451 0067 13       		.uleb128 0x13
 452 0068 00       		.byte	0
 453 0069 00       		.byte	0
 454 006a 0B       		.uleb128 0xb
 455 006b 13       		.uleb128 0x13
 456 006c 01       		.byte	0x1
 457 006d 03       		.uleb128 0x3
 458 006e 0E       		.uleb128 0xe
ARM GAS  C:\Users\gjl\AppData\Local\Temp\ccfrXoDc.s 			page 11


 459 006f 0B       		.uleb128 0xb
 460 0070 0B       		.uleb128 0xb
 461 0071 3A       		.uleb128 0x3a
 462 0072 0B       		.uleb128 0xb
 463 0073 3B       		.uleb128 0x3b
 464 0074 05       		.uleb128 0x5
 465 0075 01       		.uleb128 0x1
 466 0076 13       		.uleb128 0x13
 467 0077 00       		.byte	0
 468 0078 00       		.byte	0
 469 0079 0C       		.uleb128 0xc
 470 007a 0D       		.uleb128 0xd
 471 007b 00       		.byte	0
 472 007c 03       		.uleb128 0x3
 473 007d 0E       		.uleb128 0xe
 474 007e 3A       		.uleb128 0x3a
 475 007f 0B       		.uleb128 0xb
 476 0080 3B       		.uleb128 0x3b
 477 0081 05       		.uleb128 0x5
 478 0082 49       		.uleb128 0x49
 479 0083 13       		.uleb128 0x13
 480 0084 38       		.uleb128 0x38
 481 0085 0B       		.uleb128 0xb
 482 0086 00       		.byte	0
 483 0087 00       		.byte	0
 484 0088 0D       		.uleb128 0xd
 485 0089 2E       		.uleb128 0x2e
 486 008a 00       		.byte	0
 487 008b 03       		.uleb128 0x3
 488 008c 0E       		.uleb128 0xe
 489 008d 3A       		.uleb128 0x3a
 490 008e 0B       		.uleb128 0xb
 491 008f 3B       		.uleb128 0x3b
 492 0090 0B       		.uleb128 0xb
 493 0091 27       		.uleb128 0x27
 494 0092 19       		.uleb128 0x19
 495 0093 20       		.uleb128 0x20
 496 0094 0B       		.uleb128 0xb
 497 0095 00       		.byte	0
 498 0096 00       		.byte	0
 499 0097 0E       		.uleb128 0xe
 500 0098 2E       		.uleb128 0x2e
 501 0099 01       		.byte	0x1
 502 009a 3F       		.uleb128 0x3f
 503 009b 19       		.uleb128 0x19
 504 009c 03       		.uleb128 0x3
 505 009d 0E       		.uleb128 0xe
 506 009e 3A       		.uleb128 0x3a
 507 009f 0B       		.uleb128 0xb
 508 00a0 3B       		.uleb128 0x3b
 509 00a1 0B       		.uleb128 0xb
 510 00a2 27       		.uleb128 0x27
 511 00a3 19       		.uleb128 0x19
 512 00a4 49       		.uleb128 0x49
 513 00a5 13       		.uleb128 0x13
 514 00a6 8701     		.uleb128 0x87
 515 00a8 19       		.uleb128 0x19
ARM GAS  C:\Users\gjl\AppData\Local\Temp\ccfrXoDc.s 			page 12


 516 00a9 11       		.uleb128 0x11
 517 00aa 01       		.uleb128 0x1
 518 00ab 12       		.uleb128 0x12
 519 00ac 06       		.uleb128 0x6
 520 00ad 40       		.uleb128 0x40
 521 00ae 18       		.uleb128 0x18
 522 00af 9742     		.uleb128 0x2117
 523 00b1 19       		.uleb128 0x19
 524 00b2 01       		.uleb128 0x1
 525 00b3 13       		.uleb128 0x13
 526 00b4 00       		.byte	0
 527 00b5 00       		.byte	0
 528 00b6 0F       		.uleb128 0xf
 529 00b7 1D       		.uleb128 0x1d
 530 00b8 00       		.byte	0
 531 00b9 31       		.uleb128 0x31
 532 00ba 13       		.uleb128 0x13
 533 00bb 11       		.uleb128 0x11
 534 00bc 01       		.uleb128 0x1
 535 00bd 12       		.uleb128 0x12
 536 00be 06       		.uleb128 0x6
 537 00bf 58       		.uleb128 0x58
 538 00c0 0B       		.uleb128 0xb
 539 00c1 59       		.uleb128 0x59
 540 00c2 0B       		.uleb128 0xb
 541 00c3 00       		.byte	0
 542 00c4 00       		.byte	0
 543 00c5 10       		.uleb128 0x10
 544 00c6 898201   		.uleb128 0x4109
 545 00c9 01       		.byte	0x1
 546 00ca 11       		.uleb128 0x11
 547 00cb 01       		.uleb128 0x1
 548 00cc 31       		.uleb128 0x31
 549 00cd 13       		.uleb128 0x13
 550 00ce 01       		.uleb128 0x1
 551 00cf 13       		.uleb128 0x13
 552 00d0 00       		.byte	0
 553 00d1 00       		.byte	0
 554 00d2 11       		.uleb128 0x11
 555 00d3 8A8201   		.uleb128 0x410a
 556 00d6 00       		.byte	0
 557 00d7 02       		.uleb128 0x2
 558 00d8 18       		.uleb128 0x18
 559 00d9 9142     		.uleb128 0x2111
 560 00db 18       		.uleb128 0x18
 561 00dc 00       		.byte	0
 562 00dd 00       		.byte	0
 563 00de 12       		.uleb128 0x12
 564 00df 898201   		.uleb128 0x4109
 565 00e2 00       		.byte	0
 566 00e3 11       		.uleb128 0x11
 567 00e4 01       		.uleb128 0x1
 568 00e5 31       		.uleb128 0x31
 569 00e6 13       		.uleb128 0x13
 570 00e7 00       		.byte	0
 571 00e8 00       		.byte	0
 572 00e9 13       		.uleb128 0x13
ARM GAS  C:\Users\gjl\AppData\Local\Temp\ccfrXoDc.s 			page 13


 573 00ea 34       		.uleb128 0x34
 574 00eb 00       		.byte	0
 575 00ec 03       		.uleb128 0x3
 576 00ed 0E       		.uleb128 0xe
 577 00ee 3A       		.uleb128 0x3a
 578 00ef 0B       		.uleb128 0xb
 579 00f0 3B       		.uleb128 0x3b
 580 00f1 0B       		.uleb128 0xb
 581 00f2 49       		.uleb128 0x49
 582 00f3 13       		.uleb128 0x13
 583 00f4 3F       		.uleb128 0x3f
 584 00f5 19       		.uleb128 0x19
 585 00f6 3C       		.uleb128 0x3c
 586 00f7 19       		.uleb128 0x19
 587 00f8 00       		.byte	0
 588 00f9 00       		.byte	0
 589 00fa 14       		.uleb128 0x14
 590 00fb 2E       		.uleb128 0x2e
 591 00fc 00       		.byte	0
 592 00fd 3F       		.uleb128 0x3f
 593 00fe 19       		.uleb128 0x19
 594 00ff 3C       		.uleb128 0x3c
 595 0100 19       		.uleb128 0x19
 596 0101 6E       		.uleb128 0x6e
 597 0102 0E       		.uleb128 0xe
 598 0103 03       		.uleb128 0x3
 599 0104 0E       		.uleb128 0xe
 600 0105 3A       		.uleb128 0x3a
 601 0106 0B       		.uleb128 0xb
 602 0107 3B       		.uleb128 0x3b
 603 0108 0B       		.uleb128 0xb
 604 0109 00       		.byte	0
 605 010a 00       		.byte	0
 606 010b 15       		.uleb128 0x15
 607 010c 2E       		.uleb128 0x2e
 608 010d 00       		.byte	0
 609 010e 3F       		.uleb128 0x3f
 610 010f 19       		.uleb128 0x19
 611 0110 3C       		.uleb128 0x3c
 612 0111 19       		.uleb128 0x19
 613 0112 6E       		.uleb128 0x6e
 614 0113 0E       		.uleb128 0xe
 615 0114 03       		.uleb128 0x3
 616 0115 0E       		.uleb128 0xe
 617 0116 3A       		.uleb128 0x3a
 618 0117 0B       		.uleb128 0xb
 619 0118 3B       		.uleb128 0x3b
 620 0119 05       		.uleb128 0x5
 621 011a 00       		.byte	0
 622 011b 00       		.byte	0
 623 011c 00       		.byte	0
 624              		.section	.debug_aranges,"",%progbits
 625 0000 1C000000 		.4byte	0x1c
 626 0004 0200     		.2byte	0x2
 627 0006 00000000 		.4byte	.Ldebug_info0
 628 000a 04       		.byte	0x4
 629 000b 00       		.byte	0
ARM GAS  C:\Users\gjl\AppData\Local\Temp\ccfrXoDc.s 			page 14


 630 000c 0000     		.2byte	0
 631 000e 0000     		.2byte	0
 632 0010 00000000 		.4byte	.LFB377
 633 0014 1C000000 		.4byte	.LFE377-.LFB377
 634 0018 00000000 		.4byte	0
 635 001c 00000000 		.4byte	0
 636              		.section	.debug_ranges,"",%progbits
 637              	.Ldebug_ranges0:
 638 0000 00000000 		.4byte	.LFB377
 639 0004 1C000000 		.4byte	.LFE377
 640 0008 00000000 		.4byte	0
 641 000c 00000000 		.4byte	0
 642              		.section	.debug_line,"",%progbits
 643              	.Ldebug_line0:
 644 0000 3E020000 		.section	.debug_str,"MS",%progbits,1
 644      02001702 
 644      00000201 
 644      FB0E0D00 
 644      01010101 
 645              	.LASF32:
 646 0000 63795F73 		.ascii	"cy_stc_scb_uart_context_t\000"
 646      74635F73 
 646      63625F75 
 646      6172745F 
 646      636F6E74 
 647              	.LASF28:
 648 001a 74784275 		.ascii	"txBufSize\000"
 648      6653697A 
 648      6500
 649              	.LASF38:
 650 0024 433A5C47 		.ascii	"C:\\Git\\PSoC6-101-Videos\\Projects_ScreenCapture\\"
 650      69745C50 
 650      536F4336 
 650      2D313031 
 650      2D566964 
 651 0053 50536F43 		.ascii	"PSoC 6_101\\3-3-SimpleBLECentral.cydsn\000"
 651      20365F31 
 651      30315C33 
 651      2D332D53 
 651      696D706C 
 652              	.LASF25:
 653 0079 72784275 		.ascii	"rxBufSize\000"
 653      6653697A 
 653      6500
 654              	.LASF39:
 655 0083 63795F73 		.ascii	"cy_stc_scb_uart_context\000"
 655      74635F73 
 655      63625F75 
 655      6172745F 
 655      636F6E74 
 656              	.LASF18:
 657 009b 74785374 		.ascii	"txStatus\000"
 657      61747573 
 657      00
 658              	.LASF21:
 659 00a4 72785269 		.ascii	"rxRingBufSize\000"
 659      6E674275 
ARM GAS  C:\Users\gjl\AppData\Local\Temp\ccfrXoDc.s 			page 15


 659      6653697A 
 659      6500
 660              	.LASF42:
 661 00b2 55415254 		.ascii	"UART_1_context\000"
 661      5F315F63 
 661      6F6E7465 
 661      787400
 662              	.LASF22:
 663 00c1 72785269 		.ascii	"rxRingBufHead\000"
 663      6E674275 
 663      66486561 
 663      6400
 664              	.LASF17:
 665 00cf 63795F63 		.ascii	"cy_cb_scb_uart_handle_events_t\000"
 665      625F7363 
 665      625F7561 
 665      72745F68 
 665      616E646C 
 666              	.LASF14:
 667 00ee 666C6F61 		.ascii	"float\000"
 667      7400
 668              	.LASF1:
 669 00f4 756E7369 		.ascii	"unsigned char\000"
 669      676E6564 
 669      20636861 
 669      7200
 670              	.LASF5:
 671 0102 6C6F6E67 		.ascii	"long unsigned int\000"
 671      20756E73 
 671      69676E65 
 671      6420696E 
 671      7400
 672              	.LASF3:
 673 0114 73686F72 		.ascii	"short unsigned int\000"
 673      7420756E 
 673      7369676E 
 673      65642069 
 673      6E7400
 674              	.LASF37:
 675 0127 6D61696E 		.ascii	"main_cm0p.c\000"
 675      5F636D30 
 675      702E6300 
 676              	.LASF9:
 677 0133 5F5F7569 		.ascii	"__uint32_t\000"
 677      6E743332 
 677      5F7400
 678              	.LASF33:
 679 013e 43795F42 		.ascii	"Cy_BLE_Start\000"
 679      4C455F53 
 679      74617274 
 679      00
 680              	.LASF19:
 681 014b 72785374 		.ascii	"rxStatus\000"
 681      61747573 
 681      00
 682              	.LASF15:
 683 0154 646F7562 		.ascii	"double\000"
ARM GAS  C:\Users\gjl\AppData\Local\Temp\ccfrXoDc.s 			page 16


 683      6C6500
 684              	.LASF24:
 685 015b 72784275 		.ascii	"rxBuf\000"
 685      6600
 686              	.LASF41:
 687 0161 6D61696E 		.ascii	"main\000"
 687      00
 688              	.LASF40:
 689 0166 5F5F656E 		.ascii	"__enable_irq\000"
 689      61626C65 
 689      5F697271 
 689      00
 690              	.LASF8:
 691 0173 756E7369 		.ascii	"unsigned int\000"
 691      676E6564 
 691      20696E74 
 691      00
 692              	.LASF7:
 693 0180 6C6F6E67 		.ascii	"long long unsigned int\000"
 693      206C6F6E 
 693      6720756E 
 693      7369676E 
 693      65642069 
 694              	.LASF35:
 695 0197 43795F42 		.ascii	"Cy_BLE_ProcessEvents\000"
 695      4C455F50 
 695      726F6365 
 695      73734576 
 695      656E7473 
 696              	.LASF23:
 697 01ac 72785269 		.ascii	"rxRingBufTail\000"
 697      6E674275 
 697      66546169 
 697      6C00
 698              	.LASF31:
 699 01ba 696E6974 		.ascii	"initKey\000"
 699      4B657900 
 700              	.LASF11:
 701 01c2 73697A65 		.ascii	"sizetype\000"
 701      74797065 
 701      00
 702              	.LASF26:
 703 01cb 72784275 		.ascii	"rxBufIdx\000"
 703      66496478 
 703      00
 704              	.LASF6:
 705 01d4 6C6F6E67 		.ascii	"long long int\000"
 705      206C6F6E 
 705      6720696E 
 705      7400
 706              	.LASF13:
 707 01e2 63686172 		.ascii	"char\000"
 707      00
 708              	.LASF30:
 709 01e7 63624576 		.ascii	"cbEvents\000"
 709      656E7473 
 709      00
ARM GAS  C:\Users\gjl\AppData\Local\Temp\ccfrXoDc.s 			page 17


 710              	.LASF20:
 711 01f0 72785269 		.ascii	"rxRingBuf\000"
 711      6E674275 
 711      6600
 712              	.LASF0:
 713 01fa 73686F72 		.ascii	"short int\000"
 713      7420696E 
 713      7400
 714              	.LASF29:
 715 0204 74784C65 		.ascii	"txLeftToTransmit\000"
 715      6674546F 
 715      5472616E 
 715      736D6974 
 715      00
 716              	.LASF10:
 717 0215 75696E74 		.ascii	"uint32_t\000"
 717      33325F74 
 717      00
 718              	.LASF4:
 719 021e 6C6F6E67 		.ascii	"long int\000"
 719      20696E74 
 719      00
 720              	.LASF12:
 721 0227 6C6F6E67 		.ascii	"long double\000"
 721      20646F75 
 721      626C6500 
 722              	.LASF36:
 723 0233 474E5520 		.ascii	"GNU C11 5.4.1 20160609 (release) [ARM/embedded-5-br"
 723      43313120 
 723      352E342E 
 723      31203230 
 723      31363036 
 724 0266 616E6368 		.ascii	"anch revision 237715] -mcpu=cortex-m0plus -mthumb -"
 724      20726576 
 724      6973696F 
 724      6E203233 
 724      37373135 
 725 0299 67202D4F 		.ascii	"g -Og -ffunction-sections -ffat-lto-objects\000"
 725      67202D66 
 725      66756E63 
 725      74696F6E 
 725      2D736563 
 726              	.LASF2:
 727 02c5 7369676E 		.ascii	"signed char\000"
 727      65642063 
 727      68617200 
 728              	.LASF16:
 729 02d1 5F426F6F 		.ascii	"_Bool\000"
 729      6C00
 730              	.LASF27:
 731 02d7 74784275 		.ascii	"txBuf\000"
 731      6600
 732              	.LASF34:
 733 02dd 43795F53 		.ascii	"Cy_SysEnableCM4\000"
 733      7973456E 
 733      61626C65 
 733      434D3400 
ARM GAS  C:\Users\gjl\AppData\Local\Temp\ccfrXoDc.s 			page 18


 734              		.ident	"GCC: (GNU Tools for ARM Embedded Processors) 5.4.1 20160609 (release) [ARM/embedded-5-bran
