ARM GAS  C:\Users\gjl\AppData\Local\Temp\cc5pxnK9.s 			page 1


   1              		.syntax unified
   2              		.cpu cortex-m0plus
   3              		.fpu softvfp
   4              		.eabi_attribute 20, 1
   5              		.eabi_attribute 21, 1
   6              		.eabi_attribute 23, 3
   7              		.eabi_attribute 24, 1
   8              		.eabi_attribute 25, 1
   9              		.eabi_attribute 26, 1
  10              		.eabi_attribute 30, 1
  11              		.eabi_attribute 34, 0
  12              		.eabi_attribute 18, 4
  13              		.thumb
  14              		.syntax unified
  15              		.file	"cy_ble_tps.c"
  16              		.text
  17              	.Ltext0:
  18              		.cfi_sections	.debug_frame
  19              	.Letext0:
  20              		.section	.debug_info,"",%progbits
  21              	.Ldebug_info0:
  22 0000 8A000000 		.4byte	0x8a
  23 0004 0400     		.2byte	0x4
  24 0006 00000000 		.4byte	.Ldebug_abbrev0
  25 000a 04       		.byte	0x4
  26 000b 01       		.uleb128 0x1
  27 000c F5000000 		.4byte	.LASF15
  28 0010 0C       		.byte	0xc
  29 0011 90010000 		.4byte	.LASF16
  30 0015 29000000 		.4byte	.LASF17
  31 0019 00000000 		.4byte	.Ldebug_line0
  32 001d 02       		.uleb128 0x2
  33 001e 04       		.byte	0x4
  34 001f 05       		.byte	0x5
  35 0020 696E7400 		.ascii	"int\000"
  36 0024 03       		.uleb128 0x3
  37 0025 04       		.byte	0x4
  38 0026 07       		.byte	0x7
  39 0027 0E000000 		.4byte	.LASF0
  40 002b 03       		.uleb128 0x3
  41 002c 08       		.byte	0x8
  42 002d 05       		.byte	0x5
  43 002e 00000000 		.4byte	.LASF1
  44 0032 03       		.uleb128 0x3
  45 0033 08       		.byte	0x8
  46 0034 04       		.byte	0x4
  47 0035 DF000000 		.4byte	.LASF2
  48 0039 03       		.uleb128 0x3
  49 003a 01       		.byte	0x1
  50 003b 06       		.byte	0x6
  51 003c D3000000 		.4byte	.LASF3
  52 0040 03       		.uleb128 0x3
  53 0041 01       		.byte	0x1
  54 0042 08       		.byte	0x8
  55 0043 1B000000 		.4byte	.LASF4
  56 0047 03       		.uleb128 0x3
  57 0048 02       		.byte	0x2
ARM GAS  C:\Users\gjl\AppData\Local\Temp\cc5pxnK9.s 			page 2


  58 0049 05       		.byte	0x5
  59 004a EB000000 		.4byte	.LASF5
  60 004e 03       		.uleb128 0x3
  61 004f 02       		.byte	0x2
  62 0050 07       		.byte	0x7
  63 0051 C0000000 		.4byte	.LASF6
  64 0055 03       		.uleb128 0x3
  65 0056 04       		.byte	0x4
  66 0057 05       		.byte	0x5
  67 0058 B0000000 		.4byte	.LASF7
  68 005c 03       		.uleb128 0x3
  69 005d 04       		.byte	0x4
  70 005e 07       		.byte	0x7
  71 005f 76000000 		.4byte	.LASF8
  72 0063 03       		.uleb128 0x3
  73 0064 08       		.byte	0x8
  74 0065 07       		.byte	0x7
  75 0066 88000000 		.4byte	.LASF9
  76 006a 03       		.uleb128 0x3
  77 006b 04       		.byte	0x4
  78 006c 07       		.byte	0x7
  79 006d 87010000 		.4byte	.LASF10
  80 0071 03       		.uleb128 0x3
  81 0072 01       		.byte	0x1
  82 0073 08       		.byte	0x8
  83 0074 AB000000 		.4byte	.LASF11
  84 0078 03       		.uleb128 0x3
  85 0079 04       		.byte	0x4
  86 007a 04       		.byte	0x4
  87 007b 9F000000 		.4byte	.LASF12
  88 007f 03       		.uleb128 0x3
  89 0080 08       		.byte	0x8
  90 0081 04       		.byte	0x4
  91 0082 B9000000 		.4byte	.LASF13
  92 0086 03       		.uleb128 0x3
  93 0087 01       		.byte	0x1
  94 0088 02       		.byte	0x2
  95 0089 A5000000 		.4byte	.LASF14
  96 008d 00       		.byte	0
  97              		.section	.debug_abbrev,"",%progbits
  98              	.Ldebug_abbrev0:
  99 0000 01       		.uleb128 0x1
 100 0001 11       		.uleb128 0x11
 101 0002 01       		.byte	0x1
 102 0003 25       		.uleb128 0x25
 103 0004 0E       		.uleb128 0xe
 104 0005 13       		.uleb128 0x13
 105 0006 0B       		.uleb128 0xb
 106 0007 03       		.uleb128 0x3
 107 0008 0E       		.uleb128 0xe
 108 0009 1B       		.uleb128 0x1b
 109 000a 0E       		.uleb128 0xe
 110 000b 10       		.uleb128 0x10
 111 000c 17       		.uleb128 0x17
 112 000d 00       		.byte	0
 113 000e 00       		.byte	0
 114 000f 02       		.uleb128 0x2
ARM GAS  C:\Users\gjl\AppData\Local\Temp\cc5pxnK9.s 			page 3


 115 0010 24       		.uleb128 0x24
 116 0011 00       		.byte	0
 117 0012 0B       		.uleb128 0xb
 118 0013 0B       		.uleb128 0xb
 119 0014 3E       		.uleb128 0x3e
 120 0015 0B       		.uleb128 0xb
 121 0016 03       		.uleb128 0x3
 122 0017 08       		.uleb128 0x8
 123 0018 00       		.byte	0
 124 0019 00       		.byte	0
 125 001a 03       		.uleb128 0x3
 126 001b 24       		.uleb128 0x24
 127 001c 00       		.byte	0
 128 001d 0B       		.uleb128 0xb
 129 001e 0B       		.uleb128 0xb
 130 001f 3E       		.uleb128 0x3e
 131 0020 0B       		.uleb128 0xb
 132 0021 03       		.uleb128 0x3
 133 0022 0E       		.uleb128 0xe
 134 0023 00       		.byte	0
 135 0024 00       		.byte	0
 136 0025 00       		.byte	0
 137              		.section	.debug_aranges,"",%progbits
 138 0000 14000000 		.4byte	0x14
 139 0004 0200     		.2byte	0x2
 140 0006 00000000 		.4byte	.Ldebug_info0
 141 000a 04       		.byte	0x4
 142 000b 00       		.byte	0
 143 000c 0000     		.2byte	0
 144 000e 0000     		.2byte	0
 145 0010 00000000 		.4byte	0
 146 0014 00000000 		.4byte	0
 147              		.section	.debug_line,"",%progbits
 148              	.Ldebug_line0:
 149 0000 19000000 		.section	.debug_str,"MS",%progbits,1
 149      02001300 
 149      00000201 
 149      FB0E0D00 
 149      01010101 
 150              	.LASF1:
 151 0000 6C6F6E67 		.ascii	"long long int\000"
 151      206C6F6E 
 151      6720696E 
 151      7400
 152              	.LASF0:
 153 000e 756E7369 		.ascii	"unsigned int\000"
 153      676E6564 
 153      20696E74 
 153      00
 154              	.LASF4:
 155 001b 756E7369 		.ascii	"unsigned char\000"
 155      676E6564 
 155      20636861 
 155      7200
 156              	.LASF17:
 157 0029 433A5C47 		.ascii	"C:\\Git\\PSoC6-101-Videos\\Projects_ScreenCapture\\"
 157      69745C50 
ARM GAS  C:\Users\gjl\AppData\Local\Temp\cc5pxnK9.s 			page 4


 157      536F4336 
 157      2D313031 
 157      2D566964 
 158 0058 50536F43 		.ascii	"PSoC 6_101\\RC-3-3b-UART.cydsn\000"
 158      20365F31 
 158      30315C52 
 158      432D332D 
 158      33622D55 
 159              	.LASF8:
 160 0076 6C6F6E67 		.ascii	"long unsigned int\000"
 160      20756E73 
 160      69676E65 
 160      6420696E 
 160      7400
 161              	.LASF9:
 162 0088 6C6F6E67 		.ascii	"long long unsigned int\000"
 162      206C6F6E 
 162      6720756E 
 162      7369676E 
 162      65642069 
 163              	.LASF12:
 164 009f 666C6F61 		.ascii	"float\000"
 164      7400
 165              	.LASF14:
 166 00a5 5F426F6F 		.ascii	"_Bool\000"
 166      6C00
 167              	.LASF11:
 168 00ab 63686172 		.ascii	"char\000"
 168      00
 169              	.LASF7:
 170 00b0 6C6F6E67 		.ascii	"long int\000"
 170      20696E74 
 170      00
 171              	.LASF13:
 172 00b9 646F7562 		.ascii	"double\000"
 172      6C6500
 173              	.LASF6:
 174 00c0 73686F72 		.ascii	"short unsigned int\000"
 174      7420756E 
 174      7369676E 
 174      65642069 
 174      6E7400
 175              	.LASF3:
 176 00d3 7369676E 		.ascii	"signed char\000"
 176      65642063 
 176      68617200 
 177              	.LASF2:
 178 00df 6C6F6E67 		.ascii	"long double\000"
 178      20646F75 
 178      626C6500 
 179              	.LASF5:
 180 00eb 73686F72 		.ascii	"short int\000"
 180      7420696E 
 180      7400
 181              	.LASF15:
 182 00f5 474E5520 		.ascii	"GNU C11 5.4.1 20160609 (release) [ARM/embedded-5-br"
 182      43313120 
ARM GAS  C:\Users\gjl\AppData\Local\Temp\cc5pxnK9.s 			page 5


 182      352E342E 
 182      31203230 
 182      31363036 
 183 0128 616E6368 		.ascii	"anch revision 237715] -mcpu=cortex-m0plus -mthumb -"
 183      20726576 
 183      6973696F 
 183      6E203233 
 183      37373135 
 184 015b 67202D4F 		.ascii	"g -Og -ffunction-sections -ffat-lto-objects\000"
 184      67202D66 
 184      66756E63 
 184      74696F6E 
 184      2D736563 
 185              	.LASF10:
 186 0187 73697A65 		.ascii	"sizetype\000"
 186      74797065 
 186      00
 187              	.LASF16:
 188 0190 47656E65 		.ascii	"Generated_Source\\PSoC6\\pdl\\middleware\\ble\\cy_b"
 188      72617465 
 188      645F536F 
 188      75726365 
 188      5C50536F 
 189 01be 6C655F74 		.ascii	"le_tps.c\000"
 189      70732E63 
 189      00
 190              		.ident	"GCC: (GNU Tools for ARM Embedded Processors) 5.4.1 20160609 (release) [ARM/embedded-5-bran
