--------------- Build Started: 05/16/2018 16:44:47 Project: 3-5-BasicMotionSensor, Configuration: ARM GCC 5.4-2016-q2-update Debug ---------------
The code generation step is up to date.
The compile step is up to date, no work needs to be done.
The link step is up to date, no work needs to be done.
arm-none-eabi-gcc.exe -mcpu=cortex-m4 -mfloat-abi=softfp -mfpu=fpv4-sp-d16 -mthumb -I..\BMI160_driver -I. -IGenerated_Source\PSoC6 -IGenerated_Source\PSoC6\pdl\cmsis/include/ -IGenerated_Source\PSoC6\pdl\devices/psoc6/ip/ -IGenerated_Source\PSoC6\pdl\devices/psoc6/psoc63/include/ -IGenerated_Source\PSoC6\pdl\drivers/peripheral/ -IGenerated_Source\PSoC6\pdl\middleware/ -IGenerated_Source\PSoC6\pdl\rtos/FreeRTOS/9.0.0/Source/include/ -IGenerated_Source\PSoC6\pdl\rtos/FreeRTOS/9.0.0/Source/portable/GCC/CM4F/ -IGenerated_Source\PSoC6\pdl\utilities/ -Wa,-alh=.\CortexM4\ARM_GCC_541\Debug/main_cm4.lst -g -D DEBUG -D CY_CORE_ID=0 -D CY_PSOC_CREATOR_USED=1 -D CY8C6347BZI_BLD53 -Wall -ffunction-sections -ffat-lto-objects -Og -c main_cm4.c -o .\CortexM4\ARM_GCC_541\Debug\main_cm4.o
In file included from ..\BMI160_driver/bmi160.h:63:0,
                 from main_cm4.c:16:
..\BMI160_driver/bmi160_defs.h:102:0: warning: "LITTLE_ENDIAN" redefined
 #define LITTLE_ENDIAN   1
 ^
In file included from c:\program files (x86)\cypress\psoc creator\4.2\psoc creator\import\gnu\arm\5.4.1\arm-none-eabi\include\sys\types.h:67:0,
                 from c:\program files (x86)\cypress\psoc creator\4.2\psoc creator\import\gnu\arm\5.4.1\arm-none-eabi\include\stdio.h:48,
                 from main_cm4.c:15:
c:\program files (x86)\cypress\psoc creator\4.2\psoc creator\import\gnu\arm\5.4.1\arm-none-eabi\include\machine\endian.h:17:0: note: this is the location of the previous definition
 #define LITTLE_ENDIAN _LITTLE_ENDIAN
 ^
arm-none-eabi-gcc.exe -Wl,--start-group -o "C:\Git\PSoC6-101-Videos\Projects_ScreenCapture\PSoC 6_101\3-5-BasicMotionSensor.cydsn\CortexM4\ARM_GCC_541\Debug\3-5-BasicMotionSensor_link.elf" .\CortexM4\ARM_GCC_541\Debug\startup_psoc63_cm4.o .\CortexM4\ARM_GCC_541\Debug\main_cm4.o .\CortexM4\ARM_GCC_541\Debug\system_psoc63_cm4.o .\CortexM4\ARM_GCC_541\Debug\bmi160.o .\CortexM4\ARM_GCC_541\Debug\cy_ipc_config.o .\CortexM4\ARM_GCC_541\Debug\stdio_user.o .\CortexM4\ARM_GCC_541\Debug\cyfitter_sysint_cfg.o .\CortexM4\ARM_GCC_541\Debug\cymetadata.o .\CortexM4\ARM_GCC_541\Debug\UART_1.o .\CortexM4\ARM_GCC_541\Debug\I2C_1.o .\CortexM4\ARM_GCC_541\Debug\cy_sysint.o .\CortexM4\ARM_GCC_541\Debug\cy_ipc_drv.o .\CortexM4\ARM_GCC_541\Debug\cy_ipc_sema.o .\CortexM4\ARM_GCC_541\Debug\cy_ipc_pipe.o .\CortexM4\ARM_GCC_541\Debug\cy_sysclk.o .\CortexM4\ARM_GCC_541\Debug\cy_wdt.o .\CortexM4\ARM_GCC_541\Debug\cy_scb_common.o .\CortexM4\ARM_GCC_541\Debug\cy_scb_i2c.o .\CortexM4\ARM_GCC_541\Debug\cy_scb_ezi2c.o .\CortexM4\ARM_GCC_541\Debug\cy_scb_spi.o .\CortexM4\ARM_GCC_541\Debug\cy_scb_uart.o .\CortexM4\ARM_GCC_541\Debug\cy_efuse.o .\CortexM4\ARM_GCC_541\Debug\cy_flash.o .\CortexM4\ARM_GCC_541\Debug\cy_gpio.o .\CortexM4\ARM_GCC_541\Debug\cy_sysanalog.o .\CortexM4\ARM_GCC_541\Debug\cy_syspm.o .\CortexM4\ARM_GCC_541\Debug\cy_syslib.o .\CortexM4\ARM_GCC_541\Debug\cy_syslib_gcc.o .\CortexM4\ARM_GCC_541\Debug\cy_trigmux.o .\CortexM4\ARM_GCC_541\Debug\cy_systick.o .\CortexM4\ARM_GCC_541\Debug\cy_profile.o .\CortexM4\ARM_GCC_541\Debug\cy_prot.o .\CortexM4\ARM_GCC_541\Debug\cy_lvd.o .\CortexM4\ARM_GCC_541\Debug\cy_ble_clk.o .\CortexM4\ARM_GCC_541\Debug\croutine.o .\CortexM4\ARM_GCC_541\Debug\event_groups.o .\CortexM4\ARM_GCC_541\Debug\list.o .\CortexM4\ARM_GCC_541\Debug\queue.o .\CortexM4\ARM_GCC_541\Debug\tasks.o .\CortexM4\ARM_GCC_541\Debug\timers.o .\CortexM4\ARM_GCC_541\Debug\port.o .\CortexM4\ARM_GCC_541\Debug\heap_4.o .\CortexM4\ARM_GCC_541\Debug\retarget.o -mcpu=cortex-m4 -mfloat-abi=softfp -mfpu=fpv4-sp-d16 -mthumb -L Generated_Source\PSoC6 -Wl,-Map,.\CortexM4\ARM_GCC_541\Debug/3-5-BasicMotionSensor.map -T cy8c6xx7_cm4_dual.ld -specs=nano.specs -Wl,--gc-sections -g -ffunction-sections -Og -ffat-lto-objects -Wl,--end-group
"C:\Program Files (x86)\Cypress\PDL\3.0.1\tools\win\elf\cymcuelftool.exe" --sign "C:\Git\PSoC6-101-Videos\Projects_ScreenCapture\PSoC 6_101\3-5-BasicMotionSensor.cydsn\CortexM4\ARM_GCC_541\Debug\3-5-BasicMotionSensor_link.elf" --output "C:\Git\PSoC6-101-Videos\Projects_ScreenCapture\PSoC 6_101\3-5-BasicMotionSensor.cydsn\CortexM4\ARM_GCC_541\Debug\3-5-BasicMotionSensor_signed.elf" --hex "C:\Git\PSoC6-101-Videos\Projects_ScreenCapture\PSoC 6_101\3-5-BasicMotionSensor.cydsn\CortexM4\ARM_GCC_541\Debug\3-5-BasicMotionSensor_signed.hex"
No ELF section .cychecksum found, creating one
Application checksum calculated and stored in ELF section .cychecksum
Checksum calculated and stored in ELF section .cymeta
"C:\Program Files (x86)\Cypress\PDL\3.0.1\tools\win\elf\cymcuelftool.exe" --merge "C:\Git\PSoC6-101-Videos\Projects_ScreenCapture\PSoC 6_101\3-5-BasicMotionSensor.cydsn\CortexM4\ARM_GCC_541\Debug\3-5-BasicMotionSensor_signed.elf" "C:\Git\PSoC6-101-Videos\Projects_ScreenCapture\PSoC 6_101\3-5-BasicMotionSensor.cydsn\CortexM0p\ARM_GCC_541\Debug\3-5-BasicMotionSensor.elf" --output "C:\Git\PSoC6-101-Videos\Projects_ScreenCapture\PSoC 6_101\3-5-BasicMotionSensor.cydsn\CortexM4\ARM_GCC_541\Debug\3-5-BasicMotionSensor.elf" --hex "C:\Git\PSoC6-101-Videos\Projects_ScreenCapture\PSoC 6_101\3-5-BasicMotionSensor.cydsn\CortexM4\ARM_GCC_541\Debug\3-5-BasicMotionSensor.hex"
Application checksum calculated and stored in ELF section .cychecksum
Checksum calculated and stored in ELF section .cymeta
"C:\Program Files (x86)\Cypress\PDL\3.0.1\tools\win\elf\cymcuelftool.exe" -A "C:\Git\PSoC6-101-Videos\Projects_ScreenCapture\PSoC 6_101\3-5-BasicMotionSensor.cydsn\CortexM4\ARM_GCC_541\Debug\3-5-BasicMotionSensor.elf"
code:41544	sram:51764
--------------- Build Succeeded: 05/16/2018 16:44:54 ---------------
