ARM GAS  C:\Users\gjl\AppData\Local\Temp\cc1yLSHm.s 			page 1


   1              		.syntax unified
   2              		.cpu cortex-m4
   3              		.eabi_attribute 27, 1
   4              		.fpu fpv4-sp-d16
   5              		.eabi_attribute 20, 1
   6              		.eabi_attribute 21, 1
   7              		.eabi_attribute 23, 3
   8              		.eabi_attribute 24, 1
   9              		.eabi_attribute 25, 1
  10              		.eabi_attribute 26, 1
  11              		.eabi_attribute 30, 1
  12              		.eabi_attribute 34, 1
  13              		.eabi_attribute 18, 4
  14              		.thumb
  15              		.syntax unified
  16              		.file	"cy_sysanalog.c"
  17              		.text
  18              	.Ltext0:
  19              		.cfi_sections	.debug_frame
  20              		.section	.text.Cy_SysAnalog_Init,"ax",%progbits
  21              		.align	2
  22              		.global	Cy_SysAnalog_Init
  23              		.thumb
  24              		.thumb_func
  25              		.type	Cy_SysAnalog_Init, %function
  26              	Cy_SysAnalog_Init:
  27              	.LFB167:
  28              		.file 1 "Generated_Source\\PSoC6\\pdl\\drivers\\peripheral\\sysanalog\\cy_sysanalog.c"
   1:Generated_Source\PSoC6\pdl\drivers\peripheral\sysanalog/cy_sysanalog.c **** /***************************************************************************//**
   2:Generated_Source\PSoC6\pdl\drivers\peripheral\sysanalog/cy_sysanalog.c **** * \file cy_sysanalog.c
   3:Generated_Source\PSoC6\pdl\drivers\peripheral\sysanalog/cy_sysanalog.c **** * \version 1.0
   4:Generated_Source\PSoC6\pdl\drivers\peripheral\sysanalog/cy_sysanalog.c **** *
   5:Generated_Source\PSoC6\pdl\drivers\peripheral\sysanalog/cy_sysanalog.c **** * Provides the public functions for the API for the SAR driver.
   6:Generated_Source\PSoC6\pdl\drivers\peripheral\sysanalog/cy_sysanalog.c **** *
   7:Generated_Source\PSoC6\pdl\drivers\peripheral\sysanalog/cy_sysanalog.c **** ********************************************************************************
   8:Generated_Source\PSoC6\pdl\drivers\peripheral\sysanalog/cy_sysanalog.c **** * \copyright
   9:Generated_Source\PSoC6\pdl\drivers\peripheral\sysanalog/cy_sysanalog.c **** * Copyright 2017-2018, Cypress Semiconductor Corporation. All rights reserved.
  10:Generated_Source\PSoC6\pdl\drivers\peripheral\sysanalog/cy_sysanalog.c **** * You may use this file only in accordance with the license, terms, conditions,
  11:Generated_Source\PSoC6\pdl\drivers\peripheral\sysanalog/cy_sysanalog.c **** * disclaimers, and limitations in the end user license agreement accompanying
  12:Generated_Source\PSoC6\pdl\drivers\peripheral\sysanalog/cy_sysanalog.c **** * the software package with which this file was provided.
  13:Generated_Source\PSoC6\pdl\drivers\peripheral\sysanalog/cy_sysanalog.c **** *******************************************************************************/
  14:Generated_Source\PSoC6\pdl\drivers\peripheral\sysanalog/cy_sysanalog.c **** #include "cy_sysanalog.h"
  15:Generated_Source\PSoC6\pdl\drivers\peripheral\sysanalog/cy_sysanalog.c **** 
  16:Generated_Source\PSoC6\pdl\drivers\peripheral\sysanalog/cy_sysanalog.c **** #if defined(__cplusplus)
  17:Generated_Source\PSoC6\pdl\drivers\peripheral\sysanalog/cy_sysanalog.c **** extern "C" {
  18:Generated_Source\PSoC6\pdl\drivers\peripheral\sysanalog/cy_sysanalog.c **** #endif
  19:Generated_Source\PSoC6\pdl\drivers\peripheral\sysanalog/cy_sysanalog.c **** 
  20:Generated_Source\PSoC6\pdl\drivers\peripheral\sysanalog/cy_sysanalog.c **** /* Configure the AREF to use the local Vref and local IZTAT. Can be used with \ref Cy_SysAnalog_Ini
  21:Generated_Source\PSoC6\pdl\drivers\peripheral\sysanalog/cy_sysanalog.c **** const cy_stc_sysanalog_config_t Cy_SysAnalog_Fast_Local =
  22:Generated_Source\PSoC6\pdl\drivers\peripheral\sysanalog/cy_sysanalog.c **** {
  23:Generated_Source\PSoC6\pdl\drivers\peripheral\sysanalog/cy_sysanalog.c ****     /*.startup    */ CY_SYSANALOG_STARTUP_FAST,
  24:Generated_Source\PSoC6\pdl\drivers\peripheral\sysanalog/cy_sysanalog.c ****     /*.iztat      */ CY_SYSANALOG_IZTAT_SOURCE_LOCAL,
  25:Generated_Source\PSoC6\pdl\drivers\peripheral\sysanalog/cy_sysanalog.c ****     /*.vref       */ CY_SYSANALOG_VREF_SOURCE_LOCAL_1_2V,
  26:Generated_Source\PSoC6\pdl\drivers\peripheral\sysanalog/cy_sysanalog.c ****     /*.deepSleep  */ CY_SYSANALOG_DEEPSLEEP_DISABLE,
  27:Generated_Source\PSoC6\pdl\drivers\peripheral\sysanalog/cy_sysanalog.c **** };
  28:Generated_Source\PSoC6\pdl\drivers\peripheral\sysanalog/cy_sysanalog.c **** 
  29:Generated_Source\PSoC6\pdl\drivers\peripheral\sysanalog/cy_sysanalog.c **** /* Configure the AREF to use the SRSS Vref and SRSS IZTAT. Can be used with \ref Cy_SysAnalog_Init.
ARM GAS  C:\Users\gjl\AppData\Local\Temp\cc1yLSHm.s 			page 2


  30:Generated_Source\PSoC6\pdl\drivers\peripheral\sysanalog/cy_sysanalog.c **** const cy_stc_sysanalog_config_t Cy_SysAnalog_Fast_SRSS =
  31:Generated_Source\PSoC6\pdl\drivers\peripheral\sysanalog/cy_sysanalog.c **** {
  32:Generated_Source\PSoC6\pdl\drivers\peripheral\sysanalog/cy_sysanalog.c ****     /*.startup    */ CY_SYSANALOG_STARTUP_FAST,
  33:Generated_Source\PSoC6\pdl\drivers\peripheral\sysanalog/cy_sysanalog.c ****     /*.iztat      */ CY_SYSANALOG_IZTAT_SOURCE_SRSS,
  34:Generated_Source\PSoC6\pdl\drivers\peripheral\sysanalog/cy_sysanalog.c ****     /*.vref       */ CY_SYSANALOG_VREF_SOURCE_SRSS,
  35:Generated_Source\PSoC6\pdl\drivers\peripheral\sysanalog/cy_sysanalog.c ****     /*.deepSleep  */ CY_SYSANALOG_DEEPSLEEP_DISABLE,
  36:Generated_Source\PSoC6\pdl\drivers\peripheral\sysanalog/cy_sysanalog.c **** };
  37:Generated_Source\PSoC6\pdl\drivers\peripheral\sysanalog/cy_sysanalog.c **** 
  38:Generated_Source\PSoC6\pdl\drivers\peripheral\sysanalog/cy_sysanalog.c **** /* Configure the AREF to use the external Vref and local IZTAT. Can be used with \ref Cy_SysAnalog_
  39:Generated_Source\PSoC6\pdl\drivers\peripheral\sysanalog/cy_sysanalog.c **** const cy_stc_sysanalog_config_t Cy_SysAnalog_Fast_External =
  40:Generated_Source\PSoC6\pdl\drivers\peripheral\sysanalog/cy_sysanalog.c **** {
  41:Generated_Source\PSoC6\pdl\drivers\peripheral\sysanalog/cy_sysanalog.c ****     /*.startup    */ CY_SYSANALOG_STARTUP_FAST,
  42:Generated_Source\PSoC6\pdl\drivers\peripheral\sysanalog/cy_sysanalog.c ****     /*.iztat      */ CY_SYSANALOG_IZTAT_SOURCE_LOCAL,
  43:Generated_Source\PSoC6\pdl\drivers\peripheral\sysanalog/cy_sysanalog.c ****     /*.vref       */ CY_SYSANALOG_VREF_SOURCE_EXTERNAL,
  44:Generated_Source\PSoC6\pdl\drivers\peripheral\sysanalog/cy_sysanalog.c ****     /*.deepSleep  */ CY_SYSANALOG_DEEPSLEEP_DISABLE,
  45:Generated_Source\PSoC6\pdl\drivers\peripheral\sysanalog/cy_sysanalog.c **** };
  46:Generated_Source\PSoC6\pdl\drivers\peripheral\sysanalog/cy_sysanalog.c **** 
  47:Generated_Source\PSoC6\pdl\drivers\peripheral\sysanalog/cy_sysanalog.c **** /*******************************************************************************
  48:Generated_Source\PSoC6\pdl\drivers\peripheral\sysanalog/cy_sysanalog.c **** * Function Name: Cy_SysAnalog_Init
  49:Generated_Source\PSoC6\pdl\drivers\peripheral\sysanalog/cy_sysanalog.c **** ****************************************************************************//**
  50:Generated_Source\PSoC6\pdl\drivers\peripheral\sysanalog/cy_sysanalog.c **** *
  51:Generated_Source\PSoC6\pdl\drivers\peripheral\sysanalog/cy_sysanalog.c **** * Initialize the AREF block.
  52:Generated_Source\PSoC6\pdl\drivers\peripheral\sysanalog/cy_sysanalog.c **** *
  53:Generated_Source\PSoC6\pdl\drivers\peripheral\sysanalog/cy_sysanalog.c **** * \param config
  54:Generated_Source\PSoC6\pdl\drivers\peripheral\sysanalog/cy_sysanalog.c **** * Pointer to structure containing configuration data. See \ref cy_stc_sysanalog_config_t
  55:Generated_Source\PSoC6\pdl\drivers\peripheral\sysanalog/cy_sysanalog.c **** *
  56:Generated_Source\PSoC6\pdl\drivers\peripheral\sysanalog/cy_sysanalog.c **** * \return
  57:Generated_Source\PSoC6\pdl\drivers\peripheral\sysanalog/cy_sysanalog.c **** * - \ref CY_SYSANALOG_SUCCESS : initialization complete
  58:Generated_Source\PSoC6\pdl\drivers\peripheral\sysanalog/cy_sysanalog.c **** * - \ref CY_SYSANALOG_BAD_PARAM : input pointers are null, initialization incomplete
  59:Generated_Source\PSoC6\pdl\drivers\peripheral\sysanalog/cy_sysanalog.c **** *
  60:Generated_Source\PSoC6\pdl\drivers\peripheral\sysanalog/cy_sysanalog.c **** * \funcusage
  61:Generated_Source\PSoC6\pdl\drivers\peripheral\sysanalog/cy_sysanalog.c **** *
  62:Generated_Source\PSoC6\pdl\drivers\peripheral\sysanalog/cy_sysanalog.c **** * \snippet sysanalog_sut_01.cydsn/main_cm0p.c SYSANA_SNIPPET_INIT
  63:Generated_Source\PSoC6\pdl\drivers\peripheral\sysanalog/cy_sysanalog.c **** *
  64:Generated_Source\PSoC6\pdl\drivers\peripheral\sysanalog/cy_sysanalog.c **** *******************************************************************************/
  65:Generated_Source\PSoC6\pdl\drivers\peripheral\sysanalog/cy_sysanalog.c **** cy_en_sysanalog_status_t Cy_SysAnalog_Init(const cy_stc_sysanalog_config_t *config)
  66:Generated_Source\PSoC6\pdl\drivers\peripheral\sysanalog/cy_sysanalog.c **** {
  29              		.loc 1 66 0
  30              		.cfi_startproc
  31              		@ args = 0, pretend = 0, frame = 0
  32              		@ frame_needed = 0, uses_anonymous_args = 0
  33              	.LVL0:
  34 0000 10B5     		push	{r4, lr}
  35              		.cfi_def_cfa_offset 8
  36              		.cfi_offset 4, -8
  37              		.cfi_offset 14, -4
  67:Generated_Source\PSoC6\pdl\drivers\peripheral\sysanalog/cy_sysanalog.c ****     CY_ASSERT_L1(NULL != config);
  38              		.loc 1 67 0
  39 0002 0446     		mov	r4, r0
  40 0004 18B9     		cbnz	r0, .L2
  41              		.loc 1 67 0 is_stmt 0 discriminator 1
  42 0006 4321     		movs	r1, #67
  43 0008 1F48     		ldr	r0, .L10
  44              	.LVL1:
  45 000a FFF7FEFF 		bl	Cy_SysLib_AssertFailed
  46              	.LVL2:
  47              	.L2:
ARM GAS  C:\Users\gjl\AppData\Local\Temp\cc1yLSHm.s 			page 3


  68:Generated_Source\PSoC6\pdl\drivers\peripheral\sysanalog/cy_sysanalog.c **** 
  69:Generated_Source\PSoC6\pdl\drivers\peripheral\sysanalog/cy_sysanalog.c ****     cy_en_sysanalog_status_t result;
  70:Generated_Source\PSoC6\pdl\drivers\peripheral\sysanalog/cy_sysanalog.c ****     uint32_t ctrlReg = CY_SYSANALOG_DEINIT;
  71:Generated_Source\PSoC6\pdl\drivers\peripheral\sysanalog/cy_sysanalog.c **** 
  72:Generated_Source\PSoC6\pdl\drivers\peripheral\sysanalog/cy_sysanalog.c ****     if (NULL == config)
  48              		.loc 1 72 0 is_stmt 1
  49 000e 002C     		cmp	r4, #0
  50 0010 37D0     		beq	.L8
  73:Generated_Source\PSoC6\pdl\drivers\peripheral\sysanalog/cy_sysanalog.c ****     {
  74:Generated_Source\PSoC6\pdl\drivers\peripheral\sysanalog/cy_sysanalog.c ****         result = CY_SYSANALOG_BAD_PARAM;
  75:Generated_Source\PSoC6\pdl\drivers\peripheral\sysanalog/cy_sysanalog.c ****     }
  76:Generated_Source\PSoC6\pdl\drivers\peripheral\sysanalog/cy_sysanalog.c ****     else
  77:Generated_Source\PSoC6\pdl\drivers\peripheral\sysanalog/cy_sysanalog.c ****     {
  78:Generated_Source\PSoC6\pdl\drivers\peripheral\sysanalog/cy_sysanalog.c ****         CY_ASSERT_L3(CY_SYSANALOG_STARTUP(config->startup));
  51              		.loc 1 78 0
  52 0012 2378     		ldrb	r3, [r4]	@ zero_extendqisi2
  53 0014 012B     		cmp	r3, #1
  54 0016 03D9     		bls	.L4
  55              		.loc 1 78 0 is_stmt 0 discriminator 1
  56 0018 4E21     		movs	r1, #78
  57 001a 1B48     		ldr	r0, .L10
  58 001c FFF7FEFF 		bl	Cy_SysLib_AssertFailed
  59              	.LVL3:
  60              	.L4:
  79:Generated_Source\PSoC6\pdl\drivers\peripheral\sysanalog/cy_sysanalog.c ****         CY_ASSERT_L3(CY_SYSANALOG_DEEPSLEEP(config->deepSleep));
  61              		.loc 1 79 0 is_stmt 1
  62 0020 E368     		ldr	r3, [r4, #12]
  63 0022 63B1     		cbz	r3, .L5
  64              		.loc 1 79 0 is_stmt 0 discriminator 1
  65 0024 B3F1A04F 		cmp	r3, #1342177280
  66 0028 09D0     		beq	.L5
  67              		.loc 1 79 0 discriminator 2
  68 002a B3F1C04F 		cmp	r3, #1610612736
  69 002e 06D0     		beq	.L5
  70              		.loc 1 79 0 discriminator 3
  71 0030 B3F1E04F 		cmp	r3, #1879048192
  72 0034 03D0     		beq	.L5
  73              		.loc 1 79 0 discriminator 4
  74 0036 4F21     		movs	r1, #79
  75 0038 1348     		ldr	r0, .L10
  76 003a FFF7FEFF 		bl	Cy_SysLib_AssertFailed
  77              	.LVL4:
  78              	.L5:
  80:Generated_Source\PSoC6\pdl\drivers\peripheral\sysanalog/cy_sysanalog.c ****         CY_ASSERT_L3(CY_SYSANALOG_VREF(config->vref));
  79              		.loc 1 80 0 is_stmt 1
  80 003e A368     		ldr	r3, [r4, #8]
  81 0040 4BB1     		cbz	r3, .L6
  82              		.loc 1 80 0 is_stmt 0 discriminator 1
  83 0042 B3F5801F 		cmp	r3, #1048576
  84 0046 06D0     		beq	.L6
  85              		.loc 1 80 0 discriminator 2
  86 0048 B3F5001F 		cmp	r3, #2097152
  87 004c 03D0     		beq	.L6
  88              		.loc 1 80 0 discriminator 3
  89 004e 5021     		movs	r1, #80
  90 0050 0D48     		ldr	r0, .L10
  91 0052 FFF7FEFF 		bl	Cy_SysLib_AssertFailed
ARM GAS  C:\Users\gjl\AppData\Local\Temp\cc1yLSHm.s 			page 4


  92              	.LVL5:
  93              	.L6:
  81:Generated_Source\PSoC6\pdl\drivers\peripheral\sysanalog/cy_sysanalog.c ****         CY_ASSERT_L3(CY_SYSANALOG_IZTAT(config->iztat));
  94              		.loc 1 81 0 is_stmt 1
  95 0056 6368     		ldr	r3, [r4, #4]
  96 0058 33B1     		cbz	r3, .L7
  97              		.loc 1 81 0 is_stmt 0 discriminator 1
  98 005a B3F5803F 		cmp	r3, #65536
  99 005e 03D0     		beq	.L7
 100              		.loc 1 81 0 discriminator 2
 101 0060 5121     		movs	r1, #81
 102 0062 0948     		ldr	r0, .L10
 103 0064 FFF7FEFF 		bl	Cy_SysLib_AssertFailed
 104              	.LVL6:
 105              	.L7:
  82:Generated_Source\PSoC6\pdl\drivers\peripheral\sysanalog/cy_sysanalog.c **** 
  83:Generated_Source\PSoC6\pdl\drivers\peripheral\sysanalog/cy_sysanalog.c ****         ctrlReg = (uint32_t) config->startup \
 106              		.loc 1 83 0 is_stmt 1
 107 0068 2278     		ldrb	r2, [r4]	@ zero_extendqisi2
  84:Generated_Source\PSoC6\pdl\drivers\peripheral\sysanalog/cy_sysanalog.c ****                   | CY_SYSANALOG_DEFAULT_BIAS_SCALE \
 108              		.loc 1 84 0
 109 006a 42F00402 		orr	r2, r2, #4
  85:Generated_Source\PSoC6\pdl\drivers\peripheral\sysanalog/cy_sysanalog.c ****                   | (uint32_t) config->iztat \
 110              		.loc 1 85 0
 111 006e 6368     		ldr	r3, [r4, #4]
 112 0070 1A43     		orrs	r2, r2, r3
  86:Generated_Source\PSoC6\pdl\drivers\peripheral\sysanalog/cy_sysanalog.c ****                   | (uint32_t) config->vref \
 113              		.loc 1 86 0
 114 0072 A368     		ldr	r3, [r4, #8]
 115 0074 1A43     		orrs	r2, r2, r3
  87:Generated_Source\PSoC6\pdl\drivers\peripheral\sysanalog/cy_sysanalog.c ****                   | (uint32_t) config->deepSleep;
 116              		.loc 1 87 0
 117 0076 E368     		ldr	r3, [r4, #12]
  83:Generated_Source\PSoC6\pdl\drivers\peripheral\sysanalog/cy_sysanalog.c ****                   | CY_SYSANALOG_DEFAULT_BIAS_SCALE \
 118              		.loc 1 83 0
 119 0078 1343     		orrs	r3, r3, r2
 120              	.LVL7:
  88:Generated_Source\PSoC6\pdl\drivers\peripheral\sysanalog/cy_sysanalog.c **** 
  89:Generated_Source\PSoC6\pdl\drivers\peripheral\sysanalog/cy_sysanalog.c ****         PASS_AREF->AREF_CTRL = ctrlReg;
 121              		.loc 1 89 0
 122 007a 044A     		ldr	r2, .L10+4
 123 007c 1360     		str	r3, [r2]
 124              	.LVL8:
  90:Generated_Source\PSoC6\pdl\drivers\peripheral\sysanalog/cy_sysanalog.c **** 
  91:Generated_Source\PSoC6\pdl\drivers\peripheral\sysanalog/cy_sysanalog.c ****         result = CY_SYSANALOG_SUCCESS;
 125              		.loc 1 91 0
 126 007e 0020     		movs	r0, #0
 127 0080 10BD     		pop	{r4, pc}
 128              	.LVL9:
 129              	.L8:
  74:Generated_Source\PSoC6\pdl\drivers\peripheral\sysanalog/cy_sysanalog.c ****     }
 130              		.loc 1 74 0
 131 0082 0348     		ldr	r0, .L10+8
 132              	.LVL10:
  92:Generated_Source\PSoC6\pdl\drivers\peripheral\sysanalog/cy_sysanalog.c ****     }
  93:Generated_Source\PSoC6\pdl\drivers\peripheral\sysanalog/cy_sysanalog.c **** 
  94:Generated_Source\PSoC6\pdl\drivers\peripheral\sysanalog/cy_sysanalog.c ****     return result;
ARM GAS  C:\Users\gjl\AppData\Local\Temp\cc1yLSHm.s 			page 5


  95:Generated_Source\PSoC6\pdl\drivers\peripheral\sysanalog/cy_sysanalog.c **** }
 133              		.loc 1 95 0
 134 0084 10BD     		pop	{r4, pc}
 135              	.LVL11:
 136              	.L11:
 137 0086 00BF     		.align	2
 138              	.L10:
 139 0088 00000000 		.word	.LC0
 140 008c 000E1F41 		.word	1092554240
 141 0090 01005E00 		.word	6160385
 142              		.cfi_endproc
 143              	.LFE167:
 144              		.size	Cy_SysAnalog_Init, .-Cy_SysAnalog_Init
 145              		.global	Cy_SysAnalog_Fast_External
 146              		.global	Cy_SysAnalog_Fast_SRSS
 147              		.global	Cy_SysAnalog_Fast_Local
 148              		.section	.rodata
 149              		.align	2
 150              		.type	Cy_SysAnalog_Fast_External, %object
 151              		.size	Cy_SysAnalog_Fast_External, 16
 152              	Cy_SysAnalog_Fast_External:
 153 0000 01       		.byte	1
 154 0001 000000   		.space	3
 155 0004 00000100 		.word	65536
 156 0008 00002000 		.word	2097152
 157 000c 00000000 		.word	0
 158              		.type	Cy_SysAnalog_Fast_SRSS, %object
 159              		.size	Cy_SysAnalog_Fast_SRSS, 16
 160              	Cy_SysAnalog_Fast_SRSS:
 161 0010 01       		.byte	1
 162 0011 000000   		.space	3
 163 0014 00000000 		.word	0
 164 0018 00000000 		.word	0
 165 001c 00000000 		.word	0
 166              		.type	Cy_SysAnalog_Fast_Local, %object
 167              		.size	Cy_SysAnalog_Fast_Local, 16
 168              	Cy_SysAnalog_Fast_Local:
 169 0020 01       		.byte	1
 170 0021 000000   		.space	3
 171 0024 00000100 		.word	65536
 172 0028 00001000 		.word	1048576
 173 002c 00000000 		.word	0
 174              		.section	.rodata.str1.4,"aMS",%progbits,1
 175              		.align	2
 176              	.LC0:
 177 0000 47656E65 		.ascii	"Generated_Source\\PSoC6\\pdl\\drivers\\peripheral\\"
 177      72617465 
 177      645F536F 
 177      75726365 
 177      5C50536F 
 178 002e 73797361 		.ascii	"sysanalog\\cy_sysanalog.c\000"
 178      6E616C6F 
 178      675C6379 
 178      5F737973 
 178      616E616C 
 179              		.text
 180              	.Letext0:
ARM GAS  C:\Users\gjl\AppData\Local\Temp\cc1yLSHm.s 			page 6


 181              		.file 2 "c:\\program files (x86)\\cypress\\psoc creator\\4.2\\psoc creator\\import\\gnu\\arm\\5.4.
 182              		.file 3 "c:\\program files (x86)\\cypress\\psoc creator\\4.2\\psoc creator\\import\\gnu\\arm\\5.4.
 183              		.file 4 "Generated_Source\\PSoC6\\pdl\\devices/psoc6/ip/cyip_pass.h"
 184              		.file 5 "Generated_Source\\PSoC6\\pdl\\drivers/peripheral/syslib/cy_syslib.h"
 185              		.file 6 "Generated_Source\\PSoC6\\pdl\\drivers\\peripheral\\sysanalog\\cy_sysanalog.h"
 186              		.file 7 "Generated_Source\\PSoC6\\pdl\\cmsis/include/core_cm4.h"
 187              		.section	.debug_info,"",%progbits
 188              	.Ldebug_info0:
 189 0000 27040000 		.4byte	0x427
 190 0004 0400     		.2byte	0x4
 191 0006 00000000 		.4byte	.Ldebug_abbrev0
 192 000a 04       		.byte	0x4
 193 000b 01       		.uleb128 0x1
 194 000c B0020000 		.4byte	.LASF62
 195 0010 0C       		.byte	0xc
 196 0011 18020000 		.4byte	.LASF63
 197 0015 D0000000 		.4byte	.LASF64
 198 0019 00000000 		.4byte	.Ldebug_ranges0+0
 199 001d 00000000 		.4byte	0
 200 0021 00000000 		.4byte	.Ldebug_line0
 201 0025 02       		.uleb128 0x2
 202 0026 01       		.byte	0x1
 203 0027 06       		.byte	0x6
 204 0028 B8030000 		.4byte	.LASF0
 205 002c 02       		.uleb128 0x2
 206 002d 01       		.byte	0x1
 207 002e 08       		.byte	0x8
 208 002f 93030000 		.4byte	.LASF1
 209 0033 02       		.uleb128 0x2
 210 0034 02       		.byte	0x2
 211 0035 05       		.byte	0x5
 212 0036 96000000 		.4byte	.LASF2
 213 003a 02       		.uleb128 0x2
 214 003b 02       		.byte	0x2
 215 003c 07       		.byte	0x7
 216 003d 2E040000 		.4byte	.LASF3
 217 0041 03       		.uleb128 0x3
 218 0042 E9040000 		.4byte	.LASF5
 219 0046 02       		.byte	0x2
 220 0047 3F       		.byte	0x3f
 221 0048 4C000000 		.4byte	0x4c
 222 004c 02       		.uleb128 0x2
 223 004d 04       		.byte	0x4
 224 004e 05       		.byte	0x5
 225 004f 7C020000 		.4byte	.LASF4
 226 0053 03       		.uleb128 0x3
 227 0054 1D010000 		.4byte	.LASF6
 228 0058 02       		.byte	0x2
 229 0059 41       		.byte	0x41
 230 005a 5E000000 		.4byte	0x5e
 231 005e 02       		.uleb128 0x2
 232 005f 04       		.byte	0x4
 233 0060 07       		.byte	0x7
 234 0061 9C040000 		.4byte	.LASF7
 235 0065 02       		.uleb128 0x2
 236 0066 08       		.byte	0x8
 237 0067 05       		.byte	0x5
ARM GAS  C:\Users\gjl\AppData\Local\Temp\cc1yLSHm.s 			page 7


 238 0068 0A020000 		.4byte	.LASF8
 239 006c 02       		.uleb128 0x2
 240 006d 08       		.byte	0x8
 241 006e 07       		.byte	0x7
 242 006f C4030000 		.4byte	.LASF9
 243 0073 04       		.uleb128 0x4
 244 0074 04       		.byte	0x4
 245 0075 05       		.byte	0x5
 246 0076 696E7400 		.ascii	"int\000"
 247 007a 02       		.uleb128 0x2
 248 007b 04       		.byte	0x4
 249 007c 07       		.byte	0x7
 250 007d 02040000 		.4byte	.LASF10
 251 0081 03       		.uleb128 0x3
 252 0082 60040000 		.4byte	.LASF11
 253 0086 03       		.byte	0x3
 254 0087 2C       		.byte	0x2c
 255 0088 41000000 		.4byte	0x41
 256 008c 03       		.uleb128 0x3
 257 008d DB030000 		.4byte	.LASF12
 258 0091 03       		.byte	0x3
 259 0092 30       		.byte	0x30
 260 0093 53000000 		.4byte	0x53
 261 0097 02       		.uleb128 0x2
 262 0098 08       		.byte	0x8
 263 0099 04       		.byte	0x4
 264 009a 87030000 		.4byte	.LASF13
 265 009e 02       		.uleb128 0x2
 266 009f 04       		.byte	0x4
 267 00a0 07       		.byte	0x7
 268 00a1 A8000000 		.4byte	.LASF14
 269 00a5 05       		.uleb128 0x5
 270 00a6 8C000000 		.4byte	0x8c
 271 00aa 06       		.uleb128 0x6
 272 00ab A5000000 		.4byte	0xa5
 273 00af 07       		.uleb128 0x7
 274 00b0 AA000000 		.4byte	0xaa
 275 00b4 BF000000 		.4byte	0xbf
 276 00b8 08       		.uleb128 0x8
 277 00b9 9E000000 		.4byte	0x9e
 278 00bd 3E       		.byte	0x3e
 279 00be 00       		.byte	0
 280 00bf 09       		.uleb128 0x9
 281 00c0 0001     		.2byte	0x100
 282 00c2 04       		.byte	0x4
 283 00c3 22       		.byte	0x22
 284 00c4 E1000000 		.4byte	0xe1
 285 00c8 0A       		.uleb128 0xa
 286 00c9 58010000 		.4byte	.LASF15
 287 00cd 04       		.byte	0x4
 288 00ce 23       		.byte	0x23
 289 00cf A5000000 		.4byte	0xa5
 290 00d3 00       		.byte	0
 291 00d4 0A       		.uleb128 0xa
 292 00d5 2C050000 		.4byte	.LASF16
 293 00d9 04       		.byte	0x4
 294 00da 24       		.byte	0x24
ARM GAS  C:\Users\gjl\AppData\Local\Temp\cc1yLSHm.s 			page 8


 295 00db E6000000 		.4byte	0xe6
 296 00df 04       		.byte	0x4
 297 00e0 00       		.byte	0
 298 00e1 05       		.uleb128 0x5
 299 00e2 AF000000 		.4byte	0xaf
 300 00e6 06       		.uleb128 0x6
 301 00e7 E1000000 		.4byte	0xe1
 302 00eb 03       		.uleb128 0x3
 303 00ec 5B050000 		.4byte	.LASF17
 304 00f0 04       		.byte	0x4
 305 00f1 25       		.byte	0x25
 306 00f2 BF000000 		.4byte	0xbf
 307 00f6 09       		.uleb128 0x9
 308 00f7 200F     		.2byte	0xf20
 309 00f9 04       		.byte	0x4
 310 00fa 2A       		.byte	0x2a
 311 00fb 8D010000 		.4byte	0x18d
 312 00ff 0A       		.uleb128 0xa
 313 0100 A1030000 		.4byte	.LASF18
 314 0104 04       		.byte	0x4
 315 0105 2B       		.byte	0x2b
 316 0106 AA000000 		.4byte	0xaa
 317 010a 00       		.byte	0
 318 010b 0A       		.uleb128 0xa
 319 010c 2C050000 		.4byte	.LASF16
 320 0110 04       		.byte	0x4
 321 0111 2C       		.byte	0x2c
 322 0112 A3010000 		.4byte	0x1a3
 323 0116 04       		.byte	0x4
 324 0117 0B       		.uleb128 0xb
 325 0118 97040000 		.4byte	.LASF19
 326 011c 04       		.byte	0x4
 327 011d 2D       		.byte	0x2d
 328 011e EB000000 		.4byte	0xeb
 329 0122 000E     		.2byte	0xe00
 330 0124 0B       		.uleb128 0xb
 331 0125 21050000 		.4byte	.LASF20
 332 0129 04       		.byte	0x4
 333 012a 2E       		.byte	0x2e
 334 012b A5000000 		.4byte	0xa5
 335 012f 000F     		.2byte	0xf00
 336 0131 0B       		.uleb128 0xb
 337 0132 A3010000 		.4byte	.LASF21
 338 0136 04       		.byte	0x4
 339 0137 2F       		.byte	0x2f
 340 0138 A5000000 		.4byte	0xa5
 341 013c 040F     		.2byte	0xf04
 342 013e 0B       		.uleb128 0xb
 343 013f AE010000 		.4byte	.LASF22
 344 0143 04       		.byte	0x4
 345 0144 30       		.byte	0x30
 346 0145 A5000000 		.4byte	0xa5
 347 0149 080F     		.2byte	0xf08
 348 014b 0B       		.uleb128 0xb
 349 014c B9010000 		.4byte	.LASF23
 350 0150 04       		.byte	0x4
 351 0151 31       		.byte	0x31
ARM GAS  C:\Users\gjl\AppData\Local\Temp\cc1yLSHm.s 			page 9


 352 0152 A5000000 		.4byte	0xa5
 353 0156 0C0F     		.2byte	0xf0c
 354 0158 0B       		.uleb128 0xb
 355 0159 1E000000 		.4byte	.LASF24
 356 015d 04       		.byte	0x4
 357 015e 32       		.byte	0x32
 358 015f A5000000 		.4byte	0xa5
 359 0163 100F     		.2byte	0xf10
 360 0165 0B       		.uleb128 0xb
 361 0166 2A000000 		.4byte	.LASF25
 362 016a 04       		.byte	0x4
 363 016b 33       		.byte	0x33
 364 016c A5000000 		.4byte	0xa5
 365 0170 140F     		.2byte	0xf14
 366 0172 0B       		.uleb128 0xb
 367 0173 AC030000 		.4byte	.LASF26
 368 0177 04       		.byte	0x4
 369 0178 34       		.byte	0x34
 370 0179 A5000000 		.4byte	0xa5
 371 017d 180F     		.2byte	0xf18
 372 017f 0B       		.uleb128 0xb
 373 0180 C2040000 		.4byte	.LASF27
 374 0184 04       		.byte	0x4
 375 0185 35       		.byte	0x35
 376 0186 A5000000 		.4byte	0xa5
 377 018a 1C0F     		.2byte	0xf1c
 378 018c 00       		.byte	0
 379 018d 07       		.uleb128 0x7
 380 018e AA000000 		.4byte	0xaa
 381 0192 9E010000 		.4byte	0x19e
 382 0196 0C       		.uleb128 0xc
 383 0197 9E000000 		.4byte	0x9e
 384 019b 7E03     		.2byte	0x37e
 385 019d 00       		.byte	0
 386 019e 05       		.uleb128 0x5
 387 019f 8D010000 		.4byte	0x18d
 388 01a3 06       		.uleb128 0x6
 389 01a4 9E010000 		.4byte	0x19e
 390 01a8 03       		.uleb128 0x3
 391 01a9 28010000 		.4byte	.LASF28
 392 01ad 04       		.byte	0x4
 393 01ae 36       		.byte	0x36
 394 01af F6000000 		.4byte	0xf6
 395 01b3 0D       		.uleb128 0xd
 396 01b4 A9020000 		.4byte	.LASF29
 397 01b8 05       		.byte	0x5
 398 01b9 C401     		.2byte	0x1c4
 399 01bb BF010000 		.4byte	0x1bf
 400 01bf 02       		.uleb128 0x2
 401 01c0 01       		.byte	0x1
 402 01c1 08       		.byte	0x8
 403 01c2 41040000 		.4byte	.LASF30
 404 01c6 02       		.uleb128 0x2
 405 01c7 04       		.byte	0x4
 406 01c8 04       		.byte	0x4
 407 01c9 04020000 		.4byte	.LASF31
 408 01cd 02       		.uleb128 0x2
ARM GAS  C:\Users\gjl\AppData\Local\Temp\cc1yLSHm.s 			page 10


 409 01ce 08       		.byte	0x8
 410 01cf 04       		.byte	0x4
 411 01d0 AE040000 		.4byte	.LASF32
 412 01d4 0E       		.uleb128 0xe
 413 01d5 04       		.byte	0x4
 414 01d6 7A000000 		.4byte	0x7a
 415 01da 06       		.byte	0x6
 416 01db CB       		.byte	0xcb
 417 01dc F0010000 		.4byte	0x1f0
 418 01e0 0F       		.uleb128 0xf
 419 01e1 68040000 		.4byte	.LASF33
 420 01e5 00       		.byte	0
 421 01e6 10       		.uleb128 0x10
 422 01e7 82010000 		.4byte	.LASF34
 423 01eb 01005E00 		.4byte	0x5e0001
 424 01ef 00       		.byte	0
 425 01f0 03       		.uleb128 0x3
 426 01f1 3D050000 		.4byte	.LASF35
 427 01f5 06       		.byte	0x6
 428 01f6 CE       		.byte	0xce
 429 01f7 D4010000 		.4byte	0x1d4
 430 01fb 0E       		.uleb128 0xe
 431 01fc 01       		.byte	0x1
 432 01fd 2C000000 		.4byte	0x2c
 433 0201 06       		.byte	0x6
 434 0202 D8       		.byte	0xd8
 435 0203 14020000 		.4byte	0x214
 436 0207 0F       		.uleb128 0xf
 437 0208 05050000 		.4byte	.LASF36
 438 020c 00       		.byte	0
 439 020d 0F       		.uleb128 0xf
 440 020e 7D040000 		.4byte	.LASF37
 441 0212 01       		.byte	0x1
 442 0213 00       		.byte	0
 443 0214 03       		.uleb128 0x3
 444 0215 81050000 		.4byte	.LASF38
 445 0219 06       		.byte	0x6
 446 021a DB       		.byte	0xdb
 447 021b FB010000 		.4byte	0x1fb
 448 021f 0E       		.uleb128 0xe
 449 0220 04       		.byte	0x4
 450 0221 7A000000 		.4byte	0x7a
 451 0225 06       		.byte	0x6
 452 0226 E5       		.byte	0xe5
 453 0227 44020000 		.4byte	0x244
 454 022b 0F       		.uleb128 0xf
 455 022c 69030000 		.4byte	.LASF39
 456 0230 00       		.byte	0
 457 0231 10       		.uleb128 0x10
 458 0232 85020000 		.4byte	.LASF40
 459 0236 00001000 		.4byte	0x100000
 460 023a 10       		.uleb128 0x10
 461 023b 74000000 		.4byte	.LASF41
 462 023f 00002000 		.4byte	0x200000
 463 0243 00       		.byte	0
 464 0244 03       		.uleb128 0x3
 465 0245 E4030000 		.4byte	.LASF42
ARM GAS  C:\Users\gjl\AppData\Local\Temp\cc1yLSHm.s 			page 11


 466 0249 06       		.byte	0x6
 467 024a E9       		.byte	0xe9
 468 024b 1F020000 		.4byte	0x21f
 469 024f 0E       		.uleb128 0xe
 470 0250 04       		.byte	0x4
 471 0251 7A000000 		.4byte	0x7a
 472 0255 06       		.byte	0x6
 473 0256 F4       		.byte	0xf4
 474 0257 6B020000 		.4byte	0x26b
 475 025b 0F       		.uleb128 0xf
 476 025c 0F040000 		.4byte	.LASF43
 477 0260 00       		.byte	0
 478 0261 10       		.uleb128 0x10
 479 0262 62010000 		.4byte	.LASF44
 480 0266 00000100 		.4byte	0x10000
 481 026a 00       		.byte	0
 482 026b 03       		.uleb128 0x3
 483 026c 39010000 		.4byte	.LASF45
 484 0270 06       		.byte	0x6
 485 0271 F7       		.byte	0xf7
 486 0272 4F020000 		.4byte	0x24f
 487 0276 11       		.uleb128 0x11
 488 0277 04       		.byte	0x4
 489 0278 7A000000 		.4byte	0x7a
 490 027c 06       		.byte	0x6
 491 027d 0301     		.2byte	0x103
 492 027f A5020000 		.4byte	0x2a5
 493 0283 0F       		.uleb128 0xf
 494 0284 B1000000 		.4byte	.LASF46
 495 0288 00       		.byte	0
 496 0289 10       		.uleb128 0x10
 497 028a 36000000 		.4byte	.LASF47
 498 028e 00000050 		.4byte	0x50000000
 499 0292 10       		.uleb128 0x10
 500 0293 55000000 		.4byte	.LASF48
 501 0297 00000060 		.4byte	0x60000000
 502 029b 10       		.uleb128 0x10
 503 029c DC010000 		.4byte	.LASF49
 504 02a0 00000070 		.4byte	0x70000000
 505 02a4 00       		.byte	0
 506 02a5 0D       		.uleb128 0xd
 507 02a6 5F020000 		.4byte	.LASF50
 508 02aa 06       		.byte	0x6
 509 02ab 0C01     		.2byte	0x10c
 510 02ad 76020000 		.4byte	0x276
 511 02b1 12       		.uleb128 0x12
 512 02b2 10       		.byte	0x10
 513 02b3 06       		.byte	0x6
 514 02b4 3001     		.2byte	0x130
 515 02b6 EF020000 		.4byte	0x2ef
 516 02ba 13       		.uleb128 0x13
 517 02bb 35050000 		.4byte	.LASF51
 518 02bf 06       		.byte	0x6
 519 02c0 3201     		.2byte	0x132
 520 02c2 14020000 		.4byte	0x214
 521 02c6 00       		.byte	0
 522 02c7 13       		.uleb128 0x13
ARM GAS  C:\Users\gjl\AppData\Local\Temp\cc1yLSHm.s 			page 12


 523 02c8 63030000 		.4byte	.LASF52
 524 02cc 06       		.byte	0x6
 525 02cd 3301     		.2byte	0x133
 526 02cf 6B020000 		.4byte	0x26b
 527 02d3 04       		.byte	0x4
 528 02d4 13       		.uleb128 0x13
 529 02d5 56050000 		.4byte	.LASF53
 530 02d9 06       		.byte	0x6
 531 02da 3401     		.2byte	0x134
 532 02dc 44020000 		.4byte	0x244
 533 02e0 08       		.byte	0x8
 534 02e1 13       		.uleb128 0x13
 535 02e2 99010000 		.4byte	.LASF54
 536 02e6 06       		.byte	0x6
 537 02e7 3501     		.2byte	0x135
 538 02e9 A5020000 		.4byte	0x2a5
 539 02ed 0C       		.byte	0xc
 540 02ee 00       		.byte	0
 541 02ef 0D       		.uleb128 0xd
 542 02f0 46040000 		.4byte	.LASF55
 543 02f4 06       		.byte	0x6
 544 02f5 3601     		.2byte	0x136
 545 02f7 B1020000 		.4byte	0x2b1
 546 02fb 14       		.uleb128 0x14
 547 02fc F3040000 		.4byte	.LASF65
 548 0300 01       		.byte	0x1
 549 0301 41       		.byte	0x41
 550 0302 F0010000 		.4byte	0x1f0
 551 0306 00000000 		.4byte	.LFB167
 552 030a 94000000 		.4byte	.LFE167-.LFB167
 553 030e 01       		.uleb128 0x1
 554 030f 9C       		.byte	0x9c
 555 0310 CF030000 		.4byte	0x3cf
 556 0314 15       		.uleb128 0x15
 557 0315 32010000 		.4byte	.LASF66
 558 0319 01       		.byte	0x1
 559 031a 41       		.byte	0x41
 560 031b CF030000 		.4byte	0x3cf
 561 031f 00000000 		.4byte	.LLST0
 562 0323 16       		.uleb128 0x16
 563 0324 17000000 		.4byte	.LASF56
 564 0328 01       		.byte	0x1
 565 0329 45       		.byte	0x45
 566 032a F0010000 		.4byte	0x1f0
 567 032e 2C000000 		.4byte	.LLST1
 568 0332 16       		.uleb128 0x16
 569 0333 A0000000 		.4byte	.LASF57
 570 0337 01       		.byte	0x1
 571 0338 46       		.byte	0x46
 572 0339 8C000000 		.4byte	0x8c
 573 033d 4B000000 		.4byte	.LLST2
 574 0341 17       		.uleb128 0x17
 575 0342 0E000000 		.4byte	.LVL2
 576 0346 1E040000 		.4byte	0x41e
 577 034a 5E030000 		.4byte	0x35e
 578 034e 18       		.uleb128 0x18
 579 034f 01       		.uleb128 0x1
ARM GAS  C:\Users\gjl\AppData\Local\Temp\cc1yLSHm.s 			page 13


 580 0350 50       		.byte	0x50
 581 0351 05       		.uleb128 0x5
 582 0352 03       		.byte	0x3
 583 0353 00000000 		.4byte	.LC0
 584 0357 18       		.uleb128 0x18
 585 0358 01       		.uleb128 0x1
 586 0359 51       		.byte	0x51
 587 035a 02       		.uleb128 0x2
 588 035b 08       		.byte	0x8
 589 035c 43       		.byte	0x43
 590 035d 00       		.byte	0
 591 035e 17       		.uleb128 0x17
 592 035f 20000000 		.4byte	.LVL3
 593 0363 1E040000 		.4byte	0x41e
 594 0367 7B030000 		.4byte	0x37b
 595 036b 18       		.uleb128 0x18
 596 036c 01       		.uleb128 0x1
 597 036d 50       		.byte	0x50
 598 036e 05       		.uleb128 0x5
 599 036f 03       		.byte	0x3
 600 0370 00000000 		.4byte	.LC0
 601 0374 18       		.uleb128 0x18
 602 0375 01       		.uleb128 0x1
 603 0376 51       		.byte	0x51
 604 0377 02       		.uleb128 0x2
 605 0378 08       		.byte	0x8
 606 0379 4E       		.byte	0x4e
 607 037a 00       		.byte	0
 608 037b 17       		.uleb128 0x17
 609 037c 3E000000 		.4byte	.LVL4
 610 0380 1E040000 		.4byte	0x41e
 611 0384 98030000 		.4byte	0x398
 612 0388 18       		.uleb128 0x18
 613 0389 01       		.uleb128 0x1
 614 038a 50       		.byte	0x50
 615 038b 05       		.uleb128 0x5
 616 038c 03       		.byte	0x3
 617 038d 00000000 		.4byte	.LC0
 618 0391 18       		.uleb128 0x18
 619 0392 01       		.uleb128 0x1
 620 0393 51       		.byte	0x51
 621 0394 02       		.uleb128 0x2
 622 0395 08       		.byte	0x8
 623 0396 4F       		.byte	0x4f
 624 0397 00       		.byte	0
 625 0398 17       		.uleb128 0x17
 626 0399 56000000 		.4byte	.LVL5
 627 039d 1E040000 		.4byte	0x41e
 628 03a1 B5030000 		.4byte	0x3b5
 629 03a5 18       		.uleb128 0x18
 630 03a6 01       		.uleb128 0x1
 631 03a7 50       		.byte	0x50
 632 03a8 05       		.uleb128 0x5
 633 03a9 03       		.byte	0x3
 634 03aa 00000000 		.4byte	.LC0
 635 03ae 18       		.uleb128 0x18
 636 03af 01       		.uleb128 0x1
ARM GAS  C:\Users\gjl\AppData\Local\Temp\cc1yLSHm.s 			page 14


 637 03b0 51       		.byte	0x51
 638 03b1 02       		.uleb128 0x2
 639 03b2 08       		.byte	0x8
 640 03b3 50       		.byte	0x50
 641 03b4 00       		.byte	0
 642 03b5 19       		.uleb128 0x19
 643 03b6 68000000 		.4byte	.LVL6
 644 03ba 1E040000 		.4byte	0x41e
 645 03be 18       		.uleb128 0x18
 646 03bf 01       		.uleb128 0x1
 647 03c0 50       		.byte	0x50
 648 03c1 05       		.uleb128 0x5
 649 03c2 03       		.byte	0x3
 650 03c3 00000000 		.4byte	.LC0
 651 03c7 18       		.uleb128 0x18
 652 03c8 01       		.uleb128 0x1
 653 03c9 51       		.byte	0x51
 654 03ca 02       		.uleb128 0x2
 655 03cb 08       		.byte	0x8
 656 03cc 51       		.byte	0x51
 657 03cd 00       		.byte	0
 658 03ce 00       		.byte	0
 659 03cf 1A       		.uleb128 0x1a
 660 03d0 04       		.byte	0x4
 661 03d1 D5030000 		.4byte	0x3d5
 662 03d5 06       		.uleb128 0x6
 663 03d6 EF020000 		.4byte	0x2ef
 664 03da 1B       		.uleb128 0x1b
 665 03db B5040000 		.4byte	.LASF58
 666 03df 07       		.byte	0x7
 667 03e0 EA07     		.2byte	0x7ea
 668 03e2 E6030000 		.4byte	0x3e6
 669 03e6 05       		.uleb128 0x5
 670 03e7 81000000 		.4byte	0x81
 671 03eb 1C       		.uleb128 0x1c
 672 03ec C4010000 		.4byte	.LASF59
 673 03f0 01       		.byte	0x1
 674 03f1 15       		.byte	0x15
 675 03f2 D5030000 		.4byte	0x3d5
 676 03f6 05       		.uleb128 0x5
 677 03f7 03       		.byte	0x3
 678 03f8 00000000 		.4byte	Cy_SysAnalog_Fast_Local
 679 03fc 1C       		.uleb128 0x1c
 680 03fd 00000000 		.4byte	.LASF60
 681 0401 01       		.byte	0x1
 682 0402 1E       		.byte	0x1e
 683 0403 D5030000 		.4byte	0x3d5
 684 0407 05       		.uleb128 0x5
 685 0408 03       		.byte	0x3
 686 0409 00000000 		.4byte	Cy_SysAnalog_Fast_SRSS
 687 040d 1C       		.uleb128 0x1c
 688 040e CE040000 		.4byte	.LASF61
 689 0412 01       		.byte	0x1
 690 0413 27       		.byte	0x27
 691 0414 D5030000 		.4byte	0x3d5
 692 0418 05       		.uleb128 0x5
 693 0419 03       		.byte	0x3
ARM GAS  C:\Users\gjl\AppData\Local\Temp\cc1yLSHm.s 			page 15


 694 041a 00000000 		.4byte	Cy_SysAnalog_Fast_External
 695 041e 1D       		.uleb128 0x1d
 696 041f 6A050000 		.4byte	.LASF67
 697 0423 6A050000 		.4byte	.LASF67
 698 0427 05       		.byte	0x5
 699 0428 2A03     		.2byte	0x32a
 700 042a 00       		.byte	0
 701              		.section	.debug_abbrev,"",%progbits
 702              	.Ldebug_abbrev0:
 703 0000 01       		.uleb128 0x1
 704 0001 11       		.uleb128 0x11
 705 0002 01       		.byte	0x1
 706 0003 25       		.uleb128 0x25
 707 0004 0E       		.uleb128 0xe
 708 0005 13       		.uleb128 0x13
 709 0006 0B       		.uleb128 0xb
 710 0007 03       		.uleb128 0x3
 711 0008 0E       		.uleb128 0xe
 712 0009 1B       		.uleb128 0x1b
 713 000a 0E       		.uleb128 0xe
 714 000b 55       		.uleb128 0x55
 715 000c 17       		.uleb128 0x17
 716 000d 11       		.uleb128 0x11
 717 000e 01       		.uleb128 0x1
 718 000f 10       		.uleb128 0x10
 719 0010 17       		.uleb128 0x17
 720 0011 00       		.byte	0
 721 0012 00       		.byte	0
 722 0013 02       		.uleb128 0x2
 723 0014 24       		.uleb128 0x24
 724 0015 00       		.byte	0
 725 0016 0B       		.uleb128 0xb
 726 0017 0B       		.uleb128 0xb
 727 0018 3E       		.uleb128 0x3e
 728 0019 0B       		.uleb128 0xb
 729 001a 03       		.uleb128 0x3
 730 001b 0E       		.uleb128 0xe
 731 001c 00       		.byte	0
 732 001d 00       		.byte	0
 733 001e 03       		.uleb128 0x3
 734 001f 16       		.uleb128 0x16
 735 0020 00       		.byte	0
 736 0021 03       		.uleb128 0x3
 737 0022 0E       		.uleb128 0xe
 738 0023 3A       		.uleb128 0x3a
 739 0024 0B       		.uleb128 0xb
 740 0025 3B       		.uleb128 0x3b
 741 0026 0B       		.uleb128 0xb
 742 0027 49       		.uleb128 0x49
 743 0028 13       		.uleb128 0x13
 744 0029 00       		.byte	0
 745 002a 00       		.byte	0
 746 002b 04       		.uleb128 0x4
 747 002c 24       		.uleb128 0x24
 748 002d 00       		.byte	0
 749 002e 0B       		.uleb128 0xb
 750 002f 0B       		.uleb128 0xb
ARM GAS  C:\Users\gjl\AppData\Local\Temp\cc1yLSHm.s 			page 16


 751 0030 3E       		.uleb128 0x3e
 752 0031 0B       		.uleb128 0xb
 753 0032 03       		.uleb128 0x3
 754 0033 08       		.uleb128 0x8
 755 0034 00       		.byte	0
 756 0035 00       		.byte	0
 757 0036 05       		.uleb128 0x5
 758 0037 35       		.uleb128 0x35
 759 0038 00       		.byte	0
 760 0039 49       		.uleb128 0x49
 761 003a 13       		.uleb128 0x13
 762 003b 00       		.byte	0
 763 003c 00       		.byte	0
 764 003d 06       		.uleb128 0x6
 765 003e 26       		.uleb128 0x26
 766 003f 00       		.byte	0
 767 0040 49       		.uleb128 0x49
 768 0041 13       		.uleb128 0x13
 769 0042 00       		.byte	0
 770 0043 00       		.byte	0
 771 0044 07       		.uleb128 0x7
 772 0045 01       		.uleb128 0x1
 773 0046 01       		.byte	0x1
 774 0047 49       		.uleb128 0x49
 775 0048 13       		.uleb128 0x13
 776 0049 01       		.uleb128 0x1
 777 004a 13       		.uleb128 0x13
 778 004b 00       		.byte	0
 779 004c 00       		.byte	0
 780 004d 08       		.uleb128 0x8
 781 004e 21       		.uleb128 0x21
 782 004f 00       		.byte	0
 783 0050 49       		.uleb128 0x49
 784 0051 13       		.uleb128 0x13
 785 0052 2F       		.uleb128 0x2f
 786 0053 0B       		.uleb128 0xb
 787 0054 00       		.byte	0
 788 0055 00       		.byte	0
 789 0056 09       		.uleb128 0x9
 790 0057 13       		.uleb128 0x13
 791 0058 01       		.byte	0x1
 792 0059 0B       		.uleb128 0xb
 793 005a 05       		.uleb128 0x5
 794 005b 3A       		.uleb128 0x3a
 795 005c 0B       		.uleb128 0xb
 796 005d 3B       		.uleb128 0x3b
 797 005e 0B       		.uleb128 0xb
 798 005f 01       		.uleb128 0x1
 799 0060 13       		.uleb128 0x13
 800 0061 00       		.byte	0
 801 0062 00       		.byte	0
 802 0063 0A       		.uleb128 0xa
 803 0064 0D       		.uleb128 0xd
 804 0065 00       		.byte	0
 805 0066 03       		.uleb128 0x3
 806 0067 0E       		.uleb128 0xe
 807 0068 3A       		.uleb128 0x3a
ARM GAS  C:\Users\gjl\AppData\Local\Temp\cc1yLSHm.s 			page 17


 808 0069 0B       		.uleb128 0xb
 809 006a 3B       		.uleb128 0x3b
 810 006b 0B       		.uleb128 0xb
 811 006c 49       		.uleb128 0x49
 812 006d 13       		.uleb128 0x13
 813 006e 38       		.uleb128 0x38
 814 006f 0B       		.uleb128 0xb
 815 0070 00       		.byte	0
 816 0071 00       		.byte	0
 817 0072 0B       		.uleb128 0xb
 818 0073 0D       		.uleb128 0xd
 819 0074 00       		.byte	0
 820 0075 03       		.uleb128 0x3
 821 0076 0E       		.uleb128 0xe
 822 0077 3A       		.uleb128 0x3a
 823 0078 0B       		.uleb128 0xb
 824 0079 3B       		.uleb128 0x3b
 825 007a 0B       		.uleb128 0xb
 826 007b 49       		.uleb128 0x49
 827 007c 13       		.uleb128 0x13
 828 007d 38       		.uleb128 0x38
 829 007e 05       		.uleb128 0x5
 830 007f 00       		.byte	0
 831 0080 00       		.byte	0
 832 0081 0C       		.uleb128 0xc
 833 0082 21       		.uleb128 0x21
 834 0083 00       		.byte	0
 835 0084 49       		.uleb128 0x49
 836 0085 13       		.uleb128 0x13
 837 0086 2F       		.uleb128 0x2f
 838 0087 05       		.uleb128 0x5
 839 0088 00       		.byte	0
 840 0089 00       		.byte	0
 841 008a 0D       		.uleb128 0xd
 842 008b 16       		.uleb128 0x16
 843 008c 00       		.byte	0
 844 008d 03       		.uleb128 0x3
 845 008e 0E       		.uleb128 0xe
 846 008f 3A       		.uleb128 0x3a
 847 0090 0B       		.uleb128 0xb
 848 0091 3B       		.uleb128 0x3b
 849 0092 05       		.uleb128 0x5
 850 0093 49       		.uleb128 0x49
 851 0094 13       		.uleb128 0x13
 852 0095 00       		.byte	0
 853 0096 00       		.byte	0
 854 0097 0E       		.uleb128 0xe
 855 0098 04       		.uleb128 0x4
 856 0099 01       		.byte	0x1
 857 009a 0B       		.uleb128 0xb
 858 009b 0B       		.uleb128 0xb
 859 009c 49       		.uleb128 0x49
 860 009d 13       		.uleb128 0x13
 861 009e 3A       		.uleb128 0x3a
 862 009f 0B       		.uleb128 0xb
 863 00a0 3B       		.uleb128 0x3b
 864 00a1 0B       		.uleb128 0xb
ARM GAS  C:\Users\gjl\AppData\Local\Temp\cc1yLSHm.s 			page 18


 865 00a2 01       		.uleb128 0x1
 866 00a3 13       		.uleb128 0x13
 867 00a4 00       		.byte	0
 868 00a5 00       		.byte	0
 869 00a6 0F       		.uleb128 0xf
 870 00a7 28       		.uleb128 0x28
 871 00a8 00       		.byte	0
 872 00a9 03       		.uleb128 0x3
 873 00aa 0E       		.uleb128 0xe
 874 00ab 1C       		.uleb128 0x1c
 875 00ac 0B       		.uleb128 0xb
 876 00ad 00       		.byte	0
 877 00ae 00       		.byte	0
 878 00af 10       		.uleb128 0x10
 879 00b0 28       		.uleb128 0x28
 880 00b1 00       		.byte	0
 881 00b2 03       		.uleb128 0x3
 882 00b3 0E       		.uleb128 0xe
 883 00b4 1C       		.uleb128 0x1c
 884 00b5 06       		.uleb128 0x6
 885 00b6 00       		.byte	0
 886 00b7 00       		.byte	0
 887 00b8 11       		.uleb128 0x11
 888 00b9 04       		.uleb128 0x4
 889 00ba 01       		.byte	0x1
 890 00bb 0B       		.uleb128 0xb
 891 00bc 0B       		.uleb128 0xb
 892 00bd 49       		.uleb128 0x49
 893 00be 13       		.uleb128 0x13
 894 00bf 3A       		.uleb128 0x3a
 895 00c0 0B       		.uleb128 0xb
 896 00c1 3B       		.uleb128 0x3b
 897 00c2 05       		.uleb128 0x5
 898 00c3 01       		.uleb128 0x1
 899 00c4 13       		.uleb128 0x13
 900 00c5 00       		.byte	0
 901 00c6 00       		.byte	0
 902 00c7 12       		.uleb128 0x12
 903 00c8 13       		.uleb128 0x13
 904 00c9 01       		.byte	0x1
 905 00ca 0B       		.uleb128 0xb
 906 00cb 0B       		.uleb128 0xb
 907 00cc 3A       		.uleb128 0x3a
 908 00cd 0B       		.uleb128 0xb
 909 00ce 3B       		.uleb128 0x3b
 910 00cf 05       		.uleb128 0x5
 911 00d0 01       		.uleb128 0x1
 912 00d1 13       		.uleb128 0x13
 913 00d2 00       		.byte	0
 914 00d3 00       		.byte	0
 915 00d4 13       		.uleb128 0x13
 916 00d5 0D       		.uleb128 0xd
 917 00d6 00       		.byte	0
 918 00d7 03       		.uleb128 0x3
 919 00d8 0E       		.uleb128 0xe
 920 00d9 3A       		.uleb128 0x3a
 921 00da 0B       		.uleb128 0xb
ARM GAS  C:\Users\gjl\AppData\Local\Temp\cc1yLSHm.s 			page 19


 922 00db 3B       		.uleb128 0x3b
 923 00dc 05       		.uleb128 0x5
 924 00dd 49       		.uleb128 0x49
 925 00de 13       		.uleb128 0x13
 926 00df 38       		.uleb128 0x38
 927 00e0 0B       		.uleb128 0xb
 928 00e1 00       		.byte	0
 929 00e2 00       		.byte	0
 930 00e3 14       		.uleb128 0x14
 931 00e4 2E       		.uleb128 0x2e
 932 00e5 01       		.byte	0x1
 933 00e6 3F       		.uleb128 0x3f
 934 00e7 19       		.uleb128 0x19
 935 00e8 03       		.uleb128 0x3
 936 00e9 0E       		.uleb128 0xe
 937 00ea 3A       		.uleb128 0x3a
 938 00eb 0B       		.uleb128 0xb
 939 00ec 3B       		.uleb128 0x3b
 940 00ed 0B       		.uleb128 0xb
 941 00ee 27       		.uleb128 0x27
 942 00ef 19       		.uleb128 0x19
 943 00f0 49       		.uleb128 0x49
 944 00f1 13       		.uleb128 0x13
 945 00f2 11       		.uleb128 0x11
 946 00f3 01       		.uleb128 0x1
 947 00f4 12       		.uleb128 0x12
 948 00f5 06       		.uleb128 0x6
 949 00f6 40       		.uleb128 0x40
 950 00f7 18       		.uleb128 0x18
 951 00f8 9742     		.uleb128 0x2117
 952 00fa 19       		.uleb128 0x19
 953 00fb 01       		.uleb128 0x1
 954 00fc 13       		.uleb128 0x13
 955 00fd 00       		.byte	0
 956 00fe 00       		.byte	0
 957 00ff 15       		.uleb128 0x15
 958 0100 05       		.uleb128 0x5
 959 0101 00       		.byte	0
 960 0102 03       		.uleb128 0x3
 961 0103 0E       		.uleb128 0xe
 962 0104 3A       		.uleb128 0x3a
 963 0105 0B       		.uleb128 0xb
 964 0106 3B       		.uleb128 0x3b
 965 0107 0B       		.uleb128 0xb
 966 0108 49       		.uleb128 0x49
 967 0109 13       		.uleb128 0x13
 968 010a 02       		.uleb128 0x2
 969 010b 17       		.uleb128 0x17
 970 010c 00       		.byte	0
 971 010d 00       		.byte	0
 972 010e 16       		.uleb128 0x16
 973 010f 34       		.uleb128 0x34
 974 0110 00       		.byte	0
 975 0111 03       		.uleb128 0x3
 976 0112 0E       		.uleb128 0xe
 977 0113 3A       		.uleb128 0x3a
 978 0114 0B       		.uleb128 0xb
ARM GAS  C:\Users\gjl\AppData\Local\Temp\cc1yLSHm.s 			page 20


 979 0115 3B       		.uleb128 0x3b
 980 0116 0B       		.uleb128 0xb
 981 0117 49       		.uleb128 0x49
 982 0118 13       		.uleb128 0x13
 983 0119 02       		.uleb128 0x2
 984 011a 17       		.uleb128 0x17
 985 011b 00       		.byte	0
 986 011c 00       		.byte	0
 987 011d 17       		.uleb128 0x17
 988 011e 898201   		.uleb128 0x4109
 989 0121 01       		.byte	0x1
 990 0122 11       		.uleb128 0x11
 991 0123 01       		.uleb128 0x1
 992 0124 31       		.uleb128 0x31
 993 0125 13       		.uleb128 0x13
 994 0126 01       		.uleb128 0x1
 995 0127 13       		.uleb128 0x13
 996 0128 00       		.byte	0
 997 0129 00       		.byte	0
 998 012a 18       		.uleb128 0x18
 999 012b 8A8201   		.uleb128 0x410a
 1000 012e 00       		.byte	0
 1001 012f 02       		.uleb128 0x2
 1002 0130 18       		.uleb128 0x18
 1003 0131 9142     		.uleb128 0x2111
 1004 0133 18       		.uleb128 0x18
 1005 0134 00       		.byte	0
 1006 0135 00       		.byte	0
 1007 0136 19       		.uleb128 0x19
 1008 0137 898201   		.uleb128 0x4109
 1009 013a 01       		.byte	0x1
 1010 013b 11       		.uleb128 0x11
 1011 013c 01       		.uleb128 0x1
 1012 013d 31       		.uleb128 0x31
 1013 013e 13       		.uleb128 0x13
 1014 013f 00       		.byte	0
 1015 0140 00       		.byte	0
 1016 0141 1A       		.uleb128 0x1a
 1017 0142 0F       		.uleb128 0xf
 1018 0143 00       		.byte	0
 1019 0144 0B       		.uleb128 0xb
 1020 0145 0B       		.uleb128 0xb
 1021 0146 49       		.uleb128 0x49
 1022 0147 13       		.uleb128 0x13
 1023 0148 00       		.byte	0
 1024 0149 00       		.byte	0
 1025 014a 1B       		.uleb128 0x1b
 1026 014b 34       		.uleb128 0x34
 1027 014c 00       		.byte	0
 1028 014d 03       		.uleb128 0x3
 1029 014e 0E       		.uleb128 0xe
 1030 014f 3A       		.uleb128 0x3a
 1031 0150 0B       		.uleb128 0xb
 1032 0151 3B       		.uleb128 0x3b
 1033 0152 05       		.uleb128 0x5
 1034 0153 49       		.uleb128 0x49
 1035 0154 13       		.uleb128 0x13
ARM GAS  C:\Users\gjl\AppData\Local\Temp\cc1yLSHm.s 			page 21


 1036 0155 3F       		.uleb128 0x3f
 1037 0156 19       		.uleb128 0x19
 1038 0157 3C       		.uleb128 0x3c
 1039 0158 19       		.uleb128 0x19
 1040 0159 00       		.byte	0
 1041 015a 00       		.byte	0
 1042 015b 1C       		.uleb128 0x1c
 1043 015c 34       		.uleb128 0x34
 1044 015d 00       		.byte	0
 1045 015e 03       		.uleb128 0x3
 1046 015f 0E       		.uleb128 0xe
 1047 0160 3A       		.uleb128 0x3a
 1048 0161 0B       		.uleb128 0xb
 1049 0162 3B       		.uleb128 0x3b
 1050 0163 0B       		.uleb128 0xb
 1051 0164 49       		.uleb128 0x49
 1052 0165 13       		.uleb128 0x13
 1053 0166 3F       		.uleb128 0x3f
 1054 0167 19       		.uleb128 0x19
 1055 0168 02       		.uleb128 0x2
 1056 0169 18       		.uleb128 0x18
 1057 016a 00       		.byte	0
 1058 016b 00       		.byte	0
 1059 016c 1D       		.uleb128 0x1d
 1060 016d 2E       		.uleb128 0x2e
 1061 016e 00       		.byte	0
 1062 016f 3F       		.uleb128 0x3f
 1063 0170 19       		.uleb128 0x19
 1064 0171 3C       		.uleb128 0x3c
 1065 0172 19       		.uleb128 0x19
 1066 0173 6E       		.uleb128 0x6e
 1067 0174 0E       		.uleb128 0xe
 1068 0175 03       		.uleb128 0x3
 1069 0176 0E       		.uleb128 0xe
 1070 0177 3A       		.uleb128 0x3a
 1071 0178 0B       		.uleb128 0xb
 1072 0179 3B       		.uleb128 0x3b
 1073 017a 05       		.uleb128 0x5
 1074 017b 00       		.byte	0
 1075 017c 00       		.byte	0
 1076 017d 00       		.byte	0
 1077              		.section	.debug_loc,"",%progbits
 1078              	.Ldebug_loc0:
 1079              	.LLST0:
 1080 0000 00000000 		.4byte	.LVL0
 1081 0004 0A000000 		.4byte	.LVL1
 1082 0008 0100     		.2byte	0x1
 1083 000a 50       		.byte	0x50
 1084 000b 0A000000 		.4byte	.LVL1
 1085 000f 86000000 		.4byte	.LVL11
 1086 0013 0100     		.2byte	0x1
 1087 0015 54       		.byte	0x54
 1088 0016 86000000 		.4byte	.LVL11
 1089 001a 94000000 		.4byte	.LFE167
 1090 001e 0400     		.2byte	0x4
 1091 0020 F3       		.byte	0xf3
 1092 0021 01       		.uleb128 0x1
ARM GAS  C:\Users\gjl\AppData\Local\Temp\cc1yLSHm.s 			page 22


 1093 0022 50       		.byte	0x50
 1094 0023 9F       		.byte	0x9f
 1095 0024 00000000 		.4byte	0
 1096 0028 00000000 		.4byte	0
 1097              	.LLST1:
 1098 002c 7E000000 		.4byte	.LVL8
 1099 0030 82000000 		.4byte	.LVL9
 1100 0034 0200     		.2byte	0x2
 1101 0036 30       		.byte	0x30
 1102 0037 9F       		.byte	0x9f
 1103 0038 84000000 		.4byte	.LVL10
 1104 003c 94000000 		.4byte	.LFE167
 1105 0040 0100     		.2byte	0x1
 1106 0042 50       		.byte	0x50
 1107 0043 00000000 		.4byte	0
 1108 0047 00000000 		.4byte	0
 1109              	.LLST2:
 1110 004b 0E000000 		.4byte	.LVL2
 1111 004f 7A000000 		.4byte	.LVL7
 1112 0053 0200     		.2byte	0x2
 1113 0055 30       		.byte	0x30
 1114 0056 9F       		.byte	0x9f
 1115 0057 7A000000 		.4byte	.LVL7
 1116 005b 82000000 		.4byte	.LVL9
 1117 005f 0100     		.2byte	0x1
 1118 0061 53       		.byte	0x53
 1119 0062 82000000 		.4byte	.LVL9
 1120 0066 94000000 		.4byte	.LFE167
 1121 006a 0200     		.2byte	0x2
 1122 006c 30       		.byte	0x30
 1123 006d 9F       		.byte	0x9f
 1124 006e 00000000 		.4byte	0
 1125 0072 00000000 		.4byte	0
 1126              		.section	.debug_aranges,"",%progbits
 1127 0000 1C000000 		.4byte	0x1c
 1128 0004 0200     		.2byte	0x2
 1129 0006 00000000 		.4byte	.Ldebug_info0
 1130 000a 04       		.byte	0x4
 1131 000b 00       		.byte	0
 1132 000c 0000     		.2byte	0
 1133 000e 0000     		.2byte	0
 1134 0010 00000000 		.4byte	.LFB167
 1135 0014 94000000 		.4byte	.LFE167-.LFB167
 1136 0018 00000000 		.4byte	0
 1137 001c 00000000 		.4byte	0
 1138              		.section	.debug_ranges,"",%progbits
 1139              	.Ldebug_ranges0:
 1140 0000 00000000 		.4byte	.LFB167
 1141 0004 94000000 		.4byte	.LFE167
 1142 0008 00000000 		.4byte	0
 1143 000c 00000000 		.4byte	0
 1144              		.section	.debug_line,"",%progbits
 1145              	.Ldebug_line0:
 1146 0000 8D020000 		.section	.debug_str,"MS",%progbits,1
 1146      02002202 
 1146      00000201 
 1146      FB0E0D00 
ARM GAS  C:\Users\gjl\AppData\Local\Temp\cc1yLSHm.s 			page 23


 1146      01010101 
 1147              	.LASF60:
 1148 0000 43795F53 		.ascii	"Cy_SysAnalog_Fast_SRSS\000"
 1148      7973416E 
 1148      616C6F67 
 1148      5F466173 
 1148      745F5352 
 1149              	.LASF56:
 1150 0017 72657375 		.ascii	"result\000"
 1150      6C7400
 1151              	.LASF24:
 1152 001e 495A5441 		.ascii	"IZTAT_TRIM0\000"
 1152      545F5452 
 1152      494D3000 
 1153              	.LASF25:
 1154 002a 495A5441 		.ascii	"IZTAT_TRIM1\000"
 1154      545F5452 
 1154      494D3100 
 1155              	.LASF47:
 1156 0036 43595F53 		.ascii	"CY_SYSANALOG_DEEPSLEEP_IPTAT_1\000"
 1156      5953414E 
 1156      414C4F47 
 1156      5F444545 
 1156      50534C45 
 1157              	.LASF48:
 1158 0055 43595F53 		.ascii	"CY_SYSANALOG_DEEPSLEEP_IPTAT_2\000"
 1158      5953414E 
 1158      414C4F47 
 1158      5F444545 
 1158      50534C45 
 1159              	.LASF41:
 1160 0074 43595F53 		.ascii	"CY_SYSANALOG_VREF_SOURCE_EXTERNAL\000"
 1160      5953414E 
 1160      414C4F47 
 1160      5F565245 
 1160      465F534F 
 1161              	.LASF2:
 1162 0096 73686F72 		.ascii	"short int\000"
 1162      7420696E 
 1162      7400
 1163              	.LASF57:
 1164 00a0 6374726C 		.ascii	"ctrlReg\000"
 1164      52656700 
 1165              	.LASF14:
 1166 00a8 73697A65 		.ascii	"sizetype\000"
 1166      74797065 
 1166      00
 1167              	.LASF46:
 1168 00b1 43595F53 		.ascii	"CY_SYSANALOG_DEEPSLEEP_DISABLE\000"
 1168      5953414E 
 1168      414C4F47 
 1168      5F444545 
 1168      50534C45 
 1169              	.LASF64:
 1170 00d0 433A5C47 		.ascii	"C:\\Git\\PSoC6-101-Videos\\Projects_ScreenCapture\\"
 1170      69745C50 
 1170      536F4336 
ARM GAS  C:\Users\gjl\AppData\Local\Temp\cc1yLSHm.s 			page 24


 1170      2D313031 
 1170      2D566964 
 1171 00ff 50536F43 		.ascii	"PSoC 6_101\\2-3-BasicI2C.cydsn\000"
 1171      20365F31 
 1171      30315C32 
 1171      2D332D42 
 1171      61736963 
 1172              	.LASF6:
 1173 011d 5F5F7569 		.ascii	"__uint32_t\000"
 1173      6E743332 
 1173      5F7400
 1174              	.LASF28:
 1175 0128 50415353 		.ascii	"PASS_Type\000"
 1175      5F547970 
 1175      6500
 1176              	.LASF66:
 1177 0132 636F6E66 		.ascii	"config\000"
 1177      696700
 1178              	.LASF45:
 1179 0139 63795F65 		.ascii	"cy_en_sysanalog_iztat_source_t\000"
 1179      6E5F7379 
 1179      73616E61 
 1179      6C6F675F 
 1179      697A7461 
 1180              	.LASF15:
 1181 0158 41524546 		.ascii	"AREF_CTRL\000"
 1181      5F435452 
 1181      4C00
 1182              	.LASF44:
 1183 0162 43595F53 		.ascii	"CY_SYSANALOG_IZTAT_SOURCE_LOCAL\000"
 1183      5953414E 
 1183      414C4F47 
 1183      5F495A54 
 1183      41545F53 
 1184              	.LASF34:
 1185 0182 43595F53 		.ascii	"CY_SYSANALOG_BAD_PARAM\000"
 1185      5953414E 
 1185      414C4F47 
 1185      5F424144 
 1185      5F504152 
 1186              	.LASF54:
 1187 0199 64656570 		.ascii	"deepSleep\000"
 1187      536C6565 
 1187      7000
 1188              	.LASF21:
 1189 01a3 56524546 		.ascii	"VREF_TRIM1\000"
 1189      5F545249 
 1189      4D3100
 1190              	.LASF22:
 1191 01ae 56524546 		.ascii	"VREF_TRIM2\000"
 1191      5F545249 
 1191      4D3200
 1192              	.LASF23:
 1193 01b9 56524546 		.ascii	"VREF_TRIM3\000"
 1193      5F545249 
 1193      4D3300
 1194              	.LASF59:
ARM GAS  C:\Users\gjl\AppData\Local\Temp\cc1yLSHm.s 			page 25


 1195 01c4 43795F53 		.ascii	"Cy_SysAnalog_Fast_Local\000"
 1195      7973416E 
 1195      616C6F67 
 1195      5F466173 
 1195      745F4C6F 
 1196              	.LASF49:
 1197 01dc 43595F53 		.ascii	"CY_SYSANALOG_DEEPSLEEP_IPTAT_IZTAT_VREF\000"
 1197      5953414E 
 1197      414C4F47 
 1197      5F444545 
 1197      50534C45 
 1198              	.LASF31:
 1199 0204 666C6F61 		.ascii	"float\000"
 1199      7400
 1200              	.LASF8:
 1201 020a 6C6F6E67 		.ascii	"long long int\000"
 1201      206C6F6E 
 1201      6720696E 
 1201      7400
 1202              	.LASF63:
 1203 0218 47656E65 		.ascii	"Generated_Source\\PSoC6\\pdl\\drivers\\peripheral\\"
 1203      72617465 
 1203      645F536F 
 1203      75726365 
 1203      5C50536F 
 1204 0246 73797361 		.ascii	"sysanalog\\cy_sysanalog.c\000"
 1204      6E616C6F 
 1204      675C6379 
 1204      5F737973 
 1204      616E616C 
 1205              	.LASF50:
 1206 025f 63795F65 		.ascii	"cy_en_sysanalog_deep_sleep_t\000"
 1206      6E5F7379 
 1206      73616E61 
 1206      6C6F675F 
 1206      64656570 
 1207              	.LASF4:
 1208 027c 6C6F6E67 		.ascii	"long int\000"
 1208      20696E74 
 1208      00
 1209              	.LASF40:
 1210 0285 43595F53 		.ascii	"CY_SYSANALOG_VREF_SOURCE_LOCAL_1_2V\000"
 1210      5953414E 
 1210      414C4F47 
 1210      5F565245 
 1210      465F534F 
 1211              	.LASF29:
 1212 02a9 63686172 		.ascii	"char_t\000"
 1212      5F7400
 1213              	.LASF62:
 1214 02b0 474E5520 		.ascii	"GNU C11 5.4.1 20160609 (release) [ARM/embedded-5-br"
 1214      43313120 
 1214      352E342E 
 1214      31203230 
 1214      31363036 
 1215 02e3 616E6368 		.ascii	"anch revision 237715] -mcpu=cortex-m4 -mfloat-abi=s"
 1215      20726576 
ARM GAS  C:\Users\gjl\AppData\Local\Temp\cc1yLSHm.s 			page 26


 1215      6973696F 
 1215      6E203233 
 1215      37373135 
 1216 0316 6F667466 		.ascii	"oftfp -mfpu=fpv4-sp-d16 -mthumb -g -Og -ffunction-s"
 1216      70202D6D 
 1216      6670753D 
 1216      66707634 
 1216      2D73702D 
 1217 0349 65637469 		.ascii	"ections -ffat-lto-objects\000"
 1217      6F6E7320 
 1217      2D666661 
 1217      742D6C74 
 1217      6F2D6F62 
 1218              	.LASF52:
 1219 0363 697A7461 		.ascii	"iztat\000"
 1219      7400
 1220              	.LASF39:
 1221 0369 43595F53 		.ascii	"CY_SYSANALOG_VREF_SOURCE_SRSS\000"
 1221      5953414E 
 1221      414C4F47 
 1221      5F565245 
 1221      465F534F 
 1222              	.LASF13:
 1223 0387 6C6F6E67 		.ascii	"long double\000"
 1223      20646F75 
 1223      626C6500 
 1224              	.LASF1:
 1225 0393 756E7369 		.ascii	"unsigned char\000"
 1225      676E6564 
 1225      20636861 
 1225      7200
 1226              	.LASF18:
 1227 03a1 494E5452 		.ascii	"INTR_CAUSE\000"
 1227      5F434155 
 1227      534500
 1228              	.LASF26:
 1229 03ac 49505441 		.ascii	"IPTAT_TRIM0\000"
 1229      545F5452 
 1229      494D3000 
 1230              	.LASF0:
 1231 03b8 7369676E 		.ascii	"signed char\000"
 1231      65642063 
 1231      68617200 
 1232              	.LASF9:
 1233 03c4 6C6F6E67 		.ascii	"long long unsigned int\000"
 1233      206C6F6E 
 1233      6720756E 
 1233      7369676E 
 1233      65642069 
 1234              	.LASF12:
 1235 03db 75696E74 		.ascii	"uint32_t\000"
 1235      33325F74 
 1235      00
 1236              	.LASF42:
 1237 03e4 63795F65 		.ascii	"cy_en_sysanalog_vref_source_t\000"
 1237      6E5F7379 
 1237      73616E61 
ARM GAS  C:\Users\gjl\AppData\Local\Temp\cc1yLSHm.s 			page 27


 1237      6C6F675F 
 1237      76726566 
 1238              	.LASF10:
 1239 0402 756E7369 		.ascii	"unsigned int\000"
 1239      676E6564 
 1239      20696E74 
 1239      00
 1240              	.LASF43:
 1241 040f 43595F53 		.ascii	"CY_SYSANALOG_IZTAT_SOURCE_SRSS\000"
 1241      5953414E 
 1241      414C4F47 
 1241      5F495A54 
 1241      41545F53 
 1242              	.LASF3:
 1243 042e 73686F72 		.ascii	"short unsigned int\000"
 1243      7420756E 
 1243      7369676E 
 1243      65642069 
 1243      6E7400
 1244              	.LASF30:
 1245 0441 63686172 		.ascii	"char\000"
 1245      00
 1246              	.LASF55:
 1247 0446 63795F73 		.ascii	"cy_stc_sysanalog_config_t\000"
 1247      74635F73 
 1247      7973616E 
 1247      616C6F67 
 1247      5F636F6E 
 1248              	.LASF11:
 1249 0460 696E7433 		.ascii	"int32_t\000"
 1249      325F7400 
 1250              	.LASF33:
 1251 0468 43595F53 		.ascii	"CY_SYSANALOG_SUCCESS\000"
 1251      5953414E 
 1251      414C4F47 
 1251      5F535543 
 1251      43455353 
 1252              	.LASF37:
 1253 047d 43595F53 		.ascii	"CY_SYSANALOG_STARTUP_FAST\000"
 1253      5953414E 
 1253      414C4F47 
 1253      5F535441 
 1253      52545550 
 1254              	.LASF19:
 1255 0497 41524546 		.ascii	"AREF\000"
 1255      00
 1256              	.LASF7:
 1257 049c 6C6F6E67 		.ascii	"long unsigned int\000"
 1257      20756E73 
 1257      69676E65 
 1257      6420696E 
 1257      7400
 1258              	.LASF32:
 1259 04ae 646F7562 		.ascii	"double\000"
 1259      6C6500
 1260              	.LASF58:
 1261 04b5 49544D5F 		.ascii	"ITM_RxBuffer\000"
ARM GAS  C:\Users\gjl\AppData\Local\Temp\cc1yLSHm.s 			page 28


 1261      52784275 
 1261      66666572 
 1261      00
 1262              	.LASF27:
 1263 04c2 49435441 		.ascii	"ICTAT_TRIM0\000"
 1263      545F5452 
 1263      494D3000 
 1264              	.LASF61:
 1265 04ce 43795F53 		.ascii	"Cy_SysAnalog_Fast_External\000"
 1265      7973416E 
 1265      616C6F67 
 1265      5F466173 
 1265      745F4578 
 1266              	.LASF5:
 1267 04e9 5F5F696E 		.ascii	"__int32_t\000"
 1267      7433325F 
 1267      7400
 1268              	.LASF65:
 1269 04f3 43795F53 		.ascii	"Cy_SysAnalog_Init\000"
 1269      7973416E 
 1269      616C6F67 
 1269      5F496E69 
 1269      7400
 1270              	.LASF36:
 1271 0505 43595F53 		.ascii	"CY_SYSANALOG_STARTUP_NORMAL\000"
 1271      5953414E 
 1271      414C4F47 
 1271      5F535441 
 1271      52545550 
 1272              	.LASF20:
 1273 0521 56524546 		.ascii	"VREF_TRIM0\000"
 1273      5F545249 
 1273      4D3000
 1274              	.LASF16:
 1275 052c 52455345 		.ascii	"RESERVED\000"
 1275      52564544 
 1275      00
 1276              	.LASF51:
 1277 0535 73746172 		.ascii	"startup\000"
 1277      74757000 
 1278              	.LASF35:
 1279 053d 63795F65 		.ascii	"cy_en_sysanalog_status_t\000"
 1279      6E5F7379 
 1279      73616E61 
 1279      6C6F675F 
 1279      73746174 
 1280              	.LASF53:
 1281 0556 76726566 		.ascii	"vref\000"
 1281      00
 1282              	.LASF17:
 1283 055b 50415353 		.ascii	"PASS_AREF_Type\000"
 1283      5F415245 
 1283      465F5479 
 1283      706500
 1284              	.LASF67:
 1285 056a 43795F53 		.ascii	"Cy_SysLib_AssertFailed\000"
 1285      79734C69 
ARM GAS  C:\Users\gjl\AppData\Local\Temp\cc1yLSHm.s 			page 29


 1285      625F4173 
 1285      73657274 
 1285      4661696C 
 1286              	.LASF38:
 1287 0581 63795F65 		.ascii	"cy_en_sysanalog_startup_t\000"
 1287      6E5F7379 
 1287      73616E61 
 1287      6C6F675F 
 1287      73746172 
 1288              		.ident	"GCC: (GNU Tools for ARM Embedded Processors) 5.4.1 20160609 (release) [ARM/embedded-5-bran
