ARM GAS  C:\Users\gjl\AppData\Local\Temp\ccYp04na.s 			page 1


   1              		.syntax unified
   2              		.cpu cortex-m0plus
   3              		.fpu softvfp
   4              		.eabi_attribute 20, 1
   5              		.eabi_attribute 21, 1
   6              		.eabi_attribute 23, 3
   7              		.eabi_attribute 24, 1
   8              		.eabi_attribute 25, 1
   9              		.eabi_attribute 26, 1
  10              		.eabi_attribute 30, 1
  11              		.eabi_attribute 34, 0
  12              		.eabi_attribute 18, 4
  13              		.thumb
  14              		.syntax unified
  15              		.file	"cy_tcpwm_quaddec.c"
  16              		.text
  17              	.Ltext0:
  18              		.cfi_sections	.debug_frame
  19              		.section	.text.Cy_TCPWM_QuadDec_Init,"ax",%progbits
  20              		.align	2
  21              		.global	Cy_TCPWM_QuadDec_Init
  22              		.code	16
  23              		.thumb_func
  24              		.type	Cy_TCPWM_QuadDec_Init, %function
  25              	Cy_TCPWM_QuadDec_Init:
  26              	.LFB55:
  27              		.file 1 "Generated_Source\\PSoC6\\pdl\\drivers\\peripheral\\tcpwm\\cy_tcpwm_quaddec.c"
   1:Generated_Source\PSoC6\pdl\drivers\peripheral\tcpwm/cy_tcpwm_quaddec.c **** /***************************************************************************//**
   2:Generated_Source\PSoC6\pdl\drivers\peripheral\tcpwm/cy_tcpwm_quaddec.c **** * \file cy_tcpwm_quaddec.c
   3:Generated_Source\PSoC6\pdl\drivers\peripheral\tcpwm/cy_tcpwm_quaddec.c **** * \version 1.0.1
   4:Generated_Source\PSoC6\pdl\drivers\peripheral\tcpwm/cy_tcpwm_quaddec.c **** *
   5:Generated_Source\PSoC6\pdl\drivers\peripheral\tcpwm/cy_tcpwm_quaddec.c **** * \brief
   6:Generated_Source\PSoC6\pdl\drivers\peripheral\tcpwm/cy_tcpwm_quaddec.c **** *  The source file of the tcpwm driver.
   7:Generated_Source\PSoC6\pdl\drivers\peripheral\tcpwm/cy_tcpwm_quaddec.c **** *
   8:Generated_Source\PSoC6\pdl\drivers\peripheral\tcpwm/cy_tcpwm_quaddec.c **** ********************************************************************************
   9:Generated_Source\PSoC6\pdl\drivers\peripheral\tcpwm/cy_tcpwm_quaddec.c **** * \copyright
  10:Generated_Source\PSoC6\pdl\drivers\peripheral\tcpwm/cy_tcpwm_quaddec.c **** * Copyright 2016-2018, Cypress Semiconductor Corporation.  All rights reserved.
  11:Generated_Source\PSoC6\pdl\drivers\peripheral\tcpwm/cy_tcpwm_quaddec.c **** * You may use this file only in accordance with the license, terms, conditions,
  12:Generated_Source\PSoC6\pdl\drivers\peripheral\tcpwm/cy_tcpwm_quaddec.c **** * disclaimers, and limitations in the end user license agreement accompanying
  13:Generated_Source\PSoC6\pdl\drivers\peripheral\tcpwm/cy_tcpwm_quaddec.c **** * the software package with which this file was provided.
  14:Generated_Source\PSoC6\pdl\drivers\peripheral\tcpwm/cy_tcpwm_quaddec.c **** *******************************************************************************/
  15:Generated_Source\PSoC6\pdl\drivers\peripheral\tcpwm/cy_tcpwm_quaddec.c **** 
  16:Generated_Source\PSoC6\pdl\drivers\peripheral\tcpwm/cy_tcpwm_quaddec.c **** #include "cy_tcpwm_quaddec.h"
  17:Generated_Source\PSoC6\pdl\drivers\peripheral\tcpwm/cy_tcpwm_quaddec.c **** 
  18:Generated_Source\PSoC6\pdl\drivers\peripheral\tcpwm/cy_tcpwm_quaddec.c **** #if defined(__cplusplus)
  19:Generated_Source\PSoC6\pdl\drivers\peripheral\tcpwm/cy_tcpwm_quaddec.c **** extern "C" {
  20:Generated_Source\PSoC6\pdl\drivers\peripheral\tcpwm/cy_tcpwm_quaddec.c **** #endif
  21:Generated_Source\PSoC6\pdl\drivers\peripheral\tcpwm/cy_tcpwm_quaddec.c **** 
  22:Generated_Source\PSoC6\pdl\drivers\peripheral\tcpwm/cy_tcpwm_quaddec.c **** 
  23:Generated_Source\PSoC6\pdl\drivers\peripheral\tcpwm/cy_tcpwm_quaddec.c **** /*******************************************************************************
  24:Generated_Source\PSoC6\pdl\drivers\peripheral\tcpwm/cy_tcpwm_quaddec.c **** * Function Name: Cy_TCPWM_QuadDec_Init
  25:Generated_Source\PSoC6\pdl\drivers\peripheral\tcpwm/cy_tcpwm_quaddec.c **** ****************************************************************************//**
  26:Generated_Source\PSoC6\pdl\drivers\peripheral\tcpwm/cy_tcpwm_quaddec.c **** *
  27:Generated_Source\PSoC6\pdl\drivers\peripheral\tcpwm/cy_tcpwm_quaddec.c **** * Initializes the counter in the TCPWM block for the QuadDec operation.
  28:Generated_Source\PSoC6\pdl\drivers\peripheral\tcpwm/cy_tcpwm_quaddec.c **** *
  29:Generated_Source\PSoC6\pdl\drivers\peripheral\tcpwm/cy_tcpwm_quaddec.c **** * \param base
  30:Generated_Source\PSoC6\pdl\drivers\peripheral\tcpwm/cy_tcpwm_quaddec.c **** * The pointer to a TCPWM instance.
ARM GAS  C:\Users\gjl\AppData\Local\Temp\ccYp04na.s 			page 2


  31:Generated_Source\PSoC6\pdl\drivers\peripheral\tcpwm/cy_tcpwm_quaddec.c **** *
  32:Generated_Source\PSoC6\pdl\drivers\peripheral\tcpwm/cy_tcpwm_quaddec.c **** * \param cntNum
  33:Generated_Source\PSoC6\pdl\drivers\peripheral\tcpwm/cy_tcpwm_quaddec.c **** * The Counter instance number in the selected TCPWM.
  34:Generated_Source\PSoC6\pdl\drivers\peripheral\tcpwm/cy_tcpwm_quaddec.c **** *
  35:Generated_Source\PSoC6\pdl\drivers\peripheral\tcpwm/cy_tcpwm_quaddec.c **** * \param config
  36:Generated_Source\PSoC6\pdl\drivers\peripheral\tcpwm/cy_tcpwm_quaddec.c **** * The pointer to a configuration structure. See \ref cy_stc_tcpwm_quaddec_config_t.
  37:Generated_Source\PSoC6\pdl\drivers\peripheral\tcpwm/cy_tcpwm_quaddec.c **** *
  38:Generated_Source\PSoC6\pdl\drivers\peripheral\tcpwm/cy_tcpwm_quaddec.c **** * \return error / status code. See \ref cy_en_tcpwm_status_t.
  39:Generated_Source\PSoC6\pdl\drivers\peripheral\tcpwm/cy_tcpwm_quaddec.c **** *
  40:Generated_Source\PSoC6\pdl\drivers\peripheral\tcpwm/cy_tcpwm_quaddec.c **** * \funcusage
  41:Generated_Source\PSoC6\pdl\drivers\peripheral\tcpwm/cy_tcpwm_quaddec.c **** * \snippet tcpwm/tcpwm_v1_0_quaddec_sut_01.cydsn/main_cm4.c snippet_Cy_TCPWM_QuadDec_Config
  42:Generated_Source\PSoC6\pdl\drivers\peripheral\tcpwm/cy_tcpwm_quaddec.c **** * \snippet tcpwm/tcpwm_v1_0_quaddec_sut_01.cydsn/main_cm4.c snippet_Cy_TCPWM_QuadDec_Init
  43:Generated_Source\PSoC6\pdl\drivers\peripheral\tcpwm/cy_tcpwm_quaddec.c **** *
  44:Generated_Source\PSoC6\pdl\drivers\peripheral\tcpwm/cy_tcpwm_quaddec.c **** *******************************************************************************/
  45:Generated_Source\PSoC6\pdl\drivers\peripheral\tcpwm/cy_tcpwm_quaddec.c **** cy_en_tcpwm_status_t Cy_TCPWM_QuadDec_Init(TCPWM_Type *base, uint32_t cntNum, 
  46:Generated_Source\PSoC6\pdl\drivers\peripheral\tcpwm/cy_tcpwm_quaddec.c ****                                            cy_stc_tcpwm_quaddec_config_t const *config)
  47:Generated_Source\PSoC6\pdl\drivers\peripheral\tcpwm/cy_tcpwm_quaddec.c **** {
  28              		.loc 1 47 0
  29              		.cfi_startproc
  30              		@ args = 0, pretend = 0, frame = 0
  31              		@ frame_needed = 0, uses_anonymous_args = 0
  32              	.LVL0:
  33 0000 30B5     		push	{r4, r5, lr}
  34              		.cfi_def_cfa_offset 12
  35              		.cfi_offset 4, -12
  36              		.cfi_offset 5, -8
  37              		.cfi_offset 14, -4
  38              	.LVL1:
  48:Generated_Source\PSoC6\pdl\drivers\peripheral\tcpwm/cy_tcpwm_quaddec.c ****     cy_en_tcpwm_status_t status = CY_TCPWM_BAD_PARAM;
  49:Generated_Source\PSoC6\pdl\drivers\peripheral\tcpwm/cy_tcpwm_quaddec.c **** 
  50:Generated_Source\PSoC6\pdl\drivers\peripheral\tcpwm/cy_tcpwm_quaddec.c ****     if ((NULL != base) && (NULL != config))
  39              		.loc 1 50 0
  40 0002 0028     		cmp	r0, #0
  41 0004 3ED0     		beq	.L4
  42              		.loc 1 50 0 is_stmt 0 discriminator 1
  43 0006 002A     		cmp	r2, #0
  44 0008 3ED0     		beq	.L5
  51:Generated_Source\PSoC6\pdl\drivers\peripheral\tcpwm/cy_tcpwm_quaddec.c ****     {
  52:Generated_Source\PSoC6\pdl\drivers\peripheral\tcpwm/cy_tcpwm_quaddec.c ****         base->CNT[cntNum].CTRL = ( _VAL2FLD(TCPWM_CNT_CTRL_QUADRATURE_MODE, config->resolution) |
  45              		.loc 1 52 0 is_stmt 1
  46 000a 1368     		ldr	r3, [r2]
  47 000c 1C05     		lsls	r4, r3, #20
  48 000e C023     		movs	r3, #192
  49 0010 9B03     		lsls	r3, r3, #14
  50 0012 2340     		ands	r3, r4
  51 0014 C024     		movs	r4, #192
  52 0016 A404     		lsls	r4, r4, #18
  53 0018 2343     		orrs	r3, r4
  54 001a 0C1D     		adds	r4, r1, #4
  55 001c A401     		lsls	r4, r4, #6
  56 001e 2350     		str	r3, [r4, r0]
  53:Generated_Source\PSoC6\pdl\drivers\peripheral\tcpwm/cy_tcpwm_quaddec.c ****                             _VAL2FLD(TCPWM_CNT_CTRL_MODE, CY_TCPWM_QUADDEC_CTRL_QUADDEC_MODE));
  54:Generated_Source\PSoC6\pdl\drivers\peripheral\tcpwm/cy_tcpwm_quaddec.c **** 
  55:Generated_Source\PSoC6\pdl\drivers\peripheral\tcpwm/cy_tcpwm_quaddec.c ****         if (CY_TCPWM_INPUT_CREATOR != config->phiAInput)
  57              		.loc 1 55 0
  58 0020 9369     		ldr	r3, [r2, #24]
  59 0022 5C1C     		adds	r4, r3, #1
ARM GAS  C:\Users\gjl\AppData\Local\Temp\ccYp04na.s 			page 3


  60 0024 17D0     		beq	.L3
  56:Generated_Source\PSoC6\pdl\drivers\peripheral\tcpwm/cy_tcpwm_quaddec.c ****         {        
  57:Generated_Source\PSoC6\pdl\drivers\peripheral\tcpwm/cy_tcpwm_quaddec.c ****             base->CNT[cntNum].TR_CTRL0 = (_VAL2FLD(TCPWM_CNT_TR_CTRL0_COUNT_SEL, config->phiAInput)
  61              		.loc 1 57 0
  62 0026 1B01     		lsls	r3, r3, #4
  63 0028 FF24     		movs	r4, #255
  64 002a 2340     		ands	r3, r4
  58:Generated_Source\PSoC6\pdl\drivers\peripheral\tcpwm/cy_tcpwm_quaddec.c ****                                           _VAL2FLD(TCPWM_CNT_TR_CTRL0_START_SEL, config->phiBInput)
  65              		.loc 1 58 0
  66 002c D469     		ldr	r4, [r2, #28]
  67 002e 2504     		lsls	r5, r4, #16
  68 0030 F024     		movs	r4, #240
  69 0032 2403     		lsls	r4, r4, #12
  70 0034 2C40     		ands	r4, r5
  57:Generated_Source\PSoC6\pdl\drivers\peripheral\tcpwm/cy_tcpwm_quaddec.c ****                                           _VAL2FLD(TCPWM_CNT_TR_CTRL0_START_SEL, config->phiBInput)
  71              		.loc 1 57 0
  72 0036 2343     		orrs	r3, r4
  59:Generated_Source\PSoC6\pdl\drivers\peripheral\tcpwm/cy_tcpwm_quaddec.c ****                                           _VAL2FLD(TCPWM_CNT_TR_CTRL0_RELOAD_SEL, config->indexInpu
  73              		.loc 1 59 0
  74 0038 D468     		ldr	r4, [r2, #12]
  75 003a 2502     		lsls	r5, r4, #8
  76 003c F024     		movs	r4, #240
  77 003e 2401     		lsls	r4, r4, #4
  78 0040 2C40     		ands	r4, r5
  58:Generated_Source\PSoC6\pdl\drivers\peripheral\tcpwm/cy_tcpwm_quaddec.c ****                                           _VAL2FLD(TCPWM_CNT_TR_CTRL0_START_SEL, config->phiBInput)
  79              		.loc 1 58 0
  80 0042 2343     		orrs	r3, r4
  60:Generated_Source\PSoC6\pdl\drivers\peripheral\tcpwm/cy_tcpwm_quaddec.c ****                                           _VAL2FLD(TCPWM_CNT_TR_CTRL0_STOP_SEL, config->stopInput))
  81              		.loc 1 60 0
  82 0044 5469     		ldr	r4, [r2, #20]
  83 0046 2407     		lsls	r4, r4, #28
  84 0048 240C     		lsrs	r4, r4, #16
  59:Generated_Source\PSoC6\pdl\drivers\peripheral\tcpwm/cy_tcpwm_quaddec.c ****                                           _VAL2FLD(TCPWM_CNT_TR_CTRL0_RELOAD_SEL, config->indexInpu
  85              		.loc 1 59 0
  86 004a 2343     		orrs	r3, r4
  57:Generated_Source\PSoC6\pdl\drivers\peripheral\tcpwm/cy_tcpwm_quaddec.c ****                                           _VAL2FLD(TCPWM_CNT_TR_CTRL0_START_SEL, config->phiBInput)
  87              		.loc 1 57 0
  88 004c 8C01     		lsls	r4, r1, #6
  89 004e 0419     		adds	r4, r0, r4
  90 0050 2134     		adds	r4, r4, #33
  91 0052 FF34     		adds	r4, r4, #255
  92 0054 2360     		str	r3, [r4]
  93              	.L3:
  61:Generated_Source\PSoC6\pdl\drivers\peripheral\tcpwm/cy_tcpwm_quaddec.c ****         }
  62:Generated_Source\PSoC6\pdl\drivers\peripheral\tcpwm/cy_tcpwm_quaddec.c ****         
  63:Generated_Source\PSoC6\pdl\drivers\peripheral\tcpwm/cy_tcpwm_quaddec.c ****         base->CNT[cntNum].TR_CTRL1 = (_VAL2FLD(TCPWM_CNT_TR_CTRL1_CAPTURE_EDGE, CY_TCPWM_INPUT_LEVE
  64:Generated_Source\PSoC6\pdl\drivers\peripheral\tcpwm/cy_tcpwm_quaddec.c ****                                       _VAL2FLD(TCPWM_CNT_TR_CTRL1_COUNT_EDGE, CY_TCPWM_INPUT_LEVEL)
  65:Generated_Source\PSoC6\pdl\drivers\peripheral\tcpwm/cy_tcpwm_quaddec.c ****                                       _VAL2FLD(TCPWM_CNT_TR_CTRL1_START_EDGE, CY_TCPWM_INPUT_LEVEL)
  66:Generated_Source\PSoC6\pdl\drivers\peripheral\tcpwm/cy_tcpwm_quaddec.c ****                                       _VAL2FLD(TCPWM_CNT_TR_CTRL1_RELOAD_EDGE, config->indexInputMo
  94              		.loc 1 66 0
  95 0056 9368     		ldr	r3, [r2, #8]
  96 0058 1B01     		lsls	r3, r3, #4
  97 005a 3025     		movs	r5, #48
  98 005c 1D40     		ands	r5, r3
  67:Generated_Source\PSoC6\pdl\drivers\peripheral\tcpwm/cy_tcpwm_quaddec.c ****                                       _VAL2FLD(TCPWM_CNT_TR_CTRL1_STOP_EDGE, config->stopInputMode)
  99              		.loc 1 67 0
 100 005e 1369     		ldr	r3, [r2, #16]
ARM GAS  C:\Users\gjl\AppData\Local\Temp\ccYp04na.s 			page 4


 101 0060 9C01     		lsls	r4, r3, #6
 102 0062 FF23     		movs	r3, #255
 103 0064 2340     		ands	r3, r4
  66:Generated_Source\PSoC6\pdl\drivers\peripheral\tcpwm/cy_tcpwm_quaddec.c ****                                       _VAL2FLD(TCPWM_CNT_TR_CTRL1_STOP_EDGE, config->stopInputMode)
 104              		.loc 1 66 0
 105 0066 2B43     		orrs	r3, r5
 106 0068 084C     		ldr	r4, .L6
 107 006a 2343     		orrs	r3, r4
  63:Generated_Source\PSoC6\pdl\drivers\peripheral\tcpwm/cy_tcpwm_quaddec.c ****                                       _VAL2FLD(TCPWM_CNT_TR_CTRL1_COUNT_EDGE, CY_TCPWM_INPUT_LEVEL)
 108              		.loc 1 63 0
 109 006c 8901     		lsls	r1, r1, #6
 110              	.LVL2:
 111 006e 4118     		adds	r1, r0, r1
 112 0070 0800     		movs	r0, r1
 113              	.LVL3:
 114 0072 2530     		adds	r0, r0, #37
 115 0074 FF30     		adds	r0, r0, #255
 116 0076 0360     		str	r3, [r0]
  68:Generated_Source\PSoC6\pdl\drivers\peripheral\tcpwm/cy_tcpwm_quaddec.c **** 
  69:Generated_Source\PSoC6\pdl\drivers\peripheral\tcpwm/cy_tcpwm_quaddec.c ****         base->CNT[cntNum].INTR_MASK = config->interruptSources;
 117              		.loc 1 69 0
 118 0078 5368     		ldr	r3, [r2, #4]
 119 007a 3931     		adds	r1, r1, #57
 120 007c FF31     		adds	r1, r1, #255
 121 007e 0B60     		str	r3, [r1]
 122              	.LVL4:
  70:Generated_Source\PSoC6\pdl\drivers\peripheral\tcpwm/cy_tcpwm_quaddec.c **** 
  71:Generated_Source\PSoC6\pdl\drivers\peripheral\tcpwm/cy_tcpwm_quaddec.c ****         status = CY_TCPWM_SUCCESS;
 123              		.loc 1 71 0
 124 0080 0020     		movs	r0, #0
 125 0082 02E0     		b	.L2
 126              	.LVL5:
 127              	.L4:
  48:Generated_Source\PSoC6\pdl\drivers\peripheral\tcpwm/cy_tcpwm_quaddec.c **** 
 128              		.loc 1 48 0
 129 0084 0248     		ldr	r0, .L6+4
 130              	.LVL6:
 131 0086 00E0     		b	.L2
 132              	.LVL7:
 133              	.L5:
 134 0088 0148     		ldr	r0, .L6+4
 135              	.LVL8:
 136              	.L2:
  72:Generated_Source\PSoC6\pdl\drivers\peripheral\tcpwm/cy_tcpwm_quaddec.c ****     }
  73:Generated_Source\PSoC6\pdl\drivers\peripheral\tcpwm/cy_tcpwm_quaddec.c **** 
  74:Generated_Source\PSoC6\pdl\drivers\peripheral\tcpwm/cy_tcpwm_quaddec.c ****     return(status);
  75:Generated_Source\PSoC6\pdl\drivers\peripheral\tcpwm/cy_tcpwm_quaddec.c **** }
 137              		.loc 1 75 0
 138              		@ sp needed
 139 008a 30BD     		pop	{r4, r5, pc}
 140              	.L7:
 141              		.align	2
 142              	.L6:
 143 008c 0F030000 		.word	783
 144 0090 0100B600 		.word	11927553
 145              		.cfi_endproc
 146              	.LFE55:
ARM GAS  C:\Users\gjl\AppData\Local\Temp\ccYp04na.s 			page 5


 147              		.size	Cy_TCPWM_QuadDec_Init, .-Cy_TCPWM_QuadDec_Init
 148              		.section	.text.Cy_TCPWM_QuadDec_DeInit,"ax",%progbits
 149              		.align	2
 150              		.global	Cy_TCPWM_QuadDec_DeInit
 151              		.code	16
 152              		.thumb_func
 153              		.type	Cy_TCPWM_QuadDec_DeInit, %function
 154              	Cy_TCPWM_QuadDec_DeInit:
 155              	.LFB56:
  76:Generated_Source\PSoC6\pdl\drivers\peripheral\tcpwm/cy_tcpwm_quaddec.c **** 
  77:Generated_Source\PSoC6\pdl\drivers\peripheral\tcpwm/cy_tcpwm_quaddec.c **** 
  78:Generated_Source\PSoC6\pdl\drivers\peripheral\tcpwm/cy_tcpwm_quaddec.c **** /*******************************************************************************
  79:Generated_Source\PSoC6\pdl\drivers\peripheral\tcpwm/cy_tcpwm_quaddec.c **** * Function Name: Cy_TCPWM_QuadDec_DeInit
  80:Generated_Source\PSoC6\pdl\drivers\peripheral\tcpwm/cy_tcpwm_quaddec.c **** ****************************************************************************//**
  81:Generated_Source\PSoC6\pdl\drivers\peripheral\tcpwm/cy_tcpwm_quaddec.c **** *
  82:Generated_Source\PSoC6\pdl\drivers\peripheral\tcpwm/cy_tcpwm_quaddec.c **** * De-initializes the counter in the TCPWM block, returns register values to 
  83:Generated_Source\PSoC6\pdl\drivers\peripheral\tcpwm/cy_tcpwm_quaddec.c **** * default.
  84:Generated_Source\PSoC6\pdl\drivers\peripheral\tcpwm/cy_tcpwm_quaddec.c **** *
  85:Generated_Source\PSoC6\pdl\drivers\peripheral\tcpwm/cy_tcpwm_quaddec.c **** * \param base
  86:Generated_Source\PSoC6\pdl\drivers\peripheral\tcpwm/cy_tcpwm_quaddec.c **** * The pointer to a TCPWM instance.
  87:Generated_Source\PSoC6\pdl\drivers\peripheral\tcpwm/cy_tcpwm_quaddec.c **** *
  88:Generated_Source\PSoC6\pdl\drivers\peripheral\tcpwm/cy_tcpwm_quaddec.c **** * \param cntNum
  89:Generated_Source\PSoC6\pdl\drivers\peripheral\tcpwm/cy_tcpwm_quaddec.c **** * The Counter instance number in the selected TCPWM.
  90:Generated_Source\PSoC6\pdl\drivers\peripheral\tcpwm/cy_tcpwm_quaddec.c **** *
  91:Generated_Source\PSoC6\pdl\drivers\peripheral\tcpwm/cy_tcpwm_quaddec.c **** * \param config
  92:Generated_Source\PSoC6\pdl\drivers\peripheral\tcpwm/cy_tcpwm_quaddec.c **** * The pointer to a configuration structure. See \ref cy_stc_tcpwm_quaddec_config_t.
  93:Generated_Source\PSoC6\pdl\drivers\peripheral\tcpwm/cy_tcpwm_quaddec.c **** *
  94:Generated_Source\PSoC6\pdl\drivers\peripheral\tcpwm/cy_tcpwm_quaddec.c **** * \funcusage
  95:Generated_Source\PSoC6\pdl\drivers\peripheral\tcpwm/cy_tcpwm_quaddec.c **** * \snippet tcpwm/tcpwm_v1_0_quaddec_sut_01.cydsn/main_cm4.c snippet_Cy_TCPWM_QuadDec_DeInit
  96:Generated_Source\PSoC6\pdl\drivers\peripheral\tcpwm/cy_tcpwm_quaddec.c **** *
  97:Generated_Source\PSoC6\pdl\drivers\peripheral\tcpwm/cy_tcpwm_quaddec.c **** *******************************************************************************/
  98:Generated_Source\PSoC6\pdl\drivers\peripheral\tcpwm/cy_tcpwm_quaddec.c **** void Cy_TCPWM_QuadDec_DeInit(TCPWM_Type *base, uint32_t cntNum, cy_stc_tcpwm_quaddec_config_t const
  99:Generated_Source\PSoC6\pdl\drivers\peripheral\tcpwm/cy_tcpwm_quaddec.c **** {
 156              		.loc 1 99 0
 157              		.cfi_startproc
 158              		@ args = 0, pretend = 0, frame = 0
 159              		@ frame_needed = 0, uses_anonymous_args = 0
 160              	.LVL9:
 161 0000 70B5     		push	{r4, r5, r6, lr}
 162              		.cfi_def_cfa_offset 16
 163              		.cfi_offset 4, -16
 164              		.cfi_offset 5, -12
 165              		.cfi_offset 6, -8
 166              		.cfi_offset 14, -4
 100:Generated_Source\PSoC6\pdl\drivers\peripheral\tcpwm/cy_tcpwm_quaddec.c ****     base->CNT[cntNum].CTRL = CY_TCPWM_CNT_CTRL_DEFAULT;
 167              		.loc 1 100 0
 168 0002 0B1D     		adds	r3, r1, #4
 169 0004 9B01     		lsls	r3, r3, #6
 170 0006 0024     		movs	r4, #0
 171 0008 1C50     		str	r4, [r3, r0]
 101:Generated_Source\PSoC6\pdl\drivers\peripheral\tcpwm/cy_tcpwm_quaddec.c ****     base->CNT[cntNum].COUNTER = CY_TCPWM_CNT_COUNTER_DEFAULT;
 172              		.loc 1 101 0
 173 000a 8B01     		lsls	r3, r1, #6
 174 000c C318     		adds	r3, r0, r3
 175 000e 1D00     		movs	r5, r3
 176 0010 0935     		adds	r5, r5, #9
 177 0012 FF35     		adds	r5, r5, #255
ARM GAS  C:\Users\gjl\AppData\Local\Temp\ccYp04na.s 			page 6


 178 0014 2C60     		str	r4, [r5]
 102:Generated_Source\PSoC6\pdl\drivers\peripheral\tcpwm/cy_tcpwm_quaddec.c ****     base->CNT[cntNum].CC = CY_TCPWM_CNT_CC_DEFAULT;
 179              		.loc 1 102 0
 180 0016 1E00     		movs	r6, r3
 181 0018 0D36     		adds	r6, r6, #13
 182 001a FF36     		adds	r6, r6, #255
 183 001c 0125     		movs	r5, #1
 184 001e 6D42     		rsbs	r5, r5, #0
 185 0020 3560     		str	r5, [r6]
 103:Generated_Source\PSoC6\pdl\drivers\peripheral\tcpwm/cy_tcpwm_quaddec.c ****     base->CNT[cntNum].CC_BUFF = CY_TCPWM_CNT_CC_BUFF_DEFAULT;
 186              		.loc 1 103 0
 187 0022 0436     		adds	r6, r6, #4
 188 0024 3560     		str	r5, [r6]
 104:Generated_Source\PSoC6\pdl\drivers\peripheral\tcpwm/cy_tcpwm_quaddec.c ****     base->CNT[cntNum].PERIOD = CY_TCPWM_CNT_PERIOD_DEFAULT;
 189              		.loc 1 104 0
 190 0026 0436     		adds	r6, r6, #4
 191 0028 3560     		str	r5, [r6]
 105:Generated_Source\PSoC6\pdl\drivers\peripheral\tcpwm/cy_tcpwm_quaddec.c ****     base->CNT[cntNum].PERIOD_BUFF = CY_TCPWM_CNT_PERIOD_BUFF_DEFAULT;
 192              		.loc 1 105 0
 193 002a 0436     		adds	r6, r6, #4
 194 002c 3560     		str	r5, [r6]
 106:Generated_Source\PSoC6\pdl\drivers\peripheral\tcpwm/cy_tcpwm_quaddec.c ****     base->CNT[cntNum].TR_CTRL1 = CY_TCPWM_CNT_TR_CTRL1_DEFAULT;
 195              		.loc 1 106 0
 196 002e 1D00     		movs	r5, r3
 197 0030 2535     		adds	r5, r5, #37
 198 0032 FF35     		adds	r5, r5, #255
 199 0034 0B4E     		ldr	r6, .L10
 200 0036 2E60     		str	r6, [r5]
 107:Generated_Source\PSoC6\pdl\drivers\peripheral\tcpwm/cy_tcpwm_quaddec.c ****     base->CNT[cntNum].TR_CTRL2 = CY_TCPWM_CNT_TR_CTRL2_DEFAULT;
 201              		.loc 1 107 0
 202 0038 0435     		adds	r5, r5, #4
 203 003a 3F26     		movs	r6, #63
 204 003c 2E60     		str	r6, [r5]
 108:Generated_Source\PSoC6\pdl\drivers\peripheral\tcpwm/cy_tcpwm_quaddec.c ****     base->CNT[cntNum].INTR = CY_TCPWM_CNT_INTR_DEFAULT;
 205              		.loc 1 108 0
 206 003e 0835     		adds	r5, r5, #8
 207 0040 3C3E     		subs	r6, r6, #60
 208 0042 2E60     		str	r6, [r5]
 109:Generated_Source\PSoC6\pdl\drivers\peripheral\tcpwm/cy_tcpwm_quaddec.c ****     base->CNT[cntNum].INTR_SET = CY_TCPWM_CNT_INTR_SET_DEFAULT;
 209              		.loc 1 109 0
 210 0044 0435     		adds	r5, r5, #4
 211 0046 2C60     		str	r4, [r5]
 110:Generated_Source\PSoC6\pdl\drivers\peripheral\tcpwm/cy_tcpwm_quaddec.c ****     base->CNT[cntNum].INTR_MASK = CY_TCPWM_CNT_INTR_MASK_DEFAULT;
 212              		.loc 1 110 0
 213 0048 3933     		adds	r3, r3, #57
 214 004a FF33     		adds	r3, r3, #255
 215 004c 1C60     		str	r4, [r3]
 111:Generated_Source\PSoC6\pdl\drivers\peripheral\tcpwm/cy_tcpwm_quaddec.c **** 
 112:Generated_Source\PSoC6\pdl\drivers\peripheral\tcpwm/cy_tcpwm_quaddec.c ****     if (CY_TCPWM_INPUT_CREATOR != config->phiAInput)
 216              		.loc 1 112 0
 217 004e 9369     		ldr	r3, [r2, #24]
 218 0050 0133     		adds	r3, r3, #1
 219 0052 05D0     		beq	.L8
 113:Generated_Source\PSoC6\pdl\drivers\peripheral\tcpwm/cy_tcpwm_quaddec.c ****     {        
 114:Generated_Source\PSoC6\pdl\drivers\peripheral\tcpwm/cy_tcpwm_quaddec.c ****         base->CNT[cntNum].TR_CTRL0 = CY_TCPWM_CNT_TR_CTRL0_DEFAULT;
 220              		.loc 1 114 0
 221 0054 8901     		lsls	r1, r1, #6
ARM GAS  C:\Users\gjl\AppData\Local\Temp\ccYp04na.s 			page 7


 222              	.LVL10:
 223 0056 4118     		adds	r1, r0, r1
 224 0058 2131     		adds	r1, r1, #33
 225 005a FF31     		adds	r1, r1, #255
 226 005c 1023     		movs	r3, #16
 227 005e 0B60     		str	r3, [r1]
 228              	.L8:
 115:Generated_Source\PSoC6\pdl\drivers\peripheral\tcpwm/cy_tcpwm_quaddec.c ****     }
 116:Generated_Source\PSoC6\pdl\drivers\peripheral\tcpwm/cy_tcpwm_quaddec.c **** }
 229              		.loc 1 116 0
 230              		@ sp needed
 231 0060 70BD     		pop	{r4, r5, r6, pc}
 232              	.L11:
 233 0062 C046     		.align	2
 234              	.L10:
 235 0064 FF030000 		.word	1023
 236              		.cfi_endproc
 237              	.LFE56:
 238              		.size	Cy_TCPWM_QuadDec_DeInit, .-Cy_TCPWM_QuadDec_DeInit
 239              		.text
 240              	.Letext0:
 241              		.file 2 "c:\\program files (x86)\\cypress\\psoc creator\\4.2\\psoc creator\\import\\gnu\\arm\\5.4.
 242              		.file 3 "c:\\program files (x86)\\cypress\\psoc creator\\4.2\\psoc creator\\import\\gnu\\arm\\5.4.
 243              		.file 4 "Generated_Source\\PSoC6\\pdl\\devices/psoc6/ip/cyip_tcpwm.h"
 244              		.file 5 "Generated_Source\\PSoC6\\pdl\\drivers\\peripheral\\tcpwm\\cy_tcpwm.h"
 245              		.file 6 "Generated_Source\\PSoC6\\pdl\\drivers\\peripheral\\tcpwm\\cy_tcpwm_quaddec.h"
 246              		.section	.debug_info,"",%progbits
 247              	.Ldebug_info0:
 248 0000 77030000 		.4byte	0x377
 249 0004 0400     		.2byte	0x4
 250 0006 00000000 		.4byte	.Ldebug_abbrev0
 251 000a 04       		.byte	0x4
 252 000b 01       		.uleb128 0x1
 253 000c 92020000 		.4byte	.LASF55
 254 0010 0C       		.byte	0xc
 255 0011 1E000000 		.4byte	.LASF56
 256 0015 92030000 		.4byte	.LASF57
 257 0019 00000000 		.4byte	.Ldebug_ranges0+0
 258 001d 00000000 		.4byte	0
 259 0021 00000000 		.4byte	.Ldebug_line0
 260 0025 02       		.uleb128 0x2
 261 0026 01       		.byte	0x1
 262 0027 06       		.byte	0x6
 263 0028 A6010000 		.4byte	.LASF0
 264 002c 02       		.uleb128 0x2
 265 002d 01       		.byte	0x1
 266 002e 08       		.byte	0x8
 267 002f 88010000 		.4byte	.LASF1
 268 0033 02       		.uleb128 0x2
 269 0034 02       		.byte	0x2
 270 0035 05       		.byte	0x5
 271 0036 74000000 		.4byte	.LASF2
 272 003a 02       		.uleb128 0x2
 273 003b 02       		.byte	0x2
 274 003c 07       		.byte	0x7
 275 003d 07020000 		.4byte	.LASF3
 276 0041 02       		.uleb128 0x2
ARM GAS  C:\Users\gjl\AppData\Local\Temp\ccYp04na.s 			page 8


 277 0042 04       		.byte	0x4
 278 0043 05       		.byte	0x5
 279 0044 42010000 		.4byte	.LASF4
 280 0048 03       		.uleb128 0x3
 281 0049 D1000000 		.4byte	.LASF9
 282 004d 02       		.byte	0x2
 283 004e 41       		.byte	0x41
 284 004f 53000000 		.4byte	0x53
 285 0053 02       		.uleb128 0x2
 286 0054 04       		.byte	0x4
 287 0055 07       		.byte	0x7
 288 0056 79020000 		.4byte	.LASF5
 289 005a 02       		.uleb128 0x2
 290 005b 08       		.byte	0x8
 291 005c 05       		.byte	0x5
 292 005d 2D010000 		.4byte	.LASF6
 293 0061 02       		.uleb128 0x2
 294 0062 08       		.byte	0x8
 295 0063 07       		.byte	0x7
 296 0064 BB010000 		.4byte	.LASF7
 297 0068 04       		.uleb128 0x4
 298 0069 04       		.byte	0x4
 299 006a 05       		.byte	0x5
 300 006b 696E7400 		.ascii	"int\000"
 301 006f 02       		.uleb128 0x2
 302 0070 04       		.byte	0x4
 303 0071 07       		.byte	0x7
 304 0072 E6010000 		.4byte	.LASF8
 305 0076 03       		.uleb128 0x3
 306 0077 D2010000 		.4byte	.LASF10
 307 007b 03       		.byte	0x3
 308 007c 30       		.byte	0x30
 309 007d 48000000 		.4byte	0x48
 310 0081 02       		.uleb128 0x2
 311 0082 08       		.byte	0x8
 312 0083 04       		.byte	0x4
 313 0084 66010000 		.4byte	.LASF11
 314 0088 02       		.uleb128 0x2
 315 0089 04       		.byte	0x4
 316 008a 07       		.byte	0x7
 317 008b 7E000000 		.4byte	.LASF12
 318 008f 05       		.uleb128 0x5
 319 0090 76000000 		.4byte	0x76
 320 0094 06       		.uleb128 0x6
 321 0095 8F000000 		.4byte	0x8f
 322 0099 07       		.uleb128 0x7
 323 009a 40       		.byte	0x40
 324 009b 04       		.byte	0x4
 325 009c 22       		.byte	0x22
 326 009d 61010000 		.4byte	0x161
 327 00a1 08       		.uleb128 0x8
 328 00a2 96010000 		.4byte	.LASF13
 329 00a6 04       		.byte	0x4
 330 00a7 23       		.byte	0x23
 331 00a8 8F000000 		.4byte	0x8f
 332 00ac 00       		.byte	0
 333 00ad 08       		.uleb128 0x8
ARM GAS  C:\Users\gjl\AppData\Local\Temp\ccYp04na.s 			page 9


 334 00ae 3B010000 		.4byte	.LASF14
 335 00b2 04       		.byte	0x4
 336 00b3 24       		.byte	0x24
 337 00b4 94000000 		.4byte	0x94
 338 00b8 04       		.byte	0x4
 339 00b9 08       		.uleb128 0x8
 340 00ba 62030000 		.4byte	.LASF15
 341 00be 04       		.byte	0x4
 342 00bf 25       		.byte	0x25
 343 00c0 8F000000 		.4byte	0x8f
 344 00c4 08       		.byte	0x8
 345 00c5 09       		.uleb128 0x9
 346 00c6 434300   		.ascii	"CC\000"
 347 00c9 04       		.byte	0x4
 348 00ca 26       		.byte	0x26
 349 00cb 8F000000 		.4byte	0x8f
 350 00cf 0C       		.byte	0xc
 351 00d0 08       		.uleb128 0x8
 352 00d1 5E010000 		.4byte	.LASF16
 353 00d5 04       		.byte	0x4
 354 00d6 27       		.byte	0x27
 355 00d7 8F000000 		.4byte	0x8f
 356 00db 10       		.byte	0x10
 357 00dc 08       		.uleb128 0x8
 358 00dd 9C000000 		.4byte	.LASF17
 359 00e1 04       		.byte	0x4
 360 00e2 28       		.byte	0x28
 361 00e3 8F000000 		.4byte	0x8f
 362 00e7 14       		.byte	0x14
 363 00e8 08       		.uleb128 0x8
 364 00e9 87000000 		.4byte	.LASF18
 365 00ed 04       		.byte	0x4
 366 00ee 29       		.byte	0x29
 367 00ef 8F000000 		.4byte	0x8f
 368 00f3 18       		.byte	0x18
 369 00f4 08       		.uleb128 0x8
 370 00f5 6A030000 		.4byte	.LASF19
 371 00f9 04       		.byte	0x4
 372 00fa 2A       		.byte	0x2a
 373 00fb 94000000 		.4byte	0x94
 374 00ff 1C       		.byte	0x1c
 375 0100 08       		.uleb128 0x8
 376 0101 E6000000 		.4byte	.LASF20
 377 0105 04       		.byte	0x4
 378 0106 2B       		.byte	0x2b
 379 0107 8F000000 		.4byte	0x8f
 380 010b 20       		.byte	0x20
 381 010c 08       		.uleb128 0x8
 382 010d AE000000 		.4byte	.LASF21
 383 0111 04       		.byte	0x4
 384 0112 2C       		.byte	0x2c
 385 0113 8F000000 		.4byte	0x8f
 386 0117 24       		.byte	0x24
 387 0118 08       		.uleb128 0x8
 388 0119 B7000000 		.4byte	.LASF22
 389 011d 04       		.byte	0x4
 390 011e 2D       		.byte	0x2d
ARM GAS  C:\Users\gjl\AppData\Local\Temp\ccYp04na.s 			page 10


 391 011f 8F000000 		.4byte	0x8f
 392 0123 28       		.byte	0x28
 393 0124 08       		.uleb128 0x8
 394 0125 65020000 		.4byte	.LASF23
 395 0129 04       		.byte	0x4
 396 012a 2E       		.byte	0x2e
 397 012b 94000000 		.4byte	0x94
 398 012f 2C       		.byte	0x2c
 399 0130 08       		.uleb128 0x8
 400 0131 55020000 		.4byte	.LASF24
 401 0135 04       		.byte	0x4
 402 0136 2F       		.byte	0x2f
 403 0137 8F000000 		.4byte	0x8f
 404 013b 30       		.byte	0x30
 405 013c 08       		.uleb128 0x8
 406 013d B2010000 		.4byte	.LASF25
 407 0141 04       		.byte	0x4
 408 0142 30       		.byte	0x30
 409 0143 8F000000 		.4byte	0x8f
 410 0147 34       		.byte	0x34
 411 0148 08       		.uleb128 0x8
 412 0149 88030000 		.4byte	.LASF26
 413 014d 04       		.byte	0x4
 414 014e 31       		.byte	0x31
 415 014f 8F000000 		.4byte	0x8f
 416 0153 38       		.byte	0x38
 417 0154 08       		.uleb128 0x8
 418 0155 52010000 		.4byte	.LASF27
 419 0159 04       		.byte	0x4
 420 015a 32       		.byte	0x32
 421 015b 94000000 		.4byte	0x94
 422 015f 3C       		.byte	0x3c
 423 0160 00       		.byte	0
 424 0161 03       		.uleb128 0x3
 425 0162 65000000 		.4byte	.LASF28
 426 0166 04       		.byte	0x4
 427 0167 33       		.byte	0x33
 428 0168 99000000 		.4byte	0x99
 429 016c 0A       		.uleb128 0xa
 430 016d 0009     		.2byte	0x900
 431 016f 04       		.byte	0x4
 432 0170 38       		.byte	0x38
 433 0171 EF010000 		.4byte	0x1ef
 434 0175 08       		.uleb128 0x8
 435 0176 96010000 		.4byte	.LASF13
 436 017a 04       		.byte	0x4
 437 017b 39       		.byte	0x39
 438 017c 8F000000 		.4byte	0x8f
 439 0180 00       		.byte	0
 440 0181 08       		.uleb128 0x8
 441 0182 59030000 		.4byte	.LASF29
 442 0186 04       		.byte	0x4
 443 0187 3A       		.byte	0x3a
 444 0188 8F000000 		.4byte	0x8f
 445 018c 04       		.byte	0x4
 446 018d 08       		.uleb128 0x8
 447 018e 93000000 		.4byte	.LASF30
ARM GAS  C:\Users\gjl\AppData\Local\Temp\ccYp04na.s 			page 11


 448 0192 04       		.byte	0x4
 449 0193 3B       		.byte	0x3b
 450 0194 8F000000 		.4byte	0x8f
 451 0198 08       		.byte	0x8
 452 0199 08       		.uleb128 0x8
 453 019a 00010000 		.4byte	.LASF31
 454 019e 04       		.byte	0x4
 455 019f 3C       		.byte	0x3c
 456 01a0 8F000000 		.4byte	0x8f
 457 01a4 0C       		.byte	0xc
 458 01a5 08       		.uleb128 0x8
 459 01a6 A3000000 		.4byte	.LASF32
 460 01aa 04       		.byte	0x4
 461 01ab 3D       		.byte	0x3d
 462 01ac 8F000000 		.4byte	0x8f
 463 01b0 10       		.byte	0x10
 464 01b1 08       		.uleb128 0x8
 465 01b2 FE010000 		.4byte	.LASF33
 466 01b6 04       		.byte	0x4
 467 01b7 3E       		.byte	0x3e
 468 01b8 8F000000 		.4byte	0x8f
 469 01bc 14       		.byte	0x14
 470 01bd 08       		.uleb128 0x8
 471 01be 1D010000 		.4byte	.LASF34
 472 01c2 04       		.byte	0x4
 473 01c3 3F       		.byte	0x3f
 474 01c4 8F000000 		.4byte	0x8f
 475 01c8 18       		.byte	0x18
 476 01c9 08       		.uleb128 0x8
 477 01ca 9B010000 		.4byte	.LASF35
 478 01ce 04       		.byte	0x4
 479 01cf 40       		.byte	0x40
 480 01d0 94000000 		.4byte	0x94
 481 01d4 1C       		.byte	0x1c
 482 01d5 08       		.uleb128 0x8
 483 01d6 6A030000 		.4byte	.LASF19
 484 01da 04       		.byte	0x4
 485 01db 41       		.byte	0x41
 486 01dc 04020000 		.4byte	0x204
 487 01e0 20       		.byte	0x20
 488 01e1 0B       		.uleb128 0xb
 489 01e2 434E5400 		.ascii	"CNT\000"
 490 01e6 04       		.byte	0x4
 491 01e7 42       		.byte	0x42
 492 01e8 09020000 		.4byte	0x209
 493 01ec 0001     		.2byte	0x100
 494 01ee 00       		.byte	0
 495 01ef 0C       		.uleb128 0xc
 496 01f0 94000000 		.4byte	0x94
 497 01f4 FF010000 		.4byte	0x1ff
 498 01f8 0D       		.uleb128 0xd
 499 01f9 88000000 		.4byte	0x88
 500 01fd 37       		.byte	0x37
 501 01fe 00       		.byte	0
 502 01ff 05       		.uleb128 0x5
 503 0200 EF010000 		.4byte	0x1ef
 504 0204 06       		.uleb128 0x6
ARM GAS  C:\Users\gjl\AppData\Local\Temp\ccYp04na.s 			page 12


 505 0205 FF010000 		.4byte	0x1ff
 506 0209 0C       		.uleb128 0xc
 507 020a 61010000 		.4byte	0x161
 508 020e 19020000 		.4byte	0x219
 509 0212 0D       		.uleb128 0xd
 510 0213 88000000 		.4byte	0x88
 511 0217 1F       		.byte	0x1f
 512 0218 00       		.byte	0
 513 0219 03       		.uleb128 0x3
 514 021a 5A020000 		.4byte	.LASF36
 515 021e 04       		.byte	0x4
 516 021f 43       		.byte	0x43
 517 0220 6C010000 		.4byte	0x16c
 518 0224 02       		.uleb128 0x2
 519 0225 01       		.byte	0x1
 520 0226 08       		.byte	0x8
 521 0227 21020000 		.4byte	.LASF37
 522 022b 02       		.uleb128 0x2
 523 022c 04       		.byte	0x4
 524 022d 04       		.byte	0x4
 525 022e 27010000 		.4byte	.LASF38
 526 0232 02       		.uleb128 0x2
 527 0233 08       		.byte	0x8
 528 0234 04       		.byte	0x4
 529 0235 8B020000 		.4byte	.LASF39
 530 0239 0E       		.uleb128 0xe
 531 023a 04       		.byte	0x4
 532 023b 6F000000 		.4byte	0x6f
 533 023f 05       		.byte	0x5
 534 0240 4B01     		.2byte	0x14b
 535 0242 56020000 		.4byte	0x256
 536 0246 0F       		.uleb128 0xf
 537 0247 C0000000 		.4byte	.LASF40
 538 024b 00       		.byte	0
 539 024c 10       		.uleb128 0x10
 540 024d 26020000 		.4byte	.LASF41
 541 0251 0100B600 		.4byte	0xb60001
 542 0255 00       		.byte	0
 543 0256 11       		.uleb128 0x11
 544 0257 73030000 		.4byte	.LASF42
 545 025b 05       		.byte	0x5
 546 025c 4E01     		.2byte	0x14e
 547 025e 39020000 		.4byte	0x239
 548 0262 12       		.uleb128 0x12
 549 0263 39020000 		.4byte	.LASF58
 550 0267 20       		.byte	0x20
 551 0268 06       		.byte	0x6
 552 0269 2B       		.byte	0x2b
 553 026a CF020000 		.4byte	0x2cf
 554 026e 08       		.uleb128 0x8
 555 026f F3010000 		.4byte	.LASF43
 556 0273 06       		.byte	0x6
 557 0274 2E       		.byte	0x2e
 558 0275 76000000 		.4byte	0x76
 559 0279 00       		.byte	0
 560 027a 08       		.uleb128 0x8
 561 027b 0C010000 		.4byte	.LASF44
ARM GAS  C:\Users\gjl\AppData\Local\Temp\ccYp04na.s 			page 13


 562 027f 06       		.byte	0x6
 563 0280 30       		.byte	0x30
 564 0281 76000000 		.4byte	0x76
 565 0285 04       		.byte	0x4
 566 0286 08       		.uleb128 0x8
 567 0287 3C030000 		.4byte	.LASF45
 568 028b 06       		.byte	0x6
 569 028c 32       		.byte	0x32
 570 028d 76000000 		.4byte	0x76
 571 0291 08       		.byte	0x8
 572 0292 08       		.uleb128 0x8
 573 0293 DB010000 		.4byte	.LASF46
 574 0297 06       		.byte	0x6
 575 0298 34       		.byte	0x34
 576 0299 76000000 		.4byte	0x76
 577 029d 0C       		.byte	0xc
 578 029e 08       		.uleb128 0x8
 579 029f 4B030000 		.4byte	.LASF47
 580 02a3 06       		.byte	0x6
 581 02a4 36       		.byte	0x36
 582 02a5 76000000 		.4byte	0x76
 583 02a9 10       		.byte	0x10
 584 02aa 08       		.uleb128 0x8
 585 02ab DC000000 		.4byte	.LASF48
 586 02af 06       		.byte	0x6
 587 02b0 38       		.byte	0x38
 588 02b1 76000000 		.4byte	0x76
 589 02b5 14       		.byte	0x14
 590 02b6 08       		.uleb128 0x8
 591 02b7 6F020000 		.4byte	.LASF49
 592 02bb 06       		.byte	0x6
 593 02bc 3A       		.byte	0x3a
 594 02bd 76000000 		.4byte	0x76
 595 02c1 18       		.byte	0x18
 596 02c2 08       		.uleb128 0x8
 597 02c3 F6000000 		.4byte	.LASF50
 598 02c7 06       		.byte	0x6
 599 02c8 3C       		.byte	0x3c
 600 02c9 76000000 		.4byte	0x76
 601 02cd 1C       		.byte	0x1c
 602 02ce 00       		.byte	0
 603 02cf 03       		.uleb128 0x3
 604 02d0 00000000 		.4byte	.LASF51
 605 02d4 06       		.byte	0x6
 606 02d5 3E       		.byte	0x3e
 607 02d6 62020000 		.4byte	0x262
 608 02da 13       		.uleb128 0x13
 609 02db 72010000 		.4byte	.LASF59
 610 02df 01       		.byte	0x1
 611 02e0 2D       		.byte	0x2d
 612 02e1 56020000 		.4byte	0x256
 613 02e5 00000000 		.4byte	.LFB55
 614 02e9 94000000 		.4byte	.LFE55-.LFB55
 615 02ed 01       		.uleb128 0x1
 616 02ee 9C       		.byte	0x9c
 617 02ef 2E030000 		.4byte	0x32e
 618 02f3 14       		.uleb128 0x14
ARM GAS  C:\Users\gjl\AppData\Local\Temp\ccYp04na.s 			page 14


 619 02f4 E6030000 		.4byte	.LASF52
 620 02f8 01       		.byte	0x1
 621 02f9 2D       		.byte	0x2d
 622 02fa 2E030000 		.4byte	0x32e
 623 02fe 00000000 		.4byte	.LLST0
 624 0302 14       		.uleb128 0x14
 625 0303 4B010000 		.4byte	.LASF53
 626 0307 01       		.byte	0x1
 627 0308 2D       		.byte	0x2d
 628 0309 76000000 		.4byte	0x76
 629 030d 53000000 		.4byte	.LLST1
 630 0311 15       		.uleb128 0x15
 631 0312 EF000000 		.4byte	.LASF54
 632 0316 01       		.byte	0x1
 633 0317 2E       		.byte	0x2e
 634 0318 34030000 		.4byte	0x334
 635 031c 01       		.uleb128 0x1
 636 031d 52       		.byte	0x52
 637 031e 16       		.uleb128 0x16
 638 031f 1A020000 		.4byte	.LASF60
 639 0323 01       		.byte	0x1
 640 0324 30       		.byte	0x30
 641 0325 56020000 		.4byte	0x256
 642 0329 8D000000 		.4byte	.LLST2
 643 032d 00       		.byte	0
 644 032e 17       		.uleb128 0x17
 645 032f 04       		.byte	0x4
 646 0330 19020000 		.4byte	0x219
 647 0334 17       		.uleb128 0x17
 648 0335 04       		.byte	0x4
 649 0336 3A030000 		.4byte	0x33a
 650 033a 06       		.uleb128 0x6
 651 033b CF020000 		.4byte	0x2cf
 652 033f 18       		.uleb128 0x18
 653 0340 24030000 		.4byte	.LASF61
 654 0344 01       		.byte	0x1
 655 0345 62       		.byte	0x62
 656 0346 00000000 		.4byte	.LFB56
 657 034a 68000000 		.4byte	.LFE56-.LFB56
 658 034e 01       		.uleb128 0x1
 659 034f 9C       		.byte	0x9c
 660 0350 15       		.uleb128 0x15
 661 0351 E6030000 		.4byte	.LASF52
 662 0355 01       		.byte	0x1
 663 0356 62       		.byte	0x62
 664 0357 2E030000 		.4byte	0x32e
 665 035b 01       		.uleb128 0x1
 666 035c 50       		.byte	0x50
 667 035d 14       		.uleb128 0x14
 668 035e 4B010000 		.4byte	.LASF53
 669 0362 01       		.byte	0x1
 670 0363 62       		.byte	0x62
 671 0364 76000000 		.4byte	0x76
 672 0368 CC000000 		.4byte	.LLST3
 673 036c 15       		.uleb128 0x15
 674 036d EF000000 		.4byte	.LASF54
 675 0371 01       		.byte	0x1
ARM GAS  C:\Users\gjl\AppData\Local\Temp\ccYp04na.s 			page 15


 676 0372 62       		.byte	0x62
 677 0373 34030000 		.4byte	0x334
 678 0377 01       		.uleb128 0x1
 679 0378 52       		.byte	0x52
 680 0379 00       		.byte	0
 681 037a 00       		.byte	0
 682              		.section	.debug_abbrev,"",%progbits
 683              	.Ldebug_abbrev0:
 684 0000 01       		.uleb128 0x1
 685 0001 11       		.uleb128 0x11
 686 0002 01       		.byte	0x1
 687 0003 25       		.uleb128 0x25
 688 0004 0E       		.uleb128 0xe
 689 0005 13       		.uleb128 0x13
 690 0006 0B       		.uleb128 0xb
 691 0007 03       		.uleb128 0x3
 692 0008 0E       		.uleb128 0xe
 693 0009 1B       		.uleb128 0x1b
 694 000a 0E       		.uleb128 0xe
 695 000b 55       		.uleb128 0x55
 696 000c 17       		.uleb128 0x17
 697 000d 11       		.uleb128 0x11
 698 000e 01       		.uleb128 0x1
 699 000f 10       		.uleb128 0x10
 700 0010 17       		.uleb128 0x17
 701 0011 00       		.byte	0
 702 0012 00       		.byte	0
 703 0013 02       		.uleb128 0x2
 704 0014 24       		.uleb128 0x24
 705 0015 00       		.byte	0
 706 0016 0B       		.uleb128 0xb
 707 0017 0B       		.uleb128 0xb
 708 0018 3E       		.uleb128 0x3e
 709 0019 0B       		.uleb128 0xb
 710 001a 03       		.uleb128 0x3
 711 001b 0E       		.uleb128 0xe
 712 001c 00       		.byte	0
 713 001d 00       		.byte	0
 714 001e 03       		.uleb128 0x3
 715 001f 16       		.uleb128 0x16
 716 0020 00       		.byte	0
 717 0021 03       		.uleb128 0x3
 718 0022 0E       		.uleb128 0xe
 719 0023 3A       		.uleb128 0x3a
 720 0024 0B       		.uleb128 0xb
 721 0025 3B       		.uleb128 0x3b
 722 0026 0B       		.uleb128 0xb
 723 0027 49       		.uleb128 0x49
 724 0028 13       		.uleb128 0x13
 725 0029 00       		.byte	0
 726 002a 00       		.byte	0
 727 002b 04       		.uleb128 0x4
 728 002c 24       		.uleb128 0x24
 729 002d 00       		.byte	0
 730 002e 0B       		.uleb128 0xb
 731 002f 0B       		.uleb128 0xb
 732 0030 3E       		.uleb128 0x3e
ARM GAS  C:\Users\gjl\AppData\Local\Temp\ccYp04na.s 			page 16


 733 0031 0B       		.uleb128 0xb
 734 0032 03       		.uleb128 0x3
 735 0033 08       		.uleb128 0x8
 736 0034 00       		.byte	0
 737 0035 00       		.byte	0
 738 0036 05       		.uleb128 0x5
 739 0037 35       		.uleb128 0x35
 740 0038 00       		.byte	0
 741 0039 49       		.uleb128 0x49
 742 003a 13       		.uleb128 0x13
 743 003b 00       		.byte	0
 744 003c 00       		.byte	0
 745 003d 06       		.uleb128 0x6
 746 003e 26       		.uleb128 0x26
 747 003f 00       		.byte	0
 748 0040 49       		.uleb128 0x49
 749 0041 13       		.uleb128 0x13
 750 0042 00       		.byte	0
 751 0043 00       		.byte	0
 752 0044 07       		.uleb128 0x7
 753 0045 13       		.uleb128 0x13
 754 0046 01       		.byte	0x1
 755 0047 0B       		.uleb128 0xb
 756 0048 0B       		.uleb128 0xb
 757 0049 3A       		.uleb128 0x3a
 758 004a 0B       		.uleb128 0xb
 759 004b 3B       		.uleb128 0x3b
 760 004c 0B       		.uleb128 0xb
 761 004d 01       		.uleb128 0x1
 762 004e 13       		.uleb128 0x13
 763 004f 00       		.byte	0
 764 0050 00       		.byte	0
 765 0051 08       		.uleb128 0x8
 766 0052 0D       		.uleb128 0xd
 767 0053 00       		.byte	0
 768 0054 03       		.uleb128 0x3
 769 0055 0E       		.uleb128 0xe
 770 0056 3A       		.uleb128 0x3a
 771 0057 0B       		.uleb128 0xb
 772 0058 3B       		.uleb128 0x3b
 773 0059 0B       		.uleb128 0xb
 774 005a 49       		.uleb128 0x49
 775 005b 13       		.uleb128 0x13
 776 005c 38       		.uleb128 0x38
 777 005d 0B       		.uleb128 0xb
 778 005e 00       		.byte	0
 779 005f 00       		.byte	0
 780 0060 09       		.uleb128 0x9
 781 0061 0D       		.uleb128 0xd
 782 0062 00       		.byte	0
 783 0063 03       		.uleb128 0x3
 784 0064 08       		.uleb128 0x8
 785 0065 3A       		.uleb128 0x3a
 786 0066 0B       		.uleb128 0xb
 787 0067 3B       		.uleb128 0x3b
 788 0068 0B       		.uleb128 0xb
 789 0069 49       		.uleb128 0x49
ARM GAS  C:\Users\gjl\AppData\Local\Temp\ccYp04na.s 			page 17


 790 006a 13       		.uleb128 0x13
 791 006b 38       		.uleb128 0x38
 792 006c 0B       		.uleb128 0xb
 793 006d 00       		.byte	0
 794 006e 00       		.byte	0
 795 006f 0A       		.uleb128 0xa
 796 0070 13       		.uleb128 0x13
 797 0071 01       		.byte	0x1
 798 0072 0B       		.uleb128 0xb
 799 0073 05       		.uleb128 0x5
 800 0074 3A       		.uleb128 0x3a
 801 0075 0B       		.uleb128 0xb
 802 0076 3B       		.uleb128 0x3b
 803 0077 0B       		.uleb128 0xb
 804 0078 01       		.uleb128 0x1
 805 0079 13       		.uleb128 0x13
 806 007a 00       		.byte	0
 807 007b 00       		.byte	0
 808 007c 0B       		.uleb128 0xb
 809 007d 0D       		.uleb128 0xd
 810 007e 00       		.byte	0
 811 007f 03       		.uleb128 0x3
 812 0080 08       		.uleb128 0x8
 813 0081 3A       		.uleb128 0x3a
 814 0082 0B       		.uleb128 0xb
 815 0083 3B       		.uleb128 0x3b
 816 0084 0B       		.uleb128 0xb
 817 0085 49       		.uleb128 0x49
 818 0086 13       		.uleb128 0x13
 819 0087 38       		.uleb128 0x38
 820 0088 05       		.uleb128 0x5
 821 0089 00       		.byte	0
 822 008a 00       		.byte	0
 823 008b 0C       		.uleb128 0xc
 824 008c 01       		.uleb128 0x1
 825 008d 01       		.byte	0x1
 826 008e 49       		.uleb128 0x49
 827 008f 13       		.uleb128 0x13
 828 0090 01       		.uleb128 0x1
 829 0091 13       		.uleb128 0x13
 830 0092 00       		.byte	0
 831 0093 00       		.byte	0
 832 0094 0D       		.uleb128 0xd
 833 0095 21       		.uleb128 0x21
 834 0096 00       		.byte	0
 835 0097 49       		.uleb128 0x49
 836 0098 13       		.uleb128 0x13
 837 0099 2F       		.uleb128 0x2f
 838 009a 0B       		.uleb128 0xb
 839 009b 00       		.byte	0
 840 009c 00       		.byte	0
 841 009d 0E       		.uleb128 0xe
 842 009e 04       		.uleb128 0x4
 843 009f 01       		.byte	0x1
 844 00a0 0B       		.uleb128 0xb
 845 00a1 0B       		.uleb128 0xb
 846 00a2 49       		.uleb128 0x49
ARM GAS  C:\Users\gjl\AppData\Local\Temp\ccYp04na.s 			page 18


 847 00a3 13       		.uleb128 0x13
 848 00a4 3A       		.uleb128 0x3a
 849 00a5 0B       		.uleb128 0xb
 850 00a6 3B       		.uleb128 0x3b
 851 00a7 05       		.uleb128 0x5
 852 00a8 01       		.uleb128 0x1
 853 00a9 13       		.uleb128 0x13
 854 00aa 00       		.byte	0
 855 00ab 00       		.byte	0
 856 00ac 0F       		.uleb128 0xf
 857 00ad 28       		.uleb128 0x28
 858 00ae 00       		.byte	0
 859 00af 03       		.uleb128 0x3
 860 00b0 0E       		.uleb128 0xe
 861 00b1 1C       		.uleb128 0x1c
 862 00b2 0B       		.uleb128 0xb
 863 00b3 00       		.byte	0
 864 00b4 00       		.byte	0
 865 00b5 10       		.uleb128 0x10
 866 00b6 28       		.uleb128 0x28
 867 00b7 00       		.byte	0
 868 00b8 03       		.uleb128 0x3
 869 00b9 0E       		.uleb128 0xe
 870 00ba 1C       		.uleb128 0x1c
 871 00bb 06       		.uleb128 0x6
 872 00bc 00       		.byte	0
 873 00bd 00       		.byte	0
 874 00be 11       		.uleb128 0x11
 875 00bf 16       		.uleb128 0x16
 876 00c0 00       		.byte	0
 877 00c1 03       		.uleb128 0x3
 878 00c2 0E       		.uleb128 0xe
 879 00c3 3A       		.uleb128 0x3a
 880 00c4 0B       		.uleb128 0xb
 881 00c5 3B       		.uleb128 0x3b
 882 00c6 05       		.uleb128 0x5
 883 00c7 49       		.uleb128 0x49
 884 00c8 13       		.uleb128 0x13
 885 00c9 00       		.byte	0
 886 00ca 00       		.byte	0
 887 00cb 12       		.uleb128 0x12
 888 00cc 13       		.uleb128 0x13
 889 00cd 01       		.byte	0x1
 890 00ce 03       		.uleb128 0x3
 891 00cf 0E       		.uleb128 0xe
 892 00d0 0B       		.uleb128 0xb
 893 00d1 0B       		.uleb128 0xb
 894 00d2 3A       		.uleb128 0x3a
 895 00d3 0B       		.uleb128 0xb
 896 00d4 3B       		.uleb128 0x3b
 897 00d5 0B       		.uleb128 0xb
 898 00d6 01       		.uleb128 0x1
 899 00d7 13       		.uleb128 0x13
 900 00d8 00       		.byte	0
 901 00d9 00       		.byte	0
 902 00da 13       		.uleb128 0x13
 903 00db 2E       		.uleb128 0x2e
ARM GAS  C:\Users\gjl\AppData\Local\Temp\ccYp04na.s 			page 19


 904 00dc 01       		.byte	0x1
 905 00dd 3F       		.uleb128 0x3f
 906 00de 19       		.uleb128 0x19
 907 00df 03       		.uleb128 0x3
 908 00e0 0E       		.uleb128 0xe
 909 00e1 3A       		.uleb128 0x3a
 910 00e2 0B       		.uleb128 0xb
 911 00e3 3B       		.uleb128 0x3b
 912 00e4 0B       		.uleb128 0xb
 913 00e5 27       		.uleb128 0x27
 914 00e6 19       		.uleb128 0x19
 915 00e7 49       		.uleb128 0x49
 916 00e8 13       		.uleb128 0x13
 917 00e9 11       		.uleb128 0x11
 918 00ea 01       		.uleb128 0x1
 919 00eb 12       		.uleb128 0x12
 920 00ec 06       		.uleb128 0x6
 921 00ed 40       		.uleb128 0x40
 922 00ee 18       		.uleb128 0x18
 923 00ef 9742     		.uleb128 0x2117
 924 00f1 19       		.uleb128 0x19
 925 00f2 01       		.uleb128 0x1
 926 00f3 13       		.uleb128 0x13
 927 00f4 00       		.byte	0
 928 00f5 00       		.byte	0
 929 00f6 14       		.uleb128 0x14
 930 00f7 05       		.uleb128 0x5
 931 00f8 00       		.byte	0
 932 00f9 03       		.uleb128 0x3
 933 00fa 0E       		.uleb128 0xe
 934 00fb 3A       		.uleb128 0x3a
 935 00fc 0B       		.uleb128 0xb
 936 00fd 3B       		.uleb128 0x3b
 937 00fe 0B       		.uleb128 0xb
 938 00ff 49       		.uleb128 0x49
 939 0100 13       		.uleb128 0x13
 940 0101 02       		.uleb128 0x2
 941 0102 17       		.uleb128 0x17
 942 0103 00       		.byte	0
 943 0104 00       		.byte	0
 944 0105 15       		.uleb128 0x15
 945 0106 05       		.uleb128 0x5
 946 0107 00       		.byte	0
 947 0108 03       		.uleb128 0x3
 948 0109 0E       		.uleb128 0xe
 949 010a 3A       		.uleb128 0x3a
 950 010b 0B       		.uleb128 0xb
 951 010c 3B       		.uleb128 0x3b
 952 010d 0B       		.uleb128 0xb
 953 010e 49       		.uleb128 0x49
 954 010f 13       		.uleb128 0x13
 955 0110 02       		.uleb128 0x2
 956 0111 18       		.uleb128 0x18
 957 0112 00       		.byte	0
 958 0113 00       		.byte	0
 959 0114 16       		.uleb128 0x16
 960 0115 34       		.uleb128 0x34
ARM GAS  C:\Users\gjl\AppData\Local\Temp\ccYp04na.s 			page 20


 961 0116 00       		.byte	0
 962 0117 03       		.uleb128 0x3
 963 0118 0E       		.uleb128 0xe
 964 0119 3A       		.uleb128 0x3a
 965 011a 0B       		.uleb128 0xb
 966 011b 3B       		.uleb128 0x3b
 967 011c 0B       		.uleb128 0xb
 968 011d 49       		.uleb128 0x49
 969 011e 13       		.uleb128 0x13
 970 011f 02       		.uleb128 0x2
 971 0120 17       		.uleb128 0x17
 972 0121 00       		.byte	0
 973 0122 00       		.byte	0
 974 0123 17       		.uleb128 0x17
 975 0124 0F       		.uleb128 0xf
 976 0125 00       		.byte	0
 977 0126 0B       		.uleb128 0xb
 978 0127 0B       		.uleb128 0xb
 979 0128 49       		.uleb128 0x49
 980 0129 13       		.uleb128 0x13
 981 012a 00       		.byte	0
 982 012b 00       		.byte	0
 983 012c 18       		.uleb128 0x18
 984 012d 2E       		.uleb128 0x2e
 985 012e 01       		.byte	0x1
 986 012f 3F       		.uleb128 0x3f
 987 0130 19       		.uleb128 0x19
 988 0131 03       		.uleb128 0x3
 989 0132 0E       		.uleb128 0xe
 990 0133 3A       		.uleb128 0x3a
 991 0134 0B       		.uleb128 0xb
 992 0135 3B       		.uleb128 0x3b
 993 0136 0B       		.uleb128 0xb
 994 0137 27       		.uleb128 0x27
 995 0138 19       		.uleb128 0x19
 996 0139 11       		.uleb128 0x11
 997 013a 01       		.uleb128 0x1
 998 013b 12       		.uleb128 0x12
 999 013c 06       		.uleb128 0x6
 1000 013d 40       		.uleb128 0x40
 1001 013e 18       		.uleb128 0x18
 1002 013f 9742     		.uleb128 0x2117
 1003 0141 19       		.uleb128 0x19
 1004 0142 00       		.byte	0
 1005 0143 00       		.byte	0
 1006 0144 00       		.byte	0
 1007              		.section	.debug_loc,"",%progbits
 1008              	.Ldebug_loc0:
 1009              	.LLST0:
 1010 0000 00000000 		.4byte	.LVL0
 1011 0004 72000000 		.4byte	.LVL3
 1012 0008 0100     		.2byte	0x1
 1013 000a 50       		.byte	0x50
 1014 000b 72000000 		.4byte	.LVL3
 1015 000f 84000000 		.4byte	.LVL5
 1016 0013 0400     		.2byte	0x4
 1017 0015 F3       		.byte	0xf3
ARM GAS  C:\Users\gjl\AppData\Local\Temp\ccYp04na.s 			page 21


 1018 0016 01       		.uleb128 0x1
 1019 0017 50       		.byte	0x50
 1020 0018 9F       		.byte	0x9f
 1021 0019 84000000 		.4byte	.LVL5
 1022 001d 86000000 		.4byte	.LVL6
 1023 0021 0100     		.2byte	0x1
 1024 0023 50       		.byte	0x50
 1025 0024 86000000 		.4byte	.LVL6
 1026 0028 88000000 		.4byte	.LVL7
 1027 002c 0400     		.2byte	0x4
 1028 002e F3       		.byte	0xf3
 1029 002f 01       		.uleb128 0x1
 1030 0030 50       		.byte	0x50
 1031 0031 9F       		.byte	0x9f
 1032 0032 88000000 		.4byte	.LVL7
 1033 0036 8A000000 		.4byte	.LVL8
 1034 003a 0100     		.2byte	0x1
 1035 003c 50       		.byte	0x50
 1036 003d 8A000000 		.4byte	.LVL8
 1037 0041 94000000 		.4byte	.LFE55
 1038 0045 0400     		.2byte	0x4
 1039 0047 F3       		.byte	0xf3
 1040 0048 01       		.uleb128 0x1
 1041 0049 50       		.byte	0x50
 1042 004a 9F       		.byte	0x9f
 1043 004b 00000000 		.4byte	0
 1044 004f 00000000 		.4byte	0
 1045              	.LLST1:
 1046 0053 00000000 		.4byte	.LVL0
 1047 0057 6E000000 		.4byte	.LVL2
 1048 005b 0100     		.2byte	0x1
 1049 005d 51       		.byte	0x51
 1050 005e 6E000000 		.4byte	.LVL2
 1051 0062 84000000 		.4byte	.LVL5
 1052 0066 0400     		.2byte	0x4
 1053 0068 F3       		.byte	0xf3
 1054 0069 01       		.uleb128 0x1
 1055 006a 51       		.byte	0x51
 1056 006b 9F       		.byte	0x9f
 1057 006c 84000000 		.4byte	.LVL5
 1058 0070 8A000000 		.4byte	.LVL8
 1059 0074 0100     		.2byte	0x1
 1060 0076 51       		.byte	0x51
 1061 0077 8A000000 		.4byte	.LVL8
 1062 007b 94000000 		.4byte	.LFE55
 1063 007f 0400     		.2byte	0x4
 1064 0081 F3       		.byte	0xf3
 1065 0082 01       		.uleb128 0x1
 1066 0083 51       		.byte	0x51
 1067 0084 9F       		.byte	0x9f
 1068 0085 00000000 		.4byte	0
 1069 0089 00000000 		.4byte	0
 1070              	.LLST2:
 1071 008d 02000000 		.4byte	.LVL1
 1072 0091 80000000 		.4byte	.LVL4
 1073 0095 0600     		.2byte	0x6
 1074 0097 0C       		.byte	0xc
ARM GAS  C:\Users\gjl\AppData\Local\Temp\ccYp04na.s 			page 22


 1075 0098 0100B600 		.4byte	0xb60001
 1076 009c 9F       		.byte	0x9f
 1077 009d 80000000 		.4byte	.LVL4
 1078 00a1 84000000 		.4byte	.LVL5
 1079 00a5 0200     		.2byte	0x2
 1080 00a7 30       		.byte	0x30
 1081 00a8 9F       		.byte	0x9f
 1082 00a9 84000000 		.4byte	.LVL5
 1083 00ad 8A000000 		.4byte	.LVL8
 1084 00b1 0600     		.2byte	0x6
 1085 00b3 0C       		.byte	0xc
 1086 00b4 0100B600 		.4byte	0xb60001
 1087 00b8 9F       		.byte	0x9f
 1088 00b9 8A000000 		.4byte	.LVL8
 1089 00bd 94000000 		.4byte	.LFE55
 1090 00c1 0100     		.2byte	0x1
 1091 00c3 50       		.byte	0x50
 1092 00c4 00000000 		.4byte	0
 1093 00c8 00000000 		.4byte	0
 1094              	.LLST3:
 1095 00cc 00000000 		.4byte	.LVL9
 1096 00d0 56000000 		.4byte	.LVL10
 1097 00d4 0100     		.2byte	0x1
 1098 00d6 51       		.byte	0x51
 1099 00d7 56000000 		.4byte	.LVL10
 1100 00db 68000000 		.4byte	.LFE56
 1101 00df 0400     		.2byte	0x4
 1102 00e1 F3       		.byte	0xf3
 1103 00e2 01       		.uleb128 0x1
 1104 00e3 51       		.byte	0x51
 1105 00e4 9F       		.byte	0x9f
 1106 00e5 00000000 		.4byte	0
 1107 00e9 00000000 		.4byte	0
 1108              		.section	.debug_aranges,"",%progbits
 1109 0000 24000000 		.4byte	0x24
 1110 0004 0200     		.2byte	0x2
 1111 0006 00000000 		.4byte	.Ldebug_info0
 1112 000a 04       		.byte	0x4
 1113 000b 00       		.byte	0
 1114 000c 0000     		.2byte	0
 1115 000e 0000     		.2byte	0
 1116 0010 00000000 		.4byte	.LFB55
 1117 0014 94000000 		.4byte	.LFE55-.LFB55
 1118 0018 00000000 		.4byte	.LFB56
 1119 001c 68000000 		.4byte	.LFE56-.LFB56
 1120 0020 00000000 		.4byte	0
 1121 0024 00000000 		.4byte	0
 1122              		.section	.debug_ranges,"",%progbits
 1123              	.Ldebug_ranges0:
 1124 0000 00000000 		.4byte	.LFB55
 1125 0004 94000000 		.4byte	.LFE55
 1126 0008 00000000 		.4byte	.LFB56
 1127 000c 68000000 		.4byte	.LFE56
 1128 0010 00000000 		.4byte	0
 1129 0014 00000000 		.4byte	0
 1130              		.section	.debug_line,"",%progbits
 1131              	.Ldebug_line0:
ARM GAS  C:\Users\gjl\AppData\Local\Temp\ccYp04na.s 			page 23


 1132 0000 0D020000 		.section	.debug_str,"MS",%progbits,1
 1132      0200BA01 
 1132      00000201 
 1132      FB0E0D00 
 1132      01010101 
 1133              	.LASF51:
 1134 0000 63795F73 		.ascii	"cy_stc_tcpwm_quaddec_config_t\000"
 1134      74635F74 
 1134      6370776D 
 1134      5F717561 
 1134      64646563 
 1135              	.LASF56:
 1136 001e 47656E65 		.ascii	"Generated_Source\\PSoC6\\pdl\\drivers\\peripheral\\"
 1136      72617465 
 1136      645F536F 
 1136      75726365 
 1136      5C50536F 
 1137 004c 74637077 		.ascii	"tcpwm\\cy_tcpwm_quaddec.c\000"
 1137      6D5C6379 
 1137      5F746370 
 1137      776D5F71 
 1137      75616464 
 1138              	.LASF28:
 1139 0065 54435057 		.ascii	"TCPWM_CNT_Type\000"
 1139      4D5F434E 
 1139      545F5479 
 1139      706500
 1140              	.LASF2:
 1141 0074 73686F72 		.ascii	"short int\000"
 1141      7420696E 
 1141      7400
 1142              	.LASF12:
 1143 007e 73697A65 		.ascii	"sizetype\000"
 1143      74797065 
 1143      00
 1144              	.LASF18:
 1145 0087 50455249 		.ascii	"PERIOD_BUFF\000"
 1145      4F445F42 
 1145      55464600 
 1146              	.LASF30:
 1147 0093 4354524C 		.ascii	"CTRL_SET\000"
 1147      5F534554 
 1147      00
 1148              	.LASF17:
 1149 009c 50455249 		.ascii	"PERIOD\000"
 1149      4F4400
 1150              	.LASF32:
 1151 00a3 434D445F 		.ascii	"CMD_RELOAD\000"
 1151      52454C4F 
 1151      414400
 1152              	.LASF21:
 1153 00ae 54525F43 		.ascii	"TR_CTRL1\000"
 1153      54524C31 
 1153      00
 1154              	.LASF22:
 1155 00b7 54525F43 		.ascii	"TR_CTRL2\000"
 1155      54524C32 
ARM GAS  C:\Users\gjl\AppData\Local\Temp\ccYp04na.s 			page 24


 1155      00
 1156              	.LASF40:
 1157 00c0 43595F54 		.ascii	"CY_TCPWM_SUCCESS\000"
 1157      4350574D 
 1157      5F535543 
 1157      43455353 
 1157      00
 1158              	.LASF9:
 1159 00d1 5F5F7569 		.ascii	"__uint32_t\000"
 1159      6E743332 
 1159      5F7400
 1160              	.LASF48:
 1161 00dc 73746F70 		.ascii	"stopInput\000"
 1161      496E7075 
 1161      7400
 1162              	.LASF20:
 1163 00e6 54525F43 		.ascii	"TR_CTRL0\000"
 1163      54524C30 
 1163      00
 1164              	.LASF54:
 1165 00ef 636F6E66 		.ascii	"config\000"
 1165      696700
 1166              	.LASF50:
 1167 00f6 70686942 		.ascii	"phiBInput\000"
 1167      496E7075 
 1167      7400
 1168              	.LASF31:
 1169 0100 434D445F 		.ascii	"CMD_CAPTURE\000"
 1169      43415054 
 1169      55524500 
 1170              	.LASF44:
 1171 010c 696E7465 		.ascii	"interruptSources\000"
 1171      72727570 
 1171      74536F75 
 1171      72636573 
 1171      00
 1172              	.LASF34:
 1173 011d 434D445F 		.ascii	"CMD_START\000"
 1173      53544152 
 1173      5400
 1174              	.LASF38:
 1175 0127 666C6F61 		.ascii	"float\000"
 1175      7400
 1176              	.LASF6:
 1177 012d 6C6F6E67 		.ascii	"long long int\000"
 1177      206C6F6E 
 1177      6720696E 
 1177      7400
 1178              	.LASF14:
 1179 013b 53544154 		.ascii	"STATUS\000"
 1179      555300
 1180              	.LASF4:
 1181 0142 6C6F6E67 		.ascii	"long int\000"
 1181      20696E74 
 1181      00
 1182              	.LASF53:
 1183 014b 636E744E 		.ascii	"cntNum\000"
ARM GAS  C:\Users\gjl\AppData\Local\Temp\ccYp04na.s 			page 25


 1183      756D00
 1184              	.LASF27:
 1185 0152 494E5452 		.ascii	"INTR_MASKED\000"
 1185      5F4D4153 
 1185      4B454400 
 1186              	.LASF16:
 1187 015e 43435F42 		.ascii	"CC_BUFF\000"
 1187      55464600 
 1188              	.LASF11:
 1189 0166 6C6F6E67 		.ascii	"long double\000"
 1189      20646F75 
 1189      626C6500 
 1190              	.LASF59:
 1191 0172 43795F54 		.ascii	"Cy_TCPWM_QuadDec_Init\000"
 1191      4350574D 
 1191      5F517561 
 1191      64446563 
 1191      5F496E69 
 1192              	.LASF1:
 1193 0188 756E7369 		.ascii	"unsigned char\000"
 1193      676E6564 
 1193      20636861 
 1193      7200
 1194              	.LASF13:
 1195 0196 4354524C 		.ascii	"CTRL\000"
 1195      00
 1196              	.LASF35:
 1197 019b 494E5452 		.ascii	"INTR_CAUSE\000"
 1197      5F434155 
 1197      534500
 1198              	.LASF0:
 1199 01a6 7369676E 		.ascii	"signed char\000"
 1199      65642063 
 1199      68617200 
 1200              	.LASF25:
 1201 01b2 494E5452 		.ascii	"INTR_SET\000"
 1201      5F534554 
 1201      00
 1202              	.LASF7:
 1203 01bb 6C6F6E67 		.ascii	"long long unsigned int\000"
 1203      206C6F6E 
 1203      6720756E 
 1203      7369676E 
 1203      65642069 
 1204              	.LASF10:
 1205 01d2 75696E74 		.ascii	"uint32_t\000"
 1205      33325F74 
 1205      00
 1206              	.LASF46:
 1207 01db 696E6465 		.ascii	"indexInput\000"
 1207      78496E70 
 1207      757400
 1208              	.LASF8:
 1209 01e6 756E7369 		.ascii	"unsigned int\000"
 1209      676E6564 
 1209      20696E74 
 1209      00
ARM GAS  C:\Users\gjl\AppData\Local\Temp\ccYp04na.s 			page 26


 1210              	.LASF43:
 1211 01f3 7265736F 		.ascii	"resolution\000"
 1211      6C757469 
 1211      6F6E00
 1212              	.LASF33:
 1213 01fe 434D445F 		.ascii	"CMD_STOP\000"
 1213      53544F50 
 1213      00
 1214              	.LASF3:
 1215 0207 73686F72 		.ascii	"short unsigned int\000"
 1215      7420756E 
 1215      7369676E 
 1215      65642069 
 1215      6E7400
 1216              	.LASF60:
 1217 021a 73746174 		.ascii	"status\000"
 1217      757300
 1218              	.LASF37:
 1219 0221 63686172 		.ascii	"char\000"
 1219      00
 1220              	.LASF41:
 1221 0226 43595F54 		.ascii	"CY_TCPWM_BAD_PARAM\000"
 1221      4350574D 
 1221      5F424144 
 1221      5F504152 
 1221      414D00
 1222              	.LASF58:
 1223 0239 63795F73 		.ascii	"cy_stc_tcpwm_quaddec_config\000"
 1223      74635F74 
 1223      6370776D 
 1223      5F717561 
 1223      64646563 
 1224              	.LASF24:
 1225 0255 494E5452 		.ascii	"INTR\000"
 1225      00
 1226              	.LASF36:
 1227 025a 54435057 		.ascii	"TCPWM_Type\000"
 1227      4D5F5479 
 1227      706500
 1228              	.LASF23:
 1229 0265 52455345 		.ascii	"RESERVED1\000"
 1229      52564544 
 1229      3100
 1230              	.LASF49:
 1231 026f 70686941 		.ascii	"phiAInput\000"
 1231      496E7075 
 1231      7400
 1232              	.LASF5:
 1233 0279 6C6F6E67 		.ascii	"long unsigned int\000"
 1233      20756E73 
 1233      69676E65 
 1233      6420696E 
 1233      7400
 1234              	.LASF39:
 1235 028b 646F7562 		.ascii	"double\000"
 1235      6C6500
 1236              	.LASF55:
ARM GAS  C:\Users\gjl\AppData\Local\Temp\ccYp04na.s 			page 27


 1237 0292 474E5520 		.ascii	"GNU C11 5.4.1 20160609 (release) [ARM/embedded-5-br"
 1237      43313120 
 1237      352E342E 
 1237      31203230 
 1237      31363036 
 1238 02c5 616E6368 		.ascii	"anch revision 237715] -mcpu=cortex-m0plus -mthumb -"
 1238      20726576 
 1238      6973696F 
 1238      6E203233 
 1238      37373135 
 1239 02f8 67202D4F 		.ascii	"g -Og -ffunction-sections -ffat-lto-objects\000"
 1239      67202D66 
 1239      66756E63 
 1239      74696F6E 
 1239      2D736563 
 1240              	.LASF61:
 1241 0324 43795F54 		.ascii	"Cy_TCPWM_QuadDec_DeInit\000"
 1241      4350574D 
 1241      5F517561 
 1241      64446563 
 1241      5F446549 
 1242              	.LASF45:
 1243 033c 696E6465 		.ascii	"indexInputMode\000"
 1243      78496E70 
 1243      75744D6F 
 1243      646500
 1244              	.LASF47:
 1245 034b 73746F70 		.ascii	"stopInputMode\000"
 1245      496E7075 
 1245      744D6F64 
 1245      6500
 1246              	.LASF29:
 1247 0359 4354524C 		.ascii	"CTRL_CLR\000"
 1247      5F434C52 
 1247      00
 1248              	.LASF15:
 1249 0362 434F554E 		.ascii	"COUNTER\000"
 1249      54455200 
 1250              	.LASF19:
 1251 036a 52455345 		.ascii	"RESERVED\000"
 1251      52564544 
 1251      00
 1252              	.LASF42:
 1253 0373 63795F65 		.ascii	"cy_en_tcpwm_status_t\000"
 1253      6E5F7463 
 1253      70776D5F 
 1253      73746174 
 1253      75735F74 
 1254              	.LASF26:
 1255 0388 494E5452 		.ascii	"INTR_MASK\000"
 1255      5F4D4153 
 1255      4B00
 1256              	.LASF57:
 1257 0392 433A5C47 		.ascii	"C:\\Git\\PSoC6-101-Videos\\Projects_ScreenCapture\\"
 1257      69745C50 
 1257      536F4336 
 1257      2D313031 
ARM GAS  C:\Users\gjl\AppData\Local\Temp\ccYp04na.s 			page 28


 1257      2D566964 
 1258 03c1 50536F43 		.ascii	"PSoC 6_101\\2-4-BasicKillSwitch.cydsn\000"
 1258      20365F31 
 1258      30315C32 
 1258      2D342D42 
 1258      61736963 
 1259              	.LASF52:
 1260 03e6 62617365 		.ascii	"base\000"
 1260      00
 1261              		.ident	"GCC: (GNU Tools for ARM Embedded Processors) 5.4.1 20160609 (release) [ARM/embedded-5-bran
