ARM GAS  C:\Users\gjl\AppData\Local\Temp\ccONHtXv.s 			page 1


   1              		.syntax unified
   2              		.cpu cortex-m0plus
   3              		.fpu softvfp
   4              		.eabi_attribute 20, 1
   5              		.eabi_attribute 21, 1
   6              		.eabi_attribute 23, 3
   7              		.eabi_attribute 24, 1
   8              		.eabi_attribute 25, 1
   9              		.eabi_attribute 26, 1
  10              		.eabi_attribute 30, 1
  11              		.eabi_attribute 34, 0
  12              		.eabi_attribute 18, 4
  13              		.thumb
  14              		.syntax unified
  15              		.file	"main_cm0p.c"
  16              		.text
  17              	.Ltext0:
  18              		.cfi_sections	.debug_frame
  19              		.section	.text.main,"ax",%progbits
  20              		.align	2
  21              		.global	main
  22              		.code	16
  23              		.thumb_func
  24              		.type	main, %function
  25              	main:
  26              	.LFB306:
  27              		.file 1 "main_cm0p.c"
   1:main_cm0p.c   **** /* ========================================
   2:main_cm0p.c   ****  *
   3:main_cm0p.c   ****  * Copyright YOUR COMPANY, THE YEAR
   4:main_cm0p.c   ****  * All Rights Reserved
   5:main_cm0p.c   ****  * UNPUBLISHED, LICENSED SOFTWARE.
   6:main_cm0p.c   ****  *
   7:main_cm0p.c   ****  * CONFIDENTIAL AND PROPRIETARY INFORMATION
   8:main_cm0p.c   ****  * WHICH IS THE PROPERTY OF your company.
   9:main_cm0p.c   ****  *
  10:main_cm0p.c   ****  * ========================================
  11:main_cm0p.c   **** */
  12:main_cm0p.c   **** #include "project.h"
  13:main_cm0p.c   **** 
  14:main_cm0p.c   **** int main(void)
  15:main_cm0p.c   **** {
  28              		.loc 1 15 0
  29              		.cfi_startproc
  30              		@ Volatile: function does not return.
  31              		@ args = 0, pretend = 0, frame = 0
  32              		@ frame_needed = 0, uses_anonymous_args = 0
  33 0000 10B5     		push	{r4, lr}
  34              		.cfi_def_cfa_offset 8
  35              		.cfi_offset 4, -8
  36              		.cfi_offset 14, -4
  37              	.LBB4:
  38              	.LBB5:
  39              		.file 2 "Generated_Source\\PSoC6\\pdl\\cmsis/include/cmsis_gcc.h"
   1:Generated_Source\PSoC6\pdl\cmsis/include/cmsis_gcc.h **** /**************************************************************************//**
   2:Generated_Source\PSoC6\pdl\cmsis/include/cmsis_gcc.h ****  * @file     cmsis_gcc.h
   3:Generated_Source\PSoC6\pdl\cmsis/include/cmsis_gcc.h ****  * @brief    CMSIS compiler GCC header file
ARM GAS  C:\Users\gjl\AppData\Local\Temp\ccONHtXv.s 			page 2


   4:Generated_Source\PSoC6\pdl\cmsis/include/cmsis_gcc.h ****  * @version  V5.0.1
   5:Generated_Source\PSoC6\pdl\cmsis/include/cmsis_gcc.h ****  * @date     02. February 2017
   6:Generated_Source\PSoC6\pdl\cmsis/include/cmsis_gcc.h ****  ******************************************************************************/
   7:Generated_Source\PSoC6\pdl\cmsis/include/cmsis_gcc.h **** /*
   8:Generated_Source\PSoC6\pdl\cmsis/include/cmsis_gcc.h ****  * Copyright (c) 2009-2017 ARM Limited. All rights reserved.
   9:Generated_Source\PSoC6\pdl\cmsis/include/cmsis_gcc.h ****  *
  10:Generated_Source\PSoC6\pdl\cmsis/include/cmsis_gcc.h ****  * SPDX-License-Identifier: Apache-2.0
  11:Generated_Source\PSoC6\pdl\cmsis/include/cmsis_gcc.h ****  *
  12:Generated_Source\PSoC6\pdl\cmsis/include/cmsis_gcc.h ****  * Licensed under the Apache License, Version 2.0 (the License); you may
  13:Generated_Source\PSoC6\pdl\cmsis/include/cmsis_gcc.h ****  * not use this file except in compliance with the License.
  14:Generated_Source\PSoC6\pdl\cmsis/include/cmsis_gcc.h ****  * You may obtain a copy of the License at
  15:Generated_Source\PSoC6\pdl\cmsis/include/cmsis_gcc.h ****  *
  16:Generated_Source\PSoC6\pdl\cmsis/include/cmsis_gcc.h ****  * www.apache.org/licenses/LICENSE-2.0
  17:Generated_Source\PSoC6\pdl\cmsis/include/cmsis_gcc.h ****  *
  18:Generated_Source\PSoC6\pdl\cmsis/include/cmsis_gcc.h ****  * Unless required by applicable law or agreed to in writing, software
  19:Generated_Source\PSoC6\pdl\cmsis/include/cmsis_gcc.h ****  * distributed under the License is distributed on an AS IS BASIS, WITHOUT
  20:Generated_Source\PSoC6\pdl\cmsis/include/cmsis_gcc.h ****  * WARRANTIES OR CONDITIONS OF ANY KIND, either express or implied.
  21:Generated_Source\PSoC6\pdl\cmsis/include/cmsis_gcc.h ****  * See the License for the specific language governing permissions and
  22:Generated_Source\PSoC6\pdl\cmsis/include/cmsis_gcc.h ****  * limitations under the License.
  23:Generated_Source\PSoC6\pdl\cmsis/include/cmsis_gcc.h ****  */
  24:Generated_Source\PSoC6\pdl\cmsis/include/cmsis_gcc.h **** 
  25:Generated_Source\PSoC6\pdl\cmsis/include/cmsis_gcc.h **** #ifndef __CMSIS_GCC_H
  26:Generated_Source\PSoC6\pdl\cmsis/include/cmsis_gcc.h **** #define __CMSIS_GCC_H
  27:Generated_Source\PSoC6\pdl\cmsis/include/cmsis_gcc.h **** 
  28:Generated_Source\PSoC6\pdl\cmsis/include/cmsis_gcc.h **** /* ignore some GCC warnings */
  29:Generated_Source\PSoC6\pdl\cmsis/include/cmsis_gcc.h **** #pragma GCC diagnostic push
  30:Generated_Source\PSoC6\pdl\cmsis/include/cmsis_gcc.h **** #pragma GCC diagnostic ignored "-Wsign-conversion"
  31:Generated_Source\PSoC6\pdl\cmsis/include/cmsis_gcc.h **** #pragma GCC diagnostic ignored "-Wconversion"
  32:Generated_Source\PSoC6\pdl\cmsis/include/cmsis_gcc.h **** #pragma GCC diagnostic ignored "-Wunused-parameter"
  33:Generated_Source\PSoC6\pdl\cmsis/include/cmsis_gcc.h **** 
  34:Generated_Source\PSoC6\pdl\cmsis/include/cmsis_gcc.h **** /* CMSIS compiler specific defines */
  35:Generated_Source\PSoC6\pdl\cmsis/include/cmsis_gcc.h **** #ifndef   __ASM
  36:Generated_Source\PSoC6\pdl\cmsis/include/cmsis_gcc.h ****   #define __ASM                     __asm
  37:Generated_Source\PSoC6\pdl\cmsis/include/cmsis_gcc.h **** #endif
  38:Generated_Source\PSoC6\pdl\cmsis/include/cmsis_gcc.h **** #ifndef   __INLINE
  39:Generated_Source\PSoC6\pdl\cmsis/include/cmsis_gcc.h ****   #define __INLINE                  inline
  40:Generated_Source\PSoC6\pdl\cmsis/include/cmsis_gcc.h **** #endif
  41:Generated_Source\PSoC6\pdl\cmsis/include/cmsis_gcc.h **** #ifndef   __STATIC_INLINE
  42:Generated_Source\PSoC6\pdl\cmsis/include/cmsis_gcc.h ****   #define __STATIC_INLINE           static inline
  43:Generated_Source\PSoC6\pdl\cmsis/include/cmsis_gcc.h **** #endif
  44:Generated_Source\PSoC6\pdl\cmsis/include/cmsis_gcc.h **** #ifndef   __NO_RETURN
  45:Generated_Source\PSoC6\pdl\cmsis/include/cmsis_gcc.h ****   #define __NO_RETURN               __attribute__((noreturn))
  46:Generated_Source\PSoC6\pdl\cmsis/include/cmsis_gcc.h **** #endif
  47:Generated_Source\PSoC6\pdl\cmsis/include/cmsis_gcc.h **** #ifndef   __USED
  48:Generated_Source\PSoC6\pdl\cmsis/include/cmsis_gcc.h ****   #define __USED                    __attribute__((used))
  49:Generated_Source\PSoC6\pdl\cmsis/include/cmsis_gcc.h **** #endif
  50:Generated_Source\PSoC6\pdl\cmsis/include/cmsis_gcc.h **** #ifndef   __WEAK
  51:Generated_Source\PSoC6\pdl\cmsis/include/cmsis_gcc.h ****   #define __WEAK                    __attribute__((weak))
  52:Generated_Source\PSoC6\pdl\cmsis/include/cmsis_gcc.h **** #endif
  53:Generated_Source\PSoC6\pdl\cmsis/include/cmsis_gcc.h **** #ifndef   __UNALIGNED_UINT32
  54:Generated_Source\PSoC6\pdl\cmsis/include/cmsis_gcc.h **** #pragma GCC diagnostic push
  55:Generated_Source\PSoC6\pdl\cmsis/include/cmsis_gcc.h **** #pragma GCC diagnostic ignored "-Wpacked"
  56:Generated_Source\PSoC6\pdl\cmsis/include/cmsis_gcc.h **** #pragma GCC diagnostic ignored "-Wattributes"
  57:Generated_Source\PSoC6\pdl\cmsis/include/cmsis_gcc.h ****   struct __attribute__((packed)) T_UINT32 { uint32_t v; };
  58:Generated_Source\PSoC6\pdl\cmsis/include/cmsis_gcc.h **** #pragma GCC diagnostic pop
  59:Generated_Source\PSoC6\pdl\cmsis/include/cmsis_gcc.h ****   #define __UNALIGNED_UINT32(x)     (((struct T_UINT32 *)(x))->v)
  60:Generated_Source\PSoC6\pdl\cmsis/include/cmsis_gcc.h **** #endif
ARM GAS  C:\Users\gjl\AppData\Local\Temp\ccONHtXv.s 			page 3


  61:Generated_Source\PSoC6\pdl\cmsis/include/cmsis_gcc.h **** #ifndef   __ALIGNED
  62:Generated_Source\PSoC6\pdl\cmsis/include/cmsis_gcc.h ****   #define __ALIGNED(x)              __attribute__((aligned(x)))
  63:Generated_Source\PSoC6\pdl\cmsis/include/cmsis_gcc.h **** #endif
  64:Generated_Source\PSoC6\pdl\cmsis/include/cmsis_gcc.h **** #ifndef   __PACKED
  65:Generated_Source\PSoC6\pdl\cmsis/include/cmsis_gcc.h ****   #define __PACKED                  __attribute__((packed, aligned(1)))
  66:Generated_Source\PSoC6\pdl\cmsis/include/cmsis_gcc.h **** #endif
  67:Generated_Source\PSoC6\pdl\cmsis/include/cmsis_gcc.h **** #ifndef   __PACKED_STRUCT
  68:Generated_Source\PSoC6\pdl\cmsis/include/cmsis_gcc.h ****   #define __PACKED_STRUCT           struct __attribute__((packed, aligned(1)))
  69:Generated_Source\PSoC6\pdl\cmsis/include/cmsis_gcc.h **** #endif
  70:Generated_Source\PSoC6\pdl\cmsis/include/cmsis_gcc.h **** 
  71:Generated_Source\PSoC6\pdl\cmsis/include/cmsis_gcc.h **** 
  72:Generated_Source\PSoC6\pdl\cmsis/include/cmsis_gcc.h **** /* ###########################  Core Function Access  ########################### */
  73:Generated_Source\PSoC6\pdl\cmsis/include/cmsis_gcc.h **** /** \ingroup  CMSIS_Core_FunctionInterface
  74:Generated_Source\PSoC6\pdl\cmsis/include/cmsis_gcc.h ****     \defgroup CMSIS_Core_RegAccFunctions CMSIS Core Register Access Functions
  75:Generated_Source\PSoC6\pdl\cmsis/include/cmsis_gcc.h ****   @{
  76:Generated_Source\PSoC6\pdl\cmsis/include/cmsis_gcc.h ****  */
  77:Generated_Source\PSoC6\pdl\cmsis/include/cmsis_gcc.h **** 
  78:Generated_Source\PSoC6\pdl\cmsis/include/cmsis_gcc.h **** /**
  79:Generated_Source\PSoC6\pdl\cmsis/include/cmsis_gcc.h ****   \brief   Enable IRQ Interrupts
  80:Generated_Source\PSoC6\pdl\cmsis/include/cmsis_gcc.h ****   \details Enables IRQ interrupts by clearing the I-bit in the CPSR.
  81:Generated_Source\PSoC6\pdl\cmsis/include/cmsis_gcc.h ****            Can only be executed in Privileged modes.
  82:Generated_Source\PSoC6\pdl\cmsis/include/cmsis_gcc.h ****  */
  83:Generated_Source\PSoC6\pdl\cmsis/include/cmsis_gcc.h **** __attribute__((always_inline)) __STATIC_INLINE void __enable_irq(void)
  84:Generated_Source\PSoC6\pdl\cmsis/include/cmsis_gcc.h **** {
  85:Generated_Source\PSoC6\pdl\cmsis/include/cmsis_gcc.h ****   __ASM volatile ("cpsie i" : : : "memory");
  40              		.loc 2 85 0
  41              		.syntax divided
  42              	@ 85 "Generated_Source\PSoC6\pdl\cmsis/include/cmsis_gcc.h" 1
  43 0002 62B6     		cpsie i
  44              	@ 0 "" 2
  45              		.thumb
  46              		.syntax unified
  47              	.LBE5:
  48              	.LBE4:
  16:main_cm0p.c   ****     __enable_irq(); /* Enable global interrupts. */
  17:main_cm0p.c   ****     /* Enable CM4.  CY_CORTEX_M4_APPL_ADDR must be updated if CM4 memory layout is changed. */
  18:main_cm0p.c   ****     Cy_SysEnableCM4(CY_CORTEX_M4_APPL_ADDR); 
  49              		.loc 1 18 0
  50 0004 0148     		ldr	r0, .L3
  51 0006 FFF7FEFF 		bl	Cy_SysEnableCM4
  52              	.LVL0:
  53              	.L2:
  54 000a FEE7     		b	.L2
  55              	.L4:
  56              		.align	2
  57              	.L3:
  58 000c 00000810 		.word	268959744
  59              		.cfi_endproc
  60              	.LFE306:
  61              		.size	main, .-main
  62              		.text
  63              	.Letext0:
  64              		.file 3 "c:\\program files (x86)\\cypress\\psoc creator\\4.2\\psoc creator\\import\\gnu\\arm\\5.4.
  65              		.file 4 "c:\\program files (x86)\\cypress\\psoc creator\\4.2\\psoc creator\\import\\gnu\\arm\\5.4.
  66              		.file 5 "Generated_Source\\PSoC6\\pdl\\drivers/peripheral/tcpwm/cy_tcpwm_pwm.h"
  67              		.file 6 "Generated_Source\\PSoC6/LEDBlink.h"
  68              		.file 7 "./system_psoc63.h"
ARM GAS  C:\Users\gjl\AppData\Local\Temp\ccONHtXv.s 			page 4


  69              		.section	.debug_info,"",%progbits
  70              	.Ldebug_info0:
  71 0000 4C020000 		.4byte	0x24c
  72 0004 0400     		.2byte	0x4
  73 0006 00000000 		.4byte	.Ldebug_abbrev0
  74 000a 04       		.byte	0x4
  75 000b 01       		.uleb128 0x1
  76 000c A2020000 		.4byte	.LASF43
  77 0010 0C       		.byte	0xc
  78 0011 37010000 		.4byte	.LASF44
  79 0015 A3010000 		.4byte	.LASF45
  80 0019 00000000 		.4byte	.Ldebug_ranges0+0
  81 001d 00000000 		.4byte	0
  82 0021 00000000 		.4byte	.Ldebug_line0
  83 0025 02       		.uleb128 0x2
  84 0026 02       		.byte	0x2
  85 0027 05       		.byte	0x5
  86 0028 52020000 		.4byte	.LASF0
  87 002c 02       		.uleb128 0x2
  88 002d 01       		.byte	0x1
  89 002e 08       		.byte	0x8
  90 002f DD000000 		.4byte	.LASF1
  91 0033 02       		.uleb128 0x2
  92 0034 01       		.byte	0x1
  93 0035 06       		.byte	0x6
  94 0036 34030000 		.4byte	.LASF2
  95 003a 02       		.uleb128 0x2
  96 003b 02       		.byte	0x2
  97 003c 07       		.byte	0x7
  98 003d 0C010000 		.4byte	.LASF3
  99 0041 02       		.uleb128 0x2
 100 0042 04       		.byte	0x4
 101 0043 05       		.byte	0x5
 102 0044 7F020000 		.4byte	.LASF4
 103 0048 03       		.uleb128 0x3
 104 0049 43010000 		.4byte	.LASF9
 105 004d 03       		.byte	0x3
 106 004e 41       		.byte	0x41
 107 004f 53000000 		.4byte	0x53
 108 0053 02       		.uleb128 0x2
 109 0054 04       		.byte	0x4
 110 0055 07       		.byte	0x7
 111 0056 FA000000 		.4byte	.LASF5
 112 005a 02       		.uleb128 0x2
 113 005b 08       		.byte	0x8
 114 005c 05       		.byte	0x5
 115 005d 2F020000 		.4byte	.LASF6
 116 0061 02       		.uleb128 0x2
 117 0062 08       		.byte	0x8
 118 0063 07       		.byte	0x7
 119 0064 F7010000 		.4byte	.LASF7
 120 0068 04       		.uleb128 0x4
 121 0069 04       		.byte	0x4
 122 006a 05       		.byte	0x5
 123 006b 696E7400 		.ascii	"int\000"
 124 006f 02       		.uleb128 0x2
 125 0070 04       		.byte	0x4
ARM GAS  C:\Users\gjl\AppData\Local\Temp\ccONHtXv.s 			page 5


 126 0071 07       		.byte	0x7
 127 0072 89010000 		.4byte	.LASF8
 128 0076 03       		.uleb128 0x3
 129 0077 76020000 		.4byte	.LASF10
 130 007b 04       		.byte	0x4
 131 007c 30       		.byte	0x30
 132 007d 48000000 		.4byte	0x48
 133 0081 02       		.uleb128 0x2
 134 0082 04       		.byte	0x4
 135 0083 07       		.byte	0x7
 136 0084 26020000 		.4byte	.LASF11
 137 0088 02       		.uleb128 0x2
 138 0089 08       		.byte	0x8
 139 008a 04       		.byte	0x4
 140 008b 96020000 		.4byte	.LASF12
 141 008f 02       		.uleb128 0x2
 142 0090 01       		.byte	0x1
 143 0091 08       		.byte	0x8
 144 0092 3D020000 		.4byte	.LASF13
 145 0096 02       		.uleb128 0x2
 146 0097 04       		.byte	0x4
 147 0098 04       		.byte	0x4
 148 0099 09000000 		.4byte	.LASF14
 149 009d 02       		.uleb128 0x2
 150 009e 08       		.byte	0x8
 151 009f 04       		.byte	0x4
 152 00a0 6A010000 		.4byte	.LASF15
 153 00a4 02       		.uleb128 0x2
 154 00a5 01       		.byte	0x1
 155 00a6 02       		.byte	0x2
 156 00a7 4A030000 		.4byte	.LASF16
 157 00ab 05       		.uleb128 0x5
 158 00ac 79000000 		.4byte	.LASF46
 159 00b0 64       		.byte	0x64
 160 00b1 05       		.byte	0x5
 161 00b2 2B       		.byte	0x2b
 162 00b3 E4010000 		.4byte	0x1e4
 163 00b7 06       		.uleb128 0x6
 164 00b8 0E020000 		.4byte	.LASF17
 165 00bc 05       		.byte	0x5
 166 00bd 2D       		.byte	0x2d
 167 00be 76000000 		.4byte	0x76
 168 00c2 00       		.byte	0
 169 00c3 06       		.uleb128 0x6
 170 00c4 6A000000 		.4byte	.LASF18
 171 00c8 05       		.byte	0x5
 172 00c9 2F       		.byte	0x2f
 173 00ca 76000000 		.4byte	0x76
 174 00ce 04       		.byte	0x4
 175 00cf 06       		.uleb128 0x6
 176 00d0 96010000 		.4byte	.LASF19
 177 00d4 05       		.byte	0x5
 178 00d5 30       		.byte	0x30
 179 00d6 76000000 		.4byte	0x76
 180 00da 08       		.byte	0x8
 181 00db 06       		.uleb128 0x6
 182 00dc EB000000 		.4byte	.LASF20
ARM GAS  C:\Users\gjl\AppData\Local\Temp\ccONHtXv.s 			page 6


 183 00e0 05       		.byte	0x5
 184 00e1 31       		.byte	0x31
 185 00e2 76000000 		.4byte	0x76
 186 00e6 0C       		.byte	0xc
 187 00e7 06       		.uleb128 0x6
 188 00e8 76010000 		.4byte	.LASF21
 189 00ec 05       		.byte	0x5
 190 00ed 32       		.byte	0x32
 191 00ee 76000000 		.4byte	0x76
 192 00f2 10       		.byte	0x10
 193 00f3 06       		.uleb128 0x6
 194 00f4 16020000 		.4byte	.LASF22
 195 00f8 05       		.byte	0x5
 196 00f9 33       		.byte	0x33
 197 00fa 76000000 		.4byte	0x76
 198 00fe 14       		.byte	0x14
 199 00ff 06       		.uleb128 0x6
 200 0100 1E020000 		.4byte	.LASF23
 201 0104 05       		.byte	0x5
 202 0105 34       		.byte	0x34
 203 0106 76000000 		.4byte	0x76
 204 010a 18       		.byte	0x18
 205 010b 06       		.uleb128 0x6
 206 010c 4E010000 		.4byte	.LASF24
 207 0110 05       		.byte	0x5
 208 0111 35       		.byte	0x35
 209 0112 A4000000 		.4byte	0xa4
 210 0116 1C       		.byte	0x1c
 211 0117 06       		.uleb128 0x6
 212 0118 58000000 		.4byte	.LASF25
 213 011c 05       		.byte	0x5
 214 011d 36       		.byte	0x36
 215 011e 76000000 		.4byte	0x76
 216 0122 20       		.byte	0x20
 217 0123 06       		.uleb128 0x6
 218 0124 61000000 		.4byte	.LASF26
 219 0128 05       		.byte	0x5
 220 0129 37       		.byte	0x37
 221 012a 76000000 		.4byte	0x76
 222 012e 24       		.byte	0x24
 223 012f 06       		.uleb128 0x6
 224 0130 B1000000 		.4byte	.LASF27
 225 0134 05       		.byte	0x5
 226 0135 38       		.byte	0x38
 227 0136 A4000000 		.4byte	0xa4
 228 013a 28       		.byte	0x28
 229 013b 06       		.uleb128 0x6
 230 013c 0F000000 		.4byte	.LASF28
 231 0140 05       		.byte	0x5
 232 0141 3A       		.byte	0x3a
 233 0142 76000000 		.4byte	0x76
 234 0146 2C       		.byte	0x2c
 235 0147 06       		.uleb128 0x6
 236 0148 20000000 		.4byte	.LASF29
 237 014c 05       		.byte	0x5
 238 014d 3B       		.byte	0x3b
 239 014e 76000000 		.4byte	0x76
ARM GAS  C:\Users\gjl\AppData\Local\Temp\ccONHtXv.s 			page 7


 240 0152 30       		.byte	0x30
 241 0153 06       		.uleb128 0x6
 242 0154 88020000 		.4byte	.LASF30
 243 0158 05       		.byte	0x5
 244 0159 3C       		.byte	0x3c
 245 015a 76000000 		.4byte	0x76
 246 015e 34       		.byte	0x34
 247 015f 06       		.uleb128 0x6
 248 0160 00000000 		.4byte	.LASF31
 249 0164 05       		.byte	0x5
 250 0165 3D       		.byte	0x3d
 251 0166 76000000 		.4byte	0x76
 252 016a 38       		.byte	0x38
 253 016b 06       		.uleb128 0x6
 254 016c 68020000 		.4byte	.LASF32
 255 0170 05       		.byte	0x5
 256 0171 3E       		.byte	0x3e
 257 0172 76000000 		.4byte	0x76
 258 0176 3C       		.byte	0x3c
 259 0177 06       		.uleb128 0x6
 260 0178 1F010000 		.4byte	.LASF33
 261 017c 05       		.byte	0x5
 262 017d 40       		.byte	0x40
 263 017e 76000000 		.4byte	0x76
 264 0182 40       		.byte	0x40
 265 0183 06       		.uleb128 0x6
 266 0184 42020000 		.4byte	.LASF34
 267 0188 05       		.byte	0x5
 268 0189 41       		.byte	0x41
 269 018a 76000000 		.4byte	0x76
 270 018e 44       		.byte	0x44
 271 018f 06       		.uleb128 0x6
 272 0190 5C020000 		.4byte	.LASF35
 273 0194 05       		.byte	0x5
 274 0195 43       		.byte	0x43
 275 0196 76000000 		.4byte	0x76
 276 019a 48       		.byte	0x48
 277 019b 06       		.uleb128 0x6
 278 019c 3C000000 		.4byte	.LASF36
 279 01a0 05       		.byte	0x5
 280 01a1 44       		.byte	0x44
 281 01a2 76000000 		.4byte	0x76
 282 01a6 4C       		.byte	0x4c
 283 01a7 06       		.uleb128 0x6
 284 01a8 5F010000 		.4byte	.LASF37
 285 01ac 05       		.byte	0x5
 286 01ad 46       		.byte	0x46
 287 01ae 76000000 		.4byte	0x76
 288 01b2 50       		.byte	0x50
 289 01b3 06       		.uleb128 0x6
 290 01b4 29010000 		.4byte	.LASF38
 291 01b8 05       		.byte	0x5
 292 01b9 47       		.byte	0x47
 293 01ba 76000000 		.4byte	0x76
 294 01be 54       		.byte	0x54
 295 01bf 06       		.uleb128 0x6
 296 01c0 40030000 		.4byte	.LASF39
ARM GAS  C:\Users\gjl\AppData\Local\Temp\ccONHtXv.s 			page 8


 297 01c4 05       		.byte	0x5
 298 01c5 49       		.byte	0x49
 299 01c6 76000000 		.4byte	0x76
 300 01ca 58       		.byte	0x58
 301 01cb 06       		.uleb128 0x6
 302 01cc 2D000000 		.4byte	.LASF40
 303 01d0 05       		.byte	0x5
 304 01d1 4A       		.byte	0x4a
 305 01d2 76000000 		.4byte	0x76
 306 01d6 5C       		.byte	0x5c
 307 01d7 06       		.uleb128 0x6
 308 01d8 7E010000 		.4byte	.LASF41
 309 01dc 05       		.byte	0x5
 310 01dd 4C       		.byte	0x4c
 311 01de 76000000 		.4byte	0x76
 312 01e2 60       		.byte	0x60
 313 01e3 00       		.byte	0
 314 01e4 03       		.uleb128 0x3
 315 01e5 C3000000 		.4byte	.LASF42
 316 01e9 05       		.byte	0x5
 317 01ea 4D       		.byte	0x4d
 318 01eb AB000000 		.4byte	0xab
 319 01ef 07       		.uleb128 0x7
 320 01f0 4B000000 		.4byte	.LASF47
 321 01f4 02       		.byte	0x2
 322 01f5 53       		.byte	0x53
 323 01f6 03       		.byte	0x3
 324 01f7 08       		.uleb128 0x8
 325 01f8 71010000 		.4byte	.LASF48
 326 01fc 01       		.byte	0x1
 327 01fd 0E       		.byte	0xe
 328 01fe 68000000 		.4byte	0x68
 329 0202 00000000 		.4byte	.LFB306
 330 0206 10000000 		.4byte	.LFE306-.LFB306
 331 020a 01       		.uleb128 0x1
 332 020b 9C       		.byte	0x9c
 333 020c 33020000 		.4byte	0x233
 334 0210 09       		.uleb128 0x9
 335 0211 EF010000 		.4byte	0x1ef
 336 0215 02000000 		.4byte	.LBB4
 337 0219 02000000 		.4byte	.LBE4-.LBB4
 338 021d 01       		.byte	0x1
 339 021e 10       		.byte	0x10
 340 021f 0A       		.uleb128 0xa
 341 0220 0A000000 		.4byte	.LVL0
 342 0224 43020000 		.4byte	0x243
 343 0228 0B       		.uleb128 0xb
 344 0229 01       		.uleb128 0x1
 345 022a 50       		.byte	0x50
 346 022b 05       		.uleb128 0x5
 347 022c 0C       		.byte	0xc
 348 022d 00000810 		.4byte	0x10080000
 349 0231 00       		.byte	0
 350 0232 00       		.byte	0
 351 0233 0C       		.uleb128 0xc
 352 0234 A1000000 		.4byte	.LASF49
 353 0238 06       		.byte	0x6
ARM GAS  C:\Users\gjl\AppData\Local\Temp\ccONHtXv.s 			page 9


 354 0239 1F       		.byte	0x1f
 355 023a 3E020000 		.4byte	0x23e
 356 023e 0D       		.uleb128 0xd
 357 023f E4010000 		.4byte	0x1e4
 358 0243 0E       		.uleb128 0xe
 359 0244 91000000 		.4byte	.LASF50
 360 0248 91000000 		.4byte	.LASF50
 361 024c 07       		.byte	0x7
 362 024d FE01     		.2byte	0x1fe
 363 024f 00       		.byte	0
 364              		.section	.debug_abbrev,"",%progbits
 365              	.Ldebug_abbrev0:
 366 0000 01       		.uleb128 0x1
 367 0001 11       		.uleb128 0x11
 368 0002 01       		.byte	0x1
 369 0003 25       		.uleb128 0x25
 370 0004 0E       		.uleb128 0xe
 371 0005 13       		.uleb128 0x13
 372 0006 0B       		.uleb128 0xb
 373 0007 03       		.uleb128 0x3
 374 0008 0E       		.uleb128 0xe
 375 0009 1B       		.uleb128 0x1b
 376 000a 0E       		.uleb128 0xe
 377 000b 55       		.uleb128 0x55
 378 000c 17       		.uleb128 0x17
 379 000d 11       		.uleb128 0x11
 380 000e 01       		.uleb128 0x1
 381 000f 10       		.uleb128 0x10
 382 0010 17       		.uleb128 0x17
 383 0011 00       		.byte	0
 384 0012 00       		.byte	0
 385 0013 02       		.uleb128 0x2
 386 0014 24       		.uleb128 0x24
 387 0015 00       		.byte	0
 388 0016 0B       		.uleb128 0xb
 389 0017 0B       		.uleb128 0xb
 390 0018 3E       		.uleb128 0x3e
 391 0019 0B       		.uleb128 0xb
 392 001a 03       		.uleb128 0x3
 393 001b 0E       		.uleb128 0xe
 394 001c 00       		.byte	0
 395 001d 00       		.byte	0
 396 001e 03       		.uleb128 0x3
 397 001f 16       		.uleb128 0x16
 398 0020 00       		.byte	0
 399 0021 03       		.uleb128 0x3
 400 0022 0E       		.uleb128 0xe
 401 0023 3A       		.uleb128 0x3a
 402 0024 0B       		.uleb128 0xb
 403 0025 3B       		.uleb128 0x3b
 404 0026 0B       		.uleb128 0xb
 405 0027 49       		.uleb128 0x49
 406 0028 13       		.uleb128 0x13
 407 0029 00       		.byte	0
 408 002a 00       		.byte	0
 409 002b 04       		.uleb128 0x4
 410 002c 24       		.uleb128 0x24
ARM GAS  C:\Users\gjl\AppData\Local\Temp\ccONHtXv.s 			page 10


 411 002d 00       		.byte	0
 412 002e 0B       		.uleb128 0xb
 413 002f 0B       		.uleb128 0xb
 414 0030 3E       		.uleb128 0x3e
 415 0031 0B       		.uleb128 0xb
 416 0032 03       		.uleb128 0x3
 417 0033 08       		.uleb128 0x8
 418 0034 00       		.byte	0
 419 0035 00       		.byte	0
 420 0036 05       		.uleb128 0x5
 421 0037 13       		.uleb128 0x13
 422 0038 01       		.byte	0x1
 423 0039 03       		.uleb128 0x3
 424 003a 0E       		.uleb128 0xe
 425 003b 0B       		.uleb128 0xb
 426 003c 0B       		.uleb128 0xb
 427 003d 3A       		.uleb128 0x3a
 428 003e 0B       		.uleb128 0xb
 429 003f 3B       		.uleb128 0x3b
 430 0040 0B       		.uleb128 0xb
 431 0041 01       		.uleb128 0x1
 432 0042 13       		.uleb128 0x13
 433 0043 00       		.byte	0
 434 0044 00       		.byte	0
 435 0045 06       		.uleb128 0x6
 436 0046 0D       		.uleb128 0xd
 437 0047 00       		.byte	0
 438 0048 03       		.uleb128 0x3
 439 0049 0E       		.uleb128 0xe
 440 004a 3A       		.uleb128 0x3a
 441 004b 0B       		.uleb128 0xb
 442 004c 3B       		.uleb128 0x3b
 443 004d 0B       		.uleb128 0xb
 444 004e 49       		.uleb128 0x49
 445 004f 13       		.uleb128 0x13
 446 0050 38       		.uleb128 0x38
 447 0051 0B       		.uleb128 0xb
 448 0052 00       		.byte	0
 449 0053 00       		.byte	0
 450 0054 07       		.uleb128 0x7
 451 0055 2E       		.uleb128 0x2e
 452 0056 00       		.byte	0
 453 0057 03       		.uleb128 0x3
 454 0058 0E       		.uleb128 0xe
 455 0059 3A       		.uleb128 0x3a
 456 005a 0B       		.uleb128 0xb
 457 005b 3B       		.uleb128 0x3b
 458 005c 0B       		.uleb128 0xb
 459 005d 27       		.uleb128 0x27
 460 005e 19       		.uleb128 0x19
 461 005f 20       		.uleb128 0x20
 462 0060 0B       		.uleb128 0xb
 463 0061 00       		.byte	0
 464 0062 00       		.byte	0
 465 0063 08       		.uleb128 0x8
 466 0064 2E       		.uleb128 0x2e
 467 0065 01       		.byte	0x1
ARM GAS  C:\Users\gjl\AppData\Local\Temp\ccONHtXv.s 			page 11


 468 0066 3F       		.uleb128 0x3f
 469 0067 19       		.uleb128 0x19
 470 0068 03       		.uleb128 0x3
 471 0069 0E       		.uleb128 0xe
 472 006a 3A       		.uleb128 0x3a
 473 006b 0B       		.uleb128 0xb
 474 006c 3B       		.uleb128 0x3b
 475 006d 0B       		.uleb128 0xb
 476 006e 27       		.uleb128 0x27
 477 006f 19       		.uleb128 0x19
 478 0070 49       		.uleb128 0x49
 479 0071 13       		.uleb128 0x13
 480 0072 8701     		.uleb128 0x87
 481 0074 19       		.uleb128 0x19
 482 0075 11       		.uleb128 0x11
 483 0076 01       		.uleb128 0x1
 484 0077 12       		.uleb128 0x12
 485 0078 06       		.uleb128 0x6
 486 0079 40       		.uleb128 0x40
 487 007a 18       		.uleb128 0x18
 488 007b 9742     		.uleb128 0x2117
 489 007d 19       		.uleb128 0x19
 490 007e 01       		.uleb128 0x1
 491 007f 13       		.uleb128 0x13
 492 0080 00       		.byte	0
 493 0081 00       		.byte	0
 494 0082 09       		.uleb128 0x9
 495 0083 1D       		.uleb128 0x1d
 496 0084 00       		.byte	0
 497 0085 31       		.uleb128 0x31
 498 0086 13       		.uleb128 0x13
 499 0087 11       		.uleb128 0x11
 500 0088 01       		.uleb128 0x1
 501 0089 12       		.uleb128 0x12
 502 008a 06       		.uleb128 0x6
 503 008b 58       		.uleb128 0x58
 504 008c 0B       		.uleb128 0xb
 505 008d 59       		.uleb128 0x59
 506 008e 0B       		.uleb128 0xb
 507 008f 00       		.byte	0
 508 0090 00       		.byte	0
 509 0091 0A       		.uleb128 0xa
 510 0092 898201   		.uleb128 0x4109
 511 0095 01       		.byte	0x1
 512 0096 11       		.uleb128 0x11
 513 0097 01       		.uleb128 0x1
 514 0098 31       		.uleb128 0x31
 515 0099 13       		.uleb128 0x13
 516 009a 00       		.byte	0
 517 009b 00       		.byte	0
 518 009c 0B       		.uleb128 0xb
 519 009d 8A8201   		.uleb128 0x410a
 520 00a0 00       		.byte	0
 521 00a1 02       		.uleb128 0x2
 522 00a2 18       		.uleb128 0x18
 523 00a3 9142     		.uleb128 0x2111
 524 00a5 18       		.uleb128 0x18
ARM GAS  C:\Users\gjl\AppData\Local\Temp\ccONHtXv.s 			page 12


 525 00a6 00       		.byte	0
 526 00a7 00       		.byte	0
 527 00a8 0C       		.uleb128 0xc
 528 00a9 34       		.uleb128 0x34
 529 00aa 00       		.byte	0
 530 00ab 03       		.uleb128 0x3
 531 00ac 0E       		.uleb128 0xe
 532 00ad 3A       		.uleb128 0x3a
 533 00ae 0B       		.uleb128 0xb
 534 00af 3B       		.uleb128 0x3b
 535 00b0 0B       		.uleb128 0xb
 536 00b1 49       		.uleb128 0x49
 537 00b2 13       		.uleb128 0x13
 538 00b3 3F       		.uleb128 0x3f
 539 00b4 19       		.uleb128 0x19
 540 00b5 3C       		.uleb128 0x3c
 541 00b6 19       		.uleb128 0x19
 542 00b7 00       		.byte	0
 543 00b8 00       		.byte	0
 544 00b9 0D       		.uleb128 0xd
 545 00ba 26       		.uleb128 0x26
 546 00bb 00       		.byte	0
 547 00bc 49       		.uleb128 0x49
 548 00bd 13       		.uleb128 0x13
 549 00be 00       		.byte	0
 550 00bf 00       		.byte	0
 551 00c0 0E       		.uleb128 0xe
 552 00c1 2E       		.uleb128 0x2e
 553 00c2 00       		.byte	0
 554 00c3 3F       		.uleb128 0x3f
 555 00c4 19       		.uleb128 0x19
 556 00c5 3C       		.uleb128 0x3c
 557 00c6 19       		.uleb128 0x19
 558 00c7 6E       		.uleb128 0x6e
 559 00c8 0E       		.uleb128 0xe
 560 00c9 03       		.uleb128 0x3
 561 00ca 0E       		.uleb128 0xe
 562 00cb 3A       		.uleb128 0x3a
 563 00cc 0B       		.uleb128 0xb
 564 00cd 3B       		.uleb128 0x3b
 565 00ce 05       		.uleb128 0x5
 566 00cf 00       		.byte	0
 567 00d0 00       		.byte	0
 568 00d1 00       		.byte	0
 569              		.section	.debug_aranges,"",%progbits
 570 0000 1C000000 		.4byte	0x1c
 571 0004 0200     		.2byte	0x2
 572 0006 00000000 		.4byte	.Ldebug_info0
 573 000a 04       		.byte	0x4
 574 000b 00       		.byte	0
 575 000c 0000     		.2byte	0
 576 000e 0000     		.2byte	0
 577 0010 00000000 		.4byte	.LFB306
 578 0014 10000000 		.4byte	.LFE306-.LFB306
 579 0018 00000000 		.4byte	0
 580 001c 00000000 		.4byte	0
 581              		.section	.debug_ranges,"",%progbits
ARM GAS  C:\Users\gjl\AppData\Local\Temp\ccONHtXv.s 			page 13


 582              	.Ldebug_ranges0:
 583 0000 00000000 		.4byte	.LFB306
 584 0004 10000000 		.4byte	.LFE306
 585 0008 00000000 		.4byte	0
 586 000c 00000000 		.4byte	0
 587              		.section	.debug_line,"",%progbits
 588              	.Ldebug_line0:
 589 0000 F8010000 		.section	.debug_str,"MS",%progbits,1
 589      0200D701 
 589      00000201 
 589      FB0E0D00 
 589      01010101 
 590              	.LASF31:
 591 0000 6B696C6C 		.ascii	"killMode\000"
 591      4D6F6465 
 591      00
 592              	.LASF14:
 593 0009 666C6F61 		.ascii	"float\000"
 593      7400
 594              	.LASF28:
 595 000f 696E7465 		.ascii	"interruptSources\000"
 595      72727570 
 595      74536F75 
 595      72636573 
 595      00
 596              	.LASF29:
 597 0020 696E7665 		.ascii	"invertPWMOut\000"
 597      72745057 
 597      4D4F7574 
 597      00
 598              	.LASF40:
 599 002d 636F756E 		.ascii	"countInputMode\000"
 599      74496E70 
 599      75744D6F 
 599      646500
 600              	.LASF36:
 601 003c 73746172 		.ascii	"startInputMode\000"
 601      74496E70 
 601      75744D6F 
 601      646500
 602              	.LASF47:
 603 004b 5F5F656E 		.ascii	"__enable_irq\000"
 603      61626C65 
 603      5F697271 
 603      00
 604              	.LASF25:
 605 0058 636F6D70 		.ascii	"compare0\000"
 605      61726530 
 605      00
 606              	.LASF26:
 607 0061 636F6D70 		.ascii	"compare1\000"
 607      61726531 
 607      00
 608              	.LASF18:
 609 006a 636C6F63 		.ascii	"clockPrescaler\000"
 609      6B507265 
 609      7363616C 
ARM GAS  C:\Users\gjl\AppData\Local\Temp\ccONHtXv.s 			page 14


 609      657200
 610              	.LASF46:
 611 0079 63795F73 		.ascii	"cy_stc_tcpwm_pwm_config\000"
 611      74635F74 
 611      6370776D 
 611      5F70776D 
 611      5F636F6E 
 612              	.LASF50:
 613 0091 43795F53 		.ascii	"Cy_SysEnableCM4\000"
 613      7973456E 
 613      61626C65 
 613      434D3400 
 614              	.LASF49:
 615 00a1 4C454442 		.ascii	"LEDBlink_config\000"
 615      6C696E6B 
 615      5F636F6E 
 615      66696700 
 616              	.LASF27:
 617 00b1 656E6162 		.ascii	"enableCompareSwap\000"
 617      6C65436F 
 617      6D706172 
 617      65537761 
 617      7000
 618              	.LASF42:
 619 00c3 63795F73 		.ascii	"cy_stc_tcpwm_pwm_config_t\000"
 619      74635F74 
 619      6370776D 
 619      5F70776D 
 619      5F636F6E 
 620              	.LASF1:
 621 00dd 756E7369 		.ascii	"unsigned char\000"
 621      676E6564 
 621      20636861 
 621      7200
 622              	.LASF20:
 623 00eb 64656164 		.ascii	"deadTimeClocks\000"
 623      54696D65 
 623      436C6F63 
 623      6B7300
 624              	.LASF5:
 625 00fa 6C6F6E67 		.ascii	"long unsigned int\000"
 625      20756E73 
 625      69676E65 
 625      6420696E 
 625      7400
 626              	.LASF3:
 627 010c 73686F72 		.ascii	"short unsigned int\000"
 627      7420756E 
 627      7369676E 
 627      65642069 
 627      6E7400
 628              	.LASF33:
 629 011f 73776170 		.ascii	"swapInput\000"
 629      496E7075 
 629      7400
 630              	.LASF38:
 631 0129 6B696C6C 		.ascii	"killInputMode\000"
ARM GAS  C:\Users\gjl\AppData\Local\Temp\ccONHtXv.s 			page 15


 631      496E7075 
 631      744D6F64 
 631      6500
 632              	.LASF44:
 633 0137 6D61696E 		.ascii	"main_cm0p.c\000"
 633      5F636D30 
 633      702E6300 
 634              	.LASF9:
 635 0143 5F5F7569 		.ascii	"__uint32_t\000"
 635      6E743332 
 635      5F7400
 636              	.LASF24:
 637 014e 656E6162 		.ascii	"enablePeriodSwap\000"
 637      6C655065 
 637      72696F64 
 637      53776170 
 637      00
 638              	.LASF37:
 639 015f 73746172 		.ascii	"startInput\000"
 639      74496E70 
 639      757400
 640              	.LASF15:
 641 016a 646F7562 		.ascii	"double\000"
 641      6C6500
 642              	.LASF48:
 643 0171 6D61696E 		.ascii	"main\000"
 643      00
 644              	.LASF21:
 645 0176 72756E4D 		.ascii	"runMode\000"
 645      6F646500 
 646              	.LASF41:
 647 017e 636F756E 		.ascii	"countInput\000"
 647      74496E70 
 647      757400
 648              	.LASF8:
 649 0189 756E7369 		.ascii	"unsigned int\000"
 649      676E6564 
 649      20696E74 
 649      00
 650              	.LASF19:
 651 0196 70776D41 		.ascii	"pwmAlignment\000"
 651      6C69676E 
 651      6D656E74 
 651      00
 652              	.LASF45:
 653 01a3 433A5C47 		.ascii	"C:\\Git\\PSoC6-101-Videos\\Projects_ScreenCapture\\"
 653      69745C50 
 653      536F4336 
 653      2D313031 
 653      2D566964 
 654 01d2 50536F43 		.ascii	"PSoC 6_101\\2-4-BasicKillSwitch.cydsn\000"
 654      20365F31 
 654      30315C32 
 654      2D342D42 
 654      61736963 
 655              	.LASF7:
 656 01f7 6C6F6E67 		.ascii	"long long unsigned int\000"
ARM GAS  C:\Users\gjl\AppData\Local\Temp\ccONHtXv.s 			page 16


 656      206C6F6E 
 656      6720756E 
 656      7369676E 
 656      65642069 
 657              	.LASF17:
 658 020e 70776D4D 		.ascii	"pwmMode\000"
 658      6F646500 
 659              	.LASF22:
 660 0216 70657269 		.ascii	"period0\000"
 660      6F643000 
 661              	.LASF23:
 662 021e 70657269 		.ascii	"period1\000"
 662      6F643100 
 663              	.LASF11:
 664 0226 73697A65 		.ascii	"sizetype\000"
 664      74797065 
 664      00
 665              	.LASF6:
 666 022f 6C6F6E67 		.ascii	"long long int\000"
 666      206C6F6E 
 666      6720696E 
 666      7400
 667              	.LASF13:
 668 023d 63686172 		.ascii	"char\000"
 668      00
 669              	.LASF34:
 670 0242 72656C6F 		.ascii	"reloadInputMode\000"
 670      6164496E 
 670      7075744D 
 670      6F646500 
 671              	.LASF0:
 672 0252 73686F72 		.ascii	"short int\000"
 672      7420696E 
 672      7400
 673              	.LASF35:
 674 025c 72656C6F 		.ascii	"reloadInput\000"
 674      6164496E 
 674      70757400 
 675              	.LASF32:
 676 0268 73776170 		.ascii	"swapInputMode\000"
 676      496E7075 
 676      744D6F64 
 676      6500
 677              	.LASF10:
 678 0276 75696E74 		.ascii	"uint32_t\000"
 678      33325F74 
 678      00
 679              	.LASF4:
 680 027f 6C6F6E67 		.ascii	"long int\000"
 680      20696E74 
 680      00
 681              	.LASF30:
 682 0288 696E7665 		.ascii	"invertPWMOutN\000"
 682      72745057 
 682      4D4F7574 
 682      4E00
 683              	.LASF12:
ARM GAS  C:\Users\gjl\AppData\Local\Temp\ccONHtXv.s 			page 17


 684 0296 6C6F6E67 		.ascii	"long double\000"
 684      20646F75 
 684      626C6500 
 685              	.LASF43:
 686 02a2 474E5520 		.ascii	"GNU C11 5.4.1 20160609 (release) [ARM/embedded-5-br"
 686      43313120 
 686      352E342E 
 686      31203230 
 686      31363036 
 687 02d5 616E6368 		.ascii	"anch revision 237715] -mcpu=cortex-m0plus -mthumb -"
 687      20726576 
 687      6973696F 
 687      6E203233 
 687      37373135 
 688 0308 67202D4F 		.ascii	"g -Og -ffunction-sections -ffat-lto-objects\000"
 688      67202D66 
 688      66756E63 
 688      74696F6E 
 688      2D736563 
 689              	.LASF2:
 690 0334 7369676E 		.ascii	"signed char\000"
 690      65642063 
 690      68617200 
 691              	.LASF39:
 692 0340 6B696C6C 		.ascii	"killInput\000"
 692      496E7075 
 692      7400
 693              	.LASF16:
 694 034a 5F426F6F 		.ascii	"_Bool\000"
 694      6C00
 695              		.ident	"GCC: (GNU Tools for ARM Embedded Processors) 5.4.1 20160609 (release) [ARM/embedded-5-bran
