ARM GAS  C:\Users\gjl\AppData\Local\Temp\ccT5B9m4.s 			page 1


   1              		.syntax unified
   2              		.cpu cortex-m0plus
   3              		.fpu softvfp
   4              		.eabi_attribute 20, 1
   5              		.eabi_attribute 21, 1
   6              		.eabi_attribute 23, 3
   7              		.eabi_attribute 24, 1
   8              		.eabi_attribute 25, 1
   9              		.eabi_attribute 26, 1
  10              		.eabi_attribute 30, 1
  11              		.eabi_attribute 34, 0
  12              		.eabi_attribute 18, 4
  13              		.thumb
  14              		.syntax unified
  15              		.file	"main_cm0p.c"
  16              		.text
  17              	.Ltext0:
  18              		.cfi_sections	.debug_frame
  19              		.section	.text.main,"ax",%progbits
  20              		.align	2
  21              		.global	main
  22              		.code	16
  23              		.thumb_func
  24              		.type	main, %function
  25              	main:
  26              	.LFB411:
  27              		.file 1 "main_cm0p.c"
   1:main_cm0p.c   **** /* ========================================
   2:main_cm0p.c   ****  *
   3:main_cm0p.c   ****  * Copyright YOUR COMPANY, THE YEAR
   4:main_cm0p.c   ****  * All Rights Reserved
   5:main_cm0p.c   ****  * UNPUBLISHED, LICENSED SOFTWARE.
   6:main_cm0p.c   ****  *
   7:main_cm0p.c   ****  * CONFIDENTIAL AND PROPRIETARY INFORMATION
   8:main_cm0p.c   ****  * WHICH IS THE PROPERTY OF your company.
   9:main_cm0p.c   ****  *
  10:main_cm0p.c   ****  * ========================================
  11:main_cm0p.c   **** */
  12:main_cm0p.c   **** #include "project.h"
  13:main_cm0p.c   **** 
  14:main_cm0p.c   **** int main(void)
  15:main_cm0p.c   **** {
  28              		.loc 1 15 0
  29              		.cfi_startproc
  30              		@ Volatile: function does not return.
  31              		@ args = 0, pretend = 0, frame = 0
  32              		@ frame_needed = 0, uses_anonymous_args = 0
  33 0000 10B5     		push	{r4, lr}
  34              		.cfi_def_cfa_offset 8
  35              		.cfi_offset 4, -8
  36              		.cfi_offset 14, -4
  37              	.LBB4:
  38              	.LBB5:
  39              		.file 2 "Generated_Source\\PSoC6\\pdl\\cmsis/include/cmsis_gcc.h"
   1:Generated_Source\PSoC6\pdl\cmsis/include/cmsis_gcc.h **** /**************************************************************************//**
   2:Generated_Source\PSoC6\pdl\cmsis/include/cmsis_gcc.h ****  * @file     cmsis_gcc.h
   3:Generated_Source\PSoC6\pdl\cmsis/include/cmsis_gcc.h ****  * @brief    CMSIS compiler GCC header file
ARM GAS  C:\Users\gjl\AppData\Local\Temp\ccT5B9m4.s 			page 2


   4:Generated_Source\PSoC6\pdl\cmsis/include/cmsis_gcc.h ****  * @version  V5.0.1
   5:Generated_Source\PSoC6\pdl\cmsis/include/cmsis_gcc.h ****  * @date     02. February 2017
   6:Generated_Source\PSoC6\pdl\cmsis/include/cmsis_gcc.h ****  ******************************************************************************/
   7:Generated_Source\PSoC6\pdl\cmsis/include/cmsis_gcc.h **** /*
   8:Generated_Source\PSoC6\pdl\cmsis/include/cmsis_gcc.h ****  * Copyright (c) 2009-2017 ARM Limited. All rights reserved.
   9:Generated_Source\PSoC6\pdl\cmsis/include/cmsis_gcc.h ****  *
  10:Generated_Source\PSoC6\pdl\cmsis/include/cmsis_gcc.h ****  * SPDX-License-Identifier: Apache-2.0
  11:Generated_Source\PSoC6\pdl\cmsis/include/cmsis_gcc.h ****  *
  12:Generated_Source\PSoC6\pdl\cmsis/include/cmsis_gcc.h ****  * Licensed under the Apache License, Version 2.0 (the License); you may
  13:Generated_Source\PSoC6\pdl\cmsis/include/cmsis_gcc.h ****  * not use this file except in compliance with the License.
  14:Generated_Source\PSoC6\pdl\cmsis/include/cmsis_gcc.h ****  * You may obtain a copy of the License at
  15:Generated_Source\PSoC6\pdl\cmsis/include/cmsis_gcc.h ****  *
  16:Generated_Source\PSoC6\pdl\cmsis/include/cmsis_gcc.h ****  * www.apache.org/licenses/LICENSE-2.0
  17:Generated_Source\PSoC6\pdl\cmsis/include/cmsis_gcc.h ****  *
  18:Generated_Source\PSoC6\pdl\cmsis/include/cmsis_gcc.h ****  * Unless required by applicable law or agreed to in writing, software
  19:Generated_Source\PSoC6\pdl\cmsis/include/cmsis_gcc.h ****  * distributed under the License is distributed on an AS IS BASIS, WITHOUT
  20:Generated_Source\PSoC6\pdl\cmsis/include/cmsis_gcc.h ****  * WARRANTIES OR CONDITIONS OF ANY KIND, either express or implied.
  21:Generated_Source\PSoC6\pdl\cmsis/include/cmsis_gcc.h ****  * See the License for the specific language governing permissions and
  22:Generated_Source\PSoC6\pdl\cmsis/include/cmsis_gcc.h ****  * limitations under the License.
  23:Generated_Source\PSoC6\pdl\cmsis/include/cmsis_gcc.h ****  */
  24:Generated_Source\PSoC6\pdl\cmsis/include/cmsis_gcc.h **** 
  25:Generated_Source\PSoC6\pdl\cmsis/include/cmsis_gcc.h **** #ifndef __CMSIS_GCC_H
  26:Generated_Source\PSoC6\pdl\cmsis/include/cmsis_gcc.h **** #define __CMSIS_GCC_H
  27:Generated_Source\PSoC6\pdl\cmsis/include/cmsis_gcc.h **** 
  28:Generated_Source\PSoC6\pdl\cmsis/include/cmsis_gcc.h **** /* ignore some GCC warnings */
  29:Generated_Source\PSoC6\pdl\cmsis/include/cmsis_gcc.h **** #pragma GCC diagnostic push
  30:Generated_Source\PSoC6\pdl\cmsis/include/cmsis_gcc.h **** #pragma GCC diagnostic ignored "-Wsign-conversion"
  31:Generated_Source\PSoC6\pdl\cmsis/include/cmsis_gcc.h **** #pragma GCC diagnostic ignored "-Wconversion"
  32:Generated_Source\PSoC6\pdl\cmsis/include/cmsis_gcc.h **** #pragma GCC diagnostic ignored "-Wunused-parameter"
  33:Generated_Source\PSoC6\pdl\cmsis/include/cmsis_gcc.h **** 
  34:Generated_Source\PSoC6\pdl\cmsis/include/cmsis_gcc.h **** /* CMSIS compiler specific defines */
  35:Generated_Source\PSoC6\pdl\cmsis/include/cmsis_gcc.h **** #ifndef   __ASM
  36:Generated_Source\PSoC6\pdl\cmsis/include/cmsis_gcc.h ****   #define __ASM                     __asm
  37:Generated_Source\PSoC6\pdl\cmsis/include/cmsis_gcc.h **** #endif
  38:Generated_Source\PSoC6\pdl\cmsis/include/cmsis_gcc.h **** #ifndef   __INLINE
  39:Generated_Source\PSoC6\pdl\cmsis/include/cmsis_gcc.h ****   #define __INLINE                  inline
  40:Generated_Source\PSoC6\pdl\cmsis/include/cmsis_gcc.h **** #endif
  41:Generated_Source\PSoC6\pdl\cmsis/include/cmsis_gcc.h **** #ifndef   __STATIC_INLINE
  42:Generated_Source\PSoC6\pdl\cmsis/include/cmsis_gcc.h ****   #define __STATIC_INLINE           static inline
  43:Generated_Source\PSoC6\pdl\cmsis/include/cmsis_gcc.h **** #endif
  44:Generated_Source\PSoC6\pdl\cmsis/include/cmsis_gcc.h **** #ifndef   __NO_RETURN
  45:Generated_Source\PSoC6\pdl\cmsis/include/cmsis_gcc.h ****   #define __NO_RETURN               __attribute__((noreturn))
  46:Generated_Source\PSoC6\pdl\cmsis/include/cmsis_gcc.h **** #endif
  47:Generated_Source\PSoC6\pdl\cmsis/include/cmsis_gcc.h **** #ifndef   __USED
  48:Generated_Source\PSoC6\pdl\cmsis/include/cmsis_gcc.h ****   #define __USED                    __attribute__((used))
  49:Generated_Source\PSoC6\pdl\cmsis/include/cmsis_gcc.h **** #endif
  50:Generated_Source\PSoC6\pdl\cmsis/include/cmsis_gcc.h **** #ifndef   __WEAK
  51:Generated_Source\PSoC6\pdl\cmsis/include/cmsis_gcc.h ****   #define __WEAK                    __attribute__((weak))
  52:Generated_Source\PSoC6\pdl\cmsis/include/cmsis_gcc.h **** #endif
  53:Generated_Source\PSoC6\pdl\cmsis/include/cmsis_gcc.h **** #ifndef   __UNALIGNED_UINT32
  54:Generated_Source\PSoC6\pdl\cmsis/include/cmsis_gcc.h **** #pragma GCC diagnostic push
  55:Generated_Source\PSoC6\pdl\cmsis/include/cmsis_gcc.h **** #pragma GCC diagnostic ignored "-Wpacked"
  56:Generated_Source\PSoC6\pdl\cmsis/include/cmsis_gcc.h **** #pragma GCC diagnostic ignored "-Wattributes"
  57:Generated_Source\PSoC6\pdl\cmsis/include/cmsis_gcc.h ****   struct __attribute__((packed)) T_UINT32 { uint32_t v; };
  58:Generated_Source\PSoC6\pdl\cmsis/include/cmsis_gcc.h **** #pragma GCC diagnostic pop
  59:Generated_Source\PSoC6\pdl\cmsis/include/cmsis_gcc.h ****   #define __UNALIGNED_UINT32(x)     (((struct T_UINT32 *)(x))->v)
  60:Generated_Source\PSoC6\pdl\cmsis/include/cmsis_gcc.h **** #endif
ARM GAS  C:\Users\gjl\AppData\Local\Temp\ccT5B9m4.s 			page 3


  61:Generated_Source\PSoC6\pdl\cmsis/include/cmsis_gcc.h **** #ifndef   __ALIGNED
  62:Generated_Source\PSoC6\pdl\cmsis/include/cmsis_gcc.h ****   #define __ALIGNED(x)              __attribute__((aligned(x)))
  63:Generated_Source\PSoC6\pdl\cmsis/include/cmsis_gcc.h **** #endif
  64:Generated_Source\PSoC6\pdl\cmsis/include/cmsis_gcc.h **** #ifndef   __PACKED
  65:Generated_Source\PSoC6\pdl\cmsis/include/cmsis_gcc.h ****   #define __PACKED                  __attribute__((packed, aligned(1)))
  66:Generated_Source\PSoC6\pdl\cmsis/include/cmsis_gcc.h **** #endif
  67:Generated_Source\PSoC6\pdl\cmsis/include/cmsis_gcc.h **** #ifndef   __PACKED_STRUCT
  68:Generated_Source\PSoC6\pdl\cmsis/include/cmsis_gcc.h ****   #define __PACKED_STRUCT           struct __attribute__((packed, aligned(1)))
  69:Generated_Source\PSoC6\pdl\cmsis/include/cmsis_gcc.h **** #endif
  70:Generated_Source\PSoC6\pdl\cmsis/include/cmsis_gcc.h **** 
  71:Generated_Source\PSoC6\pdl\cmsis/include/cmsis_gcc.h **** 
  72:Generated_Source\PSoC6\pdl\cmsis/include/cmsis_gcc.h **** /* ###########################  Core Function Access  ########################### */
  73:Generated_Source\PSoC6\pdl\cmsis/include/cmsis_gcc.h **** /** \ingroup  CMSIS_Core_FunctionInterface
  74:Generated_Source\PSoC6\pdl\cmsis/include/cmsis_gcc.h ****     \defgroup CMSIS_Core_RegAccFunctions CMSIS Core Register Access Functions
  75:Generated_Source\PSoC6\pdl\cmsis/include/cmsis_gcc.h ****   @{
  76:Generated_Source\PSoC6\pdl\cmsis/include/cmsis_gcc.h ****  */
  77:Generated_Source\PSoC6\pdl\cmsis/include/cmsis_gcc.h **** 
  78:Generated_Source\PSoC6\pdl\cmsis/include/cmsis_gcc.h **** /**
  79:Generated_Source\PSoC6\pdl\cmsis/include/cmsis_gcc.h ****   \brief   Enable IRQ Interrupts
  80:Generated_Source\PSoC6\pdl\cmsis/include/cmsis_gcc.h ****   \details Enables IRQ interrupts by clearing the I-bit in the CPSR.
  81:Generated_Source\PSoC6\pdl\cmsis/include/cmsis_gcc.h ****            Can only be executed in Privileged modes.
  82:Generated_Source\PSoC6\pdl\cmsis/include/cmsis_gcc.h ****  */
  83:Generated_Source\PSoC6\pdl\cmsis/include/cmsis_gcc.h **** __attribute__((always_inline)) __STATIC_INLINE void __enable_irq(void)
  84:Generated_Source\PSoC6\pdl\cmsis/include/cmsis_gcc.h **** {
  85:Generated_Source\PSoC6\pdl\cmsis/include/cmsis_gcc.h ****   __ASM volatile ("cpsie i" : : : "memory");
  40              		.loc 2 85 0
  41              		.syntax divided
  42              	@ 85 "Generated_Source\PSoC6\pdl\cmsis/include/cmsis_gcc.h" 1
  43 0002 62B6     		cpsie i
  44              	@ 0 "" 2
  45              		.thumb
  46              		.syntax unified
  47              	.LBE5:
  48              	.LBE4:
  16:main_cm0p.c   ****     __enable_irq(); /* Enable global interrupts. */
  17:main_cm0p.c   ****     
  18:main_cm0p.c   ****     Cy_BLE_Start(0);
  49              		.loc 1 18 0
  50 0004 0020     		movs	r0, #0
  51 0006 FFF7FEFF 		bl	Cy_BLE_Start
  52              	.LVL0:
  19:main_cm0p.c   ****     
  20:main_cm0p.c   ****     /* Enable CM4.  CY_CORTEX_M4_APPL_ADDR must be updated if CM4 memory layout is changed. */
  21:main_cm0p.c   ****     Cy_SysEnableCM4(CY_CORTEX_M4_APPL_ADDR); 
  53              		.loc 1 21 0
  54 000a 0348     		ldr	r0, .L3
  55 000c FFF7FEFF 		bl	Cy_SysEnableCM4
  56              	.LVL1:
  57              	.L2:
  22:main_cm0p.c   **** 
  23:main_cm0p.c   ****     /* Place your initialization/startup code here (e.g. MyInst_Start()) */
  24:main_cm0p.c   **** 
  25:main_cm0p.c   ****     for(;;)
  26:main_cm0p.c   ****     {
  27:main_cm0p.c   ****         Cy_BLE_ProcessEvents();
  58              		.loc 1 27 0 discriminator 1
  59 0010 FFF7FEFF 		bl	Cy_BLE_ProcessEvents
ARM GAS  C:\Users\gjl\AppData\Local\Temp\ccT5B9m4.s 			page 4


  60              	.LVL2:
  61 0014 FCE7     		b	.L2
  62              	.L4:
  63 0016 C046     		.align	2
  64              	.L3:
  65 0018 00000810 		.word	268959744
  66              		.cfi_endproc
  67              	.LFE411:
  68              		.size	main, .-main
  69              		.text
  70              	.Letext0:
  71              		.file 3 "c:\\program files (x86)\\cypress\\psoc creator\\4.2\\psoc creator\\import\\gnu\\arm\\5.4.
  72              		.file 4 "c:\\program files (x86)\\cypress\\psoc creator\\4.2\\psoc creator\\import\\gnu\\arm\\5.4.
  73              		.file 5 "Generated_Source\\PSoC6\\pdl\\drivers/peripheral/scb/cy_scb_i2c.h"
  74              		.file 6 "Generated_Source\\PSoC6\\pdl\\drivers/peripheral/scb/cy_scb_uart.h"
  75              		.file 7 "Generated_Source\\PSoC6/UART.h"
  76              		.file 8 "Generated_Source\\PSoC6/I2C_1.h"
  77              		.file 9 "Generated_Source\\PSoC6/BLE.h"
  78              		.file 10 "./system_psoc63.h"
  79              		.file 11 "Generated_Source\\PSoC6\\pdl\\middleware/ble/cy_ble_stack.h"
  80              		.section	.debug_info,"",%progbits
  81              	.Ldebug_info0:
  82 0000 D8030000 		.4byte	0x3d8
  83 0004 0400     		.2byte	0x4
  84 0006 00000000 		.4byte	.Ldebug_abbrev0
  85 000a 04       		.byte	0x4
  86 000b 01       		.uleb128 0x1
  87 000c CB000000 		.4byte	.LASF68
  88 0010 0C       		.byte	0xc
  89 0011 94000000 		.4byte	.LASF69
  90 0015 90030000 		.4byte	.LASF70
  91 0019 00000000 		.4byte	.Ldebug_ranges0+0
  92 001d 00000000 		.4byte	0
  93 0021 00000000 		.4byte	.Ldebug_line0
  94 0025 02       		.uleb128 0x2
  95 0026 02       		.byte	0x2
  96 0027 05       		.byte	0x5
  97 0028 A0000000 		.4byte	.LASF0
  98 002c 02       		.uleb128 0x2
  99 002d 01       		.byte	0x1
 100 002e 08       		.byte	0x8
 101 002f 6E020000 		.4byte	.LASF1
 102 0033 02       		.uleb128 0x2
 103 0034 01       		.byte	0x1
 104 0035 06       		.byte	0x6
 105 0036 9B020000 		.4byte	.LASF2
 106 003a 03       		.uleb128 0x3
 107 003b 06020000 		.4byte	.LASF5
 108 003f 03       		.byte	0x3
 109 0040 1D       		.byte	0x1d
 110 0041 2C000000 		.4byte	0x2c
 111 0045 02       		.uleb128 0x2
 112 0046 02       		.byte	0x2
 113 0047 07       		.byte	0x7
 114 0048 39030000 		.4byte	.LASF3
 115 004c 02       		.uleb128 0x2
 116 004d 04       		.byte	0x4
ARM GAS  C:\Users\gjl\AppData\Local\Temp\ccT5B9m4.s 			page 5


 117 004e 05       		.byte	0x5
 118 004f 63040000 		.4byte	.LASF4
 119 0053 03       		.uleb128 0x3
 120 0054 6C010000 		.4byte	.LASF6
 121 0058 03       		.byte	0x3
 122 0059 41       		.byte	0x41
 123 005a 5E000000 		.4byte	0x5e
 124 005e 02       		.uleb128 0x2
 125 005f 04       		.byte	0x4
 126 0060 07       		.byte	0x7
 127 0061 D0030000 		.4byte	.LASF7
 128 0065 02       		.uleb128 0x2
 129 0066 08       		.byte	0x8
 130 0067 05       		.byte	0x5
 131 0068 B5010000 		.4byte	.LASF8
 132 006c 02       		.uleb128 0x2
 133 006d 08       		.byte	0x8
 134 006e 07       		.byte	0x7
 135 006f B8020000 		.4byte	.LASF9
 136 0073 04       		.uleb128 0x4
 137 0074 04       		.byte	0x4
 138 0075 05       		.byte	0x5
 139 0076 696E7400 		.ascii	"int\000"
 140 007a 02       		.uleb128 0x2
 141 007b 04       		.byte	0x4
 142 007c 07       		.byte	0x7
 143 007d F6020000 		.4byte	.LASF10
 144 0081 03       		.uleb128 0x3
 145 0082 89010000 		.4byte	.LASF11
 146 0086 04       		.byte	0x4
 147 0087 18       		.byte	0x18
 148 0088 3A000000 		.4byte	0x3a
 149 008c 03       		.uleb128 0x3
 150 008d CF020000 		.4byte	.LASF12
 151 0091 04       		.byte	0x4
 152 0092 30       		.byte	0x30
 153 0093 53000000 		.4byte	0x53
 154 0097 02       		.uleb128 0x2
 155 0098 04       		.byte	0x4
 156 0099 07       		.byte	0x7
 157 009a AA000000 		.4byte	.LASF13
 158 009e 05       		.uleb128 0x5
 159 009f 8C000000 		.4byte	0x8c
 160 00a3 02       		.uleb128 0x2
 161 00a4 08       		.byte	0x8
 162 00a5 04       		.byte	0x4
 163 00a6 59020000 		.4byte	.LASF14
 164 00aa 02       		.uleb128 0x2
 165 00ab 01       		.byte	0x1
 166 00ac 08       		.byte	0x8
 167 00ad 52030000 		.4byte	.LASF15
 168 00b1 02       		.uleb128 0x2
 169 00b2 04       		.byte	0x4
 170 00b3 04       		.byte	0x4
 171 00b4 9F010000 		.4byte	.LASF16
 172 00b8 02       		.uleb128 0x2
 173 00b9 08       		.byte	0x8
ARM GAS  C:\Users\gjl\AppData\Local\Temp\ccT5B9m4.s 			page 6


 174 00ba 04       		.byte	0x4
 175 00bb E2030000 		.4byte	.LASF17
 176 00bf 06       		.uleb128 0x6
 177 00c0 04       		.byte	0x4
 178 00c1 02       		.uleb128 0x2
 179 00c2 01       		.byte	0x1
 180 00c3 02       		.byte	0x2
 181 00c4 7A030000 		.4byte	.LASF18
 182 00c8 07       		.uleb128 0x7
 183 00c9 01       		.byte	0x1
 184 00ca 2C000000 		.4byte	0x2c
 185 00ce 05       		.byte	0x5
 186 00cf DE01     		.2byte	0x1de
 187 00d1 E2000000 		.4byte	0xe2
 188 00d5 08       		.uleb128 0x8
 189 00d6 F5030000 		.4byte	.LASF19
 190 00da 00       		.byte	0
 191 00db 08       		.uleb128 0x8
 192 00dc D1010000 		.4byte	.LASF20
 193 00e0 01       		.byte	0x1
 194 00e1 00       		.byte	0
 195 00e2 09       		.uleb128 0x9
 196 00e3 03030000 		.4byte	.LASF21
 197 00e7 05       		.byte	0x5
 198 00e8 E101     		.2byte	0x1e1
 199 00ea C8000000 		.4byte	0xc8
 200 00ee 09       		.uleb128 0x9
 201 00ef D8020000 		.4byte	.LASF22
 202 00f3 05       		.byte	0x5
 203 00f4 F301     		.2byte	0x1f3
 204 00f6 FA000000 		.4byte	0xfa
 205 00fa 0A       		.uleb128 0xa
 206 00fb 04       		.byte	0x4
 207 00fc 00010000 		.4byte	0x100
 208 0100 0B       		.uleb128 0xb
 209 0101 0B010000 		.4byte	0x10b
 210 0105 0C       		.uleb128 0xc
 211 0106 8C000000 		.4byte	0x8c
 212 010a 00       		.byte	0
 213 010b 09       		.uleb128 0x9
 214 010c 2D000000 		.4byte	.LASF23
 215 0110 05       		.byte	0x5
 216 0111 FE01     		.2byte	0x1fe
 217 0113 17010000 		.4byte	0x117
 218 0117 0A       		.uleb128 0xa
 219 0118 04       		.byte	0x4
 220 0119 1D010000 		.4byte	0x11d
 221 011d 0D       		.uleb128 0xd
 222 011e E2000000 		.4byte	0xe2
 223 0122 2C010000 		.4byte	0x12c
 224 0126 0C       		.uleb128 0xc
 225 0127 8C000000 		.4byte	0x8c
 226 012b 00       		.byte	0
 227 012c 0E       		.uleb128 0xe
 228 012d 83040000 		.4byte	.LASF47
 229 0131 4C       		.byte	0x4c
 230 0132 05       		.byte	0x5
ARM GAS  C:\Users\gjl\AppData\Local\Temp\ccT5B9m4.s 			page 7


 231 0133 6502     		.2byte	0x265
 232 0135 4B020000 		.4byte	0x24b
 233 0139 0F       		.uleb128 0xf
 234 013a 15040000 		.4byte	.LASF24
 235 013e 05       		.byte	0x5
 236 013f 6802     		.2byte	0x268
 237 0141 C1000000 		.4byte	0xc1
 238 0145 00       		.byte	0
 239 0146 0F       		.uleb128 0xf
 240 0147 A5010000 		.4byte	.LASF25
 241 014b 05       		.byte	0x5
 242 014c 6902     		.2byte	0x269
 243 014e C1000000 		.4byte	0xc1
 244 0152 01       		.byte	0x1
 245 0153 0F       		.uleb128 0xf
 246 0154 61000000 		.4byte	.LASF26
 247 0158 05       		.byte	0x5
 248 0159 6B02     		.2byte	0x26b
 249 015b 9E000000 		.4byte	0x9e
 250 015f 04       		.byte	0x4
 251 0160 0F       		.uleb128 0xf
 252 0161 1B030000 		.4byte	.LASF27
 253 0165 05       		.byte	0x5
 254 0166 6D02     		.2byte	0x26d
 255 0168 9E000000 		.4byte	0x9e
 256 016c 08       		.byte	0x8
 257 016d 0F       		.uleb128 0xf
 258 016e 30040000 		.4byte	.LASF28
 259 0172 05       		.byte	0x5
 260 0173 6E02     		.2byte	0x26e
 261 0175 C1000000 		.4byte	0xc1
 262 0179 0C       		.byte	0xc
 263 017a 0F       		.uleb128 0xf
 264 017b FA010000 		.4byte	.LASF29
 265 017f 05       		.byte	0x5
 266 0180 6F02     		.2byte	0x26f
 267 0182 C1000000 		.4byte	0xc1
 268 0186 0D       		.byte	0xd
 269 0187 0F       		.uleb128 0xf
 270 0188 6D030000 		.4byte	.LASF30
 271 018c 05       		.byte	0x5
 272 018d 7102     		.2byte	0x271
 273 018f 4B020000 		.4byte	0x24b
 274 0193 10       		.byte	0x10
 275 0194 0F       		.uleb128 0xf
 276 0195 A7020000 		.4byte	.LASF31
 277 0199 05       		.byte	0x5
 278 019a 7202     		.2byte	0x272
 279 019c 8C000000 		.4byte	0x8c
 280 01a0 14       		.byte	0x14
 281 01a1 0F       		.uleb128 0xf
 282 01a2 0F000000 		.4byte	.LASF32
 283 01a6 05       		.byte	0x5
 284 01a7 7302     		.2byte	0x273
 285 01a9 9E000000 		.4byte	0x9e
 286 01ad 18       		.byte	0x18
 287 01ae 0F       		.uleb128 0xf
ARM GAS  C:\Users\gjl\AppData\Local\Temp\ccT5B9m4.s 			page 8


 288 01af 00000000 		.4byte	.LASF33
 289 01b3 05       		.byte	0x5
 290 01b4 7402     		.2byte	0x274
 291 01b6 9E000000 		.4byte	0x9e
 292 01ba 1C       		.byte	0x1c
 293 01bb 0F       		.uleb128 0xf
 294 01bc E9030000 		.4byte	.LASF34
 295 01c0 05       		.byte	0x5
 296 01c1 7602     		.2byte	0x276
 297 01c3 9E000000 		.4byte	0x9e
 298 01c7 20       		.byte	0x20
 299 01c8 0F       		.uleb128 0xf
 300 01c9 73040000 		.4byte	.LASF35
 301 01cd 05       		.byte	0x5
 302 01ce 7702     		.2byte	0x277
 303 01d0 51020000 		.4byte	0x251
 304 01d4 24       		.byte	0x24
 305 01d5 0F       		.uleb128 0xf
 306 01d6 9A040000 		.4byte	.LASF36
 307 01da 05       		.byte	0x5
 308 01db 7902     		.2byte	0x279
 309 01dd 4B020000 		.4byte	0x24b
 310 01e1 28       		.byte	0x28
 311 01e2 0F       		.uleb128 0xf
 312 01e3 2E020000 		.4byte	.LASF37
 313 01e7 05       		.byte	0x5
 314 01e8 7A02     		.2byte	0x27a
 315 01ea 8C000000 		.4byte	0x8c
 316 01ee 2C       		.byte	0x2c
 317 01ef 0F       		.uleb128 0xf
 318 01f0 04040000 		.4byte	.LASF38
 319 01f4 05       		.byte	0x5
 320 01f5 7B02     		.2byte	0x27b
 321 01f7 9E000000 		.4byte	0x9e
 322 01fb 30       		.byte	0x30
 323 01fc 0F       		.uleb128 0xf
 324 01fd 28030000 		.4byte	.LASF39
 325 0201 05       		.byte	0x5
 326 0202 7C02     		.2byte	0x27c
 327 0204 9E000000 		.4byte	0x9e
 328 0208 34       		.byte	0x34
 329 0209 0F       		.uleb128 0xf
 330 020a 49000000 		.4byte	.LASF40
 331 020e 05       		.byte	0x5
 332 020f 7E02     		.2byte	0x27e
 333 0211 4B020000 		.4byte	0x24b
 334 0215 38       		.byte	0x38
 335 0216 0F       		.uleb128 0xf
 336 0217 E0010000 		.4byte	.LASF41
 337 021b 05       		.byte	0x5
 338 021c 7F02     		.2byte	0x27f
 339 021e 8C000000 		.4byte	0x8c
 340 0222 3C       		.byte	0x3c
 341 0223 0F       		.uleb128 0xf
 342 0224 1D020000 		.4byte	.LASF42
 343 0228 05       		.byte	0x5
 344 0229 8002     		.2byte	0x280
ARM GAS  C:\Users\gjl\AppData\Local\Temp\ccT5B9m4.s 			page 9


 345 022b 9E000000 		.4byte	0x9e
 346 022f 40       		.byte	0x40
 347 0230 0F       		.uleb128 0xf
 348 0231 57030000 		.4byte	.LASF43
 349 0235 05       		.byte	0x5
 350 0236 8602     		.2byte	0x286
 351 0238 EE000000 		.4byte	0xee
 352 023c 44       		.byte	0x44
 353 023d 0F       		.uleb128 0xf
 354 023e 6C040000 		.4byte	.LASF44
 355 0242 05       		.byte	0x5
 356 0243 8D02     		.2byte	0x28d
 357 0245 0B010000 		.4byte	0x10b
 358 0249 48       		.byte	0x48
 359 024a 00       		.byte	0
 360 024b 0A       		.uleb128 0xa
 361 024c 04       		.byte	0x4
 362 024d 81000000 		.4byte	0x81
 363 0251 05       		.uleb128 0x5
 364 0252 C1000000 		.4byte	0xc1
 365 0256 09       		.uleb128 0x9
 366 0257 40020000 		.4byte	.LASF45
 367 025b 05       		.byte	0x5
 368 025c 9002     		.2byte	0x290
 369 025e 2C010000 		.4byte	0x12c
 370 0262 09       		.uleb128 0x9
 371 0263 67000000 		.4byte	.LASF46
 372 0267 06       		.byte	0x6
 373 0268 AB01     		.2byte	0x1ab
 374 026a FA000000 		.4byte	0xfa
 375 026e 0E       		.uleb128 0xe
 376 026f B3000000 		.4byte	.LASF48
 377 0273 38       		.byte	0x38
 378 0274 06       		.byte	0x6
 379 0275 4702     		.2byte	0x247
 380 0277 32030000 		.4byte	0x332
 381 027b 0F       		.uleb128 0xf
 382 027c 77010000 		.4byte	.LASF49
 383 0280 06       		.byte	0x6
 384 0281 4A02     		.2byte	0x24a
 385 0283 9E000000 		.4byte	0x9e
 386 0287 00       		.byte	0
 387 0288 0F       		.uleb128 0xf
 388 0289 65020000 		.4byte	.LASF50
 389 028d 06       		.byte	0x6
 390 028e 4B02     		.2byte	0x24b
 391 0290 9E000000 		.4byte	0x9e
 392 0294 04       		.byte	0x4
 393 0295 0F       		.uleb128 0xf
 394 0296 7C020000 		.4byte	.LASF51
 395 029a 06       		.byte	0x6
 396 029b 4D02     		.2byte	0x24d
 397 029d BF000000 		.4byte	0xbf
 398 02a1 08       		.byte	0x8
 399 02a2 0F       		.uleb128 0xf
 400 02a3 86000000 		.4byte	.LASF52
 401 02a7 06       		.byte	0x6
ARM GAS  C:\Users\gjl\AppData\Local\Temp\ccT5B9m4.s 			page 10


 402 02a8 4E02     		.2byte	0x24e
 403 02aa 8C000000 		.4byte	0x8c
 404 02ae 0C       		.byte	0xc
 405 02af 0F       		.uleb128 0xf
 406 02b0 91010000 		.4byte	.LASF53
 407 02b4 06       		.byte	0x6
 408 02b5 4F02     		.2byte	0x24f
 409 02b7 9E000000 		.4byte	0x9e
 410 02bb 10       		.byte	0x10
 411 02bc 0F       		.uleb128 0xf
 412 02bd 1F000000 		.4byte	.LASF54
 413 02c1 06       		.byte	0x6
 414 02c2 5002     		.2byte	0x250
 415 02c4 9E000000 		.4byte	0x9e
 416 02c8 14       		.byte	0x14
 417 02c9 0F       		.uleb128 0xf
 418 02ca 4C030000 		.4byte	.LASF55
 419 02ce 06       		.byte	0x6
 420 02cf 5202     		.2byte	0x252
 421 02d1 BF000000 		.4byte	0xbf
 422 02d5 18       		.byte	0x18
 423 02d6 0F       		.uleb128 0xf
 424 02d7 57000000 		.4byte	.LASF56
 425 02db 06       		.byte	0x6
 426 02dc 5302     		.2byte	0x253
 427 02de 8C000000 		.4byte	0x8c
 428 02e2 1C       		.byte	0x1c
 429 02e3 0F       		.uleb128 0xf
 430 02e4 80010000 		.4byte	.LASF57
 431 02e8 06       		.byte	0x6
 432 02e9 5402     		.2byte	0x254
 433 02eb 9E000000 		.4byte	0x9e
 434 02ef 20       		.byte	0x20
 435 02f0 0F       		.uleb128 0xf
 436 02f1 AF010000 		.4byte	.LASF58
 437 02f5 06       		.byte	0x6
 438 02f6 5602     		.2byte	0x256
 439 02f8 BF000000 		.4byte	0xbf
 440 02fc 24       		.byte	0x24
 441 02fd 0F       		.uleb128 0xf
 442 02fe 5D010000 		.4byte	.LASF59
 443 0302 06       		.byte	0x6
 444 0303 5702     		.2byte	0x257
 445 0305 8C000000 		.4byte	0x8c
 446 0309 28       		.byte	0x28
 447 030a 0F       		.uleb128 0xf
 448 030b 1F040000 		.4byte	.LASF60
 449 030f 06       		.byte	0x6
 450 0310 5802     		.2byte	0x258
 451 0312 9E000000 		.4byte	0x9e
 452 0316 2C       		.byte	0x2c
 453 0317 0F       		.uleb128 0xf
 454 0318 57030000 		.4byte	.LASF43
 455 031c 06       		.byte	0x6
 456 031d 5D02     		.2byte	0x25d
 457 031f 62020000 		.4byte	0x262
 458 0323 30       		.byte	0x30
ARM GAS  C:\Users\gjl\AppData\Local\Temp\ccT5B9m4.s 			page 11


 459 0324 0F       		.uleb128 0xf
 460 0325 F2010000 		.4byte	.LASF61
 461 0329 06       		.byte	0x6
 462 032a 6002     		.2byte	0x260
 463 032c 8C000000 		.4byte	0x8c
 464 0330 34       		.byte	0x34
 465 0331 00       		.byte	0
 466 0332 09       		.uleb128 0x9
 467 0333 3C040000 		.4byte	.LASF62
 468 0337 06       		.byte	0x6
 469 0338 6302     		.2byte	0x263
 470 033a 6E020000 		.4byte	0x26e
 471 033e 10       		.uleb128 0x10
 472 033f 10020000 		.4byte	.LASF71
 473 0343 02       		.byte	0x2
 474 0344 53       		.byte	0x53
 475 0345 03       		.byte	0x3
 476 0346 11       		.uleb128 0x11
 477 0347 67010000 		.4byte	.LASF72
 478 034b 01       		.byte	0x1
 479 034c 0E       		.byte	0xe
 480 034d 73000000 		.4byte	0x73
 481 0351 00000000 		.4byte	.LFB411
 482 0355 1C000000 		.4byte	.LFE411-.LFB411
 483 0359 01       		.uleb128 0x1
 484 035a 9C       		.byte	0x9c
 485 035b A2030000 		.4byte	0x3a2
 486 035f 12       		.uleb128 0x12
 487 0360 3E030000 		.4byte	0x33e
 488 0364 02000000 		.4byte	.LBB4
 489 0368 02000000 		.4byte	.LBE4-.LBB4
 490 036c 01       		.byte	0x1
 491 036d 10       		.byte	0x10
 492 036e 13       		.uleb128 0x13
 493 036f 0A000000 		.4byte	.LVL0
 494 0373 B8030000 		.4byte	0x3b8
 495 0377 81030000 		.4byte	0x381
 496 037b 14       		.uleb128 0x14
 497 037c 01       		.uleb128 0x1
 498 037d 50       		.byte	0x50
 499 037e 01       		.uleb128 0x1
 500 037f 30       		.byte	0x30
 501 0380 00       		.byte	0
 502 0381 13       		.uleb128 0x13
 503 0382 10000000 		.4byte	.LVL1
 504 0386 C3030000 		.4byte	0x3c3
 505 038a 98030000 		.4byte	0x398
 506 038e 14       		.uleb128 0x14
 507 038f 01       		.uleb128 0x1
 508 0390 50       		.byte	0x50
 509 0391 05       		.uleb128 0x5
 510 0392 0C       		.byte	0xc
 511 0393 00000810 		.4byte	0x10080000
 512 0397 00       		.byte	0
 513 0398 15       		.uleb128 0x15
 514 0399 14000000 		.4byte	.LVL2
 515 039d CF030000 		.4byte	0x3cf
ARM GAS  C:\Users\gjl\AppData\Local\Temp\ccT5B9m4.s 			page 12


 516 03a1 00       		.byte	0
 517 03a2 16       		.uleb128 0x16
 518 03a3 56040000 		.4byte	.LASF63
 519 03a7 07       		.byte	0x7
 520 03a8 87       		.byte	0x87
 521 03a9 32030000 		.4byte	0x332
 522 03ad 16       		.uleb128 0x16
 523 03ae C3010000 		.4byte	.LASF64
 524 03b2 08       		.byte	0x8
 525 03b3 7F       		.byte	0x7f
 526 03b4 56020000 		.4byte	0x256
 527 03b8 17       		.uleb128 0x17
 528 03b9 60030000 		.4byte	.LASF65
 529 03bd 60030000 		.4byte	.LASF65
 530 03c1 09       		.byte	0x9
 531 03c2 24       		.byte	0x24
 532 03c3 18       		.uleb128 0x18
 533 03c4 80030000 		.4byte	.LASF66
 534 03c8 80030000 		.4byte	.LASF66
 535 03cc 0A       		.byte	0xa
 536 03cd FE01     		.2byte	0x1fe
 537 03cf 18       		.uleb128 0x18
 538 03d0 86020000 		.4byte	.LASF67
 539 03d4 86020000 		.4byte	.LASF67
 540 03d8 0B       		.byte	0xb
 541 03d9 A407     		.2byte	0x7a4
 542 03db 00       		.byte	0
 543              		.section	.debug_abbrev,"",%progbits
 544              	.Ldebug_abbrev0:
 545 0000 01       		.uleb128 0x1
 546 0001 11       		.uleb128 0x11
 547 0002 01       		.byte	0x1
 548 0003 25       		.uleb128 0x25
 549 0004 0E       		.uleb128 0xe
 550 0005 13       		.uleb128 0x13
 551 0006 0B       		.uleb128 0xb
 552 0007 03       		.uleb128 0x3
 553 0008 0E       		.uleb128 0xe
 554 0009 1B       		.uleb128 0x1b
 555 000a 0E       		.uleb128 0xe
 556 000b 55       		.uleb128 0x55
 557 000c 17       		.uleb128 0x17
 558 000d 11       		.uleb128 0x11
 559 000e 01       		.uleb128 0x1
 560 000f 10       		.uleb128 0x10
 561 0010 17       		.uleb128 0x17
 562 0011 00       		.byte	0
 563 0012 00       		.byte	0
 564 0013 02       		.uleb128 0x2
 565 0014 24       		.uleb128 0x24
 566 0015 00       		.byte	0
 567 0016 0B       		.uleb128 0xb
 568 0017 0B       		.uleb128 0xb
 569 0018 3E       		.uleb128 0x3e
 570 0019 0B       		.uleb128 0xb
 571 001a 03       		.uleb128 0x3
 572 001b 0E       		.uleb128 0xe
ARM GAS  C:\Users\gjl\AppData\Local\Temp\ccT5B9m4.s 			page 13


 573 001c 00       		.byte	0
 574 001d 00       		.byte	0
 575 001e 03       		.uleb128 0x3
 576 001f 16       		.uleb128 0x16
 577 0020 00       		.byte	0
 578 0021 03       		.uleb128 0x3
 579 0022 0E       		.uleb128 0xe
 580 0023 3A       		.uleb128 0x3a
 581 0024 0B       		.uleb128 0xb
 582 0025 3B       		.uleb128 0x3b
 583 0026 0B       		.uleb128 0xb
 584 0027 49       		.uleb128 0x49
 585 0028 13       		.uleb128 0x13
 586 0029 00       		.byte	0
 587 002a 00       		.byte	0
 588 002b 04       		.uleb128 0x4
 589 002c 24       		.uleb128 0x24
 590 002d 00       		.byte	0
 591 002e 0B       		.uleb128 0xb
 592 002f 0B       		.uleb128 0xb
 593 0030 3E       		.uleb128 0x3e
 594 0031 0B       		.uleb128 0xb
 595 0032 03       		.uleb128 0x3
 596 0033 08       		.uleb128 0x8
 597 0034 00       		.byte	0
 598 0035 00       		.byte	0
 599 0036 05       		.uleb128 0x5
 600 0037 35       		.uleb128 0x35
 601 0038 00       		.byte	0
 602 0039 49       		.uleb128 0x49
 603 003a 13       		.uleb128 0x13
 604 003b 00       		.byte	0
 605 003c 00       		.byte	0
 606 003d 06       		.uleb128 0x6
 607 003e 0F       		.uleb128 0xf
 608 003f 00       		.byte	0
 609 0040 0B       		.uleb128 0xb
 610 0041 0B       		.uleb128 0xb
 611 0042 00       		.byte	0
 612 0043 00       		.byte	0
 613 0044 07       		.uleb128 0x7
 614 0045 04       		.uleb128 0x4
 615 0046 01       		.byte	0x1
 616 0047 0B       		.uleb128 0xb
 617 0048 0B       		.uleb128 0xb
 618 0049 49       		.uleb128 0x49
 619 004a 13       		.uleb128 0x13
 620 004b 3A       		.uleb128 0x3a
 621 004c 0B       		.uleb128 0xb
 622 004d 3B       		.uleb128 0x3b
 623 004e 05       		.uleb128 0x5
 624 004f 01       		.uleb128 0x1
 625 0050 13       		.uleb128 0x13
 626 0051 00       		.byte	0
 627 0052 00       		.byte	0
 628 0053 08       		.uleb128 0x8
 629 0054 28       		.uleb128 0x28
ARM GAS  C:\Users\gjl\AppData\Local\Temp\ccT5B9m4.s 			page 14


 630 0055 00       		.byte	0
 631 0056 03       		.uleb128 0x3
 632 0057 0E       		.uleb128 0xe
 633 0058 1C       		.uleb128 0x1c
 634 0059 0B       		.uleb128 0xb
 635 005a 00       		.byte	0
 636 005b 00       		.byte	0
 637 005c 09       		.uleb128 0x9
 638 005d 16       		.uleb128 0x16
 639 005e 00       		.byte	0
 640 005f 03       		.uleb128 0x3
 641 0060 0E       		.uleb128 0xe
 642 0061 3A       		.uleb128 0x3a
 643 0062 0B       		.uleb128 0xb
 644 0063 3B       		.uleb128 0x3b
 645 0064 05       		.uleb128 0x5
 646 0065 49       		.uleb128 0x49
 647 0066 13       		.uleb128 0x13
 648 0067 00       		.byte	0
 649 0068 00       		.byte	0
 650 0069 0A       		.uleb128 0xa
 651 006a 0F       		.uleb128 0xf
 652 006b 00       		.byte	0
 653 006c 0B       		.uleb128 0xb
 654 006d 0B       		.uleb128 0xb
 655 006e 49       		.uleb128 0x49
 656 006f 13       		.uleb128 0x13
 657 0070 00       		.byte	0
 658 0071 00       		.byte	0
 659 0072 0B       		.uleb128 0xb
 660 0073 15       		.uleb128 0x15
 661 0074 01       		.byte	0x1
 662 0075 27       		.uleb128 0x27
 663 0076 19       		.uleb128 0x19
 664 0077 01       		.uleb128 0x1
 665 0078 13       		.uleb128 0x13
 666 0079 00       		.byte	0
 667 007a 00       		.byte	0
 668 007b 0C       		.uleb128 0xc
 669 007c 05       		.uleb128 0x5
 670 007d 00       		.byte	0
 671 007e 49       		.uleb128 0x49
 672 007f 13       		.uleb128 0x13
 673 0080 00       		.byte	0
 674 0081 00       		.byte	0
 675 0082 0D       		.uleb128 0xd
 676 0083 15       		.uleb128 0x15
 677 0084 01       		.byte	0x1
 678 0085 27       		.uleb128 0x27
 679 0086 19       		.uleb128 0x19
 680 0087 49       		.uleb128 0x49
 681 0088 13       		.uleb128 0x13
 682 0089 01       		.uleb128 0x1
 683 008a 13       		.uleb128 0x13
 684 008b 00       		.byte	0
 685 008c 00       		.byte	0
 686 008d 0E       		.uleb128 0xe
ARM GAS  C:\Users\gjl\AppData\Local\Temp\ccT5B9m4.s 			page 15


 687 008e 13       		.uleb128 0x13
 688 008f 01       		.byte	0x1
 689 0090 03       		.uleb128 0x3
 690 0091 0E       		.uleb128 0xe
 691 0092 0B       		.uleb128 0xb
 692 0093 0B       		.uleb128 0xb
 693 0094 3A       		.uleb128 0x3a
 694 0095 0B       		.uleb128 0xb
 695 0096 3B       		.uleb128 0x3b
 696 0097 05       		.uleb128 0x5
 697 0098 01       		.uleb128 0x1
 698 0099 13       		.uleb128 0x13
 699 009a 00       		.byte	0
 700 009b 00       		.byte	0
 701 009c 0F       		.uleb128 0xf
 702 009d 0D       		.uleb128 0xd
 703 009e 00       		.byte	0
 704 009f 03       		.uleb128 0x3
 705 00a0 0E       		.uleb128 0xe
 706 00a1 3A       		.uleb128 0x3a
 707 00a2 0B       		.uleb128 0xb
 708 00a3 3B       		.uleb128 0x3b
 709 00a4 05       		.uleb128 0x5
 710 00a5 49       		.uleb128 0x49
 711 00a6 13       		.uleb128 0x13
 712 00a7 38       		.uleb128 0x38
 713 00a8 0B       		.uleb128 0xb
 714 00a9 00       		.byte	0
 715 00aa 00       		.byte	0
 716 00ab 10       		.uleb128 0x10
 717 00ac 2E       		.uleb128 0x2e
 718 00ad 00       		.byte	0
 719 00ae 03       		.uleb128 0x3
 720 00af 0E       		.uleb128 0xe
 721 00b0 3A       		.uleb128 0x3a
 722 00b1 0B       		.uleb128 0xb
 723 00b2 3B       		.uleb128 0x3b
 724 00b3 0B       		.uleb128 0xb
 725 00b4 27       		.uleb128 0x27
 726 00b5 19       		.uleb128 0x19
 727 00b6 20       		.uleb128 0x20
 728 00b7 0B       		.uleb128 0xb
 729 00b8 00       		.byte	0
 730 00b9 00       		.byte	0
 731 00ba 11       		.uleb128 0x11
 732 00bb 2E       		.uleb128 0x2e
 733 00bc 01       		.byte	0x1
 734 00bd 3F       		.uleb128 0x3f
 735 00be 19       		.uleb128 0x19
 736 00bf 03       		.uleb128 0x3
 737 00c0 0E       		.uleb128 0xe
 738 00c1 3A       		.uleb128 0x3a
 739 00c2 0B       		.uleb128 0xb
 740 00c3 3B       		.uleb128 0x3b
 741 00c4 0B       		.uleb128 0xb
 742 00c5 27       		.uleb128 0x27
 743 00c6 19       		.uleb128 0x19
ARM GAS  C:\Users\gjl\AppData\Local\Temp\ccT5B9m4.s 			page 16


 744 00c7 49       		.uleb128 0x49
 745 00c8 13       		.uleb128 0x13
 746 00c9 8701     		.uleb128 0x87
 747 00cb 19       		.uleb128 0x19
 748 00cc 11       		.uleb128 0x11
 749 00cd 01       		.uleb128 0x1
 750 00ce 12       		.uleb128 0x12
 751 00cf 06       		.uleb128 0x6
 752 00d0 40       		.uleb128 0x40
 753 00d1 18       		.uleb128 0x18
 754 00d2 9742     		.uleb128 0x2117
 755 00d4 19       		.uleb128 0x19
 756 00d5 01       		.uleb128 0x1
 757 00d6 13       		.uleb128 0x13
 758 00d7 00       		.byte	0
 759 00d8 00       		.byte	0
 760 00d9 12       		.uleb128 0x12
 761 00da 1D       		.uleb128 0x1d
 762 00db 00       		.byte	0
 763 00dc 31       		.uleb128 0x31
 764 00dd 13       		.uleb128 0x13
 765 00de 11       		.uleb128 0x11
 766 00df 01       		.uleb128 0x1
 767 00e0 12       		.uleb128 0x12
 768 00e1 06       		.uleb128 0x6
 769 00e2 58       		.uleb128 0x58
 770 00e3 0B       		.uleb128 0xb
 771 00e4 59       		.uleb128 0x59
 772 00e5 0B       		.uleb128 0xb
 773 00e6 00       		.byte	0
 774 00e7 00       		.byte	0
 775 00e8 13       		.uleb128 0x13
 776 00e9 898201   		.uleb128 0x4109
 777 00ec 01       		.byte	0x1
 778 00ed 11       		.uleb128 0x11
 779 00ee 01       		.uleb128 0x1
 780 00ef 31       		.uleb128 0x31
 781 00f0 13       		.uleb128 0x13
 782 00f1 01       		.uleb128 0x1
 783 00f2 13       		.uleb128 0x13
 784 00f3 00       		.byte	0
 785 00f4 00       		.byte	0
 786 00f5 14       		.uleb128 0x14
 787 00f6 8A8201   		.uleb128 0x410a
 788 00f9 00       		.byte	0
 789 00fa 02       		.uleb128 0x2
 790 00fb 18       		.uleb128 0x18
 791 00fc 9142     		.uleb128 0x2111
 792 00fe 18       		.uleb128 0x18
 793 00ff 00       		.byte	0
 794 0100 00       		.byte	0
 795 0101 15       		.uleb128 0x15
 796 0102 898201   		.uleb128 0x4109
 797 0105 00       		.byte	0
 798 0106 11       		.uleb128 0x11
 799 0107 01       		.uleb128 0x1
 800 0108 31       		.uleb128 0x31
ARM GAS  C:\Users\gjl\AppData\Local\Temp\ccT5B9m4.s 			page 17


 801 0109 13       		.uleb128 0x13
 802 010a 00       		.byte	0
 803 010b 00       		.byte	0
 804 010c 16       		.uleb128 0x16
 805 010d 34       		.uleb128 0x34
 806 010e 00       		.byte	0
 807 010f 03       		.uleb128 0x3
 808 0110 0E       		.uleb128 0xe
 809 0111 3A       		.uleb128 0x3a
 810 0112 0B       		.uleb128 0xb
 811 0113 3B       		.uleb128 0x3b
 812 0114 0B       		.uleb128 0xb
 813 0115 49       		.uleb128 0x49
 814 0116 13       		.uleb128 0x13
 815 0117 3F       		.uleb128 0x3f
 816 0118 19       		.uleb128 0x19
 817 0119 3C       		.uleb128 0x3c
 818 011a 19       		.uleb128 0x19
 819 011b 00       		.byte	0
 820 011c 00       		.byte	0
 821 011d 17       		.uleb128 0x17
 822 011e 2E       		.uleb128 0x2e
 823 011f 00       		.byte	0
 824 0120 3F       		.uleb128 0x3f
 825 0121 19       		.uleb128 0x19
 826 0122 3C       		.uleb128 0x3c
 827 0123 19       		.uleb128 0x19
 828 0124 6E       		.uleb128 0x6e
 829 0125 0E       		.uleb128 0xe
 830 0126 03       		.uleb128 0x3
 831 0127 0E       		.uleb128 0xe
 832 0128 3A       		.uleb128 0x3a
 833 0129 0B       		.uleb128 0xb
 834 012a 3B       		.uleb128 0x3b
 835 012b 0B       		.uleb128 0xb
 836 012c 00       		.byte	0
 837 012d 00       		.byte	0
 838 012e 18       		.uleb128 0x18
 839 012f 2E       		.uleb128 0x2e
 840 0130 00       		.byte	0
 841 0131 3F       		.uleb128 0x3f
 842 0132 19       		.uleb128 0x19
 843 0133 3C       		.uleb128 0x3c
 844 0134 19       		.uleb128 0x19
 845 0135 6E       		.uleb128 0x6e
 846 0136 0E       		.uleb128 0xe
 847 0137 03       		.uleb128 0x3
 848 0138 0E       		.uleb128 0xe
 849 0139 3A       		.uleb128 0x3a
 850 013a 0B       		.uleb128 0xb
 851 013b 3B       		.uleb128 0x3b
 852 013c 05       		.uleb128 0x5
 853 013d 00       		.byte	0
 854 013e 00       		.byte	0
 855 013f 00       		.byte	0
 856              		.section	.debug_aranges,"",%progbits
 857 0000 1C000000 		.4byte	0x1c
ARM GAS  C:\Users\gjl\AppData\Local\Temp\ccT5B9m4.s 			page 18


 858 0004 0200     		.2byte	0x2
 859 0006 00000000 		.4byte	.Ldebug_info0
 860 000a 04       		.byte	0x4
 861 000b 00       		.byte	0
 862 000c 0000     		.2byte	0
 863 000e 0000     		.2byte	0
 864 0010 00000000 		.4byte	.LFB411
 865 0014 1C000000 		.4byte	.LFE411-.LFB411
 866 0018 00000000 		.4byte	0
 867 001c 00000000 		.4byte	0
 868              		.section	.debug_ranges,"",%progbits
 869              	.Ldebug_ranges0:
 870 0000 00000000 		.4byte	.LFB411
 871 0004 1C000000 		.4byte	.LFE411
 872 0008 00000000 		.4byte	0
 873 000c 00000000 		.4byte	0
 874              		.section	.debug_line,"",%progbits
 875              	.Ldebug_line0:
 876 0000 57020000 		.section	.debug_str,"MS",%progbits,1
 876      02003002 
 876      00000201 
 876      FB0E0D00 
 876      01010101 
 877              	.LASF33:
 878 0000 6D617374 		.ascii	"masterNumBytes\000"
 878      65724E75 
 878      6D427974 
 878      657300
 879              	.LASF32:
 880 000f 6D617374 		.ascii	"masterBufferIdx\000"
 880      65724275 
 880      66666572 
 880      49647800 
 881              	.LASF54:
 882 001f 72785269 		.ascii	"rxRingBufTail\000"
 882      6E674275 
 882      66546169 
 882      6C00
 883              	.LASF23:
 884 002d 63795F63 		.ascii	"cy_cb_scb_i2c_handle_addr_t\000"
 884      625F7363 
 884      625F6932 
 884      635F6861 
 884      6E646C65 
 885              	.LASF40:
 886 0049 736C6176 		.ascii	"slaveRxBuffer\000"
 886      65527842 
 886      75666665 
 886      7200
 887              	.LASF56:
 888 0057 72784275 		.ascii	"rxBufSize\000"
 888      6653697A 
 888      6500
 889              	.LASF26:
 890 0061 73746174 		.ascii	"state\000"
 890      6500
 891              	.LASF46:
ARM GAS  C:\Users\gjl\AppData\Local\Temp\ccT5B9m4.s 			page 19


 892 0067 63795F63 		.ascii	"cy_cb_scb_uart_handle_events_t\000"
 892      625F7363 
 892      625F7561 
 892      72745F68 
 892      616E646C 
 893              	.LASF52:
 894 0086 72785269 		.ascii	"rxRingBufSize\000"
 894      6E674275 
 894      6653697A 
 894      6500
 895              	.LASF69:
 896 0094 6D61696E 		.ascii	"main_cm0p.c\000"
 896      5F636D30 
 896      702E6300 
 897              	.LASF0:
 898 00a0 73686F72 		.ascii	"short int\000"
 898      7420696E 
 898      7400
 899              	.LASF13:
 900 00aa 73697A65 		.ascii	"sizetype\000"
 900      74797065 
 900      00
 901              	.LASF48:
 902 00b3 63795F73 		.ascii	"cy_stc_scb_uart_context\000"
 902      74635F73 
 902      63625F75 
 902      6172745F 
 902      636F6E74 
 903              	.LASF68:
 904 00cb 474E5520 		.ascii	"GNU C11 5.4.1 20160609 (release) [ARM/embedded-5-br"
 904      43313120 
 904      352E342E 
 904      31203230 
 904      31363036 
 905 00fe 616E6368 		.ascii	"anch revision 237715] -mcpu=cortex-m0plus -mthumb -"
 905      20726576 
 905      6973696F 
 905      6E203233 
 905      37373135 
 906 0131 67202D4F 		.ascii	"g -Og -ffunction-sections -ffat-lto-objects\000"
 906      67202D66 
 906      66756E63 
 906      74696F6E 
 906      2D736563 
 907              	.LASF59:
 908 015d 74784275 		.ascii	"txBufSize\000"
 908      6653697A 
 908      6500
 909              	.LASF72:
 910 0167 6D61696E 		.ascii	"main\000"
 910      00
 911              	.LASF6:
 912 016c 5F5F7569 		.ascii	"__uint32_t\000"
 912      6E743332 
 912      5F7400
 913              	.LASF49:
 914 0177 74785374 		.ascii	"txStatus\000"
ARM GAS  C:\Users\gjl\AppData\Local\Temp\ccT5B9m4.s 			page 20


 914      61747573 
 914      00
 915              	.LASF57:
 916 0180 72784275 		.ascii	"rxBufIdx\000"
 916      66496478 
 916      00
 917              	.LASF11:
 918 0189 75696E74 		.ascii	"uint8_t\000"
 918      385F7400 
 919              	.LASF53:
 920 0191 72785269 		.ascii	"rxRingBufHead\000"
 920      6E674275 
 920      66486561 
 920      6400
 921              	.LASF16:
 922 019f 666C6F61 		.ascii	"float\000"
 922      7400
 923              	.LASF25:
 924 01a5 75736554 		.ascii	"useTxFifo\000"
 924      78466966 
 924      6F00
 925              	.LASF58:
 926 01af 74784275 		.ascii	"txBuf\000"
 926      6600
 927              	.LASF8:
 928 01b5 6C6F6E67 		.ascii	"long long int\000"
 928      206C6F6E 
 928      6720696E 
 928      7400
 929              	.LASF64:
 930 01c3 4932435F 		.ascii	"I2C_1_context\000"
 930      315F636F 
 930      6E746578 
 930      7400
 931              	.LASF20:
 932 01d1 43595F53 		.ascii	"CY_SCB_I2C_NAK\000"
 932      43425F49 
 932      32435F4E 
 932      414B00
 933              	.LASF41:
 934 01e0 736C6176 		.ascii	"slaveRxBufferSize\000"
 934      65527842 
 934      75666665 
 934      7253697A 
 934      6500
 935              	.LASF61:
 936 01f2 696E6974 		.ascii	"initKey\000"
 936      4B657900 
 937              	.LASF29:
 938 01fa 6D617374 		.ascii	"masterRdDir\000"
 938      65725264 
 938      44697200 
 939              	.LASF5:
 940 0206 5F5F7569 		.ascii	"__uint8_t\000"
 940      6E74385F 
 940      7400
 941              	.LASF71:
ARM GAS  C:\Users\gjl\AppData\Local\Temp\ccT5B9m4.s 			page 21


 942 0210 5F5F656E 		.ascii	"__enable_irq\000"
 942      61626C65 
 942      5F697271 
 942      00
 943              	.LASF42:
 944 021d 736C6176 		.ascii	"slaveRxBufferIdx\000"
 944      65527842 
 944      75666665 
 944      72496478 
 944      00
 945              	.LASF37:
 946 022e 736C6176 		.ascii	"slaveTxBufferSize\000"
 946      65547842 
 946      75666665 
 946      7253697A 
 946      6500
 947              	.LASF45:
 948 0240 63795F73 		.ascii	"cy_stc_scb_i2c_context_t\000"
 948      74635F73 
 948      63625F69 
 948      32635F63 
 948      6F6E7465 
 949              	.LASF14:
 950 0259 6C6F6E67 		.ascii	"long double\000"
 950      20646F75 
 950      626C6500 
 951              	.LASF50:
 952 0265 72785374 		.ascii	"rxStatus\000"
 952      61747573 
 952      00
 953              	.LASF1:
 954 026e 756E7369 		.ascii	"unsigned char\000"
 954      676E6564 
 954      20636861 
 954      7200
 955              	.LASF51:
 956 027c 72785269 		.ascii	"rxRingBuf\000"
 956      6E674275 
 956      6600
 957              	.LASF67:
 958 0286 43795F42 		.ascii	"Cy_BLE_ProcessEvents\000"
 958      4C455F50 
 958      726F6365 
 958      73734576 
 958      656E7473 
 959              	.LASF2:
 960 029b 7369676E 		.ascii	"signed char\000"
 960      65642063 
 960      68617200 
 961              	.LASF31:
 962 02a7 6D617374 		.ascii	"masterBufferSize\000"
 962      65724275 
 962      66666572 
 962      53697A65 
 962      00
 963              	.LASF9:
 964 02b8 6C6F6E67 		.ascii	"long long unsigned int\000"
ARM GAS  C:\Users\gjl\AppData\Local\Temp\ccT5B9m4.s 			page 22


 964      206C6F6E 
 964      6720756E 
 964      7369676E 
 964      65642069 
 965              	.LASF12:
 966 02cf 75696E74 		.ascii	"uint32_t\000"
 966      33325F74 
 966      00
 967              	.LASF22:
 968 02d8 63795F63 		.ascii	"cy_cb_scb_i2c_handle_events_t\000"
 968      625F7363 
 968      625F6932 
 968      635F6861 
 968      6E646C65 
 969              	.LASF10:
 970 02f6 756E7369 		.ascii	"unsigned int\000"
 970      676E6564 
 970      20696E74 
 970      00
 971              	.LASF21:
 972 0303 63795F65 		.ascii	"cy_en_scb_i2c_command_t\000"
 972      6E5F7363 
 972      625F6932 
 972      635F636F 
 972      6D6D616E 
 973              	.LASF27:
 974 031b 6D617374 		.ascii	"masterStatus\000"
 974      65725374 
 974      61747573 
 974      00
 975              	.LASF39:
 976 0328 736C6176 		.ascii	"slaveTxBufferCnt\000"
 976      65547842 
 976      75666665 
 976      72436E74 
 976      00
 977              	.LASF3:
 978 0339 73686F72 		.ascii	"short unsigned int\000"
 978      7420756E 
 978      7369676E 
 978      65642069 
 978      6E7400
 979              	.LASF55:
 980 034c 72784275 		.ascii	"rxBuf\000"
 980      6600
 981              	.LASF15:
 982 0352 63686172 		.ascii	"char\000"
 982      00
 983              	.LASF43:
 984 0357 63624576 		.ascii	"cbEvents\000"
 984      656E7473 
 984      00
 985              	.LASF65:
 986 0360 43795F42 		.ascii	"Cy_BLE_Start\000"
 986      4C455F53 
 986      74617274 
 986      00
ARM GAS  C:\Users\gjl\AppData\Local\Temp\ccT5B9m4.s 			page 23


 987              	.LASF30:
 988 036d 6D617374 		.ascii	"masterBuffer\000"
 988      65724275 
 988      66666572 
 988      00
 989              	.LASF18:
 990 037a 5F426F6F 		.ascii	"_Bool\000"
 990      6C00
 991              	.LASF66:
 992 0380 43795F53 		.ascii	"Cy_SysEnableCM4\000"
 992      7973456E 
 992      61626C65 
 992      434D3400 
 993              	.LASF70:
 994 0390 433A5C47 		.ascii	"C:\\Git\\PSoC6-101-Video-Projects\\PSoC 6_101\\RC-3"
 994      69745C50 
 994      536F4336 
 994      2D313031 
 994      2D566964 
 995 03bf 2D35622D 		.ascii	"-5b-Motion.cydsn\000"
 995      4D6F7469 
 995      6F6E2E63 
 995      7964736E 
 995      00
 996              	.LASF7:
 997 03d0 6C6F6E67 		.ascii	"long unsigned int\000"
 997      20756E73 
 997      69676E65 
 997      6420696E 
 997      7400
 998              	.LASF17:
 999 03e2 646F7562 		.ascii	"double\000"
 999      6C6500
 1000              	.LASF34:
 1001 03e9 736C6176 		.ascii	"slaveStatus\000"
 1001      65537461 
 1001      74757300 
 1002              	.LASF19:
 1003 03f5 43595F53 		.ascii	"CY_SCB_I2C_ACK\000"
 1003      43425F49 
 1003      32435F41 
 1003      434B00
 1004              	.LASF38:
 1005 0404 736C6176 		.ascii	"slaveTxBufferIdx\000"
 1005      65547842 
 1005      75666665 
 1005      72496478 
 1005      00
 1006              	.LASF24:
 1007 0415 75736552 		.ascii	"useRxFifo\000"
 1007      78466966 
 1007      6F00
 1008              	.LASF60:
 1009 041f 74784C65 		.ascii	"txLeftToTransmit\000"
 1009      6674546F 
 1009      5472616E 
 1009      736D6974 
ARM GAS  C:\Users\gjl\AppData\Local\Temp\ccT5B9m4.s 			page 24


 1009      00
 1010              	.LASF28:
 1011 0430 6D617374 		.ascii	"masterPause\000"
 1011      65725061 
 1011      75736500 
 1012              	.LASF62:
 1013 043c 63795F73 		.ascii	"cy_stc_scb_uart_context_t\000"
 1013      74635F73 
 1013      63625F75 
 1013      6172745F 
 1013      636F6E74 
 1014              	.LASF63:
 1015 0456 55415254 		.ascii	"UART_context\000"
 1015      5F636F6E 
 1015      74657874 
 1015      00
 1016              	.LASF4:
 1017 0463 6C6F6E67 		.ascii	"long int\000"
 1017      20696E74 
 1017      00
 1018              	.LASF44:
 1019 046c 63624164 		.ascii	"cbAddr\000"
 1019      647200
 1020              	.LASF35:
 1021 0473 736C6176 		.ascii	"slaveRdBufEmpty\000"
 1021      65526442 
 1021      7566456D 
 1021      70747900 
 1022              	.LASF47:
 1023 0483 63795F73 		.ascii	"cy_stc_scb_i2c_context\000"
 1023      74635F73 
 1023      63625F69 
 1023      32635F63 
 1023      6F6E7465 
 1024              	.LASF36:
 1025 049a 736C6176 		.ascii	"slaveTxBuffer\000"
 1025      65547842 
 1025      75666665 
 1025      7200
 1026              		.ident	"GCC: (GNU Tools for ARM Embedded Processors) 5.4.1 20160609 (release) [ARM/embedded-5-bran
