ARM GAS  C:\Users\gjl\AppData\Local\Temp\ccLXMgVQ.s 			page 1


   1              		.syntax unified
   2              		.cpu cortex-m4
   3              		.eabi_attribute 27, 1
   4              		.fpu fpv4-sp-d16
   5              		.eabi_attribute 20, 1
   6              		.eabi_attribute 21, 1
   7              		.eabi_attribute 23, 3
   8              		.eabi_attribute 24, 1
   9              		.eabi_attribute 25, 1
  10              		.eabi_attribute 26, 1
  11              		.eabi_attribute 30, 1
  12              		.eabi_attribute 34, 1
  13              		.eabi_attribute 18, 4
  14              		.thumb
  15              		.syntax unified
  16              		.file	"cy_ble_lls.c"
  17              		.text
  18              	.Ltext0:
  19              		.cfi_sections	.debug_frame
  20              	.Letext0:
  21              		.file 1 "c:\\program files (x86)\\cypress\\psoc creator\\4.2\\psoc creator\\import\\gnu\\arm\\5.4.
  22              		.file 2 "c:\\program files (x86)\\cypress\\psoc creator\\4.2\\psoc creator\\import\\gnu\\arm\\5.4.
  23              		.file 3 "Generated_Source\\PSoC6\\pdl\\middleware\\ble\\cy_ble_stack_host_main.h"
  24              		.file 4 "Generated_Source\\PSoC6\\pdl\\middleware\\ble\\cy_ble_gap.h"
  25              		.file 5 "Generated_Source\\PSoC6\\pdl\\cmsis/include/core_cm4.h"
  26              		.section	.debug_info,"",%progbits
  27              	.Ldebug_info0:
  28 0000 BF010000 		.4byte	0x1bf
  29 0004 0400     		.2byte	0x4
  30 0006 00000000 		.4byte	.Ldebug_abbrev0
  31 000a 04       		.byte	0x4
  32 000b 01       		.uleb128 0x1
  33 000c 69020000 		.4byte	.LASF41
  34 0010 0C       		.byte	0xc
  35 0011 46030000 		.4byte	.LASF42
  36 0015 0D010000 		.4byte	.LASF43
  37 0019 00000000 		.4byte	.Ldebug_line0
  38 001d 02       		.uleb128 0x2
  39 001e 04       		.byte	0x4
  40 001f 05       		.byte	0x5
  41 0020 696E7400 		.ascii	"int\000"
  42 0024 03       		.uleb128 0x3
  43 0025 04       		.byte	0x4
  44 0026 07       		.byte	0x7
  45 0027 04020000 		.4byte	.LASF0
  46 002b 03       		.uleb128 0x3
  47 002c 08       		.byte	0x8
  48 002d 05       		.byte	0x5
  49 002e 33030000 		.4byte	.LASF1
  50 0032 03       		.uleb128 0x3
  51 0033 08       		.byte	0x8
  52 0034 04       		.byte	0x4
  53 0035 E9030000 		.4byte	.LASF2
  54 0039 03       		.uleb128 0x3
  55 003a 01       		.byte	0x1
  56 003b 06       		.byte	0x6
  57 003c F5030000 		.4byte	.LASF3
ARM GAS  C:\Users\gjl\AppData\Local\Temp\ccLXMgVQ.s 			page 2


  58 0040 04       		.uleb128 0x4
  59 0041 1F000000 		.4byte	.LASF7
  60 0045 01       		.byte	0x1
  61 0046 1D       		.byte	0x1d
  62 0047 4B000000 		.4byte	0x4b
  63 004b 03       		.uleb128 0x3
  64 004c 01       		.byte	0x1
  65 004d 08       		.byte	0x8
  66 004e FF000000 		.4byte	.LASF4
  67 0052 03       		.uleb128 0x3
  68 0053 02       		.byte	0x2
  69 0054 05       		.byte	0x5
  70 0055 D9010000 		.4byte	.LASF5
  71 0059 03       		.uleb128 0x3
  72 005a 02       		.byte	0x2
  73 005b 07       		.byte	0x7
  74 005c 6C010000 		.4byte	.LASF6
  75 0060 04       		.uleb128 0x4
  76 0061 76000000 		.4byte	.LASF8
  77 0065 01       		.byte	0x1
  78 0066 3F       		.byte	0x3f
  79 0067 6B000000 		.4byte	0x6b
  80 006b 03       		.uleb128 0x3
  81 006c 04       		.byte	0x4
  82 006d 05       		.byte	0x5
  83 006e E0030000 		.4byte	.LASF9
  84 0072 03       		.uleb128 0x3
  85 0073 04       		.byte	0x4
  86 0074 07       		.byte	0x7
  87 0075 5A010000 		.4byte	.LASF10
  88 0079 03       		.uleb128 0x3
  89 007a 08       		.byte	0x8
  90 007b 07       		.byte	0x7
  91 007c 28020000 		.4byte	.LASF11
  92 0080 03       		.uleb128 0x3
  93 0081 04       		.byte	0x4
  94 0082 07       		.byte	0x7
  95 0083 2A030000 		.4byte	.LASF12
  96 0087 03       		.uleb128 0x3
  97 0088 01       		.byte	0x1
  98 0089 08       		.byte	0x8
  99 008a 41030000 		.4byte	.LASF13
 100 008e 04       		.uleb128 0x4
 101 008f 92000000 		.4byte	.LASF14
 102 0093 02       		.byte	0x2
 103 0094 18       		.byte	0x18
 104 0095 40000000 		.4byte	0x40
 105 0099 04       		.uleb128 0x4
 106 009a 1C030000 		.4byte	.LASF15
 107 009e 02       		.byte	0x2
 108 009f 2C       		.byte	0x2c
 109 00a0 60000000 		.4byte	0x60
 110 00a4 03       		.uleb128 0x3
 111 00a5 04       		.byte	0x4
 112 00a6 04       		.byte	0x4
 113 00a7 F9000000 		.4byte	.LASF16
 114 00ab 03       		.uleb128 0x3
ARM GAS  C:\Users\gjl\AppData\Local\Temp\ccLXMgVQ.s 			page 3


 115 00ac 08       		.byte	0x8
 116 00ad 04       		.byte	0x4
 117 00ae D2010000 		.4byte	.LASF17
 118 00b2 05       		.uleb128 0x5
 119 00b3 02       		.byte	0x2
 120 00b4 03       		.byte	0x3
 121 00b5 5B01     		.2byte	0x15b
 122 00b7 D6000000 		.4byte	0xd6
 123 00bb 06       		.uleb128 0x6
 124 00bc 29000000 		.4byte	.LASF18
 125 00c0 03       		.byte	0x3
 126 00c1 6501     		.2byte	0x165
 127 00c3 8E000000 		.4byte	0x8e
 128 00c7 00       		.byte	0
 129 00c8 06       		.uleb128 0x6
 130 00c9 24030000 		.4byte	.LASF19
 131 00cd 03       		.byte	0x3
 132 00ce 6901     		.2byte	0x169
 133 00d0 8E000000 		.4byte	0x8e
 134 00d4 01       		.byte	0x1
 135 00d5 00       		.byte	0
 136 00d6 07       		.uleb128 0x7
 137 00d7 5D000000 		.4byte	.LASF20
 138 00db 03       		.byte	0x3
 139 00dc 6B01     		.2byte	0x16b
 140 00de B2000000 		.4byte	0xb2
 141 00e2 08       		.uleb128 0x8
 142 00e3 01       		.byte	0x1
 143 00e4 4B000000 		.4byte	0x4b
 144 00e8 04       		.byte	0x4
 145 00e9 75       		.byte	0x75
 146 00ea 07010000 		.4byte	0x107
 147 00ee 09       		.uleb128 0x9
 148 00ef 52040000 		.4byte	.LASF21
 149 00f3 00       		.byte	0
 150 00f4 09       		.uleb128 0x9
 151 00f5 E3010000 		.4byte	.LASF22
 152 00f9 01       		.byte	0x1
 153 00fa 09       		.uleb128 0x9
 154 00fb 7D030000 		.4byte	.LASF23
 155 00ff 02       		.byte	0x2
 156 0100 09       		.uleb128 0x9
 157 0101 07040000 		.4byte	.LASF24
 158 0105 03       		.byte	0x3
 159 0106 00       		.byte	0
 160 0107 04       		.uleb128 0x4
 161 0108 11020000 		.4byte	.LASF25
 162 010c 04       		.byte	0x4
 163 010d 7A       		.byte	0x7a
 164 010e E2000000 		.4byte	0xe2
 165 0112 08       		.uleb128 0x8
 166 0113 01       		.byte	0x1
 167 0114 4B000000 		.4byte	0x4b
 168 0118 04       		.byte	0x4
 169 0119 87       		.byte	0x87
 170 011a 4F010000 		.4byte	0x14f
 171 011e 09       		.uleb128 0x9
ARM GAS  C:\Users\gjl\AppData\Local\Temp\ccLXMgVQ.s 			page 4


 172 011f 00000000 		.4byte	.LASF26
 173 0123 00       		.byte	0
 174 0124 09       		.uleb128 0x9
 175 0125 AF030000 		.4byte	.LASF27
 176 0129 01       		.byte	0x1
 177 012a 09       		.uleb128 0x9
 178 012b B6010000 		.4byte	.LASF28
 179 012f 02       		.byte	0x2
 180 0130 09       		.uleb128 0x9
 181 0131 BE000000 		.4byte	.LASF29
 182 0135 03       		.byte	0x3
 183 0136 09       		.uleb128 0x9
 184 0137 3F020000 		.4byte	.LASF30
 185 013b 04       		.byte	0x4
 186 013c 09       		.uleb128 0x9
 187 013d 7F010000 		.4byte	.LASF31
 188 0141 05       		.byte	0x5
 189 0142 09       		.uleb128 0x9
 190 0143 32000000 		.4byte	.LASF32
 191 0147 06       		.byte	0x6
 192 0148 09       		.uleb128 0x9
 193 0149 9A000000 		.4byte	.LASF33
 194 014d 07       		.byte	0x7
 195 014e 00       		.byte	0
 196 014f 04       		.uleb128 0x4
 197 0150 98030000 		.4byte	.LASF34
 198 0154 04       		.byte	0x4
 199 0155 90       		.byte	0x90
 200 0156 12010000 		.4byte	0x112
 201 015a 03       		.uleb128 0x3
 202 015b 01       		.byte	0x1
 203 015c 02       		.byte	0x2
 204 015d 01040000 		.4byte	.LASF35
 205 0161 0A       		.uleb128 0xa
 206 0162 A9010000 		.4byte	.LASF36
 207 0166 05       		.byte	0x5
 208 0167 EA07     		.2byte	0x7ea
 209 0169 6D010000 		.4byte	0x16d
 210 016d 0B       		.uleb128 0xb
 211 016e 99000000 		.4byte	0x99
 212 0172 0A       		.uleb128 0xa
 213 0173 E8000000 		.4byte	.LASF37
 214 0177 04       		.byte	0x4
 215 0178 2702     		.2byte	0x227
 216 017a 07010000 		.4byte	0x107
 217 017e 0C       		.uleb128 0xc
 218 017f D6000000 		.4byte	0xd6
 219 0183 8E010000 		.4byte	0x18e
 220 0187 0D       		.uleb128 0xd
 221 0188 80000000 		.4byte	0x80
 222 018c 00       		.byte	0
 223 018d 00       		.byte	0
 224 018e 0A       		.uleb128 0xa
 225 018f 80000000 		.4byte	.LASF38
 226 0193 04       		.byte	0x4
 227 0194 2C02     		.2byte	0x22c
 228 0196 7E010000 		.4byte	0x17e
ARM GAS  C:\Users\gjl\AppData\Local\Temp\ccLXMgVQ.s 			page 5


 229 019a 0C       		.uleb128 0xc
 230 019b 4F010000 		.4byte	0x14f
 231 019f AA010000 		.4byte	0x1aa
 232 01a3 0D       		.uleb128 0xd
 233 01a4 80000000 		.4byte	0x80
 234 01a8 00       		.byte	0
 235 01a9 00       		.byte	0
 236 01aa 0A       		.uleb128 0xa
 237 01ab 28040000 		.4byte	.LASF39
 238 01af 04       		.byte	0x4
 239 01b0 2D02     		.2byte	0x22d
 240 01b2 9A010000 		.4byte	0x19a
 241 01b6 0A       		.uleb128 0xa
 242 01b7 39040000 		.4byte	.LASF40
 243 01bb 04       		.byte	0x4
 244 01bc 5202     		.2byte	0x252
 245 01be 8E000000 		.4byte	0x8e
 246 01c2 00       		.byte	0
 247              		.section	.debug_abbrev,"",%progbits
 248              	.Ldebug_abbrev0:
 249 0000 01       		.uleb128 0x1
 250 0001 11       		.uleb128 0x11
 251 0002 01       		.byte	0x1
 252 0003 25       		.uleb128 0x25
 253 0004 0E       		.uleb128 0xe
 254 0005 13       		.uleb128 0x13
 255 0006 0B       		.uleb128 0xb
 256 0007 03       		.uleb128 0x3
 257 0008 0E       		.uleb128 0xe
 258 0009 1B       		.uleb128 0x1b
 259 000a 0E       		.uleb128 0xe
 260 000b 10       		.uleb128 0x10
 261 000c 17       		.uleb128 0x17
 262 000d 00       		.byte	0
 263 000e 00       		.byte	0
 264 000f 02       		.uleb128 0x2
 265 0010 24       		.uleb128 0x24
 266 0011 00       		.byte	0
 267 0012 0B       		.uleb128 0xb
 268 0013 0B       		.uleb128 0xb
 269 0014 3E       		.uleb128 0x3e
 270 0015 0B       		.uleb128 0xb
 271 0016 03       		.uleb128 0x3
 272 0017 08       		.uleb128 0x8
 273 0018 00       		.byte	0
 274 0019 00       		.byte	0
 275 001a 03       		.uleb128 0x3
 276 001b 24       		.uleb128 0x24
 277 001c 00       		.byte	0
 278 001d 0B       		.uleb128 0xb
 279 001e 0B       		.uleb128 0xb
 280 001f 3E       		.uleb128 0x3e
 281 0020 0B       		.uleb128 0xb
 282 0021 03       		.uleb128 0x3
 283 0022 0E       		.uleb128 0xe
 284 0023 00       		.byte	0
 285 0024 00       		.byte	0
ARM GAS  C:\Users\gjl\AppData\Local\Temp\ccLXMgVQ.s 			page 6


 286 0025 04       		.uleb128 0x4
 287 0026 16       		.uleb128 0x16
 288 0027 00       		.byte	0
 289 0028 03       		.uleb128 0x3
 290 0029 0E       		.uleb128 0xe
 291 002a 3A       		.uleb128 0x3a
 292 002b 0B       		.uleb128 0xb
 293 002c 3B       		.uleb128 0x3b
 294 002d 0B       		.uleb128 0xb
 295 002e 49       		.uleb128 0x49
 296 002f 13       		.uleb128 0x13
 297 0030 00       		.byte	0
 298 0031 00       		.byte	0
 299 0032 05       		.uleb128 0x5
 300 0033 13       		.uleb128 0x13
 301 0034 01       		.byte	0x1
 302 0035 0B       		.uleb128 0xb
 303 0036 0B       		.uleb128 0xb
 304 0037 3A       		.uleb128 0x3a
 305 0038 0B       		.uleb128 0xb
 306 0039 3B       		.uleb128 0x3b
 307 003a 05       		.uleb128 0x5
 308 003b 01       		.uleb128 0x1
 309 003c 13       		.uleb128 0x13
 310 003d 00       		.byte	0
 311 003e 00       		.byte	0
 312 003f 06       		.uleb128 0x6
 313 0040 0D       		.uleb128 0xd
 314 0041 00       		.byte	0
 315 0042 03       		.uleb128 0x3
 316 0043 0E       		.uleb128 0xe
 317 0044 3A       		.uleb128 0x3a
 318 0045 0B       		.uleb128 0xb
 319 0046 3B       		.uleb128 0x3b
 320 0047 05       		.uleb128 0x5
 321 0048 49       		.uleb128 0x49
 322 0049 13       		.uleb128 0x13
 323 004a 38       		.uleb128 0x38
 324 004b 0B       		.uleb128 0xb
 325 004c 00       		.byte	0
 326 004d 00       		.byte	0
 327 004e 07       		.uleb128 0x7
 328 004f 16       		.uleb128 0x16
 329 0050 00       		.byte	0
 330 0051 03       		.uleb128 0x3
 331 0052 0E       		.uleb128 0xe
 332 0053 3A       		.uleb128 0x3a
 333 0054 0B       		.uleb128 0xb
 334 0055 3B       		.uleb128 0x3b
 335 0056 05       		.uleb128 0x5
 336 0057 49       		.uleb128 0x49
 337 0058 13       		.uleb128 0x13
 338 0059 00       		.byte	0
 339 005a 00       		.byte	0
 340 005b 08       		.uleb128 0x8
 341 005c 04       		.uleb128 0x4
 342 005d 01       		.byte	0x1
ARM GAS  C:\Users\gjl\AppData\Local\Temp\ccLXMgVQ.s 			page 7


 343 005e 0B       		.uleb128 0xb
 344 005f 0B       		.uleb128 0xb
 345 0060 49       		.uleb128 0x49
 346 0061 13       		.uleb128 0x13
 347 0062 3A       		.uleb128 0x3a
 348 0063 0B       		.uleb128 0xb
 349 0064 3B       		.uleb128 0x3b
 350 0065 0B       		.uleb128 0xb
 351 0066 01       		.uleb128 0x1
 352 0067 13       		.uleb128 0x13
 353 0068 00       		.byte	0
 354 0069 00       		.byte	0
 355 006a 09       		.uleb128 0x9
 356 006b 28       		.uleb128 0x28
 357 006c 00       		.byte	0
 358 006d 03       		.uleb128 0x3
 359 006e 0E       		.uleb128 0xe
 360 006f 1C       		.uleb128 0x1c
 361 0070 0B       		.uleb128 0xb
 362 0071 00       		.byte	0
 363 0072 00       		.byte	0
 364 0073 0A       		.uleb128 0xa
 365 0074 34       		.uleb128 0x34
 366 0075 00       		.byte	0
 367 0076 03       		.uleb128 0x3
 368 0077 0E       		.uleb128 0xe
 369 0078 3A       		.uleb128 0x3a
 370 0079 0B       		.uleb128 0xb
 371 007a 3B       		.uleb128 0x3b
 372 007b 05       		.uleb128 0x5
 373 007c 49       		.uleb128 0x49
 374 007d 13       		.uleb128 0x13
 375 007e 3F       		.uleb128 0x3f
 376 007f 19       		.uleb128 0x19
 377 0080 3C       		.uleb128 0x3c
 378 0081 19       		.uleb128 0x19
 379 0082 00       		.byte	0
 380 0083 00       		.byte	0
 381 0084 0B       		.uleb128 0xb
 382 0085 35       		.uleb128 0x35
 383 0086 00       		.byte	0
 384 0087 49       		.uleb128 0x49
 385 0088 13       		.uleb128 0x13
 386 0089 00       		.byte	0
 387 008a 00       		.byte	0
 388 008b 0C       		.uleb128 0xc
 389 008c 01       		.uleb128 0x1
 390 008d 01       		.byte	0x1
 391 008e 49       		.uleb128 0x49
 392 008f 13       		.uleb128 0x13
 393 0090 01       		.uleb128 0x1
 394 0091 13       		.uleb128 0x13
 395 0092 00       		.byte	0
 396 0093 00       		.byte	0
 397 0094 0D       		.uleb128 0xd
 398 0095 21       		.uleb128 0x21
 399 0096 00       		.byte	0
ARM GAS  C:\Users\gjl\AppData\Local\Temp\ccLXMgVQ.s 			page 8


 400 0097 49       		.uleb128 0x49
 401 0098 13       		.uleb128 0x13
 402 0099 2F       		.uleb128 0x2f
 403 009a 0B       		.uleb128 0xb
 404 009b 00       		.byte	0
 405 009c 00       		.byte	0
 406 009d 00       		.byte	0
 407              		.section	.debug_aranges,"",%progbits
 408 0000 14000000 		.4byte	0x14
 409 0004 0200     		.2byte	0x2
 410 0006 00000000 		.4byte	.Ldebug_info0
 411 000a 04       		.byte	0x4
 412 000b 00       		.byte	0
 413 000c 0000     		.2byte	0
 414 000e 0000     		.2byte	0
 415 0010 00000000 		.4byte	0
 416 0014 00000000 		.4byte	0
 417              		.section	.debug_line,"",%progbits
 418              	.Ldebug_line0:
 419 0000 A3010000 		.section	.debug_str,"MS",%progbits,1
 419      02009D01 
 419      00000201 
 419      FB0E0D00 
 419      01010101 
 420              	.LASF26:
 421 0000 43595F42 		.ascii	"CY_BLE_CONN_STATE_DISCONNECTED\000"
 421      4C455F43 
 421      4F4E4E5F 
 421      53544154 
 421      455F4449 
 422              	.LASF7:
 423 001f 5F5F7569 		.ascii	"__uint8_t\000"
 423      6E74385F 
 423      7400
 424              	.LASF18:
 425 0029 62644861 		.ascii	"bdHandle\000"
 425      6E646C65 
 425      00
 426              	.LASF32:
 427 0032 43595F42 		.ascii	"CY_BLE_CONN_STATE_CLIENT_DESCR_DISCOVERING\000"
 427      4C455F43 
 427      4F4E4E5F 
 427      53544154 
 427      455F434C 
 428              	.LASF20:
 429 005d 63795F73 		.ascii	"cy_stc_ble_conn_handle_t\000"
 429      74635F62 
 429      6C655F63 
 429      6F6E6E5F 
 429      68616E64 
 430              	.LASF8:
 431 0076 5F5F696E 		.ascii	"__int32_t\000"
 431      7433325F 
 431      7400
 432              	.LASF38:
 433 0080 63795F62 		.ascii	"cy_ble_connHandle\000"
 433      6C655F63 
ARM GAS  C:\Users\gjl\AppData\Local\Temp\ccLXMgVQ.s 			page 9


 433      6F6E6E48 
 433      616E646C 
 433      6500
 434              	.LASF14:
 435 0092 75696E74 		.ascii	"uint8_t\000"
 435      385F7400 
 436              	.LASF33:
 437 009a 43595F42 		.ascii	"CY_BLE_CONN_STATE_CLIENT_DISCOVERED\000"
 437      4C455F43 
 437      4F4E4E5F 
 437      53544154 
 437      455F434C 
 438              	.LASF29:
 439 00be 43595F42 		.ascii	"CY_BLE_CONN_STATE_CLIENT_SRVC_DISCOVERING\000"
 439      4C455F43 
 439      4F4E4E5F 
 439      53544154 
 439      455F434C 
 440              	.LASF37:
 441 00e8 63795F62 		.ascii	"cy_ble_scanState\000"
 441      6C655F73 
 441      63616E53 
 441      74617465 
 441      00
 442              	.LASF16:
 443 00f9 666C6F61 		.ascii	"float\000"
 443      7400
 444              	.LASF4:
 445 00ff 756E7369 		.ascii	"unsigned char\000"
 445      676E6564 
 445      20636861 
 445      7200
 446              	.LASF43:
 447 010d 433A5C47 		.ascii	"C:\\Git\\PSoC6-101-Videos\\Projects_ScreenCapture\\"
 447      69745C50 
 447      536F4336 
 447      2D313031 
 447      2D566964 
 448 013c 50536F43 		.ascii	"PSoC 6_101\\RC-3-3b-UART.cydsn\000"
 448      20365F31 
 448      30315C52 
 448      432D332D 
 448      33622D55 
 449              	.LASF10:
 450 015a 6C6F6E67 		.ascii	"long unsigned int\000"
 450      20756E73 
 450      69676E65 
 450      6420696E 
 450      7400
 451              	.LASF6:
 452 016c 73686F72 		.ascii	"short unsigned int\000"
 452      7420756E 
 452      7369676E 
 452      65642069 
 452      6E7400
 453              	.LASF31:
 454 017f 43595F42 		.ascii	"CY_BLE_CONN_STATE_CLIENT_CHAR_DISCOVERING\000"
ARM GAS  C:\Users\gjl\AppData\Local\Temp\ccLXMgVQ.s 			page 10


 454      4C455F43 
 454      4F4E4E5F 
 454      53544154 
 454      455F434C 
 455              	.LASF36:
 456 01a9 49544D5F 		.ascii	"ITM_RxBuffer\000"
 456      52784275 
 456      66666572 
 456      00
 457              	.LASF28:
 458 01b6 43595F42 		.ascii	"CY_BLE_CONN_STATE_CONNECTED\000"
 458      4C455F43 
 458      4F4E4E5F 
 458      53544154 
 458      455F434F 
 459              	.LASF17:
 460 01d2 646F7562 		.ascii	"double\000"
 460      6C6500
 461              	.LASF5:
 462 01d9 73686F72 		.ascii	"short int\000"
 462      7420696E 
 462      7400
 463              	.LASF22:
 464 01e3 43595F42 		.ascii	"CY_BLE_SCAN_STATE_SCAN_INITIATED\000"
 464      4C455F53 
 464      43414E5F 
 464      53544154 
 464      455F5343 
 465              	.LASF0:
 466 0204 756E7369 		.ascii	"unsigned int\000"
 466      676E6564 
 466      20696E74 
 466      00
 467              	.LASF25:
 468 0211 63795F65 		.ascii	"cy_en_ble_scan_state_t\000"
 468      6E5F626C 
 468      655F7363 
 468      616E5F73 
 468      74617465 
 469              	.LASF11:
 470 0228 6C6F6E67 		.ascii	"long long unsigned int\000"
 470      206C6F6E 
 470      6720756E 
 470      7369676E 
 470      65642069 
 471              	.LASF30:
 472 023f 43595F42 		.ascii	"CY_BLE_CONN_STATE_CLIENT_INCL_DISCOVERING\000"
 472      4C455F43 
 472      4F4E4E5F 
 472      53544154 
 472      455F434C 
 473              	.LASF41:
 474 0269 474E5520 		.ascii	"GNU C11 5.4.1 20160609 (release) [ARM/embedded-5-br"
 474      43313120 
 474      352E342E 
 474      31203230 
 474      31363036 
ARM GAS  C:\Users\gjl\AppData\Local\Temp\ccLXMgVQ.s 			page 11


 475 029c 616E6368 		.ascii	"anch revision 237715] -mcpu=cortex-m4 -mfloat-abi=s"
 475      20726576 
 475      6973696F 
 475      6E203233 
 475      37373135 
 476 02cf 6F667466 		.ascii	"oftfp -mfpu=fpv4-sp-d16 -mthumb -g -Og -ffunction-s"
 476      70202D6D 
 476      6670753D 
 476      66707634 
 476      2D73702D 
 477 0302 65637469 		.ascii	"ections -ffat-lto-objects\000"
 477      6F6E7320 
 477      2D666661 
 477      742D6C74 
 477      6F2D6F62 
 478              	.LASF15:
 479 031c 696E7433 		.ascii	"int32_t\000"
 479      325F7400 
 480              	.LASF19:
 481 0324 61747449 		.ascii	"attId\000"
 481      6400
 482              	.LASF12:
 483 032a 73697A65 		.ascii	"sizetype\000"
 483      74797065 
 483      00
 484              	.LASF1:
 485 0333 6C6F6E67 		.ascii	"long long int\000"
 485      206C6F6E 
 485      6720696E 
 485      7400
 486              	.LASF13:
 487 0341 63686172 		.ascii	"char\000"
 487      00
 488              	.LASF42:
 489 0346 47656E65 		.ascii	"Generated_Source\\PSoC6\\pdl\\middleware\\ble\\cy_b"
 489      72617465 
 489      645F536F 
 489      75726365 
 489      5C50536F 
 490 0374 6C655F6C 		.ascii	"le_lls.c\000"
 490      6C732E63 
 490      00
 491              	.LASF23:
 492 037d 43595F42 		.ascii	"CY_BLE_SCAN_STATE_SCANNING\000"
 492      4C455F53 
 492      43414E5F 
 492      53544154 
 492      455F5343 
 493              	.LASF34:
 494 0398 63795F65 		.ascii	"cy_en_ble_conn_state_t\000"
 494      6E5F626C 
 494      655F636F 
 494      6E6E5F73 
 494      74617465 
 495              	.LASF27:
 496 03af 43595F42 		.ascii	"CY_BLE_CONN_STATE_CLIENT_DISCONNECTED_DISCOVERED\000"
 496      4C455F43 
ARM GAS  C:\Users\gjl\AppData\Local\Temp\ccLXMgVQ.s 			page 12


 496      4F4E4E5F 
 496      53544154 
 496      455F434C 
 497              	.LASF9:
 498 03e0 6C6F6E67 		.ascii	"long int\000"
 498      20696E74 
 498      00
 499              	.LASF2:
 500 03e9 6C6F6E67 		.ascii	"long double\000"
 500      20646F75 
 500      626C6500 
 501              	.LASF3:
 502 03f5 7369676E 		.ascii	"signed char\000"
 502      65642063 
 502      68617200 
 503              	.LASF35:
 504 0401 5F426F6F 		.ascii	"_Bool\000"
 504      6C00
 505              	.LASF24:
 506 0407 43595F42 		.ascii	"CY_BLE_SCAN_STATE_STOP_INITIATED\000"
 506      4C455F53 
 506      43414E5F 
 506      53544154 
 506      455F5354 
 507              	.LASF39:
 508 0428 63795F62 		.ascii	"cy_ble_connState\000"
 508      6C655F63 
 508      6F6E6E53 
 508      74617465 
 508      00
 509              	.LASF40:
 510 0439 63795F62 		.ascii	"cy_ble_pendingFlashWrite\000"
 510      6C655F70 
 510      656E6469 
 510      6E67466C 
 510      61736857 
 511              	.LASF21:
 512 0452 43595F42 		.ascii	"CY_BLE_SCAN_STATE_STOPPED\000"
 512      4C455F53 
 512      43414E5F 
 512      53544154 
 512      455F5354 
 513              		.ident	"GCC: (GNU Tools for ARM Embedded Processors) 5.4.1 20160609 (release) [ARM/embedded-5-bran
