ARM GAS  C:\Users\gjl\AppData\Local\Temp\ccedWOtX.s 			page 1


   1              		.syntax unified
   2              		.cpu cortex-m4
   3              		.eabi_attribute 27, 1
   4              		.fpu fpv4-sp-d16
   5              		.eabi_attribute 20, 1
   6              		.eabi_attribute 21, 1
   7              		.eabi_attribute 23, 3
   8              		.eabi_attribute 24, 1
   9              		.eabi_attribute 25, 1
  10              		.eabi_attribute 26, 1
  11              		.eabi_attribute 30, 1
  12              		.eabi_attribute 34, 1
  13              		.eabi_attribute 18, 4
  14              		.thumb
  15              		.syntax unified
  16              		.file	"main_cm4.c"
  17              		.text
  18              	.Ltext0:
  19              		.cfi_sections	.debug_frame
  20              		.section	.text.main,"ax",%progbits
  21              		.align	2
  22              		.global	main
  23              		.thumb
  24              		.thumb_func
  25              		.type	main, %function
  26              	main:
  27              	.LFB396:
  28              		.file 1 "main_cm4.c"
   1:main_cm4.c    **** /* ========================================
   2:main_cm4.c    ****  *
   3:main_cm4.c    ****  * Copyright YOUR COMPANY, THE YEAR
   4:main_cm4.c    ****  * All Rights Reserved
   5:main_cm4.c    ****  * UNPUBLISHED, LICENSED SOFTWARE.
   6:main_cm4.c    ****  *
   7:main_cm4.c    ****  * CONFIDENTIAL AND PROPRIETARY INFORMATION
   8:main_cm4.c    ****  * WHICH IS THE PROPERTY OF your company.
   9:main_cm4.c    ****  *
  10:main_cm4.c    ****  * ========================================
  11:main_cm4.c    **** */
  12:main_cm4.c    **** #include "project.h"
  13:main_cm4.c    **** 
  14:main_cm4.c    **** int main(void)
  15:main_cm4.c    **** {
  29              		.loc 1 15 0
  30              		.cfi_startproc
  31              		@ Volatile: function does not return.
  32              		@ args = 0, pretend = 0, frame = 0
  33              		@ frame_needed = 0, uses_anonymous_args = 0
  34 0000 08B5     		push	{r3, lr}
  35              		.cfi_def_cfa_offset 8
  36              		.cfi_offset 3, -8
  37              		.cfi_offset 14, -4
  38              	.LBB4:
  39              	.LBB5:
  40              		.file 2 "Generated_Source\\PSoC6\\pdl\\cmsis/include/cmsis_gcc.h"
   1:Generated_Source\PSoC6\pdl\cmsis/include/cmsis_gcc.h **** /**************************************************************************//**
   2:Generated_Source\PSoC6\pdl\cmsis/include/cmsis_gcc.h ****  * @file     cmsis_gcc.h
ARM GAS  C:\Users\gjl\AppData\Local\Temp\ccedWOtX.s 			page 2


   3:Generated_Source\PSoC6\pdl\cmsis/include/cmsis_gcc.h ****  * @brief    CMSIS compiler GCC header file
   4:Generated_Source\PSoC6\pdl\cmsis/include/cmsis_gcc.h ****  * @version  V5.0.1
   5:Generated_Source\PSoC6\pdl\cmsis/include/cmsis_gcc.h ****  * @date     02. February 2017
   6:Generated_Source\PSoC6\pdl\cmsis/include/cmsis_gcc.h ****  ******************************************************************************/
   7:Generated_Source\PSoC6\pdl\cmsis/include/cmsis_gcc.h **** /*
   8:Generated_Source\PSoC6\pdl\cmsis/include/cmsis_gcc.h ****  * Copyright (c) 2009-2017 ARM Limited. All rights reserved.
   9:Generated_Source\PSoC6\pdl\cmsis/include/cmsis_gcc.h ****  *
  10:Generated_Source\PSoC6\pdl\cmsis/include/cmsis_gcc.h ****  * SPDX-License-Identifier: Apache-2.0
  11:Generated_Source\PSoC6\pdl\cmsis/include/cmsis_gcc.h ****  *
  12:Generated_Source\PSoC6\pdl\cmsis/include/cmsis_gcc.h ****  * Licensed under the Apache License, Version 2.0 (the License); you may
  13:Generated_Source\PSoC6\pdl\cmsis/include/cmsis_gcc.h ****  * not use this file except in compliance with the License.
  14:Generated_Source\PSoC6\pdl\cmsis/include/cmsis_gcc.h ****  * You may obtain a copy of the License at
  15:Generated_Source\PSoC6\pdl\cmsis/include/cmsis_gcc.h ****  *
  16:Generated_Source\PSoC6\pdl\cmsis/include/cmsis_gcc.h ****  * www.apache.org/licenses/LICENSE-2.0
  17:Generated_Source\PSoC6\pdl\cmsis/include/cmsis_gcc.h ****  *
  18:Generated_Source\PSoC6\pdl\cmsis/include/cmsis_gcc.h ****  * Unless required by applicable law or agreed to in writing, software
  19:Generated_Source\PSoC6\pdl\cmsis/include/cmsis_gcc.h ****  * distributed under the License is distributed on an AS IS BASIS, WITHOUT
  20:Generated_Source\PSoC6\pdl\cmsis/include/cmsis_gcc.h ****  * WARRANTIES OR CONDITIONS OF ANY KIND, either express or implied.
  21:Generated_Source\PSoC6\pdl\cmsis/include/cmsis_gcc.h ****  * See the License for the specific language governing permissions and
  22:Generated_Source\PSoC6\pdl\cmsis/include/cmsis_gcc.h ****  * limitations under the License.
  23:Generated_Source\PSoC6\pdl\cmsis/include/cmsis_gcc.h ****  */
  24:Generated_Source\PSoC6\pdl\cmsis/include/cmsis_gcc.h **** 
  25:Generated_Source\PSoC6\pdl\cmsis/include/cmsis_gcc.h **** #ifndef __CMSIS_GCC_H
  26:Generated_Source\PSoC6\pdl\cmsis/include/cmsis_gcc.h **** #define __CMSIS_GCC_H
  27:Generated_Source\PSoC6\pdl\cmsis/include/cmsis_gcc.h **** 
  28:Generated_Source\PSoC6\pdl\cmsis/include/cmsis_gcc.h **** /* ignore some GCC warnings */
  29:Generated_Source\PSoC6\pdl\cmsis/include/cmsis_gcc.h **** #pragma GCC diagnostic push
  30:Generated_Source\PSoC6\pdl\cmsis/include/cmsis_gcc.h **** #pragma GCC diagnostic ignored "-Wsign-conversion"
  31:Generated_Source\PSoC6\pdl\cmsis/include/cmsis_gcc.h **** #pragma GCC diagnostic ignored "-Wconversion"
  32:Generated_Source\PSoC6\pdl\cmsis/include/cmsis_gcc.h **** #pragma GCC diagnostic ignored "-Wunused-parameter"
  33:Generated_Source\PSoC6\pdl\cmsis/include/cmsis_gcc.h **** 
  34:Generated_Source\PSoC6\pdl\cmsis/include/cmsis_gcc.h **** /* CMSIS compiler specific defines */
  35:Generated_Source\PSoC6\pdl\cmsis/include/cmsis_gcc.h **** #ifndef   __ASM
  36:Generated_Source\PSoC6\pdl\cmsis/include/cmsis_gcc.h ****   #define __ASM                     __asm
  37:Generated_Source\PSoC6\pdl\cmsis/include/cmsis_gcc.h **** #endif
  38:Generated_Source\PSoC6\pdl\cmsis/include/cmsis_gcc.h **** #ifndef   __INLINE
  39:Generated_Source\PSoC6\pdl\cmsis/include/cmsis_gcc.h ****   #define __INLINE                  inline
  40:Generated_Source\PSoC6\pdl\cmsis/include/cmsis_gcc.h **** #endif
  41:Generated_Source\PSoC6\pdl\cmsis/include/cmsis_gcc.h **** #ifndef   __STATIC_INLINE
  42:Generated_Source\PSoC6\pdl\cmsis/include/cmsis_gcc.h ****   #define __STATIC_INLINE           static inline
  43:Generated_Source\PSoC6\pdl\cmsis/include/cmsis_gcc.h **** #endif
  44:Generated_Source\PSoC6\pdl\cmsis/include/cmsis_gcc.h **** #ifndef   __NO_RETURN
  45:Generated_Source\PSoC6\pdl\cmsis/include/cmsis_gcc.h ****   #define __NO_RETURN               __attribute__((noreturn))
  46:Generated_Source\PSoC6\pdl\cmsis/include/cmsis_gcc.h **** #endif
  47:Generated_Source\PSoC6\pdl\cmsis/include/cmsis_gcc.h **** #ifndef   __USED
  48:Generated_Source\PSoC6\pdl\cmsis/include/cmsis_gcc.h ****   #define __USED                    __attribute__((used))
  49:Generated_Source\PSoC6\pdl\cmsis/include/cmsis_gcc.h **** #endif
  50:Generated_Source\PSoC6\pdl\cmsis/include/cmsis_gcc.h **** #ifndef   __WEAK
  51:Generated_Source\PSoC6\pdl\cmsis/include/cmsis_gcc.h ****   #define __WEAK                    __attribute__((weak))
  52:Generated_Source\PSoC6\pdl\cmsis/include/cmsis_gcc.h **** #endif
  53:Generated_Source\PSoC6\pdl\cmsis/include/cmsis_gcc.h **** #ifndef   __UNALIGNED_UINT32
  54:Generated_Source\PSoC6\pdl\cmsis/include/cmsis_gcc.h **** #pragma GCC diagnostic push
  55:Generated_Source\PSoC6\pdl\cmsis/include/cmsis_gcc.h **** #pragma GCC diagnostic ignored "-Wpacked"
  56:Generated_Source\PSoC6\pdl\cmsis/include/cmsis_gcc.h **** #pragma GCC diagnostic ignored "-Wattributes"
  57:Generated_Source\PSoC6\pdl\cmsis/include/cmsis_gcc.h ****   struct __attribute__((packed)) T_UINT32 { uint32_t v; };
  58:Generated_Source\PSoC6\pdl\cmsis/include/cmsis_gcc.h **** #pragma GCC diagnostic pop
  59:Generated_Source\PSoC6\pdl\cmsis/include/cmsis_gcc.h ****   #define __UNALIGNED_UINT32(x)     (((struct T_UINT32 *)(x))->v)
ARM GAS  C:\Users\gjl\AppData\Local\Temp\ccedWOtX.s 			page 3


  60:Generated_Source\PSoC6\pdl\cmsis/include/cmsis_gcc.h **** #endif
  61:Generated_Source\PSoC6\pdl\cmsis/include/cmsis_gcc.h **** #ifndef   __ALIGNED
  62:Generated_Source\PSoC6\pdl\cmsis/include/cmsis_gcc.h ****   #define __ALIGNED(x)              __attribute__((aligned(x)))
  63:Generated_Source\PSoC6\pdl\cmsis/include/cmsis_gcc.h **** #endif
  64:Generated_Source\PSoC6\pdl\cmsis/include/cmsis_gcc.h **** #ifndef   __PACKED
  65:Generated_Source\PSoC6\pdl\cmsis/include/cmsis_gcc.h ****   #define __PACKED                  __attribute__((packed, aligned(1)))
  66:Generated_Source\PSoC6\pdl\cmsis/include/cmsis_gcc.h **** #endif
  67:Generated_Source\PSoC6\pdl\cmsis/include/cmsis_gcc.h **** #ifndef   __PACKED_STRUCT
  68:Generated_Source\PSoC6\pdl\cmsis/include/cmsis_gcc.h ****   #define __PACKED_STRUCT           struct __attribute__((packed, aligned(1)))
  69:Generated_Source\PSoC6\pdl\cmsis/include/cmsis_gcc.h **** #endif
  70:Generated_Source\PSoC6\pdl\cmsis/include/cmsis_gcc.h **** 
  71:Generated_Source\PSoC6\pdl\cmsis/include/cmsis_gcc.h **** 
  72:Generated_Source\PSoC6\pdl\cmsis/include/cmsis_gcc.h **** /* ###########################  Core Function Access  ########################### */
  73:Generated_Source\PSoC6\pdl\cmsis/include/cmsis_gcc.h **** /** \ingroup  CMSIS_Core_FunctionInterface
  74:Generated_Source\PSoC6\pdl\cmsis/include/cmsis_gcc.h ****     \defgroup CMSIS_Core_RegAccFunctions CMSIS Core Register Access Functions
  75:Generated_Source\PSoC6\pdl\cmsis/include/cmsis_gcc.h ****   @{
  76:Generated_Source\PSoC6\pdl\cmsis/include/cmsis_gcc.h ****  */
  77:Generated_Source\PSoC6\pdl\cmsis/include/cmsis_gcc.h **** 
  78:Generated_Source\PSoC6\pdl\cmsis/include/cmsis_gcc.h **** /**
  79:Generated_Source\PSoC6\pdl\cmsis/include/cmsis_gcc.h ****   \brief   Enable IRQ Interrupts
  80:Generated_Source\PSoC6\pdl\cmsis/include/cmsis_gcc.h ****   \details Enables IRQ interrupts by clearing the I-bit in the CPSR.
  81:Generated_Source\PSoC6\pdl\cmsis/include/cmsis_gcc.h ****            Can only be executed in Privileged modes.
  82:Generated_Source\PSoC6\pdl\cmsis/include/cmsis_gcc.h ****  */
  83:Generated_Source\PSoC6\pdl\cmsis/include/cmsis_gcc.h **** __attribute__((always_inline)) __STATIC_INLINE void __enable_irq(void)
  84:Generated_Source\PSoC6\pdl\cmsis/include/cmsis_gcc.h **** {
  85:Generated_Source\PSoC6\pdl\cmsis/include/cmsis_gcc.h ****   __ASM volatile ("cpsie i" : : : "memory");
  41              		.loc 2 85 0
  42              		.syntax unified
  43              	@ 85 "Generated_Source\PSoC6\pdl\cmsis/include/cmsis_gcc.h" 1
  44 0002 62B6     		cpsie i
  45              	@ 0 "" 2
  46              		.thumb
  47              		.syntax unified
  48              	.LBE5:
  49              	.LBE4:
  16:main_cm4.c    ****     __enable_irq(); /* Enable global interrupts. */
  17:main_cm4.c    **** 
  18:main_cm4.c    ****     /* Place your initialization/startup code here (e.g. MyInst_Start()) */
  19:main_cm4.c    ****     LEDBlink_Start();
  50              		.loc 1 19 0
  51 0004 FFF7FEFF 		bl	LEDBlink_Start
  52              	.LVL0:
  53              	.L2:
  54 0008 FEE7     		b	.L2
  55              		.cfi_endproc
  56              	.LFE396:
  57              		.size	main, .-main
  58 000a 00BF     		.text
  59              	.Letext0:
  60              		.file 3 "c:\\program files (x86)\\cypress\\psoc creator\\4.2\\psoc creator\\import\\gnu\\arm\\5.4.
  61              		.file 4 "c:\\program files (x86)\\cypress\\psoc creator\\4.2\\psoc creator\\import\\gnu\\arm\\5.4.
  62              		.file 5 "Generated_Source\\PSoC6\\pdl\\drivers/peripheral/tcpwm/cy_tcpwm_pwm.h"
  63              		.file 6 "Generated_Source\\PSoC6\\pdl\\cmsis/include/core_cm4.h"
  64              		.file 7 "Generated_Source\\PSoC6/LEDBlink.h"
  65              		.section	.debug_info,"",%progbits
  66              	.Ldebug_info0:
  67 0000 68020000 		.4byte	0x268
ARM GAS  C:\Users\gjl\AppData\Local\Temp\ccedWOtX.s 			page 4


  68 0004 0400     		.2byte	0x4
  69 0006 00000000 		.4byte	.Ldebug_abbrev0
  70 000a 04       		.byte	0x4
  71 000b 01       		.uleb128 0x1
  72 000c 3B020000 		.4byte	.LASF47
  73 0010 0C       		.byte	0xc
  74 0011 64000000 		.4byte	.LASF48
  75 0015 B8010000 		.4byte	.LASF49
  76 0019 00000000 		.4byte	.Ldebug_ranges0+0
  77 001d 00000000 		.4byte	0
  78 0021 00000000 		.4byte	.Ldebug_line0
  79 0025 02       		.uleb128 0x2
  80 0026 02       		.byte	0x2
  81 0027 05       		.byte	0x5
  82 0028 22030000 		.4byte	.LASF0
  83 002c 02       		.uleb128 0x2
  84 002d 01       		.byte	0x1
  85 002e 06       		.byte	0x6
  86 002f 72030000 		.4byte	.LASF1
  87 0033 02       		.uleb128 0x2
  88 0034 01       		.byte	0x1
  89 0035 08       		.byte	0x8
  90 0036 E4000000 		.4byte	.LASF2
  91 003a 02       		.uleb128 0x2
  92 003b 02       		.byte	0x2
  93 003c 07       		.byte	0x7
  94 003d 13010000 		.4byte	.LASF3
  95 0041 03       		.uleb128 0x3
  96 0042 4B000000 		.4byte	.LASF5
  97 0046 03       		.byte	0x3
  98 0047 3F       		.byte	0x3f
  99 0048 4C000000 		.4byte	0x4c
 100 004c 02       		.uleb128 0x2
 101 004d 04       		.byte	0x4
 102 004e 05       		.byte	0x5
 103 004f 4F030000 		.4byte	.LASF4
 104 0053 03       		.uleb128 0x3
 105 0054 3E010000 		.4byte	.LASF6
 106 0058 03       		.byte	0x3
 107 0059 41       		.byte	0x41
 108 005a 5E000000 		.4byte	0x5e
 109 005e 02       		.uleb128 0x2
 110 005f 04       		.byte	0x4
 111 0060 07       		.byte	0x7
 112 0061 01010000 		.4byte	.LASF7
 113 0065 02       		.uleb128 0x2
 114 0066 08       		.byte	0x8
 115 0067 05       		.byte	0x5
 116 0068 FF020000 		.4byte	.LASF8
 117 006c 02       		.uleb128 0x2
 118 006d 08       		.byte	0x8
 119 006e 07       		.byte	0x7
 120 006f 0C020000 		.4byte	.LASF9
 121 0073 04       		.uleb128 0x4
 122 0074 04       		.byte	0x4
 123 0075 05       		.byte	0x5
 124 0076 696E7400 		.ascii	"int\000"
ARM GAS  C:\Users\gjl\AppData\Local\Temp\ccedWOtX.s 			page 5


 125 007a 02       		.uleb128 0x2
 126 007b 04       		.byte	0x4
 127 007c 07       		.byte	0x7
 128 007d 9E010000 		.4byte	.LASF10
 129 0081 03       		.uleb128 0x3
 130 0082 EE020000 		.4byte	.LASF11
 131 0086 04       		.byte	0x4
 132 0087 2C       		.byte	0x2c
 133 0088 41000000 		.4byte	0x41
 134 008c 03       		.uleb128 0x3
 135 008d 46030000 		.4byte	.LASF12
 136 0091 04       		.byte	0x4
 137 0092 30       		.byte	0x30
 138 0093 53000000 		.4byte	0x53
 139 0097 02       		.uleb128 0x2
 140 0098 04       		.byte	0x4
 141 0099 07       		.byte	0x7
 142 009a F6020000 		.4byte	.LASF13
 143 009e 02       		.uleb128 0x2
 144 009f 08       		.byte	0x8
 145 00a0 04       		.byte	0x4
 146 00a1 66030000 		.4byte	.LASF14
 147 00a5 02       		.uleb128 0x2
 148 00a6 01       		.byte	0x1
 149 00a7 08       		.byte	0x8
 150 00a8 0D030000 		.4byte	.LASF15
 151 00ac 02       		.uleb128 0x2
 152 00ad 04       		.byte	0x4
 153 00ae 04       		.byte	0x4
 154 00af 18000000 		.4byte	.LASF16
 155 00b3 02       		.uleb128 0x2
 156 00b4 08       		.byte	0x8
 157 00b5 04       		.byte	0x4
 158 00b6 72010000 		.4byte	.LASF17
 159 00ba 02       		.uleb128 0x2
 160 00bb 01       		.byte	0x1
 161 00bc 02       		.byte	0x2
 162 00bd 88030000 		.4byte	.LASF18
 163 00c1 05       		.uleb128 0x5
 164 00c2 90000000 		.4byte	.LASF50
 165 00c6 64       		.byte	0x64
 166 00c7 05       		.byte	0x5
 167 00c8 2B       		.byte	0x2b
 168 00c9 FA010000 		.4byte	0x1fa
 169 00cd 06       		.uleb128 0x6
 170 00ce 23020000 		.4byte	.LASF19
 171 00d2 05       		.byte	0x5
 172 00d3 2D       		.byte	0x2d
 173 00d4 8C000000 		.4byte	0x8c
 174 00d8 00       		.byte	0
 175 00d9 06       		.uleb128 0x6
 176 00da 81000000 		.4byte	.LASF20
 177 00de 05       		.byte	0x5
 178 00df 2F       		.byte	0x2f
 179 00e0 8C000000 		.4byte	0x8c
 180 00e4 04       		.byte	0x4
 181 00e5 06       		.uleb128 0x6
ARM GAS  C:\Users\gjl\AppData\Local\Temp\ccedWOtX.s 			page 6


 182 00e6 AB010000 		.4byte	.LASF21
 183 00ea 05       		.byte	0x5
 184 00eb 30       		.byte	0x30
 185 00ec 8C000000 		.4byte	0x8c
 186 00f0 08       		.byte	0x8
 187 00f1 06       		.uleb128 0x6
 188 00f2 F2000000 		.4byte	.LASF22
 189 00f6 05       		.byte	0x5
 190 00f7 31       		.byte	0x31
 191 00f8 8C000000 		.4byte	0x8c
 192 00fc 0C       		.byte	0xc
 193 00fd 06       		.uleb128 0x6
 194 00fe 7E010000 		.4byte	.LASF23
 195 0102 05       		.byte	0x5
 196 0103 32       		.byte	0x32
 197 0104 8C000000 		.4byte	0x8c
 198 0108 10       		.byte	0x10
 199 0109 06       		.uleb128 0x6
 200 010a 2B020000 		.4byte	.LASF24
 201 010e 05       		.byte	0x5
 202 010f 33       		.byte	0x33
 203 0110 8C000000 		.4byte	0x8c
 204 0114 14       		.byte	0x14
 205 0115 06       		.uleb128 0x6
 206 0116 33020000 		.4byte	.LASF25
 207 011a 05       		.byte	0x5
 208 011b 34       		.byte	0x34
 209 011c 8C000000 		.4byte	0x8c
 210 0120 18       		.byte	0x18
 211 0121 06       		.uleb128 0x6
 212 0122 49010000 		.4byte	.LASF26
 213 0126 05       		.byte	0x5
 214 0127 35       		.byte	0x35
 215 0128 BA000000 		.4byte	0xba
 216 012c 1C       		.byte	0x1c
 217 012d 06       		.uleb128 0x6
 218 012e 6F000000 		.4byte	.LASF27
 219 0132 05       		.byte	0x5
 220 0133 36       		.byte	0x36
 221 0134 8C000000 		.4byte	0x8c
 222 0138 20       		.byte	0x20
 223 0139 06       		.uleb128 0x6
 224 013a 78000000 		.4byte	.LASF28
 225 013e 05       		.byte	0x5
 226 013f 37       		.byte	0x37
 227 0140 8C000000 		.4byte	0x8c
 228 0144 24       		.byte	0x24
 229 0145 06       		.uleb128 0x6
 230 0146 B8000000 		.4byte	.LASF29
 231 014a 05       		.byte	0x5
 232 014b 38       		.byte	0x38
 233 014c BA000000 		.4byte	0xba
 234 0150 28       		.byte	0x28
 235 0151 06       		.uleb128 0x6
 236 0152 1E000000 		.4byte	.LASF30
 237 0156 05       		.byte	0x5
 238 0157 3A       		.byte	0x3a
ARM GAS  C:\Users\gjl\AppData\Local\Temp\ccedWOtX.s 			page 7


 239 0158 8C000000 		.4byte	0x8c
 240 015c 2C       		.byte	0x2c
 241 015d 06       		.uleb128 0x6
 242 015e 2F000000 		.4byte	.LASF31
 243 0162 05       		.byte	0x5
 244 0163 3B       		.byte	0x3b
 245 0164 8C000000 		.4byte	0x8c
 246 0168 30       		.byte	0x30
 247 0169 06       		.uleb128 0x6
 248 016a 58030000 		.4byte	.LASF32
 249 016e 05       		.byte	0x5
 250 016f 3C       		.byte	0x3c
 251 0170 8C000000 		.4byte	0x8c
 252 0174 34       		.byte	0x34
 253 0175 06       		.uleb128 0x6
 254 0176 00000000 		.4byte	.LASF33
 255 017a 05       		.byte	0x5
 256 017b 3D       		.byte	0x3d
 257 017c 8C000000 		.4byte	0x8c
 258 0180 38       		.byte	0x38
 259 0181 06       		.uleb128 0x6
 260 0182 38030000 		.4byte	.LASF34
 261 0186 05       		.byte	0x5
 262 0187 3E       		.byte	0x3e
 263 0188 8C000000 		.4byte	0x8c
 264 018c 3C       		.byte	0x3c
 265 018d 06       		.uleb128 0x6
 266 018e 26010000 		.4byte	.LASF35
 267 0192 05       		.byte	0x5
 268 0193 40       		.byte	0x40
 269 0194 8C000000 		.4byte	0x8c
 270 0198 40       		.byte	0x40
 271 0199 06       		.uleb128 0x6
 272 019a 12030000 		.4byte	.LASF36
 273 019e 05       		.byte	0x5
 274 019f 41       		.byte	0x41
 275 01a0 8C000000 		.4byte	0x8c
 276 01a4 44       		.byte	0x44
 277 01a5 06       		.uleb128 0x6
 278 01a6 2C030000 		.4byte	.LASF37
 279 01aa 05       		.byte	0x5
 280 01ab 43       		.byte	0x43
 281 01ac 8C000000 		.4byte	0x8c
 282 01b0 48       		.byte	0x48
 283 01b1 06       		.uleb128 0x6
 284 01b2 55000000 		.4byte	.LASF38
 285 01b6 05       		.byte	0x5
 286 01b7 44       		.byte	0x44
 287 01b8 8C000000 		.4byte	0x8c
 288 01bc 4C       		.byte	0x4c
 289 01bd 06       		.uleb128 0x6
 290 01be 5A010000 		.4byte	.LASF39
 291 01c2 05       		.byte	0x5
 292 01c3 46       		.byte	0x46
 293 01c4 8C000000 		.4byte	0x8c
 294 01c8 50       		.byte	0x50
 295 01c9 06       		.uleb128 0x6
ARM GAS  C:\Users\gjl\AppData\Local\Temp\ccedWOtX.s 			page 8


 296 01ca 30010000 		.4byte	.LASF40
 297 01ce 05       		.byte	0x5
 298 01cf 47       		.byte	0x47
 299 01d0 8C000000 		.4byte	0x8c
 300 01d4 54       		.byte	0x54
 301 01d5 06       		.uleb128 0x6
 302 01d6 7E030000 		.4byte	.LASF41
 303 01da 05       		.byte	0x5
 304 01db 49       		.byte	0x49
 305 01dc 8C000000 		.4byte	0x8c
 306 01e0 58       		.byte	0x58
 307 01e1 06       		.uleb128 0x6
 308 01e2 3C000000 		.4byte	.LASF42
 309 01e6 05       		.byte	0x5
 310 01e7 4A       		.byte	0x4a
 311 01e8 8C000000 		.4byte	0x8c
 312 01ec 5C       		.byte	0x5c
 313 01ed 06       		.uleb128 0x6
 314 01ee 93010000 		.4byte	.LASF43
 315 01f2 05       		.byte	0x5
 316 01f3 4C       		.byte	0x4c
 317 01f4 8C000000 		.4byte	0x8c
 318 01f8 60       		.byte	0x60
 319 01f9 00       		.byte	0
 320 01fa 03       		.uleb128 0x3
 321 01fb CA000000 		.4byte	.LASF44
 322 01ff 05       		.byte	0x5
 323 0200 4D       		.byte	0x4d
 324 0201 C1000000 		.4byte	0xc1
 325 0205 07       		.uleb128 0x7
 326 0206 65010000 		.4byte	.LASF51
 327 020a 02       		.byte	0x2
 328 020b 53       		.byte	0x53
 329 020c 03       		.byte	0x3
 330 020d 08       		.uleb128 0x8
 331 020e 79010000 		.4byte	.LASF52
 332 0212 01       		.byte	0x1
 333 0213 0E       		.byte	0xe
 334 0214 73000000 		.4byte	0x73
 335 0218 00000000 		.4byte	.LFB396
 336 021c 0A000000 		.4byte	.LFE396-.LFB396
 337 0220 01       		.uleb128 0x1
 338 0221 9C       		.byte	0x9c
 339 0222 3F020000 		.4byte	0x23f
 340 0226 09       		.uleb128 0x9
 341 0227 05020000 		.4byte	0x205
 342 022b 02000000 		.4byte	.LBB4
 343 022f 02000000 		.4byte	.LBE4-.LBB4
 344 0233 01       		.byte	0x1
 345 0234 10       		.byte	0x10
 346 0235 0A       		.uleb128 0xa
 347 0236 08000000 		.4byte	.LVL0
 348 023a 60020000 		.4byte	0x260
 349 023e 00       		.byte	0
 350 023f 0B       		.uleb128 0xb
 351 0240 86010000 		.4byte	.LASF45
 352 0244 06       		.byte	0x6
ARM GAS  C:\Users\gjl\AppData\Local\Temp\ccedWOtX.s 			page 9


 353 0245 EA07     		.2byte	0x7ea
 354 0247 4B020000 		.4byte	0x24b
 355 024b 0C       		.uleb128 0xc
 356 024c 81000000 		.4byte	0x81
 357 0250 0D       		.uleb128 0xd
 358 0251 A8000000 		.4byte	.LASF46
 359 0255 07       		.byte	0x7
 360 0256 1F       		.byte	0x1f
 361 0257 5B020000 		.4byte	0x25b
 362 025b 0E       		.uleb128 0xe
 363 025c FA010000 		.4byte	0x1fa
 364 0260 0F       		.uleb128 0xf
 365 0261 09000000 		.4byte	.LASF53
 366 0265 09000000 		.4byte	.LASF53
 367 0269 07       		.byte	0x7
 368 026a 2A       		.byte	0x2a
 369 026b 00       		.byte	0
 370              		.section	.debug_abbrev,"",%progbits
 371              	.Ldebug_abbrev0:
 372 0000 01       		.uleb128 0x1
 373 0001 11       		.uleb128 0x11
 374 0002 01       		.byte	0x1
 375 0003 25       		.uleb128 0x25
 376 0004 0E       		.uleb128 0xe
 377 0005 13       		.uleb128 0x13
 378 0006 0B       		.uleb128 0xb
 379 0007 03       		.uleb128 0x3
 380 0008 0E       		.uleb128 0xe
 381 0009 1B       		.uleb128 0x1b
 382 000a 0E       		.uleb128 0xe
 383 000b 55       		.uleb128 0x55
 384 000c 17       		.uleb128 0x17
 385 000d 11       		.uleb128 0x11
 386 000e 01       		.uleb128 0x1
 387 000f 10       		.uleb128 0x10
 388 0010 17       		.uleb128 0x17
 389 0011 00       		.byte	0
 390 0012 00       		.byte	0
 391 0013 02       		.uleb128 0x2
 392 0014 24       		.uleb128 0x24
 393 0015 00       		.byte	0
 394 0016 0B       		.uleb128 0xb
 395 0017 0B       		.uleb128 0xb
 396 0018 3E       		.uleb128 0x3e
 397 0019 0B       		.uleb128 0xb
 398 001a 03       		.uleb128 0x3
 399 001b 0E       		.uleb128 0xe
 400 001c 00       		.byte	0
 401 001d 00       		.byte	0
 402 001e 03       		.uleb128 0x3
 403 001f 16       		.uleb128 0x16
 404 0020 00       		.byte	0
 405 0021 03       		.uleb128 0x3
 406 0022 0E       		.uleb128 0xe
 407 0023 3A       		.uleb128 0x3a
 408 0024 0B       		.uleb128 0xb
 409 0025 3B       		.uleb128 0x3b
ARM GAS  C:\Users\gjl\AppData\Local\Temp\ccedWOtX.s 			page 10


 410 0026 0B       		.uleb128 0xb
 411 0027 49       		.uleb128 0x49
 412 0028 13       		.uleb128 0x13
 413 0029 00       		.byte	0
 414 002a 00       		.byte	0
 415 002b 04       		.uleb128 0x4
 416 002c 24       		.uleb128 0x24
 417 002d 00       		.byte	0
 418 002e 0B       		.uleb128 0xb
 419 002f 0B       		.uleb128 0xb
 420 0030 3E       		.uleb128 0x3e
 421 0031 0B       		.uleb128 0xb
 422 0032 03       		.uleb128 0x3
 423 0033 08       		.uleb128 0x8
 424 0034 00       		.byte	0
 425 0035 00       		.byte	0
 426 0036 05       		.uleb128 0x5
 427 0037 13       		.uleb128 0x13
 428 0038 01       		.byte	0x1
 429 0039 03       		.uleb128 0x3
 430 003a 0E       		.uleb128 0xe
 431 003b 0B       		.uleb128 0xb
 432 003c 0B       		.uleb128 0xb
 433 003d 3A       		.uleb128 0x3a
 434 003e 0B       		.uleb128 0xb
 435 003f 3B       		.uleb128 0x3b
 436 0040 0B       		.uleb128 0xb
 437 0041 01       		.uleb128 0x1
 438 0042 13       		.uleb128 0x13
 439 0043 00       		.byte	0
 440 0044 00       		.byte	0
 441 0045 06       		.uleb128 0x6
 442 0046 0D       		.uleb128 0xd
 443 0047 00       		.byte	0
 444 0048 03       		.uleb128 0x3
 445 0049 0E       		.uleb128 0xe
 446 004a 3A       		.uleb128 0x3a
 447 004b 0B       		.uleb128 0xb
 448 004c 3B       		.uleb128 0x3b
 449 004d 0B       		.uleb128 0xb
 450 004e 49       		.uleb128 0x49
 451 004f 13       		.uleb128 0x13
 452 0050 38       		.uleb128 0x38
 453 0051 0B       		.uleb128 0xb
 454 0052 00       		.byte	0
 455 0053 00       		.byte	0
 456 0054 07       		.uleb128 0x7
 457 0055 2E       		.uleb128 0x2e
 458 0056 00       		.byte	0
 459 0057 03       		.uleb128 0x3
 460 0058 0E       		.uleb128 0xe
 461 0059 3A       		.uleb128 0x3a
 462 005a 0B       		.uleb128 0xb
 463 005b 3B       		.uleb128 0x3b
 464 005c 0B       		.uleb128 0xb
 465 005d 27       		.uleb128 0x27
 466 005e 19       		.uleb128 0x19
ARM GAS  C:\Users\gjl\AppData\Local\Temp\ccedWOtX.s 			page 11


 467 005f 20       		.uleb128 0x20
 468 0060 0B       		.uleb128 0xb
 469 0061 00       		.byte	0
 470 0062 00       		.byte	0
 471 0063 08       		.uleb128 0x8
 472 0064 2E       		.uleb128 0x2e
 473 0065 01       		.byte	0x1
 474 0066 3F       		.uleb128 0x3f
 475 0067 19       		.uleb128 0x19
 476 0068 03       		.uleb128 0x3
 477 0069 0E       		.uleb128 0xe
 478 006a 3A       		.uleb128 0x3a
 479 006b 0B       		.uleb128 0xb
 480 006c 3B       		.uleb128 0x3b
 481 006d 0B       		.uleb128 0xb
 482 006e 27       		.uleb128 0x27
 483 006f 19       		.uleb128 0x19
 484 0070 49       		.uleb128 0x49
 485 0071 13       		.uleb128 0x13
 486 0072 8701     		.uleb128 0x87
 487 0074 19       		.uleb128 0x19
 488 0075 11       		.uleb128 0x11
 489 0076 01       		.uleb128 0x1
 490 0077 12       		.uleb128 0x12
 491 0078 06       		.uleb128 0x6
 492 0079 40       		.uleb128 0x40
 493 007a 18       		.uleb128 0x18
 494 007b 9742     		.uleb128 0x2117
 495 007d 19       		.uleb128 0x19
 496 007e 01       		.uleb128 0x1
 497 007f 13       		.uleb128 0x13
 498 0080 00       		.byte	0
 499 0081 00       		.byte	0
 500 0082 09       		.uleb128 0x9
 501 0083 1D       		.uleb128 0x1d
 502 0084 00       		.byte	0
 503 0085 31       		.uleb128 0x31
 504 0086 13       		.uleb128 0x13
 505 0087 11       		.uleb128 0x11
 506 0088 01       		.uleb128 0x1
 507 0089 12       		.uleb128 0x12
 508 008a 06       		.uleb128 0x6
 509 008b 58       		.uleb128 0x58
 510 008c 0B       		.uleb128 0xb
 511 008d 59       		.uleb128 0x59
 512 008e 0B       		.uleb128 0xb
 513 008f 00       		.byte	0
 514 0090 00       		.byte	0
 515 0091 0A       		.uleb128 0xa
 516 0092 898201   		.uleb128 0x4109
 517 0095 00       		.byte	0
 518 0096 11       		.uleb128 0x11
 519 0097 01       		.uleb128 0x1
 520 0098 31       		.uleb128 0x31
 521 0099 13       		.uleb128 0x13
 522 009a 00       		.byte	0
 523 009b 00       		.byte	0
ARM GAS  C:\Users\gjl\AppData\Local\Temp\ccedWOtX.s 			page 12


 524 009c 0B       		.uleb128 0xb
 525 009d 34       		.uleb128 0x34
 526 009e 00       		.byte	0
 527 009f 03       		.uleb128 0x3
 528 00a0 0E       		.uleb128 0xe
 529 00a1 3A       		.uleb128 0x3a
 530 00a2 0B       		.uleb128 0xb
 531 00a3 3B       		.uleb128 0x3b
 532 00a4 05       		.uleb128 0x5
 533 00a5 49       		.uleb128 0x49
 534 00a6 13       		.uleb128 0x13
 535 00a7 3F       		.uleb128 0x3f
 536 00a8 19       		.uleb128 0x19
 537 00a9 3C       		.uleb128 0x3c
 538 00aa 19       		.uleb128 0x19
 539 00ab 00       		.byte	0
 540 00ac 00       		.byte	0
 541 00ad 0C       		.uleb128 0xc
 542 00ae 35       		.uleb128 0x35
 543 00af 00       		.byte	0
 544 00b0 49       		.uleb128 0x49
 545 00b1 13       		.uleb128 0x13
 546 00b2 00       		.byte	0
 547 00b3 00       		.byte	0
 548 00b4 0D       		.uleb128 0xd
 549 00b5 34       		.uleb128 0x34
 550 00b6 00       		.byte	0
 551 00b7 03       		.uleb128 0x3
 552 00b8 0E       		.uleb128 0xe
 553 00b9 3A       		.uleb128 0x3a
 554 00ba 0B       		.uleb128 0xb
 555 00bb 3B       		.uleb128 0x3b
 556 00bc 0B       		.uleb128 0xb
 557 00bd 49       		.uleb128 0x49
 558 00be 13       		.uleb128 0x13
 559 00bf 3F       		.uleb128 0x3f
 560 00c0 19       		.uleb128 0x19
 561 00c1 3C       		.uleb128 0x3c
 562 00c2 19       		.uleb128 0x19
 563 00c3 00       		.byte	0
 564 00c4 00       		.byte	0
 565 00c5 0E       		.uleb128 0xe
 566 00c6 26       		.uleb128 0x26
 567 00c7 00       		.byte	0
 568 00c8 49       		.uleb128 0x49
 569 00c9 13       		.uleb128 0x13
 570 00ca 00       		.byte	0
 571 00cb 00       		.byte	0
 572 00cc 0F       		.uleb128 0xf
 573 00cd 2E       		.uleb128 0x2e
 574 00ce 00       		.byte	0
 575 00cf 3F       		.uleb128 0x3f
 576 00d0 19       		.uleb128 0x19
 577 00d1 3C       		.uleb128 0x3c
 578 00d2 19       		.uleb128 0x19
 579 00d3 6E       		.uleb128 0x6e
 580 00d4 0E       		.uleb128 0xe
ARM GAS  C:\Users\gjl\AppData\Local\Temp\ccedWOtX.s 			page 13


 581 00d5 03       		.uleb128 0x3
 582 00d6 0E       		.uleb128 0xe
 583 00d7 3A       		.uleb128 0x3a
 584 00d8 0B       		.uleb128 0xb
 585 00d9 3B       		.uleb128 0x3b
 586 00da 0B       		.uleb128 0xb
 587 00db 00       		.byte	0
 588 00dc 00       		.byte	0
 589 00dd 00       		.byte	0
 590              		.section	.debug_aranges,"",%progbits
 591 0000 1C000000 		.4byte	0x1c
 592 0004 0200     		.2byte	0x2
 593 0006 00000000 		.4byte	.Ldebug_info0
 594 000a 04       		.byte	0x4
 595 000b 00       		.byte	0
 596 000c 0000     		.2byte	0
 597 000e 0000     		.2byte	0
 598 0010 00000000 		.4byte	.LFB396
 599 0014 0A000000 		.4byte	.LFE396-.LFB396
 600 0018 00000000 		.4byte	0
 601 001c 00000000 		.4byte	0
 602              		.section	.debug_ranges,"",%progbits
 603              	.Ldebug_ranges0:
 604 0000 00000000 		.4byte	.LFB396
 605 0004 0A000000 		.4byte	.LFE396
 606 0008 00000000 		.4byte	0
 607 000c 00000000 		.4byte	0
 608              		.section	.debug_line,"",%progbits
 609              	.Ldebug_line0:
 610 0000 F0010000 		.section	.debug_str,"MS",%progbits,1
 610      0200CF01 
 610      00000201 
 610      FB0E0D00 
 610      01010101 
 611              	.LASF33:
 612 0000 6B696C6C 		.ascii	"killMode\000"
 612      4D6F6465 
 612      00
 613              	.LASF53:
 614 0009 4C454442 		.ascii	"LEDBlink_Start\000"
 614      6C696E6B 
 614      5F537461 
 614      727400
 615              	.LASF16:
 616 0018 666C6F61 		.ascii	"float\000"
 616      7400
 617              	.LASF30:
 618 001e 696E7465 		.ascii	"interruptSources\000"
 618      72727570 
 618      74536F75 
 618      72636573 
 618      00
 619              	.LASF31:
 620 002f 696E7665 		.ascii	"invertPWMOut\000"
 620      72745057 
 620      4D4F7574 
 620      00
ARM GAS  C:\Users\gjl\AppData\Local\Temp\ccedWOtX.s 			page 14


 621              	.LASF42:
 622 003c 636F756E 		.ascii	"countInputMode\000"
 622      74496E70 
 622      75744D6F 
 622      646500
 623              	.LASF5:
 624 004b 5F5F696E 		.ascii	"__int32_t\000"
 624      7433325F 
 624      7400
 625              	.LASF38:
 626 0055 73746172 		.ascii	"startInputMode\000"
 626      74496E70 
 626      75744D6F 
 626      646500
 627              	.LASF48:
 628 0064 6D61696E 		.ascii	"main_cm4.c\000"
 628      5F636D34 
 628      2E6300
 629              	.LASF27:
 630 006f 636F6D70 		.ascii	"compare0\000"
 630      61726530 
 630      00
 631              	.LASF28:
 632 0078 636F6D70 		.ascii	"compare1\000"
 632      61726531 
 632      00
 633              	.LASF20:
 634 0081 636C6F63 		.ascii	"clockPrescaler\000"
 634      6B507265 
 634      7363616C 
 634      657200
 635              	.LASF50:
 636 0090 63795F73 		.ascii	"cy_stc_tcpwm_pwm_config\000"
 636      74635F74 
 636      6370776D 
 636      5F70776D 
 636      5F636F6E 
 637              	.LASF46:
 638 00a8 4C454442 		.ascii	"LEDBlink_config\000"
 638      6C696E6B 
 638      5F636F6E 
 638      66696700 
 639              	.LASF29:
 640 00b8 656E6162 		.ascii	"enableCompareSwap\000"
 640      6C65436F 
 640      6D706172 
 640      65537761 
 640      7000
 641              	.LASF44:
 642 00ca 63795F73 		.ascii	"cy_stc_tcpwm_pwm_config_t\000"
 642      74635F74 
 642      6370776D 
 642      5F70776D 
 642      5F636F6E 
 643              	.LASF2:
 644 00e4 756E7369 		.ascii	"unsigned char\000"
 644      676E6564 
ARM GAS  C:\Users\gjl\AppData\Local\Temp\ccedWOtX.s 			page 15


 644      20636861 
 644      7200
 645              	.LASF22:
 646 00f2 64656164 		.ascii	"deadTimeClocks\000"
 646      54696D65 
 646      436C6F63 
 646      6B7300
 647              	.LASF7:
 648 0101 6C6F6E67 		.ascii	"long unsigned int\000"
 648      20756E73 
 648      69676E65 
 648      6420696E 
 648      7400
 649              	.LASF3:
 650 0113 73686F72 		.ascii	"short unsigned int\000"
 650      7420756E 
 650      7369676E 
 650      65642069 
 650      6E7400
 651              	.LASF35:
 652 0126 73776170 		.ascii	"swapInput\000"
 652      496E7075 
 652      7400
 653              	.LASF40:
 654 0130 6B696C6C 		.ascii	"killInputMode\000"
 654      496E7075 
 654      744D6F64 
 654      6500
 655              	.LASF6:
 656 013e 5F5F7569 		.ascii	"__uint32_t\000"
 656      6E743332 
 656      5F7400
 657              	.LASF26:
 658 0149 656E6162 		.ascii	"enablePeriodSwap\000"
 658      6C655065 
 658      72696F64 
 658      53776170 
 658      00
 659              	.LASF39:
 660 015a 73746172 		.ascii	"startInput\000"
 660      74496E70 
 660      757400
 661              	.LASF51:
 662 0165 5F5F656E 		.ascii	"__enable_irq\000"
 662      61626C65 
 662      5F697271 
 662      00
 663              	.LASF17:
 664 0172 646F7562 		.ascii	"double\000"
 664      6C6500
 665              	.LASF52:
 666 0179 6D61696E 		.ascii	"main\000"
 666      00
 667              	.LASF23:
 668 017e 72756E4D 		.ascii	"runMode\000"
 668      6F646500 
 669              	.LASF45:
ARM GAS  C:\Users\gjl\AppData\Local\Temp\ccedWOtX.s 			page 16


 670 0186 49544D5F 		.ascii	"ITM_RxBuffer\000"
 670      52784275 
 670      66666572 
 670      00
 671              	.LASF43:
 672 0193 636F756E 		.ascii	"countInput\000"
 672      74496E70 
 672      757400
 673              	.LASF10:
 674 019e 756E7369 		.ascii	"unsigned int\000"
 674      676E6564 
 674      20696E74 
 674      00
 675              	.LASF21:
 676 01ab 70776D41 		.ascii	"pwmAlignment\000"
 676      6C69676E 
 676      6D656E74 
 676      00
 677              	.LASF49:
 678 01b8 433A5C47 		.ascii	"C:\\Git\\PSoC6-101-Videos\\Projects_ScreenCapture\\"
 678      69745C50 
 678      536F4336 
 678      2D313031 
 678      2D566964 
 679 01e7 50536F43 		.ascii	"PSoC 6_101\\2-4-BasicKillSwitch.cydsn\000"
 679      20365F31 
 679      30315C32 
 679      2D342D42 
 679      61736963 
 680              	.LASF9:
 681 020c 6C6F6E67 		.ascii	"long long unsigned int\000"
 681      206C6F6E 
 681      6720756E 
 681      7369676E 
 681      65642069 
 682              	.LASF19:
 683 0223 70776D4D 		.ascii	"pwmMode\000"
 683      6F646500 
 684              	.LASF24:
 685 022b 70657269 		.ascii	"period0\000"
 685      6F643000 
 686              	.LASF25:
 687 0233 70657269 		.ascii	"period1\000"
 687      6F643100 
 688              	.LASF47:
 689 023b 474E5520 		.ascii	"GNU C11 5.4.1 20160609 (release) [ARM/embedded-5-br"
 689      43313120 
 689      352E342E 
 689      31203230 
 689      31363036 
 690 026e 616E6368 		.ascii	"anch revision 237715] -mcpu=cortex-m4 -mfloat-abi=s"
 690      20726576 
 690      6973696F 
 690      6E203233 
 690      37373135 
 691 02a1 6F667466 		.ascii	"oftfp -mfpu=fpv4-sp-d16 -mthumb -g -Og -ffunction-s"
 691      70202D6D 
ARM GAS  C:\Users\gjl\AppData\Local\Temp\ccedWOtX.s 			page 17


 691      6670753D 
 691      66707634 
 691      2D73702D 
 692 02d4 65637469 		.ascii	"ections -ffat-lto-objects\000"
 692      6F6E7320 
 692      2D666661 
 692      742D6C74 
 692      6F2D6F62 
 693              	.LASF11:
 694 02ee 696E7433 		.ascii	"int32_t\000"
 694      325F7400 
 695              	.LASF13:
 696 02f6 73697A65 		.ascii	"sizetype\000"
 696      74797065 
 696      00
 697              	.LASF8:
 698 02ff 6C6F6E67 		.ascii	"long long int\000"
 698      206C6F6E 
 698      6720696E 
 698      7400
 699              	.LASF15:
 700 030d 63686172 		.ascii	"char\000"
 700      00
 701              	.LASF36:
 702 0312 72656C6F 		.ascii	"reloadInputMode\000"
 702      6164496E 
 702      7075744D 
 702      6F646500 
 703              	.LASF0:
 704 0322 73686F72 		.ascii	"short int\000"
 704      7420696E 
 704      7400
 705              	.LASF37:
 706 032c 72656C6F 		.ascii	"reloadInput\000"
 706      6164496E 
 706      70757400 
 707              	.LASF34:
 708 0338 73776170 		.ascii	"swapInputMode\000"
 708      496E7075 
 708      744D6F64 
 708      6500
 709              	.LASF12:
 710 0346 75696E74 		.ascii	"uint32_t\000"
 710      33325F74 
 710      00
 711              	.LASF4:
 712 034f 6C6F6E67 		.ascii	"long int\000"
 712      20696E74 
 712      00
 713              	.LASF32:
 714 0358 696E7665 		.ascii	"invertPWMOutN\000"
 714      72745057 
 714      4D4F7574 
 714      4E00
 715              	.LASF14:
 716 0366 6C6F6E67 		.ascii	"long double\000"
 716      20646F75 
ARM GAS  C:\Users\gjl\AppData\Local\Temp\ccedWOtX.s 			page 18


 716      626C6500 
 717              	.LASF1:
 718 0372 7369676E 		.ascii	"signed char\000"
 718      65642063 
 718      68617200 
 719              	.LASF41:
 720 037e 6B696C6C 		.ascii	"killInput\000"
 720      496E7075 
 720      7400
 721              	.LASF18:
 722 0388 5F426F6F 		.ascii	"_Bool\000"
 722      6C00
 723              		.ident	"GCC: (GNU Tools for ARM Embedded Processors) 5.4.1 20160609 (release) [ARM/embedded-5-bran
