ARM GAS  C:\Users\gjl\AppData\Local\Temp\ccFdSa65.s 			page 1


   1              		.syntax unified
   2              		.cpu cortex-m4
   3              		.eabi_attribute 27, 1
   4              		.fpu fpv4-sp-d16
   5              		.eabi_attribute 20, 1
   6              		.eabi_attribute 21, 1
   7              		.eabi_attribute 23, 3
   8              		.eabi_attribute 24, 1
   9              		.eabi_attribute 25, 1
  10              		.eabi_attribute 26, 1
  11              		.eabi_attribute 30, 1
  12              		.eabi_attribute 34, 1
  13              		.eabi_attribute 18, 4
  14              		.thumb
  15              		.syntax unified
  16              		.file	"cyfitter_sysint_cfg.c"
  17              		.text
  18              	.Ltext0:
  19              		.cfi_sections	.debug_frame
  20              		.global	ADC_1_IRQ_cfg
  21              		.global	UART_1_SCB_IRQ_cfg
  22              		.section	.rodata
  23              		.align	2
  24              		.type	ADC_1_IRQ_cfg, %object
  25              		.size	ADC_1_IRQ_cfg, 8
  26              	ADC_1_IRQ_cfg:
  27 0000 8A00     		.short	138
  28 0002 0000     		.space	2
  29 0004 07000000 		.word	7
  30              		.type	UART_1_SCB_IRQ_cfg, %object
  31              		.size	UART_1_SCB_IRQ_cfg, 8
  32              	UART_1_SCB_IRQ_cfg:
  33 0008 2E00     		.short	46
  34 000a 0000     		.space	2
  35 000c 07000000 		.word	7
  36              		.text
  37              	.Letext0:
  38              		.file 1 "Generated_Source\\PSoC6\\pdl\\devices/psoc6/psoc63/include/cy8c6347bzi_bld53.h"
  39              		.file 2 "c:\\program files (x86)\\cypress\\psoc creator\\4.2\\psoc creator\\import\\gnu\\arm\\5.4.
  40              		.file 3 "c:\\program files (x86)\\cypress\\psoc creator\\4.2\\psoc creator\\import\\gnu\\arm\\5.4.
  41              		.file 4 "Generated_Source\\PSoC6\\pdl\\drivers/peripheral/sysint/cy_sysint.h"
  42              		.file 5 "Generated_Source\\PSoC6\\pdl\\cmsis/include/core_cm4.h"
  43              		.file 6 "Generated_Source\\PSoC6\\cyfitter_sysint_cfg.c"
  44              		.section	.debug_info,"",%progbits
  45              	.Ldebug_info0:
  46 0000 DF040000 		.4byte	0x4df
  47 0004 0400     		.2byte	0x4
  48 0006 00000000 		.4byte	.Ldebug_abbrev0
  49 000a 04       		.byte	0x4
  50 000b 01       		.uleb128 0x1
  51 000c AF090000 		.4byte	.LASF183
  52 0010 0C       		.byte	0xc
  53 0011 D70D0000 		.4byte	.LASF184
  54 0015 BD040000 		.4byte	.LASF185
  55 0019 00000000 		.4byte	.Ldebug_line0
  56 001d 02       		.uleb128 0x2
  57 001e 02       		.byte	0x2
ARM GAS  C:\Users\gjl\AppData\Local\Temp\ccFdSa65.s 			page 2


  58 001f DE030000 		.4byte	0x3de
  59 0023 01       		.byte	0x1
  60 0024 24       		.byte	0x24
  61 0025 DE030000 		.4byte	0x3de
  62 0029 03       		.uleb128 0x3
  63 002a 4D020000 		.4byte	.LASF0
  64 002e 71       		.sleb128 -15
  65 002f 03       		.uleb128 0x3
  66 0030 8C0E0000 		.4byte	.LASF1
  67 0034 72       		.sleb128 -14
  68 0035 03       		.uleb128 0x3
  69 0036 F60E0000 		.4byte	.LASF2
  70 003a 73       		.sleb128 -13
  71 003b 03       		.uleb128 0x3
  72 003c D40A0000 		.4byte	.LASF3
  73 0040 74       		.sleb128 -12
  74 0041 03       		.uleb128 0x3
  75 0042 35050000 		.4byte	.LASF4
  76 0046 75       		.sleb128 -11
  77 0047 03       		.uleb128 0x3
  78 0048 460D0000 		.4byte	.LASF5
  79 004c 76       		.sleb128 -10
  80 004d 03       		.uleb128 0x3
  81 004e DA060000 		.4byte	.LASF6
  82 0052 7B       		.sleb128 -5
  83 0053 03       		.uleb128 0x3
  84 0054 210F0000 		.4byte	.LASF7
  85 0058 7C       		.sleb128 -4
  86 0059 03       		.uleb128 0x3
  87 005a 550E0000 		.4byte	.LASF8
  88 005e 7E       		.sleb128 -2
  89 005f 03       		.uleb128 0x3
  90 0060 C1070000 		.4byte	.LASF9
  91 0064 7F       		.sleb128 -1
  92 0065 04       		.uleb128 0x4
  93 0066 C6010000 		.4byte	.LASF10
  94 006a 00       		.byte	0
  95 006b 04       		.uleb128 0x4
  96 006c DA0E0000 		.4byte	.LASF11
  97 0070 01       		.byte	0x1
  98 0071 04       		.uleb128 0x4
  99 0072 1B000000 		.4byte	.LASF12
 100 0076 02       		.byte	0x2
 101 0077 04       		.uleb128 0x4
 102 0078 210E0000 		.4byte	.LASF13
 103 007c 03       		.byte	0x3
 104 007d 04       		.uleb128 0x4
 105 007e 1D100000 		.4byte	.LASF14
 106 0082 04       		.byte	0x4
 107 0083 04       		.uleb128 0x4
 108 0084 BA050000 		.4byte	.LASF15
 109 0088 05       		.byte	0x5
 110 0089 04       		.uleb128 0x4
 111 008a 72070000 		.4byte	.LASF16
 112 008e 06       		.byte	0x6
 113 008f 04       		.uleb128 0x4
 114 0090 76090000 		.4byte	.LASF17
ARM GAS  C:\Users\gjl\AppData\Local\Temp\ccFdSa65.s 			page 3


 115 0094 07       		.byte	0x7
 116 0095 04       		.uleb128 0x4
 117 0096 C0110000 		.4byte	.LASF18
 118 009a 08       		.byte	0x8
 119 009b 04       		.uleb128 0x4
 120 009c 02020000 		.4byte	.LASF19
 121 00a0 09       		.byte	0x9
 122 00a1 04       		.uleb128 0x4
 123 00a2 0B0C0000 		.4byte	.LASF20
 124 00a6 0A       		.byte	0xa
 125 00a7 04       		.uleb128 0x4
 126 00a8 B70A0000 		.4byte	.LASF21
 127 00ac 0B       		.byte	0xb
 128 00ad 04       		.uleb128 0x4
 129 00ae 4D100000 		.4byte	.LASF22
 130 00b2 0C       		.byte	0xc
 131 00b3 04       		.uleb128 0x4
 132 00b4 08060000 		.4byte	.LASF23
 133 00b8 0D       		.byte	0xd
 134 00b9 04       		.uleb128 0x4
 135 00ba A4070000 		.4byte	.LASF24
 136 00be 0E       		.byte	0xe
 137 00bf 04       		.uleb128 0x4
 138 00c0 15040000 		.4byte	.LASF25
 139 00c4 0F       		.byte	0xf
 140 00c5 04       		.uleb128 0x4
 141 00c6 BA100000 		.4byte	.LASF26
 142 00ca 10       		.byte	0x10
 143 00cb 04       		.uleb128 0x4
 144 00cc 12030000 		.4byte	.LASF27
 145 00d0 11       		.byte	0x11
 146 00d1 04       		.uleb128 0x4
 147 00d2 7A000000 		.4byte	.LASF28
 148 00d6 12       		.byte	0x12
 149 00d7 04       		.uleb128 0x4
 150 00d8 2E040000 		.4byte	.LASF29
 151 00dc 13       		.byte	0x13
 152 00dd 04       		.uleb128 0x4
 153 00de 6F060000 		.4byte	.LASF30
 154 00e2 14       		.byte	0x14
 155 00e3 04       		.uleb128 0x4
 156 00e4 09110000 		.4byte	.LASF31
 157 00e8 15       		.byte	0x15
 158 00e9 04       		.uleb128 0x4
 159 00ea 66000000 		.4byte	.LASF32
 160 00ee 16       		.byte	0x16
 161 00ef 04       		.uleb128 0x4
 162 00f0 6F050000 		.4byte	.LASF33
 163 00f4 17       		.byte	0x17
 164 00f5 04       		.uleb128 0x4
 165 00f6 C2000000 		.4byte	.LASF34
 166 00fa 18       		.byte	0x18
 167 00fb 04       		.uleb128 0x4
 168 00fc 460F0000 		.4byte	.LASF35
 169 0100 19       		.byte	0x19
 170 0101 04       		.uleb128 0x4
 171 0102 13070000 		.4byte	.LASF36
ARM GAS  C:\Users\gjl\AppData\Local\Temp\ccFdSa65.s 			page 4


 172 0106 1A       		.byte	0x1a
 173 0107 04       		.uleb128 0x4
 174 0108 F8080000 		.4byte	.LASF37
 175 010c 1B       		.byte	0x1b
 176 010d 04       		.uleb128 0x4
 177 010e D50B0000 		.4byte	.LASF38
 178 0112 1C       		.byte	0x1c
 179 0113 04       		.uleb128 0x4
 180 0114 1C010000 		.4byte	.LASF39
 181 0118 1D       		.byte	0x1d
 182 0119 04       		.uleb128 0x4
 183 011a 65030000 		.4byte	.LASF40
 184 011e 1E       		.byte	0x1e
 185 011f 04       		.uleb128 0x4
 186 0120 D6050000 		.4byte	.LASF41
 187 0124 1F       		.byte	0x1f
 188 0125 04       		.uleb128 0x4
 189 0126 560D0000 		.4byte	.LASF42
 190 012a 20       		.byte	0x20
 191 012b 04       		.uleb128 0x4
 192 012c 970F0000 		.4byte	.LASF43
 193 0130 21       		.byte	0x21
 194 0131 04       		.uleb128 0x4
 195 0132 DC110000 		.4byte	.LASF44
 196 0136 22       		.byte	0x22
 197 0137 04       		.uleb128 0x4
 198 0138 24110000 		.4byte	.LASF45
 199 013c 23       		.byte	0x23
 200 013d 04       		.uleb128 0x4
 201 013e 38010000 		.4byte	.LASF46
 202 0142 24       		.byte	0x24
 203 0143 04       		.uleb128 0x4
 204 0144 9D030000 		.4byte	.LASF47
 205 0148 25       		.byte	0x25
 206 0149 04       		.uleb128 0x4
 207 014a 0E120000 		.4byte	.LASF48
 208 014e 26       		.byte	0x26
 209 014f 04       		.uleb128 0x4
 210 0150 8E0D0000 		.4byte	.LASF49
 211 0154 27       		.byte	0x27
 212 0155 04       		.uleb128 0x4
 213 0156 CF0F0000 		.4byte	.LASF50
 214 015a 28       		.byte	0x28
 215 015b 04       		.uleb128 0x4
 216 015c ED000000 		.4byte	.LASF51
 217 0160 29       		.byte	0x29
 218 0161 04       		.uleb128 0x4
 219 0162 43050000 		.4byte	.LASF52
 220 0166 2A       		.byte	0x2a
 221 0167 04       		.uleb128 0x4
 222 0168 88050000 		.4byte	.LASF53
 223 016c 2B       		.byte	0x2b
 224 016d 04       		.uleb128 0x4
 225 016e 610E0000 		.4byte	.LASF54
 226 0172 2C       		.byte	0x2c
 227 0173 04       		.uleb128 0x4
 228 0174 61090000 		.4byte	.LASF55
ARM GAS  C:\Users\gjl\AppData\Local\Temp\ccFdSa65.s 			page 5


 229 0178 2D       		.byte	0x2d
 230 0179 04       		.uleb128 0x4
 231 017a 37000000 		.4byte	.LASF56
 232 017e 2E       		.byte	0x2e
 233 017f 04       		.uleb128 0x4
 234 0180 C50E0000 		.4byte	.LASF57
 235 0184 2F       		.byte	0x2f
 236 0185 04       		.uleb128 0x4
 237 0186 A8040000 		.4byte	.LASF58
 238 018a 30       		.byte	0x30
 239 018b 04       		.uleb128 0x4
 240 018c 330F0000 		.4byte	.LASF59
 241 0190 31       		.byte	0x31
 242 0191 04       		.uleb128 0x4
 243 0192 9E100000 		.4byte	.LASF60
 244 0196 32       		.byte	0x32
 245 0197 04       		.uleb128 0x4
 246 0198 8F000000 		.4byte	.LASF61
 247 019c 33       		.byte	0x33
 248 019d 04       		.uleb128 0x4
 249 019e DF020000 		.4byte	.LASF62
 250 01a2 34       		.byte	0x34
 251 01a3 04       		.uleb128 0x4
 252 01a4 9B0A0000 		.4byte	.LASF63
 253 01a8 35       		.byte	0x35
 254 01a9 04       		.uleb128 0x4
 255 01aa F9030000 		.4byte	.LASF64
 256 01ae 36       		.byte	0x36
 257 01af 04       		.uleb128 0x4
 258 01b0 050F0000 		.4byte	.LASF65
 259 01b4 37       		.byte	0x37
 260 01b5 04       		.uleb128 0x4
 261 01b6 6C040000 		.4byte	.LASF66
 262 01ba 38       		.byte	0x38
 263 01bb 04       		.uleb128 0x4
 264 01bc 5D110000 		.4byte	.LASF67
 265 01c0 39       		.byte	0x39
 266 01c1 04       		.uleb128 0x4
 267 01c2 95080000 		.4byte	.LASF68
 268 01c6 3A       		.byte	0x3a
 269 01c7 04       		.uleb128 0x4
 270 01c8 6C0B0000 		.4byte	.LASF69
 271 01cc 3B       		.byte	0x3b
 272 01cd 04       		.uleb128 0x4
 273 01ce C1080000 		.4byte	.LASF70
 274 01d2 3C       		.byte	0x3c
 275 01d3 04       		.uleb128 0x4
 276 01d4 9E0B0000 		.4byte	.LASF71
 277 01d8 3D       		.byte	0x3d
 278 01d9 04       		.uleb128 0x4
 279 01da 040E0000 		.4byte	.LASF72
 280 01de 3E       		.byte	0x3e
 281 01df 04       		.uleb128 0x4
 282 01e0 92090000 		.4byte	.LASF73
 283 01e4 3F       		.byte	0x3f
 284 01e5 04       		.uleb128 0x4
 285 01e6 9D050000 		.4byte	.LASF74
ARM GAS  C:\Users\gjl\AppData\Local\Temp\ccFdSa65.s 			page 6


 286 01ea 40       		.byte	0x40
 287 01eb 04       		.uleb128 0x4
 288 01ec 55070000 		.4byte	.LASF75
 289 01f0 41       		.byte	0x41
 290 01f1 04       		.uleb128 0x4
 291 01f2 390B0000 		.4byte	.LASF76
 292 01f6 42       		.byte	0x42
 293 01f7 04       		.uleb128 0x4
 294 01f8 720D0000 		.4byte	.LASF77
 295 01fc 43       		.byte	0x43
 296 01fd 04       		.uleb128 0x4
 297 01fe B30F0000 		.4byte	.LASF78
 298 0202 44       		.byte	0x44
 299 0203 04       		.uleb128 0x4
 300 0204 940C0000 		.4byte	.LASF79
 301 0208 45       		.byte	0x45
 302 0209 04       		.uleb128 0x4
 303 020a CE070000 		.4byte	.LASF80
 304 020e 46       		.byte	0x46
 305 020f 04       		.uleb128 0x4
 306 0210 14090000 		.4byte	.LASF81
 307 0214 47       		.byte	0x47
 308 0215 04       		.uleb128 0x4
 309 0216 41110000 		.4byte	.LASF82
 310 021a 48       		.byte	0x48
 311 021b 04       		.uleb128 0x4
 312 021c 81030000 		.4byte	.LASF83
 313 0220 49       		.byte	0x49
 314 0221 04       		.uleb128 0x4
 315 0222 BA030000 		.4byte	.LASF84
 316 0226 4A       		.byte	0x4a
 317 0227 04       		.uleb128 0x4
 318 0228 C3020000 		.4byte	.LASF85
 319 022c 4B       		.byte	0x4b
 320 022d 04       		.uleb128 0x4
 321 022e EC100000 		.4byte	.LASF86
 322 0232 4C       		.byte	0x4c
 323 0233 04       		.uleb128 0x4
 324 0234 CA0C0000 		.4byte	.LASF87
 325 0238 4D       		.byte	0x4d
 326 0239 04       		.uleb128 0x4
 327 023a 81100000 		.4byte	.LASF88
 328 023e 4E       		.byte	0x4e
 329 023f 04       		.uleb128 0x4
 330 0240 40060000 		.4byte	.LASF89
 331 0244 4F       		.byte	0x4f
 332 0245 04       		.uleb128 0x4
 333 0246 EA070000 		.4byte	.LASF90
 334 024a 50       		.byte	0x50
 335 024b 04       		.uleb128 0x4
 336 024c 620A0000 		.4byte	.LASF91
 337 0250 51       		.byte	0x51
 338 0251 04       		.uleb128 0x4
 339 0252 BC060000 		.4byte	.LASF92
 340 0256 52       		.byte	0x52
 341 0257 04       		.uleb128 0x4
 342 0258 57080000 		.4byte	.LASF93
ARM GAS  C:\Users\gjl\AppData\Local\Temp\ccFdSa65.s 			page 7


 343 025c 53       		.byte	0x53
 344 025d 04       		.uleb128 0x4
 345 025e 73020000 		.4byte	.LASF94
 346 0262 54       		.byte	0x54
 347 0263 04       		.uleb128 0x4
 348 0264 3D070000 		.4byte	.LASF95
 349 0268 55       		.byte	0x55
 350 0269 04       		.uleb128 0x4
 351 026a A0110000 		.4byte	.LASF96
 352 026e 56       		.byte	0x56
 353 026f 04       		.uleb128 0x4
 354 0270 E2010000 		.4byte	.LASF97
 355 0274 57       		.byte	0x57
 356 0275 04       		.uleb128 0x4
 357 0276 590C0000 		.4byte	.LASF98
 358 027a 58       		.byte	0x58
 359 027b 04       		.uleb128 0x4
 360 027c 88040000 		.4byte	.LASF99
 361 0280 59       		.byte	0x59
 362 0281 04       		.uleb128 0x4
 363 0282 D2100000 		.4byte	.LASF100
 364 0286 5A       		.byte	0x5a
 365 0287 04       		.uleb128 0x4
 366 0288 8B060000 		.4byte	.LASF101
 367 028c 5B       		.byte	0x5b
 368 028d 04       		.uleb128 0x4
 369 028e 22080000 		.4byte	.LASF102
 370 0292 5C       		.byte	0x5c
 371 0293 04       		.uleb128 0x4
 372 0294 EA0A0000 		.4byte	.LASF103
 373 0298 5D       		.byte	0x5d
 374 0299 04       		.uleb128 0x4
 375 029a 4C000000 		.4byte	.LASF104
 376 029e 5E       		.byte	0x5e
 377 029f 04       		.uleb128 0x4
 378 02a0 A9020000 		.4byte	.LASF105
 379 02a4 5F       		.byte	0x5f
 380 02a5 04       		.uleb128 0x4
 381 02a6 10050000 		.4byte	.LASF106
 382 02aa 60       		.byte	0x60
 383 02ab 04       		.uleb128 0x4
 384 02ac B00C0000 		.4byte	.LASF107
 385 02b0 61       		.byte	0x61
 386 02b1 04       		.uleb128 0x4
 387 02b2 28030000 		.4byte	.LASF108
 388 02b6 62       		.byte	0x62
 389 02b7 04       		.uleb128 0x4
 390 02b8 1F0B0000 		.4byte	.LASF109
 391 02bc 63       		.byte	0x63
 392 02bd 04       		.uleb128 0x4
 393 02be 2C0D0000 		.4byte	.LASF110
 394 02c2 64       		.byte	0x64
 395 02c3 04       		.uleb128 0x4
 396 02c4 7D0F0000 		.4byte	.LASF111
 397 02c8 65       		.byte	0x65
 398 02c9 04       		.uleb128 0x4
 399 02ca 86110000 		.4byte	.LASF112
ARM GAS  C:\Users\gjl\AppData\Local\Temp\ccFdSa65.s 			page 8


 400 02ce 66       		.byte	0x66
 401 02cf 04       		.uleb128 0x4
 402 02d0 F9060000 		.4byte	.LASF113
 403 02d4 67       		.byte	0x67
 404 02d5 04       		.uleb128 0x4
 405 02d6 DE080000 		.4byte	.LASF114
 406 02da 68       		.byte	0x68
 407 02db 04       		.uleb128 0x4
 408 02dc BB0B0000 		.4byte	.LASF115
 409 02e0 69       		.byte	0x69
 410 02e1 04       		.uleb128 0x4
 411 02e2 02010000 		.4byte	.LASF116
 412 02e6 6A       		.byte	0x6a
 413 02e7 04       		.uleb128 0x4
 414 02e8 4B030000 		.4byte	.LASF117
 415 02ec 6B       		.byte	0x6b
 416 02ed 04       		.uleb128 0x4
 417 02ee AB010000 		.4byte	.LASF118
 418 02f2 6C       		.byte	0x6c
 419 02f3 04       		.uleb128 0x4
 420 02f4 DE030000 		.4byte	.LASF119
 421 02f8 6D       		.byte	0x6d
 422 02f9 04       		.uleb128 0x4
 423 02fa 25060000 		.4byte	.LASF120
 424 02fe 6E       		.byte	0x6e
 425 02ff 04       		.uleb128 0x4
 426 0300 3C080000 		.4byte	.LASF121
 427 0304 6F       		.byte	0x6f
 428 0305 04       		.uleb128 0x4
 429 0306 02100000 		.4byte	.LASF122
 430 030a 70       		.byte	0x70
 431 030b 04       		.uleb128 0x4
 432 030c 00000000 		.4byte	.LASF123
 433 0310 71       		.byte	0x71
 434 0311 04       		.uleb128 0x4
 435 0312 58020000 		.4byte	.LASF124
 436 0316 72       		.byte	0x72
 437 0317 04       		.uleb128 0x4
 438 0318 46090000 		.4byte	.LASF125
 439 031c 73       		.byte	0x73
 440 031d 04       		.uleb128 0x4
 441 031e 790C0000 		.4byte	.LASF126
 442 0322 74       		.byte	0x74
 443 0323 04       		.uleb128 0x4
 444 0324 AA0E0000 		.4byte	.LASF127
 445 0328 75       		.byte	0x75
 446 0329 04       		.uleb128 0x4
 447 032a 040B0000 		.4byte	.LASF128
 448 032e 76       		.byte	0x76
 449 032f 04       		.uleb128 0x4
 450 0330 080D0000 		.4byte	.LASF129
 451 0334 77       		.byte	0x77
 452 0335 04       		.uleb128 0x4
 453 0336 620F0000 		.4byte	.LASF130
 454 033a 78       		.byte	0x78
 455 033b 04       		.uleb128 0x4
 456 033c 07080000 		.4byte	.LASF131
ARM GAS  C:\Users\gjl\AppData\Local\Temp\ccFdSa65.s 			page 9


 457 0340 79       		.byte	0x79
 458 0341 04       		.uleb128 0x4
 459 0342 55010000 		.4byte	.LASF132
 460 0346 7A       		.byte	0x7a
 461 0347 04       		.uleb128 0x4
 462 0348 D7000000 		.4byte	.LASF133
 463 034c 7B       		.byte	0x7b
 464 034d 04       		.uleb128 0x4
 465 034e F2050000 		.4byte	.LASF134
 466 0352 7C       		.byte	0x7c
 467 0353 04       		.uleb128 0x4
 468 0354 8E070000 		.4byte	.LASF135
 469 0358 7D       		.byte	0x7d
 470 0359 04       		.uleb128 0x4
 471 035a EC0F0000 		.4byte	.LASF136
 472 035e 7E       		.byte	0x7e
 473 035f 04       		.uleb128 0x4
 474 0360 F8110000 		.4byte	.LASF137
 475 0364 7F       		.byte	0x7f
 476 0365 04       		.uleb128 0x4
 477 0366 37020000 		.4byte	.LASF138
 478 036a 80       		.byte	0x80
 479 036b 04       		.uleb128 0x4
 480 036c 30090000 		.4byte	.LASF139
 481 0370 81       		.byte	0x81
 482 0371 04       		.uleb128 0x4
 483 0372 280C0000 		.4byte	.LASF140
 484 0376 82       		.byte	0x82
 485 0377 04       		.uleb128 0x4
 486 0378 760E0000 		.4byte	.LASF141
 487 037c 83       		.byte	0x83
 488 037d 04       		.uleb128 0x4
 489 037e 7E080000 		.4byte	.LASF142
 490 0382 84       		.byte	0x84
 491 0383 04       		.uleb128 0x4
 492 0384 550B0000 		.4byte	.LASF143
 493 0388 85       		.byte	0x85
 494 0389 04       		.uleb128 0x4
 495 038a AB000000 		.4byte	.LASF144
 496 038e 86       		.byte	0x86
 497 038f 04       		.uleb128 0x4
 498 0390 FB020000 		.4byte	.LASF145
 499 0394 87       		.byte	0x87
 500 0395 04       		.uleb128 0x4
 501 0396 58050000 		.4byte	.LASF146
 502 039a 88       		.byte	0x88
 503 039b 04       		.uleb128 0x4
 504 039c E70C0000 		.4byte	.LASF147
 505 03a0 89       		.byte	0x89
 506 03a1 04       		.uleb128 0x4
 507 03a2 3D0E0000 		.4byte	.LASF148
 508 03a6 8A       		.byte	0x8a
 509 03a7 04       		.uleb128 0x4
 510 03a8 51040000 		.4byte	.LASF149
 511 03ac 8B       		.byte	0x8b
 512 03ad 04       		.uleb128 0x4
 513 03ae AB0D0000 		.4byte	.LASF150
ARM GAS  C:\Users\gjl\AppData\Local\Temp\ccFdSa65.s 			page 10


 514 03b2 8C       		.byte	0x8c
 515 03b3 04       		.uleb128 0x4
 516 03b4 6A100000 		.4byte	.LASF151
 517 03b8 8D       		.byte	0x8d
 518 03b9 04       		.uleb128 0x4
 519 03ba 39100000 		.4byte	.LASF152
 520 03be 8E       		.byte	0x8e
 521 03bf 04       		.uleb128 0x4
 522 03c0 7F0A0000 		.4byte	.LASF153
 523 03c4 8F       		.byte	0x8f
 524 03c5 04       		.uleb128 0x4
 525 03c6 A5060000 		.4byte	.LASF154
 526 03ca 90       		.byte	0x90
 527 03cb 04       		.uleb128 0x4
 528 03cc 95010000 		.4byte	.LASF155
 529 03d0 91       		.byte	0x91
 530 03d1 04       		.uleb128 0x4
 531 03d2 1E020000 		.4byte	.LASF156
 532 03d6 92       		.byte	0x92
 533 03d7 04       		.uleb128 0x4
 534 03d8 3E0C0000 		.4byte	.LASF157
 535 03dc F0       		.byte	0xf0
 536 03dd 00       		.byte	0
 537 03de 05       		.uleb128 0x5
 538 03df 02       		.byte	0x2
 539 03e0 05       		.byte	0x5
 540 03e1 4F0C0000 		.4byte	.LASF158
 541 03e5 06       		.uleb128 0x6
 542 03e6 FE0C0000 		.4byte	.LASF162
 543 03ea 01       		.byte	0x1
 544 03eb F4       		.byte	0xf4
 545 03ec 1D000000 		.4byte	0x1d
 546 03f0 05       		.uleb128 0x5
 547 03f1 01       		.byte	0x1
 548 03f2 06       		.byte	0x6
 549 03f3 9D020000 		.4byte	.LASF159
 550 03f7 05       		.uleb128 0x5
 551 03f8 01       		.byte	0x1
 552 03f9 08       		.byte	0x8
 553 03fa 900B0000 		.4byte	.LASF160
 554 03fe 05       		.uleb128 0x5
 555 03ff 02       		.byte	0x2
 556 0400 07       		.byte	0x7
 557 0401 E6060000 		.4byte	.LASF161
 558 0405 06       		.uleb128 0x6
 559 0406 A00E0000 		.4byte	.LASF163
 560 040a 02       		.byte	0x2
 561 040b 3F       		.byte	0x3f
 562 040c 10040000 		.4byte	0x410
 563 0410 05       		.uleb128 0x5
 564 0411 04       		.byte	0x4
 565 0412 05       		.byte	0x5
 566 0413 42030000 		.4byte	.LASF164
 567 0417 06       		.uleb128 0x6
 568 0418 2A050000 		.4byte	.LASF165
 569 041c 02       		.byte	0x2
 570 041d 41       		.byte	0x41
ARM GAS  C:\Users\gjl\AppData\Local\Temp\ccFdSa65.s 			page 11


 571 041e 22040000 		.4byte	0x422
 572 0422 05       		.uleb128 0x5
 573 0423 04       		.byte	0x4
 574 0424 07       		.byte	0x7
 575 0425 5D060000 		.4byte	.LASF166
 576 0429 05       		.uleb128 0x5
 577 042a 08       		.byte	0x8
 578 042b 05       		.byte	0x5
 579 042c 8F020000 		.4byte	.LASF167
 580 0430 05       		.uleb128 0x5
 581 0431 08       		.byte	0x8
 582 0432 07       		.byte	0x7
 583 0433 7E010000 		.4byte	.LASF168
 584 0437 07       		.uleb128 0x7
 585 0438 04       		.byte	0x4
 586 0439 05       		.byte	0x5
 587 043a 696E7400 		.ascii	"int\000"
 588 043e 05       		.uleb128 0x5
 589 043f 04       		.byte	0x4
 590 0440 07       		.byte	0x7
 591 0441 FE0B0000 		.4byte	.LASF169
 592 0445 06       		.uleb128 0x6
 593 0446 880B0000 		.4byte	.LASF170
 594 044a 03       		.byte	0x3
 595 044b 2C       		.byte	0x2c
 596 044c 05040000 		.4byte	0x405
 597 0450 06       		.uleb128 0x6
 598 0451 230D0000 		.4byte	.LASF171
 599 0455 03       		.byte	0x3
 600 0456 30       		.byte	0x30
 601 0457 17040000 		.4byte	0x417
 602 045b 05       		.uleb128 0x5
 603 045c 04       		.byte	0x4
 604 045d 07       		.byte	0x7
 605 045e 75080000 		.4byte	.LASF172
 606 0462 05       		.uleb128 0x5
 607 0463 08       		.byte	0x8
 608 0464 04       		.byte	0x4
 609 0465 C60D0000 		.4byte	.LASF173
 610 0469 05       		.uleb128 0x5
 611 046a 01       		.byte	0x1
 612 046b 08       		.byte	0x8
 613 046c D20D0000 		.4byte	.LASF174
 614 0470 05       		.uleb128 0x5
 615 0471 04       		.byte	0x4
 616 0472 04       		.byte	0x4
 617 0473 950A0000 		.4byte	.LASF175
 618 0477 05       		.uleb128 0x5
 619 0478 08       		.byte	0x8
 620 0479 04       		.byte	0x4
 621 047a 4A040000 		.4byte	.LASF176
 622 047e 08       		.uleb128 0x8
 623 047f 08       		.byte	0x8
 624 0480 04       		.byte	0x4
 625 0481 EB       		.byte	0xeb
 626 0482 9F040000 		.4byte	0x49f
 627 0486 09       		.uleb128 0x9
ARM GAS  C:\Users\gjl\AppData\Local\Temp\ccFdSa65.s 			page 12


 628 0487 D6030000 		.4byte	.LASF177
 629 048b 04       		.byte	0x4
 630 048c EC       		.byte	0xec
 631 048d E5030000 		.4byte	0x3e5
 632 0491 00       		.byte	0
 633 0492 09       		.uleb128 0x9
 634 0493 79110000 		.4byte	.LASF178
 635 0497 04       		.byte	0x4
 636 0498 F0       		.byte	0xf0
 637 0499 50040000 		.4byte	0x450
 638 049d 04       		.byte	0x4
 639 049e 00       		.byte	0
 640 049f 06       		.uleb128 0x6
 641 04a0 B1080000 		.4byte	.LASF179
 642 04a4 04       		.byte	0x4
 643 04a5 F1       		.byte	0xf1
 644 04a6 7E040000 		.4byte	0x47e
 645 04aa 0A       		.uleb128 0xa
 646 04ab F10B0000 		.4byte	.LASF180
 647 04af 05       		.byte	0x5
 648 04b0 EA07     		.2byte	0x7ea
 649 04b2 B6040000 		.4byte	0x4b6
 650 04b6 0B       		.uleb128 0xb
 651 04b7 45040000 		.4byte	0x445
 652 04bb 0C       		.uleb128 0xc
 653 04bc 6B010000 		.4byte	.LASF181
 654 04c0 06       		.byte	0x6
 655 04c1 18       		.byte	0x18
 656 04c2 CC040000 		.4byte	0x4cc
 657 04c6 05       		.uleb128 0x5
 658 04c7 03       		.byte	0x3
 659 04c8 00000000 		.4byte	UART_1_SCB_IRQ_cfg
 660 04cc 0D       		.uleb128 0xd
 661 04cd 9F040000 		.4byte	0x49f
 662 04d1 0C       		.uleb128 0xc
 663 04d2 2F070000 		.4byte	.LASF182
 664 04d6 06       		.byte	0x6
 665 04d7 1E       		.byte	0x1e
 666 04d8 CC040000 		.4byte	0x4cc
 667 04dc 05       		.uleb128 0x5
 668 04dd 03       		.byte	0x3
 669 04de 00000000 		.4byte	ADC_1_IRQ_cfg
 670 04e2 00       		.byte	0
 671              		.section	.debug_abbrev,"",%progbits
 672              	.Ldebug_abbrev0:
 673 0000 01       		.uleb128 0x1
 674 0001 11       		.uleb128 0x11
 675 0002 01       		.byte	0x1
 676 0003 25       		.uleb128 0x25
 677 0004 0E       		.uleb128 0xe
 678 0005 13       		.uleb128 0x13
 679 0006 0B       		.uleb128 0xb
 680 0007 03       		.uleb128 0x3
 681 0008 0E       		.uleb128 0xe
 682 0009 1B       		.uleb128 0x1b
 683 000a 0E       		.uleb128 0xe
 684 000b 10       		.uleb128 0x10
ARM GAS  C:\Users\gjl\AppData\Local\Temp\ccFdSa65.s 			page 13


 685 000c 17       		.uleb128 0x17
 686 000d 00       		.byte	0
 687 000e 00       		.byte	0
 688 000f 02       		.uleb128 0x2
 689 0010 04       		.uleb128 0x4
 690 0011 01       		.byte	0x1
 691 0012 0B       		.uleb128 0xb
 692 0013 0B       		.uleb128 0xb
 693 0014 49       		.uleb128 0x49
 694 0015 13       		.uleb128 0x13
 695 0016 3A       		.uleb128 0x3a
 696 0017 0B       		.uleb128 0xb
 697 0018 3B       		.uleb128 0x3b
 698 0019 0B       		.uleb128 0xb
 699 001a 01       		.uleb128 0x1
 700 001b 13       		.uleb128 0x13
 701 001c 00       		.byte	0
 702 001d 00       		.byte	0
 703 001e 03       		.uleb128 0x3
 704 001f 28       		.uleb128 0x28
 705 0020 00       		.byte	0
 706 0021 03       		.uleb128 0x3
 707 0022 0E       		.uleb128 0xe
 708 0023 1C       		.uleb128 0x1c
 709 0024 0D       		.uleb128 0xd
 710 0025 00       		.byte	0
 711 0026 00       		.byte	0
 712 0027 04       		.uleb128 0x4
 713 0028 28       		.uleb128 0x28
 714 0029 00       		.byte	0
 715 002a 03       		.uleb128 0x3
 716 002b 0E       		.uleb128 0xe
 717 002c 1C       		.uleb128 0x1c
 718 002d 0B       		.uleb128 0xb
 719 002e 00       		.byte	0
 720 002f 00       		.byte	0
 721 0030 05       		.uleb128 0x5
 722 0031 24       		.uleb128 0x24
 723 0032 00       		.byte	0
 724 0033 0B       		.uleb128 0xb
 725 0034 0B       		.uleb128 0xb
 726 0035 3E       		.uleb128 0x3e
 727 0036 0B       		.uleb128 0xb
 728 0037 03       		.uleb128 0x3
 729 0038 0E       		.uleb128 0xe
 730 0039 00       		.byte	0
 731 003a 00       		.byte	0
 732 003b 06       		.uleb128 0x6
 733 003c 16       		.uleb128 0x16
 734 003d 00       		.byte	0
 735 003e 03       		.uleb128 0x3
 736 003f 0E       		.uleb128 0xe
 737 0040 3A       		.uleb128 0x3a
 738 0041 0B       		.uleb128 0xb
 739 0042 3B       		.uleb128 0x3b
 740 0043 0B       		.uleb128 0xb
 741 0044 49       		.uleb128 0x49
ARM GAS  C:\Users\gjl\AppData\Local\Temp\ccFdSa65.s 			page 14


 742 0045 13       		.uleb128 0x13
 743 0046 00       		.byte	0
 744 0047 00       		.byte	0
 745 0048 07       		.uleb128 0x7
 746 0049 24       		.uleb128 0x24
 747 004a 00       		.byte	0
 748 004b 0B       		.uleb128 0xb
 749 004c 0B       		.uleb128 0xb
 750 004d 3E       		.uleb128 0x3e
 751 004e 0B       		.uleb128 0xb
 752 004f 03       		.uleb128 0x3
 753 0050 08       		.uleb128 0x8
 754 0051 00       		.byte	0
 755 0052 00       		.byte	0
 756 0053 08       		.uleb128 0x8
 757 0054 13       		.uleb128 0x13
 758 0055 01       		.byte	0x1
 759 0056 0B       		.uleb128 0xb
 760 0057 0B       		.uleb128 0xb
 761 0058 3A       		.uleb128 0x3a
 762 0059 0B       		.uleb128 0xb
 763 005a 3B       		.uleb128 0x3b
 764 005b 0B       		.uleb128 0xb
 765 005c 01       		.uleb128 0x1
 766 005d 13       		.uleb128 0x13
 767 005e 00       		.byte	0
 768 005f 00       		.byte	0
 769 0060 09       		.uleb128 0x9
 770 0061 0D       		.uleb128 0xd
 771 0062 00       		.byte	0
 772 0063 03       		.uleb128 0x3
 773 0064 0E       		.uleb128 0xe
 774 0065 3A       		.uleb128 0x3a
 775 0066 0B       		.uleb128 0xb
 776 0067 3B       		.uleb128 0x3b
 777 0068 0B       		.uleb128 0xb
 778 0069 49       		.uleb128 0x49
 779 006a 13       		.uleb128 0x13
 780 006b 38       		.uleb128 0x38
 781 006c 0B       		.uleb128 0xb
 782 006d 00       		.byte	0
 783 006e 00       		.byte	0
 784 006f 0A       		.uleb128 0xa
 785 0070 34       		.uleb128 0x34
 786 0071 00       		.byte	0
 787 0072 03       		.uleb128 0x3
 788 0073 0E       		.uleb128 0xe
 789 0074 3A       		.uleb128 0x3a
 790 0075 0B       		.uleb128 0xb
 791 0076 3B       		.uleb128 0x3b
 792 0077 05       		.uleb128 0x5
 793 0078 49       		.uleb128 0x49
 794 0079 13       		.uleb128 0x13
 795 007a 3F       		.uleb128 0x3f
 796 007b 19       		.uleb128 0x19
 797 007c 3C       		.uleb128 0x3c
 798 007d 19       		.uleb128 0x19
ARM GAS  C:\Users\gjl\AppData\Local\Temp\ccFdSa65.s 			page 15


 799 007e 00       		.byte	0
 800 007f 00       		.byte	0
 801 0080 0B       		.uleb128 0xb
 802 0081 35       		.uleb128 0x35
 803 0082 00       		.byte	0
 804 0083 49       		.uleb128 0x49
 805 0084 13       		.uleb128 0x13
 806 0085 00       		.byte	0
 807 0086 00       		.byte	0
 808 0087 0C       		.uleb128 0xc
 809 0088 34       		.uleb128 0x34
 810 0089 00       		.byte	0
 811 008a 03       		.uleb128 0x3
 812 008b 0E       		.uleb128 0xe
 813 008c 3A       		.uleb128 0x3a
 814 008d 0B       		.uleb128 0xb
 815 008e 3B       		.uleb128 0x3b
 816 008f 0B       		.uleb128 0xb
 817 0090 49       		.uleb128 0x49
 818 0091 13       		.uleb128 0x13
 819 0092 3F       		.uleb128 0x3f
 820 0093 19       		.uleb128 0x19
 821 0094 02       		.uleb128 0x2
 822 0095 18       		.uleb128 0x18
 823 0096 00       		.byte	0
 824 0097 00       		.byte	0
 825 0098 0D       		.uleb128 0xd
 826 0099 26       		.uleb128 0x26
 827 009a 00       		.byte	0
 828 009b 49       		.uleb128 0x49
 829 009c 13       		.uleb128 0x13
 830 009d 00       		.byte	0
 831 009e 00       		.byte	0
 832 009f 00       		.byte	0
 833              		.section	.debug_aranges,"",%progbits
 834 0000 14000000 		.4byte	0x14
 835 0004 0200     		.2byte	0x2
 836 0006 00000000 		.4byte	.Ldebug_info0
 837 000a 04       		.byte	0x4
 838 000b 00       		.byte	0
 839 000c 0000     		.2byte	0
 840 000e 0000     		.2byte	0
 841 0010 00000000 		.4byte	0
 842 0014 00000000 		.4byte	0
 843              		.section	.debug_line,"",%progbits
 844              	.Ldebug_line0:
 845 0000 10020000 		.section	.debug_str,"MS",%progbits,1
 845      02000A02 
 845      00000201 
 845      FB0E0D00 
 845      01010101 
 846              	.LASF123:
 847 0000 74637077 		.ascii	"tcpwm_1_interrupts_15_IRQn\000"
 847      6D5F315F 
 847      696E7465 
 847      72727570 
 847      74735F31 
ARM GAS  C:\Users\gjl\AppData\Local\Temp\ccFdSa65.s 			page 16


 848              	.LASF12:
 849 001b 696F7373 		.ascii	"ioss_interrupts_gpio_2_IRQn\000"
 849      5F696E74 
 849      65727275 
 849      7074735F 
 849      6770696F 
 850              	.LASF56:
 851 0037 7363625F 		.ascii	"scb_5_interrupt_IRQn\000"
 851      355F696E 
 851      74657272 
 851      7570745F 
 851      4952516E 
 852              	.LASF104:
 853 004c 74637077 		.ascii	"tcpwm_0_interrupts_4_IRQn\000"
 853      6D5F305F 
 853      696E7465 
 853      72727570 
 853      74735F34 
 854              	.LASF32:
 855 0066 73727373 		.ascii	"srss_interrupt_IRQn\000"
 855      5F696E74 
 855      65727275 
 855      70745F49 
 855      52516E00 
 856              	.LASF28:
 857 007a 7363625F 		.ascii	"scb_8_interrupt_IRQn\000"
 857      385F696E 
 857      74657272 
 857      7570745F 
 857      4952516E 
 858              	.LASF61:
 859 008f 63707573 		.ascii	"cpuss_interrupts_dw0_1_IRQn\000"
 859      735F696E 
 859      74657272 
 859      75707473 
 859      5F647730 
 860              	.LASF144:
 861 00ab 7564625F 		.ascii	"udb_interrupts_12_IRQn\000"
 861      696E7465 
 861      72727570 
 861      74735F31 
 861      325F4952 
 862              	.LASF34:
 863 00c2 626C6573 		.ascii	"bless_interrupt_IRQn\000"
 863      735F696E 
 863      74657272 
 863      7570745F 
 863      4952516E 
 864              	.LASF133:
 865 00d7 7564625F 		.ascii	"udb_interrupts_1_IRQn\000"
 865      696E7465 
 865      72727570 
 865      74735F31 
 865      5F495251 
 866              	.LASF51:
 867 00ed 7363625F 		.ascii	"scb_0_interrupt_IRQn\000"
 867      305F696E 
ARM GAS  C:\Users\gjl\AppData\Local\Temp\ccFdSa65.s 			page 17


 867      74657272 
 867      7570745F 
 867      4952516E 
 868              	.LASF116:
 869 0102 74637077 		.ascii	"tcpwm_1_interrupts_8_IRQn\000"
 869      6D5F315F 
 869      696E7465 
 869      72727570 
 869      74735F38 
 870              	.LASF39:
 871 011c 63707573 		.ascii	"cpuss_interrupts_ipc_4_IRQn\000"
 871      735F696E 
 871      74657272 
 871      75707473 
 871      5F697063 
 872              	.LASF46:
 873 0138 63707573 		.ascii	"cpuss_interrupts_ipc_11_IRQn\000"
 873      735F696E 
 873      74657272 
 873      75707473 
 873      5F697063 
 874              	.LASF132:
 875 0155 7564625F 		.ascii	"udb_interrupts_0_IRQn\000"
 875      696E7465 
 875      72727570 
 875      74735F30 
 875      5F495251 
 876              	.LASF181:
 877 016b 55415254 		.ascii	"UART_1_SCB_IRQ_cfg\000"
 877      5F315F53 
 877      43425F49 
 877      52515F63 
 877      666700
 878              	.LASF168:
 879 017e 6C6F6E67 		.ascii	"long long unsigned int\000"
 879      206C6F6E 
 879      6720756E 
 879      7369676E 
 879      65642069 
 880              	.LASF155:
 881 0195 7573625F 		.ascii	"usb_interrupt_lo_IRQn\000"
 881      696E7465 
 881      72727570 
 881      745F6C6F 
 881      5F495251 
 882              	.LASF118:
 883 01ab 74637077 		.ascii	"tcpwm_1_interrupts_10_IRQn\000"
 883      6D5F315F 
 883      696E7465 
 883      72727570 
 883      74735F31 
 884              	.LASF10:
 885 01c6 696F7373 		.ascii	"ioss_interrupts_gpio_0_IRQn\000"
 885      5F696E74 
 885      65727275 
 885      7074735F 
 885      6770696F 
ARM GAS  C:\Users\gjl\AppData\Local\Temp\ccFdSa65.s 			page 18


 886              	.LASF97:
 887 01e2 63707573 		.ascii	"cpuss_interrupts_cm0_cti_1_IRQn\000"
 887      735F696E 
 887      74657272 
 887      75707473 
 887      5F636D30 
 888              	.LASF19:
 889 0202 696F7373 		.ascii	"ioss_interrupts_gpio_9_IRQn\000"
 889      5F696E74 
 889      65727275 
 889      7074735F 
 889      6770696F 
 890              	.LASF156:
 891 021e 70617373 		.ascii	"pass_interrupt_dacs_IRQn\000"
 891      5F696E74 
 891      65727275 
 891      70745F64 
 891      6163735F 
 892              	.LASF138:
 893 0237 7564625F 		.ascii	"udb_interrupts_6_IRQn\000"
 893      696E7465 
 893      72727570 
 893      74735F36 
 893      5F495251 
 894              	.LASF0:
 895 024d 52657365 		.ascii	"Reset_IRQn\000"
 895      745F4952 
 895      516E00
 896              	.LASF124:
 897 0258 74637077 		.ascii	"tcpwm_1_interrupts_16_IRQn\000"
 897      6D5F315F 
 897      696E7465 
 897      72727570 
 897      74735F31 
 898              	.LASF94:
 899 0273 63707573 		.ascii	"cpuss_interrupt_crypto_IRQn\000"
 899      735F696E 
 899      74657272 
 899      7570745F 
 899      63727970 
 900              	.LASF167:
 901 028f 6C6F6E67 		.ascii	"long long int\000"
 901      206C6F6E 
 901      6720696E 
 901      7400
 902              	.LASF159:
 903 029d 7369676E 		.ascii	"signed char\000"
 903      65642063 
 903      68617200 
 904              	.LASF105:
 905 02a9 74637077 		.ascii	"tcpwm_0_interrupts_5_IRQn\000"
 905      6D5F305F 
 905      696E7465 
 905      72727570 
 905      74735F35 
 906              	.LASF85:
 907 02c3 63707573 		.ascii	"cpuss_interrupts_dw1_9_IRQn\000"
ARM GAS  C:\Users\gjl\AppData\Local\Temp\ccFdSa65.s 			page 19


 907      735F696E 
 907      74657272 
 907      75707473 
 907      5F647731 
 908              	.LASF62:
 909 02df 63707573 		.ascii	"cpuss_interrupts_dw0_2_IRQn\000"
 909      735F696E 
 909      74657272 
 909      75707473 
 909      5F647730 
 910              	.LASF145:
 911 02fb 7564625F 		.ascii	"udb_interrupts_13_IRQn\000"
 911      696E7465 
 911      72727570 
 911      74735F31 
 911      335F4952 
 912              	.LASF27:
 913 0312 6C70636F 		.ascii	"lpcomp_interrupt_IRQn\000"
 913      6D705F69 
 913      6E746572 
 913      72757074 
 913      5F495251 
 914              	.LASF108:
 915 0328 74637077 		.ascii	"tcpwm_1_interrupts_0_IRQn\000"
 915      6D5F315F 
 915      696E7465 
 915      72727570 
 915      74735F30 
 916              	.LASF164:
 917 0342 6C6F6E67 		.ascii	"long int\000"
 917      20696E74 
 917      00
 918              	.LASF117:
 919 034b 74637077 		.ascii	"tcpwm_1_interrupts_9_IRQn\000"
 919      6D5F315F 
 919      696E7465 
 919      72727570 
 919      74735F39 
 920              	.LASF40:
 921 0365 63707573 		.ascii	"cpuss_interrupts_ipc_5_IRQn\000"
 921      735F696E 
 921      74657272 
 921      75707473 
 921      5F697063 
 922              	.LASF83:
 923 0381 63707573 		.ascii	"cpuss_interrupts_dw1_7_IRQn\000"
 923      735F696E 
 923      74657272 
 923      75707473 
 923      5F647731 
 924              	.LASF47:
 925 039d 63707573 		.ascii	"cpuss_interrupts_ipc_12_IRQn\000"
 925      735F696E 
 925      74657272 
 925      75707473 
 925      5F697063 
 926              	.LASF84:
ARM GAS  C:\Users\gjl\AppData\Local\Temp\ccFdSa65.s 			page 20


 927 03ba 63707573 		.ascii	"cpuss_interrupts_dw1_8_IRQn\000"
 927      735F696E 
 927      74657272 
 927      75707473 
 927      5F647731 
 928              	.LASF177:
 929 03d6 696E7472 		.ascii	"intrSrc\000"
 929      53726300 
 930              	.LASF119:
 931 03de 74637077 		.ascii	"tcpwm_1_interrupts_11_IRQn\000"
 931      6D5F315F 
 931      696E7465 
 931      72727570 
 931      74735F31 
 932              	.LASF64:
 933 03f9 63707573 		.ascii	"cpuss_interrupts_dw0_4_IRQn\000"
 933      735F696E 
 933      74657272 
 933      75707473 
 933      5F647730 
 934              	.LASF25:
 935 0415 696F7373 		.ascii	"ioss_interrupt_gpio_IRQn\000"
 935      5F696E74 
 935      65727275 
 935      70745F67 
 935      70696F5F 
 936              	.LASF29:
 937 042e 73727373 		.ascii	"srss_interrupt_mcwdt_0_IRQn\000"
 937      5F696E74 
 937      65727275 
 937      70745F6D 
 937      63776474 
 938              	.LASF176:
 939 044a 646F7562 		.ascii	"double\000"
 939      6C6500
 940              	.LASF149:
 941 0451 61756469 		.ascii	"audioss_interrupt_i2s_IRQn\000"
 941      6F73735F 
 941      696E7465 
 941      72727570 
 941      745F6932 
 942              	.LASF66:
 943 046c 63707573 		.ascii	"cpuss_interrupts_dw0_6_IRQn\000"
 943      735F696E 
 943      74657272 
 943      75707473 
 943      5F647730 
 944              	.LASF99:
 945 0488 63707573 		.ascii	"cpuss_interrupts_cm4_cti_1_IRQn\000"
 945      735F696E 
 945      74657272 
 945      75707473 
 945      5F636D34 
 946              	.LASF58:
 947 04a8 7363625F 		.ascii	"scb_7_interrupt_IRQn\000"
 947      375F696E 
 947      74657272 
ARM GAS  C:\Users\gjl\AppData\Local\Temp\ccFdSa65.s 			page 21


 947      7570745F 
 947      4952516E 
 948              	.LASF185:
 949 04bd 433A5C47 		.ascii	"C:\\Git\\PSoC6-101-Videos\\Projects_ScreenCapture\\"
 949      69745C50 
 949      536F4336 
 949      2D313031 
 949      2D566964 
 950 04ec 50536F43 		.ascii	"PSoC 6_101\\2-6-ADC_OPAMP_VREF.cydsn\000"
 950      20365F31 
 950      30315C32 
 950      2D362D41 
 950      44435F4F 
 951              	.LASF106:
 952 0510 74637077 		.ascii	"tcpwm_0_interrupts_6_IRQn\000"
 952      6D5F305F 
 952      696E7465 
 952      72727570 
 952      74735F36 
 953              	.LASF165:
 954 052a 5F5F7569 		.ascii	"__uint32_t\000"
 954      6E743332 
 954      5F7400
 955              	.LASF4:
 956 0535 42757346 		.ascii	"BusFault_IRQn\000"
 956      61756C74 
 956      5F495251 
 956      6E00
 957              	.LASF52:
 958 0543 7363625F 		.ascii	"scb_1_interrupt_IRQn\000"
 958      315F696E 
 958      74657272 
 958      7570745F 
 958      4952516E 
 959              	.LASF146:
 960 0558 7564625F 		.ascii	"udb_interrupts_14_IRQn\000"
 960      696E7465 
 960      72727570 
 960      74735F31 
 960      345F4952 
 961              	.LASF33:
 962 056f 70617373 		.ascii	"pass_interrupt_ctbs_IRQn\000"
 962      5F696E74 
 962      65727275 
 962      70745F63 
 962      7462735F 
 963              	.LASF53:
 964 0588 7363625F 		.ascii	"scb_2_interrupt_IRQn\000"
 964      325F696E 
 964      74657272 
 964      7570745F 
 964      4952516E 
 965              	.LASF74:
 966 059d 63707573 		.ascii	"cpuss_interrupts_dw0_14_IRQn\000"
 966      735F696E 
 966      74657272 
 966      75707473 
ARM GAS  C:\Users\gjl\AppData\Local\Temp\ccFdSa65.s 			page 22


 966      5F647730 
 967              	.LASF15:
 968 05ba 696F7373 		.ascii	"ioss_interrupts_gpio_5_IRQn\000"
 968      5F696E74 
 968      65727275 
 968      7074735F 
 968      6770696F 
 969              	.LASF41:
 970 05d6 63707573 		.ascii	"cpuss_interrupts_ipc_6_IRQn\000"
 970      735F696E 
 970      74657272 
 970      75707473 
 970      5F697063 
 971              	.LASF134:
 972 05f2 7564625F 		.ascii	"udb_interrupts_2_IRQn\000"
 972      696E7465 
 972      72727570 
 972      74735F32 
 972      5F495251 
 973              	.LASF23:
 974 0608 696F7373 		.ascii	"ioss_interrupts_gpio_13_IRQn\000"
 974      5F696E74 
 974      65727275 
 974      7074735F 
 974      6770696F 
 975              	.LASF120:
 976 0625 74637077 		.ascii	"tcpwm_1_interrupts_12_IRQn\000"
 976      6D5F315F 
 976      696E7465 
 976      72727570 
 976      74735F31 
 977              	.LASF89:
 978 0640 63707573 		.ascii	"cpuss_interrupts_dw1_13_IRQn\000"
 978      735F696E 
 978      74657272 
 978      75707473 
 978      5F647731 
 979              	.LASF166:
 980 065d 6C6F6E67 		.ascii	"long unsigned int\000"
 980      20756E73 
 980      69676E65 
 980      6420696E 
 980      7400
 981              	.LASF30:
 982 066f 73727373 		.ascii	"srss_interrupt_mcwdt_1_IRQn\000"
 982      5F696E74 
 982      65727275 
 982      70745F6D 
 982      63776474 
 983              	.LASF101:
 984 068b 74637077 		.ascii	"tcpwm_0_interrupts_1_IRQn\000"
 984      6D5F305F 
 984      696E7465 
 984      72727570 
 984      74735F31 
 985              	.LASF154:
 986 06a5 7573625F 		.ascii	"usb_interrupt_med_IRQn\000"
ARM GAS  C:\Users\gjl\AppData\Local\Temp\ccFdSa65.s 			page 23


 986      696E7465 
 986      72727570 
 986      745F6D65 
 986      645F4952 
 987              	.LASF92:
 988 06bc 63707573 		.ascii	"cpuss_interrupts_fault_0_IRQn\000"
 988      735F696E 
 988      74657272 
 988      75707473 
 988      5F666175 
 989              	.LASF6:
 990 06da 53564361 		.ascii	"SVCall_IRQn\000"
 990      6C6C5F49 
 990      52516E00 
 991              	.LASF161:
 992 06e6 73686F72 		.ascii	"short unsigned int\000"
 992      7420756E 
 992      7369676E 
 992      65642069 
 992      6E7400
 993              	.LASF113:
 994 06f9 74637077 		.ascii	"tcpwm_1_interrupts_5_IRQn\000"
 994      6D5F315F 
 994      696E7465 
 994      72727570 
 994      74735F35 
 995              	.LASF36:
 996 0713 63707573 		.ascii	"cpuss_interrupts_ipc_1_IRQn\000"
 996      735F696E 
 996      74657272 
 996      75707473 
 996      5F697063 
 997              	.LASF182:
 998 072f 4144435F 		.ascii	"ADC_1_IRQ_cfg\000"
 998      315F4952 
 998      515F6366 
 998      6700
 999              	.LASF95:
 1000 073d 63707573 		.ascii	"cpuss_interrupt_fm_IRQn\000"
 1000      735F696E 
 1000      74657272 
 1000      7570745F 
 1000      666D5F49 
 1001              	.LASF75:
 1002 0755 63707573 		.ascii	"cpuss_interrupts_dw0_15_IRQn\000"
 1002      735F696E 
 1002      74657272 
 1002      75707473 
 1002      5F647730 
 1003              	.LASF16:
 1004 0772 696F7373 		.ascii	"ioss_interrupts_gpio_6_IRQn\000"
 1004      5F696E74 
 1004      65727275 
 1004      7074735F 
 1004      6770696F 
 1005              	.LASF135:
 1006 078e 7564625F 		.ascii	"udb_interrupts_3_IRQn\000"
ARM GAS  C:\Users\gjl\AppData\Local\Temp\ccFdSa65.s 			page 24


 1006      696E7465 
 1006      72727570 
 1006      74735F33 
 1006      5F495251 
 1007              	.LASF24:
 1008 07a4 696F7373 		.ascii	"ioss_interrupts_gpio_14_IRQn\000"
 1008      5F696E74 
 1008      65727275 
 1008      7074735F 
 1008      6770696F 
 1009              	.LASF9:
 1010 07c1 53797354 		.ascii	"SysTick_IRQn\000"
 1010      69636B5F 
 1010      4952516E 
 1010      00
 1011              	.LASF80:
 1012 07ce 63707573 		.ascii	"cpuss_interrupts_dw1_4_IRQn\000"
 1012      735F696E 
 1012      74657272 
 1012      75707473 
 1012      5F647731 
 1013              	.LASF90:
 1014 07ea 63707573 		.ascii	"cpuss_interrupts_dw1_14_IRQn\000"
 1014      735F696E 
 1014      74657272 
 1014      75707473 
 1014      5F647731 
 1015              	.LASF131:
 1016 0807 74637077 		.ascii	"tcpwm_1_interrupts_23_IRQn\000"
 1016      6D5F315F 
 1016      696E7465 
 1016      72727570 
 1016      74735F32 
 1017              	.LASF102:
 1018 0822 74637077 		.ascii	"tcpwm_0_interrupts_2_IRQn\000"
 1018      6D5F305F 
 1018      696E7465 
 1018      72727570 
 1018      74735F32 
 1019              	.LASF121:
 1020 083c 74637077 		.ascii	"tcpwm_1_interrupts_13_IRQn\000"
 1020      6D5F315F 
 1020      696E7465 
 1020      72727570 
 1020      74735F31 
 1021              	.LASF93:
 1022 0857 63707573 		.ascii	"cpuss_interrupts_fault_1_IRQn\000"
 1022      735F696E 
 1022      74657272 
 1022      75707473 
 1022      5F666175 
 1023              	.LASF172:
 1024 0875 73697A65 		.ascii	"sizetype\000"
 1024      74797065 
 1024      00
 1025              	.LASF142:
 1026 087e 7564625F 		.ascii	"udb_interrupts_10_IRQn\000"
ARM GAS  C:\Users\gjl\AppData\Local\Temp\ccFdSa65.s 			page 25


 1026      696E7465 
 1026      72727570 
 1026      74735F31 
 1026      305F4952 
 1027              	.LASF68:
 1028 0895 63707573 		.ascii	"cpuss_interrupts_dw0_8_IRQn\000"
 1028      735F696E 
 1028      74657272 
 1028      75707473 
 1028      5F647730 
 1029              	.LASF179:
 1030 08b1 63795F73 		.ascii	"cy_stc_sysint_t\000"
 1030      74635F73 
 1030      7973696E 
 1030      745F7400 
 1031              	.LASF70:
 1032 08c1 63707573 		.ascii	"cpuss_interrupts_dw0_10_IRQn\000"
 1032      735F696E 
 1032      74657272 
 1032      75707473 
 1032      5F647730 
 1033              	.LASF114:
 1034 08de 74637077 		.ascii	"tcpwm_1_interrupts_6_IRQn\000"
 1034      6D5F315F 
 1034      696E7465 
 1034      72727570 
 1034      74735F36 
 1035              	.LASF37:
 1036 08f8 63707573 		.ascii	"cpuss_interrupts_ipc_2_IRQn\000"
 1036      735F696E 
 1036      74657272 
 1036      75707473 
 1036      5F697063 
 1037              	.LASF81:
 1038 0914 63707573 		.ascii	"cpuss_interrupts_dw1_5_IRQn\000"
 1038      735F696E 
 1038      74657272 
 1038      75707473 
 1038      5F647731 
 1039              	.LASF139:
 1040 0930 7564625F 		.ascii	"udb_interrupts_7_IRQn\000"
 1040      696E7465 
 1040      72727570 
 1040      74735F37 
 1040      5F495251 
 1041              	.LASF125:
 1042 0946 74637077 		.ascii	"tcpwm_1_interrupts_17_IRQn\000"
 1042      6D5F315F 
 1042      696E7465 
 1042      72727570 
 1042      74735F31 
 1043              	.LASF55:
 1044 0961 7363625F 		.ascii	"scb_4_interrupt_IRQn\000"
 1044      345F696E 
 1044      74657272 
 1044      7570745F 
 1044      4952516E 
ARM GAS  C:\Users\gjl\AppData\Local\Temp\ccFdSa65.s 			page 26


 1045              	.LASF17:
 1046 0976 696F7373 		.ascii	"ioss_interrupts_gpio_7_IRQn\000"
 1046      5F696E74 
 1046      65727275 
 1046      7074735F 
 1046      6770696F 
 1047              	.LASF73:
 1048 0992 63707573 		.ascii	"cpuss_interrupts_dw0_13_IRQn\000"
 1048      735F696E 
 1048      74657272 
 1048      75707473 
 1048      5F647730 
 1049              	.LASF183:
 1050 09af 474E5520 		.ascii	"GNU C11 5.4.1 20160609 (release) [ARM/embedded-5-br"
 1050      43313120 
 1050      352E342E 
 1050      31203230 
 1050      31363036 
 1051 09e2 616E6368 		.ascii	"anch revision 237715] -mcpu=cortex-m4 -mfloat-abi=s"
 1051      20726576 
 1051      6973696F 
 1051      6E203233 
 1051      37373135 
 1052 0a15 6F667466 		.ascii	"oftfp -mfpu=fpv4-sp-d16 -mthumb -g -Og -ffunction-s"
 1052      70202D6D 
 1052      6670753D 
 1052      66707634 
 1052      2D73702D 
 1053 0a48 65637469 		.ascii	"ections -ffat-lto-objects\000"
 1053      6F6E7320 
 1053      2D666661 
 1053      742D6C74 
 1053      6F2D6F62 
 1054              	.LASF91:
 1055 0a62 63707573 		.ascii	"cpuss_interrupts_dw1_15_IRQn\000"
 1055      735F696E 
 1055      74657272 
 1055      75707473 
 1055      5F647731 
 1056              	.LASF153:
 1057 0a7f 7573625F 		.ascii	"usb_interrupt_hi_IRQn\000"
 1057      696E7465 
 1057      72727570 
 1057      745F6869 
 1057      5F495251 
 1058              	.LASF175:
 1059 0a95 666C6F61 		.ascii	"float\000"
 1059      7400
 1060              	.LASF63:
 1061 0a9b 63707573 		.ascii	"cpuss_interrupts_dw0_3_IRQn\000"
 1061      735F696E 
 1061      74657272 
 1061      75707473 
 1061      5F647730 
 1062              	.LASF21:
 1063 0ab7 696F7373 		.ascii	"ioss_interrupts_gpio_11_IRQn\000"
 1063      5F696E74 
ARM GAS  C:\Users\gjl\AppData\Local\Temp\ccFdSa65.s 			page 27


 1063      65727275 
 1063      7074735F 
 1063      6770696F 
 1064              	.LASF3:
 1065 0ad4 4D656D6F 		.ascii	"MemoryManagement_IRQn\000"
 1065      72794D61 
 1065      6E616765 
 1065      6D656E74 
 1065      5F495251 
 1066              	.LASF103:
 1067 0aea 74637077 		.ascii	"tcpwm_0_interrupts_3_IRQn\000"
 1067      6D5F305F 
 1067      696E7465 
 1067      72727570 
 1067      74735F33 
 1068              	.LASF128:
 1069 0b04 74637077 		.ascii	"tcpwm_1_interrupts_20_IRQn\000"
 1069      6D5F315F 
 1069      696E7465 
 1069      72727570 
 1069      74735F32 
 1070              	.LASF109:
 1071 0b1f 74637077 		.ascii	"tcpwm_1_interrupts_1_IRQn\000"
 1071      6D5F315F 
 1071      696E7465 
 1071      72727570 
 1071      74735F31 
 1072              	.LASF76:
 1073 0b39 63707573 		.ascii	"cpuss_interrupts_dw1_0_IRQn\000"
 1073      735F696E 
 1073      74657272 
 1073      75707473 
 1073      5F647731 
 1074              	.LASF143:
 1075 0b55 7564625F 		.ascii	"udb_interrupts_11_IRQn\000"
 1075      696E7465 
 1075      72727570 
 1075      74735F31 
 1075      315F4952 
 1076              	.LASF69:
 1077 0b6c 63707573 		.ascii	"cpuss_interrupts_dw0_9_IRQn\000"
 1077      735F696E 
 1077      74657272 
 1077      75707473 
 1077      5F647730 
 1078              	.LASF170:
 1079 0b88 696E7433 		.ascii	"int32_t\000"
 1079      325F7400 
 1080              	.LASF160:
 1081 0b90 756E7369 		.ascii	"unsigned char\000"
 1081      676E6564 
 1081      20636861 
 1081      7200
 1082              	.LASF71:
 1083 0b9e 63707573 		.ascii	"cpuss_interrupts_dw0_11_IRQn\000"
 1083      735F696E 
 1083      74657272 
ARM GAS  C:\Users\gjl\AppData\Local\Temp\ccFdSa65.s 			page 28


 1083      75707473 
 1083      5F647730 
 1084              	.LASF115:
 1085 0bbb 74637077 		.ascii	"tcpwm_1_interrupts_7_IRQn\000"
 1085      6D5F315F 
 1085      696E7465 
 1085      72727570 
 1085      74735F37 
 1086              	.LASF38:
 1087 0bd5 63707573 		.ascii	"cpuss_interrupts_ipc_3_IRQn\000"
 1087      735F696E 
 1087      74657272 
 1087      75707473 
 1087      5F697063 
 1088              	.LASF180:
 1089 0bf1 49544D5F 		.ascii	"ITM_RxBuffer\000"
 1089      52784275 
 1089      66666572 
 1089      00
 1090              	.LASF169:
 1091 0bfe 756E7369 		.ascii	"unsigned int\000"
 1091      676E6564 
 1091      20696E74 
 1091      00
 1092              	.LASF20:
 1093 0c0b 696F7373 		.ascii	"ioss_interrupts_gpio_10_IRQn\000"
 1093      5F696E74 
 1093      65727275 
 1093      7074735F 
 1093      6770696F 
 1094              	.LASF140:
 1095 0c28 7564625F 		.ascii	"udb_interrupts_8_IRQn\000"
 1095      696E7465 
 1095      72727570 
 1095      74735F38 
 1095      5F495251 
 1096              	.LASF157:
 1097 0c3e 756E636F 		.ascii	"unconnected_IRQn\000"
 1097      6E6E6563 
 1097      7465645F 
 1097      4952516E 
 1097      00
 1098              	.LASF158:
 1099 0c4f 73686F72 		.ascii	"short int\000"
 1099      7420696E 
 1099      7400
 1100              	.LASF98:
 1101 0c59 63707573 		.ascii	"cpuss_interrupts_cm4_cti_0_IRQn\000"
 1101      735F696E 
 1101      74657272 
 1101      75707473 
 1101      5F636D34 
 1102              	.LASF126:
 1103 0c79 74637077 		.ascii	"tcpwm_1_interrupts_18_IRQn\000"
 1103      6D5F315F 
 1103      696E7465 
 1103      72727570 
ARM GAS  C:\Users\gjl\AppData\Local\Temp\ccFdSa65.s 			page 29


 1103      74735F31 
 1104              	.LASF79:
 1105 0c94 63707573 		.ascii	"cpuss_interrupts_dw1_3_IRQn\000"
 1105      735F696E 
 1105      74657272 
 1105      75707473 
 1105      5F647731 
 1106              	.LASF107:
 1107 0cb0 74637077 		.ascii	"tcpwm_0_interrupts_7_IRQn\000"
 1107      6D5F305F 
 1107      696E7465 
 1107      72727570 
 1107      74735F37 
 1108              	.LASF87:
 1109 0cca 63707573 		.ascii	"cpuss_interrupts_dw1_11_IRQn\000"
 1109      735F696E 
 1109      74657272 
 1109      75707473 
 1109      5F647731 
 1110              	.LASF147:
 1111 0ce7 7564625F 		.ascii	"udb_interrupts_15_IRQn\000"
 1111      696E7465 
 1111      72727570 
 1111      74735F31 
 1111      355F4952 
 1112              	.LASF162:
 1113 0cfe 4952516E 		.ascii	"IRQn_Type\000"
 1113      5F547970 
 1113      6500
 1114              	.LASF129:
 1115 0d08 74637077 		.ascii	"tcpwm_1_interrupts_21_IRQn\000"
 1115      6D5F315F 
 1115      696E7465 
 1115      72727570 
 1115      74735F32 
 1116              	.LASF171:
 1117 0d23 75696E74 		.ascii	"uint32_t\000"
 1117      33325F74 
 1117      00
 1118              	.LASF110:
 1119 0d2c 74637077 		.ascii	"tcpwm_1_interrupts_2_IRQn\000"
 1119      6D5F315F 
 1119      696E7465 
 1119      72727570 
 1119      74735F32 
 1120              	.LASF5:
 1121 0d46 55736167 		.ascii	"UsageFault_IRQn\000"
 1121      65466175 
 1121      6C745F49 
 1121      52516E00 
 1122              	.LASF42:
 1123 0d56 63707573 		.ascii	"cpuss_interrupts_ipc_7_IRQn\000"
 1123      735F696E 
 1123      74657272 
 1123      75707473 
 1123      5F697063 
 1124              	.LASF77:
ARM GAS  C:\Users\gjl\AppData\Local\Temp\ccFdSa65.s 			page 30


 1125 0d72 63707573 		.ascii	"cpuss_interrupts_dw1_1_IRQn\000"
 1125      735F696E 
 1125      74657272 
 1125      75707473 
 1125      5F647731 
 1126              	.LASF49:
 1127 0d8e 63707573 		.ascii	"cpuss_interrupts_ipc_14_IRQn\000"
 1127      735F696E 
 1127      74657272 
 1127      75707473 
 1127      5F697063 
 1128              	.LASF150:
 1129 0dab 61756469 		.ascii	"audioss_interrupt_pdm_IRQn\000"
 1129      6F73735F 
 1129      696E7465 
 1129      72727570 
 1129      745F7064 
 1130              	.LASF173:
 1131 0dc6 6C6F6E67 		.ascii	"long double\000"
 1131      20646F75 
 1131      626C6500 
 1132              	.LASF174:
 1133 0dd2 63686172 		.ascii	"char\000"
 1133      00
 1134              	.LASF184:
 1135 0dd7 47656E65 		.ascii	"Generated_Source\\PSoC6\\cyfitter_sysint_cfg.c\000"
 1135      72617465 
 1135      645F536F 
 1135      75726365 
 1135      5C50536F 
 1136              	.LASF72:
 1137 0e04 63707573 		.ascii	"cpuss_interrupts_dw0_12_IRQn\000"
 1137      735F696E 
 1137      74657272 
 1137      75707473 
 1137      5F647730 
 1138              	.LASF13:
 1139 0e21 696F7373 		.ascii	"ioss_interrupts_gpio_3_IRQn\000"
 1139      5F696E74 
 1139      65727275 
 1139      7074735F 
 1139      6770696F 
 1140              	.LASF148:
 1141 0e3d 70617373 		.ascii	"pass_interrupt_sar_IRQn\000"
 1141      5F696E74 
 1141      65727275 
 1141      70745F73 
 1141      61725F49 
 1142              	.LASF8:
 1143 0e55 50656E64 		.ascii	"PendSV_IRQn\000"
 1143      53565F49 
 1143      52516E00 
 1144              	.LASF54:
 1145 0e61 7363625F 		.ascii	"scb_3_interrupt_IRQn\000"
 1145      335F696E 
 1145      74657272 
 1145      7570745F 
ARM GAS  C:\Users\gjl\AppData\Local\Temp\ccFdSa65.s 			page 31


 1145      4952516E 
 1146              	.LASF141:
 1147 0e76 7564625F 		.ascii	"udb_interrupts_9_IRQn\000"
 1147      696E7465 
 1147      72727570 
 1147      74735F39 
 1147      5F495251 
 1148              	.LASF1:
 1149 0e8c 4E6F6E4D 		.ascii	"NonMaskableInt_IRQn\000"
 1149      61736B61 
 1149      626C6549 
 1149      6E745F49 
 1149      52516E00 
 1150              	.LASF163:
 1151 0ea0 5F5F696E 		.ascii	"__int32_t\000"
 1151      7433325F 
 1151      7400
 1152              	.LASF127:
 1153 0eaa 74637077 		.ascii	"tcpwm_1_interrupts_19_IRQn\000"
 1153      6D5F315F 
 1153      696E7465 
 1153      72727570 
 1153      74735F31 
 1154              	.LASF57:
 1155 0ec5 7363625F 		.ascii	"scb_6_interrupt_IRQn\000"
 1155      365F696E 
 1155      74657272 
 1155      7570745F 
 1155      4952516E 
 1156              	.LASF11:
 1157 0eda 696F7373 		.ascii	"ioss_interrupts_gpio_1_IRQn\000"
 1157      5F696E74 
 1157      65727275 
 1157      7074735F 
 1157      6770696F 
 1158              	.LASF2:
 1159 0ef6 48617264 		.ascii	"HardFault_IRQn\000"
 1159      4661756C 
 1159      745F4952 
 1159      516E00
 1160              	.LASF65:
 1161 0f05 63707573 		.ascii	"cpuss_interrupts_dw0_5_IRQn\000"
 1161      735F696E 
 1161      74657272 
 1161      75707473 
 1161      5F647730 
 1162              	.LASF7:
 1163 0f21 44656275 		.ascii	"DebugMonitor_IRQn\000"
 1163      674D6F6E 
 1163      69746F72 
 1163      5F495251 
 1163      6E00
 1164              	.LASF59:
 1165 0f33 6373645F 		.ascii	"csd_interrupt_IRQn\000"
 1165      696E7465 
 1165      72727570 
 1165      745F4952 
ARM GAS  C:\Users\gjl\AppData\Local\Temp\ccFdSa65.s 			page 32


 1165      516E00
 1166              	.LASF35:
 1167 0f46 63707573 		.ascii	"cpuss_interrupts_ipc_0_IRQn\000"
 1167      735F696E 
 1167      74657272 
 1167      75707473 
 1167      5F697063 
 1168              	.LASF130:
 1169 0f62 74637077 		.ascii	"tcpwm_1_interrupts_22_IRQn\000"
 1169      6D5F315F 
 1169      696E7465 
 1169      72727570 
 1169      74735F32 
 1170              	.LASF111:
 1171 0f7d 74637077 		.ascii	"tcpwm_1_interrupts_3_IRQn\000"
 1171      6D5F315F 
 1171      696E7465 
 1171      72727570 
 1171      74735F33 
 1172              	.LASF43:
 1173 0f97 63707573 		.ascii	"cpuss_interrupts_ipc_8_IRQn\000"
 1173      735F696E 
 1173      74657272 
 1173      75707473 
 1173      5F697063 
 1174              	.LASF78:
 1175 0fb3 63707573 		.ascii	"cpuss_interrupts_dw1_2_IRQn\000"
 1175      735F696E 
 1175      74657272 
 1175      75707473 
 1175      5F647731 
 1176              	.LASF50:
 1177 0fcf 63707573 		.ascii	"cpuss_interrupts_ipc_15_IRQn\000"
 1177      735F696E 
 1177      74657272 
 1177      75707473 
 1177      5F697063 
 1178              	.LASF136:
 1179 0fec 7564625F 		.ascii	"udb_interrupts_4_IRQn\000"
 1179      696E7465 
 1179      72727570 
 1179      74735F34 
 1179      5F495251 
 1180              	.LASF122:
 1181 1002 74637077 		.ascii	"tcpwm_1_interrupts_14_IRQn\000"
 1181      6D5F315F 
 1181      696E7465 
 1181      72727570 
 1181      74735F31 
 1182              	.LASF14:
 1183 101d 696F7373 		.ascii	"ioss_interrupts_gpio_4_IRQn\000"
 1183      5F696E74 
 1183      65727275 
 1183      7074735F 
 1183      6770696F 
 1184              	.LASF152:
 1185 1039 736D6966 		.ascii	"smif_interrupt_IRQn\000"
ARM GAS  C:\Users\gjl\AppData\Local\Temp\ccFdSa65.s 			page 33


 1185      5F696E74 
 1185      65727275 
 1185      70745F49 
 1185      52516E00 
 1186              	.LASF22:
 1187 104d 696F7373 		.ascii	"ioss_interrupts_gpio_12_IRQn\000"
 1187      5F696E74 
 1187      65727275 
 1187      7074735F 
 1187      6770696F 
 1188              	.LASF151:
 1189 106a 70726F66 		.ascii	"profile_interrupt_IRQn\000"
 1189      696C655F 
 1189      696E7465 
 1189      72727570 
 1189      745F4952 
 1190              	.LASF88:
 1191 1081 63707573 		.ascii	"cpuss_interrupts_dw1_12_IRQn\000"
 1191      735F696E 
 1191      74657272 
 1191      75707473 
 1191      5F647731 
 1192              	.LASF60:
 1193 109e 63707573 		.ascii	"cpuss_interrupts_dw0_0_IRQn\000"
 1193      735F696E 
 1193      74657272 
 1193      75707473 
 1193      5F647730 
 1194              	.LASF26:
 1195 10ba 696F7373 		.ascii	"ioss_interrupt_vdd_IRQn\000"
 1195      5F696E74 
 1195      65727275 
 1195      70745F76 
 1195      64645F49 
 1196              	.LASF100:
 1197 10d2 74637077 		.ascii	"tcpwm_0_interrupts_0_IRQn\000"
 1197      6D5F305F 
 1197      696E7465 
 1197      72727570 
 1197      74735F30 
 1198              	.LASF86:
 1199 10ec 63707573 		.ascii	"cpuss_interrupts_dw1_10_IRQn\000"
 1199      735F696E 
 1199      74657272 
 1199      75707473 
 1199      5F647731 
 1200              	.LASF31:
 1201 1109 73727373 		.ascii	"srss_interrupt_backup_IRQn\000"
 1201      5F696E74 
 1201      65727275 
 1201      70745F62 
 1201      61636B75 
 1202              	.LASF45:
 1203 1124 63707573 		.ascii	"cpuss_interrupts_ipc_10_IRQn\000"
 1203      735F696E 
 1203      74657272 
 1203      75707473 
ARM GAS  C:\Users\gjl\AppData\Local\Temp\ccFdSa65.s 			page 34


 1203      5F697063 
 1204              	.LASF82:
 1205 1141 63707573 		.ascii	"cpuss_interrupts_dw1_6_IRQn\000"
 1205      735F696E 
 1205      74657272 
 1205      75707473 
 1205      5F647731 
 1206              	.LASF67:
 1207 115d 63707573 		.ascii	"cpuss_interrupts_dw0_7_IRQn\000"
 1207      735F696E 
 1207      74657272 
 1207      75707473 
 1207      5F647730 
 1208              	.LASF178:
 1209 1179 696E7472 		.ascii	"intrPriority\000"
 1209      5072696F 
 1209      72697479 
 1209      00
 1210              	.LASF112:
 1211 1186 74637077 		.ascii	"tcpwm_1_interrupts_4_IRQn\000"
 1211      6D5F315F 
 1211      696E7465 
 1211      72727570 
 1211      74735F34 
 1212              	.LASF96:
 1213 11a0 63707573 		.ascii	"cpuss_interrupts_cm0_cti_0_IRQn\000"
 1213      735F696E 
 1213      74657272 
 1213      75707473 
 1213      5F636D30 
 1214              	.LASF18:
 1215 11c0 696F7373 		.ascii	"ioss_interrupts_gpio_8_IRQn\000"
 1215      5F696E74 
 1215      65727275 
 1215      7074735F 
 1215      6770696F 
 1216              	.LASF44:
 1217 11dc 63707573 		.ascii	"cpuss_interrupts_ipc_9_IRQn\000"
 1217      735F696E 
 1217      74657272 
 1217      75707473 
 1217      5F697063 
 1218              	.LASF137:
 1219 11f8 7564625F 		.ascii	"udb_interrupts_5_IRQn\000"
 1219      696E7465 
 1219      72727570 
 1219      74735F35 
 1219      5F495251 
 1220              	.LASF48:
 1221 120e 63707573 		.ascii	"cpuss_interrupts_ipc_13_IRQn\000"
 1221      735F696E 
 1221      74657272 
 1221      75707473 
 1221      5F697063 
 1222              		.ident	"GCC: (GNU Tools for ARM Embedded Processors) 5.4.1 20160609 (release) [ARM/embedded-5-bran
