ARM GAS  C:\Users\gjl\AppData\Local\Temp\ccKAceP7.s 			page 1


   1              		.syntax unified
   2              		.cpu cortex-m0plus
   3              		.fpu softvfp
   4              		.eabi_attribute 20, 1
   5              		.eabi_attribute 21, 1
   6              		.eabi_attribute 23, 3
   7              		.eabi_attribute 24, 1
   8              		.eabi_attribute 25, 1
   9              		.eabi_attribute 26, 1
  10              		.eabi_attribute 30, 1
  11              		.eabi_attribute 34, 0
  12              		.eabi_attribute 18, 4
  13              		.thumb
  14              		.syntax unified
  15              		.file	"main_cm0p.c"
  16              		.text
  17              	.Ltext0:
  18              		.cfi_sections	.debug_frame
  19              		.section	.text.main,"ax",%progbits
  20              		.align	2
  21              		.global	main
  22              		.code	16
  23              		.thumb_func
  24              		.type	main, %function
  25              	main:
  26              	.LFB225:
  27              		.file 1 "main_cm0p.c"
   1:main_cm0p.c   **** /* ========================================
   2:main_cm0p.c   ****  *
   3:main_cm0p.c   ****  * Copyright YOUR COMPANY, THE YEAR
   4:main_cm0p.c   ****  * All Rights Reserved
   5:main_cm0p.c   ****  * UNPUBLISHED, LICENSED SOFTWARE.
   6:main_cm0p.c   ****  *
   7:main_cm0p.c   ****  * CONFIDENTIAL AND PROPRIETARY INFORMATION
   8:main_cm0p.c   ****  * WHICH IS THE PROPERTY OF your company.
   9:main_cm0p.c   ****  *
  10:main_cm0p.c   ****  * ========================================
  11:main_cm0p.c   **** */
  12:main_cm0p.c   **** #include "project.h"
  13:main_cm0p.c   **** 
  14:main_cm0p.c   **** int main(void)
  15:main_cm0p.c   **** {
  28              		.loc 1 15 0
  29              		.cfi_startproc
  30              		@ Volatile: function does not return.
  31              		@ args = 0, pretend = 0, frame = 0
  32              		@ frame_needed = 0, uses_anonymous_args = 0
  33 0000 10B5     		push	{r4, lr}
  34              		.cfi_def_cfa_offset 8
  35              		.cfi_offset 4, -8
  36              		.cfi_offset 14, -4
  37              	.LBB4:
  38              	.LBB5:
  39              		.file 2 "Generated_Source\\PSoC6\\pdl\\cmsis/include/cmsis_gcc.h"
   1:Generated_Source\PSoC6\pdl\cmsis/include/cmsis_gcc.h **** /**************************************************************************//**
   2:Generated_Source\PSoC6\pdl\cmsis/include/cmsis_gcc.h ****  * @file     cmsis_gcc.h
   3:Generated_Source\PSoC6\pdl\cmsis/include/cmsis_gcc.h ****  * @brief    CMSIS compiler GCC header file
ARM GAS  C:\Users\gjl\AppData\Local\Temp\ccKAceP7.s 			page 2


   4:Generated_Source\PSoC6\pdl\cmsis/include/cmsis_gcc.h ****  * @version  V5.0.1
   5:Generated_Source\PSoC6\pdl\cmsis/include/cmsis_gcc.h ****  * @date     02. February 2017
   6:Generated_Source\PSoC6\pdl\cmsis/include/cmsis_gcc.h ****  ******************************************************************************/
   7:Generated_Source\PSoC6\pdl\cmsis/include/cmsis_gcc.h **** /*
   8:Generated_Source\PSoC6\pdl\cmsis/include/cmsis_gcc.h ****  * Copyright (c) 2009-2017 ARM Limited. All rights reserved.
   9:Generated_Source\PSoC6\pdl\cmsis/include/cmsis_gcc.h ****  *
  10:Generated_Source\PSoC6\pdl\cmsis/include/cmsis_gcc.h ****  * SPDX-License-Identifier: Apache-2.0
  11:Generated_Source\PSoC6\pdl\cmsis/include/cmsis_gcc.h ****  *
  12:Generated_Source\PSoC6\pdl\cmsis/include/cmsis_gcc.h ****  * Licensed under the Apache License, Version 2.0 (the License); you may
  13:Generated_Source\PSoC6\pdl\cmsis/include/cmsis_gcc.h ****  * not use this file except in compliance with the License.
  14:Generated_Source\PSoC6\pdl\cmsis/include/cmsis_gcc.h ****  * You may obtain a copy of the License at
  15:Generated_Source\PSoC6\pdl\cmsis/include/cmsis_gcc.h ****  *
  16:Generated_Source\PSoC6\pdl\cmsis/include/cmsis_gcc.h ****  * www.apache.org/licenses/LICENSE-2.0
  17:Generated_Source\PSoC6\pdl\cmsis/include/cmsis_gcc.h ****  *
  18:Generated_Source\PSoC6\pdl\cmsis/include/cmsis_gcc.h ****  * Unless required by applicable law or agreed to in writing, software
  19:Generated_Source\PSoC6\pdl\cmsis/include/cmsis_gcc.h ****  * distributed under the License is distributed on an AS IS BASIS, WITHOUT
  20:Generated_Source\PSoC6\pdl\cmsis/include/cmsis_gcc.h ****  * WARRANTIES OR CONDITIONS OF ANY KIND, either express or implied.
  21:Generated_Source\PSoC6\pdl\cmsis/include/cmsis_gcc.h ****  * See the License for the specific language governing permissions and
  22:Generated_Source\PSoC6\pdl\cmsis/include/cmsis_gcc.h ****  * limitations under the License.
  23:Generated_Source\PSoC6\pdl\cmsis/include/cmsis_gcc.h ****  */
  24:Generated_Source\PSoC6\pdl\cmsis/include/cmsis_gcc.h **** 
  25:Generated_Source\PSoC6\pdl\cmsis/include/cmsis_gcc.h **** #ifndef __CMSIS_GCC_H
  26:Generated_Source\PSoC6\pdl\cmsis/include/cmsis_gcc.h **** #define __CMSIS_GCC_H
  27:Generated_Source\PSoC6\pdl\cmsis/include/cmsis_gcc.h **** 
  28:Generated_Source\PSoC6\pdl\cmsis/include/cmsis_gcc.h **** /* ignore some GCC warnings */
  29:Generated_Source\PSoC6\pdl\cmsis/include/cmsis_gcc.h **** #pragma GCC diagnostic push
  30:Generated_Source\PSoC6\pdl\cmsis/include/cmsis_gcc.h **** #pragma GCC diagnostic ignored "-Wsign-conversion"
  31:Generated_Source\PSoC6\pdl\cmsis/include/cmsis_gcc.h **** #pragma GCC diagnostic ignored "-Wconversion"
  32:Generated_Source\PSoC6\pdl\cmsis/include/cmsis_gcc.h **** #pragma GCC diagnostic ignored "-Wunused-parameter"
  33:Generated_Source\PSoC6\pdl\cmsis/include/cmsis_gcc.h **** 
  34:Generated_Source\PSoC6\pdl\cmsis/include/cmsis_gcc.h **** /* CMSIS compiler specific defines */
  35:Generated_Source\PSoC6\pdl\cmsis/include/cmsis_gcc.h **** #ifndef   __ASM
  36:Generated_Source\PSoC6\pdl\cmsis/include/cmsis_gcc.h ****   #define __ASM                     __asm
  37:Generated_Source\PSoC6\pdl\cmsis/include/cmsis_gcc.h **** #endif
  38:Generated_Source\PSoC6\pdl\cmsis/include/cmsis_gcc.h **** #ifndef   __INLINE
  39:Generated_Source\PSoC6\pdl\cmsis/include/cmsis_gcc.h ****   #define __INLINE                  inline
  40:Generated_Source\PSoC6\pdl\cmsis/include/cmsis_gcc.h **** #endif
  41:Generated_Source\PSoC6\pdl\cmsis/include/cmsis_gcc.h **** #ifndef   __STATIC_INLINE
  42:Generated_Source\PSoC6\pdl\cmsis/include/cmsis_gcc.h ****   #define __STATIC_INLINE           static inline
  43:Generated_Source\PSoC6\pdl\cmsis/include/cmsis_gcc.h **** #endif
  44:Generated_Source\PSoC6\pdl\cmsis/include/cmsis_gcc.h **** #ifndef   __NO_RETURN
  45:Generated_Source\PSoC6\pdl\cmsis/include/cmsis_gcc.h ****   #define __NO_RETURN               __attribute__((noreturn))
  46:Generated_Source\PSoC6\pdl\cmsis/include/cmsis_gcc.h **** #endif
  47:Generated_Source\PSoC6\pdl\cmsis/include/cmsis_gcc.h **** #ifndef   __USED
  48:Generated_Source\PSoC6\pdl\cmsis/include/cmsis_gcc.h ****   #define __USED                    __attribute__((used))
  49:Generated_Source\PSoC6\pdl\cmsis/include/cmsis_gcc.h **** #endif
  50:Generated_Source\PSoC6\pdl\cmsis/include/cmsis_gcc.h **** #ifndef   __WEAK
  51:Generated_Source\PSoC6\pdl\cmsis/include/cmsis_gcc.h ****   #define __WEAK                    __attribute__((weak))
  52:Generated_Source\PSoC6\pdl\cmsis/include/cmsis_gcc.h **** #endif
  53:Generated_Source\PSoC6\pdl\cmsis/include/cmsis_gcc.h **** #ifndef   __UNALIGNED_UINT32
  54:Generated_Source\PSoC6\pdl\cmsis/include/cmsis_gcc.h **** #pragma GCC diagnostic push
  55:Generated_Source\PSoC6\pdl\cmsis/include/cmsis_gcc.h **** #pragma GCC diagnostic ignored "-Wpacked"
  56:Generated_Source\PSoC6\pdl\cmsis/include/cmsis_gcc.h **** #pragma GCC diagnostic ignored "-Wattributes"
  57:Generated_Source\PSoC6\pdl\cmsis/include/cmsis_gcc.h ****   struct __attribute__((packed)) T_UINT32 { uint32_t v; };
  58:Generated_Source\PSoC6\pdl\cmsis/include/cmsis_gcc.h **** #pragma GCC diagnostic pop
  59:Generated_Source\PSoC6\pdl\cmsis/include/cmsis_gcc.h ****   #define __UNALIGNED_UINT32(x)     (((struct T_UINT32 *)(x))->v)
  60:Generated_Source\PSoC6\pdl\cmsis/include/cmsis_gcc.h **** #endif
ARM GAS  C:\Users\gjl\AppData\Local\Temp\ccKAceP7.s 			page 3


  61:Generated_Source\PSoC6\pdl\cmsis/include/cmsis_gcc.h **** #ifndef   __ALIGNED
  62:Generated_Source\PSoC6\pdl\cmsis/include/cmsis_gcc.h ****   #define __ALIGNED(x)              __attribute__((aligned(x)))
  63:Generated_Source\PSoC6\pdl\cmsis/include/cmsis_gcc.h **** #endif
  64:Generated_Source\PSoC6\pdl\cmsis/include/cmsis_gcc.h **** #ifndef   __PACKED
  65:Generated_Source\PSoC6\pdl\cmsis/include/cmsis_gcc.h ****   #define __PACKED                  __attribute__((packed, aligned(1)))
  66:Generated_Source\PSoC6\pdl\cmsis/include/cmsis_gcc.h **** #endif
  67:Generated_Source\PSoC6\pdl\cmsis/include/cmsis_gcc.h **** #ifndef   __PACKED_STRUCT
  68:Generated_Source\PSoC6\pdl\cmsis/include/cmsis_gcc.h ****   #define __PACKED_STRUCT           struct __attribute__((packed, aligned(1)))
  69:Generated_Source\PSoC6\pdl\cmsis/include/cmsis_gcc.h **** #endif
  70:Generated_Source\PSoC6\pdl\cmsis/include/cmsis_gcc.h **** 
  71:Generated_Source\PSoC6\pdl\cmsis/include/cmsis_gcc.h **** 
  72:Generated_Source\PSoC6\pdl\cmsis/include/cmsis_gcc.h **** /* ###########################  Core Function Access  ########################### */
  73:Generated_Source\PSoC6\pdl\cmsis/include/cmsis_gcc.h **** /** \ingroup  CMSIS_Core_FunctionInterface
  74:Generated_Source\PSoC6\pdl\cmsis/include/cmsis_gcc.h ****     \defgroup CMSIS_Core_RegAccFunctions CMSIS Core Register Access Functions
  75:Generated_Source\PSoC6\pdl\cmsis/include/cmsis_gcc.h ****   @{
  76:Generated_Source\PSoC6\pdl\cmsis/include/cmsis_gcc.h ****  */
  77:Generated_Source\PSoC6\pdl\cmsis/include/cmsis_gcc.h **** 
  78:Generated_Source\PSoC6\pdl\cmsis/include/cmsis_gcc.h **** /**
  79:Generated_Source\PSoC6\pdl\cmsis/include/cmsis_gcc.h ****   \brief   Enable IRQ Interrupts
  80:Generated_Source\PSoC6\pdl\cmsis/include/cmsis_gcc.h ****   \details Enables IRQ interrupts by clearing the I-bit in the CPSR.
  81:Generated_Source\PSoC6\pdl\cmsis/include/cmsis_gcc.h ****            Can only be executed in Privileged modes.
  82:Generated_Source\PSoC6\pdl\cmsis/include/cmsis_gcc.h ****  */
  83:Generated_Source\PSoC6\pdl\cmsis/include/cmsis_gcc.h **** __attribute__((always_inline)) __STATIC_INLINE void __enable_irq(void)
  84:Generated_Source\PSoC6\pdl\cmsis/include/cmsis_gcc.h **** {
  85:Generated_Source\PSoC6\pdl\cmsis/include/cmsis_gcc.h ****   __ASM volatile ("cpsie i" : : : "memory");
  40              		.loc 2 85 0
  41              		.syntax divided
  42              	@ 85 "Generated_Source\PSoC6\pdl\cmsis/include/cmsis_gcc.h" 1
  43 0002 62B6     		cpsie i
  44              	@ 0 "" 2
  45              		.thumb
  46              		.syntax unified
  47              	.LBE5:
  48              	.LBE4:
  16:main_cm0p.c   ****    __enable_irq(); /* Enable global interrupts. */
  17:main_cm0p.c   ****     /* Enable CM4.  CY_CORTEX_M4_APPL_ADDR must be updated if CM4 memory layout is changed. */
  18:main_cm0p.c   ****     Cy_SysEnableCM4(CY_CORTEX_M4_APPL_ADDR); 
  49              		.loc 1 18 0
  50 0004 0148     		ldr	r0, .L3
  51 0006 FFF7FEFF 		bl	Cy_SysEnableCM4
  52              	.LVL0:
  53              	.L2:
  54 000a FEE7     		b	.L2
  55              	.L4:
  56              		.align	2
  57              	.L3:
  58 000c 00000810 		.word	268959744
  59              		.cfi_endproc
  60              	.LFE225:
  61              		.size	main, .-main
  62              		.text
  63              	.Letext0:
  64              		.file 3 "./system_psoc63.h"
  65              		.section	.debug_info,"",%progbits
  66              	.Ldebug_info0:
  67 0000 E2000000 		.4byte	0xe2
  68 0004 0400     		.2byte	0x4
ARM GAS  C:\Users\gjl\AppData\Local\Temp\ccKAceP7.s 			page 4


  69 0006 00000000 		.4byte	.Ldebug_abbrev0
  70 000a 04       		.byte	0x4
  71 000b 01       		.uleb128 0x1
  72 000c 0C010000 		.4byte	.LASF15
  73 0010 0C       		.byte	0xc
  74 0011 B2000000 		.4byte	.LASF16
  75 0015 29000000 		.4byte	.LASF17
  76 0019 00000000 		.4byte	.Ldebug_ranges0+0
  77 001d 00000000 		.4byte	0
  78 0021 00000000 		.4byte	.Ldebug_line0
  79 0025 02       		.uleb128 0x2
  80 0026 02       		.byte	0x2
  81 0027 05       		.byte	0x5
  82 0028 02010000 		.4byte	.LASF0
  83 002c 02       		.uleb128 0x2
  84 002d 01       		.byte	0x1
  85 002e 08       		.byte	0x8
  86 002f 1B000000 		.4byte	.LASF1
  87 0033 02       		.uleb128 0x2
  88 0034 01       		.byte	0x1
  89 0035 06       		.byte	0x6
  90 0036 6C000000 		.4byte	.LASF2
  91 003a 02       		.uleb128 0x2
  92 003b 02       		.byte	0x2
  93 003c 07       		.byte	0x7
  94 003d D3000000 		.4byte	.LASF3
  95 0041 02       		.uleb128 0x2
  96 0042 04       		.byte	0x4
  97 0043 05       		.byte	0x5
  98 0044 C3000000 		.4byte	.LASF4
  99 0048 02       		.uleb128 0x2
 100 0049 04       		.byte	0x4
 101 004a 07       		.byte	0x7
 102 004b 78000000 		.4byte	.LASF5
 103 004f 02       		.uleb128 0x2
 104 0050 08       		.byte	0x8
 105 0051 05       		.byte	0x5
 106 0052 00000000 		.4byte	.LASF6
 107 0056 02       		.uleb128 0x2
 108 0057 08       		.byte	0x8
 109 0058 07       		.byte	0x7
 110 0059 8A000000 		.4byte	.LASF7
 111 005d 03       		.uleb128 0x3
 112 005e 04       		.byte	0x4
 113 005f 05       		.byte	0x5
 114 0060 696E7400 		.ascii	"int\000"
 115 0064 02       		.uleb128 0x2
 116 0065 04       		.byte	0x4
 117 0066 07       		.byte	0x7
 118 0067 9E010000 		.4byte	.LASF8
 119 006b 02       		.uleb128 0x2
 120 006c 04       		.byte	0x4
 121 006d 07       		.byte	0x7
 122 006e AB010000 		.4byte	.LASF9
 123 0072 02       		.uleb128 0x2
 124 0073 08       		.byte	0x8
 125 0074 04       		.byte	0x4
ARM GAS  C:\Users\gjl\AppData\Local\Temp\ccKAceP7.s 			page 5


 126 0075 F6000000 		.4byte	.LASF10
 127 0079 02       		.uleb128 0x2
 128 007a 01       		.byte	0x1
 129 007b 08       		.byte	0x8
 130 007c A7000000 		.4byte	.LASF11
 131 0080 02       		.uleb128 0x2
 132 0081 04       		.byte	0x4
 133 0082 04       		.byte	0x4
 134 0083 A1000000 		.4byte	.LASF12
 135 0087 02       		.uleb128 0x2
 136 0088 08       		.byte	0x8
 137 0089 04       		.byte	0x4
 138 008a CC000000 		.4byte	.LASF13
 139 008e 02       		.uleb128 0x2
 140 008f 01       		.byte	0x1
 141 0090 02       		.byte	0x2
 142 0091 AC000000 		.4byte	.LASF14
 143 0095 04       		.uleb128 0x4
 144 0096 0E000000 		.4byte	.LASF18
 145 009a 02       		.byte	0x2
 146 009b 53       		.byte	0x53
 147 009c 03       		.byte	0x3
 148 009d 05       		.uleb128 0x5
 149 009e BE000000 		.4byte	.LASF19
 150 00a2 01       		.byte	0x1
 151 00a3 0E       		.byte	0xe
 152 00a4 5D000000 		.4byte	0x5d
 153 00a8 00000000 		.4byte	.LFB225
 154 00ac 10000000 		.4byte	.LFE225-.LFB225
 155 00b0 01       		.uleb128 0x1
 156 00b1 9C       		.byte	0x9c
 157 00b2 D9000000 		.4byte	0xd9
 158 00b6 06       		.uleb128 0x6
 159 00b7 95000000 		.4byte	0x95
 160 00bb 02000000 		.4byte	.LBB4
 161 00bf 02000000 		.4byte	.LBE4-.LBB4
 162 00c3 01       		.byte	0x1
 163 00c4 10       		.byte	0x10
 164 00c5 07       		.uleb128 0x7
 165 00c6 0A000000 		.4byte	.LVL0
 166 00ca D9000000 		.4byte	0xd9
 167 00ce 08       		.uleb128 0x8
 168 00cf 01       		.uleb128 0x1
 169 00d0 50       		.byte	0x50
 170 00d1 05       		.uleb128 0x5
 171 00d2 0C       		.byte	0xc
 172 00d3 00000810 		.4byte	0x10080000
 173 00d7 00       		.byte	0
 174 00d8 00       		.byte	0
 175 00d9 09       		.uleb128 0x9
 176 00da E6000000 		.4byte	.LASF20
 177 00de E6000000 		.4byte	.LASF20
 178 00e2 03       		.byte	0x3
 179 00e3 FE01     		.2byte	0x1fe
 180 00e5 00       		.byte	0
 181              		.section	.debug_abbrev,"",%progbits
 182              	.Ldebug_abbrev0:
ARM GAS  C:\Users\gjl\AppData\Local\Temp\ccKAceP7.s 			page 6


 183 0000 01       		.uleb128 0x1
 184 0001 11       		.uleb128 0x11
 185 0002 01       		.byte	0x1
 186 0003 25       		.uleb128 0x25
 187 0004 0E       		.uleb128 0xe
 188 0005 13       		.uleb128 0x13
 189 0006 0B       		.uleb128 0xb
 190 0007 03       		.uleb128 0x3
 191 0008 0E       		.uleb128 0xe
 192 0009 1B       		.uleb128 0x1b
 193 000a 0E       		.uleb128 0xe
 194 000b 55       		.uleb128 0x55
 195 000c 17       		.uleb128 0x17
 196 000d 11       		.uleb128 0x11
 197 000e 01       		.uleb128 0x1
 198 000f 10       		.uleb128 0x10
 199 0010 17       		.uleb128 0x17
 200 0011 00       		.byte	0
 201 0012 00       		.byte	0
 202 0013 02       		.uleb128 0x2
 203 0014 24       		.uleb128 0x24
 204 0015 00       		.byte	0
 205 0016 0B       		.uleb128 0xb
 206 0017 0B       		.uleb128 0xb
 207 0018 3E       		.uleb128 0x3e
 208 0019 0B       		.uleb128 0xb
 209 001a 03       		.uleb128 0x3
 210 001b 0E       		.uleb128 0xe
 211 001c 00       		.byte	0
 212 001d 00       		.byte	0
 213 001e 03       		.uleb128 0x3
 214 001f 24       		.uleb128 0x24
 215 0020 00       		.byte	0
 216 0021 0B       		.uleb128 0xb
 217 0022 0B       		.uleb128 0xb
 218 0023 3E       		.uleb128 0x3e
 219 0024 0B       		.uleb128 0xb
 220 0025 03       		.uleb128 0x3
 221 0026 08       		.uleb128 0x8
 222 0027 00       		.byte	0
 223 0028 00       		.byte	0
 224 0029 04       		.uleb128 0x4
 225 002a 2E       		.uleb128 0x2e
 226 002b 00       		.byte	0
 227 002c 03       		.uleb128 0x3
 228 002d 0E       		.uleb128 0xe
 229 002e 3A       		.uleb128 0x3a
 230 002f 0B       		.uleb128 0xb
 231 0030 3B       		.uleb128 0x3b
 232 0031 0B       		.uleb128 0xb
 233 0032 27       		.uleb128 0x27
 234 0033 19       		.uleb128 0x19
 235 0034 20       		.uleb128 0x20
 236 0035 0B       		.uleb128 0xb
 237 0036 00       		.byte	0
 238 0037 00       		.byte	0
 239 0038 05       		.uleb128 0x5
ARM GAS  C:\Users\gjl\AppData\Local\Temp\ccKAceP7.s 			page 7


 240 0039 2E       		.uleb128 0x2e
 241 003a 01       		.byte	0x1
 242 003b 3F       		.uleb128 0x3f
 243 003c 19       		.uleb128 0x19
 244 003d 03       		.uleb128 0x3
 245 003e 0E       		.uleb128 0xe
 246 003f 3A       		.uleb128 0x3a
 247 0040 0B       		.uleb128 0xb
 248 0041 3B       		.uleb128 0x3b
 249 0042 0B       		.uleb128 0xb
 250 0043 27       		.uleb128 0x27
 251 0044 19       		.uleb128 0x19
 252 0045 49       		.uleb128 0x49
 253 0046 13       		.uleb128 0x13
 254 0047 8701     		.uleb128 0x87
 255 0049 19       		.uleb128 0x19
 256 004a 11       		.uleb128 0x11
 257 004b 01       		.uleb128 0x1
 258 004c 12       		.uleb128 0x12
 259 004d 06       		.uleb128 0x6
 260 004e 40       		.uleb128 0x40
 261 004f 18       		.uleb128 0x18
 262 0050 9742     		.uleb128 0x2117
 263 0052 19       		.uleb128 0x19
 264 0053 01       		.uleb128 0x1
 265 0054 13       		.uleb128 0x13
 266 0055 00       		.byte	0
 267 0056 00       		.byte	0
 268 0057 06       		.uleb128 0x6
 269 0058 1D       		.uleb128 0x1d
 270 0059 00       		.byte	0
 271 005a 31       		.uleb128 0x31
 272 005b 13       		.uleb128 0x13
 273 005c 11       		.uleb128 0x11
 274 005d 01       		.uleb128 0x1
 275 005e 12       		.uleb128 0x12
 276 005f 06       		.uleb128 0x6
 277 0060 58       		.uleb128 0x58
 278 0061 0B       		.uleb128 0xb
 279 0062 59       		.uleb128 0x59
 280 0063 0B       		.uleb128 0xb
 281 0064 00       		.byte	0
 282 0065 00       		.byte	0
 283 0066 07       		.uleb128 0x7
 284 0067 898201   		.uleb128 0x4109
 285 006a 01       		.byte	0x1
 286 006b 11       		.uleb128 0x11
 287 006c 01       		.uleb128 0x1
 288 006d 31       		.uleb128 0x31
 289 006e 13       		.uleb128 0x13
 290 006f 00       		.byte	0
 291 0070 00       		.byte	0
 292 0071 08       		.uleb128 0x8
 293 0072 8A8201   		.uleb128 0x410a
 294 0075 00       		.byte	0
 295 0076 02       		.uleb128 0x2
 296 0077 18       		.uleb128 0x18
ARM GAS  C:\Users\gjl\AppData\Local\Temp\ccKAceP7.s 			page 8


 297 0078 9142     		.uleb128 0x2111
 298 007a 18       		.uleb128 0x18
 299 007b 00       		.byte	0
 300 007c 00       		.byte	0
 301 007d 09       		.uleb128 0x9
 302 007e 2E       		.uleb128 0x2e
 303 007f 00       		.byte	0
 304 0080 3F       		.uleb128 0x3f
 305 0081 19       		.uleb128 0x19
 306 0082 3C       		.uleb128 0x3c
 307 0083 19       		.uleb128 0x19
 308 0084 6E       		.uleb128 0x6e
 309 0085 0E       		.uleb128 0xe
 310 0086 03       		.uleb128 0x3
 311 0087 0E       		.uleb128 0xe
 312 0088 3A       		.uleb128 0x3a
 313 0089 0B       		.uleb128 0xb
 314 008a 3B       		.uleb128 0x3b
 315 008b 05       		.uleb128 0x5
 316 008c 00       		.byte	0
 317 008d 00       		.byte	0
 318 008e 00       		.byte	0
 319              		.section	.debug_aranges,"",%progbits
 320 0000 1C000000 		.4byte	0x1c
 321 0004 0200     		.2byte	0x2
 322 0006 00000000 		.4byte	.Ldebug_info0
 323 000a 04       		.byte	0x4
 324 000b 00       		.byte	0
 325 000c 0000     		.2byte	0
 326 000e 0000     		.2byte	0
 327 0010 00000000 		.4byte	.LFB225
 328 0014 10000000 		.4byte	.LFE225-.LFB225
 329 0018 00000000 		.4byte	0
 330 001c 00000000 		.4byte	0
 331              		.section	.debug_ranges,"",%progbits
 332              	.Ldebug_ranges0:
 333 0000 00000000 		.4byte	.LFB225
 334 0004 10000000 		.4byte	.LFE225
 335 0008 00000000 		.4byte	0
 336 000c 00000000 		.4byte	0
 337              		.section	.debug_line,"",%progbits
 338              	.Ldebug_line0:
 339 0000 90000000 		.section	.debug_str,"MS",%progbits,1
 339      02006F00 
 339      00000201 
 339      FB0E0D00 
 339      01010101 
 340              	.LASF6:
 341 0000 6C6F6E67 		.ascii	"long long int\000"
 341      206C6F6E 
 341      6720696E 
 341      7400
 342              	.LASF18:
 343 000e 5F5F656E 		.ascii	"__enable_irq\000"
 343      61626C65 
 343      5F697271 
 343      00
ARM GAS  C:\Users\gjl\AppData\Local\Temp\ccKAceP7.s 			page 9


 344              	.LASF1:
 345 001b 756E7369 		.ascii	"unsigned char\000"
 345      676E6564 
 345      20636861 
 345      7200
 346              	.LASF17:
 347 0029 433A5C55 		.ascii	"C:\\Users\\gjl\\Documents\\PSoC Creator\\PSoC 6_101"
 347      73657273 
 347      5C676A6C 
 347      5C446F63 
 347      756D656E 
 348 0057 5C48656C 		.ascii	"\\HelloWorldCM4.cydsn\000"
 348      6C6F576F 
 348      726C6443 
 348      4D342E63 
 348      7964736E 
 349              	.LASF2:
 350 006c 7369676E 		.ascii	"signed char\000"
 350      65642063 
 350      68617200 
 351              	.LASF5:
 352 0078 6C6F6E67 		.ascii	"long unsigned int\000"
 352      20756E73 
 352      69676E65 
 352      6420696E 
 352      7400
 353              	.LASF7:
 354 008a 6C6F6E67 		.ascii	"long long unsigned int\000"
 354      206C6F6E 
 354      6720756E 
 354      7369676E 
 354      65642069 
 355              	.LASF12:
 356 00a1 666C6F61 		.ascii	"float\000"
 356      7400
 357              	.LASF11:
 358 00a7 63686172 		.ascii	"char\000"
 358      00
 359              	.LASF14:
 360 00ac 5F426F6F 		.ascii	"_Bool\000"
 360      6C00
 361              	.LASF16:
 362 00b2 6D61696E 		.ascii	"main_cm0p.c\000"
 362      5F636D30 
 362      702E6300 
 363              	.LASF19:
 364 00be 6D61696E 		.ascii	"main\000"
 364      00
 365              	.LASF4:
 366 00c3 6C6F6E67 		.ascii	"long int\000"
 366      20696E74 
 366      00
 367              	.LASF13:
 368 00cc 646F7562 		.ascii	"double\000"
 368      6C6500
 369              	.LASF3:
 370 00d3 73686F72 		.ascii	"short unsigned int\000"
ARM GAS  C:\Users\gjl\AppData\Local\Temp\ccKAceP7.s 			page 10


 370      7420756E 
 370      7369676E 
 370      65642069 
 370      6E7400
 371              	.LASF20:
 372 00e6 43795F53 		.ascii	"Cy_SysEnableCM4\000"
 372      7973456E 
 372      61626C65 
 372      434D3400 
 373              	.LASF10:
 374 00f6 6C6F6E67 		.ascii	"long double\000"
 374      20646F75 
 374      626C6500 
 375              	.LASF0:
 376 0102 73686F72 		.ascii	"short int\000"
 376      7420696E 
 376      7400
 377              	.LASF15:
 378 010c 474E5520 		.ascii	"GNU C11 5.4.1 20160609 (release) [ARM/embedded-5-br"
 378      43313120 
 378      352E342E 
 378      31203230 
 378      31363036 
 379 013f 616E6368 		.ascii	"anch revision 237715] -mcpu=cortex-m0plus -mthumb -"
 379      20726576 
 379      6973696F 
 379      6E203233 
 379      37373135 
 380 0172 67202D4F 		.ascii	"g -Og -ffunction-sections -ffat-lto-objects\000"
 380      67202D66 
 380      66756E63 
 380      74696F6E 
 380      2D736563 
 381              	.LASF8:
 382 019e 756E7369 		.ascii	"unsigned int\000"
 382      676E6564 
 382      20696E74 
 382      00
 383              	.LASF9:
 384 01ab 73697A65 		.ascii	"sizetype\000"
 384      74797065 
 384      00
 385              		.ident	"GCC: (GNU Tools for ARM Embedded Processors) 5.4.1 20160609 (release) [ARM/embedded-5-bran
