ARM GAS  C:\Users\gjl\AppData\Local\Temp\ccfCyZEu.s 			page 1


   1              		.syntax unified
   2              		.cpu cortex-m4
   3              		.eabi_attribute 27, 1
   4              		.fpu fpv4-sp-d16
   5              		.eabi_attribute 20, 1
   6              		.eabi_attribute 21, 1
   7              		.eabi_attribute 23, 3
   8              		.eabi_attribute 24, 1
   9              		.eabi_attribute 25, 1
  10              		.eabi_attribute 26, 1
  11              		.eabi_attribute 30, 1
  12              		.eabi_attribute 34, 1
  13              		.eabi_attribute 18, 4
  14              		.thumb
  15              		.syntax unified
  16              		.file	"BLE_custom_config.c"
  17              		.text
  18              	.Ltext0:
  19              		.cfi_sections	.debug_frame
  20              		.global	cy_ble_customConfig
  21              		.global	cy_ble_customCServ
  22              		.section	.rodata
  23              		.align	2
  24              		.type	cy_ble_customUuid16, %object
  25              		.size	cy_ble_customUuid16, 12
  26              	cy_ble_customUuid16:
  27 0000 0129     		.short	10497
  28 0002 0229     		.short	10498
  29 0004 0129     		.short	10497
  30 0006 0229     		.short	10498
  31 0008 0129     		.short	10497
  32 000a 0129     		.short	10497
  33              		.type	cy_ble_customUuid128, %object
  34              		.size	cy_ble_customUuid128, 80
  35              	cy_ble_customUuid128:
  36 000c 27       		.byte	39
  37 000d 74       		.byte	116
  38 000e 70       		.byte	112
  39 000f F7       		.byte	-9
  40 0010 6D       		.byte	109
  41 0011 4B       		.byte	75
  42 0012 49       		.byte	73
  43 0013 82       		.byte	-126
  44 0014 01       		.byte	1
  45 0015 4A       		.byte	74
  46 0016 9E       		.byte	-98
  47 0017 CD       		.byte	-51
  48 0018 56       		.byte	86
  49 0019 04       		.byte	4
  50 001a 55       		.byte	85
  51 001b 50       		.byte	80
  52 001c 1B       		.byte	27
  53 001d 0D       		.byte	13
  54 001e 34       		.byte	52
  55 001f 93       		.byte	-109
  56 0020 0F       		.byte	15
  57 0021 FE       		.byte	-2
ARM GAS  C:\Users\gjl\AppData\Local\Temp\ccfCyZEu.s 			page 2


  58 0022 F5       		.byte	-11
  59 0023 97       		.byte	-105
  60 0024 28       		.byte	40
  61 0025 47       		.byte	71
  62 0026 44       		.byte	68
  63 0027 6B       		.byte	107
  64 0028 A7       		.byte	-89
  65 0029 C4       		.byte	-60
  66 002a 51       		.byte	81
  67 002b 16       		.byte	22
  68 002c 6C       		.byte	108
  69 002d F6       		.byte	-10
  70 002e 11       		.byte	17
  71 002f D1       		.byte	-47
  72 0030 F7       		.byte	-9
  73 0031 F2       		.byte	-14
  74 0032 FB       		.byte	-5
  75 0033 BF       		.byte	-65
  76 0034 4B       		.byte	75
  77 0035 41       		.byte	65
  78 0036 FB       		.byte	-5
  79 0037 99       		.byte	-103
  80 0038 AF       		.byte	-81
  81 0039 03       		.byte	3
  82 003a DA       		.byte	-38
  83 003b 91       		.byte	-111
  84 003c 66       		.byte	102
  85 003d 28       		.byte	40
  86 003e 48       		.byte	72
  87 003f 64       		.byte	100
  88 0040 9F       		.byte	-97
  89 0041 24       		.byte	36
  90 0042 72       		.byte	114
  91 0043 87       		.byte	-121
  92 0044 5E       		.byte	94
  93 0045 47       		.byte	71
  94 0046 45       		.byte	69
  95 0047 C2       		.byte	-62
  96 0048 44       		.byte	68
  97 0049 31       		.byte	49
  98 004a 63       		.byte	99
  99 004b E7       		.byte	-25
 100 004c 66       		.byte	102
 101 004d 28       		.byte	40
 102 004e 48       		.byte	72
 103 004f 64       		.byte	100
 104 0050 9F       		.byte	-97
 105 0051 24       		.byte	36
 106 0052 72       		.byte	114
 107 0053 87       		.byte	-121
 108 0054 5E       		.byte	94
 109 0055 47       		.byte	71
 110 0056 45       		.byte	69
 111 0057 C2       		.byte	-62
 112 0058 44       		.byte	68
 113 0059 31       		.byte	49
 114 005a 63       		.byte	99
ARM GAS  C:\Users\gjl\AppData\Local\Temp\ccfCyZEu.s 			page 3


 115 005b E7       		.byte	-25
 116              		.data
 117              		.align	2
 118              		.type	cy_ble_customConfig, %object
 119              		.size	cy_ble_customConfig, 4
 120              	cy_ble_customConfig:
 121 0000 00000000 		.word	cy_ble_customCServ
 122              		.type	cy_ble_customCServ, %object
 123              		.size	cy_ble_customCServ, 16
 124              	cy_ble_customCServ:
 125 0004 0000     		.short	0
 126 0006 0000     		.space	2
 127 0008 0C000000 		.word	cy_ble_customUuid128
 128 000c 02       		.byte	2
 129 000d 04       		.byte	4
 130 000e 0000     		.space	2
 131 0010 14000000 		.word	cy_ble_customCChar
 132              		.type	cy_ble_customCChar, %object
 133              		.size	cy_ble_customCChar, 64
 134              	cy_ble_customCChar:
 135 0014 0000     		.short	0
 136 0016 0000     		.short	0
 137 0018 1C000000 		.word	cy_ble_customUuid128+16
 138 001c 02       		.byte	2
 139 001d 00       		.byte	0
 140 001e 02       		.byte	2
 141 001f 00       		.space	1
 142 0020 54000000 		.word	cy_ble_customCDesc
 143 0024 0000     		.short	0
 144 0026 0000     		.short	0
 145 0028 2C000000 		.word	cy_ble_customUuid128+32
 146 002c 02       		.byte	2
 147 002d 00       		.byte	0
 148 002e 02       		.byte	2
 149 002f 00       		.space	1
 150 0030 6C000000 		.word	cy_ble_customCDesc+24
 151 0034 0000     		.short	0
 152 0036 0000     		.short	0
 153 0038 3C000000 		.word	cy_ble_customUuid128+48
 154 003c 02       		.byte	2
 155 003d 00       		.byte	0
 156 003e 01       		.byte	1
 157 003f 00       		.space	1
 158 0040 84000000 		.word	cy_ble_customCDesc+48
 159 0044 0000     		.short	0
 160 0046 0000     		.short	0
 161 0048 4C000000 		.word	cy_ble_customUuid128+64
 162 004c 02       		.byte	2
 163 004d 00       		.byte	0
 164 004e 01       		.byte	1
 165 004f 00       		.space	1
 166 0050 90000000 		.word	cy_ble_customCDesc+60
 167              		.type	cy_ble_customCDesc, %object
 168              		.size	cy_ble_customCDesc, 72
 169              	cy_ble_customCDesc:
 170 0054 0000     		.short	0
 171 0056 0000     		.space	2
ARM GAS  C:\Users\gjl\AppData\Local\Temp\ccfCyZEu.s 			page 4


 172 0058 00000000 		.word	cy_ble_customUuid16
 173 005c 01       		.byte	1
 174 005d 000000   		.space	3
 175 0060 0000     		.short	0
 176 0062 0000     		.space	2
 177 0064 02000000 		.word	cy_ble_customUuid16+2
 178 0068 01       		.byte	1
 179 0069 000000   		.space	3
 180 006c 0000     		.short	0
 181 006e 0000     		.space	2
 182 0070 04000000 		.word	cy_ble_customUuid16+4
 183 0074 01       		.byte	1
 184 0075 000000   		.space	3
 185 0078 0000     		.short	0
 186 007a 0000     		.space	2
 187 007c 06000000 		.word	cy_ble_customUuid16+6
 188 0080 01       		.byte	1
 189 0081 000000   		.space	3
 190 0084 0000     		.short	0
 191 0086 0000     		.space	2
 192 0088 08000000 		.word	cy_ble_customUuid16+8
 193 008c 01       		.byte	1
 194 008d 000000   		.space	3
 195 0090 0000     		.short	0
 196 0092 0000     		.space	2
 197 0094 0A000000 		.word	cy_ble_customUuid16+10
 198 0098 01       		.byte	1
 199 0099 000000   		.space	3
 200              		.text
 201              	.Letext0:
 202              		.file 1 "c:\\program files (x86)\\cypress\\psoc creator\\4.2\\psoc creator\\import\\gnu\\arm\\5.4.
 203              		.file 2 "c:\\program files (x86)\\cypress\\psoc creator\\4.2\\psoc creator\\import\\gnu\\arm\\5.4.
 204              		.file 3 "Generated_Source\\PSoC6\\pdl\\middleware/ble/cy_ble_stack_host_main.h"
 205              		.file 4 "Generated_Source\\PSoC6\\pdl\\middleware/ble/cy_ble_stack_gatt.h"
 206              		.file 5 "Generated_Source\\PSoC6\\pdl\\middleware/ble/cy_ble_gap.h"
 207              		.file 6 "Generated_Source\\PSoC6\\pdl\\middleware/ble/cy_ble_custom.h"
 208              		.file 7 "Generated_Source\\PSoC6\\BLE_custom_config.c"
 209              		.file 8 "Generated_Source\\PSoC6\\pdl\\cmsis/include/core_cm4.h"
 210              		.section	.debug_info,"",%progbits
 211              	.Ldebug_info0:
 212 0000 49040000 		.4byte	0x449
 213 0004 0400     		.2byte	0x4
 214 0006 00000000 		.4byte	.Ldebug_abbrev0
 215 000a 04       		.byte	0x4
 216 000b 01       		.uleb128 0x1
 217 000c 17010000 		.4byte	.LASF71
 218 0010 0C       		.byte	0xc
 219 0011 8F050000 		.4byte	.LASF72
 220 0015 66000000 		.4byte	.LASF73
 221 0019 00000000 		.4byte	.Ldebug_line0
 222 001d 02       		.uleb128 0x2
 223 001e 04       		.byte	0x4
 224 001f 05       		.byte	0x5
 225 0020 696E7400 		.ascii	"int\000"
 226 0024 03       		.uleb128 0x3
 227 0025 04       		.byte	0x4
 228 0026 07       		.byte	0x7
ARM GAS  C:\Users\gjl\AppData\Local\Temp\ccfCyZEu.s 			page 5


 229 0027 1F040000 		.4byte	.LASF0
 230 002b 03       		.uleb128 0x3
 231 002c 08       		.byte	0x8
 232 002d 05       		.byte	0x5
 233 002e D0020000 		.4byte	.LASF1
 234 0032 03       		.uleb128 0x3
 235 0033 08       		.byte	0x8
 236 0034 04       		.byte	0x4
 237 0035 94030000 		.4byte	.LASF2
 238 0039 03       		.uleb128 0x3
 239 003a 01       		.byte	0x1
 240 003b 06       		.byte	0x6
 241 003c F3030000 		.4byte	.LASF3
 242 0040 04       		.uleb128 0x4
 243 0041 33030000 		.4byte	.LASF6
 244 0045 01       		.byte	0x1
 245 0046 1D       		.byte	0x1d
 246 0047 4B000000 		.4byte	0x4b
 247 004b 03       		.uleb128 0x3
 248 004c 01       		.byte	0x1
 249 004d 08       		.byte	0x8
 250 004e CB030000 		.4byte	.LASF4
 251 0052 03       		.uleb128 0x3
 252 0053 02       		.byte	0x2
 253 0054 05       		.byte	0x5
 254 0055 B6000000 		.4byte	.LASF5
 255 0059 04       		.uleb128 0x4
 256 005a FF010000 		.4byte	.LASF7
 257 005e 01       		.byte	0x1
 258 005f 2B       		.byte	0x2b
 259 0060 64000000 		.4byte	0x64
 260 0064 03       		.uleb128 0x3
 261 0065 02       		.byte	0x2
 262 0066 07       		.byte	0x7
 263 0067 71040000 		.4byte	.LASF8
 264 006b 04       		.uleb128 0x4
 265 006c AE040000 		.4byte	.LASF9
 266 0070 01       		.byte	0x1
 267 0071 3F       		.byte	0x3f
 268 0072 76000000 		.4byte	0x76
 269 0076 03       		.uleb128 0x3
 270 0077 04       		.byte	0x4
 271 0078 05       		.byte	0x5
 272 0079 25030000 		.4byte	.LASF10
 273 007d 04       		.uleb128 0x4
 274 007e E3010000 		.4byte	.LASF11
 275 0082 01       		.byte	0x1
 276 0083 41       		.byte	0x41
 277 0084 88000000 		.4byte	0x88
 278 0088 03       		.uleb128 0x3
 279 0089 04       		.byte	0x4
 280 008a 07       		.byte	0x7
 281 008b 0A050000 		.4byte	.LASF12
 282 008f 03       		.uleb128 0x3
 283 0090 08       		.byte	0x8
 284 0091 07       		.byte	0x7
 285 0092 FF030000 		.4byte	.LASF13
ARM GAS  C:\Users\gjl\AppData\Local\Temp\ccfCyZEu.s 			page 6


 286 0096 03       		.uleb128 0x3
 287 0097 04       		.byte	0x4
 288 0098 07       		.byte	0x7
 289 0099 D3000000 		.4byte	.LASF14
 290 009d 03       		.uleb128 0x3
 291 009e 01       		.byte	0x1
 292 009f 08       		.byte	0x8
 293 00a0 A1040000 		.4byte	.LASF15
 294 00a4 04       		.uleb128 0x4
 295 00a5 63020000 		.4byte	.LASF16
 296 00a9 02       		.byte	0x2
 297 00aa 18       		.byte	0x18
 298 00ab 40000000 		.4byte	0x40
 299 00af 04       		.uleb128 0x4
 300 00b0 2C040000 		.4byte	.LASF17
 301 00b4 02       		.byte	0x2
 302 00b5 24       		.byte	0x24
 303 00b6 59000000 		.4byte	0x59
 304 00ba 04       		.uleb128 0x4
 305 00bb A6040000 		.4byte	.LASF18
 306 00bf 02       		.byte	0x2
 307 00c0 2C       		.byte	0x2c
 308 00c1 6B000000 		.4byte	0x6b
 309 00c5 04       		.uleb128 0x4
 310 00c6 16040000 		.4byte	.LASF19
 311 00ca 02       		.byte	0x2
 312 00cb 30       		.byte	0x30
 313 00cc 7D000000 		.4byte	0x7d
 314 00d0 03       		.uleb128 0x3
 315 00d1 04       		.byte	0x4
 316 00d2 04       		.byte	0x4
 317 00d3 A6020000 		.4byte	.LASF20
 318 00d7 03       		.uleb128 0x3
 319 00d8 08       		.byte	0x8
 320 00d9 04       		.byte	0x4
 321 00da 2F050000 		.4byte	.LASF21
 322 00de 05       		.uleb128 0x5
 323 00df 02       		.byte	0x2
 324 00e0 03       		.byte	0x3
 325 00e1 5B01     		.2byte	0x15b
 326 00e3 02010000 		.4byte	0x102
 327 00e7 06       		.uleb128 0x6
 328 00e8 9D020000 		.4byte	.LASF22
 329 00ec 03       		.byte	0x3
 330 00ed 6501     		.2byte	0x165
 331 00ef A4000000 		.4byte	0xa4
 332 00f3 00       		.byte	0
 333 00f4 06       		.uleb128 0x6
 334 00f5 35040000 		.4byte	.LASF23
 335 00f9 03       		.byte	0x3
 336 00fa 6901     		.2byte	0x169
 337 00fc A4000000 		.4byte	0xa4
 338 0100 01       		.byte	0x1
 339 0101 00       		.byte	0
 340 0102 07       		.uleb128 0x7
 341 0103 21060000 		.4byte	.LASF24
 342 0107 03       		.byte	0x3
ARM GAS  C:\Users\gjl\AppData\Local\Temp\ccfCyZEu.s 			page 7


 343 0108 6B01     		.2byte	0x16b
 344 010a DE000000 		.4byte	0xde
 345 010e 08       		.uleb128 0x8
 346 010f A4000000 		.4byte	0xa4
 347 0113 1E010000 		.4byte	0x11e
 348 0117 09       		.uleb128 0x9
 349 0118 96000000 		.4byte	0x96
 350 011c 0F       		.byte	0xf
 351 011d 00       		.byte	0
 352 011e 07       		.uleb128 0x7
 353 011f 84030000 		.4byte	.LASF25
 354 0123 04       		.byte	0x4
 355 0124 6901     		.2byte	0x169
 356 0126 AF000000 		.4byte	0xaf
 357 012a 05       		.uleb128 0x5
 358 012b 10       		.byte	0x10
 359 012c 04       		.byte	0x4
 360 012d 6C01     		.2byte	0x16c
 361 012f 41010000 		.4byte	0x141
 362 0133 06       		.uleb128 0x6
 363 0134 48020000 		.4byte	.LASF26
 364 0138 04       		.byte	0x4
 365 0139 6F01     		.2byte	0x16f
 366 013b 0E010000 		.4byte	0x10e
 367 013f 00       		.byte	0
 368 0140 00       		.byte	0
 369 0141 07       		.uleb128 0x7
 370 0142 BA050000 		.4byte	.LASF27
 371 0146 04       		.byte	0x4
 372 0147 7001     		.2byte	0x170
 373 0149 2A010000 		.4byte	0x12a
 374 014d 07       		.uleb128 0x7
 375 014e 84040000 		.4byte	.LASF28
 376 0152 04       		.byte	0x4
 377 0153 7F01     		.2byte	0x17f
 378 0155 AF000000 		.4byte	0xaf
 379 0159 0A       		.uleb128 0xa
 380 015a 01       		.byte	0x1
 381 015b 4B000000 		.4byte	0x4b
 382 015f 05       		.byte	0x5
 383 0160 75       		.byte	0x75
 384 0161 7E010000 		.4byte	0x17e
 385 0165 0B       		.uleb128 0xb
 386 0166 F0050000 		.4byte	.LASF29
 387 016a 00       		.byte	0
 388 016b 0B       		.uleb128 0xb
 389 016c 00000000 		.4byte	.LASF30
 390 0170 01       		.byte	0x1
 391 0171 0B       		.uleb128 0xb
 392 0172 56040000 		.4byte	.LASF31
 393 0176 02       		.byte	0x2
 394 0177 0B       		.uleb128 0xb
 395 0178 CF050000 		.4byte	.LASF32
 396 017c 03       		.byte	0x3
 397 017d 00       		.byte	0
 398 017e 04       		.uleb128 0x4
 399 017f F3040000 		.4byte	.LASF33
ARM GAS  C:\Users\gjl\AppData\Local\Temp\ccfCyZEu.s 			page 8


 400 0183 05       		.byte	0x5
 401 0184 7A       		.byte	0x7a
 402 0185 59010000 		.4byte	0x159
 403 0189 0A       		.uleb128 0xa
 404 018a 01       		.byte	0x1
 405 018b 4B000000 		.4byte	0x4b
 406 018f 05       		.byte	0x5
 407 0190 87       		.byte	0x87
 408 0191 C6010000 		.4byte	0x1c6
 409 0195 0B       		.uleb128 0xb
 410 0196 7E020000 		.4byte	.LASF34
 411 019a 00       		.byte	0
 412 019b 0B       		.uleb128 0xb
 413 019c 36050000 		.4byte	.LASF35
 414 01a0 01       		.byte	0x1
 415 01a1 0B       		.uleb128 0xb
 416 01a2 4A000000 		.4byte	.LASF36
 417 01a6 02       		.byte	0x2
 418 01a7 0B       		.uleb128 0xb
 419 01a8 ED000000 		.4byte	.LASF37
 420 01ac 03       		.byte	0x3
 421 01ad 0B       		.uleb128 0xb
 422 01ae FB020000 		.4byte	.LASF38
 423 01b2 04       		.byte	0x4
 424 01b3 0B       		.uleb128 0xb
 425 01b4 0A020000 		.4byte	.LASF39
 426 01b8 05       		.byte	0x5
 427 01b9 0B       		.uleb128 0xb
 428 01ba A0030000 		.4byte	.LASF40
 429 01be 06       		.byte	0x6
 430 01bf 0B       		.uleb128 0xb
 431 01c0 3D030000 		.4byte	.LASF41
 432 01c4 07       		.byte	0x7
 433 01c5 00       		.byte	0
 434 01c6 04       		.uleb128 0x4
 435 01c7 0A060000 		.4byte	.LASF42
 436 01cb 05       		.byte	0x5
 437 01cc 90       		.byte	0x90
 438 01cd 89010000 		.4byte	0x189
 439 01d1 03       		.uleb128 0x3
 440 01d2 01       		.byte	0x1
 441 01d3 02       		.byte	0x2
 442 01d4 D2040000 		.4byte	.LASF43
 443 01d8 0C       		.uleb128 0xc
 444 01d9 0C       		.byte	0xc
 445 01da 06       		.byte	0x6
 446 01db 55       		.byte	0x55
 447 01dc 05020000 		.4byte	0x205
 448 01e0 0D       		.uleb128 0xd
 449 01e1 79030000 		.4byte	.LASF44
 450 01e5 06       		.byte	0x6
 451 01e6 58       		.byte	0x58
 452 01e7 05020000 		.4byte	0x205
 453 01eb 00       		.byte	0
 454 01ec 0D       		.uleb128 0xd
 455 01ed 2E030000 		.4byte	.LASF45
 456 01f1 06       		.byte	0x6
ARM GAS  C:\Users\gjl\AppData\Local\Temp\ccfCyZEu.s 			page 9


 457 01f2 5B       		.byte	0x5b
 458 01f3 15020000 		.4byte	0x215
 459 01f7 04       		.byte	0x4
 460 01f8 0D       		.uleb128 0xd
 461 01f9 D9030000 		.4byte	.LASF46
 462 01fd 06       		.byte	0x6
 463 01fe 5E       		.byte	0x5e
 464 01ff A4000000 		.4byte	0xa4
 465 0203 08       		.byte	0x8
 466 0204 00       		.byte	0
 467 0205 08       		.uleb128 0x8
 468 0206 4D010000 		.4byte	0x14d
 469 020a 15020000 		.4byte	0x215
 470 020e 09       		.uleb128 0x9
 471 020f 96000000 		.4byte	0x96
 472 0213 00       		.byte	0
 473 0214 00       		.byte	0
 474 0215 0E       		.uleb128 0xe
 475 0216 04       		.byte	0x4
 476 0217 1B020000 		.4byte	0x21b
 477 021b 0F       		.uleb128 0xf
 478 021c 04       		.uleb128 0x4
 479 021d B8040000 		.4byte	.LASF47
 480 0221 06       		.byte	0x6
 481 0222 5F       		.byte	0x5f
 482 0223 D8010000 		.4byte	0x1d8
 483 0227 0C       		.uleb128 0xc
 484 0228 10       		.byte	0x10
 485 0229 06       		.byte	0x6
 486 022a 62       		.byte	0x62
 487 022b 84020000 		.4byte	0x284
 488 022f 0D       		.uleb128 0xd
 489 0230 67050000 		.4byte	.LASF48
 490 0234 06       		.byte	0x6
 491 0235 65       		.byte	0x65
 492 0236 05020000 		.4byte	0x205
 493 023a 00       		.byte	0
 494 023b 0D       		.uleb128 0xd
 495 023c 61030000 		.4byte	.LASF49
 496 0240 06       		.byte	0x6
 497 0241 68       		.byte	0x68
 498 0242 05020000 		.4byte	0x205
 499 0246 02       		.byte	0x2
 500 0247 0D       		.uleb128 0xd
 501 0248 2E030000 		.4byte	.LASF45
 502 024c 06       		.byte	0x6
 503 024d 6B       		.byte	0x6b
 504 024e 15020000 		.4byte	0x215
 505 0252 04       		.byte	0x4
 506 0253 0D       		.uleb128 0xd
 507 0254 D9030000 		.4byte	.LASF46
 508 0258 06       		.byte	0x6
 509 0259 6E       		.byte	0x6e
 510 025a A4000000 		.4byte	0xa4
 511 025e 08       		.byte	0x8
 512 025f 0D       		.uleb128 0xd
 513 0260 DE020000 		.4byte	.LASF50
ARM GAS  C:\Users\gjl\AppData\Local\Temp\ccfCyZEu.s 			page 10


 514 0264 06       		.byte	0x6
 515 0265 71       		.byte	0x71
 516 0266 84020000 		.4byte	0x284
 517 026a 09       		.byte	0x9
 518 026b 0D       		.uleb128 0xd
 519 026c D8040000 		.4byte	.LASF51
 520 0270 06       		.byte	0x6
 521 0271 74       		.byte	0x74
 522 0272 A4000000 		.4byte	0xa4
 523 0276 0A       		.byte	0xa
 524 0277 0D       		.uleb128 0xd
 525 0278 6B020000 		.4byte	.LASF52
 526 027c 06       		.byte	0x6
 527 027d 77       		.byte	0x77
 528 027e 94020000 		.4byte	0x294
 529 0282 0C       		.byte	0xc
 530 0283 00       		.byte	0
 531 0284 08       		.uleb128 0x8
 532 0285 A4000000 		.4byte	0xa4
 533 0289 94020000 		.4byte	0x294
 534 028d 09       		.uleb128 0x9
 535 028e 96000000 		.4byte	0x96
 536 0292 00       		.byte	0
 537 0293 00       		.byte	0
 538 0294 0E       		.uleb128 0xe
 539 0295 04       		.byte	0x4
 540 0296 1C020000 		.4byte	0x21c
 541 029a 04       		.uleb128 0x4
 542 029b B6020000 		.4byte	.LASF53
 543 029f 06       		.byte	0x6
 544 02a0 78       		.byte	0x78
 545 02a1 27020000 		.4byte	0x227
 546 02a5 0C       		.uleb128 0xc
 547 02a6 10       		.byte	0x10
 548 02a7 06       		.byte	0x6
 549 02a8 7B       		.byte	0x7b
 550 02a9 EA020000 		.4byte	0x2ea
 551 02ad 0D       		.uleb128 0xd
 552 02ae EE010000 		.4byte	.LASF54
 553 02b2 06       		.byte	0x6
 554 02b3 7E       		.byte	0x7e
 555 02b4 05020000 		.4byte	0x205
 556 02b8 00       		.byte	0
 557 02b9 0D       		.uleb128 0xd
 558 02ba 2E030000 		.4byte	.LASF45
 559 02be 06       		.byte	0x6
 560 02bf 81       		.byte	0x81
 561 02c0 15020000 		.4byte	0x215
 562 02c4 04       		.byte	0x4
 563 02c5 0D       		.uleb128 0xd
 564 02c6 D9030000 		.4byte	.LASF46
 565 02ca 06       		.byte	0x6
 566 02cb 84       		.byte	0x84
 567 02cc A4000000 		.4byte	0xa4
 568 02d0 08       		.byte	0x8
 569 02d1 0D       		.uleb128 0xd
 570 02d2 AC020000 		.4byte	.LASF55
ARM GAS  C:\Users\gjl\AppData\Local\Temp\ccfCyZEu.s 			page 11


 571 02d6 06       		.byte	0x6
 572 02d7 87       		.byte	0x87
 573 02d8 A4000000 		.4byte	0xa4
 574 02dc 09       		.byte	0x9
 575 02dd 0D       		.uleb128 0xd
 576 02de E4030000 		.4byte	.LASF56
 577 02e2 06       		.byte	0x6
 578 02e3 8A       		.byte	0x8a
 579 02e4 EA020000 		.4byte	0x2ea
 580 02e8 0C       		.byte	0xc
 581 02e9 00       		.byte	0
 582 02ea 0E       		.uleb128 0xe
 583 02eb 04       		.byte	0x4
 584 02ec 9A020000 		.4byte	0x29a
 585 02f0 04       		.uleb128 0x4
 586 02f1 35000000 		.4byte	.LASF57
 587 02f5 06       		.byte	0x6
 588 02f6 8B       		.byte	0x8b
 589 02f7 A5020000 		.4byte	0x2a5
 590 02fb 0C       		.uleb128 0xc
 591 02fc 04       		.byte	0x4
 592 02fd 06       		.byte	0x6
 593 02fe 90       		.byte	0x90
 594 02ff 10030000 		.4byte	0x310
 595 0303 0D       		.uleb128 0xd
 596 0304 47060000 		.4byte	.LASF58
 597 0308 06       		.byte	0x6
 598 0309 99       		.byte	0x99
 599 030a 10030000 		.4byte	0x310
 600 030e 00       		.byte	0
 601 030f 00       		.byte	0
 602 0310 0E       		.uleb128 0xe
 603 0311 04       		.byte	0x4
 604 0312 F0020000 		.4byte	0x2f0
 605 0316 04       		.uleb128 0x4
 606 0317 3B040000 		.4byte	.LASF59
 607 031b 06       		.byte	0x6
 608 031c 9B       		.byte	0x9b
 609 031d FB020000 		.4byte	0x2fb
 610 0321 08       		.uleb128 0x8
 611 0322 31030000 		.4byte	0x331
 612 0326 31030000 		.4byte	0x331
 613 032a 09       		.uleb128 0x9
 614 032b 96000000 		.4byte	0x96
 615 032f 04       		.byte	0x4
 616 0330 00       		.byte	0
 617 0331 10       		.uleb128 0x10
 618 0332 41010000 		.4byte	0x141
 619 0336 11       		.uleb128 0x11
 620 0337 4E020000 		.4byte	.LASF60
 621 033b 07       		.byte	0x7
 622 033c 22       		.byte	0x22
 623 033d 47030000 		.4byte	0x347
 624 0341 05       		.uleb128 0x5
 625 0342 03       		.byte	0x3
 626 0343 0C000000 		.4byte	cy_ble_customUuid128
 627 0347 10       		.uleb128 0x10
ARM GAS  C:\Users\gjl\AppData\Local\Temp\ccfCyZEu.s 			page 12


 628 0348 21030000 		.4byte	0x321
 629 034c 08       		.uleb128 0x8
 630 034d 5C030000 		.4byte	0x35c
 631 0351 5C030000 		.4byte	0x35c
 632 0355 09       		.uleb128 0x9
 633 0356 96000000 		.4byte	0x96
 634 035a 05       		.byte	0x5
 635 035b 00       		.byte	0
 636 035c 10       		.uleb128 0x10
 637 035d 1E010000 		.4byte	0x11e
 638 0361 11       		.uleb128 0x11
 639 0362 21000000 		.4byte	.LASF61
 640 0366 07       		.byte	0x7
 641 0367 2F       		.byte	0x2f
 642 0368 72030000 		.4byte	0x372
 643 036c 05       		.uleb128 0x5
 644 036d 03       		.byte	0x3
 645 036e 00000000 		.4byte	cy_ble_customUuid16
 646 0372 10       		.uleb128 0x10
 647 0373 4C030000 		.4byte	0x34c
 648 0377 08       		.uleb128 0x8
 649 0378 1C020000 		.4byte	0x21c
 650 037c 87030000 		.4byte	0x387
 651 0380 09       		.uleb128 0x9
 652 0381 96000000 		.4byte	0x96
 653 0385 05       		.byte	0x5
 654 0386 00       		.byte	0
 655 0387 11       		.uleb128 0x11
 656 0388 C0000000 		.4byte	.LASF62
 657 038c 07       		.byte	0x7
 658 038d 3E       		.byte	0x3e
 659 038e 77030000 		.4byte	0x377
 660 0392 05       		.uleb128 0x5
 661 0393 03       		.byte	0x3
 662 0394 54000000 		.4byte	cy_ble_customCDesc
 663 0398 08       		.uleb128 0x8
 664 0399 9A020000 		.4byte	0x29a
 665 039d A8030000 		.4byte	0x3a8
 666 03a1 09       		.uleb128 0x9
 667 03a2 96000000 		.4byte	0x96
 668 03a6 03       		.byte	0x3
 669 03a7 00       		.byte	0
 670 03a8 11       		.uleb128 0x11
 671 03a9 1C050000 		.4byte	.LASF63
 672 03ad 07       		.byte	0x7
 673 03ae 6B       		.byte	0x6b
 674 03af 98030000 		.4byte	0x398
 675 03b3 05       		.uleb128 0x5
 676 03b4 03       		.byte	0x3
 677 03b5 14000000 		.4byte	cy_ble_customCChar
 678 03b9 12       		.uleb128 0x12
 679 03ba 3A060000 		.4byte	.LASF64
 680 03be 08       		.byte	0x8
 681 03bf EA07     		.2byte	0x7ea
 682 03c1 C5030000 		.4byte	0x3c5
 683 03c5 13       		.uleb128 0x13
 684 03c6 BA000000 		.4byte	0xba
ARM GAS  C:\Users\gjl\AppData\Local\Temp\ccfCyZEu.s 			page 13


 685 03ca 12       		.uleb128 0x12
 686 03cb DC000000 		.4byte	.LASF65
 687 03cf 05       		.byte	0x5
 688 03d0 2702     		.2byte	0x227
 689 03d2 7E010000 		.4byte	0x17e
 690 03d6 08       		.uleb128 0x8
 691 03d7 02010000 		.4byte	0x102
 692 03db E6030000 		.4byte	0x3e6
 693 03df 09       		.uleb128 0x9
 694 03e0 96000000 		.4byte	0x96
 695 03e4 00       		.byte	0
 696 03e5 00       		.byte	0
 697 03e6 12       		.uleb128 0x12
 698 03e7 E9020000 		.4byte	.LASF66
 699 03eb 05       		.byte	0x5
 700 03ec 2C02     		.2byte	0x22c
 701 03ee D6030000 		.4byte	0x3d6
 702 03f2 08       		.uleb128 0x8
 703 03f3 C6010000 		.4byte	0x1c6
 704 03f7 02040000 		.4byte	0x402
 705 03fb 09       		.uleb128 0x9
 706 03fc 96000000 		.4byte	0x96
 707 0400 00       		.byte	0
 708 0401 00       		.byte	0
 709 0402 12       		.uleb128 0x12
 710 0403 E2040000 		.4byte	.LASF67
 711 0407 05       		.byte	0x5
 712 0408 2D02     		.2byte	0x22d
 713 040a F2030000 		.4byte	0x3f2
 714 040e 12       		.uleb128 0x12
 715 040f CA010000 		.4byte	.LASF68
 716 0413 05       		.byte	0x5
 717 0414 5202     		.2byte	0x252
 718 0416 A4000000 		.4byte	0xa4
 719 041a 08       		.uleb128 0x8
 720 041b F0020000 		.4byte	0x2f0
 721 041f 2A040000 		.4byte	0x42a
 722 0423 09       		.uleb128 0x9
 723 0424 96000000 		.4byte	0x96
 724 0428 00       		.byte	0
 725 0429 00       		.byte	0
 726 042a 14       		.uleb128 0x14
 727 042b 7C050000 		.4byte	.LASF69
 728 042f 07       		.byte	0x7
 729 0430 9A       		.byte	0x9a
 730 0431 1A040000 		.4byte	0x41a
 731 0435 05       		.uleb128 0x5
 732 0436 03       		.byte	0x3
 733 0437 00000000 		.4byte	cy_ble_customCServ
 734 043b 14       		.uleb128 0x14
 735 043c 34020000 		.4byte	.LASF70
 736 0440 07       		.byte	0x7
 737 0441 AF       		.byte	0xaf
 738 0442 16030000 		.4byte	0x316
 739 0446 05       		.uleb128 0x5
 740 0447 03       		.byte	0x3
 741 0448 00000000 		.4byte	cy_ble_customConfig
ARM GAS  C:\Users\gjl\AppData\Local\Temp\ccfCyZEu.s 			page 14


 742 044c 00       		.byte	0
 743              		.section	.debug_abbrev,"",%progbits
 744              	.Ldebug_abbrev0:
 745 0000 01       		.uleb128 0x1
 746 0001 11       		.uleb128 0x11
 747 0002 01       		.byte	0x1
 748 0003 25       		.uleb128 0x25
 749 0004 0E       		.uleb128 0xe
 750 0005 13       		.uleb128 0x13
 751 0006 0B       		.uleb128 0xb
 752 0007 03       		.uleb128 0x3
 753 0008 0E       		.uleb128 0xe
 754 0009 1B       		.uleb128 0x1b
 755 000a 0E       		.uleb128 0xe
 756 000b 10       		.uleb128 0x10
 757 000c 17       		.uleb128 0x17
 758 000d 00       		.byte	0
 759 000e 00       		.byte	0
 760 000f 02       		.uleb128 0x2
 761 0010 24       		.uleb128 0x24
 762 0011 00       		.byte	0
 763 0012 0B       		.uleb128 0xb
 764 0013 0B       		.uleb128 0xb
 765 0014 3E       		.uleb128 0x3e
 766 0015 0B       		.uleb128 0xb
 767 0016 03       		.uleb128 0x3
 768 0017 08       		.uleb128 0x8
 769 0018 00       		.byte	0
 770 0019 00       		.byte	0
 771 001a 03       		.uleb128 0x3
 772 001b 24       		.uleb128 0x24
 773 001c 00       		.byte	0
 774 001d 0B       		.uleb128 0xb
 775 001e 0B       		.uleb128 0xb
 776 001f 3E       		.uleb128 0x3e
 777 0020 0B       		.uleb128 0xb
 778 0021 03       		.uleb128 0x3
 779 0022 0E       		.uleb128 0xe
 780 0023 00       		.byte	0
 781 0024 00       		.byte	0
 782 0025 04       		.uleb128 0x4
 783 0026 16       		.uleb128 0x16
 784 0027 00       		.byte	0
 785 0028 03       		.uleb128 0x3
 786 0029 0E       		.uleb128 0xe
 787 002a 3A       		.uleb128 0x3a
 788 002b 0B       		.uleb128 0xb
 789 002c 3B       		.uleb128 0x3b
 790 002d 0B       		.uleb128 0xb
 791 002e 49       		.uleb128 0x49
 792 002f 13       		.uleb128 0x13
 793 0030 00       		.byte	0
 794 0031 00       		.byte	0
 795 0032 05       		.uleb128 0x5
 796 0033 13       		.uleb128 0x13
 797 0034 01       		.byte	0x1
 798 0035 0B       		.uleb128 0xb
ARM GAS  C:\Users\gjl\AppData\Local\Temp\ccfCyZEu.s 			page 15


 799 0036 0B       		.uleb128 0xb
 800 0037 3A       		.uleb128 0x3a
 801 0038 0B       		.uleb128 0xb
 802 0039 3B       		.uleb128 0x3b
 803 003a 05       		.uleb128 0x5
 804 003b 01       		.uleb128 0x1
 805 003c 13       		.uleb128 0x13
 806 003d 00       		.byte	0
 807 003e 00       		.byte	0
 808 003f 06       		.uleb128 0x6
 809 0040 0D       		.uleb128 0xd
 810 0041 00       		.byte	0
 811 0042 03       		.uleb128 0x3
 812 0043 0E       		.uleb128 0xe
 813 0044 3A       		.uleb128 0x3a
 814 0045 0B       		.uleb128 0xb
 815 0046 3B       		.uleb128 0x3b
 816 0047 05       		.uleb128 0x5
 817 0048 49       		.uleb128 0x49
 818 0049 13       		.uleb128 0x13
 819 004a 38       		.uleb128 0x38
 820 004b 0B       		.uleb128 0xb
 821 004c 00       		.byte	0
 822 004d 00       		.byte	0
 823 004e 07       		.uleb128 0x7
 824 004f 16       		.uleb128 0x16
 825 0050 00       		.byte	0
 826 0051 03       		.uleb128 0x3
 827 0052 0E       		.uleb128 0xe
 828 0053 3A       		.uleb128 0x3a
 829 0054 0B       		.uleb128 0xb
 830 0055 3B       		.uleb128 0x3b
 831 0056 05       		.uleb128 0x5
 832 0057 49       		.uleb128 0x49
 833 0058 13       		.uleb128 0x13
 834 0059 00       		.byte	0
 835 005a 00       		.byte	0
 836 005b 08       		.uleb128 0x8
 837 005c 01       		.uleb128 0x1
 838 005d 01       		.byte	0x1
 839 005e 49       		.uleb128 0x49
 840 005f 13       		.uleb128 0x13
 841 0060 01       		.uleb128 0x1
 842 0061 13       		.uleb128 0x13
 843 0062 00       		.byte	0
 844 0063 00       		.byte	0
 845 0064 09       		.uleb128 0x9
 846 0065 21       		.uleb128 0x21
 847 0066 00       		.byte	0
 848 0067 49       		.uleb128 0x49
 849 0068 13       		.uleb128 0x13
 850 0069 2F       		.uleb128 0x2f
 851 006a 0B       		.uleb128 0xb
 852 006b 00       		.byte	0
 853 006c 00       		.byte	0
 854 006d 0A       		.uleb128 0xa
 855 006e 04       		.uleb128 0x4
ARM GAS  C:\Users\gjl\AppData\Local\Temp\ccfCyZEu.s 			page 16


 856 006f 01       		.byte	0x1
 857 0070 0B       		.uleb128 0xb
 858 0071 0B       		.uleb128 0xb
 859 0072 49       		.uleb128 0x49
 860 0073 13       		.uleb128 0x13
 861 0074 3A       		.uleb128 0x3a
 862 0075 0B       		.uleb128 0xb
 863 0076 3B       		.uleb128 0x3b
 864 0077 0B       		.uleb128 0xb
 865 0078 01       		.uleb128 0x1
 866 0079 13       		.uleb128 0x13
 867 007a 00       		.byte	0
 868 007b 00       		.byte	0
 869 007c 0B       		.uleb128 0xb
 870 007d 28       		.uleb128 0x28
 871 007e 00       		.byte	0
 872 007f 03       		.uleb128 0x3
 873 0080 0E       		.uleb128 0xe
 874 0081 1C       		.uleb128 0x1c
 875 0082 0B       		.uleb128 0xb
 876 0083 00       		.byte	0
 877 0084 00       		.byte	0
 878 0085 0C       		.uleb128 0xc
 879 0086 13       		.uleb128 0x13
 880 0087 01       		.byte	0x1
 881 0088 0B       		.uleb128 0xb
 882 0089 0B       		.uleb128 0xb
 883 008a 3A       		.uleb128 0x3a
 884 008b 0B       		.uleb128 0xb
 885 008c 3B       		.uleb128 0x3b
 886 008d 0B       		.uleb128 0xb
 887 008e 01       		.uleb128 0x1
 888 008f 13       		.uleb128 0x13
 889 0090 00       		.byte	0
 890 0091 00       		.byte	0
 891 0092 0D       		.uleb128 0xd
 892 0093 0D       		.uleb128 0xd
 893 0094 00       		.byte	0
 894 0095 03       		.uleb128 0x3
 895 0096 0E       		.uleb128 0xe
 896 0097 3A       		.uleb128 0x3a
 897 0098 0B       		.uleb128 0xb
 898 0099 3B       		.uleb128 0x3b
 899 009a 0B       		.uleb128 0xb
 900 009b 49       		.uleb128 0x49
 901 009c 13       		.uleb128 0x13
 902 009d 38       		.uleb128 0x38
 903 009e 0B       		.uleb128 0xb
 904 009f 00       		.byte	0
 905 00a0 00       		.byte	0
 906 00a1 0E       		.uleb128 0xe
 907 00a2 0F       		.uleb128 0xf
 908 00a3 00       		.byte	0
 909 00a4 0B       		.uleb128 0xb
 910 00a5 0B       		.uleb128 0xb
 911 00a6 49       		.uleb128 0x49
 912 00a7 13       		.uleb128 0x13
ARM GAS  C:\Users\gjl\AppData\Local\Temp\ccfCyZEu.s 			page 17


 913 00a8 00       		.byte	0
 914 00a9 00       		.byte	0
 915 00aa 0F       		.uleb128 0xf
 916 00ab 26       		.uleb128 0x26
 917 00ac 00       		.byte	0
 918 00ad 00       		.byte	0
 919 00ae 00       		.byte	0
 920 00af 10       		.uleb128 0x10
 921 00b0 26       		.uleb128 0x26
 922 00b1 00       		.byte	0
 923 00b2 49       		.uleb128 0x49
 924 00b3 13       		.uleb128 0x13
 925 00b4 00       		.byte	0
 926 00b5 00       		.byte	0
 927 00b6 11       		.uleb128 0x11
 928 00b7 34       		.uleb128 0x34
 929 00b8 00       		.byte	0
 930 00b9 03       		.uleb128 0x3
 931 00ba 0E       		.uleb128 0xe
 932 00bb 3A       		.uleb128 0x3a
 933 00bc 0B       		.uleb128 0xb
 934 00bd 3B       		.uleb128 0x3b
 935 00be 0B       		.uleb128 0xb
 936 00bf 49       		.uleb128 0x49
 937 00c0 13       		.uleb128 0x13
 938 00c1 02       		.uleb128 0x2
 939 00c2 18       		.uleb128 0x18
 940 00c3 00       		.byte	0
 941 00c4 00       		.byte	0
 942 00c5 12       		.uleb128 0x12
 943 00c6 34       		.uleb128 0x34
 944 00c7 00       		.byte	0
 945 00c8 03       		.uleb128 0x3
 946 00c9 0E       		.uleb128 0xe
 947 00ca 3A       		.uleb128 0x3a
 948 00cb 0B       		.uleb128 0xb
 949 00cc 3B       		.uleb128 0x3b
 950 00cd 05       		.uleb128 0x5
 951 00ce 49       		.uleb128 0x49
 952 00cf 13       		.uleb128 0x13
 953 00d0 3F       		.uleb128 0x3f
 954 00d1 19       		.uleb128 0x19
 955 00d2 3C       		.uleb128 0x3c
 956 00d3 19       		.uleb128 0x19
 957 00d4 00       		.byte	0
 958 00d5 00       		.byte	0
 959 00d6 13       		.uleb128 0x13
 960 00d7 35       		.uleb128 0x35
 961 00d8 00       		.byte	0
 962 00d9 49       		.uleb128 0x49
 963 00da 13       		.uleb128 0x13
 964 00db 00       		.byte	0
 965 00dc 00       		.byte	0
 966 00dd 14       		.uleb128 0x14
 967 00de 34       		.uleb128 0x34
 968 00df 00       		.byte	0
 969 00e0 03       		.uleb128 0x3
ARM GAS  C:\Users\gjl\AppData\Local\Temp\ccfCyZEu.s 			page 18


 970 00e1 0E       		.uleb128 0xe
 971 00e2 3A       		.uleb128 0x3a
 972 00e3 0B       		.uleb128 0xb
 973 00e4 3B       		.uleb128 0x3b
 974 00e5 0B       		.uleb128 0xb
 975 00e6 49       		.uleb128 0x49
 976 00e7 13       		.uleb128 0x13
 977 00e8 3F       		.uleb128 0x3f
 978 00e9 19       		.uleb128 0x19
 979 00ea 02       		.uleb128 0x2
 980 00eb 18       		.uleb128 0x18
 981 00ec 00       		.byte	0
 982 00ed 00       		.byte	0
 983 00ee 00       		.byte	0
 984              		.section	.debug_aranges,"",%progbits
 985 0000 14000000 		.4byte	0x14
 986 0004 0200     		.2byte	0x2
 987 0006 00000000 		.4byte	.Ldebug_info0
 988 000a 04       		.byte	0x4
 989 000b 00       		.byte	0
 990 000c 0000     		.2byte	0
 991 000e 0000     		.2byte	0
 992 0010 00000000 		.4byte	0
 993 0014 00000000 		.4byte	0
 994              		.section	.debug_line,"",%progbits
 995              	.Ldebug_line0:
 996 0000 FB010000 		.section	.debug_str,"MS",%progbits,1
 996      0200F501 
 996      00000201 
 996      FB0E0D00 
 996      01010101 
 997              	.LASF30:
 998 0000 43595F42 		.ascii	"CY_BLE_SCAN_STATE_SCAN_INITIATED\000"
 998      4C455F53 
 998      43414E5F 
 998      53544154 
 998      455F5343 
 999              	.LASF61:
 1000 0021 63795F62 		.ascii	"cy_ble_customUuid16\000"
 1000      6C655F63 
 1000      7573746F 
 1000      6D557569 
 1000      64313600 
 1001              	.LASF57:
 1002 0035 63795F73 		.ascii	"cy_stc_ble_customc_t\000"
 1002      74635F62 
 1002      6C655F63 
 1002      7573746F 
 1002      6D635F74 
 1003              	.LASF36:
 1004 004a 43595F42 		.ascii	"CY_BLE_CONN_STATE_CONNECTED\000"
 1004      4C455F43 
 1004      4F4E4E5F 
 1004      53544154 
 1004      455F434F 
 1005              	.LASF73:
 1006 0066 433A5C47 		.ascii	"C:\\Git\\PSoC6-101-Videos\\Projects_ScreenCapture\\"
ARM GAS  C:\Users\gjl\AppData\Local\Temp\ccfCyZEu.s 			page 19


 1006      69745C50 
 1006      536F4336 
 1006      2D313031 
 1006      2D566964 
 1007 0095 50536F43 		.ascii	"PSoC 6_101\\RC-3-4-CapSense.cydsn\000"
 1007      20365F31 
 1007      30315C52 
 1007      432D332D 
 1007      342D4361 
 1008              	.LASF5:
 1009 00b6 73686F72 		.ascii	"short int\000"
 1009      7420696E 
 1009      7400
 1010              	.LASF62:
 1011 00c0 63795F62 		.ascii	"cy_ble_customCDesc\000"
 1011      6C655F63 
 1011      7573746F 
 1011      6D434465 
 1011      736300
 1012              	.LASF14:
 1013 00d3 73697A65 		.ascii	"sizetype\000"
 1013      74797065 
 1013      00
 1014              	.LASF65:
 1015 00dc 63795F62 		.ascii	"cy_ble_scanState\000"
 1015      6C655F73 
 1015      63616E53 
 1015      74617465 
 1015      00
 1016              	.LASF37:
 1017 00ed 43595F42 		.ascii	"CY_BLE_CONN_STATE_CLIENT_SRVC_DISCOVERING\000"
 1017      4C455F43 
 1017      4F4E4E5F 
 1017      53544154 
 1017      455F434C 
 1018              	.LASF71:
 1019 0117 474E5520 		.ascii	"GNU C11 5.4.1 20160609 (release) [ARM/embedded-5-br"
 1019      43313120 
 1019      352E342E 
 1019      31203230 
 1019      31363036 
 1020 014a 616E6368 		.ascii	"anch revision 237715] -mcpu=cortex-m4 -mfloat-abi=s"
 1020      20726576 
 1020      6973696F 
 1020      6E203233 
 1020      37373135 
 1021 017d 6F667466 		.ascii	"oftfp -mfpu=fpv4-sp-d16 -mthumb -g -Og -ffunction-s"
 1021      70202D6D 
 1021      6670753D 
 1021      66707634 
 1021      2D73702D 
 1022 01b0 65637469 		.ascii	"ections -ffat-lto-objects\000"
 1022      6F6E7320 
 1022      2D666661 
 1022      742D6C74 
 1022      6F2D6F62 
 1023              	.LASF68:
ARM GAS  C:\Users\gjl\AppData\Local\Temp\ccfCyZEu.s 			page 20


 1024 01ca 63795F62 		.ascii	"cy_ble_pendingFlashWrite\000"
 1024      6C655F70 
 1024      656E6469 
 1024      6E67466C 
 1024      61736857 
 1025              	.LASF11:
 1026 01e3 5F5F7569 		.ascii	"__uint32_t\000"
 1026      6E743332 
 1026      5F7400
 1027              	.LASF54:
 1028 01ee 63757374 		.ascii	"customServHandle\000"
 1028      6F6D5365 
 1028      72764861 
 1028      6E646C65 
 1028      00
 1029              	.LASF7:
 1030 01ff 5F5F7569 		.ascii	"__uint16_t\000"
 1030      6E743136 
 1030      5F7400
 1031              	.LASF39:
 1032 020a 43595F42 		.ascii	"CY_BLE_CONN_STATE_CLIENT_CHAR_DISCOVERING\000"
 1032      4C455F43 
 1032      4F4E4E5F 
 1032      53544154 
 1032      455F434C 
 1033              	.LASF70:
 1034 0234 63795F62 		.ascii	"cy_ble_customConfig\000"
 1034      6C655F63 
 1034      7573746F 
 1034      6D436F6E 
 1034      66696700 
 1035              	.LASF26:
 1036 0248 76616C75 		.ascii	"value\000"
 1036      6500
 1037              	.LASF60:
 1038 024e 63795F62 		.ascii	"cy_ble_customUuid128\000"
 1038      6C655F63 
 1038      7573746F 
 1038      6D557569 
 1038      64313238 
 1039              	.LASF16:
 1040 0263 75696E74 		.ascii	"uint8_t\000"
 1040      385F7400 
 1041              	.LASF52:
 1042 026b 63757374 		.ascii	"customServCharDesc\000"
 1042      6F6D5365 
 1042      72764368 
 1042      61724465 
 1042      736300
 1043              	.LASF34:
 1044 027e 43595F42 		.ascii	"CY_BLE_CONN_STATE_DISCONNECTED\000"
 1044      4C455F43 
 1044      4F4E4E5F 
 1044      53544154 
 1044      455F4449 
 1045              	.LASF22:
 1046 029d 62644861 		.ascii	"bdHandle\000"
ARM GAS  C:\Users\gjl\AppData\Local\Temp\ccfCyZEu.s 			page 21


 1046      6E646C65 
 1046      00
 1047              	.LASF20:
 1048 02a6 666C6F61 		.ascii	"float\000"
 1048      7400
 1049              	.LASF55:
 1050 02ac 63686172 		.ascii	"charCount\000"
 1050      436F756E 
 1050      7400
 1051              	.LASF53:
 1052 02b6 63795F73 		.ascii	"cy_stc_ble_customc_char_t\000"
 1052      74635F62 
 1052      6C655F63 
 1052      7573746F 
 1052      6D635F63 
 1053              	.LASF1:
 1054 02d0 6C6F6E67 		.ascii	"long long int\000"
 1054      206C6F6E 
 1054      6720696E 
 1054      7400
 1055              	.LASF50:
 1056 02de 70726F70 		.ascii	"properties\000"
 1056      65727469 
 1056      657300
 1057              	.LASF66:
 1058 02e9 63795F62 		.ascii	"cy_ble_connHandle\000"
 1058      6C655F63 
 1058      6F6E6E48 
 1058      616E646C 
 1058      6500
 1059              	.LASF38:
 1060 02fb 43595F42 		.ascii	"CY_BLE_CONN_STATE_CLIENT_INCL_DISCOVERING\000"
 1060      4C455F43 
 1060      4F4E4E5F 
 1060      53544154 
 1060      455F434C 
 1061              	.LASF10:
 1062 0325 6C6F6E67 		.ascii	"long int\000"
 1062      20696E74 
 1062      00
 1063              	.LASF45:
 1064 032e 75756964 		.ascii	"uuid\000"
 1064      00
 1065              	.LASF6:
 1066 0333 5F5F7569 		.ascii	"__uint8_t\000"
 1066      6E74385F 
 1066      7400
 1067              	.LASF41:
 1068 033d 43595F42 		.ascii	"CY_BLE_CONN_STATE_CLIENT_DISCOVERED\000"
 1068      4C455F43 
 1068      4F4E4E5F 
 1068      53544154 
 1068      455F434C 
 1069              	.LASF49:
 1070 0361 63757374 		.ascii	"customServCharEndHandle\000"
 1070      6F6D5365 
 1070      72764368 
ARM GAS  C:\Users\gjl\AppData\Local\Temp\ccfCyZEu.s 			page 22


 1070      6172456E 
 1070      6448616E 
 1071              	.LASF44:
 1072 0379 64657363 		.ascii	"descHandle\000"
 1072      48616E64 
 1072      6C6500
 1073              	.LASF25:
 1074 0384 63795F62 		.ascii	"cy_ble_uuid16_t\000"
 1074      6C655F75 
 1074      75696431 
 1074      365F7400 
 1075              	.LASF2:
 1076 0394 6C6F6E67 		.ascii	"long double\000"
 1076      20646F75 
 1076      626C6500 
 1077              	.LASF40:
 1078 03a0 43595F42 		.ascii	"CY_BLE_CONN_STATE_CLIENT_DESCR_DISCOVERING\000"
 1078      4C455F43 
 1078      4F4E4E5F 
 1078      53544154 
 1078      455F434C 
 1079              	.LASF4:
 1080 03cb 756E7369 		.ascii	"unsigned char\000"
 1080      676E6564 
 1080      20636861 
 1080      7200
 1081              	.LASF46:
 1082 03d9 75756964 		.ascii	"uuidFormat\000"
 1082      466F726D 
 1082      617400
 1083              	.LASF56:
 1084 03e4 63757374 		.ascii	"customServChar\000"
 1084      6F6D5365 
 1084      72764368 
 1084      617200
 1085              	.LASF3:
 1086 03f3 7369676E 		.ascii	"signed char\000"
 1086      65642063 
 1086      68617200 
 1087              	.LASF13:
 1088 03ff 6C6F6E67 		.ascii	"long long unsigned int\000"
 1088      206C6F6E 
 1088      6720756E 
 1088      7369676E 
 1088      65642069 
 1089              	.LASF19:
 1090 0416 75696E74 		.ascii	"uint32_t\000"
 1090      33325F74 
 1090      00
 1091              	.LASF0:
 1092 041f 756E7369 		.ascii	"unsigned int\000"
 1092      676E6564 
 1092      20696E74 
 1092      00
 1093              	.LASF17:
 1094 042c 75696E74 		.ascii	"uint16_t\000"
 1094      31365F74 
ARM GAS  C:\Users\gjl\AppData\Local\Temp\ccfCyZEu.s 			page 23


 1094      00
 1095              	.LASF23:
 1096 0435 61747449 		.ascii	"attId\000"
 1096      6400
 1097              	.LASF59:
 1098 043b 63795F73 		.ascii	"cy_stc_ble_custom_config_t\000"
 1098      74635F62 
 1098      6C655F63 
 1098      7573746F 
 1098      6D5F636F 
 1099              	.LASF31:
 1100 0456 43595F42 		.ascii	"CY_BLE_SCAN_STATE_SCANNING\000"
 1100      4C455F53 
 1100      43414E5F 
 1100      53544154 
 1100      455F5343 
 1101              	.LASF8:
 1102 0471 73686F72 		.ascii	"short unsigned int\000"
 1102      7420756E 
 1102      7369676E 
 1102      65642069 
 1102      6E7400
 1103              	.LASF28:
 1104 0484 63795F62 		.ascii	"cy_ble_gatt_db_attr_handle_t\000"
 1104      6C655F67 
 1104      6174745F 
 1104      64625F61 
 1104      7474725F 
 1105              	.LASF15:
 1106 04a1 63686172 		.ascii	"char\000"
 1106      00
 1107              	.LASF18:
 1108 04a6 696E7433 		.ascii	"int32_t\000"
 1108      325F7400 
 1109              	.LASF9:
 1110 04ae 5F5F696E 		.ascii	"__int32_t\000"
 1110      7433325F 
 1110      7400
 1111              	.LASF47:
 1112 04b8 63795F73 		.ascii	"cy_stc_ble_customc_desc_t\000"
 1112      74635F62 
 1112      6C655F63 
 1112      7573746F 
 1112      6D635F64 
 1113              	.LASF43:
 1114 04d2 5F426F6F 		.ascii	"_Bool\000"
 1114      6C00
 1115              	.LASF51:
 1116 04d8 64657363 		.ascii	"descCount\000"
 1116      436F756E 
 1116      7400
 1117              	.LASF67:
 1118 04e2 63795F62 		.ascii	"cy_ble_connState\000"
 1118      6C655F63 
 1118      6F6E6E53 
 1118      74617465 
 1118      00
ARM GAS  C:\Users\gjl\AppData\Local\Temp\ccfCyZEu.s 			page 24


 1119              	.LASF33:
 1120 04f3 63795F65 		.ascii	"cy_en_ble_scan_state_t\000"
 1120      6E5F626C 
 1120      655F7363 
 1120      616E5F73 
 1120      74617465 
 1121              	.LASF12:
 1122 050a 6C6F6E67 		.ascii	"long unsigned int\000"
 1122      20756E73 
 1122      69676E65 
 1122      6420696E 
 1122      7400
 1123              	.LASF63:
 1124 051c 63795F62 		.ascii	"cy_ble_customCChar\000"
 1124      6C655F63 
 1124      7573746F 
 1124      6D434368 
 1124      617200
 1125              	.LASF21:
 1126 052f 646F7562 		.ascii	"double\000"
 1126      6C6500
 1127              	.LASF35:
 1128 0536 43595F42 		.ascii	"CY_BLE_CONN_STATE_CLIENT_DISCONNECTED_DISCOVERED\000"
 1128      4C455F43 
 1128      4F4E4E5F 
 1128      53544154 
 1128      455F434C 
 1129              	.LASF48:
 1130 0567 63757374 		.ascii	"customServCharHandle\000"
 1130      6F6D5365 
 1130      72764368 
 1130      61724861 
 1130      6E646C65 
 1131              	.LASF69:
 1132 057c 63795F62 		.ascii	"cy_ble_customCServ\000"
 1132      6C655F63 
 1132      7573746F 
 1132      6D435365 
 1132      727600
 1133              	.LASF72:
 1134 058f 47656E65 		.ascii	"Generated_Source\\PSoC6\\BLE_custom_config.c\000"
 1134      72617465 
 1134      645F536F 
 1134      75726365 
 1134      5C50536F 
 1135              	.LASF27:
 1136 05ba 63795F73 		.ascii	"cy_stc_ble_uuid128_t\000"
 1136      74635F62 
 1136      6C655F75 
 1136      75696431 
 1136      32385F74 
 1137              	.LASF32:
 1138 05cf 43595F42 		.ascii	"CY_BLE_SCAN_STATE_STOP_INITIATED\000"
 1138      4C455F53 
 1138      43414E5F 
 1138      53544154 
 1138      455F5354 
ARM GAS  C:\Users\gjl\AppData\Local\Temp\ccfCyZEu.s 			page 25


 1139              	.LASF29:
 1140 05f0 43595F42 		.ascii	"CY_BLE_SCAN_STATE_STOPPED\000"
 1140      4C455F53 
 1140      43414E5F 
 1140      53544154 
 1140      455F5354 
 1141              	.LASF42:
 1142 060a 63795F65 		.ascii	"cy_en_ble_conn_state_t\000"
 1142      6E5F626C 
 1142      655F636F 
 1142      6E6E5F73 
 1142      74617465 
 1143              	.LASF24:
 1144 0621 63795F73 		.ascii	"cy_stc_ble_conn_handle_t\000"
 1144      74635F62 
 1144      6C655F63 
 1144      6F6E6E5F 
 1144      68616E64 
 1145              	.LASF64:
 1146 063a 49544D5F 		.ascii	"ITM_RxBuffer\000"
 1146      52784275 
 1146      66666572 
 1146      00
 1147              	.LASF58:
 1148 0647 63757374 		.ascii	"customc\000"
 1148      6F6D6300 
 1149              		.ident	"GCC: (GNU Tools for ARM Embedded Processors) 5.4.1 20160609 (release) [ARM/embedded-5-bran
