ARM GAS  C:\Users\gjl\AppData\Local\Temp\cc6MPSv3.s 			page 1


   1              		.syntax unified
   2              		.cpu cortex-m0plus
   3              		.fpu softvfp
   4              		.eabi_attribute 20, 1
   5              		.eabi_attribute 21, 1
   6              		.eabi_attribute 23, 3
   7              		.eabi_attribute 24, 1
   8              		.eabi_attribute 25, 1
   9              		.eabi_attribute 26, 1
  10              		.eabi_attribute 30, 1
  11              		.eabi_attribute 34, 0
  12              		.eabi_attribute 18, 4
  13              		.thumb
  14              		.syntax unified
  15              		.file	"main_cm0p.c"
  16              		.text
  17              	.Ltext0:
  18              		.cfi_sections	.debug_frame
  19              		.section	.text.main,"ax",%progbits
  20              		.align	2
  21              		.global	main
  22              		.code	16
  23              		.thumb_func
  24              		.type	main, %function
  25              	main:
  26              	.LFB485:
  27              		.file 1 "main_cm0p.c"
   1:main_cm0p.c   **** /* ========================================
   2:main_cm0p.c   ****  *
   3:main_cm0p.c   ****  * Copyright YOUR COMPANY, THE YEAR
   4:main_cm0p.c   ****  * All Rights Reserved
   5:main_cm0p.c   ****  * UNPUBLISHED, LICENSED SOFTWARE.
   6:main_cm0p.c   ****  *
   7:main_cm0p.c   ****  * CONFIDENTIAL AND PROPRIETARY INFORMATION
   8:main_cm0p.c   ****  * WHICH IS THE PROPERTY OF your company.
   9:main_cm0p.c   ****  *
  10:main_cm0p.c   ****  * ========================================
  11:main_cm0p.c   **** */
  12:main_cm0p.c   **** #include "project.h"
  13:main_cm0p.c   **** 
  14:main_cm0p.c   **** int main(void)
  15:main_cm0p.c   **** {
  28              		.loc 1 15 0
  29              		.cfi_startproc
  30              		@ Volatile: function does not return.
  31              		@ args = 0, pretend = 0, frame = 0
  32              		@ frame_needed = 0, uses_anonymous_args = 0
  33 0000 10B5     		push	{r4, lr}
  34              		.cfi_def_cfa_offset 8
  35              		.cfi_offset 4, -8
  36              		.cfi_offset 14, -4
  37              	.LBB4:
  38              	.LBB5:
  39              		.file 2 "Generated_Source\\PSoC6\\pdl\\cmsis/include/cmsis_gcc.h"
   1:Generated_Source\PSoC6\pdl\cmsis/include/cmsis_gcc.h **** /**************************************************************************//**
   2:Generated_Source\PSoC6\pdl\cmsis/include/cmsis_gcc.h ****  * @file     cmsis_gcc.h
   3:Generated_Source\PSoC6\pdl\cmsis/include/cmsis_gcc.h ****  * @brief    CMSIS compiler GCC header file
ARM GAS  C:\Users\gjl\AppData\Local\Temp\cc6MPSv3.s 			page 2


   4:Generated_Source\PSoC6\pdl\cmsis/include/cmsis_gcc.h ****  * @version  V5.0.1
   5:Generated_Source\PSoC6\pdl\cmsis/include/cmsis_gcc.h ****  * @date     02. February 2017
   6:Generated_Source\PSoC6\pdl\cmsis/include/cmsis_gcc.h ****  ******************************************************************************/
   7:Generated_Source\PSoC6\pdl\cmsis/include/cmsis_gcc.h **** /*
   8:Generated_Source\PSoC6\pdl\cmsis/include/cmsis_gcc.h ****  * Copyright (c) 2009-2017 ARM Limited. All rights reserved.
   9:Generated_Source\PSoC6\pdl\cmsis/include/cmsis_gcc.h ****  *
  10:Generated_Source\PSoC6\pdl\cmsis/include/cmsis_gcc.h ****  * SPDX-License-Identifier: Apache-2.0
  11:Generated_Source\PSoC6\pdl\cmsis/include/cmsis_gcc.h ****  *
  12:Generated_Source\PSoC6\pdl\cmsis/include/cmsis_gcc.h ****  * Licensed under the Apache License, Version 2.0 (the License); you may
  13:Generated_Source\PSoC6\pdl\cmsis/include/cmsis_gcc.h ****  * not use this file except in compliance with the License.
  14:Generated_Source\PSoC6\pdl\cmsis/include/cmsis_gcc.h ****  * You may obtain a copy of the License at
  15:Generated_Source\PSoC6\pdl\cmsis/include/cmsis_gcc.h ****  *
  16:Generated_Source\PSoC6\pdl\cmsis/include/cmsis_gcc.h ****  * www.apache.org/licenses/LICENSE-2.0
  17:Generated_Source\PSoC6\pdl\cmsis/include/cmsis_gcc.h ****  *
  18:Generated_Source\PSoC6\pdl\cmsis/include/cmsis_gcc.h ****  * Unless required by applicable law or agreed to in writing, software
  19:Generated_Source\PSoC6\pdl\cmsis/include/cmsis_gcc.h ****  * distributed under the License is distributed on an AS IS BASIS, WITHOUT
  20:Generated_Source\PSoC6\pdl\cmsis/include/cmsis_gcc.h ****  * WARRANTIES OR CONDITIONS OF ANY KIND, either express or implied.
  21:Generated_Source\PSoC6\pdl\cmsis/include/cmsis_gcc.h ****  * See the License for the specific language governing permissions and
  22:Generated_Source\PSoC6\pdl\cmsis/include/cmsis_gcc.h ****  * limitations under the License.
  23:Generated_Source\PSoC6\pdl\cmsis/include/cmsis_gcc.h ****  */
  24:Generated_Source\PSoC6\pdl\cmsis/include/cmsis_gcc.h **** 
  25:Generated_Source\PSoC6\pdl\cmsis/include/cmsis_gcc.h **** #ifndef __CMSIS_GCC_H
  26:Generated_Source\PSoC6\pdl\cmsis/include/cmsis_gcc.h **** #define __CMSIS_GCC_H
  27:Generated_Source\PSoC6\pdl\cmsis/include/cmsis_gcc.h **** 
  28:Generated_Source\PSoC6\pdl\cmsis/include/cmsis_gcc.h **** /* ignore some GCC warnings */
  29:Generated_Source\PSoC6\pdl\cmsis/include/cmsis_gcc.h **** #pragma GCC diagnostic push
  30:Generated_Source\PSoC6\pdl\cmsis/include/cmsis_gcc.h **** #pragma GCC diagnostic ignored "-Wsign-conversion"
  31:Generated_Source\PSoC6\pdl\cmsis/include/cmsis_gcc.h **** #pragma GCC diagnostic ignored "-Wconversion"
  32:Generated_Source\PSoC6\pdl\cmsis/include/cmsis_gcc.h **** #pragma GCC diagnostic ignored "-Wunused-parameter"
  33:Generated_Source\PSoC6\pdl\cmsis/include/cmsis_gcc.h **** 
  34:Generated_Source\PSoC6\pdl\cmsis/include/cmsis_gcc.h **** /* CMSIS compiler specific defines */
  35:Generated_Source\PSoC6\pdl\cmsis/include/cmsis_gcc.h **** #ifndef   __ASM
  36:Generated_Source\PSoC6\pdl\cmsis/include/cmsis_gcc.h ****   #define __ASM                     __asm
  37:Generated_Source\PSoC6\pdl\cmsis/include/cmsis_gcc.h **** #endif
  38:Generated_Source\PSoC6\pdl\cmsis/include/cmsis_gcc.h **** #ifndef   __INLINE
  39:Generated_Source\PSoC6\pdl\cmsis/include/cmsis_gcc.h ****   #define __INLINE                  inline
  40:Generated_Source\PSoC6\pdl\cmsis/include/cmsis_gcc.h **** #endif
  41:Generated_Source\PSoC6\pdl\cmsis/include/cmsis_gcc.h **** #ifndef   __STATIC_INLINE
  42:Generated_Source\PSoC6\pdl\cmsis/include/cmsis_gcc.h ****   #define __STATIC_INLINE           static inline
  43:Generated_Source\PSoC6\pdl\cmsis/include/cmsis_gcc.h **** #endif
  44:Generated_Source\PSoC6\pdl\cmsis/include/cmsis_gcc.h **** #ifndef   __NO_RETURN
  45:Generated_Source\PSoC6\pdl\cmsis/include/cmsis_gcc.h ****   #define __NO_RETURN               __attribute__((noreturn))
  46:Generated_Source\PSoC6\pdl\cmsis/include/cmsis_gcc.h **** #endif
  47:Generated_Source\PSoC6\pdl\cmsis/include/cmsis_gcc.h **** #ifndef   __USED
  48:Generated_Source\PSoC6\pdl\cmsis/include/cmsis_gcc.h ****   #define __USED                    __attribute__((used))
  49:Generated_Source\PSoC6\pdl\cmsis/include/cmsis_gcc.h **** #endif
  50:Generated_Source\PSoC6\pdl\cmsis/include/cmsis_gcc.h **** #ifndef   __WEAK
  51:Generated_Source\PSoC6\pdl\cmsis/include/cmsis_gcc.h ****   #define __WEAK                    __attribute__((weak))
  52:Generated_Source\PSoC6\pdl\cmsis/include/cmsis_gcc.h **** #endif
  53:Generated_Source\PSoC6\pdl\cmsis/include/cmsis_gcc.h **** #ifndef   __UNALIGNED_UINT32
  54:Generated_Source\PSoC6\pdl\cmsis/include/cmsis_gcc.h **** #pragma GCC diagnostic push
  55:Generated_Source\PSoC6\pdl\cmsis/include/cmsis_gcc.h **** #pragma GCC diagnostic ignored "-Wpacked"
  56:Generated_Source\PSoC6\pdl\cmsis/include/cmsis_gcc.h **** #pragma GCC diagnostic ignored "-Wattributes"
  57:Generated_Source\PSoC6\pdl\cmsis/include/cmsis_gcc.h ****   struct __attribute__((packed)) T_UINT32 { uint32_t v; };
  58:Generated_Source\PSoC6\pdl\cmsis/include/cmsis_gcc.h **** #pragma GCC diagnostic pop
  59:Generated_Source\PSoC6\pdl\cmsis/include/cmsis_gcc.h ****   #define __UNALIGNED_UINT32(x)     (((struct T_UINT32 *)(x))->v)
  60:Generated_Source\PSoC6\pdl\cmsis/include/cmsis_gcc.h **** #endif
ARM GAS  C:\Users\gjl\AppData\Local\Temp\cc6MPSv3.s 			page 3


  61:Generated_Source\PSoC6\pdl\cmsis/include/cmsis_gcc.h **** #ifndef   __ALIGNED
  62:Generated_Source\PSoC6\pdl\cmsis/include/cmsis_gcc.h ****   #define __ALIGNED(x)              __attribute__((aligned(x)))
  63:Generated_Source\PSoC6\pdl\cmsis/include/cmsis_gcc.h **** #endif
  64:Generated_Source\PSoC6\pdl\cmsis/include/cmsis_gcc.h **** #ifndef   __PACKED
  65:Generated_Source\PSoC6\pdl\cmsis/include/cmsis_gcc.h ****   #define __PACKED                  __attribute__((packed, aligned(1)))
  66:Generated_Source\PSoC6\pdl\cmsis/include/cmsis_gcc.h **** #endif
  67:Generated_Source\PSoC6\pdl\cmsis/include/cmsis_gcc.h **** #ifndef   __PACKED_STRUCT
  68:Generated_Source\PSoC6\pdl\cmsis/include/cmsis_gcc.h ****   #define __PACKED_STRUCT           struct __attribute__((packed, aligned(1)))
  69:Generated_Source\PSoC6\pdl\cmsis/include/cmsis_gcc.h **** #endif
  70:Generated_Source\PSoC6\pdl\cmsis/include/cmsis_gcc.h **** 
  71:Generated_Source\PSoC6\pdl\cmsis/include/cmsis_gcc.h **** 
  72:Generated_Source\PSoC6\pdl\cmsis/include/cmsis_gcc.h **** /* ###########################  Core Function Access  ########################### */
  73:Generated_Source\PSoC6\pdl\cmsis/include/cmsis_gcc.h **** /** \ingroup  CMSIS_Core_FunctionInterface
  74:Generated_Source\PSoC6\pdl\cmsis/include/cmsis_gcc.h ****     \defgroup CMSIS_Core_RegAccFunctions CMSIS Core Register Access Functions
  75:Generated_Source\PSoC6\pdl\cmsis/include/cmsis_gcc.h ****   @{
  76:Generated_Source\PSoC6\pdl\cmsis/include/cmsis_gcc.h ****  */
  77:Generated_Source\PSoC6\pdl\cmsis/include/cmsis_gcc.h **** 
  78:Generated_Source\PSoC6\pdl\cmsis/include/cmsis_gcc.h **** /**
  79:Generated_Source\PSoC6\pdl\cmsis/include/cmsis_gcc.h ****   \brief   Enable IRQ Interrupts
  80:Generated_Source\PSoC6\pdl\cmsis/include/cmsis_gcc.h ****   \details Enables IRQ interrupts by clearing the I-bit in the CPSR.
  81:Generated_Source\PSoC6\pdl\cmsis/include/cmsis_gcc.h ****            Can only be executed in Privileged modes.
  82:Generated_Source\PSoC6\pdl\cmsis/include/cmsis_gcc.h ****  */
  83:Generated_Source\PSoC6\pdl\cmsis/include/cmsis_gcc.h **** __attribute__((always_inline)) __STATIC_INLINE void __enable_irq(void)
  84:Generated_Source\PSoC6\pdl\cmsis/include/cmsis_gcc.h **** {
  85:Generated_Source\PSoC6\pdl\cmsis/include/cmsis_gcc.h ****   __ASM volatile ("cpsie i" : : : "memory");
  40              		.loc 2 85 0
  41              		.syntax divided
  42              	@ 85 "Generated_Source\PSoC6\pdl\cmsis/include/cmsis_gcc.h" 1
  43 0002 62B6     		cpsie i
  44              	@ 0 "" 2
  45              		.thumb
  46              		.syntax unified
  47              	.LBE5:
  48              	.LBE4:
  16:main_cm0p.c   ****     __enable_irq(); /* Enable global interrupts. */
  17:main_cm0p.c   ****     /* Enable CM4.  CY_CORTEX_M4_APPL_ADDR must be updated if CM4 memory layout is changed. */
  18:main_cm0p.c   ****     Cy_SysEnableCM4(CY_CORTEX_M4_APPL_ADDR); 
  49              		.loc 1 18 0
  50 0004 0148     		ldr	r0, .L3
  51 0006 FFF7FEFF 		bl	Cy_SysEnableCM4
  52              	.LVL0:
  53              	.L2:
  54 000a FEE7     		b	.L2
  55              	.L4:
  56              		.align	2
  57              	.L3:
  58 000c 00000810 		.word	268959744
  59              		.cfi_endproc
  60              	.LFE485:
  61              		.size	main, .-main
  62              		.text
  63              	.Letext0:
  64              		.file 3 "c:\\program files (x86)\\cypress\\psoc creator\\4.2\\psoc creator\\import\\gnu\\arm\\5.4.
  65              		.file 4 "c:\\program files (x86)\\cypress\\psoc creator\\4.2\\psoc creator\\import\\gnu\\arm\\5.4.
  66              		.file 5 "Generated_Source\\PSoC6\\pdl\\drivers/peripheral/tcpwm/cy_tcpwm_pwm.h"
  67              		.file 6 "Generated_Source\\PSoC6\\pdl\\drivers/peripheral/scb/cy_scb_uart.h"
  68              		.file 7 "Generated_Source\\PSoC6/UART.h"
ARM GAS  C:\Users\gjl\AppData\Local\Temp\cc6MPSv3.s 			page 4


  69              		.file 8 "Generated_Source\\PSoC6/PWM_1.h"
  70              		.file 9 "Generated_Source\\PSoC6/PWM_2.h"
  71              		.file 10 "./system_psoc63.h"
  72              		.section	.debug_info,"",%progbits
  73              	.Ldebug_info0:
  74 0000 56030000 		.4byte	0x356
  75 0004 0400     		.2byte	0x4
  76 0006 00000000 		.4byte	.Ldebug_abbrev0
  77 000a 04       		.byte	0x4
  78 000b 01       		.uleb128 0x1
  79 000c 01010000 		.4byte	.LASF64
  80 0010 0C       		.byte	0xc
  81 0011 CA000000 		.4byte	.LASF65
  82 0015 60000000 		.4byte	.LASF66
  83 0019 00000000 		.4byte	.Ldebug_ranges0+0
  84 001d 00000000 		.4byte	0
  85 0021 00000000 		.4byte	.Ldebug_line0
  86 0025 02       		.uleb128 0x2
  87 0026 02       		.byte	0x2
  88 0027 05       		.byte	0x5
  89 0028 D6000000 		.4byte	.LASF0
  90 002c 02       		.uleb128 0x2
  91 002d 01       		.byte	0x1
  92 002e 08       		.byte	0x8
  93 002f D4020000 		.4byte	.LASF1
  94 0033 02       		.uleb128 0x2
  95 0034 01       		.byte	0x1
  96 0035 06       		.byte	0x6
  97 0036 FD020000 		.4byte	.LASF2
  98 003a 02       		.uleb128 0x2
  99 003b 02       		.byte	0x2
 100 003c 07       		.byte	0x7
 101 003d 51030000 		.4byte	.LASF3
 102 0041 02       		.uleb128 0x2
 103 0042 04       		.byte	0x4
 104 0043 05       		.byte	0x5
 105 0044 D7010000 		.4byte	.LASF4
 106 0048 03       		.uleb128 0x3
 107 0049 BA010000 		.4byte	.LASF9
 108 004d 03       		.byte	0x3
 109 004e 41       		.byte	0x41
 110 004f 53000000 		.4byte	0x53
 111 0053 02       		.uleb128 0x2
 112 0054 04       		.byte	0x4
 113 0055 07       		.byte	0x7
 114 0056 9D030000 		.4byte	.LASF5
 115 005a 02       		.uleb128 0x2
 116 005b 08       		.byte	0x8
 117 005c 05       		.byte	0x5
 118 005d 72020000 		.4byte	.LASF6
 119 0061 02       		.uleb128 0x2
 120 0062 08       		.byte	0x8
 121 0063 07       		.byte	0x7
 122 0064 09030000 		.4byte	.LASF7
 123 0068 04       		.uleb128 0x4
 124 0069 04       		.byte	0x4
 125 006a 05       		.byte	0x5
ARM GAS  C:\Users\gjl\AppData\Local\Temp\cc6MPSv3.s 			page 5


 126 006b 696E7400 		.ascii	"int\000"
 127 006f 02       		.uleb128 0x2
 128 0070 04       		.byte	0x4
 129 0071 07       		.byte	0x7
 130 0072 29030000 		.4byte	.LASF8
 131 0076 03       		.uleb128 0x3
 132 0077 20030000 		.4byte	.LASF10
 133 007b 04       		.byte	0x4
 134 007c 30       		.byte	0x30
 135 007d 48000000 		.4byte	0x48
 136 0081 02       		.uleb128 0x2
 137 0082 04       		.byte	0x4
 138 0083 07       		.byte	0x7
 139 0084 E0000000 		.4byte	.LASF11
 140 0088 05       		.uleb128 0x5
 141 0089 76000000 		.4byte	0x76
 142 008d 02       		.uleb128 0x2
 143 008e 08       		.byte	0x8
 144 008f 04       		.byte	0x4
 145 0090 B0020000 		.4byte	.LASF12
 146 0094 02       		.uleb128 0x2
 147 0095 01       		.byte	0x1
 148 0096 08       		.byte	0x8
 149 0097 6A030000 		.4byte	.LASF13
 150 009b 02       		.uleb128 0x2
 151 009c 04       		.byte	0x4
 152 009d 04       		.byte	0x4
 153 009e 4C020000 		.4byte	.LASF14
 154 00a2 02       		.uleb128 0x2
 155 00a3 08       		.byte	0x8
 156 00a4 04       		.byte	0x4
 157 00a5 AF030000 		.4byte	.LASF15
 158 00a9 06       		.uleb128 0x6
 159 00aa 04       		.byte	0x4
 160 00ab 02       		.uleb128 0x2
 161 00ac 01       		.byte	0x1
 162 00ad 02       		.byte	0x2
 163 00ae 87030000 		.4byte	.LASF16
 164 00b2 07       		.uleb128 0x7
 165 00b3 9D010000 		.4byte	.LASF44
 166 00b7 64       		.byte	0x64
 167 00b8 05       		.byte	0x5
 168 00b9 2B       		.byte	0x2b
 169 00ba EB010000 		.4byte	0x1eb
 170 00be 08       		.uleb128 0x8
 171 00bf 0F040000 		.4byte	.LASF17
 172 00c3 05       		.byte	0x5
 173 00c4 2D       		.byte	0x2d
 174 00c5 76000000 		.4byte	0x76
 175 00c9 00       		.byte	0
 176 00ca 08       		.uleb128 0x8
 177 00cb 0C000000 		.4byte	.LASF18
 178 00cf 05       		.byte	0x5
 179 00d0 2F       		.byte	0x2f
 180 00d1 76000000 		.4byte	0x76
 181 00d5 04       		.byte	0x4
 182 00d6 08       		.uleb128 0x8
ARM GAS  C:\Users\gjl\AppData\Local\Temp\cc6MPSv3.s 			page 6


 183 00d7 E0010000 		.4byte	.LASF19
 184 00db 05       		.byte	0x5
 185 00dc 30       		.byte	0x30
 186 00dd 76000000 		.4byte	0x76
 187 00e1 08       		.byte	0x8
 188 00e2 08       		.uleb128 0x8
 189 00e3 78030000 		.4byte	.LASF20
 190 00e7 05       		.byte	0x5
 191 00e8 31       		.byte	0x31
 192 00e9 76000000 		.4byte	0x76
 193 00ed 0C       		.byte	0xc
 194 00ee 08       		.uleb128 0x8
 195 00ef 80020000 		.4byte	.LASF21
 196 00f3 05       		.byte	0x5
 197 00f4 32       		.byte	0x32
 198 00f5 76000000 		.4byte	0x76
 199 00f9 10       		.byte	0x10
 200 00fa 08       		.uleb128 0x8
 201 00fb 52020000 		.4byte	.LASF22
 202 00ff 05       		.byte	0x5
 203 0100 33       		.byte	0x33
 204 0101 76000000 		.4byte	0x76
 205 0105 14       		.byte	0x14
 206 0106 08       		.uleb128 0x8
 207 0107 5A020000 		.4byte	.LASF23
 208 010b 05       		.byte	0x5
 209 010c 34       		.byte	0x34
 210 010d 76000000 		.4byte	0x76
 211 0111 18       		.byte	0x18
 212 0112 08       		.uleb128 0x8
 213 0113 EC020000 		.4byte	.LASF24
 214 0117 05       		.byte	0x5
 215 0118 35       		.byte	0x35
 216 0119 AB000000 		.4byte	0xab
 217 011d 1C       		.byte	0x1c
 218 011e 08       		.uleb128 0x8
 219 011f 2A000000 		.4byte	.LASF25
 220 0123 05       		.byte	0x5
 221 0124 36       		.byte	0x36
 222 0125 76000000 		.4byte	0x76
 223 0129 20       		.byte	0x20
 224 012a 08       		.uleb128 0x8
 225 012b 33000000 		.4byte	.LASF26
 226 012f 05       		.byte	0x5
 227 0130 37       		.byte	0x37
 228 0131 76000000 		.4byte	0x76
 229 0135 24       		.byte	0x24
 230 0136 08       		.uleb128 0x8
 231 0137 ED010000 		.4byte	.LASF27
 232 013b 05       		.byte	0x5
 233 013c 38       		.byte	0x38
 234 013d AB000000 		.4byte	0xab
 235 0141 28       		.byte	0x28
 236 0142 08       		.uleb128 0x8
 237 0143 24020000 		.4byte	.LASF28
 238 0147 05       		.byte	0x5
 239 0148 3A       		.byte	0x3a
ARM GAS  C:\Users\gjl\AppData\Local\Temp\cc6MPSv3.s 			page 7


 240 0149 76000000 		.4byte	0x76
 241 014d 2C       		.byte	0x2c
 242 014e 08       		.uleb128 0x8
 243 014f 96020000 		.4byte	.LASF29
 244 0153 05       		.byte	0x5
 245 0154 3B       		.byte	0x3b
 246 0155 76000000 		.4byte	0x76
 247 0159 30       		.byte	0x30
 248 015a 08       		.uleb128 0x8
 249 015b 43030000 		.4byte	.LASF30
 250 015f 05       		.byte	0x5
 251 0160 3C       		.byte	0x3c
 252 0161 76000000 		.4byte	0x76
 253 0165 34       		.byte	0x34
 254 0166 08       		.uleb128 0x8
 255 0167 35020000 		.4byte	.LASF31
 256 016b 05       		.byte	0x5
 257 016c 3D       		.byte	0x3d
 258 016d 76000000 		.4byte	0x76
 259 0171 38       		.byte	0x38
 260 0172 08       		.uleb128 0x8
 261 0173 B6030000 		.4byte	.LASF32
 262 0177 05       		.byte	0x5
 263 0178 3E       		.byte	0x3e
 264 0179 76000000 		.4byte	0x76
 265 017d 3C       		.byte	0x3c
 266 017e 08       		.uleb128 0x8
 267 017f DD030000 		.4byte	.LASF33
 268 0183 05       		.byte	0x5
 269 0184 40       		.byte	0x40
 270 0185 76000000 		.4byte	0x76
 271 0189 40       		.byte	0x40
 272 018a 08       		.uleb128 0x8
 273 018b 62020000 		.4byte	.LASF34
 274 018f 05       		.byte	0x5
 275 0190 41       		.byte	0x41
 276 0191 76000000 		.4byte	0x76
 277 0195 44       		.byte	0x44
 278 0196 08       		.uleb128 0x8
 279 0197 00000000 		.4byte	.LASF35
 280 019b 05       		.byte	0x5
 281 019c 43       		.byte	0x43
 282 019d 76000000 		.4byte	0x76
 283 01a1 48       		.byte	0x48
 284 01a2 08       		.uleb128 0x8
 285 01a3 BC020000 		.4byte	.LASF36
 286 01a7 05       		.byte	0x5
 287 01a8 44       		.byte	0x44
 288 01a9 76000000 		.4byte	0x76
 289 01ad 4C       		.byte	0x4c
 290 01ae 08       		.uleb128 0x8
 291 01af CA030000 		.4byte	.LASF37
 292 01b3 05       		.byte	0x5
 293 01b4 46       		.byte	0x46
 294 01b5 76000000 		.4byte	0x76
 295 01b9 50       		.byte	0x50
 296 01ba 08       		.uleb128 0x8
ARM GAS  C:\Users\gjl\AppData\Local\Temp\cc6MPSv3.s 			page 8


 297 01bb 0C020000 		.4byte	.LASF38
 298 01bf 05       		.byte	0x5
 299 01c0 47       		.byte	0x47
 300 01c1 76000000 		.4byte	0x76
 301 01c5 54       		.byte	0x54
 302 01c6 08       		.uleb128 0x8
 303 01c7 1A020000 		.4byte	.LASF39
 304 01cb 05       		.byte	0x5
 305 01cc 49       		.byte	0x49
 306 01cd 76000000 		.4byte	0x76
 307 01d1 58       		.byte	0x58
 308 01d2 08       		.uleb128 0x8
 309 01d3 1B000000 		.4byte	.LASF40
 310 01d7 05       		.byte	0x5
 311 01d8 4A       		.byte	0x4a
 312 01d9 76000000 		.4byte	0x76
 313 01dd 5C       		.byte	0x5c
 314 01de 08       		.uleb128 0x8
 315 01df 24040000 		.4byte	.LASF41
 316 01e3 05       		.byte	0x5
 317 01e4 4C       		.byte	0x4c
 318 01e5 76000000 		.4byte	0x76
 319 01e9 60       		.byte	0x60
 320 01ea 00       		.byte	0
 321 01eb 03       		.uleb128 0x3
 322 01ec 3C000000 		.4byte	.LASF42
 323 01f0 05       		.byte	0x5
 324 01f1 4D       		.byte	0x4d
 325 01f2 B2000000 		.4byte	0xb2
 326 01f6 09       		.uleb128 0x9
 327 01f7 04       		.byte	0x4
 328 01f8 FC010000 		.4byte	0x1fc
 329 01fc 0A       		.uleb128 0xa
 330 01fd 07020000 		.4byte	0x207
 331 0201 0B       		.uleb128 0xb
 332 0202 76000000 		.4byte	0x76
 333 0206 00       		.byte	0
 334 0207 0C       		.uleb128 0xc
 335 0208 AB000000 		.4byte	.LASF43
 336 020c 06       		.byte	0x6
 337 020d AB01     		.2byte	0x1ab
 338 020f F6010000 		.4byte	0x1f6
 339 0213 0D       		.uleb128 0xd
 340 0214 E9000000 		.4byte	.LASF45
 341 0218 38       		.byte	0x38
 342 0219 06       		.byte	0x6
 343 021a 4702     		.2byte	0x247
 344 021c D7020000 		.4byte	0x2d7
 345 0220 0E       		.uleb128 0xe
 346 0221 C5010000 		.4byte	.LASF46
 347 0225 06       		.byte	0x6
 348 0226 4A02     		.2byte	0x24a
 349 0228 88000000 		.4byte	0x88
 350 022c 00       		.byte	0
 351 022d 0E       		.uleb128 0xe
 352 022e CB020000 		.4byte	.LASF47
 353 0232 06       		.byte	0x6
ARM GAS  C:\Users\gjl\AppData\Local\Temp\cc6MPSv3.s 			page 9


 354 0233 4B02     		.2byte	0x24b
 355 0235 88000000 		.4byte	0x88
 356 0239 04       		.byte	0x4
 357 023a 0E       		.uleb128 0xe
 358 023b E2020000 		.4byte	.LASF48
 359 023f 06       		.byte	0x6
 360 0240 4D02     		.2byte	0x24d
 361 0242 A9000000 		.4byte	0xa9
 362 0246 08       		.byte	0x8
 363 0247 0E       		.uleb128 0xe
 364 0248 88020000 		.4byte	.LASF49
 365 024c 06       		.byte	0x6
 366 024d 4E02     		.2byte	0x24e
 367 024f 76000000 		.4byte	0x76
 368 0253 0C       		.byte	0xc
 369 0254 0E       		.uleb128 0xe
 370 0255 3E020000 		.4byte	.LASF50
 371 0259 06       		.byte	0x6
 372 025a 4F02     		.2byte	0x24f
 373 025c 88000000 		.4byte	0x88
 374 0260 10       		.byte	0x10
 375 0261 0E       		.uleb128 0xe
 376 0262 01040000 		.4byte	.LASF51
 377 0266 06       		.byte	0x6
 378 0267 5002     		.2byte	0x250
 379 0269 88000000 		.4byte	0x88
 380 026d 14       		.byte	0x14
 381 026e 0E       		.uleb128 0xe
 382 026f 64030000 		.4byte	.LASF52
 383 0273 06       		.byte	0x6
 384 0274 5202     		.2byte	0x252
 385 0276 A9000000 		.4byte	0xa9
 386 027a 18       		.byte	0x18
 387 027b 0E       		.uleb128 0xe
 388 027c 56000000 		.4byte	.LASF53
 389 0280 06       		.byte	0x6
 390 0281 5302     		.2byte	0x253
 391 0283 76000000 		.4byte	0x76
 392 0287 1C       		.byte	0x1c
 393 0288 0E       		.uleb128 0xe
 394 0289 CE010000 		.4byte	.LASF54
 395 028d 06       		.byte	0x6
 396 028e 5402     		.2byte	0x254
 397 0290 88000000 		.4byte	0x88
 398 0294 20       		.byte	0x20
 399 0295 0E       		.uleb128 0xe
 400 0296 C4030000 		.4byte	.LASF55
 401 029a 06       		.byte	0x6
 402 029b 5602     		.2byte	0x256
 403 029d A9000000 		.4byte	0xa9
 404 02a1 24       		.byte	0x24
 405 02a2 0E       		.uleb128 0xe
 406 02a3 93010000 		.4byte	.LASF56
 407 02a7 06       		.byte	0x6
 408 02a8 5702     		.2byte	0x257
 409 02aa 76000000 		.4byte	0x76
 410 02ae 28       		.byte	0x28
ARM GAS  C:\Users\gjl\AppData\Local\Temp\cc6MPSv3.s 			page 10


 411 02af 0E       		.uleb128 0xe
 412 02b0 2F040000 		.4byte	.LASF57
 413 02b4 06       		.byte	0x6
 414 02b5 5802     		.2byte	0x258
 415 02b7 88000000 		.4byte	0x88
 416 02bb 2C       		.byte	0x2c
 417 02bc 0E       		.uleb128 0xe
 418 02bd 6F030000 		.4byte	.LASF58
 419 02c1 06       		.byte	0x6
 420 02c2 5D02     		.2byte	0x25d
 421 02c4 07020000 		.4byte	0x207
 422 02c8 30       		.byte	0x30
 423 02c9 0E       		.uleb128 0xe
 424 02ca D5030000 		.4byte	.LASF59
 425 02ce 06       		.byte	0x6
 426 02cf 6002     		.2byte	0x260
 427 02d1 76000000 		.4byte	0x76
 428 02d5 34       		.byte	0x34
 429 02d6 00       		.byte	0
 430 02d7 0C       		.uleb128 0xc
 431 02d8 E7030000 		.4byte	.LASF60
 432 02dc 06       		.byte	0x6
 433 02dd 6302     		.2byte	0x263
 434 02df 13020000 		.4byte	0x213
 435 02e3 0F       		.uleb128 0xf
 436 02e4 A3020000 		.4byte	.LASF67
 437 02e8 02       		.byte	0x2
 438 02e9 53       		.byte	0x53
 439 02ea 03       		.byte	0x3
 440 02eb 10       		.uleb128 0x10
 441 02ec B5010000 		.4byte	.LASF68
 442 02f0 01       		.byte	0x1
 443 02f1 0E       		.byte	0xe
 444 02f2 68000000 		.4byte	0x68
 445 02f6 00000000 		.4byte	.LFB485
 446 02fa 10000000 		.4byte	.LFE485-.LFB485
 447 02fe 01       		.uleb128 0x1
 448 02ff 9C       		.byte	0x9c
 449 0300 27030000 		.4byte	0x327
 450 0304 11       		.uleb128 0x11
 451 0305 E3020000 		.4byte	0x2e3
 452 0309 02000000 		.4byte	.LBB4
 453 030d 02000000 		.4byte	.LBE4-.LBB4
 454 0311 01       		.byte	0x1
 455 0312 10       		.byte	0x10
 456 0313 12       		.uleb128 0x12
 457 0314 0A000000 		.4byte	.LVL0
 458 0318 4D030000 		.4byte	0x34d
 459 031c 13       		.uleb128 0x13
 460 031d 01       		.uleb128 0x1
 461 031e 50       		.byte	0x50
 462 031f 05       		.uleb128 0x5
 463 0320 0C       		.byte	0xc
 464 0321 00000810 		.4byte	0x10080000
 465 0325 00       		.byte	0
 466 0326 00       		.byte	0
 467 0327 14       		.uleb128 0x14
ARM GAS  C:\Users\gjl\AppData\Local\Temp\cc6MPSv3.s 			page 11


 468 0328 17040000 		.4byte	.LASF61
 469 032c 07       		.byte	0x7
 470 032d 87       		.byte	0x87
 471 032e D7020000 		.4byte	0x2d7
 472 0332 14       		.uleb128 0x14
 473 0333 FF010000 		.4byte	.LASF62
 474 0337 08       		.byte	0x8
 475 0338 1F       		.byte	0x1f
 476 0339 3D030000 		.4byte	0x33d
 477 033d 15       		.uleb128 0x15
 478 033e EB010000 		.4byte	0x1eb
 479 0342 14       		.uleb128 0x14
 480 0343 36030000 		.4byte	.LASF63
 481 0347 09       		.byte	0x9
 482 0348 1F       		.byte	0x1f
 483 0349 3D030000 		.4byte	0x33d
 484 034d 16       		.uleb128 0x16
 485 034e 8D030000 		.4byte	.LASF69
 486 0352 8D030000 		.4byte	.LASF69
 487 0356 0A       		.byte	0xa
 488 0357 FE01     		.2byte	0x1fe
 489 0359 00       		.byte	0
 490              		.section	.debug_abbrev,"",%progbits
 491              	.Ldebug_abbrev0:
 492 0000 01       		.uleb128 0x1
 493 0001 11       		.uleb128 0x11
 494 0002 01       		.byte	0x1
 495 0003 25       		.uleb128 0x25
 496 0004 0E       		.uleb128 0xe
 497 0005 13       		.uleb128 0x13
 498 0006 0B       		.uleb128 0xb
 499 0007 03       		.uleb128 0x3
 500 0008 0E       		.uleb128 0xe
 501 0009 1B       		.uleb128 0x1b
 502 000a 0E       		.uleb128 0xe
 503 000b 55       		.uleb128 0x55
 504 000c 17       		.uleb128 0x17
 505 000d 11       		.uleb128 0x11
 506 000e 01       		.uleb128 0x1
 507 000f 10       		.uleb128 0x10
 508 0010 17       		.uleb128 0x17
 509 0011 00       		.byte	0
 510 0012 00       		.byte	0
 511 0013 02       		.uleb128 0x2
 512 0014 24       		.uleb128 0x24
 513 0015 00       		.byte	0
 514 0016 0B       		.uleb128 0xb
 515 0017 0B       		.uleb128 0xb
 516 0018 3E       		.uleb128 0x3e
 517 0019 0B       		.uleb128 0xb
 518 001a 03       		.uleb128 0x3
 519 001b 0E       		.uleb128 0xe
 520 001c 00       		.byte	0
 521 001d 00       		.byte	0
 522 001e 03       		.uleb128 0x3
 523 001f 16       		.uleb128 0x16
 524 0020 00       		.byte	0
ARM GAS  C:\Users\gjl\AppData\Local\Temp\cc6MPSv3.s 			page 12


 525 0021 03       		.uleb128 0x3
 526 0022 0E       		.uleb128 0xe
 527 0023 3A       		.uleb128 0x3a
 528 0024 0B       		.uleb128 0xb
 529 0025 3B       		.uleb128 0x3b
 530 0026 0B       		.uleb128 0xb
 531 0027 49       		.uleb128 0x49
 532 0028 13       		.uleb128 0x13
 533 0029 00       		.byte	0
 534 002a 00       		.byte	0
 535 002b 04       		.uleb128 0x4
 536 002c 24       		.uleb128 0x24
 537 002d 00       		.byte	0
 538 002e 0B       		.uleb128 0xb
 539 002f 0B       		.uleb128 0xb
 540 0030 3E       		.uleb128 0x3e
 541 0031 0B       		.uleb128 0xb
 542 0032 03       		.uleb128 0x3
 543 0033 08       		.uleb128 0x8
 544 0034 00       		.byte	0
 545 0035 00       		.byte	0
 546 0036 05       		.uleb128 0x5
 547 0037 35       		.uleb128 0x35
 548 0038 00       		.byte	0
 549 0039 49       		.uleb128 0x49
 550 003a 13       		.uleb128 0x13
 551 003b 00       		.byte	0
 552 003c 00       		.byte	0
 553 003d 06       		.uleb128 0x6
 554 003e 0F       		.uleb128 0xf
 555 003f 00       		.byte	0
 556 0040 0B       		.uleb128 0xb
 557 0041 0B       		.uleb128 0xb
 558 0042 00       		.byte	0
 559 0043 00       		.byte	0
 560 0044 07       		.uleb128 0x7
 561 0045 13       		.uleb128 0x13
 562 0046 01       		.byte	0x1
 563 0047 03       		.uleb128 0x3
 564 0048 0E       		.uleb128 0xe
 565 0049 0B       		.uleb128 0xb
 566 004a 0B       		.uleb128 0xb
 567 004b 3A       		.uleb128 0x3a
 568 004c 0B       		.uleb128 0xb
 569 004d 3B       		.uleb128 0x3b
 570 004e 0B       		.uleb128 0xb
 571 004f 01       		.uleb128 0x1
 572 0050 13       		.uleb128 0x13
 573 0051 00       		.byte	0
 574 0052 00       		.byte	0
 575 0053 08       		.uleb128 0x8
 576 0054 0D       		.uleb128 0xd
 577 0055 00       		.byte	0
 578 0056 03       		.uleb128 0x3
 579 0057 0E       		.uleb128 0xe
 580 0058 3A       		.uleb128 0x3a
 581 0059 0B       		.uleb128 0xb
ARM GAS  C:\Users\gjl\AppData\Local\Temp\cc6MPSv3.s 			page 13


 582 005a 3B       		.uleb128 0x3b
 583 005b 0B       		.uleb128 0xb
 584 005c 49       		.uleb128 0x49
 585 005d 13       		.uleb128 0x13
 586 005e 38       		.uleb128 0x38
 587 005f 0B       		.uleb128 0xb
 588 0060 00       		.byte	0
 589 0061 00       		.byte	0
 590 0062 09       		.uleb128 0x9
 591 0063 0F       		.uleb128 0xf
 592 0064 00       		.byte	0
 593 0065 0B       		.uleb128 0xb
 594 0066 0B       		.uleb128 0xb
 595 0067 49       		.uleb128 0x49
 596 0068 13       		.uleb128 0x13
 597 0069 00       		.byte	0
 598 006a 00       		.byte	0
 599 006b 0A       		.uleb128 0xa
 600 006c 15       		.uleb128 0x15
 601 006d 01       		.byte	0x1
 602 006e 27       		.uleb128 0x27
 603 006f 19       		.uleb128 0x19
 604 0070 01       		.uleb128 0x1
 605 0071 13       		.uleb128 0x13
 606 0072 00       		.byte	0
 607 0073 00       		.byte	0
 608 0074 0B       		.uleb128 0xb
 609 0075 05       		.uleb128 0x5
 610 0076 00       		.byte	0
 611 0077 49       		.uleb128 0x49
 612 0078 13       		.uleb128 0x13
 613 0079 00       		.byte	0
 614 007a 00       		.byte	0
 615 007b 0C       		.uleb128 0xc
 616 007c 16       		.uleb128 0x16
 617 007d 00       		.byte	0
 618 007e 03       		.uleb128 0x3
 619 007f 0E       		.uleb128 0xe
 620 0080 3A       		.uleb128 0x3a
 621 0081 0B       		.uleb128 0xb
 622 0082 3B       		.uleb128 0x3b
 623 0083 05       		.uleb128 0x5
 624 0084 49       		.uleb128 0x49
 625 0085 13       		.uleb128 0x13
 626 0086 00       		.byte	0
 627 0087 00       		.byte	0
 628 0088 0D       		.uleb128 0xd
 629 0089 13       		.uleb128 0x13
 630 008a 01       		.byte	0x1
 631 008b 03       		.uleb128 0x3
 632 008c 0E       		.uleb128 0xe
 633 008d 0B       		.uleb128 0xb
 634 008e 0B       		.uleb128 0xb
 635 008f 3A       		.uleb128 0x3a
 636 0090 0B       		.uleb128 0xb
 637 0091 3B       		.uleb128 0x3b
 638 0092 05       		.uleb128 0x5
ARM GAS  C:\Users\gjl\AppData\Local\Temp\cc6MPSv3.s 			page 14


 639 0093 01       		.uleb128 0x1
 640 0094 13       		.uleb128 0x13
 641 0095 00       		.byte	0
 642 0096 00       		.byte	0
 643 0097 0E       		.uleb128 0xe
 644 0098 0D       		.uleb128 0xd
 645 0099 00       		.byte	0
 646 009a 03       		.uleb128 0x3
 647 009b 0E       		.uleb128 0xe
 648 009c 3A       		.uleb128 0x3a
 649 009d 0B       		.uleb128 0xb
 650 009e 3B       		.uleb128 0x3b
 651 009f 05       		.uleb128 0x5
 652 00a0 49       		.uleb128 0x49
 653 00a1 13       		.uleb128 0x13
 654 00a2 38       		.uleb128 0x38
 655 00a3 0B       		.uleb128 0xb
 656 00a4 00       		.byte	0
 657 00a5 00       		.byte	0
 658 00a6 0F       		.uleb128 0xf
 659 00a7 2E       		.uleb128 0x2e
 660 00a8 00       		.byte	0
 661 00a9 03       		.uleb128 0x3
 662 00aa 0E       		.uleb128 0xe
 663 00ab 3A       		.uleb128 0x3a
 664 00ac 0B       		.uleb128 0xb
 665 00ad 3B       		.uleb128 0x3b
 666 00ae 0B       		.uleb128 0xb
 667 00af 27       		.uleb128 0x27
 668 00b0 19       		.uleb128 0x19
 669 00b1 20       		.uleb128 0x20
 670 00b2 0B       		.uleb128 0xb
 671 00b3 00       		.byte	0
 672 00b4 00       		.byte	0
 673 00b5 10       		.uleb128 0x10
 674 00b6 2E       		.uleb128 0x2e
 675 00b7 01       		.byte	0x1
 676 00b8 3F       		.uleb128 0x3f
 677 00b9 19       		.uleb128 0x19
 678 00ba 03       		.uleb128 0x3
 679 00bb 0E       		.uleb128 0xe
 680 00bc 3A       		.uleb128 0x3a
 681 00bd 0B       		.uleb128 0xb
 682 00be 3B       		.uleb128 0x3b
 683 00bf 0B       		.uleb128 0xb
 684 00c0 27       		.uleb128 0x27
 685 00c1 19       		.uleb128 0x19
 686 00c2 49       		.uleb128 0x49
 687 00c3 13       		.uleb128 0x13
 688 00c4 8701     		.uleb128 0x87
 689 00c6 19       		.uleb128 0x19
 690 00c7 11       		.uleb128 0x11
 691 00c8 01       		.uleb128 0x1
 692 00c9 12       		.uleb128 0x12
 693 00ca 06       		.uleb128 0x6
 694 00cb 40       		.uleb128 0x40
 695 00cc 18       		.uleb128 0x18
ARM GAS  C:\Users\gjl\AppData\Local\Temp\cc6MPSv3.s 			page 15


 696 00cd 9742     		.uleb128 0x2117
 697 00cf 19       		.uleb128 0x19
 698 00d0 01       		.uleb128 0x1
 699 00d1 13       		.uleb128 0x13
 700 00d2 00       		.byte	0
 701 00d3 00       		.byte	0
 702 00d4 11       		.uleb128 0x11
 703 00d5 1D       		.uleb128 0x1d
 704 00d6 00       		.byte	0
 705 00d7 31       		.uleb128 0x31
 706 00d8 13       		.uleb128 0x13
 707 00d9 11       		.uleb128 0x11
 708 00da 01       		.uleb128 0x1
 709 00db 12       		.uleb128 0x12
 710 00dc 06       		.uleb128 0x6
 711 00dd 58       		.uleb128 0x58
 712 00de 0B       		.uleb128 0xb
 713 00df 59       		.uleb128 0x59
 714 00e0 0B       		.uleb128 0xb
 715 00e1 00       		.byte	0
 716 00e2 00       		.byte	0
 717 00e3 12       		.uleb128 0x12
 718 00e4 898201   		.uleb128 0x4109
 719 00e7 01       		.byte	0x1
 720 00e8 11       		.uleb128 0x11
 721 00e9 01       		.uleb128 0x1
 722 00ea 31       		.uleb128 0x31
 723 00eb 13       		.uleb128 0x13
 724 00ec 00       		.byte	0
 725 00ed 00       		.byte	0
 726 00ee 13       		.uleb128 0x13
 727 00ef 8A8201   		.uleb128 0x410a
 728 00f2 00       		.byte	0
 729 00f3 02       		.uleb128 0x2
 730 00f4 18       		.uleb128 0x18
 731 00f5 9142     		.uleb128 0x2111
 732 00f7 18       		.uleb128 0x18
 733 00f8 00       		.byte	0
 734 00f9 00       		.byte	0
 735 00fa 14       		.uleb128 0x14
 736 00fb 34       		.uleb128 0x34
 737 00fc 00       		.byte	0
 738 00fd 03       		.uleb128 0x3
 739 00fe 0E       		.uleb128 0xe
 740 00ff 3A       		.uleb128 0x3a
 741 0100 0B       		.uleb128 0xb
 742 0101 3B       		.uleb128 0x3b
 743 0102 0B       		.uleb128 0xb
 744 0103 49       		.uleb128 0x49
 745 0104 13       		.uleb128 0x13
 746 0105 3F       		.uleb128 0x3f
 747 0106 19       		.uleb128 0x19
 748 0107 3C       		.uleb128 0x3c
 749 0108 19       		.uleb128 0x19
 750 0109 00       		.byte	0
 751 010a 00       		.byte	0
 752 010b 15       		.uleb128 0x15
ARM GAS  C:\Users\gjl\AppData\Local\Temp\cc6MPSv3.s 			page 16


 753 010c 26       		.uleb128 0x26
 754 010d 00       		.byte	0
 755 010e 49       		.uleb128 0x49
 756 010f 13       		.uleb128 0x13
 757 0110 00       		.byte	0
 758 0111 00       		.byte	0
 759 0112 16       		.uleb128 0x16
 760 0113 2E       		.uleb128 0x2e
 761 0114 00       		.byte	0
 762 0115 3F       		.uleb128 0x3f
 763 0116 19       		.uleb128 0x19
 764 0117 3C       		.uleb128 0x3c
 765 0118 19       		.uleb128 0x19
 766 0119 6E       		.uleb128 0x6e
 767 011a 0E       		.uleb128 0xe
 768 011b 03       		.uleb128 0x3
 769 011c 0E       		.uleb128 0xe
 770 011d 3A       		.uleb128 0x3a
 771 011e 0B       		.uleb128 0xb
 772 011f 3B       		.uleb128 0x3b
 773 0120 05       		.uleb128 0x5
 774 0121 00       		.byte	0
 775 0122 00       		.byte	0
 776 0123 00       		.byte	0
 777              		.section	.debug_aranges,"",%progbits
 778 0000 1C000000 		.4byte	0x1c
 779 0004 0200     		.2byte	0x2
 780 0006 00000000 		.4byte	.Ldebug_info0
 781 000a 04       		.byte	0x4
 782 000b 00       		.byte	0
 783 000c 0000     		.2byte	0
 784 000e 0000     		.2byte	0
 785 0010 00000000 		.4byte	.LFB485
 786 0014 10000000 		.4byte	.LFE485-.LFB485
 787 0018 00000000 		.4byte	0
 788 001c 00000000 		.4byte	0
 789              		.section	.debug_ranges,"",%progbits
 790              	.Ldebug_ranges0:
 791 0000 00000000 		.4byte	.LFB485
 792 0004 10000000 		.4byte	.LFE485
 793 0008 00000000 		.4byte	0
 794 000c 00000000 		.4byte	0
 795              		.section	.debug_line,"",%progbits
 796              	.Ldebug_line0:
 797 0000 4D020000 		.section	.debug_str,"MS",%progbits,1
 797      02002C02 
 797      00000201 
 797      FB0E0D00 
 797      01010101 
 798              	.LASF35:
 799 0000 72656C6F 		.ascii	"reloadInput\000"
 799      6164496E 
 799      70757400 
 800              	.LASF18:
 801 000c 636C6F63 		.ascii	"clockPrescaler\000"
 801      6B507265 
 801      7363616C 
ARM GAS  C:\Users\gjl\AppData\Local\Temp\cc6MPSv3.s 			page 17


 801      657200
 802              	.LASF40:
 803 001b 636F756E 		.ascii	"countInputMode\000"
 803      74496E70 
 803      75744D6F 
 803      646500
 804              	.LASF25:
 805 002a 636F6D70 		.ascii	"compare0\000"
 805      61726530 
 805      00
 806              	.LASF26:
 807 0033 636F6D70 		.ascii	"compare1\000"
 807      61726531 
 807      00
 808              	.LASF42:
 809 003c 63795F73 		.ascii	"cy_stc_tcpwm_pwm_config_t\000"
 809      74635F74 
 809      6370776D 
 809      5F70776D 
 809      5F636F6E 
 810              	.LASF53:
 811 0056 72784275 		.ascii	"rxBufSize\000"
 811      6653697A 
 811      6500
 812              	.LASF66:
 813 0060 433A5C47 		.ascii	"C:\\Git\\PSoC6-101-Videos\\Projects_ScreenCapture\\"
 813      69745C50 
 813      536F4336 
 813      2D313031 
 813      2D566964 
 814 008f 50536F43 		.ascii	"PSoC 6_101\\MC-2-2-PWM.cydsn\000"
 814      20365F31 
 814      30315C4D 
 814      432D322D 
 814      322D5057 
 815              	.LASF43:
 816 00ab 63795F63 		.ascii	"cy_cb_scb_uart_handle_events_t\000"
 816      625F7363 
 816      625F7561 
 816      72745F68 
 816      616E646C 
 817              	.LASF65:
 818 00ca 6D61696E 		.ascii	"main_cm0p.c\000"
 818      5F636D30 
 818      702E6300 
 819              	.LASF0:
 820 00d6 73686F72 		.ascii	"short int\000"
 820      7420696E 
 820      7400
 821              	.LASF11:
 822 00e0 73697A65 		.ascii	"sizetype\000"
 822      74797065 
 822      00
 823              	.LASF45:
 824 00e9 63795F73 		.ascii	"cy_stc_scb_uart_context\000"
 824      74635F73 
 824      63625F75 
ARM GAS  C:\Users\gjl\AppData\Local\Temp\cc6MPSv3.s 			page 18


 824      6172745F 
 824      636F6E74 
 825              	.LASF64:
 826 0101 474E5520 		.ascii	"GNU C11 5.4.1 20160609 (release) [ARM/embedded-5-br"
 826      43313120 
 826      352E342E 
 826      31203230 
 826      31363036 
 827 0134 616E6368 		.ascii	"anch revision 237715] -mcpu=cortex-m0plus -mthumb -"
 827      20726576 
 827      6973696F 
 827      6E203233 
 827      37373135 
 828 0167 67202D4F 		.ascii	"g -Og -ffunction-sections -ffat-lto-objects\000"
 828      67202D66 
 828      66756E63 
 828      74696F6E 
 828      2D736563 
 829              	.LASF56:
 830 0193 74784275 		.ascii	"txBufSize\000"
 830      6653697A 
 830      6500
 831              	.LASF44:
 832 019d 63795F73 		.ascii	"cy_stc_tcpwm_pwm_config\000"
 832      74635F74 
 832      6370776D 
 832      5F70776D 
 832      5F636F6E 
 833              	.LASF68:
 834 01b5 6D61696E 		.ascii	"main\000"
 834      00
 835              	.LASF9:
 836 01ba 5F5F7569 		.ascii	"__uint32_t\000"
 836      6E743332 
 836      5F7400
 837              	.LASF46:
 838 01c5 74785374 		.ascii	"txStatus\000"
 838      61747573 
 838      00
 839              	.LASF54:
 840 01ce 72784275 		.ascii	"rxBufIdx\000"
 840      66496478 
 840      00
 841              	.LASF4:
 842 01d7 6C6F6E67 		.ascii	"long int\000"
 842      20696E74 
 842      00
 843              	.LASF19:
 844 01e0 70776D41 		.ascii	"pwmAlignment\000"
 844      6C69676E 
 844      6D656E74 
 844      00
 845              	.LASF27:
 846 01ed 656E6162 		.ascii	"enableCompareSwap\000"
 846      6C65436F 
 846      6D706172 
 846      65537761 
ARM GAS  C:\Users\gjl\AppData\Local\Temp\cc6MPSv3.s 			page 19


 846      7000
 847              	.LASF62:
 848 01ff 50574D5F 		.ascii	"PWM_1_config\000"
 848      315F636F 
 848      6E666967 
 848      00
 849              	.LASF38:
 850 020c 6B696C6C 		.ascii	"killInputMode\000"
 850      496E7075 
 850      744D6F64 
 850      6500
 851              	.LASF39:
 852 021a 6B696C6C 		.ascii	"killInput\000"
 852      496E7075 
 852      7400
 853              	.LASF28:
 854 0224 696E7465 		.ascii	"interruptSources\000"
 854      72727570 
 854      74536F75 
 854      72636573 
 854      00
 855              	.LASF31:
 856 0235 6B696C6C 		.ascii	"killMode\000"
 856      4D6F6465 
 856      00
 857              	.LASF50:
 858 023e 72785269 		.ascii	"rxRingBufHead\000"
 858      6E674275 
 858      66486561 
 858      6400
 859              	.LASF14:
 860 024c 666C6F61 		.ascii	"float\000"
 860      7400
 861              	.LASF22:
 862 0252 70657269 		.ascii	"period0\000"
 862      6F643000 
 863              	.LASF23:
 864 025a 70657269 		.ascii	"period1\000"
 864      6F643100 
 865              	.LASF34:
 866 0262 72656C6F 		.ascii	"reloadInputMode\000"
 866      6164496E 
 866      7075744D 
 866      6F646500 
 867              	.LASF6:
 868 0272 6C6F6E67 		.ascii	"long long int\000"
 868      206C6F6E 
 868      6720696E 
 868      7400
 869              	.LASF21:
 870 0280 72756E4D 		.ascii	"runMode\000"
 870      6F646500 
 871              	.LASF49:
 872 0288 72785269 		.ascii	"rxRingBufSize\000"
 872      6E674275 
 872      6653697A 
 872      6500
ARM GAS  C:\Users\gjl\AppData\Local\Temp\cc6MPSv3.s 			page 20


 873              	.LASF29:
 874 0296 696E7665 		.ascii	"invertPWMOut\000"
 874      72745057 
 874      4D4F7574 
 874      00
 875              	.LASF67:
 876 02a3 5F5F656E 		.ascii	"__enable_irq\000"
 876      61626C65 
 876      5F697271 
 876      00
 877              	.LASF12:
 878 02b0 6C6F6E67 		.ascii	"long double\000"
 878      20646F75 
 878      626C6500 
 879              	.LASF36:
 880 02bc 73746172 		.ascii	"startInputMode\000"
 880      74496E70 
 880      75744D6F 
 880      646500
 881              	.LASF47:
 882 02cb 72785374 		.ascii	"rxStatus\000"
 882      61747573 
 882      00
 883              	.LASF1:
 884 02d4 756E7369 		.ascii	"unsigned char\000"
 884      676E6564 
 884      20636861 
 884      7200
 885              	.LASF48:
 886 02e2 72785269 		.ascii	"rxRingBuf\000"
 886      6E674275 
 886      6600
 887              	.LASF24:
 888 02ec 656E6162 		.ascii	"enablePeriodSwap\000"
 888      6C655065 
 888      72696F64 
 888      53776170 
 888      00
 889              	.LASF2:
 890 02fd 7369676E 		.ascii	"signed char\000"
 890      65642063 
 890      68617200 
 891              	.LASF7:
 892 0309 6C6F6E67 		.ascii	"long long unsigned int\000"
 892      206C6F6E 
 892      6720756E 
 892      7369676E 
 892      65642069 
 893              	.LASF10:
 894 0320 75696E74 		.ascii	"uint32_t\000"
 894      33325F74 
 894      00
 895              	.LASF8:
 896 0329 756E7369 		.ascii	"unsigned int\000"
 896      676E6564 
 896      20696E74 
 896      00
ARM GAS  C:\Users\gjl\AppData\Local\Temp\cc6MPSv3.s 			page 21


 897              	.LASF63:
 898 0336 50574D5F 		.ascii	"PWM_2_config\000"
 898      325F636F 
 898      6E666967 
 898      00
 899              	.LASF30:
 900 0343 696E7665 		.ascii	"invertPWMOutN\000"
 900      72745057 
 900      4D4F7574 
 900      4E00
 901              	.LASF3:
 902 0351 73686F72 		.ascii	"short unsigned int\000"
 902      7420756E 
 902      7369676E 
 902      65642069 
 902      6E7400
 903              	.LASF52:
 904 0364 72784275 		.ascii	"rxBuf\000"
 904      6600
 905              	.LASF13:
 906 036a 63686172 		.ascii	"char\000"
 906      00
 907              	.LASF58:
 908 036f 63624576 		.ascii	"cbEvents\000"
 908      656E7473 
 908      00
 909              	.LASF20:
 910 0378 64656164 		.ascii	"deadTimeClocks\000"
 910      54696D65 
 910      436C6F63 
 910      6B7300
 911              	.LASF16:
 912 0387 5F426F6F 		.ascii	"_Bool\000"
 912      6C00
 913              	.LASF69:
 914 038d 43795F53 		.ascii	"Cy_SysEnableCM4\000"
 914      7973456E 
 914      61626C65 
 914      434D3400 
 915              	.LASF5:
 916 039d 6C6F6E67 		.ascii	"long unsigned int\000"
 916      20756E73 
 916      69676E65 
 916      6420696E 
 916      7400
 917              	.LASF15:
 918 03af 646F7562 		.ascii	"double\000"
 918      6C6500
 919              	.LASF32:
 920 03b6 73776170 		.ascii	"swapInputMode\000"
 920      496E7075 
 920      744D6F64 
 920      6500
 921              	.LASF55:
 922 03c4 74784275 		.ascii	"txBuf\000"
 922      6600
 923              	.LASF37:
ARM GAS  C:\Users\gjl\AppData\Local\Temp\cc6MPSv3.s 			page 22


 924 03ca 73746172 		.ascii	"startInput\000"
 924      74496E70 
 924      757400
 925              	.LASF59:
 926 03d5 696E6974 		.ascii	"initKey\000"
 926      4B657900 
 927              	.LASF33:
 928 03dd 73776170 		.ascii	"swapInput\000"
 928      496E7075 
 928      7400
 929              	.LASF60:
 930 03e7 63795F73 		.ascii	"cy_stc_scb_uart_context_t\000"
 930      74635F73 
 930      63625F75 
 930      6172745F 
 930      636F6E74 
 931              	.LASF51:
 932 0401 72785269 		.ascii	"rxRingBufTail\000"
 932      6E674275 
 932      66546169 
 932      6C00
 933              	.LASF17:
 934 040f 70776D4D 		.ascii	"pwmMode\000"
 934      6F646500 
 935              	.LASF61:
 936 0417 55415254 		.ascii	"UART_context\000"
 936      5F636F6E 
 936      74657874 
 936      00
 937              	.LASF41:
 938 0424 636F756E 		.ascii	"countInput\000"
 938      74496E70 
 938      757400
 939              	.LASF57:
 940 042f 74784C65 		.ascii	"txLeftToTransmit\000"
 940      6674546F 
 940      5472616E 
 940      736D6974 
 940      00
 941              		.ident	"GCC: (GNU Tools for ARM Embedded Processors) 5.4.1 20160609 (release) [ARM/embedded-5-bran
