ARM GAS  C:\Users\gjl\AppData\Local\Temp\cc2ESFkR.s 			page 1


   1              		.syntax unified
   2              		.cpu cortex-m0plus
   3              		.fpu softvfp
   4              		.eabi_attribute 20, 1
   5              		.eabi_attribute 21, 1
   6              		.eabi_attribute 23, 3
   7              		.eabi_attribute 24, 1
   8              		.eabi_attribute 25, 1
   9              		.eabi_attribute 26, 1
  10              		.eabi_attribute 30, 1
  11              		.eabi_attribute 34, 0
  12              		.eabi_attribute 18, 4
  13              		.thumb
  14              		.syntax unified
  15              		.file	"ADC_1_PM.c"
  16              		.text
  17              	.Ltext0:
  18              		.cfi_sections	.debug_frame
  19              		.global	ADC_1_DeepSleepCallbackStruct
  20              		.data
  21              		.align	2
  22              		.type	ADC_1_DeepSleepCallbackStruct, %object
  23              		.size	ADC_1_DeepSleepCallbackStruct, 24
  24              	ADC_1_DeepSleepCallbackStruct:
  25 0000 00000000 		.word	Cy_SAR_DeepSleepCallback
  26 0004 01       		.byte	1
  27 0005 00000000 		.space	7
  27      000000
  28 000c 18000000 		.word	ADC_1_DeepSleepCallbackParams
  29 0010 00000000 		.space	8
  29      00000000 
  30              		.type	ADC_1_DeepSleepCallbackParams, %object
  31              		.size	ADC_1_DeepSleepCallbackParams, 12
  32              	ADC_1_DeepSleepCallbackParams:
  33 0018 00000000 		.space	4
  34 001c 00001D41 		.word	1092419584
  35 0020 00000000 		.space	4
  36              		.text
  37              	.Letext0:
  38              		.file 1 "c:\\program files (x86)\\cypress\\psoc creator\\4.2\\psoc creator\\import\\gnu\\arm\\5.4.
  39              		.file 2 "c:\\program files (x86)\\cypress\\psoc creator\\4.2\\psoc creator\\import\\gnu\\arm\\5.4.
  40              		.file 3 "Generated_Source\\PSoC6\\pdl\\devices/psoc6/ip/cyip_sar.h"
  41              		.file 4 "Generated_Source\\PSoC6\\pdl\\drivers/peripheral/syspm/cy_syspm.h"
  42              		.file 5 "Generated_Source\\PSoC6\\pdl\\drivers/peripheral/sar/cy_sar.h"
  43              		.file 6 "Generated_Source\\PSoC6\\ADC_1.h"
  44              		.file 7 "Generated_Source\\PSoC6\\ADC_1_PM.c"
  45              		.section	.debug_info,"",%progbits
  46              	.Ldebug_info0:
  47 0000 91070000 		.4byte	0x791
  48 0004 0400     		.2byte	0x4
  49 0006 00000000 		.4byte	.Ldebug_abbrev0
  50 000a 04       		.byte	0x4
  51 000b 01       		.uleb128 0x1
  52 000c 12060000 		.4byte	.LASF127
  53 0010 0C       		.byte	0xc
  54 0011 A0070000 		.4byte	.LASF128
  55 0015 FD010000 		.4byte	.LASF129
ARM GAS  C:\Users\gjl\AppData\Local\Temp\cc2ESFkR.s 			page 2


  56 0019 00000000 		.4byte	.Ldebug_line0
  57 001d 02       		.uleb128 0x2
  58 001e 02       		.byte	0x2
  59 001f 05       		.byte	0x5
  60 0020 A5050000 		.4byte	.LASF0
  61 0024 02       		.uleb128 0x2
  62 0025 01       		.byte	0x1
  63 0026 08       		.byte	0x8
  64 0027 86050000 		.4byte	.LASF1
  65 002b 02       		.uleb128 0x2
  66 002c 01       		.byte	0x1
  67 002d 06       		.byte	0x6
  68 002e EE000000 		.4byte	.LASF2
  69 0032 02       		.uleb128 0x2
  70 0033 02       		.byte	0x2
  71 0034 07       		.byte	0x7
  72 0035 38030000 		.4byte	.LASF3
  73 0039 02       		.uleb128 0x2
  74 003a 04       		.byte	0x4
  75 003b 05       		.byte	0x5
  76 003c 59010000 		.4byte	.LASF4
  77 0040 03       		.uleb128 0x3
  78 0041 50020000 		.4byte	.LASF9
  79 0045 01       		.byte	0x1
  80 0046 41       		.byte	0x41
  81 0047 4B000000 		.4byte	0x4b
  82 004b 02       		.uleb128 0x2
  83 004c 04       		.byte	0x4
  84 004d 07       		.byte	0x7
  85 004e C7020000 		.4byte	.LASF5
  86 0052 02       		.uleb128 0x2
  87 0053 08       		.byte	0x8
  88 0054 05       		.byte	0x5
  89 0055 E0000000 		.4byte	.LASF6
  90 0059 02       		.uleb128 0x2
  91 005a 08       		.byte	0x8
  92 005b 07       		.byte	0x7
  93 005c 86000000 		.4byte	.LASF7
  94 0060 04       		.uleb128 0x4
  95 0061 04       		.byte	0x4
  96 0062 05       		.byte	0x5
  97 0063 696E7400 		.ascii	"int\000"
  98 0067 02       		.uleb128 0x2
  99 0068 04       		.byte	0x4
 100 0069 07       		.byte	0x7
 101 006a A6020000 		.4byte	.LASF8
 102 006e 03       		.uleb128 0x3
 103 006f E9050000 		.4byte	.LASF10
 104 0073 02       		.byte	0x2
 105 0074 30       		.byte	0x30
 106 0075 40000000 		.4byte	0x40
 107 0079 02       		.uleb128 0x2
 108 007a 04       		.byte	0x4
 109 007b 07       		.byte	0x7
 110 007c 0A040000 		.4byte	.LASF11
 111 0080 05       		.uleb128 0x5
 112 0081 6E000000 		.4byte	0x6e
ARM GAS  C:\Users\gjl\AppData\Local\Temp\cc2ESFkR.s 			page 3


 113 0085 06       		.uleb128 0x6
 114 0086 80000000 		.4byte	0x80
 115 008a 07       		.uleb128 0x7
 116 008b 85000000 		.4byte	0x85
 117 008f 9A000000 		.4byte	0x9a
 118 0093 08       		.uleb128 0x8
 119 0094 79000000 		.4byte	0x79
 120 0098 01       		.byte	0x1
 121 0099 00       		.byte	0
 122 009a 07       		.uleb128 0x7
 123 009b 80000000 		.4byte	0x80
 124 009f AA000000 		.4byte	0xaa
 125 00a3 08       		.uleb128 0x8
 126 00a4 79000000 		.4byte	0x79
 127 00a8 0F       		.byte	0xf
 128 00a9 00       		.byte	0
 129 00aa 07       		.uleb128 0x7
 130 00ab 85000000 		.4byte	0x85
 131 00af BA000000 		.4byte	0xba
 132 00b3 08       		.uleb128 0x8
 133 00b4 79000000 		.4byte	0x79
 134 00b8 02       		.byte	0x2
 135 00b9 00       		.byte	0
 136 00ba 07       		.uleb128 0x7
 137 00bb 85000000 		.4byte	0x85
 138 00bf CA000000 		.4byte	0xca
 139 00c3 08       		.uleb128 0x8
 140 00c4 79000000 		.4byte	0x79
 141 00c8 0F       		.byte	0xf
 142 00c9 00       		.byte	0
 143 00ca 07       		.uleb128 0x7
 144 00cb 85000000 		.4byte	0x85
 145 00cf DA000000 		.4byte	0xda
 146 00d3 08       		.uleb128 0x8
 147 00d4 79000000 		.4byte	0x79
 148 00d8 0E       		.byte	0xe
 149 00d9 00       		.byte	0
 150 00da 09       		.uleb128 0x9
 151 00db 080F     		.2byte	0xf08
 152 00dd 03       		.byte	0x3
 153 00de 21       		.byte	0x21
 154 00df 62030000 		.4byte	0x362
 155 00e3 0A       		.uleb128 0xa
 156 00e4 18070000 		.4byte	.LASF12
 157 00e8 03       		.byte	0x3
 158 00e9 22       		.byte	0x22
 159 00ea 80000000 		.4byte	0x80
 160 00ee 00       		.byte	0
 161 00ef 0A       		.uleb128 0xa
 162 00f0 52040000 		.4byte	.LASF13
 163 00f4 03       		.byte	0x3
 164 00f5 23       		.byte	0x23
 165 00f6 80000000 		.4byte	0x80
 166 00fa 04       		.byte	0x4
 167 00fb 0A       		.uleb128 0xa
 168 00fc C2050000 		.4byte	.LASF14
 169 0100 03       		.byte	0x3
ARM GAS  C:\Users\gjl\AppData\Local\Temp\cc2ESFkR.s 			page 4


 170 0101 24       		.byte	0x24
 171 0102 67030000 		.4byte	0x367
 172 0106 08       		.byte	0x8
 173 0107 0A       		.uleb128 0xa
 174 0108 67020000 		.4byte	.LASF15
 175 010c 03       		.byte	0x3
 176 010d 25       		.byte	0x25
 177 010e 80000000 		.4byte	0x80
 178 0112 10       		.byte	0x10
 179 0113 0A       		.uleb128 0xa
 180 0114 9C040000 		.4byte	.LASF16
 181 0118 03       		.byte	0x3
 182 0119 26       		.byte	0x26
 183 011a 80000000 		.4byte	0x80
 184 011e 14       		.byte	0x14
 185 011f 0A       		.uleb128 0xa
 186 0120 5E040000 		.4byte	.LASF17
 187 0124 03       		.byte	0x3
 188 0125 27       		.byte	0x27
 189 0126 80000000 		.4byte	0x80
 190 012a 18       		.byte	0x18
 191 012b 0A       		.uleb128 0xa
 192 012c 7B000000 		.4byte	.LASF18
 193 0130 03       		.byte	0x3
 194 0131 28       		.byte	0x28
 195 0132 80000000 		.4byte	0x80
 196 0136 1C       		.byte	0x1c
 197 0137 0A       		.uleb128 0xa
 198 0138 94040000 		.4byte	.LASF19
 199 013c 03       		.byte	0x3
 200 013d 29       		.byte	0x29
 201 013e 80000000 		.4byte	0x80
 202 0142 20       		.byte	0x20
 203 0143 0A       		.uleb128 0xa
 204 0144 4D070000 		.4byte	.LASF20
 205 0148 03       		.byte	0x3
 206 0149 2A       		.byte	0x2a
 207 014a 80000000 		.4byte	0x80
 208 014e 24       		.byte	0x24
 209 014f 0A       		.uleb128 0xa
 210 0150 06050000 		.4byte	.LASF21
 211 0154 03       		.byte	0x3
 212 0155 2B       		.byte	0x2b
 213 0156 81030000 		.4byte	0x381
 214 015a 28       		.byte	0x28
 215 015b 0A       		.uleb128 0xa
 216 015c 83020000 		.4byte	.LASF22
 217 0160 03       		.byte	0x3
 218 0161 2C       		.byte	0x2c
 219 0162 86030000 		.4byte	0x386
 220 0166 80       		.byte	0x80
 221 0167 0A       		.uleb128 0xa
 222 0168 10050000 		.4byte	.LASF23
 223 016c 03       		.byte	0x3
 224 016d 2D       		.byte	0x2d
 225 016e 90030000 		.4byte	0x390
 226 0172 C0       		.byte	0xc0
ARM GAS  C:\Users\gjl\AppData\Local\Temp\cc2ESFkR.s 			page 5


 227 0173 0B       		.uleb128 0xb
 228 0174 FB060000 		.4byte	.LASF24
 229 0178 03       		.byte	0x3
 230 0179 2E       		.byte	0x2e
 231 017a 9A030000 		.4byte	0x39a
 232 017e 0001     		.2byte	0x100
 233 0180 0B       		.uleb128 0xb
 234 0181 1A050000 		.4byte	.LASF25
 235 0185 03       		.byte	0x3
 236 0186 2F       		.byte	0x2f
 237 0187 A4030000 		.4byte	0x3a4
 238 018b 4001     		.2byte	0x140
 239 018d 0B       		.uleb128 0xb
 240 018e 2B040000 		.4byte	.LASF26
 241 0192 03       		.byte	0x3
 242 0193 30       		.byte	0x30
 243 0194 AE030000 		.4byte	0x3ae
 244 0198 8001     		.2byte	0x180
 245 019a 0B       		.uleb128 0xb
 246 019b 24050000 		.4byte	.LASF27
 247 019f 03       		.byte	0x3
 248 01a0 31       		.byte	0x31
 249 01a1 B8030000 		.4byte	0x3b8
 250 01a5 C001     		.2byte	0x1c0
 251 01a7 0B       		.uleb128 0xb
 252 01a8 72030000 		.4byte	.LASF28
 253 01ac 03       		.byte	0x3
 254 01ad 32       		.byte	0x32
 255 01ae 85000000 		.4byte	0x85
 256 01b2 0002     		.2byte	0x200
 257 01b4 0B       		.uleb128 0xb
 258 01b5 78070000 		.4byte	.LASF29
 259 01b9 03       		.byte	0x3
 260 01ba 33       		.byte	0x33
 261 01bb 85000000 		.4byte	0x85
 262 01bf 0402     		.2byte	0x204
 263 01c1 0B       		.uleb128 0xb
 264 01c2 F7020000 		.4byte	.LASF30
 265 01c6 03       		.byte	0x3
 266 01c7 34       		.byte	0x34
 267 01c8 85000000 		.4byte	0x85
 268 01cc 0802     		.2byte	0x208
 269 01ce 0B       		.uleb128 0xb
 270 01cf CB050000 		.4byte	.LASF31
 271 01d3 03       		.byte	0x3
 272 01d4 35       		.byte	0x35
 273 01d5 85000000 		.4byte	0x85
 274 01d9 0C02     		.2byte	0x20c
 275 01db 0B       		.uleb128 0xb
 276 01dc DF060000 		.4byte	.LASF32
 277 01e0 03       		.byte	0x3
 278 01e1 36       		.byte	0x36
 279 01e2 80000000 		.4byte	0x80
 280 01e6 1002     		.2byte	0x210
 281 01e8 0B       		.uleb128 0xb
 282 01e9 FC030000 		.4byte	.LASF33
 283 01ed 03       		.byte	0x3
ARM GAS  C:\Users\gjl\AppData\Local\Temp\cc2ESFkR.s 			page 6


 284 01ee 37       		.byte	0x37
 285 01ef 80000000 		.4byte	0x80
 286 01f3 1402     		.2byte	0x214
 287 01f5 0B       		.uleb128 0xb
 288 01f6 1D030000 		.4byte	.LASF34
 289 01fa 03       		.byte	0x3
 290 01fb 38       		.byte	0x38
 291 01fc 80000000 		.4byte	0x80
 292 0200 1802     		.2byte	0x218
 293 0202 0B       		.uleb128 0xb
 294 0203 F4040000 		.4byte	.LASF35
 295 0207 03       		.byte	0x3
 296 0208 39       		.byte	0x39
 297 0209 85000000 		.4byte	0x85
 298 020d 1C02     		.2byte	0x21c
 299 020f 0B       		.uleb128 0xb
 300 0210 75020000 		.4byte	.LASF36
 301 0214 03       		.byte	0x3
 302 0215 3A       		.byte	0x3a
 303 0216 80000000 		.4byte	0x80
 304 021a 2002     		.2byte	0x220
 305 021c 0B       		.uleb128 0xb
 306 021d C6040000 		.4byte	.LASF37
 307 0221 03       		.byte	0x3
 308 0222 3B       		.byte	0x3b
 309 0223 80000000 		.4byte	0x80
 310 0227 2402     		.2byte	0x224
 311 0229 0B       		.uleb128 0xb
 312 022a 9D000000 		.4byte	.LASF38
 313 022e 03       		.byte	0x3
 314 022f 3C       		.byte	0x3c
 315 0230 80000000 		.4byte	0x80
 316 0234 2802     		.2byte	0x228
 317 0236 0B       		.uleb128 0xb
 318 0237 CA060000 		.4byte	.LASF39
 319 023b 03       		.byte	0x3
 320 023c 3D       		.byte	0x3d
 321 023d 85000000 		.4byte	0x85
 322 0241 2C02     		.2byte	0x22c
 323 0243 0B       		.uleb128 0xb
 324 0244 67030000 		.4byte	.LASF40
 325 0248 03       		.byte	0x3
 326 0249 3E       		.byte	0x3e
 327 024a 80000000 		.4byte	0x80
 328 024e 3002     		.2byte	0x230
 329 0250 0B       		.uleb128 0xb
 330 0251 0E080000 		.4byte	.LASF41
 331 0255 03       		.byte	0x3
 332 0256 3F       		.byte	0x3f
 333 0257 80000000 		.4byte	0x80
 334 025b 3402     		.2byte	0x234
 335 025d 0B       		.uleb128 0xb
 336 025e BA060000 		.4byte	.LASF42
 337 0262 03       		.byte	0x3
 338 0263 40       		.byte	0x40
 339 0264 80000000 		.4byte	0x80
 340 0268 3802     		.2byte	0x238
ARM GAS  C:\Users\gjl\AppData\Local\Temp\cc2ESFkR.s 			page 7


 341 026a 0B       		.uleb128 0xb
 342 026b 4A080000 		.4byte	.LASF43
 343 026f 03       		.byte	0x3
 344 0270 41       		.byte	0x41
 345 0271 85000000 		.4byte	0x85
 346 0275 3C02     		.2byte	0x23c
 347 0277 0B       		.uleb128 0xb
 348 0278 74010000 		.4byte	.LASF44
 349 027c 03       		.byte	0x3
 350 027d 42       		.byte	0x42
 351 027e 85000000 		.4byte	0x85
 352 0282 4002     		.2byte	0x240
 353 0284 0B       		.uleb128 0xb
 354 0285 2E050000 		.4byte	.LASF45
 355 0289 03       		.byte	0x3
 356 028a 43       		.byte	0x43
 357 028b C2030000 		.4byte	0x3c2
 358 028f 4402     		.2byte	0x244
 359 0291 0B       		.uleb128 0xb
 360 0292 13040000 		.4byte	.LASF46
 361 0296 03       		.byte	0x3
 362 0297 44       		.byte	0x44
 363 0298 80000000 		.4byte	0x80
 364 029c 8002     		.2byte	0x280
 365 029e 0B       		.uleb128 0xb
 366 029f 38050000 		.4byte	.LASF47
 367 02a3 03       		.byte	0x3
 368 02a4 45       		.byte	0x45
 369 02a5 CC030000 		.4byte	0x3cc
 370 02a9 8402     		.2byte	0x284
 371 02ab 0B       		.uleb128 0xb
 372 02ac 7F010000 		.4byte	.LASF48
 373 02b0 03       		.byte	0x3
 374 02b1 46       		.byte	0x46
 375 02b2 85000000 		.4byte	0x85
 376 02b6 9002     		.2byte	0x290
 377 02b8 0B       		.uleb128 0xb
 378 02b9 42050000 		.4byte	.LASF49
 379 02bd 03       		.byte	0x3
 380 02be 47       		.byte	0x47
 381 02bf D6030000 		.4byte	0x3d6
 382 02c3 9402     		.2byte	0x294
 383 02c5 0B       		.uleb128 0xb
 384 02c6 E9060000 		.4byte	.LASF50
 385 02ca 03       		.byte	0x3
 386 02cb 48       		.byte	0x48
 387 02cc 85000000 		.4byte	0x85
 388 02d0 A002     		.2byte	0x2a0
 389 02d2 0B       		.uleb128 0xb
 390 02d3 AA040000 		.4byte	.LASF51
 391 02d7 03       		.byte	0x3
 392 02d8 49       		.byte	0x49
 393 02d9 85000000 		.4byte	0x85
 394 02dd A402     		.2byte	0x2a4
 395 02df 0B       		.uleb128 0xb
 396 02e0 4C050000 		.4byte	.LASF52
 397 02e4 03       		.byte	0x3
ARM GAS  C:\Users\gjl\AppData\Local\Temp\cc2ESFkR.s 			page 8


 398 02e5 4A       		.byte	0x4a
 399 02e6 E0030000 		.4byte	0x3e0
 400 02ea A802     		.2byte	0x2a8
 401 02ec 0B       		.uleb128 0xb
 402 02ed 6A000000 		.4byte	.LASF53
 403 02f1 03       		.byte	0x3
 404 02f2 4B       		.byte	0x4b
 405 02f3 80000000 		.4byte	0x80
 406 02f7 0003     		.2byte	0x300
 407 02f9 0B       		.uleb128 0xb
 408 02fa A9010000 		.4byte	.LASF54
 409 02fe 03       		.byte	0x3
 410 02ff 4C       		.byte	0x4c
 411 0300 80000000 		.4byte	0x80
 412 0304 0403     		.2byte	0x304
 413 0306 0B       		.uleb128 0xb
 414 0307 56050000 		.4byte	.LASF55
 415 030b 03       		.byte	0x3
 416 030c 4D       		.byte	0x4d
 417 030d FA030000 		.4byte	0x3fa
 418 0311 0803     		.2byte	0x308
 419 0313 0B       		.uleb128 0xb
 420 0314 0A030000 		.4byte	.LASF56
 421 0318 03       		.byte	0x3
 422 0319 4E       		.byte	0x4e
 423 031a 80000000 		.4byte	0x80
 424 031e 4003     		.2byte	0x340
 425 0320 0B       		.uleb128 0xb
 426 0321 05070000 		.4byte	.LASF57
 427 0325 03       		.byte	0x3
 428 0326 4F       		.byte	0x4f
 429 0327 80000000 		.4byte	0x80
 430 032b 4403     		.2byte	0x344
 431 032d 0B       		.uleb128 0xb
 432 032e 62010000 		.4byte	.LASF58
 433 0332 03       		.byte	0x3
 434 0333 50       		.byte	0x50
 435 0334 85000000 		.4byte	0x85
 436 0338 4803     		.2byte	0x348
 437 033a 0B       		.uleb128 0xb
 438 033b 28010000 		.4byte	.LASF59
 439 033f 03       		.byte	0x3
 440 0340 51       		.byte	0x51
 441 0341 15040000 		.4byte	0x415
 442 0345 4C03     		.2byte	0x34c
 443 0347 0B       		.uleb128 0xb
 444 0348 B8000000 		.4byte	.LASF60
 445 034c 03       		.byte	0x3
 446 034d 52       		.byte	0x52
 447 034e 80000000 		.4byte	0x80
 448 0352 000F     		.2byte	0xf00
 449 0354 0B       		.uleb128 0xb
 450 0355 C2000000 		.4byte	.LASF61
 451 0359 03       		.byte	0x3
 452 035a 53       		.byte	0x53
 453 035b 80000000 		.4byte	0x80
 454 035f 040F     		.2byte	0xf04
ARM GAS  C:\Users\gjl\AppData\Local\Temp\cc2ESFkR.s 			page 9


 455 0361 00       		.byte	0
 456 0362 05       		.uleb128 0x5
 457 0363 8A000000 		.4byte	0x8a
 458 0367 06       		.uleb128 0x6
 459 0368 62030000 		.4byte	0x362
 460 036c 07       		.uleb128 0x7
 461 036d 85000000 		.4byte	0x85
 462 0371 7C030000 		.4byte	0x37c
 463 0375 08       		.uleb128 0x8
 464 0376 79000000 		.4byte	0x79
 465 037a 15       		.byte	0x15
 466 037b 00       		.byte	0
 467 037c 05       		.uleb128 0x5
 468 037d 6C030000 		.4byte	0x36c
 469 0381 06       		.uleb128 0x6
 470 0382 7C030000 		.4byte	0x37c
 471 0386 05       		.uleb128 0x5
 472 0387 9A000000 		.4byte	0x9a
 473 038b 05       		.uleb128 0x5
 474 038c BA000000 		.4byte	0xba
 475 0390 06       		.uleb128 0x6
 476 0391 8B030000 		.4byte	0x38b
 477 0395 05       		.uleb128 0x5
 478 0396 BA000000 		.4byte	0xba
 479 039a 06       		.uleb128 0x6
 480 039b 95030000 		.4byte	0x395
 481 039f 05       		.uleb128 0x5
 482 03a0 BA000000 		.4byte	0xba
 483 03a4 06       		.uleb128 0x6
 484 03a5 9F030000 		.4byte	0x39f
 485 03a9 05       		.uleb128 0x5
 486 03aa BA000000 		.4byte	0xba
 487 03ae 06       		.uleb128 0x6
 488 03af A9030000 		.4byte	0x3a9
 489 03b3 05       		.uleb128 0x5
 490 03b4 BA000000 		.4byte	0xba
 491 03b8 06       		.uleb128 0x6
 492 03b9 B3030000 		.4byte	0x3b3
 493 03bd 05       		.uleb128 0x5
 494 03be CA000000 		.4byte	0xca
 495 03c2 06       		.uleb128 0x6
 496 03c3 BD030000 		.4byte	0x3bd
 497 03c7 05       		.uleb128 0x5
 498 03c8 AA000000 		.4byte	0xaa
 499 03cc 06       		.uleb128 0x6
 500 03cd C7030000 		.4byte	0x3c7
 501 03d1 05       		.uleb128 0x5
 502 03d2 AA000000 		.4byte	0xaa
 503 03d6 06       		.uleb128 0x6
 504 03d7 D1030000 		.4byte	0x3d1
 505 03db 05       		.uleb128 0x5
 506 03dc 6C030000 		.4byte	0x36c
 507 03e0 06       		.uleb128 0x6
 508 03e1 DB030000 		.4byte	0x3db
 509 03e5 07       		.uleb128 0x7
 510 03e6 85000000 		.4byte	0x85
 511 03ea F5030000 		.4byte	0x3f5
ARM GAS  C:\Users\gjl\AppData\Local\Temp\cc2ESFkR.s 			page 10


 512 03ee 08       		.uleb128 0x8
 513 03ef 79000000 		.4byte	0x79
 514 03f3 0D       		.byte	0xd
 515 03f4 00       		.byte	0
 516 03f5 05       		.uleb128 0x5
 517 03f6 E5030000 		.4byte	0x3e5
 518 03fa 06       		.uleb128 0x6
 519 03fb F5030000 		.4byte	0x3f5
 520 03ff 07       		.uleb128 0x7
 521 0400 85000000 		.4byte	0x85
 522 0404 10040000 		.4byte	0x410
 523 0408 0C       		.uleb128 0xc
 524 0409 79000000 		.4byte	0x79
 525 040d EC02     		.2byte	0x2ec
 526 040f 00       		.byte	0
 527 0410 05       		.uleb128 0x5
 528 0411 FF030000 		.4byte	0x3ff
 529 0415 06       		.uleb128 0x6
 530 0416 10040000 		.4byte	0x410
 531 041a 03       		.uleb128 0x3
 532 041b E0050000 		.4byte	.LASF62
 533 041f 03       		.byte	0x3
 534 0420 54       		.byte	0x54
 535 0421 DA000000 		.4byte	0xda
 536 0425 02       		.uleb128 0x2
 537 0426 08       		.byte	0x8
 538 0427 04       		.byte	0x4
 539 0428 A4060000 		.4byte	.LASF63
 540 042c 02       		.uleb128 0x2
 541 042d 01       		.byte	0x1
 542 042e 08       		.byte	0x8
 543 042f B0060000 		.4byte	.LASF64
 544 0433 02       		.uleb128 0x2
 545 0434 04       		.byte	0x4
 546 0435 04       		.byte	0x4
 547 0436 00050000 		.4byte	.LASF65
 548 043a 02       		.uleb128 0x2
 549 043b 08       		.byte	0x8
 550 043c 04       		.byte	0x4
 551 043d A2010000 		.4byte	.LASF66
 552 0441 0D       		.uleb128 0xd
 553 0442 04       		.byte	0x4
 554 0443 67000000 		.4byte	0x67
 555 0447 04       		.byte	0x4
 556 0448 9703     		.2byte	0x397
 557 044a 79040000 		.4byte	0x479
 558 044e 0E       		.uleb128 0xe
 559 044f C2070000 		.4byte	.LASF67
 560 0453 00       		.byte	0
 561 0454 0F       		.uleb128 0xf
 562 0455 39000000 		.4byte	.LASF68
 563 0459 01004200 		.4byte	0x420001
 564 045d 0F       		.uleb128 0xf
 565 045e 1C000000 		.4byte	.LASF69
 566 0462 02004200 		.4byte	0x420002
 567 0466 0F       		.uleb128 0xf
 568 0467 8F020000 		.4byte	.LASF70
ARM GAS  C:\Users\gjl\AppData\Local\Temp\cc2ESFkR.s 			page 11


 569 046b 03004200 		.4byte	0x420003
 570 046f 0F       		.uleb128 0xf
 571 0470 1D070000 		.4byte	.LASF71
 572 0474 FF004200 		.4byte	0x4200ff
 573 0478 00       		.byte	0
 574 0479 10       		.uleb128 0x10
 575 047a 58070000 		.4byte	.LASF72
 576 047e 04       		.byte	0x4
 577 047f 9E03     		.2byte	0x39e
 578 0481 41040000 		.4byte	0x441
 579 0485 0D       		.uleb128 0xd
 580 0486 01       		.byte	0x1
 581 0487 24000000 		.4byte	0x24
 582 048b 04       		.byte	0x4
 583 048c 2D04     		.2byte	0x42d
 584 048e B1040000 		.4byte	0x4b1
 585 0492 0E       		.uleb128 0xe
 586 0493 6A040000 		.4byte	.LASF73
 587 0497 00       		.byte	0
 588 0498 0E       		.uleb128 0xe
 589 0499 A4030000 		.4byte	.LASF74
 590 049d 01       		.byte	0x1
 591 049e 0E       		.uleb128 0xe
 592 049f B3040000 		.4byte	.LASF75
 593 04a3 02       		.byte	0x2
 594 04a4 0E       		.uleb128 0xe
 595 04a5 2D080000 		.4byte	.LASF76
 596 04a9 03       		.byte	0x3
 597 04aa 0E       		.uleb128 0xe
 598 04ab C6030000 		.4byte	.LASF77
 599 04af 04       		.byte	0x4
 600 04b0 00       		.byte	0
 601 04b1 10       		.uleb128 0x10
 602 04b2 00000000 		.4byte	.LASF78
 603 04b6 04       		.byte	0x4
 604 04b7 3304     		.2byte	0x433
 605 04b9 85040000 		.4byte	0x485
 606 04bd 0D       		.uleb128 0xd
 607 04be 01       		.byte	0x1
 608 04bf 24000000 		.4byte	0x24
 609 04c3 04       		.byte	0x4
 610 04c4 3704     		.2byte	0x437
 611 04c6 E3040000 		.4byte	0x4e3
 612 04ca 0E       		.uleb128 0xe
 613 04cb ED070000 		.4byte	.LASF79
 614 04cf 01       		.byte	0x1
 615 04d0 0E       		.uleb128 0xe
 616 04d1 B3020000 		.4byte	.LASF80
 617 04d5 02       		.byte	0x2
 618 04d6 0E       		.uleb128 0xe
 619 04d7 79040000 		.4byte	.LASF81
 620 04db 04       		.byte	0x4
 621 04dc 0E       		.uleb128 0xe
 622 04dd E2030000 		.4byte	.LASF82
 623 04e1 08       		.byte	0x8
 624 04e2 00       		.byte	0
 625 04e3 10       		.uleb128 0x10
ARM GAS  C:\Users\gjl\AppData\Local\Temp\cc2ESFkR.s 			page 12


 626 04e4 D8040000 		.4byte	.LASF83
 627 04e8 04       		.byte	0x4
 628 04e9 4104     		.2byte	0x441
 629 04eb BD040000 		.4byte	0x4bd
 630 04ef 11       		.uleb128 0x11
 631 04f0 0C       		.byte	0xc
 632 04f1 04       		.byte	0x4
 633 04f2 5D04     		.2byte	0x45d
 634 04f4 20050000 		.4byte	0x520
 635 04f8 12       		.uleb128 0x12
 636 04f9 B5060000 		.4byte	.LASF84
 637 04fd 04       		.byte	0x4
 638 04fe 5F04     		.2byte	0x45f
 639 0500 E3040000 		.4byte	0x4e3
 640 0504 00       		.byte	0
 641 0505 12       		.uleb128 0x12
 642 0506 05040000 		.4byte	.LASF85
 643 050a 04       		.byte	0x4
 644 050b 6304     		.2byte	0x463
 645 050d 20050000 		.4byte	0x520
 646 0511 04       		.byte	0x4
 647 0512 12       		.uleb128 0x12
 648 0513 30030000 		.4byte	.LASF86
 649 0517 04       		.byte	0x4
 650 0518 6504     		.2byte	0x465
 651 051a 20050000 		.4byte	0x520
 652 051e 08       		.byte	0x8
 653 051f 00       		.byte	0
 654 0520 13       		.uleb128 0x13
 655 0521 04       		.byte	0x4
 656 0522 10       		.uleb128 0x10
 657 0523 C8010000 		.4byte	.LASF87
 658 0527 04       		.byte	0x4
 659 0528 6804     		.2byte	0x468
 660 052a EF040000 		.4byte	0x4ef
 661 052e 10       		.uleb128 0x10
 662 052f 94050000 		.4byte	.LASF88
 663 0533 04       		.byte	0x4
 664 0534 6B04     		.2byte	0x46b
 665 0536 3A050000 		.4byte	0x53a
 666 053a 14       		.uleb128 0x14
 667 053b 04       		.byte	0x4
 668 053c 40050000 		.4byte	0x540
 669 0540 15       		.uleb128 0x15
 670 0541 79040000 		.4byte	0x479
 671 0545 4F050000 		.4byte	0x54f
 672 0549 16       		.uleb128 0x16
 673 054a 4F050000 		.4byte	0x54f
 674 054e 00       		.byte	0
 675 054f 14       		.uleb128 0x14
 676 0550 04       		.byte	0x4
 677 0551 22050000 		.4byte	0x522
 678 0555 17       		.uleb128 0x17
 679 0556 E7010000 		.4byte	.LASF130
 680 055a 18       		.byte	0x18
 681 055b 04       		.byte	0x4
 682 055c 6E04     		.2byte	0x46e
ARM GAS  C:\Users\gjl\AppData\Local\Temp\cc2ESFkR.s 			page 13


 683 055e B1050000 		.4byte	0x5b1
 684 0562 12       		.uleb128 0x12
 685 0563 84030000 		.4byte	.LASF89
 686 0567 04       		.byte	0x4
 687 0568 7004     		.2byte	0x470
 688 056a 2E050000 		.4byte	0x52e
 689 056e 00       		.byte	0
 690 056f 12       		.uleb128 0x12
 691 0570 76000000 		.4byte	.LASF90
 692 0574 04       		.byte	0x4
 693 0575 7104     		.2byte	0x471
 694 0577 B1040000 		.4byte	0x4b1
 695 057b 04       		.byte	0x4
 696 057c 12       		.uleb128 0x12
 697 057d 27030000 		.4byte	.LASF91
 698 0581 04       		.byte	0x4
 699 0582 7204     		.2byte	0x472
 700 0584 6E000000 		.4byte	0x6e
 701 0588 08       		.byte	0x8
 702 0589 12       		.uleb128 0x12
 703 058a B7030000 		.4byte	.LASF92
 704 058e 04       		.byte	0x4
 705 058f 7904     		.2byte	0x479
 706 0591 4F050000 		.4byte	0x54f
 707 0595 0C       		.byte	0xc
 708 0596 12       		.uleb128 0x12
 709 0597 B0000000 		.4byte	.LASF93
 710 059b 04       		.byte	0x4
 711 059c 7C04     		.2byte	0x47c
 712 059e B1050000 		.4byte	0x5b1
 713 05a2 10       		.byte	0x10
 714 05a3 12       		.uleb128 0x12
 715 05a4 23040000 		.4byte	.LASF94
 716 05a8 04       		.byte	0x4
 717 05a9 8204     		.2byte	0x482
 718 05ab B1050000 		.4byte	0x5b1
 719 05af 14       		.byte	0x14
 720 05b0 00       		.byte	0
 721 05b1 14       		.uleb128 0x14
 722 05b2 04       		.byte	0x4
 723 05b3 55050000 		.4byte	0x555
 724 05b7 10       		.uleb128 0x10
 725 05b8 2B070000 		.4byte	.LASF95
 726 05bc 04       		.byte	0x4
 727 05bd 8704     		.2byte	0x487
 728 05bf 55050000 		.4byte	0x555
 729 05c3 0D       		.uleb128 0xd
 730 05c4 01       		.byte	0x1
 731 05c5 24000000 		.4byte	0x24
 732 05c9 05       		.byte	0x5
 733 05ca 0504     		.2byte	0x405
 734 05cc E9050000 		.4byte	0x5e9
 735 05d0 0E       		.uleb128 0xe
 736 05d1 41010000 		.4byte	.LASF96
 737 05d5 00       		.byte	0
 738 05d6 0E       		.uleb128 0xe
 739 05d7 67050000 		.4byte	.LASF97
ARM GAS  C:\Users\gjl\AppData\Local\Temp\cc2ESFkR.s 			page 14


 740 05db 01       		.byte	0x1
 741 05dc 0E       		.uleb128 0xe
 742 05dd 8A010000 		.4byte	.LASF98
 743 05e1 02       		.byte	0x2
 744 05e2 0E       		.uleb128 0xe
 745 05e3 D3070000 		.4byte	.LASF99
 746 05e7 03       		.byte	0x3
 747 05e8 00       		.byte	0
 748 05e9 10       		.uleb128 0x10
 749 05ea FA000000 		.4byte	.LASF100
 750 05ee 05       		.byte	0x5
 751 05ef 0A04     		.2byte	0x40a
 752 05f1 C3050000 		.4byte	0x5c3
 753 05f5 11       		.uleb128 0x11
 754 05f6 78       		.byte	0x78
 755 05f7 05       		.byte	0x5
 756 05f8 F404     		.2byte	0x4f4
 757 05fa C2060000 		.4byte	0x6c2
 758 05fe 12       		.uleb128 0x12
 759 05ff E4060000 		.4byte	.LASF101
 760 0603 05       		.byte	0x5
 761 0604 F604     		.2byte	0x4f6
 762 0606 6E000000 		.4byte	0x6e
 763 060a 00       		.byte	0
 764 060b 12       		.uleb128 0x12
 765 060c 6D070000 		.4byte	.LASF102
 766 0610 05       		.byte	0x5
 767 0611 F704     		.2byte	0x4f7
 768 0613 6E000000 		.4byte	0x6e
 769 0617 04       		.byte	0x4
 770 0618 12       		.uleb128 0x12
 771 0619 BB010000 		.4byte	.LASF103
 772 061d 05       		.byte	0x5
 773 061e F804     		.2byte	0x4f8
 774 0620 6E000000 		.4byte	0x6e
 775 0624 08       		.byte	0x8
 776 0625 12       		.uleb128 0x12
 777 0626 37040000 		.4byte	.LASF104
 778 062a 05       		.byte	0x5
 779 062b F904     		.2byte	0x4f9
 780 062d 6E000000 		.4byte	0x6e
 781 0631 0C       		.byte	0xc
 782 0632 12       		.uleb128 0x12
 783 0633 5C030000 		.4byte	.LASF105
 784 0637 05       		.byte	0x5
 785 0638 FA04     		.2byte	0x4fa
 786 063a 6E000000 		.4byte	0x6e
 787 063e 10       		.byte	0x10
 788 063f 12       		.uleb128 0x12
 789 0640 43070000 		.4byte	.LASF106
 790 0644 05       		.byte	0x5
 791 0645 FB04     		.2byte	0x4fb
 792 0647 E9050000 		.4byte	0x5e9
 793 064b 14       		.byte	0x14
 794 064c 12       		.uleb128 0x12
 795 064d 60050000 		.4byte	.LASF107
 796 0651 05       		.byte	0x5
ARM GAS  C:\Users\gjl\AppData\Local\Temp\cc2ESFkR.s 			page 15


 797 0652 FC04     		.2byte	0x4fc
 798 0654 6E000000 		.4byte	0x6e
 799 0658 18       		.byte	0x18
 800 0659 12       		.uleb128 0x12
 801 065a 99030000 		.4byte	.LASF108
 802 065e 05       		.byte	0x5
 803 065f FD04     		.2byte	0x4fd
 804 0661 C2060000 		.4byte	0x6c2
 805 0665 1C       		.byte	0x1c
 806 0666 12       		.uleb128 0x12
 807 0667 B9050000 		.4byte	.LASF109
 808 066b 05       		.byte	0x5
 809 066c FE04     		.2byte	0x4fe
 810 066e 6E000000 		.4byte	0x6e
 811 0672 5C       		.byte	0x5c
 812 0673 12       		.uleb128 0x12
 813 0674 2D000000 		.4byte	.LASF110
 814 0678 05       		.byte	0x5
 815 0679 FF04     		.2byte	0x4ff
 816 067b 6E000000 		.4byte	0x6e
 817 067f 60       		.byte	0x60
 818 0680 12       		.uleb128 0x12
 819 0681 33010000 		.4byte	.LASF111
 820 0685 05       		.byte	0x5
 821 0686 0005     		.2byte	0x500
 822 0688 6E000000 		.4byte	0x6e
 823 068c 64       		.byte	0x64
 824 068d 12       		.uleb128 0x12
 825 068e AF050000 		.4byte	.LASF112
 826 0692 05       		.byte	0x5
 827 0693 0105     		.2byte	0x501
 828 0695 6E000000 		.4byte	0x6e
 829 0699 68       		.byte	0x68
 830 069a 12       		.uleb128 0x12
 831 069b 1D080000 		.4byte	.LASF113
 832 069f 05       		.byte	0x5
 833 06a0 0205     		.2byte	0x502
 834 06a2 6E000000 		.4byte	0x6e
 835 06a6 6C       		.byte	0x6c
 836 06a7 12       		.uleb128 0x12
 837 06a8 44040000 		.4byte	.LASF114
 838 06ac 05       		.byte	0x5
 839 06ad 0305     		.2byte	0x503
 840 06af D2060000 		.4byte	0x6d2
 841 06b3 70       		.byte	0x70
 842 06b4 12       		.uleb128 0x12
 843 06b5 06060000 		.4byte	.LASF115
 844 06b9 05       		.byte	0x5
 845 06ba 0405     		.2byte	0x504
 846 06bc 6E000000 		.4byte	0x6e
 847 06c0 74       		.byte	0x74
 848 06c1 00       		.byte	0
 849 06c2 07       		.uleb128 0x7
 850 06c3 6E000000 		.4byte	0x6e
 851 06c7 D2060000 		.4byte	0x6d2
 852 06cb 08       		.uleb128 0x8
 853 06cc 79000000 		.4byte	0x79
ARM GAS  C:\Users\gjl\AppData\Local\Temp\cc2ESFkR.s 			page 16


 854 06d0 0F       		.byte	0xf
 855 06d1 00       		.byte	0
 856 06d2 02       		.uleb128 0x2
 857 06d3 01       		.byte	0x1
 858 06d4 02       		.byte	0x2
 859 06d5 80050000 		.4byte	.LASF116
 860 06d9 10       		.uleb128 0x10
 861 06da CC000000 		.4byte	.LASF117
 862 06de 05       		.byte	0x5
 863 06df 0505     		.2byte	0x505
 864 06e1 F5050000 		.4byte	0x5f5
 865 06e5 18       		.uleb128 0x18
 866 06e6 14       		.byte	0x14
 867 06e7 06       		.byte	0x6
 868 06e8 3B       		.byte	0x3b
 869 06e9 2A070000 		.4byte	0x72a
 870 06ed 0A       		.uleb128 0xa
 871 06ee 02080000 		.4byte	.LASF118
 872 06f2 06       		.byte	0x6
 873 06f3 3D       		.byte	0x3d
 874 06f4 6E000000 		.4byte	0x6e
 875 06f8 00       		.byte	0
 876 06f9 0A       		.uleb128 0xa
 877 06fa 8D030000 		.4byte	.LASF119
 878 06fe 06       		.byte	0x6
 879 06ff 3E       		.byte	0x3e
 880 0700 6E000000 		.4byte	0x6e
 881 0704 04       		.byte	0x4
 882 0705 0A       		.uleb128 0xa
 883 0706 5B020000 		.4byte	.LASF120
 884 070a 06       		.byte	0x6
 885 070b 3F       		.byte	0x3f
 886 070c 2A070000 		.4byte	0x72a
 887 0710 08       		.byte	0x8
 888 0711 0A       		.uleb128 0xa
 889 0712 F0060000 		.4byte	.LASF121
 890 0716 06       		.byte	0x6
 891 0717 40       		.byte	0x40
 892 0718 6E000000 		.4byte	0x6e
 893 071c 0C       		.byte	0xc
 894 071d 0A       		.uleb128 0xa
 895 071e 1D010000 		.4byte	.LASF122
 896 0722 06       		.byte	0x6
 897 0723 45       		.byte	0x45
 898 0724 6E000000 		.4byte	0x6e
 899 0728 10       		.byte	0x10
 900 0729 00       		.byte	0
 901 072a 14       		.uleb128 0x14
 902 072b 04       		.byte	0x4
 903 072c 30070000 		.4byte	0x730
 904 0730 06       		.uleb128 0x6
 905 0731 D9060000 		.4byte	0x6d9
 906 0735 03       		.uleb128 0x3
 907 0736 8C070000 		.4byte	.LASF123
 908 073a 06       		.byte	0x6
 909 073b 48       		.byte	0x48
 910 073c E5060000 		.4byte	0x6e5
ARM GAS  C:\Users\gjl\AppData\Local\Temp\cc2ESFkR.s 			page 17


 911 0740 19       		.uleb128 0x19
 912 0741 D9020000 		.4byte	.LASF131
 913 0745 07       		.byte	0x7
 914 0746 29       		.byte	0x29
 915 0747 22050000 		.4byte	0x522
 916 074b 05       		.uleb128 0x5
 917 074c 03       		.byte	0x3
 918 074d 18000000 		.4byte	ADC_1_DeepSleepCallbackParams
 919 0751 1A       		.uleb128 0x1a
 920 0752 F2050000 		.4byte	.LASF124
 921 0756 06       		.byte	0x6
 922 0757 6001     		.2byte	0x160
 923 0759 6E000000 		.4byte	0x6e
 924 075d 07       		.uleb128 0x7
 925 075e 6D070000 		.4byte	0x76d
 926 0762 6D070000 		.4byte	0x76d
 927 0766 08       		.uleb128 0x8
 928 0767 79000000 		.4byte	0x79
 929 076b 00       		.byte	0
 930 076c 00       		.byte	0
 931 076d 06       		.uleb128 0x6
 932 076e 35070000 		.4byte	0x735
 933 0772 1A       		.uleb128 0x1a
 934 0773 4B030000 		.4byte	.LASF125
 935 0777 06       		.byte	0x6
 936 0778 6401     		.2byte	0x164
 937 077a 7E070000 		.4byte	0x77e
 938 077e 06       		.uleb128 0x6
 939 077f 5D070000 		.4byte	0x75d
 940 0783 1B       		.uleb128 0x1b
 941 0784 4C000000 		.4byte	.LASF126
 942 0788 07       		.byte	0x7
 943 0789 2D       		.byte	0x2d
 944 078a B7050000 		.4byte	0x5b7
 945 078e 05       		.uleb128 0x5
 946 078f 03       		.byte	0x3
 947 0790 00000000 		.4byte	ADC_1_DeepSleepCallbackStruct
 948 0794 00       		.byte	0
 949              		.section	.debug_abbrev,"",%progbits
 950              	.Ldebug_abbrev0:
 951 0000 01       		.uleb128 0x1
 952 0001 11       		.uleb128 0x11
 953 0002 01       		.byte	0x1
 954 0003 25       		.uleb128 0x25
 955 0004 0E       		.uleb128 0xe
 956 0005 13       		.uleb128 0x13
 957 0006 0B       		.uleb128 0xb
 958 0007 03       		.uleb128 0x3
 959 0008 0E       		.uleb128 0xe
 960 0009 1B       		.uleb128 0x1b
 961 000a 0E       		.uleb128 0xe
 962 000b 10       		.uleb128 0x10
 963 000c 17       		.uleb128 0x17
 964 000d 00       		.byte	0
 965 000e 00       		.byte	0
 966 000f 02       		.uleb128 0x2
 967 0010 24       		.uleb128 0x24
ARM GAS  C:\Users\gjl\AppData\Local\Temp\cc2ESFkR.s 			page 18


 968 0011 00       		.byte	0
 969 0012 0B       		.uleb128 0xb
 970 0013 0B       		.uleb128 0xb
 971 0014 3E       		.uleb128 0x3e
 972 0015 0B       		.uleb128 0xb
 973 0016 03       		.uleb128 0x3
 974 0017 0E       		.uleb128 0xe
 975 0018 00       		.byte	0
 976 0019 00       		.byte	0
 977 001a 03       		.uleb128 0x3
 978 001b 16       		.uleb128 0x16
 979 001c 00       		.byte	0
 980 001d 03       		.uleb128 0x3
 981 001e 0E       		.uleb128 0xe
 982 001f 3A       		.uleb128 0x3a
 983 0020 0B       		.uleb128 0xb
 984 0021 3B       		.uleb128 0x3b
 985 0022 0B       		.uleb128 0xb
 986 0023 49       		.uleb128 0x49
 987 0024 13       		.uleb128 0x13
 988 0025 00       		.byte	0
 989 0026 00       		.byte	0
 990 0027 04       		.uleb128 0x4
 991 0028 24       		.uleb128 0x24
 992 0029 00       		.byte	0
 993 002a 0B       		.uleb128 0xb
 994 002b 0B       		.uleb128 0xb
 995 002c 3E       		.uleb128 0x3e
 996 002d 0B       		.uleb128 0xb
 997 002e 03       		.uleb128 0x3
 998 002f 08       		.uleb128 0x8
 999 0030 00       		.byte	0
 1000 0031 00       		.byte	0
 1001 0032 05       		.uleb128 0x5
 1002 0033 35       		.uleb128 0x35
 1003 0034 00       		.byte	0
 1004 0035 49       		.uleb128 0x49
 1005 0036 13       		.uleb128 0x13
 1006 0037 00       		.byte	0
 1007 0038 00       		.byte	0
 1008 0039 06       		.uleb128 0x6
 1009 003a 26       		.uleb128 0x26
 1010 003b 00       		.byte	0
 1011 003c 49       		.uleb128 0x49
 1012 003d 13       		.uleb128 0x13
 1013 003e 00       		.byte	0
 1014 003f 00       		.byte	0
 1015 0040 07       		.uleb128 0x7
 1016 0041 01       		.uleb128 0x1
 1017 0042 01       		.byte	0x1
 1018 0043 49       		.uleb128 0x49
 1019 0044 13       		.uleb128 0x13
 1020 0045 01       		.uleb128 0x1
 1021 0046 13       		.uleb128 0x13
 1022 0047 00       		.byte	0
 1023 0048 00       		.byte	0
 1024 0049 08       		.uleb128 0x8
ARM GAS  C:\Users\gjl\AppData\Local\Temp\cc2ESFkR.s 			page 19


 1025 004a 21       		.uleb128 0x21
 1026 004b 00       		.byte	0
 1027 004c 49       		.uleb128 0x49
 1028 004d 13       		.uleb128 0x13
 1029 004e 2F       		.uleb128 0x2f
 1030 004f 0B       		.uleb128 0xb
 1031 0050 00       		.byte	0
 1032 0051 00       		.byte	0
 1033 0052 09       		.uleb128 0x9
 1034 0053 13       		.uleb128 0x13
 1035 0054 01       		.byte	0x1
 1036 0055 0B       		.uleb128 0xb
 1037 0056 05       		.uleb128 0x5
 1038 0057 3A       		.uleb128 0x3a
 1039 0058 0B       		.uleb128 0xb
 1040 0059 3B       		.uleb128 0x3b
 1041 005a 0B       		.uleb128 0xb
 1042 005b 01       		.uleb128 0x1
 1043 005c 13       		.uleb128 0x13
 1044 005d 00       		.byte	0
 1045 005e 00       		.byte	0
 1046 005f 0A       		.uleb128 0xa
 1047 0060 0D       		.uleb128 0xd
 1048 0061 00       		.byte	0
 1049 0062 03       		.uleb128 0x3
 1050 0063 0E       		.uleb128 0xe
 1051 0064 3A       		.uleb128 0x3a
 1052 0065 0B       		.uleb128 0xb
 1053 0066 3B       		.uleb128 0x3b
 1054 0067 0B       		.uleb128 0xb
 1055 0068 49       		.uleb128 0x49
 1056 0069 13       		.uleb128 0x13
 1057 006a 38       		.uleb128 0x38
 1058 006b 0B       		.uleb128 0xb
 1059 006c 00       		.byte	0
 1060 006d 00       		.byte	0
 1061 006e 0B       		.uleb128 0xb
 1062 006f 0D       		.uleb128 0xd
 1063 0070 00       		.byte	0
 1064 0071 03       		.uleb128 0x3
 1065 0072 0E       		.uleb128 0xe
 1066 0073 3A       		.uleb128 0x3a
 1067 0074 0B       		.uleb128 0xb
 1068 0075 3B       		.uleb128 0x3b
 1069 0076 0B       		.uleb128 0xb
 1070 0077 49       		.uleb128 0x49
 1071 0078 13       		.uleb128 0x13
 1072 0079 38       		.uleb128 0x38
 1073 007a 05       		.uleb128 0x5
 1074 007b 00       		.byte	0
 1075 007c 00       		.byte	0
 1076 007d 0C       		.uleb128 0xc
 1077 007e 21       		.uleb128 0x21
 1078 007f 00       		.byte	0
 1079 0080 49       		.uleb128 0x49
 1080 0081 13       		.uleb128 0x13
 1081 0082 2F       		.uleb128 0x2f
ARM GAS  C:\Users\gjl\AppData\Local\Temp\cc2ESFkR.s 			page 20


 1082 0083 05       		.uleb128 0x5
 1083 0084 00       		.byte	0
 1084 0085 00       		.byte	0
 1085 0086 0D       		.uleb128 0xd
 1086 0087 04       		.uleb128 0x4
 1087 0088 01       		.byte	0x1
 1088 0089 0B       		.uleb128 0xb
 1089 008a 0B       		.uleb128 0xb
 1090 008b 49       		.uleb128 0x49
 1091 008c 13       		.uleb128 0x13
 1092 008d 3A       		.uleb128 0x3a
 1093 008e 0B       		.uleb128 0xb
 1094 008f 3B       		.uleb128 0x3b
 1095 0090 05       		.uleb128 0x5
 1096 0091 01       		.uleb128 0x1
 1097 0092 13       		.uleb128 0x13
 1098 0093 00       		.byte	0
 1099 0094 00       		.byte	0
 1100 0095 0E       		.uleb128 0xe
 1101 0096 28       		.uleb128 0x28
 1102 0097 00       		.byte	0
 1103 0098 03       		.uleb128 0x3
 1104 0099 0E       		.uleb128 0xe
 1105 009a 1C       		.uleb128 0x1c
 1106 009b 0B       		.uleb128 0xb
 1107 009c 00       		.byte	0
 1108 009d 00       		.byte	0
 1109 009e 0F       		.uleb128 0xf
 1110 009f 28       		.uleb128 0x28
 1111 00a0 00       		.byte	0
 1112 00a1 03       		.uleb128 0x3
 1113 00a2 0E       		.uleb128 0xe
 1114 00a3 1C       		.uleb128 0x1c
 1115 00a4 06       		.uleb128 0x6
 1116 00a5 00       		.byte	0
 1117 00a6 00       		.byte	0
 1118 00a7 10       		.uleb128 0x10
 1119 00a8 16       		.uleb128 0x16
 1120 00a9 00       		.byte	0
 1121 00aa 03       		.uleb128 0x3
 1122 00ab 0E       		.uleb128 0xe
 1123 00ac 3A       		.uleb128 0x3a
 1124 00ad 0B       		.uleb128 0xb
 1125 00ae 3B       		.uleb128 0x3b
 1126 00af 05       		.uleb128 0x5
 1127 00b0 49       		.uleb128 0x49
 1128 00b1 13       		.uleb128 0x13
 1129 00b2 00       		.byte	0
 1130 00b3 00       		.byte	0
 1131 00b4 11       		.uleb128 0x11
 1132 00b5 13       		.uleb128 0x13
 1133 00b6 01       		.byte	0x1
 1134 00b7 0B       		.uleb128 0xb
 1135 00b8 0B       		.uleb128 0xb
 1136 00b9 3A       		.uleb128 0x3a
 1137 00ba 0B       		.uleb128 0xb
 1138 00bb 3B       		.uleb128 0x3b
ARM GAS  C:\Users\gjl\AppData\Local\Temp\cc2ESFkR.s 			page 21


 1139 00bc 05       		.uleb128 0x5
 1140 00bd 01       		.uleb128 0x1
 1141 00be 13       		.uleb128 0x13
 1142 00bf 00       		.byte	0
 1143 00c0 00       		.byte	0
 1144 00c1 12       		.uleb128 0x12
 1145 00c2 0D       		.uleb128 0xd
 1146 00c3 00       		.byte	0
 1147 00c4 03       		.uleb128 0x3
 1148 00c5 0E       		.uleb128 0xe
 1149 00c6 3A       		.uleb128 0x3a
 1150 00c7 0B       		.uleb128 0xb
 1151 00c8 3B       		.uleb128 0x3b
 1152 00c9 05       		.uleb128 0x5
 1153 00ca 49       		.uleb128 0x49
 1154 00cb 13       		.uleb128 0x13
 1155 00cc 38       		.uleb128 0x38
 1156 00cd 0B       		.uleb128 0xb
 1157 00ce 00       		.byte	0
 1158 00cf 00       		.byte	0
 1159 00d0 13       		.uleb128 0x13
 1160 00d1 0F       		.uleb128 0xf
 1161 00d2 00       		.byte	0
 1162 00d3 0B       		.uleb128 0xb
 1163 00d4 0B       		.uleb128 0xb
 1164 00d5 00       		.byte	0
 1165 00d6 00       		.byte	0
 1166 00d7 14       		.uleb128 0x14
 1167 00d8 0F       		.uleb128 0xf
 1168 00d9 00       		.byte	0
 1169 00da 0B       		.uleb128 0xb
 1170 00db 0B       		.uleb128 0xb
 1171 00dc 49       		.uleb128 0x49
 1172 00dd 13       		.uleb128 0x13
 1173 00de 00       		.byte	0
 1174 00df 00       		.byte	0
 1175 00e0 15       		.uleb128 0x15
 1176 00e1 15       		.uleb128 0x15
 1177 00e2 01       		.byte	0x1
 1178 00e3 27       		.uleb128 0x27
 1179 00e4 19       		.uleb128 0x19
 1180 00e5 49       		.uleb128 0x49
 1181 00e6 13       		.uleb128 0x13
 1182 00e7 01       		.uleb128 0x1
 1183 00e8 13       		.uleb128 0x13
 1184 00e9 00       		.byte	0
 1185 00ea 00       		.byte	0
 1186 00eb 16       		.uleb128 0x16
 1187 00ec 05       		.uleb128 0x5
 1188 00ed 00       		.byte	0
 1189 00ee 49       		.uleb128 0x49
 1190 00ef 13       		.uleb128 0x13
 1191 00f0 00       		.byte	0
 1192 00f1 00       		.byte	0
 1193 00f2 17       		.uleb128 0x17
 1194 00f3 13       		.uleb128 0x13
 1195 00f4 01       		.byte	0x1
ARM GAS  C:\Users\gjl\AppData\Local\Temp\cc2ESFkR.s 			page 22


 1196 00f5 03       		.uleb128 0x3
 1197 00f6 0E       		.uleb128 0xe
 1198 00f7 0B       		.uleb128 0xb
 1199 00f8 0B       		.uleb128 0xb
 1200 00f9 3A       		.uleb128 0x3a
 1201 00fa 0B       		.uleb128 0xb
 1202 00fb 3B       		.uleb128 0x3b
 1203 00fc 05       		.uleb128 0x5
 1204 00fd 01       		.uleb128 0x1
 1205 00fe 13       		.uleb128 0x13
 1206 00ff 00       		.byte	0
 1207 0100 00       		.byte	0
 1208 0101 18       		.uleb128 0x18
 1209 0102 13       		.uleb128 0x13
 1210 0103 01       		.byte	0x1
 1211 0104 0B       		.uleb128 0xb
 1212 0105 0B       		.uleb128 0xb
 1213 0106 3A       		.uleb128 0x3a
 1214 0107 0B       		.uleb128 0xb
 1215 0108 3B       		.uleb128 0x3b
 1216 0109 0B       		.uleb128 0xb
 1217 010a 01       		.uleb128 0x1
 1218 010b 13       		.uleb128 0x13
 1219 010c 00       		.byte	0
 1220 010d 00       		.byte	0
 1221 010e 19       		.uleb128 0x19
 1222 010f 34       		.uleb128 0x34
 1223 0110 00       		.byte	0
 1224 0111 03       		.uleb128 0x3
 1225 0112 0E       		.uleb128 0xe
 1226 0113 3A       		.uleb128 0x3a
 1227 0114 0B       		.uleb128 0xb
 1228 0115 3B       		.uleb128 0x3b
 1229 0116 0B       		.uleb128 0xb
 1230 0117 49       		.uleb128 0x49
 1231 0118 13       		.uleb128 0x13
 1232 0119 02       		.uleb128 0x2
 1233 011a 18       		.uleb128 0x18
 1234 011b 00       		.byte	0
 1235 011c 00       		.byte	0
 1236 011d 1A       		.uleb128 0x1a
 1237 011e 34       		.uleb128 0x34
 1238 011f 00       		.byte	0
 1239 0120 03       		.uleb128 0x3
 1240 0121 0E       		.uleb128 0xe
 1241 0122 3A       		.uleb128 0x3a
 1242 0123 0B       		.uleb128 0xb
 1243 0124 3B       		.uleb128 0x3b
 1244 0125 05       		.uleb128 0x5
 1245 0126 49       		.uleb128 0x49
 1246 0127 13       		.uleb128 0x13
 1247 0128 3F       		.uleb128 0x3f
 1248 0129 19       		.uleb128 0x19
 1249 012a 3C       		.uleb128 0x3c
 1250 012b 19       		.uleb128 0x19
 1251 012c 00       		.byte	0
 1252 012d 00       		.byte	0
ARM GAS  C:\Users\gjl\AppData\Local\Temp\cc2ESFkR.s 			page 23


 1253 012e 1B       		.uleb128 0x1b
 1254 012f 34       		.uleb128 0x34
 1255 0130 00       		.byte	0
 1256 0131 03       		.uleb128 0x3
 1257 0132 0E       		.uleb128 0xe
 1258 0133 3A       		.uleb128 0x3a
 1259 0134 0B       		.uleb128 0xb
 1260 0135 3B       		.uleb128 0x3b
 1261 0136 0B       		.uleb128 0xb
 1262 0137 49       		.uleb128 0x49
 1263 0138 13       		.uleb128 0x13
 1264 0139 3F       		.uleb128 0x3f
 1265 013a 19       		.uleb128 0x19
 1266 013b 02       		.uleb128 0x2
 1267 013c 18       		.uleb128 0x18
 1268 013d 00       		.byte	0
 1269 013e 00       		.byte	0
 1270 013f 00       		.byte	0
 1271              		.section	.debug_aranges,"",%progbits
 1272 0000 14000000 		.4byte	0x14
 1273 0004 0200     		.2byte	0x2
 1274 0006 00000000 		.4byte	.Ldebug_info0
 1275 000a 04       		.byte	0x4
 1276 000b 00       		.byte	0
 1277 000c 0000     		.2byte	0
 1278 000e 0000     		.2byte	0
 1279 0010 00000000 		.4byte	0
 1280 0014 00000000 		.4byte	0
 1281              		.section	.debug_line,"",%progbits
 1282              	.Ldebug_line0:
 1283 0000 00020000 		.section	.debug_str,"MS",%progbits,1
 1283      0200FA01 
 1283      00000201 
 1283      FB0E0D00 
 1283      01010101 
 1284              	.LASF78:
 1285 0000 63795F65 		.ascii	"cy_en_syspm_callback_type_t\000"
 1285      6E5F7379 
 1285      73706D5F 
 1285      63616C6C 
 1285      6261636B 
 1286              	.LASF69:
 1287 001c 43595F53 		.ascii	"CY_SYSPM_TIMEOUT\000"
 1287      5953504D 
 1287      5F54494D 
 1287      454F5554 
 1287      00
 1288              	.LASF110:
 1289 002d 73617449 		.ascii	"satIntrMask\000"
 1289      6E74724D 
 1289      61736B00 
 1290              	.LASF68:
 1291 0039 43595F53 		.ascii	"CY_SYSPM_BAD_PARAM\000"
 1291      5953504D 
 1291      5F424144 
 1291      5F504152 
 1291      414D00
ARM GAS  C:\Users\gjl\AppData\Local\Temp\cc2ESFkR.s 			page 24


 1292              	.LASF126:
 1293 004c 4144435F 		.ascii	"ADC_1_DeepSleepCallbackStruct\000"
 1293      315F4465 
 1293      6570536C 
 1293      65657043 
 1293      616C6C62 
 1294              	.LASF53:
 1295 006a 4D55585F 		.ascii	"MUX_SWITCH0\000"
 1295      53574954 
 1295      43483000 
 1296              	.LASF90:
 1297 0076 74797065 		.ascii	"type\000"
 1297      00
 1298              	.LASF18:
 1299 007b 52414E47 		.ascii	"RANGE_COND\000"
 1299      455F434F 
 1299      4E4400
 1300              	.LASF7:
 1301 0086 6C6F6E67 		.ascii	"long long unsigned int\000"
 1301      206C6F6E 
 1301      6720756E 
 1301      7369676E 
 1301      65642069 
 1302              	.LASF38:
 1303 009d 53415455 		.ascii	"SATURATE_INTR_MASK\000"
 1303      52415445 
 1303      5F494E54 
 1303      525F4D41 
 1303      534B00
 1304              	.LASF93:
 1305 00b0 70726576 		.ascii	"prevItm\000"
 1305      49746D00 
 1306              	.LASF60:
 1307 00b8 414E415F 		.ascii	"ANA_TRIM0\000"
 1307      5452494D 
 1307      3000
 1308              	.LASF61:
 1309 00c2 414E415F 		.ascii	"ANA_TRIM1\000"
 1309      5452494D 
 1309      3100
 1310              	.LASF117:
 1311 00cc 63795F73 		.ascii	"cy_stc_sar_config_t\000"
 1311      74635F73 
 1311      61725F63 
 1311      6F6E6669 
 1311      675F7400 
 1312              	.LASF6:
 1313 00e0 6C6F6E67 		.ascii	"long long int\000"
 1313      206C6F6E 
 1313      6720696E 
 1313      7400
 1314              	.LASF2:
 1315 00ee 7369676E 		.ascii	"signed char\000"
 1315      65642063 
 1315      68617200 
 1316              	.LASF100:
 1317 00fa 63795F65 		.ascii	"cy_en_sar_range_detect_condition_t\000"
ARM GAS  C:\Users\gjl\AppData\Local\Temp\cc2ESFkR.s 			page 25


 1317      6E5F7361 
 1317      725F7261 
 1317      6E67655F 
 1317      64657465 
 1318              	.LASF122:
 1319 011d 636C6B44 		.ascii	"clkDivider\000"
 1319      69766964 
 1319      657200
 1320              	.LASF59:
 1321 0128 52455345 		.ascii	"RESERVED10\000"
 1321      52564544 
 1321      313000
 1322              	.LASF111:
 1323 0133 72616E67 		.ascii	"rangeIntrMask\000"
 1323      65496E74 
 1323      724D6173 
 1323      6B00
 1324              	.LASF96:
 1325 0141 43595F53 		.ascii	"CY_SAR_RANGE_COND_BELOW\000"
 1325      41525F52 
 1325      414E4745 
 1325      5F434F4E 
 1325      445F4245 
 1326              	.LASF4:
 1327 0159 6C6F6E67 		.ascii	"long int\000"
 1327      20696E74 
 1327      00
 1328              	.LASF58:
 1329 0162 4D55585F 		.ascii	"MUX_SWITCH_STATUS\000"
 1329      53574954 
 1329      43485F53 
 1329      54415455 
 1329      5300
 1330              	.LASF44:
 1331 0174 494E5452 		.ascii	"INTR_CAUSE\000"
 1331      5F434155 
 1331      534500
 1332              	.LASF48:
 1333 017f 494E4A5F 		.ascii	"INJ_RESULT\000"
 1333      52455355 
 1333      4C5400
 1334              	.LASF98:
 1335 018a 43595F53 		.ascii	"CY_SAR_RANGE_COND_ABOVE\000"
 1335      41525F52 
 1335      414E4745 
 1335      5F434F4E 
 1335      445F4142 
 1336              	.LASF66:
 1337 01a2 646F7562 		.ascii	"double\000"
 1337      6C6500
 1338              	.LASF54:
 1339 01a9 4D55585F 		.ascii	"MUX_SWITCH_CLEAR0\000"
 1339      53574954 
 1339      43485F43 
 1339      4C454152 
 1339      3000
 1340              	.LASF103:
ARM GAS  C:\Users\gjl\AppData\Local\Temp\cc2ESFkR.s 			page 26


 1341 01bb 73616D70 		.ascii	"sampleTime01\000"
 1341      6C655469 
 1341      6D653031 
 1341      00
 1342              	.LASF87:
 1343 01c8 63795F73 		.ascii	"cy_stc_syspm_callback_params_t\000"
 1343      74635F73 
 1343      7973706D 
 1343      5F63616C 
 1343      6C626163 
 1344              	.LASF130:
 1345 01e7 63795F73 		.ascii	"cy_stc_syspm_callback\000"
 1345      74635F73 
 1345      7973706D 
 1345      5F63616C 
 1345      6C626163 
 1346              	.LASF129:
 1347 01fd 433A5C47 		.ascii	"C:\\Git\\PSoC6-101-Videos\\Projects_ScreenCapture\\"
 1347      69745C50 
 1347      536F4336 
 1347      2D313031 
 1347      2D566964 
 1348 022c 50536F43 		.ascii	"PSoC 6_101\\2-6-ADC_OPAMP_VREF.cydsn\000"
 1348      20365F31 
 1348      30315C32 
 1348      2D362D41 
 1348      44435F4F 
 1349              	.LASF9:
 1350 0250 5F5F7569 		.ascii	"__uint32_t\000"
 1350      6E743332 
 1350      5F7400
 1351              	.LASF120:
 1352 025b 6877436F 		.ascii	"hwConfigStc\000"
 1352      6E666967 
 1352      53746300 
 1353              	.LASF15:
 1354 0267 53414D50 		.ascii	"SAMPLE_TIME01\000"
 1354      4C455F54 
 1354      494D4530 
 1354      3100
 1355              	.LASF36:
 1356 0275 53415455 		.ascii	"SATURATE_INTR\000"
 1356      52415445 
 1356      5F494E54 
 1356      5200
 1357              	.LASF22:
 1358 0283 4348414E 		.ascii	"CHAN_CONFIG\000"
 1358      5F434F4E 
 1358      46494700 
 1359              	.LASF70:
 1360 028f 43595F53 		.ascii	"CY_SYSPM_INVALID_STATE\000"
 1360      5953504D 
 1360      5F494E56 
 1360      414C4944 
 1360      5F535441 
 1361              	.LASF8:
 1362 02a6 756E7369 		.ascii	"unsigned int\000"
ARM GAS  C:\Users\gjl\AppData\Local\Temp\cc2ESFkR.s 			page 27


 1362      676E6564 
 1362      20696E74 
 1362      00
 1363              	.LASF80:
 1364 02b3 43595F53 		.ascii	"CY_SYSPM_CHECK_FAIL\000"
 1364      5953504D 
 1364      5F434845 
 1364      434B5F46 
 1364      41494C00 
 1365              	.LASF5:
 1366 02c7 6C6F6E67 		.ascii	"long unsigned int\000"
 1366      20756E73 
 1366      69676E65 
 1366      6420696E 
 1366      7400
 1367              	.LASF131:
 1368 02d9 4144435F 		.ascii	"ADC_1_DeepSleepCallbackParams\000"
 1368      315F4465 
 1368      6570536C 
 1368      65657043 
 1368      616C6C62 
 1369              	.LASF30:
 1370 02f7 4348414E 		.ascii	"CHAN_WORK_NEWVALUE\000"
 1370      5F574F52 
 1370      4B5F4E45 
 1370      5756414C 
 1370      554500
 1371              	.LASF56:
 1372 030a 4D55585F 		.ascii	"MUX_SWITCH_DS_CTRL\000"
 1372      53574954 
 1372      43485F44 
 1372      535F4354 
 1372      524C00
 1373              	.LASF34:
 1374 031d 494E5452 		.ascii	"INTR_MASK\000"
 1374      5F4D4153 
 1374      4B00
 1375              	.LASF91:
 1376 0327 736B6970 		.ascii	"skipMode\000"
 1376      4D6F6465 
 1376      00
 1377              	.LASF86:
 1378 0330 636F6E74 		.ascii	"context\000"
 1378      65787400 
 1379              	.LASF3:
 1380 0338 73686F72 		.ascii	"short unsigned int\000"
 1380      7420756E 
 1380      7369676E 
 1380      65642069 
 1380      6E7400
 1381              	.LASF125:
 1382 034b 4144435F 		.ascii	"ADC_1_allConfigs\000"
 1382      315F616C 
 1382      6C436F6E 
 1382      66696773 
 1382      00
 1383              	.LASF105:
ARM GAS  C:\Users\gjl\AppData\Local\Temp\cc2ESFkR.s 			page 28


 1384 035c 72616E67 		.ascii	"rangeThres\000"
 1384      65546872 
 1384      657300
 1385              	.LASF40:
 1386 0367 52414E47 		.ascii	"RANGE_INTR\000"
 1386      455F494E 
 1386      545200
 1387              	.LASF28:
 1388 0372 4348414E 		.ascii	"CHAN_WORK_UPDATED\000"
 1388      5F574F52 
 1388      4B5F5550 
 1388      44415445 
 1388      4400
 1389              	.LASF89:
 1390 0384 63616C6C 		.ascii	"callback\000"
 1390      6261636B 
 1390      00
 1391              	.LASF119:
 1392 038d 6E756D43 		.ascii	"numChannels\000"
 1392      68616E6E 
 1392      656C7300 
 1393              	.LASF108:
 1394 0399 6368616E 		.ascii	"chanConfig\000"
 1394      436F6E66 
 1394      696700
 1395              	.LASF74:
 1396 03a4 43595F53 		.ascii	"CY_SYSPM_DEEPSLEEP\000"
 1396      5953504D 
 1396      5F444545 
 1396      50534C45 
 1396      455000
 1397              	.LASF92:
 1398 03b7 63616C6C 		.ascii	"callbackParams\000"
 1398      6261636B 
 1398      50617261 
 1398      6D7300
 1399              	.LASF77:
 1400 03c6 43595F53 		.ascii	"CY_SYSPM_EXIT_LOWPOWER_MODE\000"
 1400      5953504D 
 1400      5F455849 
 1400      545F4C4F 
 1400      57504F57 
 1401              	.LASF82:
 1402 03e2 43595F53 		.ascii	"CY_SYSPM_AFTER_TRANSITION\000"
 1402      5953504D 
 1402      5F414654 
 1402      45525F54 
 1402      52414E53 
 1403              	.LASF33:
 1404 03fc 494E5452 		.ascii	"INTR_SET\000"
 1404      5F534554 
 1404      00
 1405              	.LASF85:
 1406 0405 62617365 		.ascii	"base\000"
 1406      00
 1407              	.LASF11:
 1408 040a 73697A65 		.ascii	"sizetype\000"
ARM GAS  C:\Users\gjl\AppData\Local\Temp\cc2ESFkR.s 			page 29


 1408      74797065 
 1408      00
 1409              	.LASF46:
 1410 0413 494E4A5F 		.ascii	"INJ_CHAN_CONFIG\000"
 1410      4348414E 
 1410      5F434F4E 
 1410      46494700 
 1411              	.LASF94:
 1412 0423 6E657874 		.ascii	"nextItm\000"
 1412      49746D00 
 1413              	.LASF26:
 1414 042b 4348414E 		.ascii	"CHAN_RESULT\000"
 1414      5F524553 
 1414      554C5400 
 1415              	.LASF104:
 1416 0437 73616D70 		.ascii	"sampleTime23\000"
 1416      6C655469 
 1416      6D653233 
 1416      00
 1417              	.LASF114:
 1418 0444 636F6E66 		.ascii	"configRouting\000"
 1418      6967526F 
 1418      7574696E 
 1418      6700
 1419              	.LASF13:
 1420 0452 53414D50 		.ascii	"SAMPLE_CTRL\000"
 1420      4C455F43 
 1420      54524C00 
 1421              	.LASF17:
 1422 045e 52414E47 		.ascii	"RANGE_THRES\000"
 1422      455F5448 
 1422      52455300 
 1423              	.LASF73:
 1424 046a 43595F53 		.ascii	"CY_SYSPM_SLEEP\000"
 1424      5953504D 
 1424      5F534C45 
 1424      455000
 1425              	.LASF81:
 1426 0479 43595F53 		.ascii	"CY_SYSPM_BEFORE_TRANSITION\000"
 1426      5953504D 
 1426      5F424546 
 1426      4F52455F 
 1426      5452414E 
 1427              	.LASF19:
 1428 0494 4348414E 		.ascii	"CHAN_EN\000"
 1428      5F454E00 
 1429              	.LASF16:
 1430 049c 53414D50 		.ascii	"SAMPLE_TIME23\000"
 1430      4C455F54 
 1430      494D4532 
 1430      3300
 1431              	.LASF51:
 1432 04aa 4156475F 		.ascii	"AVG_STAT\000"
 1432      53544154 
 1432      00
 1433              	.LASF75:
 1434 04b3 43595F53 		.ascii	"CY_SYSPM_HIBERNATE\000"
ARM GAS  C:\Users\gjl\AppData\Local\Temp\cc2ESFkR.s 			page 30


 1434      5953504D 
 1434      5F484942 
 1434      45524E41 
 1434      544500
 1435              	.LASF37:
 1436 04c6 53415455 		.ascii	"SATURATE_INTR_SET\000"
 1436      52415445 
 1436      5F494E54 
 1436      525F5345 
 1436      5400
 1437              	.LASF83:
 1438 04d8 63795F65 		.ascii	"cy_en_syspm_callback_mode_t\000"
 1438      6E5F7379 
 1438      73706D5F 
 1438      63616C6C 
 1438      6261636B 
 1439              	.LASF35:
 1440 04f4 494E5452 		.ascii	"INTR_MASKED\000"
 1440      5F4D4153 
 1440      4B454400 
 1441              	.LASF65:
 1442 0500 666C6F61 		.ascii	"float\000"
 1442      7400
 1443              	.LASF21:
 1444 0506 52455345 		.ascii	"RESERVED1\000"
 1444      52564544 
 1444      3100
 1445              	.LASF23:
 1446 0510 52455345 		.ascii	"RESERVED2\000"
 1446      52564544 
 1446      3200
 1447              	.LASF25:
 1448 051a 52455345 		.ascii	"RESERVED3\000"
 1448      52564544 
 1448      3300
 1449              	.LASF27:
 1450 0524 52455345 		.ascii	"RESERVED4\000"
 1450      52564544 
 1450      3400
 1451              	.LASF45:
 1452 052e 52455345 		.ascii	"RESERVED5\000"
 1452      52564544 
 1452      3500
 1453              	.LASF47:
 1454 0538 52455345 		.ascii	"RESERVED6\000"
 1454      52564544 
 1454      3600
 1455              	.LASF49:
 1456 0542 52455345 		.ascii	"RESERVED7\000"
 1456      52564544 
 1456      3700
 1457              	.LASF52:
 1458 054c 52455345 		.ascii	"RESERVED8\000"
 1458      52564544 
 1458      3800
 1459              	.LASF55:
 1460 0556 52455345 		.ascii	"RESERVED9\000"
ARM GAS  C:\Users\gjl\AppData\Local\Temp\cc2ESFkR.s 			page 31


 1460      52564544 
 1460      3900
 1461              	.LASF107:
 1462 0560 6368616E 		.ascii	"chanEn\000"
 1462      456E00
 1463              	.LASF97:
 1464 0567 43595F53 		.ascii	"CY_SAR_RANGE_COND_INSIDE\000"
 1464      41525F52 
 1464      414E4745 
 1464      5F434F4E 
 1464      445F494E 
 1465              	.LASF116:
 1466 0580 5F426F6F 		.ascii	"_Bool\000"
 1466      6C00
 1467              	.LASF1:
 1468 0586 756E7369 		.ascii	"unsigned char\000"
 1468      676E6564 
 1468      20636861 
 1468      7200
 1469              	.LASF88:
 1470 0594 43795F53 		.ascii	"Cy_SysPmCallback\000"
 1470      7973506D 
 1470      43616C6C 
 1470      6261636B 
 1470      00
 1471              	.LASF0:
 1472 05a5 73686F72 		.ascii	"short int\000"
 1472      7420696E 
 1472      7400
 1473              	.LASF112:
 1474 05af 6D757853 		.ascii	"muxSwitch\000"
 1474      77697463 
 1474      6800
 1475              	.LASF109:
 1476 05b9 696E7472 		.ascii	"intrMask\000"
 1476      4D61736B 
 1476      00
 1477              	.LASF14:
 1478 05c2 52455345 		.ascii	"RESERVED\000"
 1478      52564544 
 1478      00
 1479              	.LASF31:
 1480 05cb 4348414E 		.ascii	"CHAN_RESULT_NEWVALUE\000"
 1480      5F524553 
 1480      554C545F 
 1480      4E455756 
 1480      414C5545 
 1481              	.LASF62:
 1482 05e0 5341525F 		.ascii	"SAR_Type\000"
 1482      54797065 
 1482      00
 1483              	.LASF10:
 1484 05e9 75696E74 		.ascii	"uint32_t\000"
 1484      33325F74 
 1484      00
 1485              	.LASF124:
 1486 05f2 4144435F 		.ascii	"ADC_1_currentConfig\000"
ARM GAS  C:\Users\gjl\AppData\Local\Temp\cc2ESFkR.s 			page 32


 1486      315F6375 
 1486      7272656E 
 1486      74436F6E 
 1486      66696700 
 1487              	.LASF115:
 1488 0606 76726566 		.ascii	"vrefMvValue\000"
 1488      4D765661 
 1488      6C756500 
 1489              	.LASF127:
 1490 0612 474E5520 		.ascii	"GNU C11 5.4.1 20160609 (release) [ARM/embedded-5-br"
 1490      43313120 
 1490      352E342E 
 1490      31203230 
 1490      31363036 
 1491 0645 616E6368 		.ascii	"anch revision 237715] -mcpu=cortex-m0plus -mthumb -"
 1491      20726576 
 1491      6973696F 
 1491      6E203233 
 1491      37373135 
 1492 0678 67202D4F 		.ascii	"g -Og -ffunction-sections -ffat-lto-objects\000"
 1492      67202D66 
 1492      66756E63 
 1492      74696F6E 
 1492      2D736563 
 1493              	.LASF63:
 1494 06a4 6C6F6E67 		.ascii	"long double\000"
 1494      20646F75 
 1494      626C6500 
 1495              	.LASF64:
 1496 06b0 63686172 		.ascii	"char\000"
 1496      00
 1497              	.LASF84:
 1498 06b5 6D6F6465 		.ascii	"mode\000"
 1498      00
 1499              	.LASF42:
 1500 06ba 52414E47 		.ascii	"RANGE_INTR_MASK\000"
 1500      455F494E 
 1500      54525F4D 
 1500      41534B00 
 1501              	.LASF39:
 1502 06ca 53415455 		.ascii	"SATURATE_INTR_MASKED\000"
 1502      52415445 
 1502      5F494E54 
 1502      525F4D41 
 1502      534B4544 
 1503              	.LASF32:
 1504 06df 494E5452 		.ascii	"INTR\000"
 1504      00
 1505              	.LASF101:
 1506 06e4 6374726C 		.ascii	"ctrl\000"
 1506      00
 1507              	.LASF50:
 1508 06e9 53544154 		.ascii	"STATUS\000"
 1508      555300
 1509              	.LASF121:
 1510 06f0 6D697363 		.ascii	"miscConfig\000"
 1510      436F6E66 
ARM GAS  C:\Users\gjl\AppData\Local\Temp\cc2ESFkR.s 			page 33


 1510      696700
 1511              	.LASF24:
 1512 06fb 4348414E 		.ascii	"CHAN_WORK\000"
 1512      5F574F52 
 1512      4B00
 1513              	.LASF57:
 1514 0705 4D55585F 		.ascii	"MUX_SWITCH_SQ_CTRL\000"
 1514      53574954 
 1514      43485F53 
 1514      515F4354 
 1514      524C00
 1515              	.LASF12:
 1516 0718 4354524C 		.ascii	"CTRL\000"
 1516      00
 1517              	.LASF71:
 1518 071d 43595F53 		.ascii	"CY_SYSPM_FAIL\000"
 1518      5953504D 
 1518      5F464149 
 1518      4C00
 1519              	.LASF95:
 1520 072b 63795F73 		.ascii	"cy_stc_syspm_callback_t\000"
 1520      74635F73 
 1520      7973706D 
 1520      5F63616C 
 1520      6C626163 
 1521              	.LASF106:
 1522 0743 72616E67 		.ascii	"rangeCond\000"
 1522      65436F6E 
 1522      6400
 1523              	.LASF20:
 1524 074d 53544152 		.ascii	"START_CTRL\000"
 1524      545F4354 
 1524      524C00
 1525              	.LASF72:
 1526 0758 63795F65 		.ascii	"cy_en_syspm_status_t\000"
 1526      6E5F7379 
 1526      73706D5F 
 1526      73746174 
 1526      75735F74 
 1527              	.LASF102:
 1528 076d 73616D70 		.ascii	"sampleCtrl\000"
 1528      6C654374 
 1528      726C00
 1529              	.LASF29:
 1530 0778 4348414E 		.ascii	"CHAN_RESULT_UPDATED\000"
 1530      5F524553 
 1530      554C545F 
 1530      55504441 
 1530      54454400 
 1531              	.LASF123:
 1532 078c 4144435F 		.ascii	"ADC_1_CONFIG_STRUCT\000"
 1532      315F434F 
 1532      4E464947 
 1532      5F535452 
 1532      55435400 
 1533              	.LASF128:
 1534 07a0 47656E65 		.ascii	"Generated_Source\\PSoC6\\ADC_1_PM.c\000"
ARM GAS  C:\Users\gjl\AppData\Local\Temp\cc2ESFkR.s 			page 34


 1534      72617465 
 1534      645F536F 
 1534      75726365 
 1534      5C50536F 
 1535              	.LASF67:
 1536 07c2 43595F53 		.ascii	"CY_SYSPM_SUCCESS\000"
 1536      5953504D 
 1536      5F535543 
 1536      43455353 
 1536      00
 1537              	.LASF99:
 1538 07d3 43595F53 		.ascii	"CY_SAR_RANGE_COND_OUTSIDE\000"
 1538      41525F52 
 1538      414E4745 
 1538      5F434F4E 
 1538      445F4F55 
 1539              	.LASF79:
 1540 07ed 43595F53 		.ascii	"CY_SYSPM_CHECK_READY\000"
 1540      5953504D 
 1540      5F434845 
 1540      434B5F52 
 1540      45414459 
 1541              	.LASF118:
 1542 0802 6368616E 		.ascii	"channelBase\000"
 1542      6E656C42 
 1542      61736500 
 1543              	.LASF41:
 1544 080e 52414E47 		.ascii	"RANGE_INTR_SET\000"
 1544      455F494E 
 1544      54525F53 
 1544      455400
 1545              	.LASF113:
 1546 081d 6D757853 		.ascii	"muxSwitchSqCtrl\000"
 1546      77697463 
 1546      68537143 
 1546      74726C00 
 1547              	.LASF76:
 1548 082d 43595F53 		.ascii	"CY_SYSPM_ENTER_LOWPOWER_MODE\000"
 1548      5953504D 
 1548      5F454E54 
 1548      45525F4C 
 1548      4F57504F 
 1549              	.LASF43:
 1550 084a 52414E47 		.ascii	"RANGE_INTR_MASKED\000"
 1550      455F494E 
 1550      54525F4D 
 1550      41534B45 
 1550      4400
 1551              		.ident	"GCC: (GNU Tools for ARM Embedded Processors) 5.4.1 20160609 (release) [ARM/embedded-5-bran
