ARM GAS  C:\Users\gjl\AppData\Local\Temp\ccFQ2smb.s 			page 1


   1              		.syntax unified
   2              		.cpu cortex-m0plus
   3              		.fpu softvfp
   4              		.eabi_attribute 20, 1
   5              		.eabi_attribute 21, 1
   6              		.eabi_attribute 23, 3
   7              		.eabi_attribute 24, 1
   8              		.eabi_attribute 25, 1
   9              		.eabi_attribute 26, 1
  10              		.eabi_attribute 30, 1
  11              		.eabi_attribute 34, 0
  12              		.eabi_attribute 18, 4
  13              		.thumb
  14              		.syntax unified
  15              		.file	"retarget.c"
  16              		.text
  17              	.Ltext0:
  18              		.cfi_sections	.debug_frame
  19              		.syntax divided
  20              		.global _printf_float
  21              		.global _scanf_float
  22              		.thumb
  23              		.syntax unified
  24              		.section	.text._write,"ax",%progbits
  25              		.align	2
  26              		.weak	_write
  27              		.code	16
  28              		.thumb_func
  29              		.type	_write, %function
  30              	_write:
  31              	.LFB446:
  32              		.file 1 "Generated_Source\\PSoC6\\pdl\\utilities\\retarget_io\\retarget.c"
   1:Generated_Source\PSoC6\pdl\utilities\retarget_io/retarget.c **** /***************************************************************************//**
   2:Generated_Source\PSoC6\pdl\utilities\retarget_io/retarget.c **** * \file retarget.c
   3:Generated_Source\PSoC6\pdl\utilities\retarget_io/retarget.c **** * \version 1.10
   4:Generated_Source\PSoC6\pdl\utilities\retarget_io/retarget.c **** *
   5:Generated_Source\PSoC6\pdl\utilities\retarget_io/retarget.c **** * \brief
   6:Generated_Source\PSoC6\pdl\utilities\retarget_io/retarget.c **** * 'Retarget' layer for target-dependent low level function.
   7:Generated_Source\PSoC6\pdl\utilities\retarget_io/retarget.c **** *
   8:Generated_Source\PSoC6\pdl\utilities\retarget_io/retarget.c **** ********************************************************************************
   9:Generated_Source\PSoC6\pdl\utilities\retarget_io/retarget.c **** * \copyright
  10:Generated_Source\PSoC6\pdl\utilities\retarget_io/retarget.c **** * Copyright 2016-2018, Cypress Semiconductor Corporation. All rights reserved.
  11:Generated_Source\PSoC6\pdl\utilities\retarget_io/retarget.c **** * You may use this file only in accordance with the license, terms, conditions,
  12:Generated_Source\PSoC6\pdl\utilities\retarget_io/retarget.c **** * disclaimers, and limitations in the end user license agreement accompanying
  13:Generated_Source\PSoC6\pdl\utilities\retarget_io/retarget.c **** * the software package with which this file was provided.
  14:Generated_Source\PSoC6\pdl\utilities\retarget_io/retarget.c **** *******************************************************************************/
  15:Generated_Source\PSoC6\pdl\utilities\retarget_io/retarget.c **** 
  16:Generated_Source\PSoC6\pdl\utilities\retarget_io/retarget.c **** #include <stdio.h>
  17:Generated_Source\PSoC6\pdl\utilities\retarget_io/retarget.c **** #include "stdio_user.h"
  18:Generated_Source\PSoC6\pdl\utilities\retarget_io/retarget.c **** 
  19:Generated_Source\PSoC6\pdl\utilities\retarget_io/retarget.c **** #if defined(__cplusplus)
  20:Generated_Source\PSoC6\pdl\utilities\retarget_io/retarget.c **** extern "C" {
  21:Generated_Source\PSoC6\pdl\utilities\retarget_io/retarget.c **** #endif
  22:Generated_Source\PSoC6\pdl\utilities\retarget_io/retarget.c **** 
  23:Generated_Source\PSoC6\pdl\utilities\retarget_io/retarget.c **** #ifdef IO_STDOUT_ENABLE
  24:Generated_Source\PSoC6\pdl\utilities\retarget_io/retarget.c **** 
  25:Generated_Source\PSoC6\pdl\utilities\retarget_io/retarget.c **** #if defined(__ARMCC_VERSION) /* ARM-MDK */
ARM GAS  C:\Users\gjl\AppData\Local\Temp\ccFQ2smb.s 			page 2


  26:Generated_Source\PSoC6\pdl\utilities\retarget_io/retarget.c ****     /***************************************************************************
  27:Generated_Source\PSoC6\pdl\utilities\retarget_io/retarget.c ****     * Function Name: fputc
  28:Generated_Source\PSoC6\pdl\utilities\retarget_io/retarget.c ****     ***************************************************************************/
  29:Generated_Source\PSoC6\pdl\utilities\retarget_io/retarget.c ****     __attribute__((weak)) int fputc(int ch, FILE *f)
  30:Generated_Source\PSoC6\pdl\utilities\retarget_io/retarget.c ****     {
  31:Generated_Source\PSoC6\pdl\utilities\retarget_io/retarget.c ****         (void)f;
  32:Generated_Source\PSoC6\pdl\utilities\retarget_io/retarget.c ****     #if (STDOUT_CR_LF != 0)
  33:Generated_Source\PSoC6\pdl\utilities\retarget_io/retarget.c ****         if ((char)ch == '\n')
  34:Generated_Source\PSoC6\pdl\utilities\retarget_io/retarget.c ****         {
  35:Generated_Source\PSoC6\pdl\utilities\retarget_io/retarget.c ****             STDIO_PutChar('\r');
  36:Generated_Source\PSoC6\pdl\utilities\retarget_io/retarget.c ****         }
  37:Generated_Source\PSoC6\pdl\utilities\retarget_io/retarget.c ****     #endif /* STDOUT_CR_LF != 0 */
  38:Generated_Source\PSoC6\pdl\utilities\retarget_io/retarget.c ****         STDIO_PutChar(ch);
  39:Generated_Source\PSoC6\pdl\utilities\retarget_io/retarget.c ****         return (ch);
  40:Generated_Source\PSoC6\pdl\utilities\retarget_io/retarget.c ****     }
  41:Generated_Source\PSoC6\pdl\utilities\retarget_io/retarget.c **** #elif defined (__ICCARM__) /* IAR */
  42:Generated_Source\PSoC6\pdl\utilities\retarget_io/retarget.c ****     #include <yfuns.h>
  43:Generated_Source\PSoC6\pdl\utilities\retarget_io/retarget.c **** 
  44:Generated_Source\PSoC6\pdl\utilities\retarget_io/retarget.c ****     /***************************************************************************
  45:Generated_Source\PSoC6\pdl\utilities\retarget_io/retarget.c ****     * Function Name: __write
  46:Generated_Source\PSoC6\pdl\utilities\retarget_io/retarget.c ****     ***************************************************************************/
  47:Generated_Source\PSoC6\pdl\utilities\retarget_io/retarget.c ****     __weak size_t __write(int handle, const unsigned char * buffer, size_t size)
  48:Generated_Source\PSoC6\pdl\utilities\retarget_io/retarget.c ****     {
  49:Generated_Source\PSoC6\pdl\utilities\retarget_io/retarget.c ****         size_t nChars = 0;
  50:Generated_Source\PSoC6\pdl\utilities\retarget_io/retarget.c ****         /* This template only writes to "standard out", for all other file
  51:Generated_Source\PSoC6\pdl\utilities\retarget_io/retarget.c ****         * handles it returns failure. */
  52:Generated_Source\PSoC6\pdl\utilities\retarget_io/retarget.c ****         if (handle != _LLIO_STDOUT)
  53:Generated_Source\PSoC6\pdl\utilities\retarget_io/retarget.c ****         {
  54:Generated_Source\PSoC6\pdl\utilities\retarget_io/retarget.c ****             return (_LLIO_ERROR);
  55:Generated_Source\PSoC6\pdl\utilities\retarget_io/retarget.c ****         }
  56:Generated_Source\PSoC6\pdl\utilities\retarget_io/retarget.c ****         if (buffer != NULL)
  57:Generated_Source\PSoC6\pdl\utilities\retarget_io/retarget.c ****         {
  58:Generated_Source\PSoC6\pdl\utilities\retarget_io/retarget.c ****             for (/* Empty */; nChars < size; ++nChars)
  59:Generated_Source\PSoC6\pdl\utilities\retarget_io/retarget.c ****             {
  60:Generated_Source\PSoC6\pdl\utilities\retarget_io/retarget.c ****             #if (STDOUT_CR_LF != 0)
  61:Generated_Source\PSoC6\pdl\utilities\retarget_io/retarget.c ****                 if(*buffer == '\n')
  62:Generated_Source\PSoC6\pdl\utilities\retarget_io/retarget.c ****                 {
  63:Generated_Source\PSoC6\pdl\utilities\retarget_io/retarget.c ****                     STDIO_PutChar('\r');
  64:Generated_Source\PSoC6\pdl\utilities\retarget_io/retarget.c ****                 }
  65:Generated_Source\PSoC6\pdl\utilities\retarget_io/retarget.c ****             #endif /* STDOUT_CR_LF != 0 */
  66:Generated_Source\PSoC6\pdl\utilities\retarget_io/retarget.c ****                 STDIO_PutChar(*buffer);
  67:Generated_Source\PSoC6\pdl\utilities\retarget_io/retarget.c ****                 ++buffer;
  68:Generated_Source\PSoC6\pdl\utilities\retarget_io/retarget.c ****             }
  69:Generated_Source\PSoC6\pdl\utilities\retarget_io/retarget.c ****         }
  70:Generated_Source\PSoC6\pdl\utilities\retarget_io/retarget.c ****         return (nChars);
  71:Generated_Source\PSoC6\pdl\utilities\retarget_io/retarget.c ****     }
  72:Generated_Source\PSoC6\pdl\utilities\retarget_io/retarget.c **** #else /* (__GNUC__)  GCC */    
  73:Generated_Source\PSoC6\pdl\utilities\retarget_io/retarget.c ****     /* Add an explicit reference to the floating point printf library to allow
  74:Generated_Source\PSoC6\pdl\utilities\retarget_io/retarget.c ****     the usage of floating point conversion specifier. */
  75:Generated_Source\PSoC6\pdl\utilities\retarget_io/retarget.c ****     __asm (".global _printf_float");
  76:Generated_Source\PSoC6\pdl\utilities\retarget_io/retarget.c ****     /***************************************************************************
  77:Generated_Source\PSoC6\pdl\utilities\retarget_io/retarget.c ****     * Function Name: _write
  78:Generated_Source\PSoC6\pdl\utilities\retarget_io/retarget.c ****     ***************************************************************************/
  79:Generated_Source\PSoC6\pdl\utilities\retarget_io/retarget.c ****     __attribute__((weak)) int _write (int fd, const char *ptr, int len)
  80:Generated_Source\PSoC6\pdl\utilities\retarget_io/retarget.c ****     {
  33              		.loc 1 80 0
  34              		.cfi_startproc
ARM GAS  C:\Users\gjl\AppData\Local\Temp\ccFQ2smb.s 			page 3


  35              		@ args = 0, pretend = 0, frame = 0
  36              		@ frame_needed = 0, uses_anonymous_args = 0
  37              	.LVL0:
  38 0000 70B5     		push	{r4, r5, r6, lr}
  39              		.cfi_def_cfa_offset 16
  40              		.cfi_offset 4, -16
  41              		.cfi_offset 5, -12
  42              		.cfi_offset 6, -8
  43              		.cfi_offset 14, -4
  44 0002 0D00     		movs	r5, r1
  45 0004 1600     		movs	r6, r2
  46              	.LVL1:
  81:Generated_Source\PSoC6\pdl\utilities\retarget_io/retarget.c ****         int nChars = 0;
  82:Generated_Source\PSoC6\pdl\utilities\retarget_io/retarget.c ****         (void)fd;
  83:Generated_Source\PSoC6\pdl\utilities\retarget_io/retarget.c ****         if (ptr != NULL)
  47              		.loc 1 83 0
  48 0006 0029     		cmp	r1, #0
  49 0008 07D1     		bne	.L5
  81:Generated_Source\PSoC6\pdl\utilities\retarget_io/retarget.c ****         int nChars = 0;
  50              		.loc 1 81 0
  51 000a 0024     		movs	r4, #0
  52 000c 08E0     		b	.L3
  53              	.LVL2:
  54              	.L4:
  84:Generated_Source\PSoC6\pdl\utilities\retarget_io/retarget.c ****         {
  85:Generated_Source\PSoC6\pdl\utilities\retarget_io/retarget.c ****             for (/* Empty */; nChars < len; ++nChars)
  86:Generated_Source\PSoC6\pdl\utilities\retarget_io/retarget.c ****             {
  87:Generated_Source\PSoC6\pdl\utilities\retarget_io/retarget.c ****             #if (STDOUT_CR_LF != 0)
  88:Generated_Source\PSoC6\pdl\utilities\retarget_io/retarget.c ****                 if(*ptr == '\n')
  89:Generated_Source\PSoC6\pdl\utilities\retarget_io/retarget.c ****                 {
  90:Generated_Source\PSoC6\pdl\utilities\retarget_io/retarget.c ****                     STDIO_PutChar('\r');
  91:Generated_Source\PSoC6\pdl\utilities\retarget_io/retarget.c ****                 }
  92:Generated_Source\PSoC6\pdl\utilities\retarget_io/retarget.c ****             #endif /* STDOUT_CR_LF != 0 */
  93:Generated_Source\PSoC6\pdl\utilities\retarget_io/retarget.c ****                 STDIO_PutChar((uint32_t)*ptr);
  55              		.loc 1 93 0 discriminator 2
  56 000e 2878     		ldrb	r0, [r5]
  57 0010 FFF7FEFF 		bl	STDIO_PutChar
  58              	.LVL3:
  94:Generated_Source\PSoC6\pdl\utilities\retarget_io/retarget.c ****                 ++ptr;
  59              		.loc 1 94 0 discriminator 2
  60 0014 0135     		adds	r5, r5, #1
  61              	.LVL4:
  85:Generated_Source\PSoC6\pdl\utilities\retarget_io/retarget.c ****             {
  62              		.loc 1 85 0 discriminator 2
  63 0016 0134     		adds	r4, r4, #1
  64              	.LVL5:
  65 0018 00E0     		b	.L2
  66              	.LVL6:
  67              	.L5:
  68 001a 0024     		movs	r4, #0
  69              	.LVL7:
  70              	.L2:
  85:Generated_Source\PSoC6\pdl\utilities\retarget_io/retarget.c ****             {
  71              		.loc 1 85 0 is_stmt 0 discriminator 1
  72 001c B442     		cmp	r4, r6
  73 001e F6DB     		blt	.L4
  74              	.LVL8:
ARM GAS  C:\Users\gjl\AppData\Local\Temp\ccFQ2smb.s 			page 4


  75              	.L3:
  95:Generated_Source\PSoC6\pdl\utilities\retarget_io/retarget.c ****             }
  96:Generated_Source\PSoC6\pdl\utilities\retarget_io/retarget.c ****         }
  97:Generated_Source\PSoC6\pdl\utilities\retarget_io/retarget.c ****         return (nChars);
  98:Generated_Source\PSoC6\pdl\utilities\retarget_io/retarget.c ****     }
  76              		.loc 1 98 0 is_stmt 1
  77 0020 2000     		movs	r0, r4
  78              		@ sp needed
  79              	.LVL9:
  80              	.LVL10:
  81              	.LVL11:
  82 0022 70BD     		pop	{r4, r5, r6, pc}
  83              		.cfi_endproc
  84              	.LFE446:
  85              		.size	_write, .-_write
  86              		.section	.text._read,"ax",%progbits
  87              		.align	2
  88              		.weak	_read
  89              		.code	16
  90              		.thumb_func
  91              		.type	_read, %function
  92              	_read:
  93              	.LFB447:
  99:Generated_Source\PSoC6\pdl\utilities\retarget_io/retarget.c **** #endif
 100:Generated_Source\PSoC6\pdl\utilities\retarget_io/retarget.c **** 
 101:Generated_Source\PSoC6\pdl\utilities\retarget_io/retarget.c **** #endif /* IO_STDOUT_ENABLE */
 102:Generated_Source\PSoC6\pdl\utilities\retarget_io/retarget.c **** 
 103:Generated_Source\PSoC6\pdl\utilities\retarget_io/retarget.c **** #if defined(IO_STDIN_ENABLE)
 104:Generated_Source\PSoC6\pdl\utilities\retarget_io/retarget.c **** 
 105:Generated_Source\PSoC6\pdl\utilities\retarget_io/retarget.c **** #if defined(__ARMCC_VERSION) /* ARM-MDK */
 106:Generated_Source\PSoC6\pdl\utilities\retarget_io/retarget.c ****     /***************************************************************************
 107:Generated_Source\PSoC6\pdl\utilities\retarget_io/retarget.c ****     * Function Name: fgetc
 108:Generated_Source\PSoC6\pdl\utilities\retarget_io/retarget.c ****     ***************************************************************************/
 109:Generated_Source\PSoC6\pdl\utilities\retarget_io/retarget.c ****     __attribute__((weak)) int fgetc(FILE *f) 
 110:Generated_Source\PSoC6\pdl\utilities\retarget_io/retarget.c ****     {
 111:Generated_Source\PSoC6\pdl\utilities\retarget_io/retarget.c ****         (void)f;
 112:Generated_Source\PSoC6\pdl\utilities\retarget_io/retarget.c ****         return (STDIO_GetChar());
 113:Generated_Source\PSoC6\pdl\utilities\retarget_io/retarget.c ****     }
 114:Generated_Source\PSoC6\pdl\utilities\retarget_io/retarget.c **** #elif defined (__ICCARM__) /* IAR */
 115:Generated_Source\PSoC6\pdl\utilities\retarget_io/retarget.c ****     __weak size_t __read(int handle, unsigned char * buffer, size_t size)
 116:Generated_Source\PSoC6\pdl\utilities\retarget_io/retarget.c ****     {
 117:Generated_Source\PSoC6\pdl\utilities\retarget_io/retarget.c ****         /* This template only reads from "standard in", for all other file
 118:Generated_Source\PSoC6\pdl\utilities\retarget_io/retarget.c ****         handles it returns failure. */
 119:Generated_Source\PSoC6\pdl\utilities\retarget_io/retarget.c ****         if ((handle != _LLIO_STDIN) || (buffer == NULL))
 120:Generated_Source\PSoC6\pdl\utilities\retarget_io/retarget.c ****         {
 121:Generated_Source\PSoC6\pdl\utilities\retarget_io/retarget.c ****             return (_LLIO_ERROR);
 122:Generated_Source\PSoC6\pdl\utilities\retarget_io/retarget.c ****         }
 123:Generated_Source\PSoC6\pdl\utilities\retarget_io/retarget.c ****         else
 124:Generated_Source\PSoC6\pdl\utilities\retarget_io/retarget.c ****         {
 125:Generated_Source\PSoC6\pdl\utilities\retarget_io/retarget.c ****             *buffer = STDIO_GetChar();
 126:Generated_Source\PSoC6\pdl\utilities\retarget_io/retarget.c ****             return (1);
 127:Generated_Source\PSoC6\pdl\utilities\retarget_io/retarget.c ****         }
 128:Generated_Source\PSoC6\pdl\utilities\retarget_io/retarget.c ****     }
 129:Generated_Source\PSoC6\pdl\utilities\retarget_io/retarget.c **** #else /* (__GNUC__)  GCC */
 130:Generated_Source\PSoC6\pdl\utilities\retarget_io/retarget.c ****     /* Add an explicit reference to the floating point scanf library to allow
 131:Generated_Source\PSoC6\pdl\utilities\retarget_io/retarget.c ****     the usage of floating point conversion specifier. */
 132:Generated_Source\PSoC6\pdl\utilities\retarget_io/retarget.c ****     __asm (".global _scanf_float");
ARM GAS  C:\Users\gjl\AppData\Local\Temp\ccFQ2smb.s 			page 5


 133:Generated_Source\PSoC6\pdl\utilities\retarget_io/retarget.c ****     __attribute__((weak)) int _read (int fd, char *ptr, int len)
 134:Generated_Source\PSoC6\pdl\utilities\retarget_io/retarget.c ****     {
  94              		.loc 1 134 0
  95              		.cfi_startproc
  96              		@ args = 0, pretend = 0, frame = 0
  97              		@ frame_needed = 0, uses_anonymous_args = 0
  98              	.LVL12:
  99 0000 70B5     		push	{r4, r5, r6, lr}
 100              		.cfi_def_cfa_offset 16
 101              		.cfi_offset 4, -16
 102              		.cfi_offset 5, -12
 103              		.cfi_offset 6, -8
 104              		.cfi_offset 14, -4
 105 0002 0D00     		movs	r5, r1
 106 0004 1600     		movs	r6, r2
 107              	.LVL13:
 135:Generated_Source\PSoC6\pdl\utilities\retarget_io/retarget.c ****         int nChars = 0;
 136:Generated_Source\PSoC6\pdl\utilities\retarget_io/retarget.c ****         (void)fd;
 137:Generated_Source\PSoC6\pdl\utilities\retarget_io/retarget.c ****         if (ptr != NULL)
 108              		.loc 1 137 0
 109 0006 0029     		cmp	r1, #0
 110 0008 0AD1     		bne	.L10
 135:Generated_Source\PSoC6\pdl\utilities\retarget_io/retarget.c ****         int nChars = 0;
 111              		.loc 1 135 0
 112 000a 0024     		movs	r4, #0
 113 000c 0BE0     		b	.L8
 114              	.LVL14:
 115              	.L9:
 138:Generated_Source\PSoC6\pdl\utilities\retarget_io/retarget.c ****         {
 139:Generated_Source\PSoC6\pdl\utilities\retarget_io/retarget.c ****             for(/* Empty */;nChars < len;++ptr)
 140:Generated_Source\PSoC6\pdl\utilities\retarget_io/retarget.c ****             {
 141:Generated_Source\PSoC6\pdl\utilities\retarget_io/retarget.c ****                 *ptr = (char)STDIO_GetChar();
 116              		.loc 1 141 0
 117 000e FFF7FEFF 		bl	STDIO_GetChar
 118              	.LVL15:
 119 0012 C0B2     		uxtb	r0, r0
 120 0014 2870     		strb	r0, [r5]
 142:Generated_Source\PSoC6\pdl\utilities\retarget_io/retarget.c ****                 ++nChars;
 121              		.loc 1 142 0
 122 0016 0134     		adds	r4, r4, #1
 123              	.LVL16:
 143:Generated_Source\PSoC6\pdl\utilities\retarget_io/retarget.c ****                 if(*ptr == '\n')
 124              		.loc 1 143 0
 125 0018 0A28     		cmp	r0, #10
 126 001a 04D0     		beq	.L8
 139:Generated_Source\PSoC6\pdl\utilities\retarget_io/retarget.c ****             {
 127              		.loc 1 139 0
 128 001c 0135     		adds	r5, r5, #1
 129              	.LVL17:
 130 001e 00E0     		b	.L7
 131              	.LVL18:
 132              	.L10:
 133 0020 0024     		movs	r4, #0
 134              	.LVL19:
 135              	.L7:
 139:Generated_Source\PSoC6\pdl\utilities\retarget_io/retarget.c ****             {
 136              		.loc 1 139 0 is_stmt 0 discriminator 1
ARM GAS  C:\Users\gjl\AppData\Local\Temp\ccFQ2smb.s 			page 6


 137 0022 B442     		cmp	r4, r6
 138 0024 F3DB     		blt	.L9
 139              	.LVL20:
 140              	.L8:
 144:Generated_Source\PSoC6\pdl\utilities\retarget_io/retarget.c ****                 {
 145:Generated_Source\PSoC6\pdl\utilities\retarget_io/retarget.c ****                     break;
 146:Generated_Source\PSoC6\pdl\utilities\retarget_io/retarget.c ****                 }
 147:Generated_Source\PSoC6\pdl\utilities\retarget_io/retarget.c ****             }
 148:Generated_Source\PSoC6\pdl\utilities\retarget_io/retarget.c ****         }
 149:Generated_Source\PSoC6\pdl\utilities\retarget_io/retarget.c ****         return (nChars);
 150:Generated_Source\PSoC6\pdl\utilities\retarget_io/retarget.c ****     }
 141              		.loc 1 150 0 is_stmt 1
 142 0026 2000     		movs	r0, r4
 143              		@ sp needed
 144              	.LVL21:
 145              	.LVL22:
 146              	.LVL23:
 147 0028 70BD     		pop	{r4, r5, r6, pc}
 148              		.cfi_endproc
 149              	.LFE447:
 150              		.size	_read, .-_read
 151 002a C046     		.text
 152              	.Letext0:
 153              		.file 2 "c:\\program files (x86)\\cypress\\psoc creator\\4.2\\psoc creator\\import\\gnu\\arm\\5.4.
 154              		.file 3 "c:\\program files (x86)\\cypress\\psoc creator\\4.2\\psoc creator\\import\\gnu\\arm\\5.4.
 155              		.file 4 "Generated_Source\\PSoC6\\pdl\\drivers/peripheral/scb/cy_scb_uart.h"
 156              		.file 5 "Generated_Source\\PSoC6\\pdl\\drivers/peripheral/sar/cy_sar.h"
 157              		.file 6 "Generated_Source\\PSoC6\\pdl\\drivers/peripheral/ctb/cy_ctb.h"
 158              		.file 7 "Generated_Source\\PSoC6/ADC_1.h"
 159              		.file 8 "Generated_Source\\PSoC6/UART_1.h"
 160              		.file 9 "Generated_Source\\PSoC6/Opamp_1.h"
 161              		.file 10 "./stdio_user.h"
 162              		.section	.debug_info,"",%progbits
 163              	.Ldebug_info0:
 164 0000 2D060000 		.4byte	0x62d
 165 0004 0400     		.2byte	0x4
 166 0006 00000000 		.4byte	.Ldebug_abbrev0
 167 000a 04       		.byte	0x4
 168 000b 01       		.uleb128 0x1
 169 000c 01010000 		.4byte	.LASF109
 170 0010 0C       		.byte	0xc
 171 0011 6F070000 		.4byte	.LASF110
 172 0015 84060000 		.4byte	.LASF111
 173 0019 00000000 		.4byte	.Ldebug_ranges0+0
 174 001d 00000000 		.4byte	0
 175 0021 00000000 		.4byte	.Ldebug_line0
 176 0025 02       		.uleb128 0x2
 177 0026 01       		.byte	0x1
 178 0027 06       		.byte	0x6
 179 0028 4F000000 		.4byte	.LASF0
 180 002c 02       		.uleb128 0x2
 181 002d 01       		.byte	0x1
 182 002e 08       		.byte	0x8
 183 002f B5030000 		.4byte	.LASF1
 184 0033 02       		.uleb128 0x2
 185 0034 02       		.byte	0x2
 186 0035 05       		.byte	0x5
ARM GAS  C:\Users\gjl\AppData\Local\Temp\ccFQ2smb.s 			page 7


 187 0036 9A000000 		.4byte	.LASF2
 188 003a 02       		.uleb128 0x2
 189 003b 02       		.byte	0x2
 190 003c 07       		.byte	0x7
 191 003d C1040000 		.4byte	.LASF3
 192 0041 02       		.uleb128 0x2
 193 0042 04       		.byte	0x4
 194 0043 05       		.byte	0x5
 195 0044 00070000 		.4byte	.LASF4
 196 0048 03       		.uleb128 0x3
 197 0049 BA010000 		.4byte	.LASF12
 198 004d 02       		.byte	0x2
 199 004e 41       		.byte	0x41
 200 004f 53000000 		.4byte	0x53
 201 0053 02       		.uleb128 0x2
 202 0054 04       		.byte	0x4
 203 0055 07       		.byte	0x7
 204 0056 C2050000 		.4byte	.LASF5
 205 005a 02       		.uleb128 0x2
 206 005b 08       		.byte	0x8
 207 005c 05       		.byte	0x5
 208 005d D0020000 		.4byte	.LASF6
 209 0061 02       		.uleb128 0x2
 210 0062 08       		.byte	0x8
 211 0063 07       		.byte	0x7
 212 0064 51040000 		.4byte	.LASF7
 213 0068 04       		.uleb128 0x4
 214 0069 04       		.byte	0x4
 215 006a 05       		.byte	0x5
 216 006b 696E7400 		.ascii	"int\000"
 217 006f 02       		.uleb128 0x2
 218 0070 04       		.byte	0x4
 219 0071 07       		.byte	0x7
 220 0072 3C070000 		.4byte	.LASF8
 221 0076 02       		.uleb128 0x2
 222 0077 08       		.byte	0x8
 223 0078 04       		.byte	0x4
 224 0079 A0030000 		.4byte	.LASF9
 225 007d 05       		.uleb128 0x5
 226 007e 04       		.byte	0x4
 227 007f 02       		.uleb128 0x2
 228 0080 04       		.byte	0x4
 229 0081 07       		.byte	0x7
 230 0082 B2000000 		.4byte	.LASF10
 231 0086 06       		.uleb128 0x6
 232 0087 04       		.byte	0x4
 233 0088 8C000000 		.4byte	0x8c
 234 008c 02       		.uleb128 0x2
 235 008d 01       		.byte	0x1
 236 008e 08       		.byte	0x8
 237 008f FD040000 		.4byte	.LASF11
 238 0093 06       		.uleb128 0x6
 239 0094 04       		.byte	0x4
 240 0095 99000000 		.4byte	0x99
 241 0099 07       		.uleb128 0x7
 242 009a 8C000000 		.4byte	0x8c
 243 009e 03       		.uleb128 0x3
ARM GAS  C:\Users\gjl\AppData\Local\Temp\ccFQ2smb.s 			page 8


 244 009f 68040000 		.4byte	.LASF13
 245 00a3 03       		.byte	0x3
 246 00a4 30       		.byte	0x30
 247 00a5 48000000 		.4byte	0x48
 248 00a9 08       		.uleb128 0x8
 249 00aa 9E000000 		.4byte	0x9e
 250 00ae 02       		.uleb128 0x2
 251 00af 04       		.byte	0x4
 252 00b0 04       		.byte	0x4
 253 00b1 99020000 		.4byte	.LASF14
 254 00b5 02       		.uleb128 0x2
 255 00b6 08       		.byte	0x8
 256 00b7 04       		.byte	0x4
 257 00b8 D4050000 		.4byte	.LASF15
 258 00bc 02       		.uleb128 0x2
 259 00bd 01       		.byte	0x1
 260 00be 02       		.byte	0x2
 261 00bf 45050000 		.4byte	.LASF16
 262 00c3 06       		.uleb128 0x6
 263 00c4 04       		.byte	0x4
 264 00c5 C9000000 		.4byte	0xc9
 265 00c9 09       		.uleb128 0x9
 266 00ca D4000000 		.4byte	0xd4
 267 00ce 0A       		.uleb128 0xa
 268 00cf 9E000000 		.4byte	0x9e
 269 00d3 00       		.byte	0
 270 00d4 0B       		.uleb128 0xb
 271 00d5 65000000 		.4byte	.LASF17
 272 00d9 04       		.byte	0x4
 273 00da AB01     		.2byte	0x1ab
 274 00dc C3000000 		.4byte	0xc3
 275 00e0 0C       		.uleb128 0xc
 276 00e1 D2000000 		.4byte	.LASF112
 277 00e5 38       		.byte	0x38
 278 00e6 04       		.byte	0x4
 279 00e7 4702     		.2byte	0x247
 280 00e9 A4010000 		.4byte	0x1a4
 281 00ed 0D       		.uleb128 0xd
 282 00ee C5010000 		.4byte	.LASF18
 283 00f2 04       		.byte	0x4
 284 00f3 4A02     		.2byte	0x24a
 285 00f5 A9000000 		.4byte	0xa9
 286 00f9 00       		.byte	0
 287 00fa 0D       		.uleb128 0xd
 288 00fb AC030000 		.4byte	.LASF19
 289 00ff 04       		.byte	0x4
 290 0100 4B02     		.2byte	0x24b
 291 0102 A9000000 		.4byte	0xa9
 292 0106 04       		.byte	0x4
 293 0107 0D       		.uleb128 0xd
 294 0108 57050000 		.4byte	.LASF20
 295 010c 04       		.byte	0x4
 296 010d 4D02     		.2byte	0x24d
 297 010f 7D000000 		.4byte	0x7d
 298 0113 08       		.byte	0x8
 299 0114 0D       		.uleb128 0xd
 300 0115 30030000 		.4byte	.LASF21
ARM GAS  C:\Users\gjl\AppData\Local\Temp\ccFQ2smb.s 			page 9


 301 0119 04       		.byte	0x4
 302 011a 4E02     		.2byte	0x24e
 303 011c 9E000000 		.4byte	0x9e
 304 0120 0C       		.byte	0xc
 305 0121 0D       		.uleb128 0xd
 306 0122 8B020000 		.4byte	.LASF22
 307 0126 04       		.byte	0x4
 308 0127 4F02     		.2byte	0x24f
 309 0129 A9000000 		.4byte	0xa9
 310 012d 10       		.byte	0x10
 311 012e 0D       		.uleb128 0xd
 312 012f 41000000 		.4byte	.LASF23
 313 0133 04       		.byte	0x4
 314 0134 5002     		.2byte	0x250
 315 0136 A9000000 		.4byte	0xa9
 316 013a 14       		.byte	0x14
 317 013b 0D       		.uleb128 0xd
 318 013c D4040000 		.4byte	.LASF24
 319 0140 04       		.byte	0x4
 320 0141 5202     		.2byte	0x252
 321 0143 7D000000 		.4byte	0x7d
 322 0147 18       		.byte	0x18
 323 0148 0D       		.uleb128 0xd
 324 0149 5B000000 		.4byte	.LASF25
 325 014d 04       		.byte	0x4
 326 014e 5302     		.2byte	0x253
 327 0150 9E000000 		.4byte	0x9e
 328 0154 1C       		.byte	0x1c
 329 0155 0D       		.uleb128 0xd
 330 0156 E0010000 		.4byte	.LASF26
 331 015a 04       		.byte	0x4
 332 015b 5402     		.2byte	0x254
 333 015d A9000000 		.4byte	0xa9
 334 0161 20       		.byte	0x20
 335 0162 0D       		.uleb128 0xd
 336 0163 12060000 		.4byte	.LASF27
 337 0167 04       		.byte	0x4
 338 0168 5602     		.2byte	0x256
 339 016a 7D000000 		.4byte	0x7d
 340 016e 24       		.byte	0x24
 341 016f 0D       		.uleb128 0xd
 342 0170 B7040000 		.4byte	.LASF28
 343 0174 04       		.byte	0x4
 344 0175 5702     		.2byte	0x257
 345 0177 9E000000 		.4byte	0x9e
 346 017b 28       		.byte	0x28
 347 017c 0D       		.uleb128 0xd
 348 017d 09070000 		.4byte	.LASF29
 349 0181 04       		.byte	0x4
 350 0182 5802     		.2byte	0x258
 351 0184 A9000000 		.4byte	0xa9
 352 0188 2C       		.byte	0x2c
 353 0189 0D       		.uleb128 0xd
 354 018a 0C050000 		.4byte	.LASF30
 355 018e 04       		.byte	0x4
 356 018f 5D02     		.2byte	0x25d
 357 0191 D4000000 		.4byte	0xd4
ARM GAS  C:\Users\gjl\AppData\Local\Temp\ccFQ2smb.s 			page 10


 358 0195 30       		.byte	0x30
 359 0196 0D       		.uleb128 0xd
 360 0197 52060000 		.4byte	.LASF31
 361 019b 04       		.byte	0x4
 362 019c 6002     		.2byte	0x260
 363 019e 9E000000 		.4byte	0x9e
 364 01a2 34       		.byte	0x34
 365 01a3 00       		.byte	0
 366 01a4 0B       		.uleb128 0xb
 367 01a5 EC020000 		.4byte	.LASF32
 368 01a9 04       		.byte	0x4
 369 01aa 6302     		.2byte	0x263
 370 01ac E0000000 		.4byte	0xe0
 371 01b0 0E       		.uleb128 0xe
 372 01b1 01       		.byte	0x1
 373 01b2 2C000000 		.4byte	0x2c
 374 01b6 05       		.byte	0x5
 375 01b7 0504     		.2byte	0x405
 376 01b9 D6010000 		.4byte	0x1d6
 377 01bd 0F       		.uleb128 0xf
 378 01be B8020000 		.4byte	.LASF33
 379 01c2 00       		.byte	0
 380 01c3 0F       		.uleb128 0xf
 381 01c4 39060000 		.4byte	.LASF34
 382 01c8 01       		.byte	0x1
 383 01c9 0F       		.uleb128 0xf
 384 01ca 15050000 		.4byte	.LASF35
 385 01ce 02       		.byte	0x2
 386 01cf 0F       		.uleb128 0xf
 387 01d0 13000000 		.4byte	.LASF36
 388 01d4 03       		.byte	0x3
 389 01d5 00       		.byte	0
 390 01d6 0B       		.uleb128 0xb
 391 01d7 BC070000 		.4byte	.LASF37
 392 01db 05       		.byte	0x5
 393 01dc 0A04     		.2byte	0x40a
 394 01de B0010000 		.4byte	0x1b0
 395 01e2 10       		.uleb128 0x10
 396 01e3 78       		.byte	0x78
 397 01e4 05       		.byte	0x5
 398 01e5 F404     		.2byte	0x4f4
 399 01e7 AF020000 		.4byte	0x2af
 400 01eb 0D       		.uleb128 0xd
 401 01ec 3E030000 		.4byte	.LASF38
 402 01f0 05       		.byte	0x5
 403 01f1 F604     		.2byte	0x4f6
 404 01f3 9E000000 		.4byte	0x9e
 405 01f7 00       		.byte	0
 406 01f8 0D       		.uleb128 0xd
 407 01f9 C7000000 		.4byte	.LASF39
 408 01fd 05       		.byte	0x5
 409 01fe F704     		.2byte	0x4f7
 410 0200 9E000000 		.4byte	0x9e
 411 0204 04       		.byte	0x4
 412 0205 0D       		.uleb128 0xd
 413 0206 43030000 		.4byte	.LASF40
 414 020a 05       		.byte	0x5
ARM GAS  C:\Users\gjl\AppData\Local\Temp\ccFQ2smb.s 			page 11


 415 020b F804     		.2byte	0x4f8
 416 020d 9E000000 		.4byte	0x9e
 417 0211 08       		.byte	0x8
 418 0212 0D       		.uleb128 0xd
 419 0213 F3060000 		.4byte	.LASF41
 420 0217 05       		.byte	0x5
 421 0218 F904     		.2byte	0x4f9
 422 021a 9E000000 		.4byte	0x9e
 423 021e 0C       		.byte	0xc
 424 021f 0D       		.uleb128 0xd
 425 0220 D5010000 		.4byte	.LASF42
 426 0224 05       		.byte	0x5
 427 0225 FA04     		.2byte	0x4fa
 428 0227 9E000000 		.4byte	0x9e
 429 022b 10       		.byte	0x10
 430 022c 0D       		.uleb128 0xd
 431 022d F8010000 		.4byte	.LASF43
 432 0231 05       		.byte	0x5
 433 0232 FB04     		.2byte	0x4fb
 434 0234 D6010000 		.4byte	0x1d6
 435 0238 14       		.byte	0x14
 436 0239 0D       		.uleb128 0xd
 437 023a D7060000 		.4byte	.LASF44
 438 023e 05       		.byte	0x5
 439 023f FC04     		.2byte	0x4fc
 440 0241 9E000000 		.4byte	0x9e
 441 0245 18       		.byte	0x18
 442 0246 0D       		.uleb128 0xd
 443 0247 06030000 		.4byte	.LASF45
 444 024b 05       		.byte	0x5
 445 024c FD04     		.2byte	0x4fd
 446 024e AF020000 		.4byte	0x2af
 447 0252 1C       		.byte	0x1c
 448 0253 0D       		.uleb128 0xd
 449 0254 EA060000 		.4byte	.LASF46
 450 0258 05       		.byte	0x5
 451 0259 FE04     		.2byte	0x4fe
 452 025b 9E000000 		.4byte	0x9e
 453 025f 5C       		.byte	0x5c
 454 0260 0D       		.uleb128 0xd
 455 0261 BB000000 		.4byte	.LASF47
 456 0265 05       		.byte	0x5
 457 0266 FF04     		.2byte	0x4ff
 458 0268 9E000000 		.4byte	0x9e
 459 026c 60       		.byte	0x60
 460 026d 0D       		.uleb128 0xd
 461 026e 71040000 		.4byte	.LASF48
 462 0272 05       		.byte	0x5
 463 0273 0005     		.2byte	0x500
 464 0275 9E000000 		.4byte	0x9e
 465 0279 64       		.byte	0x64
 466 027a 0D       		.uleb128 0xd
 467 027b 02050000 		.4byte	.LASF49
 468 027f 05       		.byte	0x5
 469 0280 0105     		.2byte	0x501
 470 0282 9E000000 		.4byte	0x9e
 471 0286 68       		.byte	0x68
ARM GAS  C:\Users\gjl\AppData\Local\Temp\ccFQ2smb.s 			page 12


 472 0287 0D       		.uleb128 0xd
 473 0288 7F040000 		.4byte	.LASF50
 474 028c 05       		.byte	0x5
 475 028d 0205     		.2byte	0x502
 476 028f 9E000000 		.4byte	0x9e
 477 0293 6C       		.byte	0x6c
 478 0294 0D       		.uleb128 0xd
 479 0295 DE020000 		.4byte	.LASF51
 480 0299 05       		.byte	0x5
 481 029a 0305     		.2byte	0x503
 482 029c BC000000 		.4byte	0xbc
 483 02a0 70       		.byte	0x70
 484 02a1 0D       		.uleb128 0xd
 485 02a2 DE060000 		.4byte	.LASF52
 486 02a6 05       		.byte	0x5
 487 02a7 0405     		.2byte	0x504
 488 02a9 9E000000 		.4byte	0x9e
 489 02ad 74       		.byte	0x74
 490 02ae 00       		.byte	0
 491 02af 11       		.uleb128 0x11
 492 02b0 9E000000 		.4byte	0x9e
 493 02b4 BF020000 		.4byte	0x2bf
 494 02b8 12       		.uleb128 0x12
 495 02b9 7F000000 		.4byte	0x7f
 496 02bd 0F       		.byte	0xf
 497 02be 00       		.byte	0
 498 02bf 0B       		.uleb128 0xb
 499 02c0 5A060000 		.4byte	.LASF53
 500 02c4 05       		.byte	0x5
 501 02c5 0505     		.2byte	0x505
 502 02c7 E2010000 		.4byte	0x1e2
 503 02cb 0E       		.uleb128 0xe
 504 02cc 04       		.byte	0x4
 505 02cd 6F000000 		.4byte	0x6f
 506 02d1 06       		.byte	0x6
 507 02d2 B501     		.2byte	0x1b5
 508 02d4 E8020000 		.4byte	0x2e8
 509 02d8 0F       		.uleb128 0xf
 510 02d9 9F020000 		.4byte	.LASF54
 511 02dd 00       		.byte	0
 512 02de 13       		.uleb128 0x13
 513 02df DA040000 		.4byte	.LASF55
 514 02e3 00000040 		.4byte	0x40000000
 515 02e7 00       		.byte	0
 516 02e8 0B       		.uleb128 0xb
 517 02e9 AB050000 		.4byte	.LASF56
 518 02ed 06       		.byte	0x6
 519 02ee B801     		.2byte	0x1b8
 520 02f0 CB020000 		.4byte	0x2cb
 521 02f4 0E       		.uleb128 0xe
 522 02f5 01       		.byte	0x1
 523 02f6 2C000000 		.4byte	0x2c
 524 02fa 06       		.byte	0x6
 525 02fb D801     		.2byte	0x1d8
 526 02fd 1A030000 		.4byte	0x31a
 527 0301 0F       		.uleb128 0xf
 528 0302 AB070000 		.4byte	.LASF57
ARM GAS  C:\Users\gjl\AppData\Local\Temp\ccFQ2smb.s 			page 13


 529 0306 00       		.byte	0
 530 0307 0F       		.uleb128 0xf
 531 0308 01060000 		.4byte	.LASF58
 532 030c 01       		.byte	0x1
 533 030d 0F       		.uleb128 0xf
 534 030e F4030000 		.4byte	.LASF59
 535 0312 02       		.byte	0x2
 536 0313 0F       		.uleb128 0xf
 537 0314 A5040000 		.4byte	.LASF60
 538 0318 03       		.byte	0x3
 539 0319 00       		.byte	0
 540 031a 0B       		.uleb128 0xb
 541 031b 99050000 		.4byte	.LASF61
 542 031f 06       		.byte	0x6
 543 0320 DD01     		.2byte	0x1dd
 544 0322 F4020000 		.4byte	0x2f4
 545 0326 0E       		.uleb128 0xe
 546 0327 01       		.byte	0x1
 547 0328 2C000000 		.4byte	0x2c
 548 032c 06       		.byte	0x6
 549 032d E301     		.2byte	0x1e3
 550 032f 46030000 		.4byte	0x346
 551 0333 0F       		.uleb128 0xf
 552 0334 77020000 		.4byte	.LASF62
 553 0338 00       		.byte	0
 554 0339 0F       		.uleb128 0xf
 555 033a D9030000 		.4byte	.LASF63
 556 033e 08       		.byte	0x8
 557 033f 0F       		.uleb128 0xf
 558 0340 54020000 		.4byte	.LASF64
 559 0344 10       		.byte	0x10
 560 0345 00       		.byte	0
 561 0346 0B       		.uleb128 0xb
 562 0347 02020000 		.4byte	.LASF65
 563 034b 06       		.byte	0x6
 564 034c E701     		.2byte	0x1e7
 565 034e 26030000 		.4byte	0x326
 566 0352 0E       		.uleb128 0xe
 567 0353 02       		.byte	0x2
 568 0354 3A000000 		.4byte	0x3a
 569 0358 06       		.byte	0x6
 570 0359 FD01     		.2byte	0x1fd
 571 035b 6D030000 		.4byte	0x36d
 572 035f 0F       		.uleb128 0xf
 573 0360 1C030000 		.4byte	.LASF66
 574 0364 00       		.byte	0
 575 0365 14       		.uleb128 0x14
 576 0366 1C040000 		.4byte	.LASF67
 577 036a 0008     		.2byte	0x800
 578 036c 00       		.byte	0
 579 036d 0B       		.uleb128 0xb
 580 036e 88050000 		.4byte	.LASF68
 581 0372 06       		.byte	0x6
 582 0373 0002     		.2byte	0x200
 583 0375 52030000 		.4byte	0x352
 584 0379 0E       		.uleb128 0xe
 585 037a 02       		.byte	0x2
ARM GAS  C:\Users\gjl\AppData\Local\Temp\ccFQ2smb.s 			page 14


 586 037b 3A000000 		.4byte	0x3a
 587 037f 06       		.byte	0x6
 588 0380 0702     		.2byte	0x207
 589 0382 A2030000 		.4byte	0x3a2
 590 0386 0F       		.uleb128 0xf
 591 0387 49070000 		.4byte	.LASF69
 592 038b 00       		.byte	0
 593 038c 14       		.uleb128 0x14
 594 038d 70030000 		.4byte	.LASF70
 595 0391 0001     		.2byte	0x100
 596 0393 14       		.uleb128 0x14
 597 0394 61050000 		.4byte	.LASF71
 598 0398 0002     		.2byte	0x200
 599 039a 14       		.uleb128 0x14
 600 039b 6E060000 		.4byte	.LASF72
 601 039f 0003     		.2byte	0x300
 602 03a1 00       		.byte	0
 603 03a2 0B       		.uleb128 0xb
 604 03a3 8F040000 		.4byte	.LASF73
 605 03a7 06       		.byte	0x6
 606 03a8 0C02     		.2byte	0x20c
 607 03aa 79030000 		.4byte	0x379
 608 03ae 0E       		.uleb128 0xe
 609 03af 01       		.byte	0x1
 610 03b0 2C000000 		.4byte	0x2c
 611 03b4 06       		.byte	0x6
 612 03b5 1002     		.2byte	0x210
 613 03b7 C8030000 		.4byte	0x3c8
 614 03bb 0F       		.uleb128 0xf
 615 03bc 1A070000 		.4byte	.LASF74
 616 03c0 00       		.byte	0
 617 03c1 0F       		.uleb128 0xf
 618 03c2 2F040000 		.4byte	.LASF75
 619 03c6 80       		.byte	0x80
 620 03c7 00       		.byte	0
 621 03c8 0B       		.uleb128 0xb
 622 03c9 EA000000 		.4byte	.LASF76
 623 03cd 06       		.byte	0x6
 624 03ce 1302     		.2byte	0x213
 625 03d0 AE030000 		.4byte	0x3ae
 626 03d4 0E       		.uleb128 0xe
 627 03d5 01       		.byte	0x1
 628 03d6 2C000000 		.4byte	0x2c
 629 03da 06       		.byte	0x6
 630 03db 1702     		.2byte	0x217
 631 03dd EE030000 		.4byte	0x3ee
 632 03e1 0F       		.uleb128 0xf
 633 03e2 88030000 		.4byte	.LASF77
 634 03e6 00       		.byte	0
 635 03e7 0F       		.uleb128 0xf
 636 03e8 24020000 		.4byte	.LASF78
 637 03ec 40       		.byte	0x40
 638 03ed 00       		.byte	0
 639 03ee 0B       		.uleb128 0xb
 640 03ef 2D050000 		.4byte	.LASF79
 641 03f3 06       		.byte	0x6
 642 03f4 1A02     		.2byte	0x21a
ARM GAS  C:\Users\gjl\AppData\Local\Temp\ccFQ2smb.s 			page 15


 643 03f6 D4030000 		.4byte	0x3d4
 644 03fa 0E       		.uleb128 0xe
 645 03fb 01       		.byte	0x1
 646 03fc 2C000000 		.4byte	0x2c
 647 0400 06       		.byte	0x6
 648 0401 1E02     		.2byte	0x21e
 649 0403 14040000 		.4byte	0x414
 650 0407 0F       		.uleb128 0xf
 651 0408 E8050000 		.4byte	.LASF80
 652 040c 00       		.byte	0
 653 040d 0F       		.uleb128 0xf
 654 040e C3030000 		.4byte	.LASF81
 655 0412 20       		.byte	0x20
 656 0413 00       		.byte	0
 657 0414 0B       		.uleb128 0xb
 658 0415 84000000 		.4byte	.LASF82
 659 0419 06       		.byte	0x6
 660 041a 2102     		.2byte	0x221
 661 041c FA030000 		.4byte	0x3fa
 662 0420 10       		.uleb128 0x10
 663 0421 10       		.byte	0x10
 664 0422 06       		.byte	0x6
 665 0423 F302     		.2byte	0x2f3
 666 0425 9F040000 		.4byte	0x49f
 667 0429 0D       		.uleb128 0xd
 668 042a 4A020000 		.4byte	.LASF83
 669 042e 06       		.byte	0x6
 670 042f F402     		.2byte	0x2f4
 671 0431 E8020000 		.4byte	0x2e8
 672 0435 00       		.byte	0
 673 0436 0D       		.uleb128 0xd
 674 0437 39000000 		.4byte	.LASF84
 675 043b 06       		.byte	0x6
 676 043c F702     		.2byte	0x2f7
 677 043e 1A030000 		.4byte	0x31a
 678 0442 04       		.byte	0x4
 679 0443 0D       		.uleb128 0xd
 680 0444 00000000 		.4byte	.LASF85
 681 0448 06       		.byte	0x6
 682 0449 F802     		.2byte	0x2f8
 683 044b 46030000 		.4byte	0x346
 684 044f 05       		.byte	0x5
 685 0450 0D       		.uleb128 0xd
 686 0451 18060000 		.4byte	.LASF86
 687 0455 06       		.byte	0x6
 688 0456 F902     		.2byte	0x2f9
 689 0458 6D030000 		.4byte	0x36d
 690 045c 06       		.byte	0x6
 691 045d 0D       		.uleb128 0xd
 692 045e 65020000 		.4byte	.LASF87
 693 0462 06       		.byte	0x6
 694 0463 FA02     		.2byte	0x2fa
 695 0465 A2030000 		.4byte	0x3a2
 696 0469 08       		.byte	0x8
 697 046a 0D       		.uleb128 0xd
 698 046b 50030000 		.4byte	.LASF88
 699 046f 06       		.byte	0x6
ARM GAS  C:\Users\gjl\AppData\Local\Temp\ccFQ2smb.s 			page 16


 700 0470 FB02     		.2byte	0x2fb
 701 0472 C8030000 		.4byte	0x3c8
 702 0476 0A       		.byte	0xa
 703 0477 0D       		.uleb128 0xd
 704 0478 DB050000 		.4byte	.LASF89
 705 047c 06       		.byte	0x6
 706 047d FC02     		.2byte	0x2fc
 707 047f EE030000 		.4byte	0x3ee
 708 0483 0B       		.byte	0xb
 709 0484 0D       		.uleb128 0xd
 710 0485 11030000 		.4byte	.LASF90
 711 0489 06       		.byte	0x6
 712 048a FD02     		.2byte	0x2fd
 713 048c 14040000 		.4byte	0x414
 714 0490 0C       		.byte	0xc
 715 0491 0D       		.uleb128 0xd
 716 0492 62070000 		.4byte	.LASF91
 717 0496 06       		.byte	0x6
 718 0497 FE02     		.2byte	0x2fe
 719 0499 BC000000 		.4byte	0xbc
 720 049d 0D       		.byte	0xd
 721 049e 00       		.byte	0
 722 049f 0B       		.uleb128 0xb
 723 04a0 1F060000 		.4byte	.LASF92
 724 04a4 06       		.byte	0x6
 725 04a5 FF02     		.2byte	0x2ff
 726 04a7 20040000 		.4byte	0x420
 727 04ab 15       		.uleb128 0x15
 728 04ac 14       		.byte	0x14
 729 04ad 07       		.byte	0x7
 730 04ae 3B       		.byte	0x3b
 731 04af F0040000 		.4byte	0x4f0
 732 04b3 16       		.uleb128 0x16
 733 04b4 07000000 		.4byte	.LASF93
 734 04b8 07       		.byte	0x7
 735 04b9 3D       		.byte	0x3d
 736 04ba 9E000000 		.4byte	0x9e
 737 04be 00       		.byte	0
 738 04bf 16       		.uleb128 0x16
 739 04c0 2D000000 		.4byte	.LASF94
 740 04c4 07       		.byte	0x7
 741 04c5 3E       		.byte	0x3e
 742 04c6 9E000000 		.4byte	0x9e
 743 04ca 04       		.byte	0x4
 744 04cb 16       		.uleb128 0x16
 745 04cc 4B050000 		.4byte	.LASF95
 746 04d0 07       		.byte	0x7
 747 04d1 3F       		.byte	0x3f
 748 04d2 F0040000 		.4byte	0x4f0
 749 04d6 08       		.byte	0x8
 750 04d7 16       		.uleb128 0x16
 751 04d8 F2040000 		.4byte	.LASF96
 752 04dc 07       		.byte	0x7
 753 04dd 40       		.byte	0x40
 754 04de 9E000000 		.4byte	0x9e
 755 04e2 0C       		.byte	0xc
 756 04e3 16       		.uleb128 0x16
ARM GAS  C:\Users\gjl\AppData\Local\Temp\ccFQ2smb.s 			page 17


 757 04e4 3F020000 		.4byte	.LASF97
 758 04e8 07       		.byte	0x7
 759 04e9 45       		.byte	0x45
 760 04ea 9E000000 		.4byte	0x9e
 761 04ee 10       		.byte	0x10
 762 04ef 00       		.byte	0
 763 04f0 06       		.uleb128 0x6
 764 04f1 04       		.byte	0x4
 765 04f2 F6040000 		.4byte	0x4f6
 766 04f6 07       		.uleb128 0x7
 767 04f7 BF020000 		.4byte	0x2bf
 768 04fb 03       		.uleb128 0x3
 769 04fc 08040000 		.4byte	.LASF98
 770 0500 07       		.byte	0x7
 771 0501 48       		.byte	0x48
 772 0502 AB040000 		.4byte	0x4ab
 773 0506 17       		.uleb128 0x17
 774 0507 70020000 		.4byte	.LASF99
 775 050b 01       		.byte	0x1
 776 050c 4F       		.byte	0x4f
 777 050d 68000000 		.4byte	0x68
 778 0511 00000000 		.4byte	.LFB446
 779 0515 24000000 		.4byte	.LFE446-.LFB446
 780 0519 01       		.uleb128 0x1
 781 051a 9C       		.byte	0x9c
 782 051b 64050000 		.4byte	0x564
 783 051f 18       		.uleb128 0x18
 784 0520 666400   		.ascii	"fd\000"
 785 0523 01       		.byte	0x1
 786 0524 4F       		.byte	0x4f
 787 0525 68000000 		.4byte	0x68
 788 0529 00000000 		.4byte	.LLST0
 789 052d 18       		.uleb128 0x18
 790 052e 70747200 		.ascii	"ptr\000"
 791 0532 01       		.byte	0x1
 792 0533 4F       		.byte	0x4f
 793 0534 93000000 		.4byte	0x93
 794 0538 3A000000 		.4byte	.LLST1
 795 053c 18       		.uleb128 0x18
 796 053d 6C656E00 		.ascii	"len\000"
 797 0541 01       		.byte	0x1
 798 0542 4F       		.byte	0x4f
 799 0543 68000000 		.4byte	0x68
 800 0547 6E000000 		.4byte	.LLST2
 801 054b 19       		.uleb128 0x19
 802 054c CE010000 		.4byte	.LASF101
 803 0550 01       		.byte	0x1
 804 0551 51       		.byte	0x51
 805 0552 68000000 		.4byte	0x68
 806 0556 B0000000 		.4byte	.LLST3
 807 055a 1A       		.uleb128 0x1a
 808 055b 14000000 		.4byte	.LVL3
 809 055f 1A060000 		.4byte	0x61a
 810 0563 00       		.byte	0
 811 0564 17       		.uleb128 0x17
 812 0565 EE030000 		.4byte	.LASF100
 813 0569 01       		.byte	0x1
ARM GAS  C:\Users\gjl\AppData\Local\Temp\ccFQ2smb.s 			page 18


 814 056a 85       		.byte	0x85
 815 056b 68000000 		.4byte	0x68
 816 056f 00000000 		.4byte	.LFB447
 817 0573 2A000000 		.4byte	.LFE447-.LFB447
 818 0577 01       		.uleb128 0x1
 819 0578 9C       		.byte	0x9c
 820 0579 C2050000 		.4byte	0x5c2
 821 057d 18       		.uleb128 0x18
 822 057e 666400   		.ascii	"fd\000"
 823 0581 01       		.byte	0x1
 824 0582 85       		.byte	0x85
 825 0583 68000000 		.4byte	0x68
 826 0587 F1000000 		.4byte	.LLST4
 827 058b 18       		.uleb128 0x18
 828 058c 70747200 		.ascii	"ptr\000"
 829 0590 01       		.byte	0x1
 830 0591 85       		.byte	0x85
 831 0592 86000000 		.4byte	0x86
 832 0596 2B010000 		.4byte	.LLST5
 833 059a 18       		.uleb128 0x18
 834 059b 6C656E00 		.ascii	"len\000"
 835 059f 01       		.byte	0x1
 836 05a0 85       		.byte	0x85
 837 05a1 68000000 		.4byte	0x68
 838 05a5 5F010000 		.4byte	.LLST6
 839 05a9 19       		.uleb128 0x19
 840 05aa CE010000 		.4byte	.LASF101
 841 05ae 01       		.byte	0x1
 842 05af 87       		.byte	0x87
 843 05b0 68000000 		.4byte	0x68
 844 05b4 A1010000 		.4byte	.LLST7
 845 05b8 1A       		.uleb128 0x1a
 846 05b9 12000000 		.4byte	.LVL15
 847 05bd 25060000 		.4byte	0x625
 848 05c1 00       		.byte	0
 849 05c2 1B       		.uleb128 0x1b
 850 05c3 E9010000 		.4byte	.LASF102
 851 05c7 08       		.byte	0x8
 852 05c8 87       		.byte	0x87
 853 05c9 A4010000 		.4byte	0x1a4
 854 05cd 1C       		.uleb128 0x1c
 855 05ce 5C030000 		.4byte	.LASF103
 856 05d2 07       		.byte	0x7
 857 05d3 6001     		.2byte	0x160
 858 05d5 9E000000 		.4byte	0x9e
 859 05d9 11       		.uleb128 0x11
 860 05da E9050000 		.4byte	0x5e9
 861 05de E9050000 		.4byte	0x5e9
 862 05e2 12       		.uleb128 0x12
 863 05e3 7F000000 		.4byte	0x7f
 864 05e7 00       		.byte	0
 865 05e8 00       		.byte	0
 866 05e9 07       		.uleb128 0x7
 867 05ea FB040000 		.4byte	0x4fb
 868 05ee 1C       		.uleb128 0x1c
 869 05ef 13020000 		.4byte	.LASF104
 870 05f3 07       		.byte	0x7
ARM GAS  C:\Users\gjl\AppData\Local\Temp\ccFQ2smb.s 			page 19


 871 05f4 6401     		.2byte	0x164
 872 05f6 FA050000 		.4byte	0x5fa
 873 05fa 07       		.uleb128 0x7
 874 05fb D9050000 		.4byte	0x5d9
 875 05ff 1B       		.uleb128 0x1b
 876 0600 A7010000 		.4byte	.LASF105
 877 0604 09       		.byte	0x9
 878 0605 30       		.byte	0x30
 879 0606 1A030000 		.4byte	0x31a
 880 060a 1B       		.uleb128 0x1b
 881 060b 93010000 		.4byte	.LASF106
 882 060f 09       		.byte	0x9
 883 0610 33       		.byte	0x33
 884 0611 15060000 		.4byte	0x615
 885 0615 07       		.uleb128 0x7
 886 0616 9F040000 		.4byte	0x49f
 887 061a 1D       		.uleb128 0x1d
 888 061b 7A050000 		.4byte	.LASF107
 889 061f 7A050000 		.4byte	.LASF107
 890 0623 0A       		.byte	0xa
 891 0624 AE       		.byte	0xae
 892 0625 1D       		.uleb128 0x1d
 893 0626 A4000000 		.4byte	.LASF108
 894 062a A4000000 		.4byte	.LASF108
 895 062e 0A       		.byte	0xa
 896 062f B2       		.byte	0xb2
 897 0630 00       		.byte	0
 898              		.section	.debug_abbrev,"",%progbits
 899              	.Ldebug_abbrev0:
 900 0000 01       		.uleb128 0x1
 901 0001 11       		.uleb128 0x11
 902 0002 01       		.byte	0x1
 903 0003 25       		.uleb128 0x25
 904 0004 0E       		.uleb128 0xe
 905 0005 13       		.uleb128 0x13
 906 0006 0B       		.uleb128 0xb
 907 0007 03       		.uleb128 0x3
 908 0008 0E       		.uleb128 0xe
 909 0009 1B       		.uleb128 0x1b
 910 000a 0E       		.uleb128 0xe
 911 000b 55       		.uleb128 0x55
 912 000c 17       		.uleb128 0x17
 913 000d 11       		.uleb128 0x11
 914 000e 01       		.uleb128 0x1
 915 000f 10       		.uleb128 0x10
 916 0010 17       		.uleb128 0x17
 917 0011 00       		.byte	0
 918 0012 00       		.byte	0
 919 0013 02       		.uleb128 0x2
 920 0014 24       		.uleb128 0x24
 921 0015 00       		.byte	0
 922 0016 0B       		.uleb128 0xb
 923 0017 0B       		.uleb128 0xb
 924 0018 3E       		.uleb128 0x3e
 925 0019 0B       		.uleb128 0xb
 926 001a 03       		.uleb128 0x3
 927 001b 0E       		.uleb128 0xe
ARM GAS  C:\Users\gjl\AppData\Local\Temp\ccFQ2smb.s 			page 20


 928 001c 00       		.byte	0
 929 001d 00       		.byte	0
 930 001e 03       		.uleb128 0x3
 931 001f 16       		.uleb128 0x16
 932 0020 00       		.byte	0
 933 0021 03       		.uleb128 0x3
 934 0022 0E       		.uleb128 0xe
 935 0023 3A       		.uleb128 0x3a
 936 0024 0B       		.uleb128 0xb
 937 0025 3B       		.uleb128 0x3b
 938 0026 0B       		.uleb128 0xb
 939 0027 49       		.uleb128 0x49
 940 0028 13       		.uleb128 0x13
 941 0029 00       		.byte	0
 942 002a 00       		.byte	0
 943 002b 04       		.uleb128 0x4
 944 002c 24       		.uleb128 0x24
 945 002d 00       		.byte	0
 946 002e 0B       		.uleb128 0xb
 947 002f 0B       		.uleb128 0xb
 948 0030 3E       		.uleb128 0x3e
 949 0031 0B       		.uleb128 0xb
 950 0032 03       		.uleb128 0x3
 951 0033 08       		.uleb128 0x8
 952 0034 00       		.byte	0
 953 0035 00       		.byte	0
 954 0036 05       		.uleb128 0x5
 955 0037 0F       		.uleb128 0xf
 956 0038 00       		.byte	0
 957 0039 0B       		.uleb128 0xb
 958 003a 0B       		.uleb128 0xb
 959 003b 00       		.byte	0
 960 003c 00       		.byte	0
 961 003d 06       		.uleb128 0x6
 962 003e 0F       		.uleb128 0xf
 963 003f 00       		.byte	0
 964 0040 0B       		.uleb128 0xb
 965 0041 0B       		.uleb128 0xb
 966 0042 49       		.uleb128 0x49
 967 0043 13       		.uleb128 0x13
 968 0044 00       		.byte	0
 969 0045 00       		.byte	0
 970 0046 07       		.uleb128 0x7
 971 0047 26       		.uleb128 0x26
 972 0048 00       		.byte	0
 973 0049 49       		.uleb128 0x49
 974 004a 13       		.uleb128 0x13
 975 004b 00       		.byte	0
 976 004c 00       		.byte	0
 977 004d 08       		.uleb128 0x8
 978 004e 35       		.uleb128 0x35
 979 004f 00       		.byte	0
 980 0050 49       		.uleb128 0x49
 981 0051 13       		.uleb128 0x13
 982 0052 00       		.byte	0
 983 0053 00       		.byte	0
 984 0054 09       		.uleb128 0x9
ARM GAS  C:\Users\gjl\AppData\Local\Temp\ccFQ2smb.s 			page 21


 985 0055 15       		.uleb128 0x15
 986 0056 01       		.byte	0x1
 987 0057 27       		.uleb128 0x27
 988 0058 19       		.uleb128 0x19
 989 0059 01       		.uleb128 0x1
 990 005a 13       		.uleb128 0x13
 991 005b 00       		.byte	0
 992 005c 00       		.byte	0
 993 005d 0A       		.uleb128 0xa
 994 005e 05       		.uleb128 0x5
 995 005f 00       		.byte	0
 996 0060 49       		.uleb128 0x49
 997 0061 13       		.uleb128 0x13
 998 0062 00       		.byte	0
 999 0063 00       		.byte	0
 1000 0064 0B       		.uleb128 0xb
 1001 0065 16       		.uleb128 0x16
 1002 0066 00       		.byte	0
 1003 0067 03       		.uleb128 0x3
 1004 0068 0E       		.uleb128 0xe
 1005 0069 3A       		.uleb128 0x3a
 1006 006a 0B       		.uleb128 0xb
 1007 006b 3B       		.uleb128 0x3b
 1008 006c 05       		.uleb128 0x5
 1009 006d 49       		.uleb128 0x49
 1010 006e 13       		.uleb128 0x13
 1011 006f 00       		.byte	0
 1012 0070 00       		.byte	0
 1013 0071 0C       		.uleb128 0xc
 1014 0072 13       		.uleb128 0x13
 1015 0073 01       		.byte	0x1
 1016 0074 03       		.uleb128 0x3
 1017 0075 0E       		.uleb128 0xe
 1018 0076 0B       		.uleb128 0xb
 1019 0077 0B       		.uleb128 0xb
 1020 0078 3A       		.uleb128 0x3a
 1021 0079 0B       		.uleb128 0xb
 1022 007a 3B       		.uleb128 0x3b
 1023 007b 05       		.uleb128 0x5
 1024 007c 01       		.uleb128 0x1
 1025 007d 13       		.uleb128 0x13
 1026 007e 00       		.byte	0
 1027 007f 00       		.byte	0
 1028 0080 0D       		.uleb128 0xd
 1029 0081 0D       		.uleb128 0xd
 1030 0082 00       		.byte	0
 1031 0083 03       		.uleb128 0x3
 1032 0084 0E       		.uleb128 0xe
 1033 0085 3A       		.uleb128 0x3a
 1034 0086 0B       		.uleb128 0xb
 1035 0087 3B       		.uleb128 0x3b
 1036 0088 05       		.uleb128 0x5
 1037 0089 49       		.uleb128 0x49
 1038 008a 13       		.uleb128 0x13
 1039 008b 38       		.uleb128 0x38
 1040 008c 0B       		.uleb128 0xb
 1041 008d 00       		.byte	0
ARM GAS  C:\Users\gjl\AppData\Local\Temp\ccFQ2smb.s 			page 22


 1042 008e 00       		.byte	0
 1043 008f 0E       		.uleb128 0xe
 1044 0090 04       		.uleb128 0x4
 1045 0091 01       		.byte	0x1
 1046 0092 0B       		.uleb128 0xb
 1047 0093 0B       		.uleb128 0xb
 1048 0094 49       		.uleb128 0x49
 1049 0095 13       		.uleb128 0x13
 1050 0096 3A       		.uleb128 0x3a
 1051 0097 0B       		.uleb128 0xb
 1052 0098 3B       		.uleb128 0x3b
 1053 0099 05       		.uleb128 0x5
 1054 009a 01       		.uleb128 0x1
 1055 009b 13       		.uleb128 0x13
 1056 009c 00       		.byte	0
 1057 009d 00       		.byte	0
 1058 009e 0F       		.uleb128 0xf
 1059 009f 28       		.uleb128 0x28
 1060 00a0 00       		.byte	0
 1061 00a1 03       		.uleb128 0x3
 1062 00a2 0E       		.uleb128 0xe
 1063 00a3 1C       		.uleb128 0x1c
 1064 00a4 0B       		.uleb128 0xb
 1065 00a5 00       		.byte	0
 1066 00a6 00       		.byte	0
 1067 00a7 10       		.uleb128 0x10
 1068 00a8 13       		.uleb128 0x13
 1069 00a9 01       		.byte	0x1
 1070 00aa 0B       		.uleb128 0xb
 1071 00ab 0B       		.uleb128 0xb
 1072 00ac 3A       		.uleb128 0x3a
 1073 00ad 0B       		.uleb128 0xb
 1074 00ae 3B       		.uleb128 0x3b
 1075 00af 05       		.uleb128 0x5
 1076 00b0 01       		.uleb128 0x1
 1077 00b1 13       		.uleb128 0x13
 1078 00b2 00       		.byte	0
 1079 00b3 00       		.byte	0
 1080 00b4 11       		.uleb128 0x11
 1081 00b5 01       		.uleb128 0x1
 1082 00b6 01       		.byte	0x1
 1083 00b7 49       		.uleb128 0x49
 1084 00b8 13       		.uleb128 0x13
 1085 00b9 01       		.uleb128 0x1
 1086 00ba 13       		.uleb128 0x13
 1087 00bb 00       		.byte	0
 1088 00bc 00       		.byte	0
 1089 00bd 12       		.uleb128 0x12
 1090 00be 21       		.uleb128 0x21
 1091 00bf 00       		.byte	0
 1092 00c0 49       		.uleb128 0x49
 1093 00c1 13       		.uleb128 0x13
 1094 00c2 2F       		.uleb128 0x2f
 1095 00c3 0B       		.uleb128 0xb
 1096 00c4 00       		.byte	0
 1097 00c5 00       		.byte	0
 1098 00c6 13       		.uleb128 0x13
ARM GAS  C:\Users\gjl\AppData\Local\Temp\ccFQ2smb.s 			page 23


 1099 00c7 28       		.uleb128 0x28
 1100 00c8 00       		.byte	0
 1101 00c9 03       		.uleb128 0x3
 1102 00ca 0E       		.uleb128 0xe
 1103 00cb 1C       		.uleb128 0x1c
 1104 00cc 06       		.uleb128 0x6
 1105 00cd 00       		.byte	0
 1106 00ce 00       		.byte	0
 1107 00cf 14       		.uleb128 0x14
 1108 00d0 28       		.uleb128 0x28
 1109 00d1 00       		.byte	0
 1110 00d2 03       		.uleb128 0x3
 1111 00d3 0E       		.uleb128 0xe
 1112 00d4 1C       		.uleb128 0x1c
 1113 00d5 05       		.uleb128 0x5
 1114 00d6 00       		.byte	0
 1115 00d7 00       		.byte	0
 1116 00d8 15       		.uleb128 0x15
 1117 00d9 13       		.uleb128 0x13
 1118 00da 01       		.byte	0x1
 1119 00db 0B       		.uleb128 0xb
 1120 00dc 0B       		.uleb128 0xb
 1121 00dd 3A       		.uleb128 0x3a
 1122 00de 0B       		.uleb128 0xb
 1123 00df 3B       		.uleb128 0x3b
 1124 00e0 0B       		.uleb128 0xb
 1125 00e1 01       		.uleb128 0x1
 1126 00e2 13       		.uleb128 0x13
 1127 00e3 00       		.byte	0
 1128 00e4 00       		.byte	0
 1129 00e5 16       		.uleb128 0x16
 1130 00e6 0D       		.uleb128 0xd
 1131 00e7 00       		.byte	0
 1132 00e8 03       		.uleb128 0x3
 1133 00e9 0E       		.uleb128 0xe
 1134 00ea 3A       		.uleb128 0x3a
 1135 00eb 0B       		.uleb128 0xb
 1136 00ec 3B       		.uleb128 0x3b
 1137 00ed 0B       		.uleb128 0xb
 1138 00ee 49       		.uleb128 0x49
 1139 00ef 13       		.uleb128 0x13
 1140 00f0 38       		.uleb128 0x38
 1141 00f1 0B       		.uleb128 0xb
 1142 00f2 00       		.byte	0
 1143 00f3 00       		.byte	0
 1144 00f4 17       		.uleb128 0x17
 1145 00f5 2E       		.uleb128 0x2e
 1146 00f6 01       		.byte	0x1
 1147 00f7 3F       		.uleb128 0x3f
 1148 00f8 19       		.uleb128 0x19
 1149 00f9 03       		.uleb128 0x3
 1150 00fa 0E       		.uleb128 0xe
 1151 00fb 3A       		.uleb128 0x3a
 1152 00fc 0B       		.uleb128 0xb
 1153 00fd 3B       		.uleb128 0x3b
 1154 00fe 0B       		.uleb128 0xb
 1155 00ff 27       		.uleb128 0x27
ARM GAS  C:\Users\gjl\AppData\Local\Temp\ccFQ2smb.s 			page 24


 1156 0100 19       		.uleb128 0x19
 1157 0101 49       		.uleb128 0x49
 1158 0102 13       		.uleb128 0x13
 1159 0103 11       		.uleb128 0x11
 1160 0104 01       		.uleb128 0x1
 1161 0105 12       		.uleb128 0x12
 1162 0106 06       		.uleb128 0x6
 1163 0107 40       		.uleb128 0x40
 1164 0108 18       		.uleb128 0x18
 1165 0109 9742     		.uleb128 0x2117
 1166 010b 19       		.uleb128 0x19
 1167 010c 01       		.uleb128 0x1
 1168 010d 13       		.uleb128 0x13
 1169 010e 00       		.byte	0
 1170 010f 00       		.byte	0
 1171 0110 18       		.uleb128 0x18
 1172 0111 05       		.uleb128 0x5
 1173 0112 00       		.byte	0
 1174 0113 03       		.uleb128 0x3
 1175 0114 08       		.uleb128 0x8
 1176 0115 3A       		.uleb128 0x3a
 1177 0116 0B       		.uleb128 0xb
 1178 0117 3B       		.uleb128 0x3b
 1179 0118 0B       		.uleb128 0xb
 1180 0119 49       		.uleb128 0x49
 1181 011a 13       		.uleb128 0x13
 1182 011b 02       		.uleb128 0x2
 1183 011c 17       		.uleb128 0x17
 1184 011d 00       		.byte	0
 1185 011e 00       		.byte	0
 1186 011f 19       		.uleb128 0x19
 1187 0120 34       		.uleb128 0x34
 1188 0121 00       		.byte	0
 1189 0122 03       		.uleb128 0x3
 1190 0123 0E       		.uleb128 0xe
 1191 0124 3A       		.uleb128 0x3a
 1192 0125 0B       		.uleb128 0xb
 1193 0126 3B       		.uleb128 0x3b
 1194 0127 0B       		.uleb128 0xb
 1195 0128 49       		.uleb128 0x49
 1196 0129 13       		.uleb128 0x13
 1197 012a 02       		.uleb128 0x2
 1198 012b 17       		.uleb128 0x17
 1199 012c 00       		.byte	0
 1200 012d 00       		.byte	0
 1201 012e 1A       		.uleb128 0x1a
 1202 012f 898201   		.uleb128 0x4109
 1203 0132 00       		.byte	0
 1204 0133 11       		.uleb128 0x11
 1205 0134 01       		.uleb128 0x1
 1206 0135 31       		.uleb128 0x31
 1207 0136 13       		.uleb128 0x13
 1208 0137 00       		.byte	0
 1209 0138 00       		.byte	0
 1210 0139 1B       		.uleb128 0x1b
 1211 013a 34       		.uleb128 0x34
 1212 013b 00       		.byte	0
ARM GAS  C:\Users\gjl\AppData\Local\Temp\ccFQ2smb.s 			page 25


 1213 013c 03       		.uleb128 0x3
 1214 013d 0E       		.uleb128 0xe
 1215 013e 3A       		.uleb128 0x3a
 1216 013f 0B       		.uleb128 0xb
 1217 0140 3B       		.uleb128 0x3b
 1218 0141 0B       		.uleb128 0xb
 1219 0142 49       		.uleb128 0x49
 1220 0143 13       		.uleb128 0x13
 1221 0144 3F       		.uleb128 0x3f
 1222 0145 19       		.uleb128 0x19
 1223 0146 3C       		.uleb128 0x3c
 1224 0147 19       		.uleb128 0x19
 1225 0148 00       		.byte	0
 1226 0149 00       		.byte	0
 1227 014a 1C       		.uleb128 0x1c
 1228 014b 34       		.uleb128 0x34
 1229 014c 00       		.byte	0
 1230 014d 03       		.uleb128 0x3
 1231 014e 0E       		.uleb128 0xe
 1232 014f 3A       		.uleb128 0x3a
 1233 0150 0B       		.uleb128 0xb
 1234 0151 3B       		.uleb128 0x3b
 1235 0152 05       		.uleb128 0x5
 1236 0153 49       		.uleb128 0x49
 1237 0154 13       		.uleb128 0x13
 1238 0155 3F       		.uleb128 0x3f
 1239 0156 19       		.uleb128 0x19
 1240 0157 3C       		.uleb128 0x3c
 1241 0158 19       		.uleb128 0x19
 1242 0159 00       		.byte	0
 1243 015a 00       		.byte	0
 1244 015b 1D       		.uleb128 0x1d
 1245 015c 2E       		.uleb128 0x2e
 1246 015d 00       		.byte	0
 1247 015e 3F       		.uleb128 0x3f
 1248 015f 19       		.uleb128 0x19
 1249 0160 3C       		.uleb128 0x3c
 1250 0161 19       		.uleb128 0x19
 1251 0162 6E       		.uleb128 0x6e
 1252 0163 0E       		.uleb128 0xe
 1253 0164 03       		.uleb128 0x3
 1254 0165 0E       		.uleb128 0xe
 1255 0166 3A       		.uleb128 0x3a
 1256 0167 0B       		.uleb128 0xb
 1257 0168 3B       		.uleb128 0x3b
 1258 0169 0B       		.uleb128 0xb
 1259 016a 00       		.byte	0
 1260 016b 00       		.byte	0
 1261 016c 00       		.byte	0
 1262              		.section	.debug_loc,"",%progbits
 1263              	.Ldebug_loc0:
 1264              	.LLST0:
 1265 0000 00000000 		.4byte	.LVL0
 1266 0004 0E000000 		.4byte	.LVL2
 1267 0008 0100     		.2byte	0x1
 1268 000a 50       		.byte	0x50
 1269 000b 0E000000 		.4byte	.LVL2
ARM GAS  C:\Users\gjl\AppData\Local\Temp\ccFQ2smb.s 			page 26


 1270 000f 1A000000 		.4byte	.LVL6
 1271 0013 0400     		.2byte	0x4
 1272 0015 F3       		.byte	0xf3
 1273 0016 01       		.uleb128 0x1
 1274 0017 50       		.byte	0x50
 1275 0018 9F       		.byte	0x9f
 1276 0019 1A000000 		.4byte	.LVL6
 1277 001d 1C000000 		.4byte	.LVL7
 1278 0021 0100     		.2byte	0x1
 1279 0023 50       		.byte	0x50
 1280 0024 1C000000 		.4byte	.LVL7
 1281 0028 24000000 		.4byte	.LFE446
 1282 002c 0400     		.2byte	0x4
 1283 002e F3       		.byte	0xf3
 1284 002f 01       		.uleb128 0x1
 1285 0030 50       		.byte	0x50
 1286 0031 9F       		.byte	0x9f
 1287 0032 00000000 		.4byte	0
 1288 0036 00000000 		.4byte	0
 1289              	.LLST1:
 1290 003a 00000000 		.4byte	.LVL0
 1291 003e 0E000000 		.4byte	.LVL2
 1292 0042 0100     		.2byte	0x1
 1293 0044 51       		.byte	0x51
 1294 0045 0E000000 		.4byte	.LVL2
 1295 0049 1A000000 		.4byte	.LVL6
 1296 004d 0100     		.2byte	0x1
 1297 004f 55       		.byte	0x55
 1298 0050 1A000000 		.4byte	.LVL6
 1299 0054 1C000000 		.4byte	.LVL7
 1300 0058 0100     		.2byte	0x1
 1301 005a 51       		.byte	0x51
 1302 005b 1C000000 		.4byte	.LVL7
 1303 005f 22000000 		.4byte	.LVL10
 1304 0063 0100     		.2byte	0x1
 1305 0065 55       		.byte	0x55
 1306 0066 00000000 		.4byte	0
 1307 006a 00000000 		.4byte	0
 1308              	.LLST2:
 1309 006e 00000000 		.4byte	.LVL0
 1310 0072 0E000000 		.4byte	.LVL2
 1311 0076 0100     		.2byte	0x1
 1312 0078 52       		.byte	0x52
 1313 0079 0E000000 		.4byte	.LVL2
 1314 007d 1A000000 		.4byte	.LVL6
 1315 0081 0100     		.2byte	0x1
 1316 0083 56       		.byte	0x56
 1317 0084 1A000000 		.4byte	.LVL6
 1318 0088 1C000000 		.4byte	.LVL7
 1319 008c 0100     		.2byte	0x1
 1320 008e 52       		.byte	0x52
 1321 008f 1C000000 		.4byte	.LVL7
 1322 0093 22000000 		.4byte	.LVL11
 1323 0097 0100     		.2byte	0x1
 1324 0099 56       		.byte	0x56
 1325 009a 22000000 		.4byte	.LVL11
 1326 009e 24000000 		.4byte	.LFE446
ARM GAS  C:\Users\gjl\AppData\Local\Temp\ccFQ2smb.s 			page 27


 1327 00a2 0400     		.2byte	0x4
 1328 00a4 F3       		.byte	0xf3
 1329 00a5 01       		.uleb128 0x1
 1330 00a6 52       		.byte	0x52
 1331 00a7 9F       		.byte	0x9f
 1332 00a8 00000000 		.4byte	0
 1333 00ac 00000000 		.4byte	0
 1334              	.LLST3:
 1335 00b0 06000000 		.4byte	.LVL1
 1336 00b4 0E000000 		.4byte	.LVL2
 1337 00b8 0200     		.2byte	0x2
 1338 00ba 30       		.byte	0x30
 1339 00bb 9F       		.byte	0x9f
 1340 00bc 0E000000 		.4byte	.LVL2
 1341 00c0 1A000000 		.4byte	.LVL6
 1342 00c4 0100     		.2byte	0x1
 1343 00c6 54       		.byte	0x54
 1344 00c7 1A000000 		.4byte	.LVL6
 1345 00cb 1C000000 		.4byte	.LVL7
 1346 00cf 0200     		.2byte	0x2
 1347 00d1 30       		.byte	0x30
 1348 00d2 9F       		.byte	0x9f
 1349 00d3 1C000000 		.4byte	.LVL7
 1350 00d7 22000000 		.4byte	.LVL9
 1351 00db 0100     		.2byte	0x1
 1352 00dd 54       		.byte	0x54
 1353 00de 22000000 		.4byte	.LVL9
 1354 00e2 24000000 		.4byte	.LFE446
 1355 00e6 0100     		.2byte	0x1
 1356 00e8 50       		.byte	0x50
 1357 00e9 00000000 		.4byte	0
 1358 00ed 00000000 		.4byte	0
 1359              	.LLST4:
 1360 00f1 00000000 		.4byte	.LVL12
 1361 00f5 0E000000 		.4byte	.LVL14
 1362 00f9 0100     		.2byte	0x1
 1363 00fb 50       		.byte	0x50
 1364 00fc 0E000000 		.4byte	.LVL14
 1365 0100 20000000 		.4byte	.LVL18
 1366 0104 0400     		.2byte	0x4
 1367 0106 F3       		.byte	0xf3
 1368 0107 01       		.uleb128 0x1
 1369 0108 50       		.byte	0x50
 1370 0109 9F       		.byte	0x9f
 1371 010a 20000000 		.4byte	.LVL18
 1372 010e 22000000 		.4byte	.LVL19
 1373 0112 0100     		.2byte	0x1
 1374 0114 50       		.byte	0x50
 1375 0115 22000000 		.4byte	.LVL19
 1376 0119 2A000000 		.4byte	.LFE447
 1377 011d 0400     		.2byte	0x4
 1378 011f F3       		.byte	0xf3
 1379 0120 01       		.uleb128 0x1
 1380 0121 50       		.byte	0x50
 1381 0122 9F       		.byte	0x9f
 1382 0123 00000000 		.4byte	0
 1383 0127 00000000 		.4byte	0
ARM GAS  C:\Users\gjl\AppData\Local\Temp\ccFQ2smb.s 			page 28


 1384              	.LLST5:
 1385 012b 00000000 		.4byte	.LVL12
 1386 012f 0E000000 		.4byte	.LVL14
 1387 0133 0100     		.2byte	0x1
 1388 0135 51       		.byte	0x51
 1389 0136 0E000000 		.4byte	.LVL14
 1390 013a 20000000 		.4byte	.LVL18
 1391 013e 0100     		.2byte	0x1
 1392 0140 55       		.byte	0x55
 1393 0141 20000000 		.4byte	.LVL18
 1394 0145 22000000 		.4byte	.LVL19
 1395 0149 0100     		.2byte	0x1
 1396 014b 51       		.byte	0x51
 1397 014c 22000000 		.4byte	.LVL19
 1398 0150 28000000 		.4byte	.LVL22
 1399 0154 0100     		.2byte	0x1
 1400 0156 55       		.byte	0x55
 1401 0157 00000000 		.4byte	0
 1402 015b 00000000 		.4byte	0
 1403              	.LLST6:
 1404 015f 00000000 		.4byte	.LVL12
 1405 0163 0E000000 		.4byte	.LVL14
 1406 0167 0100     		.2byte	0x1
 1407 0169 52       		.byte	0x52
 1408 016a 0E000000 		.4byte	.LVL14
 1409 016e 20000000 		.4byte	.LVL18
 1410 0172 0100     		.2byte	0x1
 1411 0174 56       		.byte	0x56
 1412 0175 20000000 		.4byte	.LVL18
 1413 0179 22000000 		.4byte	.LVL19
 1414 017d 0100     		.2byte	0x1
 1415 017f 52       		.byte	0x52
 1416 0180 22000000 		.4byte	.LVL19
 1417 0184 28000000 		.4byte	.LVL23
 1418 0188 0100     		.2byte	0x1
 1419 018a 56       		.byte	0x56
 1420 018b 28000000 		.4byte	.LVL23
 1421 018f 2A000000 		.4byte	.LFE447
 1422 0193 0400     		.2byte	0x4
 1423 0195 F3       		.byte	0xf3
 1424 0196 01       		.uleb128 0x1
 1425 0197 52       		.byte	0x52
 1426 0198 9F       		.byte	0x9f
 1427 0199 00000000 		.4byte	0
 1428 019d 00000000 		.4byte	0
 1429              	.LLST7:
 1430 01a1 06000000 		.4byte	.LVL13
 1431 01a5 0E000000 		.4byte	.LVL14
 1432 01a9 0200     		.2byte	0x2
 1433 01ab 30       		.byte	0x30
 1434 01ac 9F       		.byte	0x9f
 1435 01ad 0E000000 		.4byte	.LVL14
 1436 01b1 20000000 		.4byte	.LVL18
 1437 01b5 0100     		.2byte	0x1
 1438 01b7 54       		.byte	0x54
 1439 01b8 20000000 		.4byte	.LVL18
 1440 01bc 22000000 		.4byte	.LVL19
ARM GAS  C:\Users\gjl\AppData\Local\Temp\ccFQ2smb.s 			page 29


 1441 01c0 0200     		.2byte	0x2
 1442 01c2 30       		.byte	0x30
 1443 01c3 9F       		.byte	0x9f
 1444 01c4 22000000 		.4byte	.LVL19
 1445 01c8 28000000 		.4byte	.LVL21
 1446 01cc 0100     		.2byte	0x1
 1447 01ce 54       		.byte	0x54
 1448 01cf 28000000 		.4byte	.LVL21
 1449 01d3 2A000000 		.4byte	.LFE447
 1450 01d7 0100     		.2byte	0x1
 1451 01d9 50       		.byte	0x50
 1452 01da 00000000 		.4byte	0
 1453 01de 00000000 		.4byte	0
 1454              		.section	.debug_aranges,"",%progbits
 1455 0000 24000000 		.4byte	0x24
 1456 0004 0200     		.2byte	0x2
 1457 0006 00000000 		.4byte	.Ldebug_info0
 1458 000a 04       		.byte	0x4
 1459 000b 00       		.byte	0
 1460 000c 0000     		.2byte	0
 1461 000e 0000     		.2byte	0
 1462 0010 00000000 		.4byte	.LFB446
 1463 0014 24000000 		.4byte	.LFE446-.LFB446
 1464 0018 00000000 		.4byte	.LFB447
 1465 001c 2A000000 		.4byte	.LFE447-.LFB447
 1466 0020 00000000 		.4byte	0
 1467 0024 00000000 		.4byte	0
 1468              		.section	.debug_ranges,"",%progbits
 1469              	.Ldebug_ranges0:
 1470 0000 00000000 		.4byte	.LFB446
 1471 0004 24000000 		.4byte	.LFE446
 1472 0008 00000000 		.4byte	.LFB447
 1473 000c 2A000000 		.4byte	.LFE447
 1474 0010 00000000 		.4byte	0
 1475 0014 00000000 		.4byte	0
 1476              		.section	.debug_line,"",%progbits
 1477              	.Ldebug_line0:
 1478 0000 B0020000 		.section	.debug_str,"MS",%progbits,1
 1478      02005B02 
 1478      00000201 
 1478      FB0E0D00 
 1478      01010101 
 1479              	.LASF85:
 1480 0000 6F614D6F 		.ascii	"oaMode\000"
 1480      646500
 1481              	.LASF93:
 1482 0007 6368616E 		.ascii	"channelBase\000"
 1482      6E656C42 
 1482      61736500 
 1483              	.LASF36:
 1484 0013 43595F53 		.ascii	"CY_SAR_RANGE_COND_OUTSIDE\000"
 1484      41525F52 
 1484      414E4745 
 1484      5F434F4E 
 1484      445F4F55 
 1485              	.LASF94:
 1486 002d 6E756D43 		.ascii	"numChannels\000"
ARM GAS  C:\Users\gjl\AppData\Local\Temp\ccFQ2smb.s 			page 30


 1486      68616E6E 
 1486      656C7300 
 1487              	.LASF84:
 1488 0039 6F61506F 		.ascii	"oaPower\000"
 1488      77657200 
 1489              	.LASF23:
 1490 0041 72785269 		.ascii	"rxRingBufTail\000"
 1490      6E674275 
 1490      66546169 
 1490      6C00
 1491              	.LASF0:
 1492 004f 7369676E 		.ascii	"signed char\000"
 1492      65642063 
 1492      68617200 
 1493              	.LASF25:
 1494 005b 72784275 		.ascii	"rxBufSize\000"
 1494      6653697A 
 1494      6500
 1495              	.LASF17:
 1496 0065 63795F63 		.ascii	"cy_cb_scb_uart_handle_events_t\000"
 1496      625F7363 
 1496      625F7561 
 1496      72745F68 
 1496      616E646C 
 1497              	.LASF82:
 1498 0084 63795F65 		.ascii	"cy_en_ctb_comp_hyst_t\000"
 1498      6E5F6374 
 1498      625F636F 
 1498      6D705F68 
 1498      7973745F 
 1499              	.LASF2:
 1500 009a 73686F72 		.ascii	"short int\000"
 1500      7420696E 
 1500      7400
 1501              	.LASF108:
 1502 00a4 53544449 		.ascii	"STDIO_GetChar\000"
 1502      4F5F4765 
 1502      74436861 
 1502      7200
 1503              	.LASF10:
 1504 00b2 73697A65 		.ascii	"sizetype\000"
 1504      74797065 
 1504      00
 1505              	.LASF47:
 1506 00bb 73617449 		.ascii	"satIntrMask\000"
 1506      6E74724D 
 1506      61736B00 
 1507              	.LASF39:
 1508 00c7 73616D70 		.ascii	"sampleCtrl\000"
 1508      6C654374 
 1508      726C00
 1509              	.LASF112:
 1510 00d2 63795F73 		.ascii	"cy_stc_scb_uart_context\000"
 1510      74635F73 
 1510      63625F75 
 1510      6172745F 
 1510      636F6E74 
ARM GAS  C:\Users\gjl\AppData\Local\Temp\ccFQ2smb.s 			page 31


 1511              	.LASF76:
 1512 00ea 63795F65 		.ascii	"cy_en_ctb_comp_level_t\000"
 1512      6E5F6374 
 1512      625F636F 
 1512      6D705F6C 
 1512      6576656C 
 1513              	.LASF109:
 1514 0101 474E5520 		.ascii	"GNU C11 5.4.1 20160609 (release) [ARM/embedded-5-br"
 1514      43313120 
 1514      352E342E 
 1514      31203230 
 1514      31363036 
 1515 0134 616E6368 		.ascii	"anch revision 237715] -mcpu=cortex-m0plus -mthumb -"
 1515      20726576 
 1515      6973696F 
 1515      6E203233 
 1515      37373135 
 1516 0167 67202D4F 		.ascii	"g -Og -ffunction-sections -ffat-lto-objects\000"
 1516      67202D66 
 1516      66756E63 
 1516      74696F6E 
 1516      2D736563 
 1517              	.LASF106:
 1518 0193 4F70616D 		.ascii	"Opamp_1_opampConfig\000"
 1518      705F315F 
 1518      6F70616D 
 1518      70436F6E 
 1518      66696700 
 1519              	.LASF105:
 1520 01a7 4F70616D 		.ascii	"Opamp_1_opampPower\000"
 1520      705F315F 
 1520      6F70616D 
 1520      70506F77 
 1520      657200
 1521              	.LASF12:
 1522 01ba 5F5F7569 		.ascii	"__uint32_t\000"
 1522      6E743332 
 1522      5F7400
 1523              	.LASF18:
 1524 01c5 74785374 		.ascii	"txStatus\000"
 1524      61747573 
 1524      00
 1525              	.LASF101:
 1526 01ce 6E436861 		.ascii	"nChars\000"
 1526      727300
 1527              	.LASF42:
 1528 01d5 72616E67 		.ascii	"rangeThres\000"
 1528      65546872 
 1528      657300
 1529              	.LASF26:
 1530 01e0 72784275 		.ascii	"rxBufIdx\000"
 1530      66496478 
 1530      00
 1531              	.LASF102:
 1532 01e9 55415254 		.ascii	"UART_1_context\000"
 1532      5F315F63 
 1532      6F6E7465 
ARM GAS  C:\Users\gjl\AppData\Local\Temp\ccFQ2smb.s 			page 32


 1532      787400
 1533              	.LASF43:
 1534 01f8 72616E67 		.ascii	"rangeCond\000"
 1534      65436F6E 
 1534      6400
 1535              	.LASF65:
 1536 0202 63795F65 		.ascii	"cy_en_ctb_mode_t\000"
 1536      6E5F6374 
 1536      625F6D6F 
 1536      64655F74 
 1536      00
 1537              	.LASF104:
 1538 0213 4144435F 		.ascii	"ADC_1_allConfigs\000"
 1538      315F616C 
 1538      6C436F6E 
 1538      66696773 
 1538      00
 1539              	.LASF78:
 1540 0224 43595F43 		.ascii	"CY_CTB_COMP_BYPASS_NO_SYNC\000"
 1540      54425F43 
 1540      4F4D505F 
 1540      42595041 
 1540      53535F4E 
 1541              	.LASF97:
 1542 023f 636C6B44 		.ascii	"clkDivider\000"
 1542      69766964 
 1542      657200
 1543              	.LASF83:
 1544 024a 64656570 		.ascii	"deepSleep\000"
 1544      536C6565 
 1544      7000
 1545              	.LASF64:
 1546 0254 43595F43 		.ascii	"CY_CTB_MODE_COMP\000"
 1546      54425F4D 
 1546      4F44455F 
 1546      434F4D50 
 1546      00
 1547              	.LASF87:
 1548 0265 6F61436F 		.ascii	"oaCompEdge\000"
 1548      6D704564 
 1548      676500
 1549              	.LASF99:
 1550 0270 5F777269 		.ascii	"_write\000"
 1550      746500
 1551              	.LASF62:
 1552 0277 43595F43 		.ascii	"CY_CTB_MODE_OPAMP1X\000"
 1552      54425F4D 
 1552      4F44455F 
 1552      4F50414D 
 1552      50315800 
 1553              	.LASF22:
 1554 028b 72785269 		.ascii	"rxRingBufHead\000"
 1554      6E674275 
 1554      66486561 
 1554      6400
 1555              	.LASF14:
 1556 0299 666C6F61 		.ascii	"float\000"
ARM GAS  C:\Users\gjl\AppData\Local\Temp\ccFQ2smb.s 			page 33


 1556      7400
 1557              	.LASF54:
 1558 029f 43595F43 		.ascii	"CY_CTB_DEEPSLEEP_DISABLE\000"
 1558      54425F44 
 1558      45455053 
 1558      4C454550 
 1558      5F444953 
 1559              	.LASF33:
 1560 02b8 43595F53 		.ascii	"CY_SAR_RANGE_COND_BELOW\000"
 1560      41525F52 
 1560      414E4745 
 1560      5F434F4E 
 1560      445F4245 
 1561              	.LASF6:
 1562 02d0 6C6F6E67 		.ascii	"long long int\000"
 1562      206C6F6E 
 1562      6720696E 
 1562      7400
 1563              	.LASF51:
 1564 02de 636F6E66 		.ascii	"configRouting\000"
 1564      6967526F 
 1564      7574696E 
 1564      6700
 1565              	.LASF32:
 1566 02ec 63795F73 		.ascii	"cy_stc_scb_uart_context_t\000"
 1566      74635F73 
 1566      63625F75 
 1566      6172745F 
 1566      636F6E74 
 1567              	.LASF45:
 1568 0306 6368616E 		.ascii	"chanConfig\000"
 1568      436F6E66 
 1568      696700
 1569              	.LASF90:
 1570 0311 6F61436F 		.ascii	"oaCompHyst\000"
 1570      6D704879 
 1570      737400
 1571              	.LASF66:
 1572 031c 43595F43 		.ascii	"CY_CTB_PUMP_DISABLE\000"
 1572      54425F50 
 1572      554D505F 
 1572      44495341 
 1572      424C4500 
 1573              	.LASF21:
 1574 0330 72785269 		.ascii	"rxRingBufSize\000"
 1574      6E674275 
 1574      6653697A 
 1574      6500
 1575              	.LASF38:
 1576 033e 6374726C 		.ascii	"ctrl\000"
 1576      00
 1577              	.LASF40:
 1578 0343 73616D70 		.ascii	"sampleTime01\000"
 1578      6C655469 
 1578      6D653031 
 1578      00
 1579              	.LASF88:
ARM GAS  C:\Users\gjl\AppData\Local\Temp\ccFQ2smb.s 			page 34


 1580 0350 6F61436F 		.ascii	"oaCompLevel\000"
 1580      6D704C65 
 1580      76656C00 
 1581              	.LASF103:
 1582 035c 4144435F 		.ascii	"ADC_1_currentConfig\000"
 1582      315F6375 
 1582      7272656E 
 1582      74436F6E 
 1582      66696700 
 1583              	.LASF70:
 1584 0370 43595F43 		.ascii	"CY_CTB_COMP_EDGE_RISING\000"
 1584      54425F43 
 1584      4F4D505F 
 1584      45444745 
 1584      5F524953 
 1585              	.LASF77:
 1586 0388 43595F43 		.ascii	"CY_CTB_COMP_BYPASS_SYNC\000"
 1586      54425F43 
 1586      4F4D505F 
 1586      42595041 
 1586      53535F53 
 1587              	.LASF9:
 1588 03a0 6C6F6E67 		.ascii	"long double\000"
 1588      20646F75 
 1588      626C6500 
 1589              	.LASF19:
 1590 03ac 72785374 		.ascii	"rxStatus\000"
 1590      61747573 
 1590      00
 1591              	.LASF1:
 1592 03b5 756E7369 		.ascii	"unsigned char\000"
 1592      676E6564 
 1592      20636861 
 1592      7200
 1593              	.LASF81:
 1594 03c3 43595F43 		.ascii	"CY_CTB_COMP_HYST_10MV\000"
 1594      54425F43 
 1594      4F4D505F 
 1594      48595354 
 1594      5F31304D 
 1595              	.LASF63:
 1596 03d9 43595F43 		.ascii	"CY_CTB_MODE_OPAMP10X\000"
 1596      54425F4D 
 1596      4F44455F 
 1596      4F50414D 
 1596      50313058 
 1597              	.LASF100:
 1598 03ee 5F726561 		.ascii	"_read\000"
 1598      6400
 1599              	.LASF59:
 1600 03f4 43595F43 		.ascii	"CY_CTB_POWER_MEDIUM\000"
 1600      54425F50 
 1600      4F574552 
 1600      5F4D4544 
 1600      49554D00 
 1601              	.LASF98:
 1602 0408 4144435F 		.ascii	"ADC_1_CONFIG_STRUCT\000"
ARM GAS  C:\Users\gjl\AppData\Local\Temp\ccFQ2smb.s 			page 35


 1602      315F434F 
 1602      4E464947 
 1602      5F535452 
 1602      55435400 
 1603              	.LASF67:
 1604 041c 43595F43 		.ascii	"CY_CTB_PUMP_ENABLE\000"
 1604      54425F50 
 1604      554D505F 
 1604      454E4142 
 1604      4C4500
 1605              	.LASF75:
 1606 042f 43595F43 		.ascii	"CY_CTB_COMP_DSI_TRIGGER_OUT_LEVEL\000"
 1606      54425F43 
 1606      4F4D505F 
 1606      4453495F 
 1606      54524947 
 1607              	.LASF7:
 1608 0451 6C6F6E67 		.ascii	"long long unsigned int\000"
 1608      206C6F6E 
 1608      6720756E 
 1608      7369676E 
 1608      65642069 
 1609              	.LASF13:
 1610 0468 75696E74 		.ascii	"uint32_t\000"
 1610      33325F74 
 1610      00
 1611              	.LASF48:
 1612 0471 72616E67 		.ascii	"rangeIntrMask\000"
 1612      65496E74 
 1612      724D6173 
 1612      6B00
 1613              	.LASF50:
 1614 047f 6D757853 		.ascii	"muxSwitchSqCtrl\000"
 1614      77697463 
 1614      68537143 
 1614      74726C00 
 1615              	.LASF73:
 1616 048f 63795F65 		.ascii	"cy_en_ctb_comp_edge_t\000"
 1616      6E5F6374 
 1616      625F636F 
 1616      6D705F65 
 1616      6467655F 
 1617              	.LASF60:
 1618 04a5 43595F43 		.ascii	"CY_CTB_POWER_HIGH\000"
 1618      54425F50 
 1618      4F574552 
 1618      5F484947 
 1618      4800
 1619              	.LASF28:
 1620 04b7 74784275 		.ascii	"txBufSize\000"
 1620      6653697A 
 1620      6500
 1621              	.LASF3:
 1622 04c1 73686F72 		.ascii	"short unsigned int\000"
 1622      7420756E 
 1622      7369676E 
 1622      65642069 
ARM GAS  C:\Users\gjl\AppData\Local\Temp\ccFQ2smb.s 			page 36


 1622      6E7400
 1623              	.LASF24:
 1624 04d4 72784275 		.ascii	"rxBuf\000"
 1624      6600
 1625              	.LASF55:
 1626 04da 43595F43 		.ascii	"CY_CTB_DEEPSLEEP_ENABLE\000"
 1626      54425F44 
 1626      45455053 
 1626      4C454550 
 1626      5F454E41 
 1627              	.LASF96:
 1628 04f2 6D697363 		.ascii	"miscConfig\000"
 1628      436F6E66 
 1628      696700
 1629              	.LASF11:
 1630 04fd 63686172 		.ascii	"char\000"
 1630      00
 1631              	.LASF49:
 1632 0502 6D757853 		.ascii	"muxSwitch\000"
 1632      77697463 
 1632      6800
 1633              	.LASF30:
 1634 050c 63624576 		.ascii	"cbEvents\000"
 1634      656E7473 
 1634      00
 1635              	.LASF35:
 1636 0515 43595F53 		.ascii	"CY_SAR_RANGE_COND_ABOVE\000"
 1636      41525F52 
 1636      414E4745 
 1636      5F434F4E 
 1636      445F4142 
 1637              	.LASF79:
 1638 052d 63795F65 		.ascii	"cy_en_ctb_comp_bypass_t\000"
 1638      6E5F6374 
 1638      625F636F 
 1638      6D705F62 
 1638      79706173 
 1639              	.LASF16:
 1640 0545 5F426F6F 		.ascii	"_Bool\000"
 1640      6C00
 1641              	.LASF95:
 1642 054b 6877436F 		.ascii	"hwConfigStc\000"
 1642      6E666967 
 1642      53746300 
 1643              	.LASF20:
 1644 0557 72785269 		.ascii	"rxRingBuf\000"
 1644      6E674275 
 1644      6600
 1645              	.LASF71:
 1646 0561 43595F43 		.ascii	"CY_CTB_COMP_EDGE_FALLING\000"
 1646      54425F43 
 1646      4F4D505F 
 1646      45444745 
 1646      5F46414C 
 1647              	.LASF107:
 1648 057a 53544449 		.ascii	"STDIO_PutChar\000"
 1648      4F5F5075 
ARM GAS  C:\Users\gjl\AppData\Local\Temp\ccFQ2smb.s 			page 37


 1648      74436861 
 1648      7200
 1649              	.LASF68:
 1650 0588 63795F65 		.ascii	"cy_en_ctb_pump_t\000"
 1650      6E5F6374 
 1650      625F7075 
 1650      6D705F74 
 1650      00
 1651              	.LASF61:
 1652 0599 63795F65 		.ascii	"cy_en_ctb_power_t\000"
 1652      6E5F6374 
 1652      625F706F 
 1652      7765725F 
 1652      7400
 1653              	.LASF56:
 1654 05ab 63795F65 		.ascii	"cy_en_ctb_deep_sleep_t\000"
 1654      6E5F6374 
 1654      625F6465 
 1654      65705F73 
 1654      6C656570 
 1655              	.LASF5:
 1656 05c2 6C6F6E67 		.ascii	"long unsigned int\000"
 1656      20756E73 
 1656      69676E65 
 1656      6420696E 
 1656      7400
 1657              	.LASF15:
 1658 05d4 646F7562 		.ascii	"double\000"
 1658      6C6500
 1659              	.LASF89:
 1660 05db 6F61436F 		.ascii	"oaCompBypass\000"
 1660      6D704279 
 1660      70617373 
 1660      00
 1661              	.LASF80:
 1662 05e8 43595F43 		.ascii	"CY_CTB_COMP_HYST_DISABLE\000"
 1662      54425F43 
 1662      4F4D505F 
 1662      48595354 
 1662      5F444953 
 1663              	.LASF58:
 1664 0601 43595F43 		.ascii	"CY_CTB_POWER_LOW\000"
 1664      54425F50 
 1664      4F574552 
 1664      5F4C4F57 
 1664      00
 1665              	.LASF27:
 1666 0612 74784275 		.ascii	"txBuf\000"
 1666      6600
 1667              	.LASF86:
 1668 0618 6F615075 		.ascii	"oaPump\000"
 1668      6D7000
 1669              	.LASF92:
 1670 061f 63795F73 		.ascii	"cy_stc_ctb_opamp_config_t\000"
 1670      74635F63 
 1670      74625F6F 
 1670      70616D70 
ARM GAS  C:\Users\gjl\AppData\Local\Temp\ccFQ2smb.s 			page 38


 1670      5F636F6E 
 1671              	.LASF34:
 1672 0639 43595F53 		.ascii	"CY_SAR_RANGE_COND_INSIDE\000"
 1672      41525F52 
 1672      414E4745 
 1672      5F434F4E 
 1672      445F494E 
 1673              	.LASF31:
 1674 0652 696E6974 		.ascii	"initKey\000"
 1674      4B657900 
 1675              	.LASF53:
 1676 065a 63795F73 		.ascii	"cy_stc_sar_config_t\000"
 1676      74635F73 
 1676      61725F63 
 1676      6F6E6669 
 1676      675F7400 
 1677              	.LASF72:
 1678 066e 43595F43 		.ascii	"CY_CTB_COMP_EDGE_BOTH\000"
 1678      54425F43 
 1678      4F4D505F 
 1678      45444745 
 1678      5F424F54 
 1679              	.LASF111:
 1680 0684 433A5C47 		.ascii	"C:\\Git\\PSoC6-101-Videos\\Projects_ScreenCapture\\"
 1680      69745C50 
 1680      536F4336 
 1680      2D313031 
 1680      2D566964 
 1681 06b3 50536F43 		.ascii	"PSoC 6_101\\2-6-ADC_OPAMP_VREF.cydsn\000"
 1681      20365F31 
 1681      30315C32 
 1681      2D362D41 
 1681      44435F4F 
 1682              	.LASF44:
 1683 06d7 6368616E 		.ascii	"chanEn\000"
 1683      456E00
 1684              	.LASF52:
 1685 06de 76726566 		.ascii	"vrefMvValue\000"
 1685      4D765661 
 1685      6C756500 
 1686              	.LASF46:
 1687 06ea 696E7472 		.ascii	"intrMask\000"
 1687      4D61736B 
 1687      00
 1688              	.LASF41:
 1689 06f3 73616D70 		.ascii	"sampleTime23\000"
 1689      6C655469 
 1689      6D653233 
 1689      00
 1690              	.LASF4:
 1691 0700 6C6F6E67 		.ascii	"long int\000"
 1691      20696E74 
 1691      00
 1692              	.LASF29:
 1693 0709 74784C65 		.ascii	"txLeftToTransmit\000"
 1693      6674546F 
 1693      5472616E 
ARM GAS  C:\Users\gjl\AppData\Local\Temp\ccFQ2smb.s 			page 39


 1693      736D6974 
 1693      00
 1694              	.LASF74:
 1695 071a 43595F43 		.ascii	"CY_CTB_COMP_DSI_TRIGGER_OUT_PULSE\000"
 1695      54425F43 
 1695      4F4D505F 
 1695      4453495F 
 1695      54524947 
 1696              	.LASF8:
 1697 073c 756E7369 		.ascii	"unsigned int\000"
 1697      676E6564 
 1697      20696E74 
 1697      00
 1698              	.LASF69:
 1699 0749 43595F43 		.ascii	"CY_CTB_COMP_EDGE_DISABLE\000"
 1699      54425F43 
 1699      4F4D505F 
 1699      45444745 
 1699      5F444953 
 1700              	.LASF91:
 1701 0762 6F61436F 		.ascii	"oaCompIntrEn\000"
 1701      6D70496E 
 1701      7472456E 
 1701      00
 1702              	.LASF110:
 1703 076f 47656E65 		.ascii	"Generated_Source\\PSoC6\\pdl\\utilities\\retarget_i"
 1703      72617465 
 1703      645F536F 
 1703      75726365 
 1703      5C50536F 
 1704 079e 6F5C7265 		.ascii	"o\\retarget.c\000"
 1704      74617267 
 1704      65742E63 
 1704      00
 1705              	.LASF57:
 1706 07ab 43595F43 		.ascii	"CY_CTB_POWER_OFF\000"
 1706      54425F50 
 1706      4F574552 
 1706      5F4F4646 
 1706      00
 1707              	.LASF37:
 1708 07bc 63795F65 		.ascii	"cy_en_sar_range_detect_condition_t\000"
 1708      6E5F7361 
 1708      725F7261 
 1708      6E67655F 
 1708      64657465 
 1709              		.ident	"GCC: (GNU Tools for ARM Embedded Processors) 5.4.1 20160609 (release) [ARM/embedded-5-bran
