ARM GAS  C:\Users\gjl\AppData\Local\Temp\ccH7MSVz.s 			page 1


   1              		.syntax unified
   2              		.cpu cortex-m0plus
   3              		.fpu softvfp
   4              		.eabi_attribute 20, 1
   5              		.eabi_attribute 21, 1
   6              		.eabi_attribute 23, 3
   7              		.eabi_attribute 24, 1
   8              		.eabi_attribute 25, 1
   9              		.eabi_attribute 26, 1
  10              		.eabi_attribute 30, 1
  11              		.eabi_attribute 34, 0
  12              		.eabi_attribute 18, 4
  13              		.thumb
  14              		.syntax unified
  15              		.file	"main_cm0p.c"
  16              		.text
  17              	.Ltext0:
  18              		.cfi_sections	.debug_frame
  19              		.section	.text.main,"ax",%progbits
  20              		.align	2
  21              		.global	main
  22              		.code	16
  23              		.thumb_func
  24              		.type	main, %function
  25              	main:
  26              	.LFB306:
  27              		.file 1 "main_cm0p.c"
   1:main_cm0p.c   **** /* ========================================
   2:main_cm0p.c   ****  *
   3:main_cm0p.c   ****  * Copyright YOUR COMPANY, THE YEAR
   4:main_cm0p.c   ****  * All Rights Reserved
   5:main_cm0p.c   ****  * UNPUBLISHED, LICENSED SOFTWARE.
   6:main_cm0p.c   ****  *
   7:main_cm0p.c   ****  * CONFIDENTIAL AND PROPRIETARY INFORMATION
   8:main_cm0p.c   ****  * WHICH IS THE PROPERTY OF your company.
   9:main_cm0p.c   ****  *
  10:main_cm0p.c   ****  * ========================================
  11:main_cm0p.c   **** */
  12:main_cm0p.c   **** #include "project.h"
  13:main_cm0p.c   **** 
  14:main_cm0p.c   **** int main(void)
  15:main_cm0p.c   **** {
  28              		.loc 1 15 0
  29              		.cfi_startproc
  30              		@ Volatile: function does not return.
  31              		@ args = 0, pretend = 0, frame = 0
  32              		@ frame_needed = 0, uses_anonymous_args = 0
  33 0000 10B5     		push	{r4, lr}
  34              		.cfi_def_cfa_offset 8
  35              		.cfi_offset 4, -8
  36              		.cfi_offset 14, -4
  37              	.LBB4:
  38              	.LBB5:
  39              		.file 2 "Generated_Source\\PSoC6\\pdl\\cmsis/include/cmsis_gcc.h"
   1:Generated_Source\PSoC6\pdl\cmsis/include/cmsis_gcc.h **** /**************************************************************************//**
   2:Generated_Source\PSoC6\pdl\cmsis/include/cmsis_gcc.h ****  * @file     cmsis_gcc.h
   3:Generated_Source\PSoC6\pdl\cmsis/include/cmsis_gcc.h ****  * @brief    CMSIS compiler GCC header file
ARM GAS  C:\Users\gjl\AppData\Local\Temp\ccH7MSVz.s 			page 2


   4:Generated_Source\PSoC6\pdl\cmsis/include/cmsis_gcc.h ****  * @version  V5.0.1
   5:Generated_Source\PSoC6\pdl\cmsis/include/cmsis_gcc.h ****  * @date     02. February 2017
   6:Generated_Source\PSoC6\pdl\cmsis/include/cmsis_gcc.h ****  ******************************************************************************/
   7:Generated_Source\PSoC6\pdl\cmsis/include/cmsis_gcc.h **** /*
   8:Generated_Source\PSoC6\pdl\cmsis/include/cmsis_gcc.h ****  * Copyright (c) 2009-2017 ARM Limited. All rights reserved.
   9:Generated_Source\PSoC6\pdl\cmsis/include/cmsis_gcc.h ****  *
  10:Generated_Source\PSoC6\pdl\cmsis/include/cmsis_gcc.h ****  * SPDX-License-Identifier: Apache-2.0
  11:Generated_Source\PSoC6\pdl\cmsis/include/cmsis_gcc.h ****  *
  12:Generated_Source\PSoC6\pdl\cmsis/include/cmsis_gcc.h ****  * Licensed under the Apache License, Version 2.0 (the License); you may
  13:Generated_Source\PSoC6\pdl\cmsis/include/cmsis_gcc.h ****  * not use this file except in compliance with the License.
  14:Generated_Source\PSoC6\pdl\cmsis/include/cmsis_gcc.h ****  * You may obtain a copy of the License at
  15:Generated_Source\PSoC6\pdl\cmsis/include/cmsis_gcc.h ****  *
  16:Generated_Source\PSoC6\pdl\cmsis/include/cmsis_gcc.h ****  * www.apache.org/licenses/LICENSE-2.0
  17:Generated_Source\PSoC6\pdl\cmsis/include/cmsis_gcc.h ****  *
  18:Generated_Source\PSoC6\pdl\cmsis/include/cmsis_gcc.h ****  * Unless required by applicable law or agreed to in writing, software
  19:Generated_Source\PSoC6\pdl\cmsis/include/cmsis_gcc.h ****  * distributed under the License is distributed on an AS IS BASIS, WITHOUT
  20:Generated_Source\PSoC6\pdl\cmsis/include/cmsis_gcc.h ****  * WARRANTIES OR CONDITIONS OF ANY KIND, either express or implied.
  21:Generated_Source\PSoC6\pdl\cmsis/include/cmsis_gcc.h ****  * See the License for the specific language governing permissions and
  22:Generated_Source\PSoC6\pdl\cmsis/include/cmsis_gcc.h ****  * limitations under the License.
  23:Generated_Source\PSoC6\pdl\cmsis/include/cmsis_gcc.h ****  */
  24:Generated_Source\PSoC6\pdl\cmsis/include/cmsis_gcc.h **** 
  25:Generated_Source\PSoC6\pdl\cmsis/include/cmsis_gcc.h **** #ifndef __CMSIS_GCC_H
  26:Generated_Source\PSoC6\pdl\cmsis/include/cmsis_gcc.h **** #define __CMSIS_GCC_H
  27:Generated_Source\PSoC6\pdl\cmsis/include/cmsis_gcc.h **** 
  28:Generated_Source\PSoC6\pdl\cmsis/include/cmsis_gcc.h **** /* ignore some GCC warnings */
  29:Generated_Source\PSoC6\pdl\cmsis/include/cmsis_gcc.h **** #pragma GCC diagnostic push
  30:Generated_Source\PSoC6\pdl\cmsis/include/cmsis_gcc.h **** #pragma GCC diagnostic ignored "-Wsign-conversion"
  31:Generated_Source\PSoC6\pdl\cmsis/include/cmsis_gcc.h **** #pragma GCC diagnostic ignored "-Wconversion"
  32:Generated_Source\PSoC6\pdl\cmsis/include/cmsis_gcc.h **** #pragma GCC diagnostic ignored "-Wunused-parameter"
  33:Generated_Source\PSoC6\pdl\cmsis/include/cmsis_gcc.h **** 
  34:Generated_Source\PSoC6\pdl\cmsis/include/cmsis_gcc.h **** /* CMSIS compiler specific defines */
  35:Generated_Source\PSoC6\pdl\cmsis/include/cmsis_gcc.h **** #ifndef   __ASM
  36:Generated_Source\PSoC6\pdl\cmsis/include/cmsis_gcc.h ****   #define __ASM                     __asm
  37:Generated_Source\PSoC6\pdl\cmsis/include/cmsis_gcc.h **** #endif
  38:Generated_Source\PSoC6\pdl\cmsis/include/cmsis_gcc.h **** #ifndef   __INLINE
  39:Generated_Source\PSoC6\pdl\cmsis/include/cmsis_gcc.h ****   #define __INLINE                  inline
  40:Generated_Source\PSoC6\pdl\cmsis/include/cmsis_gcc.h **** #endif
  41:Generated_Source\PSoC6\pdl\cmsis/include/cmsis_gcc.h **** #ifndef   __STATIC_INLINE
  42:Generated_Source\PSoC6\pdl\cmsis/include/cmsis_gcc.h ****   #define __STATIC_INLINE           static inline
  43:Generated_Source\PSoC6\pdl\cmsis/include/cmsis_gcc.h **** #endif
  44:Generated_Source\PSoC6\pdl\cmsis/include/cmsis_gcc.h **** #ifndef   __NO_RETURN
  45:Generated_Source\PSoC6\pdl\cmsis/include/cmsis_gcc.h ****   #define __NO_RETURN               __attribute__((noreturn))
  46:Generated_Source\PSoC6\pdl\cmsis/include/cmsis_gcc.h **** #endif
  47:Generated_Source\PSoC6\pdl\cmsis/include/cmsis_gcc.h **** #ifndef   __USED
  48:Generated_Source\PSoC6\pdl\cmsis/include/cmsis_gcc.h ****   #define __USED                    __attribute__((used))
  49:Generated_Source\PSoC6\pdl\cmsis/include/cmsis_gcc.h **** #endif
  50:Generated_Source\PSoC6\pdl\cmsis/include/cmsis_gcc.h **** #ifndef   __WEAK
  51:Generated_Source\PSoC6\pdl\cmsis/include/cmsis_gcc.h ****   #define __WEAK                    __attribute__((weak))
  52:Generated_Source\PSoC6\pdl\cmsis/include/cmsis_gcc.h **** #endif
  53:Generated_Source\PSoC6\pdl\cmsis/include/cmsis_gcc.h **** #ifndef   __UNALIGNED_UINT32
  54:Generated_Source\PSoC6\pdl\cmsis/include/cmsis_gcc.h **** #pragma GCC diagnostic push
  55:Generated_Source\PSoC6\pdl\cmsis/include/cmsis_gcc.h **** #pragma GCC diagnostic ignored "-Wpacked"
  56:Generated_Source\PSoC6\pdl\cmsis/include/cmsis_gcc.h **** #pragma GCC diagnostic ignored "-Wattributes"
  57:Generated_Source\PSoC6\pdl\cmsis/include/cmsis_gcc.h ****   struct __attribute__((packed)) T_UINT32 { uint32_t v; };
  58:Generated_Source\PSoC6\pdl\cmsis/include/cmsis_gcc.h **** #pragma GCC diagnostic pop
  59:Generated_Source\PSoC6\pdl\cmsis/include/cmsis_gcc.h ****   #define __UNALIGNED_UINT32(x)     (((struct T_UINT32 *)(x))->v)
  60:Generated_Source\PSoC6\pdl\cmsis/include/cmsis_gcc.h **** #endif
ARM GAS  C:\Users\gjl\AppData\Local\Temp\ccH7MSVz.s 			page 3


  61:Generated_Source\PSoC6\pdl\cmsis/include/cmsis_gcc.h **** #ifndef   __ALIGNED
  62:Generated_Source\PSoC6\pdl\cmsis/include/cmsis_gcc.h ****   #define __ALIGNED(x)              __attribute__((aligned(x)))
  63:Generated_Source\PSoC6\pdl\cmsis/include/cmsis_gcc.h **** #endif
  64:Generated_Source\PSoC6\pdl\cmsis/include/cmsis_gcc.h **** #ifndef   __PACKED
  65:Generated_Source\PSoC6\pdl\cmsis/include/cmsis_gcc.h ****   #define __PACKED                  __attribute__((packed, aligned(1)))
  66:Generated_Source\PSoC6\pdl\cmsis/include/cmsis_gcc.h **** #endif
  67:Generated_Source\PSoC6\pdl\cmsis/include/cmsis_gcc.h **** #ifndef   __PACKED_STRUCT
  68:Generated_Source\PSoC6\pdl\cmsis/include/cmsis_gcc.h ****   #define __PACKED_STRUCT           struct __attribute__((packed, aligned(1)))
  69:Generated_Source\PSoC6\pdl\cmsis/include/cmsis_gcc.h **** #endif
  70:Generated_Source\PSoC6\pdl\cmsis/include/cmsis_gcc.h **** 
  71:Generated_Source\PSoC6\pdl\cmsis/include/cmsis_gcc.h **** 
  72:Generated_Source\PSoC6\pdl\cmsis/include/cmsis_gcc.h **** /* ###########################  Core Function Access  ########################### */
  73:Generated_Source\PSoC6\pdl\cmsis/include/cmsis_gcc.h **** /** \ingroup  CMSIS_Core_FunctionInterface
  74:Generated_Source\PSoC6\pdl\cmsis/include/cmsis_gcc.h ****     \defgroup CMSIS_Core_RegAccFunctions CMSIS Core Register Access Functions
  75:Generated_Source\PSoC6\pdl\cmsis/include/cmsis_gcc.h ****   @{
  76:Generated_Source\PSoC6\pdl\cmsis/include/cmsis_gcc.h ****  */
  77:Generated_Source\PSoC6\pdl\cmsis/include/cmsis_gcc.h **** 
  78:Generated_Source\PSoC6\pdl\cmsis/include/cmsis_gcc.h **** /**
  79:Generated_Source\PSoC6\pdl\cmsis/include/cmsis_gcc.h ****   \brief   Enable IRQ Interrupts
  80:Generated_Source\PSoC6\pdl\cmsis/include/cmsis_gcc.h ****   \details Enables IRQ interrupts by clearing the I-bit in the CPSR.
  81:Generated_Source\PSoC6\pdl\cmsis/include/cmsis_gcc.h ****            Can only be executed in Privileged modes.
  82:Generated_Source\PSoC6\pdl\cmsis/include/cmsis_gcc.h ****  */
  83:Generated_Source\PSoC6\pdl\cmsis/include/cmsis_gcc.h **** __attribute__((always_inline)) __STATIC_INLINE void __enable_irq(void)
  84:Generated_Source\PSoC6\pdl\cmsis/include/cmsis_gcc.h **** {
  85:Generated_Source\PSoC6\pdl\cmsis/include/cmsis_gcc.h ****   __ASM volatile ("cpsie i" : : : "memory");
  40              		.loc 2 85 0
  41              		.syntax divided
  42              	@ 85 "Generated_Source\PSoC6\pdl\cmsis/include/cmsis_gcc.h" 1
  43 0002 62B6     		cpsie i
  44              	@ 0 "" 2
  45              		.thumb
  46              		.syntax unified
  47              	.LBE5:
  48              	.LBE4:
  16:main_cm0p.c   ****     __enable_irq(); /* Enable global interrupts. */
  17:main_cm0p.c   ****     /* Enable CM4.  CY_CORTEX_M4_APPL_ADDR must be updated if CM4 memory layout is changed. */
  18:main_cm0p.c   ****     //Cy_SysEnableCM4(CY_CORTEX_M4_APPL_ADDR); 
  19:main_cm0p.c   ****     PWM_Start();
  49              		.loc 1 19 0
  50 0004 FFF7FEFF 		bl	PWM_Start
  51              	.LVL0:
  52              	.L2:
  20:main_cm0p.c   ****     
  21:main_cm0p.c   **** 
  22:main_cm0p.c   ****     /* Place your initialization/startup code here (e.g. MyInst_Start()) */
  23:main_cm0p.c   **** 
  24:main_cm0p.c   ****     for(;;)
  25:main_cm0p.c   ****     {
  26:main_cm0p.c   ****         Cy_SysPm_Sleep(CY_SYSPM_WAIT_FOR_INTERRUPT );
  53              		.loc 1 26 0 discriminator 1
  54 0008 0020     		movs	r0, #0
  55 000a FFF7FEFF 		bl	Cy_SysPm_Sleep
  56              	.LVL1:
  57 000e FBE7     		b	.L2
  58              		.cfi_endproc
  59              	.LFE306:
  60              		.size	main, .-main
ARM GAS  C:\Users\gjl\AppData\Local\Temp\ccH7MSVz.s 			page 4


  61              		.text
  62              	.Letext0:
  63              		.file 3 "c:\\program files (x86)\\cypress\\psoc creator\\4.2\\psoc creator\\import\\gnu\\arm\\5.4.
  64              		.file 4 "c:\\program files (x86)\\cypress\\psoc creator\\4.2\\psoc creator\\import\\gnu\\arm\\5.4.
  65              		.file 5 "Generated_Source\\PSoC6\\pdl\\drivers/peripheral/tcpwm/cy_tcpwm_pwm.h"
  66              		.file 6 "Generated_Source\\PSoC6/PWM.h"
  67              		.file 7 "Generated_Source\\PSoC6\\pdl\\drivers/peripheral/syspm/cy_syspm.h"
  68              		.section	.debug_info,"",%progbits
  69              	.Ldebug_info0:
  70 0000 76020000 		.4byte	0x276
  71 0004 0400     		.2byte	0x4
  72 0006 00000000 		.4byte	.Ldebug_abbrev0
  73 000a 04       		.byte	0x4
  74 000b 01       		.uleb128 0x1
  75 000c CB020000 		.4byte	.LASF47
  76 0010 0C       		.byte	0xc
  77 0011 85010000 		.4byte	.LASF48
  78 0015 B4000000 		.4byte	.LASF49
  79 0019 00000000 		.4byte	.Ldebug_ranges0+0
  80 001d 00000000 		.4byte	0
  81 0021 00000000 		.4byte	.Ldebug_line0
  82 0025 02       		.uleb128 0x2
  83 0026 02       		.byte	0x2
  84 0027 05       		.byte	0x5
  85 0028 59020000 		.4byte	.LASF0
  86 002c 02       		.uleb128 0x2
  87 002d 01       		.byte	0x1
  88 002e 08       		.byte	0x8
  89 002f 2B010000 		.4byte	.LASF1
  90 0033 02       		.uleb128 0x2
  91 0034 01       		.byte	0x1
  92 0035 06       		.byte	0x6
  93 0036 5D030000 		.4byte	.LASF2
  94 003a 02       		.uleb128 0x2
  95 003b 02       		.byte	0x2
  96 003c 07       		.byte	0x7
  97 003d 5A010000 		.4byte	.LASF3
  98 0041 02       		.uleb128 0x2
  99 0042 04       		.byte	0x4
 100 0043 05       		.byte	0x5
 101 0044 90020000 		.4byte	.LASF4
 102 0048 03       		.uleb128 0x3
 103 0049 91010000 		.4byte	.LASF9
 104 004d 03       		.byte	0x3
 105 004e 41       		.byte	0x41
 106 004f 53000000 		.4byte	0x53
 107 0053 02       		.uleb128 0x2
 108 0054 04       		.byte	0x4
 109 0055 07       		.byte	0x7
 110 0056 48010000 		.4byte	.LASF5
 111 005a 02       		.uleb128 0x2
 112 005b 08       		.byte	0x8
 113 005c 05       		.byte	0x5
 114 005d 36020000 		.4byte	.LASF6
 115 0061 02       		.uleb128 0x2
 116 0062 08       		.byte	0x8
 117 0063 07       		.byte	0x7
ARM GAS  C:\Users\gjl\AppData\Local\Temp\ccH7MSVz.s 			page 5


 118 0064 FE010000 		.4byte	.LASF7
 119 0068 04       		.uleb128 0x4
 120 0069 04       		.byte	0x4
 121 006a 05       		.byte	0x5
 122 006b 696E7400 		.ascii	"int\000"
 123 006f 02       		.uleb128 0x2
 124 0070 04       		.byte	0x4
 125 0071 07       		.byte	0x7
 126 0072 E4010000 		.4byte	.LASF8
 127 0076 03       		.uleb128 0x3
 128 0077 87020000 		.4byte	.LASF10
 129 007b 04       		.byte	0x4
 130 007c 30       		.byte	0x30
 131 007d 48000000 		.4byte	0x48
 132 0081 02       		.uleb128 0x2
 133 0082 04       		.byte	0x4
 134 0083 07       		.byte	0x7
 135 0084 2D020000 		.4byte	.LASF11
 136 0088 02       		.uleb128 0x2
 137 0089 08       		.byte	0x8
 138 008a 04       		.byte	0x4
 139 008b BF020000 		.4byte	.LASF12
 140 008f 02       		.uleb128 0x2
 141 0090 01       		.byte	0x1
 142 0091 08       		.byte	0x8
 143 0092 44020000 		.4byte	.LASF13
 144 0096 02       		.uleb128 0x2
 145 0097 04       		.byte	0x4
 146 0098 04       		.byte	0x4
 147 0099 F9000000 		.4byte	.LASF14
 148 009d 02       		.uleb128 0x2
 149 009e 08       		.byte	0x8
 150 009f 04       		.byte	0x4
 151 00a0 C5010000 		.4byte	.LASF15
 152 00a4 05       		.uleb128 0x5
 153 00a5 01       		.byte	0x1
 154 00a6 2C000000 		.4byte	0x2c
 155 00aa 07       		.byte	0x7
 156 00ab A503     		.2byte	0x3a5
 157 00ad BE000000 		.4byte	0xbe
 158 00b1 06       		.uleb128 0x6
 159 00b2 5F000000 		.4byte	.LASF16
 160 00b6 00       		.byte	0
 161 00b7 06       		.uleb128 0x6
 162 00b8 A7020000 		.4byte	.LASF17
 163 00bc 01       		.byte	0x1
 164 00bd 00       		.byte	0
 165 00be 02       		.uleb128 0x2
 166 00bf 01       		.byte	0x1
 167 00c0 02       		.byte	0x2
 168 00c1 73030000 		.4byte	.LASF18
 169 00c5 07       		.uleb128 0x7
 170 00c6 9C000000 		.4byte	.LASF50
 171 00ca 64       		.byte	0x64
 172 00cb 05       		.byte	0x5
 173 00cc 2B       		.byte	0x2b
 174 00cd FE010000 		.4byte	0x1fe
ARM GAS  C:\Users\gjl\AppData\Local\Temp\ccH7MSVz.s 			page 6


 175 00d1 08       		.uleb128 0x8
 176 00d2 15020000 		.4byte	.LASF19
 177 00d6 05       		.byte	0x5
 178 00d7 2D       		.byte	0x2d
 179 00d8 76000000 		.4byte	0x76
 180 00dc 00       		.byte	0
 181 00dd 08       		.uleb128 0x8
 182 00de 8D000000 		.4byte	.LASF20
 183 00e2 05       		.byte	0x5
 184 00e3 2F       		.byte	0x2f
 185 00e4 76000000 		.4byte	0x76
 186 00e8 04       		.byte	0x4
 187 00e9 08       		.uleb128 0x8
 188 00ea F1010000 		.4byte	.LASF21
 189 00ee 05       		.byte	0x5
 190 00ef 30       		.byte	0x30
 191 00f0 76000000 		.4byte	0x76
 192 00f4 08       		.byte	0x8
 193 00f5 08       		.uleb128 0x8
 194 00f6 39010000 		.4byte	.LASF22
 195 00fa 05       		.byte	0x5
 196 00fb 31       		.byte	0x31
 197 00fc 76000000 		.4byte	0x76
 198 0100 0C       		.byte	0xc
 199 0101 08       		.uleb128 0x8
 200 0102 D1010000 		.4byte	.LASF23
 201 0106 05       		.byte	0x5
 202 0107 32       		.byte	0x32
 203 0108 76000000 		.4byte	0x76
 204 010c 10       		.byte	0x10
 205 010d 08       		.uleb128 0x8
 206 010e 1D020000 		.4byte	.LASF24
 207 0112 05       		.byte	0x5
 208 0113 33       		.byte	0x33
 209 0114 76000000 		.4byte	0x76
 210 0118 14       		.byte	0x14
 211 0119 08       		.uleb128 0x8
 212 011a 25020000 		.4byte	.LASF25
 213 011e 05       		.byte	0x5
 214 011f 34       		.byte	0x34
 215 0120 76000000 		.4byte	0x76
 216 0124 18       		.byte	0x18
 217 0125 08       		.uleb128 0x8
 218 0126 9C010000 		.4byte	.LASF26
 219 012a 05       		.byte	0x5
 220 012b 35       		.byte	0x35
 221 012c BE000000 		.4byte	0xbe
 222 0130 1C       		.byte	0x1c
 223 0131 08       		.uleb128 0x8
 224 0132 7B000000 		.4byte	.LASF27
 225 0136 05       		.byte	0x5
 226 0137 36       		.byte	0x36
 227 0138 76000000 		.4byte	0x76
 228 013c 20       		.byte	0x20
 229 013d 08       		.uleb128 0x8
 230 013e 84000000 		.4byte	.LASF28
 231 0142 05       		.byte	0x5
ARM GAS  C:\Users\gjl\AppData\Local\Temp\ccH7MSVz.s 			page 7


 232 0143 37       		.byte	0x37
 233 0144 76000000 		.4byte	0x76
 234 0148 24       		.byte	0x24
 235 0149 08       		.uleb128 0x8
 236 014a FF000000 		.4byte	.LASF29
 237 014e 05       		.byte	0x5
 238 014f 38       		.byte	0x38
 239 0150 BE000000 		.4byte	0xbe
 240 0154 28       		.byte	0x28
 241 0155 08       		.uleb128 0x8
 242 0156 18000000 		.4byte	.LASF30
 243 015a 05       		.byte	0x5
 244 015b 3A       		.byte	0x3a
 245 015c 76000000 		.4byte	0x76
 246 0160 2C       		.byte	0x2c
 247 0161 08       		.uleb128 0x8
 248 0162 29000000 		.4byte	.LASF31
 249 0166 05       		.byte	0x5
 250 0167 3B       		.byte	0x3b
 251 0168 76000000 		.4byte	0x76
 252 016c 30       		.byte	0x30
 253 016d 08       		.uleb128 0x8
 254 016e 99020000 		.4byte	.LASF32
 255 0172 05       		.byte	0x5
 256 0173 3C       		.byte	0x3c
 257 0174 76000000 		.4byte	0x76
 258 0178 34       		.byte	0x34
 259 0179 08       		.uleb128 0x8
 260 017a 0F000000 		.4byte	.LASF33
 261 017e 05       		.byte	0x5
 262 017f 3D       		.byte	0x3d
 263 0180 76000000 		.4byte	0x76
 264 0184 38       		.byte	0x38
 265 0185 08       		.uleb128 0x8
 266 0186 79020000 		.4byte	.LASF34
 267 018a 05       		.byte	0x5
 268 018b 3E       		.byte	0x3e
 269 018c 76000000 		.4byte	0x76
 270 0190 3C       		.byte	0x3c
 271 0191 08       		.uleb128 0x8
 272 0192 6D010000 		.4byte	.LASF35
 273 0196 05       		.byte	0x5
 274 0197 40       		.byte	0x40
 275 0198 76000000 		.4byte	0x76
 276 019c 40       		.byte	0x40
 277 019d 08       		.uleb128 0x8
 278 019e 49020000 		.4byte	.LASF36
 279 01a2 05       		.byte	0x5
 280 01a3 41       		.byte	0x41
 281 01a4 76000000 		.4byte	0x76
 282 01a8 44       		.byte	0x44
 283 01a9 08       		.uleb128 0x8
 284 01aa 6D020000 		.4byte	.LASF37
 285 01ae 05       		.byte	0x5
 286 01af 43       		.byte	0x43
 287 01b0 76000000 		.4byte	0x76
 288 01b4 48       		.byte	0x48
ARM GAS  C:\Users\gjl\AppData\Local\Temp\ccH7MSVz.s 			page 8


 289 01b5 08       		.uleb128 0x8
 290 01b6 50000000 		.4byte	.LASF38
 291 01ba 05       		.byte	0x5
 292 01bb 44       		.byte	0x44
 293 01bc 76000000 		.4byte	0x76
 294 01c0 4C       		.byte	0x4c
 295 01c1 08       		.uleb128 0x8
 296 01c2 AD010000 		.4byte	.LASF39
 297 01c6 05       		.byte	0x5
 298 01c7 46       		.byte	0x46
 299 01c8 76000000 		.4byte	0x76
 300 01cc 50       		.byte	0x50
 301 01cd 08       		.uleb128 0x8
 302 01ce 77010000 		.4byte	.LASF40
 303 01d2 05       		.byte	0x5
 304 01d3 47       		.byte	0x47
 305 01d4 76000000 		.4byte	0x76
 306 01d8 54       		.byte	0x54
 307 01d9 08       		.uleb128 0x8
 308 01da 69030000 		.4byte	.LASF41
 309 01de 05       		.byte	0x5
 310 01df 49       		.byte	0x49
 311 01e0 76000000 		.4byte	0x76
 312 01e4 58       		.byte	0x58
 313 01e5 08       		.uleb128 0x8
 314 01e6 36000000 		.4byte	.LASF42
 315 01ea 05       		.byte	0x5
 316 01eb 4A       		.byte	0x4a
 317 01ec 76000000 		.4byte	0x76
 318 01f0 5C       		.byte	0x5c
 319 01f1 08       		.uleb128 0x8
 320 01f2 D9010000 		.4byte	.LASF43
 321 01f6 05       		.byte	0x5
 322 01f7 4C       		.byte	0x4c
 323 01f8 76000000 		.4byte	0x76
 324 01fc 60       		.byte	0x60
 325 01fd 00       		.byte	0
 326 01fe 03       		.uleb128 0x3
 327 01ff 11010000 		.4byte	.LASF44
 328 0203 05       		.byte	0x5
 329 0204 4D       		.byte	0x4d
 330 0205 C5000000 		.4byte	0xc5
 331 0209 09       		.uleb128 0x9
 332 020a B8010000 		.4byte	.LASF51
 333 020e 02       		.byte	0x2
 334 020f 53       		.byte	0x53
 335 0210 03       		.byte	0x3
 336 0211 0A       		.uleb128 0xa
 337 0212 CC010000 		.4byte	.LASF52
 338 0216 01       		.byte	0x1
 339 0217 0E       		.byte	0xe
 340 0218 68000000 		.4byte	0x68
 341 021c 00000000 		.4byte	.LFB306
 342 0220 10000000 		.4byte	.LFE306-.LFB306
 343 0224 01       		.uleb128 0x1
 344 0225 9C       		.byte	0x9c
 345 0226 52020000 		.4byte	0x252
ARM GAS  C:\Users\gjl\AppData\Local\Temp\ccH7MSVz.s 			page 9


 346 022a 0B       		.uleb128 0xb
 347 022b 09020000 		.4byte	0x209
 348 022f 02000000 		.4byte	.LBB4
 349 0233 02000000 		.4byte	.LBE4-.LBB4
 350 0237 01       		.byte	0x1
 351 0238 10       		.byte	0x10
 352 0239 0C       		.uleb128 0xc
 353 023a 08000000 		.4byte	.LVL0
 354 023e 62020000 		.4byte	0x262
 355 0242 0D       		.uleb128 0xd
 356 0243 0E000000 		.4byte	.LVL1
 357 0247 6D020000 		.4byte	0x26d
 358 024b 0E       		.uleb128 0xe
 359 024c 01       		.uleb128 0x1
 360 024d 50       		.byte	0x50
 361 024e 01       		.uleb128 0x1
 362 024f 30       		.byte	0x30
 363 0250 00       		.byte	0
 364 0251 00       		.byte	0
 365 0252 0F       		.uleb128 0xf
 366 0253 45000000 		.4byte	.LASF53
 367 0257 06       		.byte	0x6
 368 0258 1F       		.byte	0x1f
 369 0259 5D020000 		.4byte	0x25d
 370 025d 10       		.uleb128 0x10
 371 025e FE010000 		.4byte	0x1fe
 372 0262 11       		.uleb128 0x11
 373 0263 63020000 		.4byte	.LASF45
 374 0267 63020000 		.4byte	.LASF45
 375 026b 06       		.byte	0x6
 376 026c 2A       		.byte	0x2a
 377 026d 12       		.uleb128 0x12
 378 026e 00000000 		.4byte	.LASF46
 379 0272 00000000 		.4byte	.LASF46
 380 0276 07       		.byte	0x7
 381 0277 C304     		.2byte	0x4c3
 382 0279 00       		.byte	0
 383              		.section	.debug_abbrev,"",%progbits
 384              	.Ldebug_abbrev0:
 385 0000 01       		.uleb128 0x1
 386 0001 11       		.uleb128 0x11
 387 0002 01       		.byte	0x1
 388 0003 25       		.uleb128 0x25
 389 0004 0E       		.uleb128 0xe
 390 0005 13       		.uleb128 0x13
 391 0006 0B       		.uleb128 0xb
 392 0007 03       		.uleb128 0x3
 393 0008 0E       		.uleb128 0xe
 394 0009 1B       		.uleb128 0x1b
 395 000a 0E       		.uleb128 0xe
 396 000b 55       		.uleb128 0x55
 397 000c 17       		.uleb128 0x17
 398 000d 11       		.uleb128 0x11
 399 000e 01       		.uleb128 0x1
 400 000f 10       		.uleb128 0x10
 401 0010 17       		.uleb128 0x17
 402 0011 00       		.byte	0
ARM GAS  C:\Users\gjl\AppData\Local\Temp\ccH7MSVz.s 			page 10


 403 0012 00       		.byte	0
 404 0013 02       		.uleb128 0x2
 405 0014 24       		.uleb128 0x24
 406 0015 00       		.byte	0
 407 0016 0B       		.uleb128 0xb
 408 0017 0B       		.uleb128 0xb
 409 0018 3E       		.uleb128 0x3e
 410 0019 0B       		.uleb128 0xb
 411 001a 03       		.uleb128 0x3
 412 001b 0E       		.uleb128 0xe
 413 001c 00       		.byte	0
 414 001d 00       		.byte	0
 415 001e 03       		.uleb128 0x3
 416 001f 16       		.uleb128 0x16
 417 0020 00       		.byte	0
 418 0021 03       		.uleb128 0x3
 419 0022 0E       		.uleb128 0xe
 420 0023 3A       		.uleb128 0x3a
 421 0024 0B       		.uleb128 0xb
 422 0025 3B       		.uleb128 0x3b
 423 0026 0B       		.uleb128 0xb
 424 0027 49       		.uleb128 0x49
 425 0028 13       		.uleb128 0x13
 426 0029 00       		.byte	0
 427 002a 00       		.byte	0
 428 002b 04       		.uleb128 0x4
 429 002c 24       		.uleb128 0x24
 430 002d 00       		.byte	0
 431 002e 0B       		.uleb128 0xb
 432 002f 0B       		.uleb128 0xb
 433 0030 3E       		.uleb128 0x3e
 434 0031 0B       		.uleb128 0xb
 435 0032 03       		.uleb128 0x3
 436 0033 08       		.uleb128 0x8
 437 0034 00       		.byte	0
 438 0035 00       		.byte	0
 439 0036 05       		.uleb128 0x5
 440 0037 04       		.uleb128 0x4
 441 0038 01       		.byte	0x1
 442 0039 0B       		.uleb128 0xb
 443 003a 0B       		.uleb128 0xb
 444 003b 49       		.uleb128 0x49
 445 003c 13       		.uleb128 0x13
 446 003d 3A       		.uleb128 0x3a
 447 003e 0B       		.uleb128 0xb
 448 003f 3B       		.uleb128 0x3b
 449 0040 05       		.uleb128 0x5
 450 0041 01       		.uleb128 0x1
 451 0042 13       		.uleb128 0x13
 452 0043 00       		.byte	0
 453 0044 00       		.byte	0
 454 0045 06       		.uleb128 0x6
 455 0046 28       		.uleb128 0x28
 456 0047 00       		.byte	0
 457 0048 03       		.uleb128 0x3
 458 0049 0E       		.uleb128 0xe
 459 004a 1C       		.uleb128 0x1c
ARM GAS  C:\Users\gjl\AppData\Local\Temp\ccH7MSVz.s 			page 11


 460 004b 0B       		.uleb128 0xb
 461 004c 00       		.byte	0
 462 004d 00       		.byte	0
 463 004e 07       		.uleb128 0x7
 464 004f 13       		.uleb128 0x13
 465 0050 01       		.byte	0x1
 466 0051 03       		.uleb128 0x3
 467 0052 0E       		.uleb128 0xe
 468 0053 0B       		.uleb128 0xb
 469 0054 0B       		.uleb128 0xb
 470 0055 3A       		.uleb128 0x3a
 471 0056 0B       		.uleb128 0xb
 472 0057 3B       		.uleb128 0x3b
 473 0058 0B       		.uleb128 0xb
 474 0059 01       		.uleb128 0x1
 475 005a 13       		.uleb128 0x13
 476 005b 00       		.byte	0
 477 005c 00       		.byte	0
 478 005d 08       		.uleb128 0x8
 479 005e 0D       		.uleb128 0xd
 480 005f 00       		.byte	0
 481 0060 03       		.uleb128 0x3
 482 0061 0E       		.uleb128 0xe
 483 0062 3A       		.uleb128 0x3a
 484 0063 0B       		.uleb128 0xb
 485 0064 3B       		.uleb128 0x3b
 486 0065 0B       		.uleb128 0xb
 487 0066 49       		.uleb128 0x49
 488 0067 13       		.uleb128 0x13
 489 0068 38       		.uleb128 0x38
 490 0069 0B       		.uleb128 0xb
 491 006a 00       		.byte	0
 492 006b 00       		.byte	0
 493 006c 09       		.uleb128 0x9
 494 006d 2E       		.uleb128 0x2e
 495 006e 00       		.byte	0
 496 006f 03       		.uleb128 0x3
 497 0070 0E       		.uleb128 0xe
 498 0071 3A       		.uleb128 0x3a
 499 0072 0B       		.uleb128 0xb
 500 0073 3B       		.uleb128 0x3b
 501 0074 0B       		.uleb128 0xb
 502 0075 27       		.uleb128 0x27
 503 0076 19       		.uleb128 0x19
 504 0077 20       		.uleb128 0x20
 505 0078 0B       		.uleb128 0xb
 506 0079 00       		.byte	0
 507 007a 00       		.byte	0
 508 007b 0A       		.uleb128 0xa
 509 007c 2E       		.uleb128 0x2e
 510 007d 01       		.byte	0x1
 511 007e 3F       		.uleb128 0x3f
 512 007f 19       		.uleb128 0x19
 513 0080 03       		.uleb128 0x3
 514 0081 0E       		.uleb128 0xe
 515 0082 3A       		.uleb128 0x3a
 516 0083 0B       		.uleb128 0xb
ARM GAS  C:\Users\gjl\AppData\Local\Temp\ccH7MSVz.s 			page 12


 517 0084 3B       		.uleb128 0x3b
 518 0085 0B       		.uleb128 0xb
 519 0086 27       		.uleb128 0x27
 520 0087 19       		.uleb128 0x19
 521 0088 49       		.uleb128 0x49
 522 0089 13       		.uleb128 0x13
 523 008a 8701     		.uleb128 0x87
 524 008c 19       		.uleb128 0x19
 525 008d 11       		.uleb128 0x11
 526 008e 01       		.uleb128 0x1
 527 008f 12       		.uleb128 0x12
 528 0090 06       		.uleb128 0x6
 529 0091 40       		.uleb128 0x40
 530 0092 18       		.uleb128 0x18
 531 0093 9742     		.uleb128 0x2117
 532 0095 19       		.uleb128 0x19
 533 0096 01       		.uleb128 0x1
 534 0097 13       		.uleb128 0x13
 535 0098 00       		.byte	0
 536 0099 00       		.byte	0
 537 009a 0B       		.uleb128 0xb
 538 009b 1D       		.uleb128 0x1d
 539 009c 00       		.byte	0
 540 009d 31       		.uleb128 0x31
 541 009e 13       		.uleb128 0x13
 542 009f 11       		.uleb128 0x11
 543 00a0 01       		.uleb128 0x1
 544 00a1 12       		.uleb128 0x12
 545 00a2 06       		.uleb128 0x6
 546 00a3 58       		.uleb128 0x58
 547 00a4 0B       		.uleb128 0xb
 548 00a5 59       		.uleb128 0x59
 549 00a6 0B       		.uleb128 0xb
 550 00a7 00       		.byte	0
 551 00a8 00       		.byte	0
 552 00a9 0C       		.uleb128 0xc
 553 00aa 898201   		.uleb128 0x4109
 554 00ad 00       		.byte	0
 555 00ae 11       		.uleb128 0x11
 556 00af 01       		.uleb128 0x1
 557 00b0 31       		.uleb128 0x31
 558 00b1 13       		.uleb128 0x13
 559 00b2 00       		.byte	0
 560 00b3 00       		.byte	0
 561 00b4 0D       		.uleb128 0xd
 562 00b5 898201   		.uleb128 0x4109
 563 00b8 01       		.byte	0x1
 564 00b9 11       		.uleb128 0x11
 565 00ba 01       		.uleb128 0x1
 566 00bb 31       		.uleb128 0x31
 567 00bc 13       		.uleb128 0x13
 568 00bd 00       		.byte	0
 569 00be 00       		.byte	0
 570 00bf 0E       		.uleb128 0xe
 571 00c0 8A8201   		.uleb128 0x410a
 572 00c3 00       		.byte	0
 573 00c4 02       		.uleb128 0x2
ARM GAS  C:\Users\gjl\AppData\Local\Temp\ccH7MSVz.s 			page 13


 574 00c5 18       		.uleb128 0x18
 575 00c6 9142     		.uleb128 0x2111
 576 00c8 18       		.uleb128 0x18
 577 00c9 00       		.byte	0
 578 00ca 00       		.byte	0
 579 00cb 0F       		.uleb128 0xf
 580 00cc 34       		.uleb128 0x34
 581 00cd 00       		.byte	0
 582 00ce 03       		.uleb128 0x3
 583 00cf 0E       		.uleb128 0xe
 584 00d0 3A       		.uleb128 0x3a
 585 00d1 0B       		.uleb128 0xb
 586 00d2 3B       		.uleb128 0x3b
 587 00d3 0B       		.uleb128 0xb
 588 00d4 49       		.uleb128 0x49
 589 00d5 13       		.uleb128 0x13
 590 00d6 3F       		.uleb128 0x3f
 591 00d7 19       		.uleb128 0x19
 592 00d8 3C       		.uleb128 0x3c
 593 00d9 19       		.uleb128 0x19
 594 00da 00       		.byte	0
 595 00db 00       		.byte	0
 596 00dc 10       		.uleb128 0x10
 597 00dd 26       		.uleb128 0x26
 598 00de 00       		.byte	0
 599 00df 49       		.uleb128 0x49
 600 00e0 13       		.uleb128 0x13
 601 00e1 00       		.byte	0
 602 00e2 00       		.byte	0
 603 00e3 11       		.uleb128 0x11
 604 00e4 2E       		.uleb128 0x2e
 605 00e5 00       		.byte	0
 606 00e6 3F       		.uleb128 0x3f
 607 00e7 19       		.uleb128 0x19
 608 00e8 3C       		.uleb128 0x3c
 609 00e9 19       		.uleb128 0x19
 610 00ea 6E       		.uleb128 0x6e
 611 00eb 0E       		.uleb128 0xe
 612 00ec 03       		.uleb128 0x3
 613 00ed 0E       		.uleb128 0xe
 614 00ee 3A       		.uleb128 0x3a
 615 00ef 0B       		.uleb128 0xb
 616 00f0 3B       		.uleb128 0x3b
 617 00f1 0B       		.uleb128 0xb
 618 00f2 00       		.byte	0
 619 00f3 00       		.byte	0
 620 00f4 12       		.uleb128 0x12
 621 00f5 2E       		.uleb128 0x2e
 622 00f6 00       		.byte	0
 623 00f7 3F       		.uleb128 0x3f
 624 00f8 19       		.uleb128 0x19
 625 00f9 3C       		.uleb128 0x3c
 626 00fa 19       		.uleb128 0x19
 627 00fb 6E       		.uleb128 0x6e
 628 00fc 0E       		.uleb128 0xe
 629 00fd 03       		.uleb128 0x3
 630 00fe 0E       		.uleb128 0xe
ARM GAS  C:\Users\gjl\AppData\Local\Temp\ccH7MSVz.s 			page 14


 631 00ff 3A       		.uleb128 0x3a
 632 0100 0B       		.uleb128 0xb
 633 0101 3B       		.uleb128 0x3b
 634 0102 05       		.uleb128 0x5
 635 0103 00       		.byte	0
 636 0104 00       		.byte	0
 637 0105 00       		.byte	0
 638              		.section	.debug_aranges,"",%progbits
 639 0000 1C000000 		.4byte	0x1c
 640 0004 0200     		.2byte	0x2
 641 0006 00000000 		.4byte	.Ldebug_info0
 642 000a 04       		.byte	0x4
 643 000b 00       		.byte	0
 644 000c 0000     		.2byte	0
 645 000e 0000     		.2byte	0
 646 0010 00000000 		.4byte	.LFB306
 647 0014 10000000 		.4byte	.LFE306-.LFB306
 648 0018 00000000 		.4byte	0
 649 001c 00000000 		.4byte	0
 650              		.section	.debug_ranges,"",%progbits
 651              	.Ldebug_ranges0:
 652 0000 00000000 		.4byte	.LFB306
 653 0004 10000000 		.4byte	.LFE306
 654 0008 00000000 		.4byte	0
 655 000c 00000000 		.4byte	0
 656              		.section	.debug_line,"",%progbits
 657              	.Ldebug_line0:
 658 0000 25020000 		.section	.debug_str,"MS",%progbits,1
 658      0200FF01 
 658      00000201 
 658      FB0E0D00 
 658      01010101 
 659              	.LASF46:
 660 0000 43795F53 		.ascii	"Cy_SysPm_Sleep\000"
 660      7973506D 
 660      5F536C65 
 660      657000
 661              	.LASF33:
 662 000f 6B696C6C 		.ascii	"killMode\000"
 662      4D6F6465 
 662      00
 663              	.LASF30:
 664 0018 696E7465 		.ascii	"interruptSources\000"
 664      72727570 
 664      74536F75 
 664      72636573 
 664      00
 665              	.LASF31:
 666 0029 696E7665 		.ascii	"invertPWMOut\000"
 666      72745057 
 666      4D4F7574 
 666      00
 667              	.LASF42:
 668 0036 636F756E 		.ascii	"countInputMode\000"
 668      74496E70 
 668      75744D6F 
 668      646500
ARM GAS  C:\Users\gjl\AppData\Local\Temp\ccH7MSVz.s 			page 15


 669              	.LASF53:
 670 0045 50574D5F 		.ascii	"PWM_config\000"
 670      636F6E66 
 670      696700
 671              	.LASF38:
 672 0050 73746172 		.ascii	"startInputMode\000"
 672      74496E70 
 672      75744D6F 
 672      646500
 673              	.LASF16:
 674 005f 43595F53 		.ascii	"CY_SYSPM_WAIT_FOR_INTERRUPT\000"
 674      5953504D 
 674      5F574149 
 674      545F464F 
 674      525F494E 
 675              	.LASF27:
 676 007b 636F6D70 		.ascii	"compare0\000"
 676      61726530 
 676      00
 677              	.LASF28:
 678 0084 636F6D70 		.ascii	"compare1\000"
 678      61726531 
 678      00
 679              	.LASF20:
 680 008d 636C6F63 		.ascii	"clockPrescaler\000"
 680      6B507265 
 680      7363616C 
 680      657200
 681              	.LASF50:
 682 009c 63795F73 		.ascii	"cy_stc_tcpwm_pwm_config\000"
 682      74635F74 
 682      6370776D 
 682      5F70776D 
 682      5F636F6E 
 683              	.LASF49:
 684 00b4 433A5C55 		.ascii	"C:\\Users\\gjl\\Documents\\PSoC Creator\\PSoC 6_101"
 684      73657273 
 684      5C676A6C 
 684      5C446F63 
 684      756D656E 
 685 00e2 5C48656C 		.ascii	"\\Hello World PWM.cydsn\000"
 685      6C6F2057 
 685      6F726C64 
 685      2050574D 
 685      2E637964 
 686              	.LASF14:
 687 00f9 666C6F61 		.ascii	"float\000"
 687      7400
 688              	.LASF29:
 689 00ff 656E6162 		.ascii	"enableCompareSwap\000"
 689      6C65436F 
 689      6D706172 
 689      65537761 
 689      7000
 690              	.LASF44:
 691 0111 63795F73 		.ascii	"cy_stc_tcpwm_pwm_config_t\000"
 691      74635F74 
ARM GAS  C:\Users\gjl\AppData\Local\Temp\ccH7MSVz.s 			page 16


 691      6370776D 
 691      5F70776D 
 691      5F636F6E 
 692              	.LASF1:
 693 012b 756E7369 		.ascii	"unsigned char\000"
 693      676E6564 
 693      20636861 
 693      7200
 694              	.LASF22:
 695 0139 64656164 		.ascii	"deadTimeClocks\000"
 695      54696D65 
 695      436C6F63 
 695      6B7300
 696              	.LASF5:
 697 0148 6C6F6E67 		.ascii	"long unsigned int\000"
 697      20756E73 
 697      69676E65 
 697      6420696E 
 697      7400
 698              	.LASF3:
 699 015a 73686F72 		.ascii	"short unsigned int\000"
 699      7420756E 
 699      7369676E 
 699      65642069 
 699      6E7400
 700              	.LASF35:
 701 016d 73776170 		.ascii	"swapInput\000"
 701      496E7075 
 701      7400
 702              	.LASF40:
 703 0177 6B696C6C 		.ascii	"killInputMode\000"
 703      496E7075 
 703      744D6F64 
 703      6500
 704              	.LASF48:
 705 0185 6D61696E 		.ascii	"main_cm0p.c\000"
 705      5F636D30 
 705      702E6300 
 706              	.LASF9:
 707 0191 5F5F7569 		.ascii	"__uint32_t\000"
 707      6E743332 
 707      5F7400
 708              	.LASF26:
 709 019c 656E6162 		.ascii	"enablePeriodSwap\000"
 709      6C655065 
 709      72696F64 
 709      53776170 
 709      00
 710              	.LASF39:
 711 01ad 73746172 		.ascii	"startInput\000"
 711      74496E70 
 711      757400
 712              	.LASF51:
 713 01b8 5F5F656E 		.ascii	"__enable_irq\000"
 713      61626C65 
 713      5F697271 
 713      00
ARM GAS  C:\Users\gjl\AppData\Local\Temp\ccH7MSVz.s 			page 17


 714              	.LASF15:
 715 01c5 646F7562 		.ascii	"double\000"
 715      6C6500
 716              	.LASF52:
 717 01cc 6D61696E 		.ascii	"main\000"
 717      00
 718              	.LASF23:
 719 01d1 72756E4D 		.ascii	"runMode\000"
 719      6F646500 
 720              	.LASF43:
 721 01d9 636F756E 		.ascii	"countInput\000"
 721      74496E70 
 721      757400
 722              	.LASF8:
 723 01e4 756E7369 		.ascii	"unsigned int\000"
 723      676E6564 
 723      20696E74 
 723      00
 724              	.LASF21:
 725 01f1 70776D41 		.ascii	"pwmAlignment\000"
 725      6C69676E 
 725      6D656E74 
 725      00
 726              	.LASF7:
 727 01fe 6C6F6E67 		.ascii	"long long unsigned int\000"
 727      206C6F6E 
 727      6720756E 
 727      7369676E 
 727      65642069 
 728              	.LASF19:
 729 0215 70776D4D 		.ascii	"pwmMode\000"
 729      6F646500 
 730              	.LASF24:
 731 021d 70657269 		.ascii	"period0\000"
 731      6F643000 
 732              	.LASF25:
 733 0225 70657269 		.ascii	"period1\000"
 733      6F643100 
 734              	.LASF11:
 735 022d 73697A65 		.ascii	"sizetype\000"
 735      74797065 
 735      00
 736              	.LASF6:
 737 0236 6C6F6E67 		.ascii	"long long int\000"
 737      206C6F6E 
 737      6720696E 
 737      7400
 738              	.LASF13:
 739 0244 63686172 		.ascii	"char\000"
 739      00
 740              	.LASF36:
 741 0249 72656C6F 		.ascii	"reloadInputMode\000"
 741      6164496E 
 741      7075744D 
 741      6F646500 
 742              	.LASF0:
 743 0259 73686F72 		.ascii	"short int\000"
ARM GAS  C:\Users\gjl\AppData\Local\Temp\ccH7MSVz.s 			page 18


 743      7420696E 
 743      7400
 744              	.LASF45:
 745 0263 50574D5F 		.ascii	"PWM_Start\000"
 745      53746172 
 745      7400
 746              	.LASF37:
 747 026d 72656C6F 		.ascii	"reloadInput\000"
 747      6164496E 
 747      70757400 
 748              	.LASF34:
 749 0279 73776170 		.ascii	"swapInputMode\000"
 749      496E7075 
 749      744D6F64 
 749      6500
 750              	.LASF10:
 751 0287 75696E74 		.ascii	"uint32_t\000"
 751      33325F74 
 751      00
 752              	.LASF4:
 753 0290 6C6F6E67 		.ascii	"long int\000"
 753      20696E74 
 753      00
 754              	.LASF32:
 755 0299 696E7665 		.ascii	"invertPWMOutN\000"
 755      72745057 
 755      4D4F7574 
 755      4E00
 756              	.LASF17:
 757 02a7 43595F53 		.ascii	"CY_SYSPM_WAIT_FOR_EVENT\000"
 757      5953504D 
 757      5F574149 
 757      545F464F 
 757      525F4556 
 758              	.LASF12:
 759 02bf 6C6F6E67 		.ascii	"long double\000"
 759      20646F75 
 759      626C6500 
 760              	.LASF47:
 761 02cb 474E5520 		.ascii	"GNU C11 5.4.1 20160609 (release) [ARM/embedded-5-br"
 761      43313120 
 761      352E342E 
 761      31203230 
 761      31363036 
 762 02fe 616E6368 		.ascii	"anch revision 237715] -mcpu=cortex-m0plus -mthumb -"
 762      20726576 
 762      6973696F 
 762      6E203233 
 762      37373135 
 763 0331 67202D4F 		.ascii	"g -Og -ffunction-sections -ffat-lto-objects\000"
 763      67202D66 
 763      66756E63 
 763      74696F6E 
 763      2D736563 
 764              	.LASF2:
 765 035d 7369676E 		.ascii	"signed char\000"
 765      65642063 
ARM GAS  C:\Users\gjl\AppData\Local\Temp\ccH7MSVz.s 			page 19


 765      68617200 
 766              	.LASF41:
 767 0369 6B696C6C 		.ascii	"killInput\000"
 767      496E7075 
 767      7400
 768              	.LASF18:
 769 0373 5F426F6F 		.ascii	"_Bool\000"
 769      6C00
 770              		.ident	"GCC: (GNU Tools for ARM Embedded Processors) 5.4.1 20160609 (release) [ARM/embedded-5-bran
