Loading plugins phase: Elapsed time ==> 0s.880ms
<CYPRESSTAG name="CyDsfit arguments...">
cydsfit arguments: -.fdsnotice -.fdswarpdepfile=warp_dependencies.txt -.fdselabdepfile=elab_dependencies.txt -.fdsbldfile=generated_files.txt -.fdsreffile=referenced_files.txt -p C:\Git\PSoC6-101-Video-Projects\PSoC 6_101\RC-3-5b-Motion.cydsn\RC-3-5b-Motion.cyprj -d CY8C6347BZI-BLD53 -s C:\Git\PSoC6-101-Video-Projects\PSoC 6_101\RC-3-5b-Motion.cydsn\Generated_Source\PSoC6 -- -yv2 -q10 -ygs -o2 -v3 -.fftcfgtype=LE
</CYPRESSTAG>
ADD: fit.M0067: information: Clock Information: (The WCO is enabled. Chip startup will be slower because clock configuration cannot continue until the WCO is ready. See the device datasheet for WCO startup timing. If WCO is not required during startup, consider starting it in main() for faster chip startup.).
 * C:\Git\PSoC6-101-Video-Projects\PSoC 6_101\RC-3-5b-Motion.cydsn\RC-3-5b-Motion.cydwr (WCO)

<CYPRESSTAG name="Design elaboration results...">
</CYPRESSTAG>
Elaboration phase: Elapsed time ==> 9s.118ms
<CYPRESSTAG name="HDL generation results...">
</CYPRESSTAG>
HDL generation phase: Elapsed time ==> 0s.237ms
<CYPRESSTAG name="Synthesis results...">

     | | | | | | |
   _________________
  -|               |-
  -|               |-
  -|               |-
  -|    CYPRESS    |-
  -|               |-
  -|               |-   Warp Verilog Synthesis Compiler: Version 6.3 IR 41
  -|               |-   Copyright (C) 1991-2001 Cypress Semiconductor
   |_______________|
     | | | | | | |

======================================================================
Compiling:  RC-3-5b-Motion.v
Program  :   C:\Program Files (x86)\Cypress\PSoC Creator\4.2\PSoC Creator\warp\bin\warp.exe
Options  :    -yv2 -q10 -ygs -o2 -v3 -.fftcfgtype=LE -ya -.fftprj=C:\Git\PSoC6-101-Video-Projects\PSoC 6_101\RC-3-5b-Motion.cydsn\RC-3-5b-Motion.cyprj -dcpsoc3 RC-3-5b-Motion.v -verilog
======================================================================

======================================================================
Compiling:  RC-3-5b-Motion.v
Program  :   C:\Program Files (x86)\Cypress\PSoC Creator\4.2\PSoC Creator\warp\bin\warp.exe
Options  :    -yv2 -q10 -ygs -o2 -v3 -.fftcfgtype=LE -ya -.fftprj=C:\Git\PSoC6-101-Video-Projects\PSoC 6_101\RC-3-5b-Motion.cydsn\RC-3-5b-Motion.cyprj -dcpsoc3 RC-3-5b-Motion.v -verilog
======================================================================

======================================================================
Compiling:  RC-3-5b-Motion.v
Program  :   vlogfe
Options  :    -yv2 -q10 -ygs -o2 -v3 -.fftcfgtype=LE -ya -.fftprj=C:\Git\PSoC6-101-Video-Projects\PSoC 6_101\RC-3-5b-Motion.cydsn\RC-3-5b-Motion.cyprj -dcpsoc3 -verilog RC-3-5b-Motion.v
======================================================================

vlogfe V6.3 IR 41:  Verilog parser
Tue May 22 10:59:21 2018


======================================================================
Compiling:  RC-3-5b-Motion.v
Program  :   vpp
Options  :    -yv2 -q10 RC-3-5b-Motion.v
======================================================================

vpp V6.3 IR 41:  Verilog Pre-Processor
Tue May 22 10:59:21 2018

Flattening file 'C:\Program Files (x86)\Cypress\PSoC Creator\4.2\PSoC Creator\psoc\content\CyPrimitives\cyprimitives.cylib\cy_virtualmux_v1_0\cy_virtualmux_v1_0.v'
Flattening file 'C:\Program Files (x86)\Cypress\PSoC Creator\4.2\PSoC Creator\psoc\content\CyPrimitives\cyprimitives.cylib\ZeroTerminal\ZeroTerminal.v'
Flattening file 'C:\Program Files (x86)\Cypress\PSoC Creator\4.2\PSoC Creator\psoc\content\CyPrimitives\cyprimitives.cylib\or_v1_0\or_v1_0.v'
Flattening file 'C:\Program Files (x86)\Cypress\PSoC Creator\4.2\PSoC Creator\psoc\content\CyPrimitives\cyprimitives.cylib\cy_analog_virtualmux_v1_0\cy_analog_virtualmux_v1_0.v'

vpp:  No errors.

Library 'work' => directory 'lcpsoc3'
General_symbol_table
General_symbol_table
Linking 'C:\Program Files (x86)\Cypress\PSoC Creator\4.2\PSoC Creator\warp\lib\common\std.vhd'.
Linking 'C:\Program Files (x86)\Cypress\PSoC Creator\4.2\PSoC Creator\warp\lib\common\cypress.vhd'.
Linking 'C:\Program Files (x86)\Cypress\PSoC Creator\4.2\PSoC Creator\warp\lib\common\work\cypress.vif'.
Linking 'C:\Program Files (x86)\Cypress\PSoC Creator\4.2\PSoC Creator\warp\lib\ieee\work\stdlogic.vif'.
Linking 'C:\Program Files (x86)\Cypress\PSoC Creator\4.2\PSoC Creator\warp\lib\common\stdlogic\lpmpkg.vif'.
Linking 'C:\Program Files (x86)\Cypress\PSoC Creator\4.2\PSoC Creator\warp\lib\common\stdlogic\rtlpkg.vif'.
Linking 'C:\Program Files (x86)\Cypress\PSoC Creator\4.2\PSoC Creator\warp\lib\common\stdlogic\mod_cnst.vif'.
Linking 'C:\Program Files (x86)\Cypress\PSoC Creator\4.2\PSoC Creator\warp\lib\common\stdlogic\mod_mthv.vif'.
Linking 'C:\Program Files (x86)\Cypress\PSoC Creator\4.2\PSoC Creator\warp\lib\common\stdlogic\mod_genv.vif'.
Using control file 'RC-3-5b-Motion.ctl'.

vlogfe:  No errors.


======================================================================
Compiling:  RC-3-5b-Motion.v
Program  :   tovif
Options  :    -yv2 -q10 -ygs -o2 -v3 -.fftcfgtype=LE -ya -.fftprj=C:\Git\PSoC6-101-Video-Projects\PSoC 6_101\RC-3-5b-Motion.cydsn\RC-3-5b-Motion.cyprj -dcpsoc3 -verilog RC-3-5b-Motion.v
======================================================================

tovif V6.3 IR 41:  High-level synthesis
Tue May 22 10:59:22 2018

Linking 'C:\Program Files (x86)\Cypress\PSoC Creator\4.2\PSoC Creator\warp\lib\common\std.vhd'.
Linking 'C:\Program Files (x86)\Cypress\PSoC Creator\4.2\PSoC Creator\warp\lib\common\cypress.vhd'.
Linking 'C:\Program Files (x86)\Cypress\PSoC Creator\4.2\PSoC Creator\warp\lib\common\work\cypress.vif'.
Linking 'C:\Program Files (x86)\Cypress\PSoC Creator\4.2\PSoC Creator\warp\lib\ieee\work\stdlogic.vif'.
Linking 'C:\Program Files (x86)\Cypress\PSoC Creator\4.2\PSoC Creator\warp\lib\common\stdlogic\lpmpkg.vif'.
Linking 'C:\Program Files (x86)\Cypress\PSoC Creator\4.2\PSoC Creator\warp\lib\common\stdlogic\rtlpkg.vif'.
Linking 'C:\Program Files (x86)\Cypress\PSoC Creator\4.2\PSoC Creator\warp\lib\common\stdlogic\mod_cnst.vif'.
Linking 'C:\Program Files (x86)\Cypress\PSoC Creator\4.2\PSoC Creator\warp\lib\common\stdlogic\mod_mthv.vif'.
Linking 'C:\Program Files (x86)\Cypress\PSoC Creator\4.2\PSoC Creator\warp\lib\common\stdlogic\mod_genv.vif'.
Linking 'C:\Git\PSoC6-101-Video-Projects\PSoC 6_101\RC-3-5b-Motion.cydsn\codegentemp\RC-3-5b-Motion.ctl'.
Linking 'C:\Program Files (x86)\Cypress\PSoC Creator\4.2\PSoC Creator\psoc\content\CyPrimitives\cyprimitives.cylib\cy_virtualmux_v1_0\cy_virtualmux_v1_0.v'.
Linking 'C:\Git\PSoC6-101-Video-Projects\PSoC 6_101\RC-3-5b-Motion.cydsn\codegentemp\RC-3-5b-Motion.v'.
Linking 'C:\Program Files (x86)\Cypress\PSoC Creator\4.2\PSoC Creator\psoc\content\CyPrimitives\cyprimitives.cylib\ZeroTerminal\ZeroTerminal.v'.
Linking 'C:\Program Files (x86)\Cypress\PSoC Creator\4.2\PSoC Creator\psoc\content\CyPrimitives\cyprimitives.cylib\or_v1_0\or_v1_0.v'.
Linking 'C:\Program Files (x86)\Cypress\PSoC Creator\4.2\PSoC Creator\psoc\content\CyPrimitives\cyprimitives.cylib\cy_analog_virtualmux_v1_0\cy_analog_virtualmux_v1_0.v'.

tovif:  No errors.


======================================================================
Compiling:  RC-3-5b-Motion.v
Program  :   topld
Options  :    -yv2 -q10 -ygs -o2 -v3 -.fftcfgtype=LE -ya -.fftprj=C:\Git\PSoC6-101-Video-Projects\PSoC 6_101\RC-3-5b-Motion.cydsn\RC-3-5b-Motion.cyprj -dcpsoc3 -verilog RC-3-5b-Motion.v
======================================================================

topld V6.3 IR 41:  Synthesis and optimization
Tue May 22 10:59:24 2018

Linking 'C:\Program Files (x86)\Cypress\PSoC Creator\4.2\PSoC Creator\warp\lib\common\std.vhd'.
Linking 'C:\Program Files (x86)\Cypress\PSoC Creator\4.2\PSoC Creator\warp\lib\common\cypress.vhd'.
Linking 'C:\Program Files (x86)\Cypress\PSoC Creator\4.2\PSoC Creator\warp\lib\common\work\cypress.vif'.
Linking 'C:\Program Files (x86)\Cypress\PSoC Creator\4.2\PSoC Creator\warp\lib\ieee\work\stdlogic.vif'.
Linking 'C:\Program Files (x86)\Cypress\PSoC Creator\4.2\PSoC Creator\warp\lib\common\stdlogic\lpmpkg.vif'.
Linking 'C:\Program Files (x86)\Cypress\PSoC Creator\4.2\PSoC Creator\warp\lib\common\stdlogic\rtlpkg.vif'.
Linking 'C:\Program Files (x86)\Cypress\PSoC Creator\4.2\PSoC Creator\warp\lib\common\stdlogic\mod_cnst.vif'.
Linking 'C:\Program Files (x86)\Cypress\PSoC Creator\4.2\PSoC Creator\warp\lib\common\stdlogic\mod_mthv.vif'.
Linking 'C:\Program Files (x86)\Cypress\PSoC Creator\4.2\PSoC Creator\warp\lib\common\stdlogic\mod_genv.vif'.
Linking 'C:\Git\PSoC6-101-Video-Projects\PSoC 6_101\RC-3-5b-Motion.cydsn\codegentemp\RC-3-5b-Motion.ctl'.
Linking 'C:\Program Files (x86)\Cypress\PSoC Creator\4.2\PSoC Creator\psoc\content\CyPrimitives\cyprimitives.cylib\cy_virtualmux_v1_0\cy_virtualmux_v1_0.v'.
Linking 'C:\Git\PSoC6-101-Video-Projects\PSoC 6_101\RC-3-5b-Motion.cydsn\codegentemp\RC-3-5b-Motion.v'.
Linking 'C:\Program Files (x86)\Cypress\PSoC Creator\4.2\PSoC Creator\psoc\content\CyPrimitives\cyprimitives.cylib\ZeroTerminal\ZeroTerminal.v'.
Linking 'C:\Program Files (x86)\Cypress\PSoC Creator\4.2\PSoC Creator\psoc\content\CyPrimitives\cyprimitives.cylib\or_v1_0\or_v1_0.v'.
Linking 'C:\Program Files (x86)\Cypress\PSoC Creator\4.2\PSoC Creator\psoc\content\CyPrimitives\cyprimitives.cylib\cy_analog_virtualmux_v1_0\cy_analog_virtualmux_v1_0.v'.
Linking 'C:\Program Files (x86)\Cypress\PSoC Creator\4.2\PSoC Creator\warp\lib\lcpsoc3\stdlogic\cpsoc3.vif'.

----------------------------------------------------------
Detecting unused logic.
----------------------------------------------------------
    User names
	\UART:Net_22\
	\UART:Net_23\
	Net_5
	Net_6
	Net_7
	Net_12
	Net_13
	\CapSense:Net_608\
	\CapSense:Net_610\
	\I2C_1:Net_224\
	\I2C_1:Net_223\


Deleted 11 User equations/components.
Deleted 0 Synthesized equations/components.

------------------------------------------------------
Alias Detection
------------------------------------------------------
Aliasing \UART:cts_wire\ to zero
Aliasing \CapSense:Net_589\ to zero
Aliasing \CapSense:Net_45\ to zero
Aliasing \CapSense:Net_46\ to zero
Aliasing \CapSense:Net_47\ to zero
Aliasing \CapSense:Net_48\ to zero
Aliasing \CapSense:Net_636\ to zero
Aliasing \CapSense:Net_637\ to zero
Aliasing \CapSense:Net_638\ to zero
Aliasing \CapSense:Net_639\ to zero
Aliasing \CapSense:Net_1423\ to zero
Aliasing \CapSense:Net_44\ to zero
Aliasing \CapSense:Net_851\ to zero
Aliasing \I2C_1:Net_283\ to zero
Aliasing \I2C_1:Net_282\ to zero
Aliasing \I2C_1:Net_281\ to zero
Aliasing \I2C_1:Net_280\ to zero
Aliasing \I2C_1:Net_279\ to zero
Aliasing \I2C_1:Net_278\ to zero
Removing Lhs of wire \UART:clock_wire\[8] = \UART:Net_847\[7]
Removing Lhs of wire \UART:rx_wire\[22] = \UART:Net_1172\[19]
Removing Lhs of wire \UART:cts_wire\[23] = zero[18]
Removing Lhs of wire \CapSense:Net_589\[63] = zero[18]
Removing Lhs of wire \CapSense:Net_45\[76] = zero[18]
Removing Lhs of wire \CapSense:Net_46\[77] = zero[18]
Removing Lhs of wire \CapSense:Net_47\[78] = zero[18]
Removing Lhs of wire \CapSense:Net_48\[79] = zero[18]
Removing Lhs of wire \CapSense:Net_636\[82] = zero[18]
Removing Lhs of wire \CapSense:Net_637\[83] = zero[18]
Removing Lhs of wire \CapSense:Net_638\[84] = zero[18]
Removing Lhs of wire \CapSense:Net_639\[85] = zero[18]
Removing Lhs of wire \CapSense:Net_1423\[86] = zero[18]
Removing Lhs of wire \CapSense:Net_44\[89] = zero[18]
Removing Lhs of wire \CapSense:Net_851\[131] = zero[18]
Removing Rhs of wire \I2C_1:clock_wire\[156] = \I2C_1:Net_847\[181]
Removing Lhs of wire \I2C_1:Net_283\[157] = zero[18]
Removing Lhs of wire \I2C_1:Net_282\[160] = zero[18]
Removing Lhs of wire \I2C_1:Net_281\[165] = zero[18]
Removing Lhs of wire \I2C_1:Net_280\[170] = zero[18]
Removing Lhs of wire \I2C_1:Net_279\[172] = zero[18]
Removing Lhs of wire \I2C_1:Net_278\[173] = zero[18]

------------------------------------------------------
Aliased 0 equations, 22 wires.
------------------------------------------------------

----------------------------------------------------------
Circuit simplification
----------------------------------------------------------

Substituting virtuals - pass 1:


----------------------------------------------------------
Circuit simplification results:

	Expanded 0 signals.
	Turned 0 signals into soft nodes.
	Maximum default expansion cost was set at 3.
----------------------------------------------------------

topld:  No errors.

CYPRESS_DIR    : C:\Program Files (x86)\Cypress\PSoC Creator\4.2\PSoC Creator\warp
Warp Program   : C:\Program Files (x86)\Cypress\PSoC Creator\4.2\PSoC Creator\warp\bin\warp.exe
Warp Arguments : -yv2 -q10 -ygs -o2 -v3 -.fftcfgtype=LE -ya "-.fftprj=C:\Git\PSoC6-101-Video-Projects\PSoC 6_101\RC-3-5b-Motion.cydsn\RC-3-5b-Motion.cyprj" -dcpsoc3 RC-3-5b-Motion.v -verilog
</CYPRESSTAG>
Warp synthesis phase: Elapsed time ==> 4s.230ms
<CYPRESSTAG name="Fitter results...">
<CYPRESSTAG name="Fitter startup details...">
cyp3fit: V4.2.0.641, Family: PSoC3, Started at: Tuesday, 22 May 2018 10:59:25
Options: -yv2 -q10 -ygs -o2 -v3 -.fftcfgtype=LE -ya -.fftprj=C:\Git\PSoC6-101-Video-Projects\PSoC 6_101\RC-3-5b-Motion.cydsn\RC-3-5b-Motion.cyprj -d CY8C6347BZI-BLD53 RC-3-5b-Motion.v -verilog
</CYPRESSTAG>
<CYPRESSTAG name="Design parsing">
Design parsing phase: Elapsed time ==> 3s.484ms
</CYPRESSTAG>
<CYPRESSTAG name="Tech Mapping">
<CYPRESSTAG name="Initial Mapping" icon="FILE_RPT_TECHM">
<CYPRESSTAG name="Global Clock Selection" icon="FILE_RPT_TECHM">
    Fixed Function Clock 43: Automatic-assigning  clock 'CapSense_ModClk'. Signal=\CapSense:Net_611_ff43\
    Fixed Function Clock 0: Automatic-assigning  clock 'I2C_1_SCBCLK'. Signal=\I2C_1:clock_wire_ff0\
    Fixed Function Clock 1: Automatic-assigning  clock 'UART_SCBCLK'. Signal=\UART:Net_847_ff1\
<CYPRESSTAG name="UDB Clock/Enable Remapping Results">
</CYPRESSTAG>
</CYPRESSTAG>
Info: plm.M0038: The pin named CY_SRSS_WCO_IN(0) at location P0[0] prevents usage of special purposes: CSD[0].csd_tx. (App=cydsfit)
Info: plm.M0038: The pin named CY_SRSS_WCO_IN(0) at location P0[0] prevents usage of special purposes: CSD[0].csd_tx_n. (App=cydsfit)
Info: plm.M0038: The pin named CY_SRSS_WCO_IN(0) at location P0[0] prevents usage of special purposes: SCB[0].spi_select[1]. (App=cydsfit)
Info: plm.M0038: The pin named CY_SRSS_WCO_OUT(0) at location P0[1] prevents usage of special purposes: CSD[0].csd_tx. (App=cydsfit)
Info: plm.M0038: The pin named CY_SRSS_WCO_OUT(0) at location P0[1] prevents usage of special purposes: CSD[0].csd_tx_n. (App=cydsfit)
Info: plm.M0038: The pin named CY_SRSS_WCO_OUT(0) at location P0[1] prevents usage of special purposes: SCB[0].spi_select[2]. (App=cydsfit)
Info: plm.M0038: The pin named CY_SRSS_WCO_OUT(0) at location P0[1] prevents usage of special purposes: CPUSS[0].swj_trstn. (App=cydsfit)
Info: plm.M0038: The pin named CY_CPUSS_SWJ_SWCLK_TCLK(0) at location P6[7] prevents usage of special purposes: CSD[0].csd_tx. (App=cydsfit)
Info: plm.M0038: The pin named CY_CPUSS_SWJ_SWCLK_TCLK(0) at location P6[7] prevents usage of special purposes: CSD[0].csd_tx_n. (App=cydsfit)
Info: plm.M0038: The pin named CY_CPUSS_SWJ_SWCLK_TCLK(0) at location P6[7] prevents usage of special purposes: SCB[6].uart_cts. (App=cydsfit)
Info: plm.M0038: The pin named CY_CPUSS_SWJ_SWCLK_TCLK(0) at location P6[7] prevents usage of special purposes: SCB[6].spi_select[0]. (App=cydsfit)
Info: plm.M0038: The pin named CY_CPUSS_SWJ_SWCLK_TCLK(0) at location P6[7] prevents usage of special purposes: SCB[8].spi_select[0]. (App=cydsfit)
Info: plm.M0038: The pin named CY_CPUSS_SWJ_SWCLK_TCLK(0) at location P6[7] prevents usage of special purposes: SRSS[0].swd_clk. (App=cydsfit)
Info: plm.M0038: The pin named CY_CPUSS_SWJ_SWDIO_TMS(0) at location P6[6] prevents usage of special purposes: CSD[0].csd_tx. (App=cydsfit)
Info: plm.M0038: The pin named CY_CPUSS_SWJ_SWDIO_TMS(0) at location P6[6] prevents usage of special purposes: CSD[0].csd_tx_n. (App=cydsfit)
Info: plm.M0038: The pin named CY_CPUSS_SWJ_SWDIO_TMS(0) at location P6[6] prevents usage of special purposes: SCB[6].uart_rts. (App=cydsfit)
Info: plm.M0038: The pin named CY_CPUSS_SWJ_SWDIO_TMS(0) at location P6[6] prevents usage of special purposes: SCB[6].spi_clk. (App=cydsfit)
Info: plm.M0038: The pin named CY_CPUSS_SWJ_SWDIO_TMS(0) at location P6[6] prevents usage of special purposes: SCB[8].spi_clk. (App=cydsfit)
Info: plm.M0038: The pin named CY_CPUSS_SWJ_SWDIO_TMS(0) at location P6[6] prevents usage of special purposes: SRSS[0].swd_data. (App=cydsfit)

Removing unused cells resulting from optimization
Done removing unused cells.
<CYPRESSTAG name="Duplicate Macrocell detection">
</CYPRESSTAG>
</CYPRESSTAG>
<CYPRESSTAG name="Duplicate Macrocell detection">
</CYPRESSTAG>
<CYPRESSTAG name="Design Equations" icon="FILE_RPT_EQUATION">

------------------------------------------------------------
Design Equations
------------------------------------------------------------
    <CYPRESSTAG name="Pin listing">

    ------------------------------------------------------------
    Pin listing
    ------------------------------------------------------------

    Pin : Name = CY_SRSS_WCO_IN(0)
        Attributes:
            In Group/Port: True
            In Sync Option: AUTO
            Out Sync Option: AUTO
            Interrupt generated: False
            Interrupt mode: NONE
            Drive mode: HI_Z_ANALOG
            VTrip: CMOS
            Slew: FAST
            Input Sync needed: False
            Output Sync needed: False
            SC shield enabled: False
            POR State: INP_DIS_HI_Z
            LCD Mode: COMMON
            Register Mode: RegComb
            CaSense Mode: NEITHER
            Treat as pin: True
            Is OE Registered: False
            Uses Analog: True
            Can contain Digital: True
            Is SIO: False
            SIO Output Buf: NONREGULATED
            SIO Input Buf: SINGLE_ENDED
            SIO HiFreq: LOW
            SIO Hyst: DISABLED
            SIO Vtrip: MULTIPLIER_0_5
            SIO Multiplier Index: 0
            SIO RefSel: VCC_IO
            Required Capabilities: NONE
            Initial Value: 0
            IO Voltage: 0
        PORT MAP (
            pa_out => CY_SRSS_WCO_IN(0)__PA ,
            analog_term => SRSS_wco_in );

    Pin : Name = CY_SRSS_WCO_OUT(0)
        Attributes:
            In Group/Port: True
            In Sync Option: AUTO
            Out Sync Option: AUTO
            Interrupt generated: False
            Interrupt mode: NONE
            Drive mode: HI_Z_ANALOG
            VTrip: CMOS
            Slew: FAST
            Input Sync needed: False
            Output Sync needed: False
            SC shield enabled: False
            POR State: INP_DIS_HI_Z
            LCD Mode: COMMON
            Register Mode: RegComb
            CaSense Mode: NEITHER
            Treat as pin: True
            Is OE Registered: False
            Uses Analog: True
            Can contain Digital: True
            Is SIO: False
            SIO Output Buf: NONREGULATED
            SIO Input Buf: SINGLE_ENDED
            SIO HiFreq: LOW
            SIO Hyst: DISABLED
            SIO Vtrip: MULTIPLIER_0_5
            SIO Multiplier Index: 0
            SIO RefSel: VCC_IO
            Required Capabilities: NONE
            Initial Value: 0
            IO Voltage: 0
        PORT MAP (
            pa_out => CY_SRSS_WCO_OUT(0)__PA ,
            analog_term => SRSS_wco_out );

    Pin : Name = CY_CPUSS_SWJ_SWCLK_TCLK(0)
        Attributes:
            In Group/Port: True
            In Sync Option: AUTO
            Out Sync Option: AUTO
            Interrupt generated: False
            Interrupt mode: NONE
            Drive mode: RES_PULL_DOWN
            VTrip: CMOS
            Slew: FAST
            Input Sync needed: False
            Output Sync needed: False
            SC shield enabled: False
            POR State: INP_DIS_HI_Z
            LCD Mode: COMMON
            Register Mode: RegComb
            CaSense Mode: NEITHER
            Treat as pin: True
            Is OE Registered: False
            Uses Analog: False
            Can contain Digital: True
            Is SIO: False
            SIO Output Buf: NONREGULATED
            SIO Input Buf: SINGLE_ENDED
            SIO HiFreq: LOW
            SIO Hyst: DISABLED
            SIO Vtrip: MULTIPLIER_0_5
            SIO Multiplier Index: 0
            SIO RefSel: VCC_IO
            Required Capabilities: DIGITAL
            Initial Value: 0
            IO Voltage: 0
        PORT MAP (
            pa_out => CY_CPUSS_SWJ_SWCLK_TCLK(0)__PA ,
            fb => CPUSS_swj_swclk_tclk );

    Pin : Name = CY_CPUSS_SWJ_SWDIO_TMS(0)
        Attributes:
            In Group/Port: True
            In Sync Option: AUTO
            Out Sync Option: AUTO
            Interrupt generated: False
            Interrupt mode: NONE
            Drive mode: RES_PULL_UP
            VTrip: CMOS
            Slew: FAST
            Input Sync needed: False
            Output Sync needed: False
            SC shield enabled: False
            POR State: INP_DIS_HI_Z
            LCD Mode: COMMON
            Register Mode: RegComb
            CaSense Mode: NEITHER
            Treat as pin: True
            Is OE Registered: False
            Uses Analog: False
            Can contain Digital: True
            Is SIO: False
            SIO Output Buf: NONREGULATED
            SIO Input Buf: SINGLE_ENDED
            SIO HiFreq: LOW
            SIO Hyst: DISABLED
            SIO Vtrip: MULTIPLIER_0_5
            SIO Multiplier Index: 0
            SIO RefSel: VCC_IO
            Required Capabilities: DIGITAL
            Initial Value: 0
            IO Voltage: 0
        PORT MAP (
            pa_out => CY_CPUSS_SWJ_SWDIO_TMS(0)__PA ,
            fb => CPUSS_swj_swdio_tms );

    Pin : Name = \UART:tx(0)\
        Attributes:
            In Group/Port: True
            In Sync Option: AUTO
            Out Sync Option: NOSYNC
            Interrupt generated: False
            Interrupt mode: NONE
            Drive mode: CMOS_OUT
            VTrip: CMOS
            Slew: FAST
            Input Sync needed: False
            Output Sync needed: False
            SC shield enabled: False
            POR State: INP_DIS_HI_Z
            LCD Mode: COMMON
            Register Mode: RegComb
            CaSense Mode: NEITHER
            Treat as pin: True
            Is OE Registered: False
            Uses Analog: False
            Can contain Digital: True
            Is SIO: False
            SIO Output Buf: NONREGULATED
            SIO Input Buf: SINGLE_ENDED
            SIO HiFreq: LOW
            SIO Hyst: DISABLED
            SIO Vtrip: MULTIPLIER_0_5
            SIO Multiplier Index: 0
            SIO RefSel: VCC_IO
            Required Capabilities: DIGITAL
            Initial Value: 1
            IO Voltage: 0
        PORT MAP (
            pa_out => \UART:tx(0)\__PA ,
            pin_input => \UART:tx_wire\ ,
            pad => \UART:tx(0)_PAD\ );
        Properties:
        {
        }

    Pin : Name = \UART:rx(0)\
        Attributes:
            In Group/Port: True
            In Sync Option: NOSYNC
            Out Sync Option: AUTO
            Interrupt generated: False
            Interrupt mode: NONE
            Drive mode: HI_Z_ANALOG
            VTrip: CMOS
            Slew: FAST
            Input Sync needed: False
            Output Sync needed: False
            SC shield enabled: False
            POR State: INP_DIS_HI_Z
            LCD Mode: COMMON
            Register Mode: RegComb
            CaSense Mode: NEITHER
            Treat as pin: True
            Is OE Registered: False
            Uses Analog: False
            Can contain Digital: True
            Is SIO: False
            SIO Output Buf: NONREGULATED
            SIO Input Buf: SINGLE_ENDED
            SIO HiFreq: LOW
            SIO Hyst: DISABLED
            SIO Vtrip: MULTIPLIER_0_5
            SIO Multiplier Index: 0
            SIO RefSel: VCC_IO
            Required Capabilities: DIGITAL
            Initial Value: 1
            IO Voltage: 0
        PORT MAP (
            pa_out => \UART:rx(0)\__PA ,
            fb => \UART:Net_1172\ ,
            pad => \UART:rx(0)_PAD\ );
        Properties:
        {
        }

    Pin : Name = LED9(0)
        Attributes:
            In Group/Port: True
            In Sync Option: AUTO
            Out Sync Option: NOSYNC
            Interrupt generated: False
            Interrupt mode: NONE
            Drive mode: CMOS_OUT
            VTrip: CMOS
            Slew: FAST
            Input Sync needed: False
            Output Sync needed: False
            SC shield enabled: False
            POR State: INP_DIS_HI_Z
            LCD Mode: COMMON
            Register Mode: RegComb
            CaSense Mode: NEITHER
            Treat as pin: True
            Is OE Registered: False
            Uses Analog: False
            Can contain Digital: True
            Is SIO: False
            SIO Output Buf: NONREGULATED
            SIO Input Buf: SINGLE_ENDED
            SIO HiFreq: LOW
            SIO Hyst: DISABLED
            SIO Vtrip: MULTIPLIER_0_5
            SIO Multiplier Index: 0
            SIO RefSel: VCC_IO
            Required Capabilities: DIGITAL
            Initial Value: 1
            IO Voltage: 0
        PORT MAP (
            pa_out => LED9(0)__PA ,
            pad => LED9(0)_PAD );
        Properties:
        {
        }

    Pin : Name = \CapSense:Cmod(0)\
        Attributes:
            Alias: Cmod
            In Group/Port: True
            In Sync Option: AUTO
            Out Sync Option: AUTO
            Interrupt generated: False
            Interrupt mode: NONE
            Drive mode: HI_Z_ANALOG
            VTrip: CMOS
            Slew: FAST
            Input Sync needed: False
            Output Sync needed: False
            SC shield enabled: False
            POR State: INP_DIS_HI_Z
            LCD Mode: COMMON
            Register Mode: RegComb
            CaSense Mode: NEITHER
            Treat as pin: True
            Is OE Registered: False
            Uses Analog: True
            Can contain Digital: False
            Is SIO: False
            SIO Output Buf: NONREGULATED
            SIO Input Buf: SINGLE_ENDED
            SIO HiFreq: LOW
            SIO Hyst: DISABLED
            SIO Vtrip: MULTIPLIER_0_5
            SIO Multiplier Index: 0
            SIO RefSel: VCC_IO
            Required Capabilities: ANALOG
            Initial Value: 1
            IO Voltage: 0
        PORT MAP (
            pa_out => \CapSense:Cmod(0)\__PA ,
            analog_term => \CapSense:Net_314\ ,
            pad => \CapSense:Cmod(0)_PAD\ );
        Properties:
        {
        }

    Pin : Name = \CapSense:Rx(0)\
        Attributes:
            Alias: Button0_Rx0
            In Group/Port: True
            In Sync Option: AUTO
            Out Sync Option: AUTO
            Interrupt generated: False
            Interrupt mode: NONE
            Drive mode: HI_Z_ANALOG
            VTrip: CMOS
            Slew: FAST
            Input Sync needed: False
            Output Sync needed: False
            SC shield enabled: False
            POR State: INP_DIS_HI_Z
            LCD Mode: COMMON
            Register Mode: RegComb
            CaSense Mode: NEITHER
            Treat as pin: True
            Is OE Registered: False
            Uses Analog: True
            Can contain Digital: False
            Is SIO: False
            SIO Output Buf: NONREGULATED
            SIO Input Buf: SINGLE_ENDED
            SIO HiFreq: LOW
            SIO Hyst: DISABLED
            SIO Vtrip: MULTIPLIER_0_5
            SIO Multiplier Index: 0
            SIO RefSel: VCC_IO
            Required Capabilities: ANALOG
            Initial Value: 1
            IO Voltage: 0
        PORT MAP (
            pa_out => \CapSense:Rx(0)\__PA ,
            analog_term => \CapSense:Net_13_0\ ,
            pad => \CapSense:Rx(0)_PAD\ );
        Properties:
        {
        }

    Pin : Name = \CapSense:Rx(1)\
        Attributes:
            Alias: Button1_Rx0
            In Group/Port: True
            In Sync Option: AUTO
            Out Sync Option: AUTO
            Interrupt generated: False
            Interrupt mode: NONE
            Drive mode: HI_Z_ANALOG
            VTrip: CMOS
            Slew: FAST
            Input Sync needed: False
            Output Sync needed: False
            SC shield enabled: False
            POR State: INP_DIS_HI_Z
            LCD Mode: COMMON
            Register Mode: RegComb
            CaSense Mode: NEITHER
            Treat as pin: True
            Is OE Registered: False
            Uses Analog: True
            Can contain Digital: False
            Is SIO: False
            SIO Output Buf: NONREGULATED
            SIO Input Buf: SINGLE_ENDED
            SIO HiFreq: LOW
            SIO Hyst: DISABLED
            SIO Vtrip: MULTIPLIER_0_5
            SIO Multiplier Index: 0
            SIO RefSel: VCC_IO
            Required Capabilities: ANALOG
            Initial Value: 1
            IO Voltage: 0
        PORT MAP (
            pa_out => \CapSense:Rx(1)\__PA ,
            analog_term => \CapSense:Net_13_0\ ,
            pad => \CapSense:Rx(1)_PAD\ );
        Properties:
        {
        }

    Pin : Name = \CapSense:CintB(0)\
        Attributes:
            In Group/Port: True
            In Sync Option: AUTO
            Out Sync Option: AUTO
            Interrupt generated: False
            Interrupt mode: NONE
            Drive mode: HI_Z_ANALOG
            VTrip: CMOS
            Slew: FAST
            Input Sync needed: False
            Output Sync needed: False
            SC shield enabled: False
            POR State: INP_DIS_HI_Z
            LCD Mode: COMMON
            Register Mode: RegComb
            CaSense Mode: NEITHER
            Treat as pin: True
            Is OE Registered: False
            Uses Analog: True
            Can contain Digital: False
            Is SIO: False
            SIO Output Buf: NONREGULATED
            SIO Input Buf: SINGLE_ENDED
            SIO HiFreq: LOW
            SIO Hyst: DISABLED
            SIO Vtrip: MULTIPLIER_0_5
            SIO Multiplier Index: 0
            SIO RefSel: VCC_IO
            Required Capabilities: NONE
            Initial Value: 1
            IO Voltage: 0
        PORT MAP (
            pa_out => \CapSense:CintB(0)\__PA ,
            analog_term => \CapSense:Net_615\ ,
            pad => \CapSense:CintB(0)_PAD\ );
        Properties:
        {
        }

    Pin : Name = \CapSense:CintA(0)\
        Attributes:
            In Group/Port: True
            In Sync Option: AUTO
            Out Sync Option: AUTO
            Interrupt generated: False
            Interrupt mode: NONE
            Drive mode: HI_Z_ANALOG
            VTrip: CMOS
            Slew: FAST
            Input Sync needed: False
            Output Sync needed: False
            SC shield enabled: False
            POR State: INP_DIS_HI_Z
            LCD Mode: COMMON
            Register Mode: RegComb
            CaSense Mode: NEITHER
            Treat as pin: True
            Is OE Registered: False
            Uses Analog: True
            Can contain Digital: False
            Is SIO: False
            SIO Output Buf: NONREGULATED
            SIO Input Buf: SINGLE_ENDED
            SIO HiFreq: LOW
            SIO Hyst: DISABLED
            SIO Vtrip: MULTIPLIER_0_5
            SIO Multiplier Index: 0
            SIO RefSel: VCC_IO
            Required Capabilities: NONE
            Initial Value: 1
            IO Voltage: 0
        PORT MAP (
            pa_out => \CapSense:CintA(0)\__PA ,
            analog_term => \CapSense:Net_82\ ,
            pad => \CapSense:CintA(0)_PAD\ );
        Properties:
        {
        }

    Pin : Name = \CapSense:Sns(0)\
        Attributes:
            Alias: LinearSlider0_Sns0
            In Group/Port: True
            In Sync Option: AUTO
            Out Sync Option: AUTO
            Interrupt generated: False
            Interrupt mode: NONE
            Drive mode: HI_Z_ANALOG
            VTrip: CMOS
            Slew: FAST
            Input Sync needed: False
            Output Sync needed: False
            SC shield enabled: False
            POR State: INP_DIS_HI_Z
            LCD Mode: COMMON
            Register Mode: RegComb
            CaSense Mode: NEITHER
            Treat as pin: True
            Is OE Registered: False
            Uses Analog: True
            Can contain Digital: False
            Is SIO: False
            SIO Output Buf: NONREGULATED
            SIO Input Buf: SINGLE_ENDED
            SIO HiFreq: LOW
            SIO Hyst: DISABLED
            SIO Vtrip: MULTIPLIER_0_5
            SIO Multiplier Index: 0
            SIO RefSel: VCC_IO
            Required Capabilities: ANALOG
            Initial Value: 1
            IO Voltage: 0
        PORT MAP (
            pa_out => \CapSense:Sns(0)\__PA ,
            analog_term => \CapSense:Net_847_0\ ,
            pad => \CapSense:Sns(0)_PAD\ );
        Properties:
        {
        }

    Pin : Name = \CapSense:Sns(1)\
        Attributes:
            Alias: LinearSlider0_Sns1
            In Group/Port: True
            In Sync Option: AUTO
            Out Sync Option: AUTO
            Interrupt generated: False
            Interrupt mode: NONE
            Drive mode: HI_Z_ANALOG
            VTrip: CMOS
            Slew: FAST
            Input Sync needed: False
            Output Sync needed: False
            SC shield enabled: False
            POR State: INP_DIS_HI_Z
            LCD Mode: COMMON
            Register Mode: RegComb
            CaSense Mode: NEITHER
            Treat as pin: True
            Is OE Registered: False
            Uses Analog: True
            Can contain Digital: False
            Is SIO: False
            SIO Output Buf: NONREGULATED
            SIO Input Buf: SINGLE_ENDED
            SIO HiFreq: LOW
            SIO Hyst: DISABLED
            SIO Vtrip: MULTIPLIER_0_5
            SIO Multiplier Index: 0
            SIO RefSel: VCC_IO
            Required Capabilities: ANALOG
            Initial Value: 1
            IO Voltage: 0
        PORT MAP (
            pa_out => \CapSense:Sns(1)\__PA ,
            analog_term => \CapSense:Net_847_0\ ,
            pad => \CapSense:Sns(1)_PAD\ );
        Properties:
        {
        }

    Pin : Name = \CapSense:Sns(2)\
        Attributes:
            Alias: LinearSlider0_Sns2
            In Group/Port: True
            In Sync Option: AUTO
            Out Sync Option: AUTO
            Interrupt generated: False
            Interrupt mode: NONE
            Drive mode: HI_Z_ANALOG
            VTrip: CMOS
            Slew: FAST
            Input Sync needed: False
            Output Sync needed: False
            SC shield enabled: False
            POR State: INP_DIS_HI_Z
            LCD Mode: COMMON
            Register Mode: RegComb
            CaSense Mode: NEITHER
            Treat as pin: True
            Is OE Registered: False
            Uses Analog: True
            Can contain Digital: False
            Is SIO: False
            SIO Output Buf: NONREGULATED
            SIO Input Buf: SINGLE_ENDED
            SIO HiFreq: LOW
            SIO Hyst: DISABLED
            SIO Vtrip: MULTIPLIER_0_5
            SIO Multiplier Index: 0
            SIO RefSel: VCC_IO
            Required Capabilities: ANALOG
            Initial Value: 1
            IO Voltage: 0
        PORT MAP (
            pa_out => \CapSense:Sns(2)\__PA ,
            analog_term => \CapSense:Net_847_0\ ,
            pad => \CapSense:Sns(2)_PAD\ );
        Properties:
        {
        }

    Pin : Name = \CapSense:Sns(3)\
        Attributes:
            Alias: LinearSlider0_Sns3
            In Group/Port: True
            In Sync Option: AUTO
            Out Sync Option: AUTO
            Interrupt generated: False
            Interrupt mode: NONE
            Drive mode: HI_Z_ANALOG
            VTrip: CMOS
            Slew: FAST
            Input Sync needed: False
            Output Sync needed: False
            SC shield enabled: False
            POR State: INP_DIS_HI_Z
            LCD Mode: COMMON
            Register Mode: RegComb
            CaSense Mode: NEITHER
            Treat as pin: True
            Is OE Registered: False
            Uses Analog: True
            Can contain Digital: False
            Is SIO: False
            SIO Output Buf: NONREGULATED
            SIO Input Buf: SINGLE_ENDED
            SIO HiFreq: LOW
            SIO Hyst: DISABLED
            SIO Vtrip: MULTIPLIER_0_5
            SIO Multiplier Index: 0
            SIO RefSel: VCC_IO
            Required Capabilities: ANALOG
            Initial Value: 1
            IO Voltage: 0
        PORT MAP (
            pa_out => \CapSense:Sns(3)\__PA ,
            analog_term => \CapSense:Net_847_0\ ,
            pad => \CapSense:Sns(3)_PAD\ );
        Properties:
        {
        }

    Pin : Name = \CapSense:Sns(4)\
        Attributes:
            Alias: LinearSlider0_Sns4
            In Group/Port: True
            In Sync Option: AUTO
            Out Sync Option: AUTO
            Interrupt generated: False
            Interrupt mode: NONE
            Drive mode: HI_Z_ANALOG
            VTrip: CMOS
            Slew: FAST
            Input Sync needed: False
            Output Sync needed: False
            SC shield enabled: False
            POR State: INP_DIS_HI_Z
            LCD Mode: COMMON
            Register Mode: RegComb
            CaSense Mode: NEITHER
            Treat as pin: True
            Is OE Registered: False
            Uses Analog: True
            Can contain Digital: False
            Is SIO: False
            SIO Output Buf: NONREGULATED
            SIO Input Buf: SINGLE_ENDED
            SIO HiFreq: LOW
            SIO Hyst: DISABLED
            SIO Vtrip: MULTIPLIER_0_5
            SIO Multiplier Index: 0
            SIO RefSel: VCC_IO
            Required Capabilities: ANALOG
            Initial Value: 1
            IO Voltage: 0
        PORT MAP (
            pa_out => \CapSense:Sns(4)\__PA ,
            analog_term => \CapSense:Net_847_0\ ,
            pad => \CapSense:Sns(4)_PAD\ );
        Properties:
        {
        }

    Pin : Name = \CapSense:Tx(0)\
        Attributes:
            Alias: Button0_Tx
            In Group/Port: True
            In Sync Option: AUTO
            Out Sync Option: AUTO
            Interrupt generated: False
            Interrupt mode: NONE
            Drive mode: HI_Z_ANALOG
            VTrip: CMOS
            Slew: FAST
            Input Sync needed: False
            Output Sync needed: False
            SC shield enabled: False
            POR State: INP_DIS_HI_Z
            LCD Mode: COMMON
            Register Mode: RegComb
            CaSense Mode: NEITHER
            Treat as pin: True
            Is OE Registered: False
            Uses Analog: True
            Can contain Digital: False
            Is SIO: False
            SIO Output Buf: NONREGULATED
            SIO Input Buf: SINGLE_ENDED
            SIO HiFreq: LOW
            SIO Hyst: DISABLED
            SIO Vtrip: MULTIPLIER_0_5
            SIO Multiplier Index: 0
            SIO RefSel: VCC_IO
            Required Capabilities: ANALOG
            Initial Value: 1
            IO Voltage: 0
        PORT MAP (
            pa_out => \CapSense:Tx(0)\__PA ,
            analog_term => \CapSense:Net_848\ ,
            pad => \CapSense:Tx(0)_PAD\ );
        Properties:
        {
        }

    Pin : Name = \I2C_1:scl(0)\
        Attributes:
            In Group/Port: True
            In Sync Option: NOSYNC
            Out Sync Option: NOSYNC
            Interrupt generated: False
            Interrupt mode: NONE
            Drive mode: OPEN_DRAIN_LO
            VTrip: CMOS
            Slew: FAST
            Input Sync needed: False
            Output Sync needed: False
            SC shield enabled: False
            POR State: INP_DIS_HI_Z
            LCD Mode: COMMON
            Register Mode: RegComb
            CaSense Mode: NEITHER
            Treat as pin: True
            Is OE Registered: False
            Uses Analog: False
            Can contain Digital: True
            Is SIO: False
            SIO Output Buf: NONREGULATED
            SIO Input Buf: SINGLE_ENDED
            SIO HiFreq: LOW
            SIO Hyst: DISABLED
            SIO Vtrip: MULTIPLIER_0_5
            SIO Multiplier Index: 0
            SIO RefSel: VCC_IO
            Required Capabilities: DIGITAL
            Initial Value: 1
            IO Voltage: 0
        PORT MAP (
            pa_out => \I2C_1:scl(0)\__PA ,
            fb => Net_16 ,
            pad => \I2C_1:scl(0)_PAD\ );
        Properties:
        {
        }

    Pin : Name = \I2C_1:sda(0)\
        Attributes:
            In Group/Port: True
            In Sync Option: NOSYNC
            Out Sync Option: NOSYNC
            Interrupt generated: False
            Interrupt mode: NONE
            Drive mode: OPEN_DRAIN_LO
            VTrip: CMOS
            Slew: FAST
            Input Sync needed: False
            Output Sync needed: False
            SC shield enabled: False
            POR State: INP_DIS_HI_Z
            LCD Mode: COMMON
            Register Mode: RegComb
            CaSense Mode: NEITHER
            Treat as pin: True
            Is OE Registered: False
            Uses Analog: False
            Can contain Digital: True
            Is SIO: False
            SIO Output Buf: NONREGULATED
            SIO Input Buf: SINGLE_ENDED
            SIO HiFreq: LOW
            SIO Hyst: DISABLED
            SIO Vtrip: MULTIPLIER_0_5
            SIO Multiplier Index: 0
            SIO RefSel: VCC_IO
            Required Capabilities: DIGITAL
            Initial Value: 1
            IO Voltage: 0
        PORT MAP (
            pa_out => \I2C_1:sda(0)\__PA ,
            fb => Net_17 ,
            pad => \I2C_1:sda(0)_PAD\ );
        Properties:
        {
        }

    Pin : Name = LED8(0)
        Attributes:
            In Group/Port: True
            In Sync Option: AUTO
            Out Sync Option: NOSYNC
            Interrupt generated: False
            Interrupt mode: NONE
            Drive mode: CMOS_OUT
            VTrip: CMOS
            Slew: FAST
            Input Sync needed: False
            Output Sync needed: False
            SC shield enabled: False
            POR State: INP_DIS_HI_Z
            LCD Mode: COMMON
            Register Mode: RegComb
            CaSense Mode: NEITHER
            Treat as pin: True
            Is OE Registered: False
            Uses Analog: False
            Can contain Digital: True
            Is SIO: False
            SIO Output Buf: NONREGULATED
            SIO Input Buf: SINGLE_ENDED
            SIO HiFreq: LOW
            SIO Hyst: DISABLED
            SIO Vtrip: MULTIPLIER_0_5
            SIO Multiplier Index: 0
            SIO RefSel: VCC_IO
            Required Capabilities: DIGITAL
            Initial Value: 1
            IO Voltage: 0
        PORT MAP (
            pa_out => LED8(0)__PA ,
            pad => LED8(0)_PAD );
        Properties:
        {
        }
    </CYPRESSTAG>
    <CYPRESSTAG name="Macrocell listing" icon="FILE_RPT_EQUATION">
    </CYPRESSTAG>
    <CYPRESSTAG name="Datapath listing">
    </CYPRESSTAG>
    <CYPRESSTAG name="Status register listing">
    </CYPRESSTAG>
    <CYPRESSTAG name="StatusI register listing">
    </CYPRESSTAG>
    <CYPRESSTAG name="Sync listing">
    </CYPRESSTAG>
    <CYPRESSTAG name="Control register listing">
    </CYPRESSTAG>
    <CYPRESSTAG name="Count7 listing">
    </CYPRESSTAG>
    <CYPRESSTAG name="DRQ listing">
    </CYPRESSTAG>
    <CYPRESSTAG name="Interrupt listing">

    ------------------------------------------------------------
    Interrupt listing
    ------------------------------------------------------------

    interrupt: Name =\BLE_1:bless_isr\
        PORT MAP (
            interrupt => \BLE_1:Net_1\ );
        Properties:
        {
            cy_registers = ""
            deepsleep_required = 1
            int_type = "10"
        }

    interrupt: Name =\UART:SCB_IRQ\
        PORT MAP (
            interrupt => \UART:intr_wire\ );
        Properties:
        {
            cy_registers = ""
            deepsleep_required = 0
            int_type = "10"
        }

    interrupt: Name =\CapSense:ISR\
        PORT MAP (
            interrupt => \CapSense:Net_849\ );
        Properties:
        {
            cy_registers = ""
            deepsleep_required = 0
            int_type = "10"
        }

    interrupt: Name =\I2C_1:SCB_IRQ\
        PORT MAP (
            interrupt => \I2C_1:intr_wire\ );
        Properties:
        {
            cy_registers = ""
            deepsleep_required = 0
            int_type = "10"
        }
    </CYPRESSTAG>
</CYPRESSTAG>
<CYPRESSTAG name="Technology mapping summary" expanded>

------------------------------------------------------------
Technology mapping summary
------------------------------------------------------------

Resource Type                 : Used : Free :  Max :  % Used
============================================================
Digital Clocks                :    0 :    8 :    8 :  0.00 %
Crypto Accelerator            :    0 :    1 :    1 :  0.00 %
Interrupts [CM0+]             :    6 :   26 :   32 : 18.75 %
Interrupts [CM4]              :    3 :  144 :  147 :  2.04 %
IO                            :   21 :   57 :   78 : 26.92 %
Interprocessor Communication  :    0 :   16 :   16 :  0.00 %
MCWDT                         :    0 :    2 :    2 :  0.00 %
CapSense                      :    1 :    0 :    1 : 100.00 %
Energy Profiler               :    0 :    1 :    1 :  0.00 %
Real Time Clock               :    0 :    1 :    1 :  0.00 %
Bluetooth Low Energy          :    1 :    0 :    1 : 100.00 %
I2S                           :    0 :    1 :    1 :  0.00 %
PDM/PCM                       :    0 :    1 :    1 :  0.00 %
SCB                           :    2 :    7 :    9 : 22.22 %
Serial Memory Interface       :    0 :    1 :    1 :  0.00 %
DMA Channels                  :    0 :   32 :   32 :  0.00 %
LCD                           :    0 :    1 :    1 :  0.00 %
SmartIO                       :    0 :    2 :    2 :  0.00 %
TCPWM                         :    0 :   32 :   32 :  0.00 %
UDB                           :      :      :      :        
  Macrocells                  :    0 :   96 :   96 :  0.00 %
  Unique P-terms              :    0 :  192 :  192 :  0.00 %
  Total P-terms               :    0 :      :      :        
  Datapath Cells              :    0 :   12 :   12 :  0.00 %
  Status Cells                :    0 :   12 :   12 :  0.00 %
  Control Cells               :    0 :   12 :   12 :  0.00 %
7-Bit IDAC                    :    2 :    0 :    2 : 100.00 %
Continuous Time DAC           :    0 :    1 :    1 :  0.00 %
LP Comparator                 :    0 :    2 :    2 :  0.00 %
Opamp                         :    0 :    2 :    2 :  0.00 %
Sample and Hold               :    0 :    1 :    1 :  0.00 %
SAR ADC                       :    0 :    1 :    1 :  0.00 %
DieTemp Sensor                :    0 :    1 :    1 :  0.00 %
</CYPRESSTAG>
Technology Mapping: Elapsed time ==> 0s.370ms
Tech Mapping phase: Elapsed time ==> 0s.779ms
</CYPRESSTAG>
<CYPRESSTAG name="Analog Placement">
<CYPRESSTAG name="FFB & IO Pre Placement">
<CYPRESSTAG name="Placement" icon="FILE_RPT_PLACEMENT">

Cell                                : Block                              
=========================================================================
CY_SRSS_WCO_IN(0)                   : [IOP=(0)][IoId=(0)]                
CY_SRSS_WCO_OUT(0)                  : [IOP=(0)][IoId=(1)]                
CY_CPUSS_SWJ_SWCLK_TCLK(0)          : [IOP=(6)][IoId=(7)]                
CY_CPUSS_SWJ_SWDIO_TMS(0)           : [IOP=(6)][IoId=(6)]                
\UART:tx(0)\                        : [IOP=(5)][IoId=(1)]                
\UART:rx(0)\                        : [IOP=(5)][IoId=(0)]                
LED9(0)                             : [IOP=(13)][IoId=(7)]               
\CapSense:Cmod(0)\                  : [IOP=(7)][IoId=(7)]                
\CapSense:Rx(0)\                    : [IOP=(8)][IoId=(1)]                
\CapSense:Rx(1)\                    : [IOP=(8)][IoId=(2)]                
\CapSense:CintB(0)\                 : [IOP=(7)][IoId=(2)]                
\CapSense:CintA(0)\                 : [IOP=(7)][IoId=(1)]                
\CapSense:Sns(0)\                   : [IOP=(8)][IoId=(3)]                
\CapSense:Sns(1)\                   : [IOP=(8)][IoId=(4)]                
\CapSense:Sns(2)\                   : [IOP=(8)][IoId=(5)]                
\CapSense:Sns(3)\                   : [IOP=(8)][IoId=(6)]                
\CapSense:Sns(4)\                   : [IOP=(8)][IoId=(7)]                
\CapSense:Tx(0)\                    : [IOP=(1)][IoId=(0)]                
\I2C_1:scl(0)\                      : [IOP=(6)][IoId=(0)]                
\I2C_1:sda(0)\                      : [IOP=(6)][IoId=(1)]                
LED8(0)                             : [IOP=(1)][IoId=(5)]                
ClockGenBlock                       : CLK_GEN_[FFB(CLK_GEN,0)]           
SRSS                                : SRSS_[FFB(SRSS,0)]                 
CPUSS                               : CPUSS_[FFB(CPUSS,0)]               
\BLE_1:cy_mxs40_ble\                : BLE_[FFB(BLE,0)]                   
\UART:SCB\                          : SCB_[FFB(SCB,5)]                   
\CapSense:CSD\                      : CSD_[FFB(CSD,0)]                   
\I2C_1:SCB\                         : SCB_[FFB(SCB,3)]                   
\CapSense:IDACMod\                  : CSIDAC7_[FFB(CSIDAC7,0)]           
\CapSense:IDACComp\                 : CSIDAC7_[FFB(CSIDAC7,1)]           

</CYPRESSTAG>
</CYPRESSTAG>
<CYPRESSTAG name="Real Analog Placement">
Elapsed time ==> 0.5810619s
</CYPRESSTAG>
Analog Placement phase: Elapsed time ==> 5s.002ms
</CYPRESSTAG>
<CYPRESSTAG name="Analog Routing">
<CYPRESSTAG name="Analog Routing">
Route success=True, Iterations=1 Elapsed=0.0415206 secs
</CYPRESSTAG>
Analog Routing phase: Elapsed time ==> 0s.048ms
</CYPRESSTAG>
<CYPRESSTAG name="Analog Code Generation">
============ Analog Final Answer Routes ============
Dump of CyAnalogRoutingResultsDB
Map of net to items {
  Net: SRSS_wco_in {
    p0_0
    swh_3
    Net_44761
  }
  Net: SRSS_wco_out {
    Net_44763
    swh_4
    p0_1
  }
  Net: \CapSense:Net_34\ {
  }
  Net: \CapSense:Net_847_0\ {
    CSD0_sense_internal
    CSD0_source_v
    CSD0_sense
    CSD0_BYA
    amuxbusa_csd1
    AMUXSPLIT4_SWITCH_AA_SL
    amuxbridge_a_csd1_csd0
    AMUXSPLIT4_SWITCH_AA_SR
    amuxbusa_csd0
    P8_P47
    p8_7
    P8_P44
    p8_4
    P8_P43
    p8_3
    P8_P46
    p8_6
    P8_P45
    p8_5
    P8_P41
    p8_1
    P8_P42
    p8_2
    P7_P47
    p7_7
    CSD0_idac1_out
    CSD0_IAIB
    CSD0_idac0_out
    CSD0_source_idac_v
    P7_P42
    p7_2
    P7_P52
    P7_P41
    p7_1
    AMUXSPLIT2_SWITCH_AA_SL
    amuxbridge_a_csd0_noisy
    AMUXSPLIT2_SWITCH_AA_SR
    amuxbusa_noisy
    P1_P40
    p1_0
  }
  Net: \CapSense:Net_850\ {
  }
}
Map of item to net {
  p0_0                                             -> SRSS_wco_in
  swh_3                                            -> SRSS_wco_in
  Net_44761                                        -> SRSS_wco_in
  Net_44763                                        -> SRSS_wco_out
  swh_4                                            -> SRSS_wco_out
  p0_1                                             -> SRSS_wco_out
  CSD0_sense_internal                              -> \CapSense:Net_847_0\
  CSD0_source_v                                    -> \CapSense:Net_847_0\
  CSD0_sense                                       -> \CapSense:Net_847_0\
  CSD0_BYA                                         -> \CapSense:Net_847_0\
  amuxbusa_csd1                                    -> \CapSense:Net_847_0\
  AMUXSPLIT4_SWITCH_AA_SL                          -> \CapSense:Net_847_0\
  amuxbridge_a_csd1_csd0                           -> \CapSense:Net_847_0\
  AMUXSPLIT4_SWITCH_AA_SR                          -> \CapSense:Net_847_0\
  amuxbusa_csd0                                    -> \CapSense:Net_847_0\
  P8_P47                                           -> \CapSense:Net_847_0\
  p8_7                                             -> \CapSense:Net_847_0\
  P8_P44                                           -> \CapSense:Net_847_0\
  p8_4                                             -> \CapSense:Net_847_0\
  P8_P43                                           -> \CapSense:Net_847_0\
  p8_3                                             -> \CapSense:Net_847_0\
  P8_P46                                           -> \CapSense:Net_847_0\
  p8_6                                             -> \CapSense:Net_847_0\
  P8_P45                                           -> \CapSense:Net_847_0\
  p8_5                                             -> \CapSense:Net_847_0\
  P8_P41                                           -> \CapSense:Net_847_0\
  p8_1                                             -> \CapSense:Net_847_0\
  P8_P42                                           -> \CapSense:Net_847_0\
  p8_2                                             -> \CapSense:Net_847_0\
  P7_P47                                           -> \CapSense:Net_847_0\
  p7_7                                             -> \CapSense:Net_847_0\
  CSD0_idac1_out                                   -> \CapSense:Net_847_0\
  CSD0_IAIB                                        -> \CapSense:Net_847_0\
  CSD0_idac0_out                                   -> \CapSense:Net_847_0\
  CSD0_source_idac_v                               -> \CapSense:Net_847_0\
  P7_P42                                           -> \CapSense:Net_847_0\
  p7_2                                             -> \CapSense:Net_847_0\
  P7_P52                                           -> \CapSense:Net_847_0\
  P7_P41                                           -> \CapSense:Net_847_0\
  p7_1                                             -> \CapSense:Net_847_0\
  AMUXSPLIT2_SWITCH_AA_SL                          -> \CapSense:Net_847_0\
  amuxbridge_a_csd0_noisy                          -> \CapSense:Net_847_0\
  AMUXSPLIT2_SWITCH_AA_SR                          -> \CapSense:Net_847_0\
  amuxbusa_noisy                                   -> \CapSense:Net_847_0\
  P1_P40                                           -> \CapSense:Net_847_0\
  p1_0                                             -> \CapSense:Net_847_0\
}
Mux Info {
}
Analog Code Generation phase: Elapsed time ==> 0s.082ms
</CYPRESSTAG>
<CYPRESSTAG name="Digital Placement">
<CYPRESSTAG name="Detailed placement messages">
I2659: No Constrained paths were found. The placer will run in non-timing driven mode.
I2076: Total run-time: 1.3 sec.

</CYPRESSTAG>
<CYPRESSTAG name="PLD Packing">
<CYPRESSTAG name="PLD Packing Summary">
No PLDs were packed.
</CYPRESSTAG>
PLD Packing: Elapsed time ==> 0s.000ms
</CYPRESSTAG>
<CYPRESSTAG name="Partitioning">
<CYPRESSTAG name="Initial Partitioning Summary">
Initial Partitioning Summary not displayed at this verbose level.</CYPRESSTAG>
<CYPRESSTAG name="Final Partitioning Summary">
Final Partitioning Summary not displayed at this verbose level.</CYPRESSTAG>
Partitioning: Elapsed time ==> 0s.046ms
</CYPRESSTAG>
<CYPRESSTAG name="Final Placement Summary">

------------------------------------------------------------
Final Placement Summary
------------------------------------------------------------

       Resource Type :      Count : Avg Inputs : Avg Outputs
    ========================================================
                 UDB :          0 :       0.00 :       0.00
<CYPRESSTAG name="Final Placement Details">
<CYPRESSTAG name="Component Details">

------------------------------------------------------------
Component Placement Details
------------------------------------------------------------
UDB [UDB=(0,0)] is empty.
UDB [UDB=(0,1)] is empty.
UDB [UDB=(0,2)] is empty.
UDB [UDB=(0,3)] is empty.
UDB [UDB=(0,4)] is empty.
UDB [UDB=(0,5)] is empty.
UDB [UDB=(1,0)] is empty.
UDB [UDB=(1,1)] is empty.
UDB [UDB=(1,2)] is empty.
UDB [UDB=(1,3)] is empty.
UDB [UDB=(1,4)] is empty.
UDB [UDB=(1,5)] is empty.
Intr container @ [IntrContainer=(0)]: 
  Intr@ [IntrContainer=(0)][IntrId=(24)] 
    interrupt: Name =\BLE_1:bless_isr\
        PORT MAP (
            interrupt => \BLE_1:Net_1\ );
        Properties:
        {
            cy_registers = ""
            deepsleep_required = 1
            int_type = "10"
        }
  Intr@ [IntrContainer=(0)][IntrId=(44)] 
    interrupt: Name =\I2C_1:SCB_IRQ\
        PORT MAP (
            interrupt => \I2C_1:intr_wire\ );
        Properties:
        {
            cy_registers = ""
            deepsleep_required = 0
            int_type = "10"
        }
  Intr@ [IntrContainer=(0)][IntrId=(46)] 
    interrupt: Name =\UART:SCB_IRQ\
        PORT MAP (
            interrupt => \UART:intr_wire\ );
        Properties:
        {
            cy_registers = ""
            deepsleep_required = 0
            int_type = "10"
        }
  Intr@ [IntrContainer=(0)][IntrId=(49)] 
    interrupt: Name =\CapSense:ISR\
        PORT MAP (
            interrupt => \CapSense:Net_849\ );
        Properties:
        {
            cy_registers = ""
            deepsleep_required = 0
            int_type = "10"
        }
Drq container @ [DrqContainer=(0)]: empty
Port 0 contains the following IO cells:
[IoId=0]: 
Pin : Name = CY_SRSS_WCO_IN(0)
    Attributes:
        In Group/Port: True
        In Sync Option: AUTO
        Out Sync Option: AUTO
        Interrupt generated: False
        Interrupt mode: NONE
        Drive mode: HI_Z_ANALOG
        VTrip: CMOS
        Slew: FAST
        Input Sync needed: False
        Output Sync needed: False
        SC shield enabled: False
        POR State: INP_DIS_HI_Z
        LCD Mode: COMMON
        Register Mode: RegComb
        CaSense Mode: NEITHER
        Treat as pin: True
        Is OE Registered: False
        Uses Analog: True
        Can contain Digital: True
        Is SIO: False
        SIO Output Buf: NONREGULATED
        SIO Input Buf: SINGLE_ENDED
        SIO HiFreq: LOW
        SIO Hyst: DISABLED
        SIO Vtrip: MULTIPLIER_0_5
        SIO Multiplier Index: 0
        SIO RefSel: VCC_IO
        Required Capabilities: NONE
        Initial Value: 0
        IO Voltage: 0
    PORT MAP (
        pa_out => CY_SRSS_WCO_IN(0)__PA ,
        analog_term => SRSS_wco_in );
    Properties:
    {
    }

[IoId=1]: 
Pin : Name = CY_SRSS_WCO_OUT(0)
    Attributes:
        In Group/Port: True
        In Sync Option: AUTO
        Out Sync Option: AUTO
        Interrupt generated: False
        Interrupt mode: NONE
        Drive mode: HI_Z_ANALOG
        VTrip: CMOS
        Slew: FAST
        Input Sync needed: False
        Output Sync needed: False
        SC shield enabled: False
        POR State: INP_DIS_HI_Z
        LCD Mode: COMMON
        Register Mode: RegComb
        CaSense Mode: NEITHER
        Treat as pin: True
        Is OE Registered: False
        Uses Analog: True
        Can contain Digital: True
        Is SIO: False
        SIO Output Buf: NONREGULATED
        SIO Input Buf: SINGLE_ENDED
        SIO HiFreq: LOW
        SIO Hyst: DISABLED
        SIO Vtrip: MULTIPLIER_0_5
        SIO Multiplier Index: 0
        SIO RefSel: VCC_IO
        Required Capabilities: NONE
        Initial Value: 0
        IO Voltage: 0
    PORT MAP (
        pa_out => CY_SRSS_WCO_OUT(0)__PA ,
        analog_term => SRSS_wco_out );
    Properties:
    {
    }

Port 1 contains the following IO cells:
[IoId=0]: 
Pin : Name = \CapSense:Tx(0)\
    Attributes:
        Alias: Button0_Tx
        In Group/Port: True
        In Sync Option: AUTO
        Out Sync Option: AUTO
        Interrupt generated: False
        Interrupt mode: NONE
        Drive mode: HI_Z_ANALOG
        VTrip: CMOS
        Slew: FAST
        Input Sync needed: False
        Output Sync needed: False
        SC shield enabled: False
        POR State: INP_DIS_HI_Z
        LCD Mode: COMMON
        Register Mode: RegComb
        CaSense Mode: NEITHER
        Treat as pin: True
        Is OE Registered: False
        Uses Analog: True
        Can contain Digital: False
        Is SIO: False
        SIO Output Buf: NONREGULATED
        SIO Input Buf: SINGLE_ENDED
        SIO HiFreq: LOW
        SIO Hyst: DISABLED
        SIO Vtrip: MULTIPLIER_0_5
        SIO Multiplier Index: 0
        SIO RefSel: VCC_IO
        Required Capabilities: ANALOG
        Initial Value: 1
        IO Voltage: 0
    PORT MAP (
        pa_out => \CapSense:Tx(0)\__PA ,
        analog_term => \CapSense:Net_847_0\ ,
        pad => \CapSense:Tx(0)_PAD\ );
    Properties:
    {
    }

[IoId=5]: 
Pin : Name = LED8(0)
    Attributes:
        In Group/Port: True
        In Sync Option: AUTO
        Out Sync Option: NOSYNC
        Interrupt generated: False
        Interrupt mode: NONE
        Drive mode: CMOS_OUT
        VTrip: CMOS
        Slew: FAST
        Input Sync needed: False
        Output Sync needed: False
        SC shield enabled: False
        POR State: INP_DIS_HI_Z
        LCD Mode: COMMON
        Register Mode: RegComb
        CaSense Mode: NEITHER
        Treat as pin: True
        Is OE Registered: False
        Uses Analog: False
        Can contain Digital: True
        Is SIO: False
        SIO Output Buf: NONREGULATED
        SIO Input Buf: SINGLE_ENDED
        SIO HiFreq: LOW
        SIO Hyst: DISABLED
        SIO Vtrip: MULTIPLIER_0_5
        SIO Multiplier Index: 0
        SIO RefSel: VCC_IO
        Required Capabilities: DIGITAL
        Initial Value: 1
        IO Voltage: 0
    PORT MAP (
        pa_out => LED8(0)__PA ,
        pad => LED8(0)_PAD );
    Properties:
    {
    }

Port 5 contains the following IO cells:
[IoId=0]: 
Pin : Name = \UART:rx(0)\
    Attributes:
        In Group/Port: True
        In Sync Option: NOSYNC
        Out Sync Option: AUTO
        Interrupt generated: False
        Interrupt mode: NONE
        Drive mode: HI_Z_ANALOG
        VTrip: CMOS
        Slew: FAST
        Input Sync needed: False
        Output Sync needed: False
        SC shield enabled: False
        POR State: INP_DIS_HI_Z
        LCD Mode: COMMON
        Register Mode: RegComb
        CaSense Mode: NEITHER
        Treat as pin: True
        Is OE Registered: False
        Uses Analog: False
        Can contain Digital: True
        Is SIO: False
        SIO Output Buf: NONREGULATED
        SIO Input Buf: SINGLE_ENDED
        SIO HiFreq: LOW
        SIO Hyst: DISABLED
        SIO Vtrip: MULTIPLIER_0_5
        SIO Multiplier Index: 0
        SIO RefSel: VCC_IO
        Required Capabilities: DIGITAL
        Initial Value: 1
        IO Voltage: 0
    PORT MAP (
        pa_out => \UART:rx(0)\__PA ,
        fb => \UART:Net_1172\ ,
        pad => \UART:rx(0)_PAD\ );
    Properties:
    {
    }

[IoId=1]: 
Pin : Name = \UART:tx(0)\
    Attributes:
        In Group/Port: True
        In Sync Option: AUTO
        Out Sync Option: NOSYNC
        Interrupt generated: False
        Interrupt mode: NONE
        Drive mode: CMOS_OUT
        VTrip: CMOS
        Slew: FAST
        Input Sync needed: False
        Output Sync needed: False
        SC shield enabled: False
        POR State: INP_DIS_HI_Z
        LCD Mode: COMMON
        Register Mode: RegComb
        CaSense Mode: NEITHER
        Treat as pin: True
        Is OE Registered: False
        Uses Analog: False
        Can contain Digital: True
        Is SIO: False
        SIO Output Buf: NONREGULATED
        SIO Input Buf: SINGLE_ENDED
        SIO HiFreq: LOW
        SIO Hyst: DISABLED
        SIO Vtrip: MULTIPLIER_0_5
        SIO Multiplier Index: 0
        SIO RefSel: VCC_IO
        Required Capabilities: DIGITAL
        Initial Value: 1
        IO Voltage: 0
    PORT MAP (
        pa_out => \UART:tx(0)\__PA ,
        pin_input => \UART:tx_wire\ ,
        pad => \UART:tx(0)_PAD\ );
    Properties:
    {
    }

Port 6 contains the following IO cells:
[IoId=0]: 
Pin : Name = \I2C_1:scl(0)\
    Attributes:
        In Group/Port: True
        In Sync Option: NOSYNC
        Out Sync Option: NOSYNC
        Interrupt generated: False
        Interrupt mode: NONE
        Drive mode: OPEN_DRAIN_LO
        VTrip: CMOS
        Slew: FAST
        Input Sync needed: False
        Output Sync needed: False
        SC shield enabled: False
        POR State: INP_DIS_HI_Z
        LCD Mode: COMMON
        Register Mode: RegComb
        CaSense Mode: NEITHER
        Treat as pin: True
        Is OE Registered: False
        Uses Analog: False
        Can contain Digital: True
        Is SIO: False
        SIO Output Buf: NONREGULATED
        SIO Input Buf: SINGLE_ENDED
        SIO HiFreq: LOW
        SIO Hyst: DISABLED
        SIO Vtrip: MULTIPLIER_0_5
        SIO Multiplier Index: 0
        SIO RefSel: VCC_IO
        Required Capabilities: DIGITAL
        Initial Value: 1
        IO Voltage: 0
    PORT MAP (
        pa_out => \I2C_1:scl(0)\__PA ,
        fb => Net_16 ,
        pad => \I2C_1:scl(0)_PAD\ );
    Properties:
    {
    }

[IoId=1]: 
Pin : Name = \I2C_1:sda(0)\
    Attributes:
        In Group/Port: True
        In Sync Option: NOSYNC
        Out Sync Option: NOSYNC
        Interrupt generated: False
        Interrupt mode: NONE
        Drive mode: OPEN_DRAIN_LO
        VTrip: CMOS
        Slew: FAST
        Input Sync needed: False
        Output Sync needed: False
        SC shield enabled: False
        POR State: INP_DIS_HI_Z
        LCD Mode: COMMON
        Register Mode: RegComb
        CaSense Mode: NEITHER
        Treat as pin: True
        Is OE Registered: False
        Uses Analog: False
        Can contain Digital: True
        Is SIO: False
        SIO Output Buf: NONREGULATED
        SIO Input Buf: SINGLE_ENDED
        SIO HiFreq: LOW
        SIO Hyst: DISABLED
        SIO Vtrip: MULTIPLIER_0_5
        SIO Multiplier Index: 0
        SIO RefSel: VCC_IO
        Required Capabilities: DIGITAL
        Initial Value: 1
        IO Voltage: 0
    PORT MAP (
        pa_out => \I2C_1:sda(0)\__PA ,
        fb => Net_17 ,
        pad => \I2C_1:sda(0)_PAD\ );
    Properties:
    {
    }

[IoId=6]: 
Pin : Name = CY_CPUSS_SWJ_SWDIO_TMS(0)
    Attributes:
        In Group/Port: True
        In Sync Option: AUTO
        Out Sync Option: AUTO
        Interrupt generated: False
        Interrupt mode: NONE
        Drive mode: RES_PULL_UP
        VTrip: CMOS
        Slew: FAST
        Input Sync needed: False
        Output Sync needed: False
        SC shield enabled: False
        POR State: INP_DIS_HI_Z
        LCD Mode: COMMON
        Register Mode: RegComb
        CaSense Mode: NEITHER
        Treat as pin: True
        Is OE Registered: False
        Uses Analog: False
        Can contain Digital: True
        Is SIO: False
        SIO Output Buf: NONREGULATED
        SIO Input Buf: SINGLE_ENDED
        SIO HiFreq: LOW
        SIO Hyst: DISABLED
        SIO Vtrip: MULTIPLIER_0_5
        SIO Multiplier Index: 0
        SIO RefSel: VCC_IO
        Required Capabilities: DIGITAL
        Initial Value: 0
        IO Voltage: 0
    PORT MAP (
        pa_out => CY_CPUSS_SWJ_SWDIO_TMS(0)__PA ,
        fb => CPUSS_swj_swdio_tms );
    Properties:
    {
    }

[IoId=7]: 
Pin : Name = CY_CPUSS_SWJ_SWCLK_TCLK(0)
    Attributes:
        In Group/Port: True
        In Sync Option: AUTO
        Out Sync Option: AUTO
        Interrupt generated: False
        Interrupt mode: NONE
        Drive mode: RES_PULL_DOWN
        VTrip: CMOS
        Slew: FAST
        Input Sync needed: False
        Output Sync needed: False
        SC shield enabled: False
        POR State: INP_DIS_HI_Z
        LCD Mode: COMMON
        Register Mode: RegComb
        CaSense Mode: NEITHER
        Treat as pin: True
        Is OE Registered: False
        Uses Analog: False
        Can contain Digital: True
        Is SIO: False
        SIO Output Buf: NONREGULATED
        SIO Input Buf: SINGLE_ENDED
        SIO HiFreq: LOW
        SIO Hyst: DISABLED
        SIO Vtrip: MULTIPLIER_0_5
        SIO Multiplier Index: 0
        SIO RefSel: VCC_IO
        Required Capabilities: DIGITAL
        Initial Value: 0
        IO Voltage: 0
    PORT MAP (
        pa_out => CY_CPUSS_SWJ_SWCLK_TCLK(0)__PA ,
        fb => CPUSS_swj_swclk_tclk );
    Properties:
    {
    }

Port 7 contains the following IO cells:
[IoId=1]: 
Pin : Name = \CapSense:CintA(0)\
    Attributes:
        In Group/Port: True
        In Sync Option: AUTO
        Out Sync Option: AUTO
        Interrupt generated: False
        Interrupt mode: NONE
        Drive mode: HI_Z_ANALOG
        VTrip: CMOS
        Slew: FAST
        Input Sync needed: False
        Output Sync needed: False
        SC shield enabled: False
        POR State: INP_DIS_HI_Z
        LCD Mode: COMMON
        Register Mode: RegComb
        CaSense Mode: NEITHER
        Treat as pin: True
        Is OE Registered: False
        Uses Analog: True
        Can contain Digital: False
        Is SIO: False
        SIO Output Buf: NONREGULATED
        SIO Input Buf: SINGLE_ENDED
        SIO HiFreq: LOW
        SIO Hyst: DISABLED
        SIO Vtrip: MULTIPLIER_0_5
        SIO Multiplier Index: 0
        SIO RefSel: VCC_IO
        Required Capabilities: NONE
        Initial Value: 1
        IO Voltage: 0
    PORT MAP (
        pa_out => \CapSense:CintA(0)\__PA ,
        analog_term => \CapSense:Net_847_0\ ,
        pad => \CapSense:CintA(0)_PAD\ );
    Properties:
    {
    }

[IoId=2]: 
Pin : Name = \CapSense:CintB(0)\
    Attributes:
        In Group/Port: True
        In Sync Option: AUTO
        Out Sync Option: AUTO
        Interrupt generated: False
        Interrupt mode: NONE
        Drive mode: HI_Z_ANALOG
        VTrip: CMOS
        Slew: FAST
        Input Sync needed: False
        Output Sync needed: False
        SC shield enabled: False
        POR State: INP_DIS_HI_Z
        LCD Mode: COMMON
        Register Mode: RegComb
        CaSense Mode: NEITHER
        Treat as pin: True
        Is OE Registered: False
        Uses Analog: True
        Can contain Digital: False
        Is SIO: False
        SIO Output Buf: NONREGULATED
        SIO Input Buf: SINGLE_ENDED
        SIO HiFreq: LOW
        SIO Hyst: DISABLED
        SIO Vtrip: MULTIPLIER_0_5
        SIO Multiplier Index: 0
        SIO RefSel: VCC_IO
        Required Capabilities: NONE
        Initial Value: 1
        IO Voltage: 0
    PORT MAP (
        pa_out => \CapSense:CintB(0)\__PA ,
        analog_term => \CapSense:Net_847_0\ ,
        pad => \CapSense:CintB(0)_PAD\ );
    Properties:
    {
    }

[IoId=7]: 
Pin : Name = \CapSense:Cmod(0)\
    Attributes:
        Alias: Cmod
        In Group/Port: True
        In Sync Option: AUTO
        Out Sync Option: AUTO
        Interrupt generated: False
        Interrupt mode: NONE
        Drive mode: HI_Z_ANALOG
        VTrip: CMOS
        Slew: FAST
        Input Sync needed: False
        Output Sync needed: False
        SC shield enabled: False
        POR State: INP_DIS_HI_Z
        LCD Mode: COMMON
        Register Mode: RegComb
        CaSense Mode: NEITHER
        Treat as pin: True
        Is OE Registered: False
        Uses Analog: True
        Can contain Digital: False
        Is SIO: False
        SIO Output Buf: NONREGULATED
        SIO Input Buf: SINGLE_ENDED
        SIO HiFreq: LOW
        SIO Hyst: DISABLED
        SIO Vtrip: MULTIPLIER_0_5
        SIO Multiplier Index: 0
        SIO RefSel: VCC_IO
        Required Capabilities: ANALOG
        Initial Value: 1
        IO Voltage: 0
    PORT MAP (
        pa_out => \CapSense:Cmod(0)\__PA ,
        analog_term => \CapSense:Net_847_0\ ,
        pad => \CapSense:Cmod(0)_PAD\ );
    Properties:
    {
    }

Port 8 contains the following IO cells:
[IoId=1]: 
Pin : Name = \CapSense:Rx(0)\
    Attributes:
        Alias: Button0_Rx0
        In Group/Port: True
        In Sync Option: AUTO
        Out Sync Option: AUTO
        Interrupt generated: False
        Interrupt mode: NONE
        Drive mode: HI_Z_ANALOG
        VTrip: CMOS
        Slew: FAST
        Input Sync needed: False
        Output Sync needed: False
        SC shield enabled: False
        POR State: INP_DIS_HI_Z
        LCD Mode: COMMON
        Register Mode: RegComb
        CaSense Mode: NEITHER
        Treat as pin: True
        Is OE Registered: False
        Uses Analog: True
        Can contain Digital: False
        Is SIO: False
        SIO Output Buf: NONREGULATED
        SIO Input Buf: SINGLE_ENDED
        SIO HiFreq: LOW
        SIO Hyst: DISABLED
        SIO Vtrip: MULTIPLIER_0_5
        SIO Multiplier Index: 0
        SIO RefSel: VCC_IO
        Required Capabilities: ANALOG
        Initial Value: 1
        IO Voltage: 0
    PORT MAP (
        pa_out => \CapSense:Rx(0)\__PA ,
        analog_term => \CapSense:Net_847_0\ ,
        pad => \CapSense:Rx(0)_PAD\ );
    Properties:
    {
    }

[IoId=2]: 
Pin : Name = \CapSense:Rx(1)\
    Attributes:
        Alias: Button1_Rx0
        In Group/Port: True
        In Sync Option: AUTO
        Out Sync Option: AUTO
        Interrupt generated: False
        Interrupt mode: NONE
        Drive mode: HI_Z_ANALOG
        VTrip: CMOS
        Slew: FAST
        Input Sync needed: False
        Output Sync needed: False
        SC shield enabled: False
        POR State: INP_DIS_HI_Z
        LCD Mode: COMMON
        Register Mode: RegComb
        CaSense Mode: NEITHER
        Treat as pin: True
        Is OE Registered: False
        Uses Analog: True
        Can contain Digital: False
        Is SIO: False
        SIO Output Buf: NONREGULATED
        SIO Input Buf: SINGLE_ENDED
        SIO HiFreq: LOW
        SIO Hyst: DISABLED
        SIO Vtrip: MULTIPLIER_0_5
        SIO Multiplier Index: 0
        SIO RefSel: VCC_IO
        Required Capabilities: ANALOG
        Initial Value: 1
        IO Voltage: 0
    PORT MAP (
        pa_out => \CapSense:Rx(1)\__PA ,
        analog_term => \CapSense:Net_847_0\ ,
        pad => \CapSense:Rx(1)_PAD\ );
    Properties:
    {
    }

[IoId=3]: 
Pin : Name = \CapSense:Sns(0)\
    Attributes:
        Alias: LinearSlider0_Sns0
        In Group/Port: True
        In Sync Option: AUTO
        Out Sync Option: AUTO
        Interrupt generated: False
        Interrupt mode: NONE
        Drive mode: HI_Z_ANALOG
        VTrip: CMOS
        Slew: FAST
        Input Sync needed: False
        Output Sync needed: False
        SC shield enabled: False
        POR State: INP_DIS_HI_Z
        LCD Mode: COMMON
        Register Mode: RegComb
        CaSense Mode: NEITHER
        Treat as pin: True
        Is OE Registered: False
        Uses Analog: True
        Can contain Digital: False
        Is SIO: False
        SIO Output Buf: NONREGULATED
        SIO Input Buf: SINGLE_ENDED
        SIO HiFreq: LOW
        SIO Hyst: DISABLED
        SIO Vtrip: MULTIPLIER_0_5
        SIO Multiplier Index: 0
        SIO RefSel: VCC_IO
        Required Capabilities: ANALOG
        Initial Value: 1
        IO Voltage: 0
    PORT MAP (
        pa_out => \CapSense:Sns(0)\__PA ,
        analog_term => \CapSense:Net_847_0\ ,
        pad => \CapSense:Sns(0)_PAD\ );
    Properties:
    {
    }

[IoId=4]: 
Pin : Name = \CapSense:Sns(1)\
    Attributes:
        Alias: LinearSlider0_Sns1
        In Group/Port: True
        In Sync Option: AUTO
        Out Sync Option: AUTO
        Interrupt generated: False
        Interrupt mode: NONE
        Drive mode: HI_Z_ANALOG
        VTrip: CMOS
        Slew: FAST
        Input Sync needed: False
        Output Sync needed: False
        SC shield enabled: False
        POR State: INP_DIS_HI_Z
        LCD Mode: COMMON
        Register Mode: RegComb
        CaSense Mode: NEITHER
        Treat as pin: True
        Is OE Registered: False
        Uses Analog: True
        Can contain Digital: False
        Is SIO: False
        SIO Output Buf: NONREGULATED
        SIO Input Buf: SINGLE_ENDED
        SIO HiFreq: LOW
        SIO Hyst: DISABLED
        SIO Vtrip: MULTIPLIER_0_5
        SIO Multiplier Index: 0
        SIO RefSel: VCC_IO
        Required Capabilities: ANALOG
        Initial Value: 1
        IO Voltage: 0
    PORT MAP (
        pa_out => \CapSense:Sns(1)\__PA ,
        analog_term => \CapSense:Net_847_0\ ,
        pad => \CapSense:Sns(1)_PAD\ );
    Properties:
    {
    }

[IoId=5]: 
Pin : Name = \CapSense:Sns(2)\
    Attributes:
        Alias: LinearSlider0_Sns2
        In Group/Port: True
        In Sync Option: AUTO
        Out Sync Option: AUTO
        Interrupt generated: False
        Interrupt mode: NONE
        Drive mode: HI_Z_ANALOG
        VTrip: CMOS
        Slew: FAST
        Input Sync needed: False
        Output Sync needed: False
        SC shield enabled: False
        POR State: INP_DIS_HI_Z
        LCD Mode: COMMON
        Register Mode: RegComb
        CaSense Mode: NEITHER
        Treat as pin: True
        Is OE Registered: False
        Uses Analog: True
        Can contain Digital: False
        Is SIO: False
        SIO Output Buf: NONREGULATED
        SIO Input Buf: SINGLE_ENDED
        SIO HiFreq: LOW
        SIO Hyst: DISABLED
        SIO Vtrip: MULTIPLIER_0_5
        SIO Multiplier Index: 0
        SIO RefSel: VCC_IO
        Required Capabilities: ANALOG
        Initial Value: 1
        IO Voltage: 0
    PORT MAP (
        pa_out => \CapSense:Sns(2)\__PA ,
        analog_term => \CapSense:Net_847_0\ ,
        pad => \CapSense:Sns(2)_PAD\ );
    Properties:
    {
    }

[IoId=6]: 
Pin : Name = \CapSense:Sns(3)\
    Attributes:
        Alias: LinearSlider0_Sns3
        In Group/Port: True
        In Sync Option: AUTO
        Out Sync Option: AUTO
        Interrupt generated: False
        Interrupt mode: NONE
        Drive mode: HI_Z_ANALOG
        VTrip: CMOS
        Slew: FAST
        Input Sync needed: False
        Output Sync needed: False
        SC shield enabled: False
        POR State: INP_DIS_HI_Z
        LCD Mode: COMMON
        Register Mode: RegComb
        CaSense Mode: NEITHER
        Treat as pin: True
        Is OE Registered: False
        Uses Analog: True
        Can contain Digital: False
        Is SIO: False
        SIO Output Buf: NONREGULATED
        SIO Input Buf: SINGLE_ENDED
        SIO HiFreq: LOW
        SIO Hyst: DISABLED
        SIO Vtrip: MULTIPLIER_0_5
        SIO Multiplier Index: 0
        SIO RefSel: VCC_IO
        Required Capabilities: ANALOG
        Initial Value: 1
        IO Voltage: 0
    PORT MAP (
        pa_out => \CapSense:Sns(3)\__PA ,
        analog_term => \CapSense:Net_847_0\ ,
        pad => \CapSense:Sns(3)_PAD\ );
    Properties:
    {
    }

[IoId=7]: 
Pin : Name = \CapSense:Sns(4)\
    Attributes:
        Alias: LinearSlider0_Sns4
        In Group/Port: True
        In Sync Option: AUTO
        Out Sync Option: AUTO
        Interrupt generated: False
        Interrupt mode: NONE
        Drive mode: HI_Z_ANALOG
        VTrip: CMOS
        Slew: FAST
        Input Sync needed: False
        Output Sync needed: False
        SC shield enabled: False
        POR State: INP_DIS_HI_Z
        LCD Mode: COMMON
        Register Mode: RegComb
        CaSense Mode: NEITHER
        Treat as pin: True
        Is OE Registered: False
        Uses Analog: True
        Can contain Digital: False
        Is SIO: False
        SIO Output Buf: NONREGULATED
        SIO Input Buf: SINGLE_ENDED
        SIO HiFreq: LOW
        SIO Hyst: DISABLED
        SIO Vtrip: MULTIPLIER_0_5
        SIO Multiplier Index: 0
        SIO RefSel: VCC_IO
        Required Capabilities: ANALOG
        Initial Value: 1
        IO Voltage: 0
    PORT MAP (
        pa_out => \CapSense:Sns(4)\__PA ,
        analog_term => \CapSense:Net_847_0\ ,
        pad => \CapSense:Sns(4)_PAD\ );
    Properties:
    {
    }

Port 9 contains the following IO cells:
Port 10 contains the following IO cells:
Port 11 contains the following IO cells:
Port 12 contains the following IO cells:
Port 13 contains the following IO cells:
[IoId=7]: 
Pin : Name = LED9(0)
    Attributes:
        In Group/Port: True
        In Sync Option: AUTO
        Out Sync Option: NOSYNC
        Interrupt generated: False
        Interrupt mode: NONE
        Drive mode: CMOS_OUT
        VTrip: CMOS
        Slew: FAST
        Input Sync needed: False
        Output Sync needed: False
        SC shield enabled: False
        POR State: INP_DIS_HI_Z
        LCD Mode: COMMON
        Register Mode: RegComb
        CaSense Mode: NEITHER
        Treat as pin: True
        Is OE Registered: False
        Uses Analog: False
        Can contain Digital: True
        Is SIO: False
        SIO Output Buf: NONREGULATED
        SIO Input Buf: SINGLE_ENDED
        SIO HiFreq: LOW
        SIO Hyst: DISABLED
        SIO Vtrip: MULTIPLIER_0_5
        SIO Multiplier Index: 0
        SIO RefSel: VCC_IO
        Required Capabilities: DIGITAL
        Initial Value: 1
        IO Voltage: 0
    PORT MAP (
        pa_out => LED9(0)__PA ,
        pad => LED9(0)_PAD );
    Properties:
    {
    }

Clock group 0: 
    Clock Block @ F(Clock,0): 
    Clock: Name =ClockBlock
        PORT MAP (
            imo => ClockBlock_IMO ,
            ext => ClockBlock_ExtClk ,
            altHf => ClockBlock_AltHF ,
            eco => ClockBlock_ECO ,
            fll => ClockBlock_FLL ,
            pll_0 => ClockBlock_PLL0 ,
            hfclk_0 => ClockBlock_HFClk0 ,
            hfclk_1 => ClockBlock_HFClk1 ,
            hfclk_2 => ClockBlock_HFClk2 ,
            hfclk_3 => ClockBlock_HFClk3 ,
            hfclk_4 => ClockBlock_HFClk4 ,
            fastclk => ClockBlock_FastClk ,
            periclk => ClockBlock_PeriClk ,
            slowclk => ClockBlock_SlowClk ,
            ilo => ClockBlock_ILO ,
            wco => ClockBlock_WCO ,
            lfclk => ClockBlock_LFClk ,
            ff_div_43 => \CapSense:Net_611_ff43\ ,
            ff_div_0 => \I2C_1:clock_wire_ff0\ ,
            ff_div_1 => \UART:Net_847_ff1\ );
        Properties:
        {
        }
LCD group 0: empty
Vref group 0: empty
LPCOMP group 0: empty
SCB group 0: 
    SCB @ F(SCB,3): 
    SCB: Name =\I2C_1:SCB\
        PORT MAP (
            clock => \I2C_1:clock_wire_ff0\ ,
            uart_tx => \I2C_1:Net_1062\ ,
            uart_rts => \I2C_1:Net_1053\ ,
            i2c_scl => Net_16 ,
            i2c_sda => Net_17 ,
            interrupt => \I2C_1:intr_wire\ ,
            tr_tx_req => \I2C_1:Net_162\ ,
            tr_rx_req => \I2C_1:Net_163\ ,
            tr_i2c_scl_filtered => Net_18 );
        Properties:
        {
            cy_registers = ""
            master = 1
            mode = 0
            requires_io_preconfigure = 1
        }
    SCB @ F(SCB,5): 
    SCB: Name =\UART:SCB\
        PORT MAP (
            clock => \UART:Net_847_ff1\ ,
            uart_rx => \UART:Net_1172\ ,
            uart_tx => \UART:tx_wire\ ,
            uart_rts => \UART:rts_wire\ ,
            interrupt => \UART:intr_wire\ ,
            tr_tx_req => Net_10 ,
            tr_rx_req => Net_9 ,
            tr_i2c_scl_filtered => \UART:Net_161\ );
        Properties:
        {
            cy_registers = ""
            master = 0
            mode = 2
            requires_io_preconfigure = 0
        }
CSD group 0: 
    CapSense @ F(CSD,0): 
    mxs40_csd: Name =\CapSense:CSD\
        PORT MAP (
            source => \CapSense:Net_847_0\ ,
            shield => \CapSense:Net_273\ ,
            vref_ext => \CapSense:Net_34\ ,
            vref_pass => \CapSense:Net_850\ ,
            dsi_sense_out => \CapSense:Net_813\ ,
            dsi_sample_out => \CapSense:Net_814\ ,
            dsi_csh_tank => \CapSense:Net_815\ ,
            dsi_cmod => \CapSense:Net_845\ ,
            dsi_hscmp => \CapSense:Net_817\ ,
            dsi_sampling => \CapSense:Net_818\ ,
            dsi_adc_on => \CapSense:Net_819\ ,
            dsi_count_15 => \CapSense:Net_828_15\ ,
            dsi_count_14 => \CapSense:Net_828_14\ ,
            dsi_count_13 => \CapSense:Net_828_13\ ,
            dsi_count_12 => \CapSense:Net_828_12\ ,
            dsi_count_11 => \CapSense:Net_828_11\ ,
            dsi_count_10 => \CapSense:Net_828_10\ ,
            dsi_count_9 => \CapSense:Net_828_9\ ,
            dsi_count_8 => \CapSense:Net_828_8\ ,
            dsi_count_7 => \CapSense:Net_828_7\ ,
            dsi_count_6 => \CapSense:Net_828_6\ ,
            dsi_count_5 => \CapSense:Net_828_5\ ,
            dsi_count_4 => \CapSense:Net_828_4\ ,
            dsi_count_3 => \CapSense:Net_828_3\ ,
            dsi_count_2 => \CapSense:Net_828_2\ ,
            dsi_count_1 => \CapSense:Net_828_1\ ,
            dsi_count_0 => \CapSense:Net_828_0\ ,
            csd_tx => \CapSense:Net_821\ ,
            csd_tx_n => \CapSense:Net_822\ ,
            clk => \CapSense:Net_611_ff43\ ,
            irq => \CapSense:Net_849\ );
        Properties:
        {
            adc_channel_count = 1
            cy_registers = ""
            dedicated_io_count = 2
            is_capsense = 1
            is_cmod_charge = 1
            rx_count = 2
            sense_as_shield = 0
            sensors_count = 5
            shield_as_sense = 0
            shield_count = 1
            tx_count = 1
        }
CSIDAC7 group 0: 
    7-Bit IDAC @ F(CSIDAC7,0): 
    CSIDAC7: Name =\CapSense:IDACMod\
        PORT MAP (
            iout => \CapSense:Net_847_0\ );
        Properties:
        {
            cy_registers = ""
            leg3_needed = 0
        }
    7-Bit IDAC @ F(CSIDAC7,1): 
    CSIDAC7: Name =\CapSense:IDACComp\
        PORT MAP (
            iout => \CapSense:Net_847_0\ );
        Properties:
        {
            cy_registers = ""
            leg3_needed = 1
        }
TCPWM group 0: empty
OA group 0: empty
TEMP group 0: empty
SARADC group 0: empty
CLK_GEN group 0: 
    MxS40 Clock Gen Block @ F(CLK_GEN,0): 
    CLK_GEN: Name =ClockGenBlock
        PORT MAP (
             );
        Properties:
        {
        }
LPCOMPBLOCK group 0: empty
PASSBLOCK group 0: empty
BLE group 0: 
    Bluetooth Low Energy @ F(BLE,0): 
    BLE: Name =\BLE_1:cy_mxs40_ble\
        PORT MAP (
            ext_pa_lna_chip_en_out => Net_3 ,
            ext_lna_rx_ctl_out => Net_2 ,
            ext_pa_tx_ctl_out => Net_1 ,
            interrupt => \BLE_1:Net_1\ );
        Properties:
        {
            cy_registers = ""
            low_power = 1
        }
SMIF group 0: empty
SmartIO group 0: empty
CRYPTO group 0: empty
PROFILE group 0: empty
SRSS group 0: 
    SRSS @ F(SRSS,0): 
    SRSS: Name =SRSS
        PORT MAP (
            wco_in => SRSS_wco_in ,
            wco_out => SRSS_wco_out );
        Properties:
        {
        }
CPUSS group 0: 
    CPUSS Block @ F(CPUSS,0): 
    CPUSS: Name =CPUSS
        PORT MAP (
            swj_swclk_tclk => CPUSS_swj_swclk_tclk ,
            swj_swdio_tms => CPUSS_swj_swdio_tms );
        Properties:
        {
        }
IOSS group 0: empty
UDB group 0: empty
IPC group 0: empty
I2S group 0: empty
PDM group 0: empty
CTDAC group 0: empty
SAMPLEHOLD group 0: empty
MCWDT group 0: empty
RTC group 0: empty
</CYPRESSTAG>
<CYPRESSTAG name="Port Configuration Details">

------------------------------------------------------------
Port Configuration report
------------------------------------------------------------
     |     |       | Interrupt |                  |                            | 
Port | Pin | Fixed |      Type |       Drive Mode |                       Name | Connections
-----+-----+-------+-----------+------------------+----------------------------+-----------------------------
   0 |   0 |     * |      NONE |      HI_Z_ANALOG |          CY_SRSS_WCO_IN(0) | Analog(SRSS_wco_in)
     |   1 |     * |      NONE |      HI_Z_ANALOG |         CY_SRSS_WCO_OUT(0) | Analog(SRSS_wco_out)
-----+-----+-------+-----------+------------------+----------------------------+-----------------------------
   1 |   0 |     * |      NONE |      HI_Z_ANALOG |           \CapSense:Tx(0)\ | Analog(\CapSense:Net_847_0\)
     |   5 |     * |      NONE |         CMOS_OUT |                    LED8(0) | 
-----+-----+-------+-----------+------------------+----------------------------+-----------------------------
   5 |   0 |     * |      NONE |      HI_Z_ANALOG |               \UART:rx(0)\ | FB(\UART:Net_1172\)
     |   1 |     * |      NONE |         CMOS_OUT |               \UART:tx(0)\ | In(\UART:tx_wire\)
-----+-----+-------+-----------+------------------+----------------------------+-----------------------------
   6 |   0 |     * |      NONE |    OPEN_DRAIN_LO |             \I2C_1:scl(0)\ | FB(Net_16)
     |   1 |     * |      NONE |    OPEN_DRAIN_LO |             \I2C_1:sda(0)\ | FB(Net_17)
     |   6 |     * |      NONE |      RES_PULL_UP |  CY_CPUSS_SWJ_SWDIO_TMS(0) | FB(CPUSS_swj_swdio_tms)
     |   7 |     * |      NONE |    RES_PULL_DOWN | CY_CPUSS_SWJ_SWCLK_TCLK(0) | FB(CPUSS_swj_swclk_tclk)
-----+-----+-------+-----------+------------------+----------------------------+-----------------------------
   7 |   1 |     * |      NONE |      HI_Z_ANALOG |        \CapSense:CintA(0)\ | Analog(\CapSense:Net_847_0\)
     |   2 |     * |      NONE |      HI_Z_ANALOG |        \CapSense:CintB(0)\ | Analog(\CapSense:Net_847_0\)
     |   7 |     * |      NONE |      HI_Z_ANALOG |         \CapSense:Cmod(0)\ | Analog(\CapSense:Net_847_0\)
-----+-----+-------+-----------+------------------+----------------------------+-----------------------------
   8 |   1 |     * |      NONE |      HI_Z_ANALOG |           \CapSense:Rx(0)\ | Analog(\CapSense:Net_847_0\)
     |   2 |     * |      NONE |      HI_Z_ANALOG |           \CapSense:Rx(1)\ | Analog(\CapSense:Net_847_0\)
     |   3 |     * |      NONE |      HI_Z_ANALOG |          \CapSense:Sns(0)\ | Analog(\CapSense:Net_847_0\)
     |   4 |     * |      NONE |      HI_Z_ANALOG |          \CapSense:Sns(1)\ | Analog(\CapSense:Net_847_0\)
     |   5 |     * |      NONE |      HI_Z_ANALOG |          \CapSense:Sns(2)\ | Analog(\CapSense:Net_847_0\)
     |   6 |     * |      NONE |      HI_Z_ANALOG |          \CapSense:Sns(3)\ | Analog(\CapSense:Net_847_0\)
     |   7 |     * |      NONE |      HI_Z_ANALOG |          \CapSense:Sns(4)\ | Analog(\CapSense:Net_847_0\)
-----+-----+-------+-----------+------------------+----------------------------+-----------------------------
  13 |   7 |     * |      NONE |         CMOS_OUT |                    LED9(0) | 
-------------------------------------------------------------------------------------------------------------
</CYPRESSTAG>
</CYPRESSTAG>
</CYPRESSTAG>
Digital component placer commit/Report: Elapsed time ==> 0s.143ms
Digital Placement phase: Elapsed time ==> 13s.216ms
</CYPRESSTAG>
<CYPRESSTAG name="Digital Routing">
"C:\Program Files (x86)\Cypress\PSoC Creator\4.2\PSoC Creator\bin/sjrouter.exe" --xml-path "C:\Users\gjl\Documents\PSoC Creator\4.2\Devices\psoc6/0/route_arch-rrg.cydata" --vh2-path "RC-3-5b-Motion_r.vh2" --pcf-path "RC-3-5b-Motion.pco" --des-name "RC-3-5b-Motion" --dsf-path "RC-3-5b-Motion.dsf" --sdc-path "RC-3-5b-Motion.sdc" --lib-path "RC-3-5b-Motion_r.lib"
Routing successful.
Digital Routing phase: Elapsed time ==> 2s.293ms
</CYPRESSTAG>
<CYPRESSTAG name="Bitstream Generation">
Bitstream Generation phase: Elapsed time ==> 1s.232ms
</CYPRESSTAG>
<CYPRESSTAG name="Bitstream Verification">
Bitstream Verification phase: Elapsed time ==> 0s.004ms
</CYPRESSTAG>
<CYPRESSTAG name="Static timing analysis">
Timing report is in RC-3-5b-Motion_timing.html.
Static timing analysis phase: Elapsed time ==> 22s.228ms
</CYPRESSTAG>
<CYPRESSTAG name="Data reporting">
Data reporting phase: Elapsed time ==> 0s.000ms
</CYPRESSTAG>
<CYPRESSTAG name="Database update...">
Design database save phase: Elapsed time ==> 0s.367ms
</CYPRESSTAG>
cydsfit: Elapsed time ==> 48s.837ms
</CYPRESSTAG>
Fitter phase: Elapsed time ==> 48s.839ms
API generation phase: Elapsed time ==> 6s.621ms
Dependency generation phase: Elapsed time ==> 0s.054ms
Cleanup phase: Elapsed time ==> 0s.007ms
