ARM GAS  C:\Users\gjl\AppData\Local\Temp\cc36Keve.s 			page 1


   1              		.syntax unified
   2              		.cpu cortex-m0plus
   3              		.fpu softvfp
   4              		.eabi_attribute 20, 1
   5              		.eabi_attribute 21, 1
   6              		.eabi_attribute 23, 3
   7              		.eabi_attribute 24, 1
   8              		.eabi_attribute 25, 1
   9              		.eabi_attribute 26, 1
  10              		.eabi_attribute 30, 1
  11              		.eabi_attribute 34, 0
  12              		.eabi_attribute 18, 4
  13              		.thumb
  14              		.syntax unified
  15              		.file	"cyfitter_sysint_cfg.c"
  16              		.text
  17              	.Ltext0:
  18              		.cfi_sections	.debug_frame
  19              		.global	BLE_1_bless_isr_cfg
  20              		.section	.rodata
  21              		.align	2
  22              		.type	BLE_1_bless_isr_cfg, %object
  23              		.size	BLE_1_bless_isr_cfg, 8
  24              	BLE_1_bless_isr_cfg:
  25 0000 0300     		.short	3
  26 0002 18       		.byte	24
  27 0003 00       		.space	1
  28 0004 03000000 		.word	3
  29              		.text
  30              	.Letext0:
  31              		.file 1 "Generated_Source\\PSoC6\\pdl\\devices/psoc6/psoc63/include/cy8c6347bzi_bld53.h"
  32              		.file 2 "c:\\program files (x86)\\cypress\\psoc creator\\4.2\\psoc creator\\import\\gnu\\arm\\5.4.
  33              		.file 3 "c:\\program files (x86)\\cypress\\psoc creator\\4.2\\psoc creator\\import\\gnu\\arm\\5.4.
  34              		.file 4 "Generated_Source\\PSoC6\\pdl\\drivers/peripheral/sysint/cy_sysint.h"
  35              		.file 5 "Generated_Source\\PSoC6\\cyfitter_sysint_cfg.c"
  36              		.section	.debug_info,"",%progbits
  37              	.Ldebug_info0:
  38 0000 7A050000 		.4byte	0x57a
  39 0004 0400     		.2byte	0x4
  40 0006 00000000 		.4byte	.Ldebug_abbrev0
  41 000a 04       		.byte	0x4
  42 000b 01       		.uleb128 0x1
  43 000c 050E0000 		.4byte	.LASF209
  44 0010 0C       		.byte	0xc
  45 0011 C30E0000 		.4byte	.LASF210
  46 0015 DC050000 		.4byte	.LASF211
  47 0019 00000000 		.4byte	.Ldebug_line0
  48 001d 02       		.uleb128 0x2
  49 001e 02       		.byte	0x2
  50 001f 14010000 		.4byte	0x114
  51 0023 01       		.byte	0x1
  52 0024 24       		.byte	0x24
  53 0025 14010000 		.4byte	0x114
  54 0029 03       		.uleb128 0x3
  55 002a 5C020000 		.4byte	.LASF0
  56 002e 71       		.sleb128 -15
  57 002f 03       		.uleb128 0x3
ARM GAS  C:\Users\gjl\AppData\Local\Temp\cc36Keve.s 			page 2


  58 0030 870F0000 		.4byte	.LASF1
  59 0034 72       		.sleb128 -14
  60 0035 03       		.uleb128 0x3
  61 0036 1C100000 		.4byte	.LASF2
  62 003a 73       		.sleb128 -13
  63 003b 03       		.uleb128 0x3
  64 003c 70090000 		.4byte	.LASF3
  65 0040 7B       		.sleb128 -5
  66 0041 03       		.uleb128 0x3
  67 0042 410F0000 		.4byte	.LASF4
  68 0046 7E       		.sleb128 -2
  69 0047 03       		.uleb128 0x3
  70 0048 76080000 		.4byte	.LASF5
  71 004c 7F       		.sleb128 -1
  72 004d 04       		.uleb128 0x4
  73 004e 38090000 		.4byte	.LASF6
  74 0052 00       		.byte	0
  75 0053 04       		.uleb128 0x4
  76 0054 F3110000 		.4byte	.LASF7
  77 0058 01       		.byte	0x1
  78 0059 04       		.uleb128 0x4
  79 005a BA000000 		.4byte	.LASF8
  80 005e 02       		.byte	0x2
  81 005f 04       		.uleb128 0x4
  82 0060 05030000 		.4byte	.LASF9
  83 0064 03       		.byte	0x3
  84 0065 04       		.uleb128 0x4
  85 0066 19050000 		.4byte	.LASF10
  86 006a 04       		.byte	0x4
  87 006b 04       		.uleb128 0x4
  88 006c 5A0D0000 		.4byte	.LASF11
  89 0070 05       		.byte	0x5
  90 0071 04       		.uleb128 0x4
  91 0072 47100000 		.4byte	.LASF12
  92 0076 06       		.byte	0x6
  93 0077 04       		.uleb128 0x4
  94 0078 EA0C0000 		.4byte	.LASF13
  95 007c 07       		.byte	0x7
  96 007d 04       		.uleb128 0x4
  97 007e 42070000 		.4byte	.LASF14
  98 0082 08       		.byte	0x8
  99 0083 04       		.uleb128 0x4
 100 0084 62090000 		.4byte	.LASF15
 101 0088 09       		.byte	0x9
 102 0089 04       		.uleb128 0x4
 103 008a CB0F0000 		.4byte	.LASF16
 104 008e 0A       		.byte	0xa
 105 008f 04       		.uleb128 0x4
 106 0090 19120000 		.4byte	.LASF17
 107 0094 0B       		.byte	0xb
 108 0095 04       		.uleb128 0x4
 109 0096 D5060000 		.4byte	.LASF18
 110 009a 0C       		.byte	0xc
 111 009b 04       		.uleb128 0x4
 112 009c CD080000 		.4byte	.LASF19
 113 00a0 0D       		.byte	0xd
 114 00a1 04       		.uleb128 0x4
ARM GAS  C:\Users\gjl\AppData\Local\Temp\cc36Keve.s 			page 3


 115 00a2 FC0A0000 		.4byte	.LASF20
 116 00a6 0E       		.byte	0xe
 117 00a7 04       		.uleb128 0x4
 118 00a8 4C000000 		.4byte	.LASF21
 119 00ac 0F       		.byte	0xf
 120 00ad 04       		.uleb128 0x4
 121 00ae B8020000 		.4byte	.LASF22
 122 00b2 10       		.byte	0x10
 123 00b3 04       		.uleb128 0x4
 124 00b4 C7040000 		.4byte	.LASF23
 125 00b8 11       		.byte	0x11
 126 00b9 04       		.uleb128 0x4
 127 00ba F80C0000 		.4byte	.LASF24
 128 00be 12       		.byte	0x12
 129 00bf 04       		.uleb128 0x4
 130 00c0 DA0F0000 		.4byte	.LASF25
 131 00c4 13       		.byte	0x13
 132 00c5 04       		.uleb128 0x4
 133 00c6 2A060000 		.4byte	.LASF26
 134 00ca 14       		.byte	0x14
 135 00cb 04       		.uleb128 0x4
 136 00cc 50080000 		.4byte	.LASF27
 137 00d0 15       		.byte	0x15
 138 00d1 04       		.uleb128 0x4
 139 00d2 17110000 		.4byte	.LASF28
 140 00d6 16       		.byte	0x16
 141 00d7 04       		.uleb128 0x4
 142 00d8 81130000 		.4byte	.LASF29
 143 00dc 17       		.byte	0x17
 144 00dd 04       		.uleb128 0x4
 145 00de 4D020000 		.4byte	.LASF30
 146 00e2 18       		.byte	0x18
 147 00e3 04       		.uleb128 0x4
 148 00e4 110A0000 		.4byte	.LASF31
 149 00e8 19       		.byte	0x19
 150 00e9 04       		.uleb128 0x4
 151 00ea FE060000 		.4byte	.LASF32
 152 00ee 1A       		.byte	0x1a
 153 00ef 04       		.uleb128 0x4
 154 00f0 780F0000 		.4byte	.LASF33
 155 00f4 1B       		.byte	0x1b
 156 00f5 04       		.uleb128 0x4
 157 00f6 D7030000 		.4byte	.LASF34
 158 00fa 1C       		.byte	0x1c
 159 00fb 04       		.uleb128 0x4
 160 00fc 39060000 		.4byte	.LASF35
 161 0100 1D       		.byte	0x1d
 162 0101 04       		.uleb128 0x4
 163 0102 68100000 		.4byte	.LASF36
 164 0106 1E       		.byte	0x1e
 165 0107 04       		.uleb128 0x4
 166 0108 B8040000 		.4byte	.LASF37
 167 010c 1F       		.byte	0x1f
 168 010d 04       		.uleb128 0x4
 169 010e 610C0000 		.4byte	.LASF38
 170 0112 F0       		.byte	0xf0
 171 0113 00       		.byte	0
ARM GAS  C:\Users\gjl\AppData\Local\Temp\cc36Keve.s 			page 4


 172 0114 05       		.uleb128 0x5
 173 0115 02       		.byte	0x2
 174 0116 05       		.byte	0x5
 175 0117 720C0000 		.4byte	.LASF187
 176 011b 06       		.uleb128 0x6
 177 011c 680D0000 		.4byte	.LASF189
 178 0120 01       		.byte	0x1
 179 0121 F4       		.byte	0xf4
 180 0122 1D000000 		.4byte	0x1d
 181 0126 02       		.uleb128 0x2
 182 0127 01       		.byte	0x1
 183 0128 AB040000 		.4byte	0x4ab
 184 012c 01       		.byte	0x1
 185 012d FD       		.byte	0xfd
 186 012e AB040000 		.4byte	0x4ab
 187 0132 04       		.uleb128 0x4
 188 0133 B9010000 		.4byte	.LASF39
 189 0137 00       		.byte	0
 190 0138 04       		.uleb128 0x4
 191 0139 00100000 		.4byte	.LASF40
 192 013d 01       		.byte	0x1
 193 013e 04       		.uleb128 0x4
 194 013f 1B000000 		.4byte	.LASF41
 195 0143 02       		.byte	0x2
 196 0144 04       		.uleb128 0x4
 197 0145 0D0F0000 		.4byte	.LASF42
 198 0149 03       		.byte	0x3
 199 014a 04       		.uleb128 0x4
 200 014b 56110000 		.4byte	.LASF43
 201 014f 04       		.byte	0x4
 202 0150 04       		.uleb128 0x4
 203 0151 8E050000 		.4byte	.LASF44
 204 0155 05       		.byte	0x5
 205 0156 04       		.uleb128 0x4
 206 0157 01080000 		.4byte	.LASF45
 207 015b 06       		.byte	0x6
 208 015c 04       		.uleb128 0x4
 209 015d 27050000 		.4byte	.LASF46
 210 0161 07       		.byte	0x7
 211 0162 04       		.uleb128 0x4
 212 0163 16130000 		.4byte	.LASF47
 213 0167 08       		.byte	0x8
 214 0168 04       		.uleb128 0x4
 215 0169 F5010000 		.4byte	.LASF48
 216 016d 09       		.byte	0x9
 217 016e 04       		.uleb128 0x4
 218 016f 2E0C0000 		.4byte	.LASF49
 219 0173 0A       		.byte	0xa
 220 0174 04       		.uleb128 0x4
 221 0175 DF0A0000 		.4byte	.LASF50
 222 0179 0B       		.byte	0xb
 223 017a 04       		.uleb128 0x4
 224 017b 86110000 		.4byte	.LASF51
 225 017f 0C       		.byte	0xc
 226 0180 04       		.uleb128 0x4
 227 0181 500A0000 		.4byte	.LASF52
 228 0185 0D       		.byte	0xd
ARM GAS  C:\Users\gjl\AppData\Local\Temp\cc36Keve.s 			page 5


 229 0186 04       		.uleb128 0x4
 230 0187 33080000 		.4byte	.LASF53
 231 018b 0E       		.byte	0xe
 232 018c 04       		.uleb128 0x4
 233 018d 25040000 		.4byte	.LASF54
 234 0191 0F       		.byte	0xf
 235 0192 04       		.uleb128 0x4
 236 0193 01120000 		.4byte	.LASF55
 237 0197 10       		.byte	0x10
 238 0198 04       		.uleb128 0x4
 239 0199 13030000 		.4byte	.LASF56
 240 019d 11       		.byte	0x11
 241 019e 04       		.uleb128 0x4
 242 019f 89000000 		.4byte	.LASF57
 243 01a3 12       		.byte	0x12
 244 01a4 04       		.uleb128 0x4
 245 01a5 3E040000 		.4byte	.LASF58
 246 01a9 13       		.byte	0x13
 247 01aa 04       		.uleb128 0x4
 248 01ab 9D060000 		.4byte	.LASF59
 249 01af 14       		.byte	0x14
 250 01b0 04       		.uleb128 0x4
 251 01b1 5F120000 		.4byte	.LASF60
 252 01b5 15       		.byte	0x15
 253 01b6 04       		.uleb128 0x4
 254 01b7 75000000 		.4byte	.LASF61
 255 01bb 16       		.byte	0x16
 256 01bc 04       		.uleb128 0x4
 257 01bd 43050000 		.4byte	.LASF62
 258 01c1 17       		.byte	0x17
 259 01c2 04       		.uleb128 0x4
 260 01c3 C8000000 		.4byte	.LASF63
 261 01c7 18       		.byte	0x18
 262 01c8 04       		.uleb128 0x4
 263 01c9 210D0000 		.4byte	.LASF64
 264 01cd 19       		.byte	0x19
 265 01ce 04       		.uleb128 0x4
 266 01cf 7D070000 		.4byte	.LASF65
 267 01d3 1A       		.byte	0x1a
 268 01d4 04       		.uleb128 0x4
 269 01d5 C3090000 		.4byte	.LASF66
 270 01d9 1B       		.byte	0x1b
 271 01da 04       		.uleb128 0x4
 272 01db 050C0000 		.4byte	.LASF67
 273 01df 1C       		.byte	0x1c
 274 01e0 04       		.uleb128 0x4
 275 01e1 22010000 		.4byte	.LASF68
 276 01e5 1D       		.byte	0x1d
 277 01e6 04       		.uleb128 0x4
 278 01e7 66030000 		.4byte	.LASF69
 279 01eb 1E       		.byte	0x1e
 280 01ec 04       		.uleb128 0x4
 281 01ed AA050000 		.4byte	.LASF70
 282 01f1 1F       		.byte	0x1f
 283 01f2 04       		.uleb128 0x4
 284 01f3 B00D0000 		.4byte	.LASF71
 285 01f7 20       		.byte	0x20
ARM GAS  C:\Users\gjl\AppData\Local\Temp\cc36Keve.s 			page 6


 286 01f8 04       		.uleb128 0x4
 287 01f9 AC100000 		.4byte	.LASF72
 288 01fd 21       		.byte	0x21
 289 01fe 04       		.uleb128 0x4
 290 01ff 32130000 		.4byte	.LASF73
 291 0203 22       		.byte	0x22
 292 0204 04       		.uleb128 0x4
 293 0205 7A120000 		.4byte	.LASF74
 294 0209 23       		.byte	0x23
 295 020a 04       		.uleb128 0x4
 296 020b 3E010000 		.4byte	.LASF75
 297 020f 24       		.byte	0x24
 298 0210 04       		.uleb128 0x4
 299 0211 9E030000 		.4byte	.LASF76
 300 0215 25       		.byte	0x25
 301 0216 04       		.uleb128 0x4
 302 0217 64130000 		.4byte	.LASF77
 303 021b 26       		.byte	0x26
 304 021c 04       		.uleb128 0x4
 305 021d E80D0000 		.4byte	.LASF78
 306 0221 27       		.byte	0x27
 307 0222 04       		.uleb128 0x4
 308 0223 E4100000 		.4byte	.LASF79
 309 0227 28       		.byte	0x28
 310 0228 04       		.uleb128 0x4
 311 0229 F3000000 		.4byte	.LASF80
 312 022d 29       		.byte	0x29
 313 022e 04       		.uleb128 0x4
 314 022f 04050000 		.4byte	.LASF81
 315 0233 2A       		.byte	0x2a
 316 0234 04       		.uleb128 0x4
 317 0235 5C050000 		.4byte	.LASF82
 318 0239 2B       		.byte	0x2b
 319 023a 04       		.uleb128 0x4
 320 023b 4D0F0000 		.4byte	.LASF83
 321 023f 2C       		.byte	0x2c
 322 0240 04       		.uleb128 0x4
 323 0241 3B0A0000 		.4byte	.LASF84
 324 0245 2D       		.byte	0x2d
 325 0246 04       		.uleb128 0x4
 326 0247 37000000 		.4byte	.LASF85
 327 024b 2E       		.byte	0x2e
 328 024c 04       		.uleb128 0x4
 329 024d B60F0000 		.4byte	.LASF86
 330 0251 2F       		.byte	0x2f
 331 0252 04       		.uleb128 0x4
 332 0253 26110000 		.4byte	.LASF87
 333 0257 30       		.byte	0x30
 334 0258 04       		.uleb128 0x4
 335 0259 55100000 		.4byte	.LASF88
 336 025d 31       		.byte	0x31
 337 025e 04       		.uleb128 0x4
 338 025f D7110000 		.4byte	.LASF89
 339 0263 32       		.byte	0x32
 340 0264 04       		.uleb128 0x4
 341 0265 9E000000 		.4byte	.LASF90
 342 0269 33       		.byte	0x33
ARM GAS  C:\Users\gjl\AppData\Local\Temp\cc36Keve.s 			page 7


 343 026a 04       		.uleb128 0x4
 344 026b B9060000 		.4byte	.LASF91
 345 026f 34       		.byte	0x34
 346 0270 04       		.uleb128 0x4
 347 0271 C30A0000 		.4byte	.LASF92
 348 0275 35       		.byte	0x35
 349 0276 04       		.uleb128 0x4
 350 0277 09040000 		.4byte	.LASF93
 351 027b 36       		.byte	0x36
 352 027c 04       		.uleb128 0x4
 353 027d 2B100000 		.4byte	.LASF94
 354 0281 37       		.byte	0x37
 355 0282 04       		.uleb128 0x4
 356 0283 7C040000 		.4byte	.LASF95
 357 0287 38       		.byte	0x38
 358 0288 04       		.uleb128 0x4
 359 0289 B3120000 		.4byte	.LASF96
 360 028d 39       		.byte	0x39
 361 028e 04       		.uleb128 0x4
 362 028f 46090000 		.4byte	.LASF97
 363 0293 3A       		.byte	0x3a
 364 0294 04       		.uleb128 0x4
 365 0295 8D0B0000 		.4byte	.LASF98
 366 0299 3B       		.byte	0x3b
 367 029a 04       		.uleb128 0x4
 368 029b 8C090000 		.4byte	.LASF99
 369 029f 3C       		.byte	0x3c
 370 02a0 04       		.uleb128 0x4
 371 02a1 CE0B0000 		.4byte	.LASF100
 372 02a5 3D       		.byte	0x3d
 373 02a6 04       		.uleb128 0x4
 374 02a7 F00E0000 		.4byte	.LASF101
 375 02ab 3E       		.byte	0x3e
 376 02ac 04       		.uleb128 0x4
 377 02ad 6D0A0000 		.4byte	.LASF102
 378 02b1 3F       		.byte	0x3f
 379 02b2 04       		.uleb128 0x4
 380 02b3 71050000 		.4byte	.LASF103
 381 02b7 40       		.byte	0x40
 382 02b8 04       		.uleb128 0x4
 383 02b9 E4070000 		.4byte	.LASF104
 384 02bd 41       		.byte	0x41
 385 02be 04       		.uleb128 0x4
 386 02bf 5A0B0000 		.4byte	.LASF105
 387 02c3 42       		.byte	0x42
 388 02c4 04       		.uleb128 0x4
 389 02c5 CC0D0000 		.4byte	.LASF106
 390 02c9 43       		.byte	0x43
 391 02ca 04       		.uleb128 0x4
 392 02cb C8100000 		.4byte	.LASF107
 393 02cf 44       		.byte	0x44
 394 02d0 04       		.uleb128 0x4
 395 02d1 CE0C0000 		.4byte	.LASF108
 396 02d5 45       		.byte	0x45
 397 02d6 04       		.uleb128 0x4
 398 02d7 99070000 		.4byte	.LASF109
 399 02db 46       		.byte	0x46
ARM GAS  C:\Users\gjl\AppData\Local\Temp\cc36Keve.s 			page 8


 400 02dc 04       		.uleb128 0x4
 401 02dd DF090000 		.4byte	.LASF110
 402 02e1 47       		.byte	0x47
 403 02e2 04       		.uleb128 0x4
 404 02e3 97120000 		.4byte	.LASF111
 405 02e7 48       		.byte	0x48
 406 02e8 04       		.uleb128 0x4
 407 02e9 82030000 		.4byte	.LASF112
 408 02ed 49       		.byte	0x49
 409 02ee 04       		.uleb128 0x4
 410 02ef BB030000 		.4byte	.LASF113
 411 02f3 4A       		.byte	0x4a
 412 02f4 04       		.uleb128 0x4
 413 02f5 E1020000 		.4byte	.LASF114
 414 02f9 4B       		.byte	0x4b
 415 02fa 04       		.uleb128 0x4
 416 02fb 42120000 		.4byte	.LASF115
 417 02ff 4C       		.byte	0x4c
 418 0300 04       		.uleb128 0x4
 419 0301 3D0D0000 		.4byte	.LASF116
 420 0305 4D       		.byte	0x4d
 421 0306 04       		.uleb128 0x4
 422 0307 BA110000 		.4byte	.LASF117
 423 030b 4E       		.byte	0x4e
 424 030c 04       		.uleb128 0x4
 425 030d 63060000 		.4byte	.LASF118
 426 0311 4F       		.byte	0x4f
 427 0312 04       		.uleb128 0x4
 428 0313 83080000 		.4byte	.LASF119
 429 0317 50       		.byte	0x50
 430 0318 04       		.uleb128 0x4
 431 0319 8A0A0000 		.4byte	.LASF120
 432 031d 51       		.byte	0x51
 433 031e 04       		.uleb128 0x4
 434 031f 24070000 		.4byte	.LASF121
 435 0323 52       		.byte	0x52
 436 0324 04       		.uleb128 0x4
 437 0325 11090000 		.4byte	.LASF122
 438 0329 53       		.byte	0x53
 439 032a 04       		.uleb128 0x4
 440 032b 82020000 		.4byte	.LASF123
 441 032f 54       		.byte	0x54
 442 0330 04       		.uleb128 0x4
 443 0331 B5070000 		.4byte	.LASF124
 444 0335 55       		.byte	0x55
 445 0336 04       		.uleb128 0x4
 446 0337 F6120000 		.4byte	.LASF125
 447 033b 56       		.byte	0x56
 448 033c 04       		.uleb128 0x4
 449 033d D5010000 		.4byte	.LASF126
 450 0341 57       		.byte	0x57
 451 0342 04       		.uleb128 0x4
 452 0343 7C0C0000 		.4byte	.LASF127
 453 0347 58       		.byte	0x58
 454 0348 04       		.uleb128 0x4
 455 0349 98040000 		.4byte	.LASF128
 456 034d 59       		.byte	0x59
ARM GAS  C:\Users\gjl\AppData\Local\Temp\cc36Keve.s 			page 9


 457 034e 04       		.uleb128 0x4
 458 034f 28120000 		.4byte	.LASF129
 459 0353 5A       		.byte	0x5a
 460 0354 04       		.uleb128 0x4
 461 0355 E4060000 		.4byte	.LASF130
 462 0359 5B       		.byte	0x5b
 463 035a 04       		.uleb128 0x4
 464 035b DC080000 		.4byte	.LASF131
 465 035f 5C       		.byte	0x5c
 466 0360 04       		.uleb128 0x4
 467 0361 0B0B0000 		.4byte	.LASF132
 468 0365 5D       		.byte	0x5d
 469 0366 04       		.uleb128 0x4
 470 0367 5B000000 		.4byte	.LASF133
 471 036b 5E       		.byte	0x5e
 472 036c 04       		.uleb128 0x4
 473 036d C7020000 		.4byte	.LASF134
 474 0371 5F       		.byte	0x5f
 475 0372 04       		.uleb128 0x4
 476 0373 D6040000 		.4byte	.LASF135
 477 0377 60       		.byte	0x60
 478 0378 04       		.uleb128 0x4
 479 0379 070D0000 		.4byte	.LASF136
 480 037d 61       		.byte	0x61
 481 037e 04       		.uleb128 0x4
 482 037f 29030000 		.4byte	.LASF137
 483 0383 62       		.byte	0x62
 484 0384 04       		.uleb128 0x4
 485 0385 400B0000 		.4byte	.LASF138
 486 0389 63       		.byte	0x63
 487 038a 04       		.uleb128 0x4
 488 038b 960D0000 		.4byte	.LASF139
 489 038f 64       		.byte	0x64
 490 0390 04       		.uleb128 0x4
 491 0391 92100000 		.4byte	.LASF140
 492 0395 65       		.byte	0x65
 493 0396 04       		.uleb128 0x4
 494 0397 DC120000 		.4byte	.LASF141
 495 039b 66       		.byte	0x66
 496 039c 04       		.uleb128 0x4
 497 039d 63070000 		.4byte	.LASF142
 498 03a1 67       		.byte	0x67
 499 03a2 04       		.uleb128 0x4
 500 03a3 A9090000 		.4byte	.LASF143
 501 03a7 68       		.byte	0x68
 502 03a8 04       		.uleb128 0x4
 503 03a9 EB0B0000 		.4byte	.LASF144
 504 03ad 69       		.byte	0x69
 505 03ae 04       		.uleb128 0x4
 506 03af 08010000 		.4byte	.LASF145
 507 03b3 6A       		.byte	0x6a
 508 03b4 04       		.uleb128 0x4
 509 03b5 4C030000 		.4byte	.LASF146
 510 03b9 6B       		.byte	0x6b
 511 03ba 04       		.uleb128 0x4
 512 03bb 9E010000 		.4byte	.LASF147
 513 03bf 6C       		.byte	0x6c
ARM GAS  C:\Users\gjl\AppData\Local\Temp\cc36Keve.s 			page 10


 514 03c0 04       		.uleb128 0x4
 515 03c1 EE030000 		.4byte	.LASF148
 516 03c5 6D       		.byte	0x6d
 517 03c6 04       		.uleb128 0x4
 518 03c7 48060000 		.4byte	.LASF149
 519 03cb 6E       		.byte	0x6e
 520 03cc 04       		.uleb128 0x4
 521 03cd F6080000 		.4byte	.LASF150
 522 03d1 6F       		.byte	0x6f
 523 03d2 04       		.uleb128 0x4
 524 03d3 3B110000 		.4byte	.LASF151
 525 03d7 70       		.byte	0x70
 526 03d8 04       		.uleb128 0x4
 527 03d9 00000000 		.4byte	.LASF152
 528 03dd 71       		.byte	0x71
 529 03de 04       		.uleb128 0x4
 530 03df 67020000 		.4byte	.LASF153
 531 03e3 72       		.byte	0x72
 532 03e4 04       		.uleb128 0x4
 533 03e5 200A0000 		.4byte	.LASF154
 534 03e9 73       		.byte	0x73
 535 03ea 04       		.uleb128 0x4
 536 03eb 9C0C0000 		.4byte	.LASF155
 537 03ef 74       		.byte	0x74
 538 03f0 04       		.uleb128 0x4
 539 03f1 9B0F0000 		.4byte	.LASF156
 540 03f5 75       		.byte	0x75
 541 03f6 04       		.uleb128 0x4
 542 03f7 250B0000 		.4byte	.LASF157
 543 03fb 76       		.byte	0x76
 544 03fc 04       		.uleb128 0x4
 545 03fd 720D0000 		.4byte	.LASF158
 546 0401 77       		.byte	0x77
 547 0402 04       		.uleb128 0x4
 548 0403 77100000 		.4byte	.LASF159
 549 0407 78       		.byte	0x78
 550 0408 04       		.uleb128 0x4
 551 0409 B2080000 		.4byte	.LASF160
 552 040d 79       		.byte	0x79
 553 040e 04       		.uleb128 0x4
 554 040f 5B010000 		.4byte	.LASF161
 555 0413 7A       		.byte	0x7a
 556 0414 04       		.uleb128 0x4
 557 0415 DD000000 		.4byte	.LASF162
 558 0419 7B       		.byte	0x7b
 559 041a 04       		.uleb128 0x4
 560 041b C6050000 		.4byte	.LASF163
 561 041f 7C       		.byte	0x7c
 562 0420 04       		.uleb128 0x4
 563 0421 1D080000 		.4byte	.LASF164
 564 0425 7D       		.byte	0x7d
 565 0426 04       		.uleb128 0x4
 566 0427 01110000 		.4byte	.LASF165
 567 042b 7E       		.byte	0x7e
 568 042c 04       		.uleb128 0x4
 569 042d 4E130000 		.4byte	.LASF166
 570 0431 7F       		.byte	0x7f
ARM GAS  C:\Users\gjl\AppData\Local\Temp\cc36Keve.s 			page 11


 571 0432 04       		.uleb128 0x4
 572 0433 2A020000 		.4byte	.LASF167
 573 0437 80       		.byte	0x80
 574 0438 04       		.uleb128 0x4
 575 0439 FB090000 		.4byte	.LASF168
 576 043d 81       		.byte	0x81
 577 043e 04       		.uleb128 0x4
 578 043f 4B0C0000 		.4byte	.LASF169
 579 0443 82       		.byte	0x82
 580 0444 04       		.uleb128 0x4
 581 0445 620F0000 		.4byte	.LASF170
 582 0449 83       		.byte	0x83
 583 044a 04       		.uleb128 0x4
 584 044b E90F0000 		.4byte	.LASF171
 585 044f 84       		.byte	0x84
 586 0450 04       		.uleb128 0x4
 587 0451 760B0000 		.4byte	.LASF172
 588 0455 85       		.byte	0x85
 589 0456 04       		.uleb128 0x4
 590 0457 A3110000 		.4byte	.LASF173
 591 045b 86       		.byte	0x86
 592 045c 04       		.uleb128 0x4
 593 045d B70C0000 		.4byte	.LASF174
 594 0461 87       		.byte	0x87
 595 0462 04       		.uleb128 0x4
 596 0463 5F080000 		.4byte	.LASF175
 597 0467 88       		.byte	0x88
 598 0468 04       		.uleb128 0x4
 599 0469 A90B0000 		.4byte	.LASF176
 600 046d 89       		.byte	0x89
 601 046e 04       		.uleb128 0x4
 602 046f 290F0000 		.4byte	.LASF177
 603 0473 8A       		.byte	0x8a
 604 0474 04       		.uleb128 0x4
 605 0475 61040000 		.4byte	.LASF178
 606 0479 8B       		.byte	0x8b
 607 047a 04       		.uleb128 0x4
 608 047b 970E0000 		.4byte	.LASF179
 609 047f 8C       		.byte	0x8c
 610 0480 04       		.uleb128 0x4
 611 0481 CD070000 		.4byte	.LASF180
 612 0485 8D       		.byte	0x8d
 613 0486 04       		.uleb128 0x4
 614 0487 72110000 		.4byte	.LASF181
 615 048b 8E       		.byte	0x8e
 616 048c 04       		.uleb128 0x4
 617 048d A70A0000 		.4byte	.LASF182
 618 0491 8F       		.byte	0x8f
 619 0492 04       		.uleb128 0x4
 620 0493 0D070000 		.4byte	.LASF183
 621 0497 90       		.byte	0x90
 622 0498 04       		.uleb128 0x4
 623 0499 88010000 		.4byte	.LASF184
 624 049d 91       		.byte	0x91
 625 049e 04       		.uleb128 0x4
 626 049f 11020000 		.4byte	.LASF185
 627 04a3 92       		.byte	0x92
ARM GAS  C:\Users\gjl\AppData\Local\Temp\cc36Keve.s 			page 12


 628 04a4 04       		.uleb128 0x4
 629 04a5 A0080000 		.4byte	.LASF186
 630 04a9 F0       		.byte	0xf0
 631 04aa 00       		.byte	0
 632 04ab 05       		.uleb128 0x5
 633 04ac 01       		.byte	0x1
 634 04ad 08       		.byte	0x8
 635 04ae C00B0000 		.4byte	.LASF188
 636 04b2 07       		.uleb128 0x7
 637 04b3 40020000 		.4byte	.LASF190
 638 04b7 01       		.byte	0x1
 639 04b8 9201     		.2byte	0x192
 640 04ba 26010000 		.4byte	0x126
 641 04be 05       		.uleb128 0x5
 642 04bf 01       		.byte	0x1
 643 04c0 06       		.byte	0x6
 644 04c1 AC020000 		.4byte	.LASF191
 645 04c5 05       		.uleb128 0x5
 646 04c6 02       		.byte	0x2
 647 04c7 07       		.byte	0x7
 648 04c8 50070000 		.4byte	.LASF192
 649 04cc 05       		.uleb128 0x5
 650 04cd 04       		.byte	0x4
 651 04ce 05       		.byte	0x5
 652 04cf 43030000 		.4byte	.LASF193
 653 04d3 06       		.uleb128 0x6
 654 04d4 92060000 		.4byte	.LASF194
 655 04d8 02       		.byte	0x2
 656 04d9 41       		.byte	0x41
 657 04da DE040000 		.4byte	0x4de
 658 04de 05       		.uleb128 0x5
 659 04df 04       		.byte	0x4
 660 04e0 07       		.byte	0x7
 661 04e1 80060000 		.4byte	.LASF195
 662 04e5 05       		.uleb128 0x5
 663 04e6 08       		.byte	0x8
 664 04e7 05       		.byte	0x5
 665 04e8 9E020000 		.4byte	.LASF196
 666 04ec 05       		.uleb128 0x5
 667 04ed 08       		.byte	0x8
 668 04ee 07       		.byte	0x7
 669 04ef 71010000 		.4byte	.LASF197
 670 04f3 08       		.uleb128 0x8
 671 04f4 04       		.byte	0x4
 672 04f5 05       		.byte	0x5
 673 04f6 696E7400 		.ascii	"int\000"
 674 04fa 05       		.uleb128 0x5
 675 04fb 04       		.byte	0x4
 676 04fc 07       		.byte	0x7
 677 04fd 210C0000 		.4byte	.LASF198
 678 0501 06       		.uleb128 0x6
 679 0502 8D0D0000 		.4byte	.LASF199
 680 0506 03       		.byte	0x3
 681 0507 30       		.byte	0x30
 682 0508 D3040000 		.4byte	0x4d3
 683 050c 05       		.uleb128 0x5
 684 050d 04       		.byte	0x4
ARM GAS  C:\Users\gjl\AppData\Local\Temp\cc36Keve.s 			page 13


 685 050e 07       		.byte	0x7
 686 050f 2F090000 		.4byte	.LASF200
 687 0513 05       		.uleb128 0x5
 688 0514 08       		.byte	0x8
 689 0515 04       		.byte	0x4
 690 0516 B20E0000 		.4byte	.LASF201
 691 051a 05       		.uleb128 0x5
 692 051b 01       		.byte	0x1
 693 051c 08       		.byte	0x8
 694 051d BE0E0000 		.4byte	.LASF202
 695 0521 05       		.uleb128 0x5
 696 0522 04       		.byte	0x4
 697 0523 04       		.byte	0x4
 698 0524 BD0A0000 		.4byte	.LASF203
 699 0528 05       		.uleb128 0x5
 700 0529 08       		.byte	0x8
 701 052a 04       		.byte	0x4
 702 052b 5A040000 		.4byte	.LASF204
 703 052f 09       		.uleb128 0x9
 704 0530 08       		.byte	0x8
 705 0531 04       		.byte	0x4
 706 0532 EB       		.byte	0xeb
 707 0533 5C050000 		.4byte	0x55c
 708 0537 0A       		.uleb128 0xa
 709 0538 E6030000 		.4byte	.LASF205
 710 053c 04       		.byte	0x4
 711 053d EC       		.byte	0xec
 712 053e 1B010000 		.4byte	0x11b
 713 0542 00       		.byte	0
 714 0543 0A       		.uleb128 0xa
 715 0544 FD020000 		.4byte	.LASF206
 716 0548 04       		.byte	0x4
 717 0549 EE       		.byte	0xee
 718 054a B2040000 		.4byte	0x4b2
 719 054e 02       		.byte	0x2
 720 054f 0A       		.uleb128 0xa
 721 0550 CF120000 		.4byte	.LASF207
 722 0554 04       		.byte	0x4
 723 0555 F0       		.byte	0xf0
 724 0556 01050000 		.4byte	0x501
 725 055a 04       		.byte	0x4
 726 055b 00       		.byte	0
 727 055c 06       		.uleb128 0x6
 728 055d 7C090000 		.4byte	.LASF208
 729 0561 04       		.byte	0x4
 730 0562 F1       		.byte	0xf1
 731 0563 2F050000 		.4byte	0x52f
 732 0567 0B       		.uleb128 0xb
 733 0568 F0040000 		.4byte	.LASF212
 734 056c 05       		.byte	0x5
 735 056d 18       		.byte	0x18
 736 056e 78050000 		.4byte	0x578
 737 0572 05       		.uleb128 0x5
 738 0573 03       		.byte	0x3
 739 0574 00000000 		.4byte	BLE_1_bless_isr_cfg
 740 0578 0C       		.uleb128 0xc
 741 0579 5C050000 		.4byte	0x55c
ARM GAS  C:\Users\gjl\AppData\Local\Temp\cc36Keve.s 			page 14


 742 057d 00       		.byte	0
 743              		.section	.debug_abbrev,"",%progbits
 744              	.Ldebug_abbrev0:
 745 0000 01       		.uleb128 0x1
 746 0001 11       		.uleb128 0x11
 747 0002 01       		.byte	0x1
 748 0003 25       		.uleb128 0x25
 749 0004 0E       		.uleb128 0xe
 750 0005 13       		.uleb128 0x13
 751 0006 0B       		.uleb128 0xb
 752 0007 03       		.uleb128 0x3
 753 0008 0E       		.uleb128 0xe
 754 0009 1B       		.uleb128 0x1b
 755 000a 0E       		.uleb128 0xe
 756 000b 10       		.uleb128 0x10
 757 000c 17       		.uleb128 0x17
 758 000d 00       		.byte	0
 759 000e 00       		.byte	0
 760 000f 02       		.uleb128 0x2
 761 0010 04       		.uleb128 0x4
 762 0011 01       		.byte	0x1
 763 0012 0B       		.uleb128 0xb
 764 0013 0B       		.uleb128 0xb
 765 0014 49       		.uleb128 0x49
 766 0015 13       		.uleb128 0x13
 767 0016 3A       		.uleb128 0x3a
 768 0017 0B       		.uleb128 0xb
 769 0018 3B       		.uleb128 0x3b
 770 0019 0B       		.uleb128 0xb
 771 001a 01       		.uleb128 0x1
 772 001b 13       		.uleb128 0x13
 773 001c 00       		.byte	0
 774 001d 00       		.byte	0
 775 001e 03       		.uleb128 0x3
 776 001f 28       		.uleb128 0x28
 777 0020 00       		.byte	0
 778 0021 03       		.uleb128 0x3
 779 0022 0E       		.uleb128 0xe
 780 0023 1C       		.uleb128 0x1c
 781 0024 0D       		.uleb128 0xd
 782 0025 00       		.byte	0
 783 0026 00       		.byte	0
 784 0027 04       		.uleb128 0x4
 785 0028 28       		.uleb128 0x28
 786 0029 00       		.byte	0
 787 002a 03       		.uleb128 0x3
 788 002b 0E       		.uleb128 0xe
 789 002c 1C       		.uleb128 0x1c
 790 002d 0B       		.uleb128 0xb
 791 002e 00       		.byte	0
 792 002f 00       		.byte	0
 793 0030 05       		.uleb128 0x5
 794 0031 24       		.uleb128 0x24
 795 0032 00       		.byte	0
 796 0033 0B       		.uleb128 0xb
 797 0034 0B       		.uleb128 0xb
 798 0035 3E       		.uleb128 0x3e
ARM GAS  C:\Users\gjl\AppData\Local\Temp\cc36Keve.s 			page 15


 799 0036 0B       		.uleb128 0xb
 800 0037 03       		.uleb128 0x3
 801 0038 0E       		.uleb128 0xe
 802 0039 00       		.byte	0
 803 003a 00       		.byte	0
 804 003b 06       		.uleb128 0x6
 805 003c 16       		.uleb128 0x16
 806 003d 00       		.byte	0
 807 003e 03       		.uleb128 0x3
 808 003f 0E       		.uleb128 0xe
 809 0040 3A       		.uleb128 0x3a
 810 0041 0B       		.uleb128 0xb
 811 0042 3B       		.uleb128 0x3b
 812 0043 0B       		.uleb128 0xb
 813 0044 49       		.uleb128 0x49
 814 0045 13       		.uleb128 0x13
 815 0046 00       		.byte	0
 816 0047 00       		.byte	0
 817 0048 07       		.uleb128 0x7
 818 0049 16       		.uleb128 0x16
 819 004a 00       		.byte	0
 820 004b 03       		.uleb128 0x3
 821 004c 0E       		.uleb128 0xe
 822 004d 3A       		.uleb128 0x3a
 823 004e 0B       		.uleb128 0xb
 824 004f 3B       		.uleb128 0x3b
 825 0050 05       		.uleb128 0x5
 826 0051 49       		.uleb128 0x49
 827 0052 13       		.uleb128 0x13
 828 0053 00       		.byte	0
 829 0054 00       		.byte	0
 830 0055 08       		.uleb128 0x8
 831 0056 24       		.uleb128 0x24
 832 0057 00       		.byte	0
 833 0058 0B       		.uleb128 0xb
 834 0059 0B       		.uleb128 0xb
 835 005a 3E       		.uleb128 0x3e
 836 005b 0B       		.uleb128 0xb
 837 005c 03       		.uleb128 0x3
 838 005d 08       		.uleb128 0x8
 839 005e 00       		.byte	0
 840 005f 00       		.byte	0
 841 0060 09       		.uleb128 0x9
 842 0061 13       		.uleb128 0x13
 843 0062 01       		.byte	0x1
 844 0063 0B       		.uleb128 0xb
 845 0064 0B       		.uleb128 0xb
 846 0065 3A       		.uleb128 0x3a
 847 0066 0B       		.uleb128 0xb
 848 0067 3B       		.uleb128 0x3b
 849 0068 0B       		.uleb128 0xb
 850 0069 01       		.uleb128 0x1
 851 006a 13       		.uleb128 0x13
 852 006b 00       		.byte	0
 853 006c 00       		.byte	0
 854 006d 0A       		.uleb128 0xa
 855 006e 0D       		.uleb128 0xd
ARM GAS  C:\Users\gjl\AppData\Local\Temp\cc36Keve.s 			page 16


 856 006f 00       		.byte	0
 857 0070 03       		.uleb128 0x3
 858 0071 0E       		.uleb128 0xe
 859 0072 3A       		.uleb128 0x3a
 860 0073 0B       		.uleb128 0xb
 861 0074 3B       		.uleb128 0x3b
 862 0075 0B       		.uleb128 0xb
 863 0076 49       		.uleb128 0x49
 864 0077 13       		.uleb128 0x13
 865 0078 38       		.uleb128 0x38
 866 0079 0B       		.uleb128 0xb
 867 007a 00       		.byte	0
 868 007b 00       		.byte	0
 869 007c 0B       		.uleb128 0xb
 870 007d 34       		.uleb128 0x34
 871 007e 00       		.byte	0
 872 007f 03       		.uleb128 0x3
 873 0080 0E       		.uleb128 0xe
 874 0081 3A       		.uleb128 0x3a
 875 0082 0B       		.uleb128 0xb
 876 0083 3B       		.uleb128 0x3b
 877 0084 0B       		.uleb128 0xb
 878 0085 49       		.uleb128 0x49
 879 0086 13       		.uleb128 0x13
 880 0087 3F       		.uleb128 0x3f
 881 0088 19       		.uleb128 0x19
 882 0089 02       		.uleb128 0x2
 883 008a 18       		.uleb128 0x18
 884 008b 00       		.byte	0
 885 008c 00       		.byte	0
 886 008d 0C       		.uleb128 0xc
 887 008e 26       		.uleb128 0x26
 888 008f 00       		.byte	0
 889 0090 49       		.uleb128 0x49
 890 0091 13       		.uleb128 0x13
 891 0092 00       		.byte	0
 892 0093 00       		.byte	0
 893 0094 00       		.byte	0
 894              		.section	.debug_aranges,"",%progbits
 895 0000 14000000 		.4byte	0x14
 896 0004 0200     		.2byte	0x2
 897 0006 00000000 		.4byte	.Ldebug_info0
 898 000a 04       		.byte	0x4
 899 000b 00       		.byte	0
 900 000c 0000     		.2byte	0
 901 000e 0000     		.2byte	0
 902 0010 00000000 		.4byte	0
 903 0014 00000000 		.4byte	0
 904              		.section	.debug_line,"",%progbits
 905              	.Ldebug_line0:
 906 0000 D9010000 		.section	.debug_str,"MS",%progbits,1
 906      0200D301 
 906      00000201 
 906      FB0E0D00 
 906      01010101 
 907              	.LASF152:
 908 0000 74637077 		.ascii	"tcpwm_1_interrupts_15_IRQn\000"
ARM GAS  C:\Users\gjl\AppData\Local\Temp\cc36Keve.s 			page 17


 908      6D5F315F 
 908      696E7465 
 908      72727570 
 908      74735F31 
 909              	.LASF41:
 910 001b 696F7373 		.ascii	"ioss_interrupts_gpio_2_IRQn\000"
 910      5F696E74 
 910      65727275 
 910      7074735F 
 910      6770696F 
 911              	.LASF85:
 912 0037 7363625F 		.ascii	"scb_5_interrupt_IRQn\000"
 912      355F696E 
 912      74657272 
 912      7570745F 
 912      4952516E 
 913              	.LASF21:
 914 004c 4E766963 		.ascii	"NvicMux15_IRQn\000"
 914      4D757831 
 914      355F4952 
 914      516E00
 915              	.LASF133:
 916 005b 74637077 		.ascii	"tcpwm_0_interrupts_4_IRQn\000"
 916      6D5F305F 
 916      696E7465 
 916      72727570 
 916      74735F34 
 917              	.LASF61:
 918 0075 73727373 		.ascii	"srss_interrupt_IRQn\000"
 918      5F696E74 
 918      65727275 
 918      70745F49 
 918      52516E00 
 919              	.LASF57:
 920 0089 7363625F 		.ascii	"scb_8_interrupt_IRQn\000"
 920      385F696E 
 920      74657272 
 920      7570745F 
 920      4952516E 
 921              	.LASF90:
 922 009e 63707573 		.ascii	"cpuss_interrupts_dw0_1_IRQn\000"
 922      735F696E 
 922      74657272 
 922      75707473 
 922      5F647730 
 923              	.LASF8:
 924 00ba 4E766963 		.ascii	"NvicMux2_IRQn\000"
 924      4D757832 
 924      5F495251 
 924      6E00
 925              	.LASF63:
 926 00c8 626C6573 		.ascii	"bless_interrupt_IRQn\000"
 926      735F696E 
 926      74657272 
 926      7570745F 
 926      4952516E 
 927              	.LASF162:
ARM GAS  C:\Users\gjl\AppData\Local\Temp\cc36Keve.s 			page 18


 928 00dd 7564625F 		.ascii	"udb_interrupts_1_IRQn\000"
 928      696E7465 
 928      72727570 
 928      74735F31 
 928      5F495251 
 929              	.LASF80:
 930 00f3 7363625F 		.ascii	"scb_0_interrupt_IRQn\000"
 930      305F696E 
 930      74657272 
 930      7570745F 
 930      4952516E 
 931              	.LASF145:
 932 0108 74637077 		.ascii	"tcpwm_1_interrupts_8_IRQn\000"
 932      6D5F315F 
 932      696E7465 
 932      72727570 
 932      74735F38 
 933              	.LASF68:
 934 0122 63707573 		.ascii	"cpuss_interrupts_ipc_4_IRQn\000"
 934      735F696E 
 934      74657272 
 934      75707473 
 934      5F697063 
 935              	.LASF75:
 936 013e 63707573 		.ascii	"cpuss_interrupts_ipc_11_IRQn\000"
 936      735F696E 
 936      74657272 
 936      75707473 
 936      5F697063 
 937              	.LASF161:
 938 015b 7564625F 		.ascii	"udb_interrupts_0_IRQn\000"
 938      696E7465 
 938      72727570 
 938      74735F30 
 938      5F495251 
 939              	.LASF197:
 940 0171 6C6F6E67 		.ascii	"long long unsigned int\000"
 940      206C6F6E 
 940      6720756E 
 940      7369676E 
 940      65642069 
 941              	.LASF184:
 942 0188 7573625F 		.ascii	"usb_interrupt_lo_IRQn\000"
 942      696E7465 
 942      72727570 
 942      745F6C6F 
 942      5F495251 
 943              	.LASF147:
 944 019e 74637077 		.ascii	"tcpwm_1_interrupts_10_IRQn\000"
 944      6D5F315F 
 944      696E7465 
 944      72727570 
 944      74735F31 
 945              	.LASF39:
 946 01b9 696F7373 		.ascii	"ioss_interrupts_gpio_0_IRQn\000"
 946      5F696E74 
 946      65727275 
ARM GAS  C:\Users\gjl\AppData\Local\Temp\cc36Keve.s 			page 19


 946      7074735F 
 946      6770696F 
 947              	.LASF126:
 948 01d5 63707573 		.ascii	"cpuss_interrupts_cm0_cti_1_IRQn\000"
 948      735F696E 
 948      74657272 
 948      75707473 
 948      5F636D30 
 949              	.LASF48:
 950 01f5 696F7373 		.ascii	"ioss_interrupts_gpio_9_IRQn\000"
 950      5F696E74 
 950      65727275 
 950      7074735F 
 950      6770696F 
 951              	.LASF185:
 952 0211 70617373 		.ascii	"pass_interrupt_dacs_IRQn\000"
 952      5F696E74 
 952      65727275 
 952      70745F64 
 952      6163735F 
 953              	.LASF167:
 954 022a 7564625F 		.ascii	"udb_interrupts_6_IRQn\000"
 954      696E7465 
 954      72727570 
 954      74735F36 
 954      5F495251 
 955              	.LASF190:
 956 0240 63795F65 		.ascii	"cy_en_intr_t\000"
 956      6E5F696E 
 956      74725F74 
 956      00
 957              	.LASF30:
 958 024d 4E766963 		.ascii	"NvicMux24_IRQn\000"
 958      4D757832 
 958      345F4952 
 958      516E00
 959              	.LASF0:
 960 025c 52657365 		.ascii	"Reset_IRQn\000"
 960      745F4952 
 960      516E00
 961              	.LASF153:
 962 0267 74637077 		.ascii	"tcpwm_1_interrupts_16_IRQn\000"
 962      6D5F315F 
 962      696E7465 
 962      72727570 
 962      74735F31 
 963              	.LASF123:
 964 0282 63707573 		.ascii	"cpuss_interrupt_crypto_IRQn\000"
 964      735F696E 
 964      74657272 
 964      7570745F 
 964      63727970 
 965              	.LASF196:
 966 029e 6C6F6E67 		.ascii	"long long int\000"
 966      206C6F6E 
 966      6720696E 
 966      7400
ARM GAS  C:\Users\gjl\AppData\Local\Temp\cc36Keve.s 			page 20


 967              	.LASF191:
 968 02ac 7369676E 		.ascii	"signed char\000"
 968      65642063 
 968      68617200 
 969              	.LASF22:
 970 02b8 4E766963 		.ascii	"NvicMux16_IRQn\000"
 970      4D757831 
 970      365F4952 
 970      516E00
 971              	.LASF134:
 972 02c7 74637077 		.ascii	"tcpwm_0_interrupts_5_IRQn\000"
 972      6D5F305F 
 972      696E7465 
 972      72727570 
 972      74735F35 
 973              	.LASF114:
 974 02e1 63707573 		.ascii	"cpuss_interrupts_dw1_9_IRQn\000"
 974      735F696E 
 974      74657272 
 974      75707473 
 974      5F647731 
 975              	.LASF206:
 976 02fd 636D3070 		.ascii	"cm0pSrc\000"
 976      53726300 
 977              	.LASF9:
 978 0305 4E766963 		.ascii	"NvicMux3_IRQn\000"
 978      4D757833 
 978      5F495251 
 978      6E00
 979              	.LASF56:
 980 0313 6C70636F 		.ascii	"lpcomp_interrupt_IRQn\000"
 980      6D705F69 
 980      6E746572 
 980      72757074 
 980      5F495251 
 981              	.LASF137:
 982 0329 74637077 		.ascii	"tcpwm_1_interrupts_0_IRQn\000"
 982      6D5F315F 
 982      696E7465 
 982      72727570 
 982      74735F30 
 983              	.LASF193:
 984 0343 6C6F6E67 		.ascii	"long int\000"
 984      20696E74 
 984      00
 985              	.LASF146:
 986 034c 74637077 		.ascii	"tcpwm_1_interrupts_9_IRQn\000"
 986      6D5F315F 
 986      696E7465 
 986      72727570 
 986      74735F39 
 987              	.LASF69:
 988 0366 63707573 		.ascii	"cpuss_interrupts_ipc_5_IRQn\000"
 988      735F696E 
 988      74657272 
 988      75707473 
 988      5F697063 
ARM GAS  C:\Users\gjl\AppData\Local\Temp\cc36Keve.s 			page 21


 989              	.LASF112:
 990 0382 63707573 		.ascii	"cpuss_interrupts_dw1_7_IRQn\000"
 990      735F696E 
 990      74657272 
 990      75707473 
 990      5F647731 
 991              	.LASF76:
 992 039e 63707573 		.ascii	"cpuss_interrupts_ipc_12_IRQn\000"
 992      735F696E 
 992      74657272 
 992      75707473 
 992      5F697063 
 993              	.LASF113:
 994 03bb 63707573 		.ascii	"cpuss_interrupts_dw1_8_IRQn\000"
 994      735F696E 
 994      74657272 
 994      75707473 
 994      5F647731 
 995              	.LASF34:
 996 03d7 4E766963 		.ascii	"NvicMux28_IRQn\000"
 996      4D757832 
 996      385F4952 
 996      516E00
 997              	.LASF205:
 998 03e6 696E7472 		.ascii	"intrSrc\000"
 998      53726300 
 999              	.LASF148:
 1000 03ee 74637077 		.ascii	"tcpwm_1_interrupts_11_IRQn\000"
 1000      6D5F315F 
 1000      696E7465 
 1000      72727570 
 1000      74735F31 
 1001              	.LASF93:
 1002 0409 63707573 		.ascii	"cpuss_interrupts_dw0_4_IRQn\000"
 1002      735F696E 
 1002      74657272 
 1002      75707473 
 1002      5F647730 
 1003              	.LASF54:
 1004 0425 696F7373 		.ascii	"ioss_interrupt_gpio_IRQn\000"
 1004      5F696E74 
 1004      65727275 
 1004      70745F67 
 1004      70696F5F 
 1005              	.LASF58:
 1006 043e 73727373 		.ascii	"srss_interrupt_mcwdt_0_IRQn\000"
 1006      5F696E74 
 1006      65727275 
 1006      70745F6D 
 1006      63776474 
 1007              	.LASF204:
 1008 045a 646F7562 		.ascii	"double\000"
 1008      6C6500
 1009              	.LASF178:
 1010 0461 61756469 		.ascii	"audioss_interrupt_i2s_IRQn\000"
 1010      6F73735F 
 1010      696E7465 
ARM GAS  C:\Users\gjl\AppData\Local\Temp\cc36Keve.s 			page 22


 1010      72727570 
 1010      745F6932 
 1011              	.LASF95:
 1012 047c 63707573 		.ascii	"cpuss_interrupts_dw0_6_IRQn\000"
 1012      735F696E 
 1012      74657272 
 1012      75707473 
 1012      5F647730 
 1013              	.LASF128:
 1014 0498 63707573 		.ascii	"cpuss_interrupts_cm4_cti_1_IRQn\000"
 1014      735F696E 
 1014      74657272 
 1014      75707473 
 1014      5F636D34 
 1015              	.LASF37:
 1016 04b8 4E766963 		.ascii	"NvicMux31_IRQn\000"
 1016      4D757833 
 1016      315F4952 
 1016      516E00
 1017              	.LASF23:
 1018 04c7 4E766963 		.ascii	"NvicMux17_IRQn\000"
 1018      4D757831 
 1018      375F4952 
 1018      516E00
 1019              	.LASF135:
 1020 04d6 74637077 		.ascii	"tcpwm_0_interrupts_6_IRQn\000"
 1020      6D5F305F 
 1020      696E7465 
 1020      72727570 
 1020      74735F36 
 1021              	.LASF212:
 1022 04f0 424C455F 		.ascii	"BLE_1_bless_isr_cfg\000"
 1022      315F626C 
 1022      6573735F 
 1022      6973725F 
 1022      63666700 
 1023              	.LASF81:
 1024 0504 7363625F 		.ascii	"scb_1_interrupt_IRQn\000"
 1024      315F696E 
 1024      74657272 
 1024      7570745F 
 1024      4952516E 
 1025              	.LASF10:
 1026 0519 4E766963 		.ascii	"NvicMux4_IRQn\000"
 1026      4D757834 
 1026      5F495251 
 1026      6E00
 1027              	.LASF46:
 1028 0527 696F7373 		.ascii	"ioss_interrupts_gpio_7_IRQn\000"
 1028      5F696E74 
 1028      65727275 
 1028      7074735F 
 1028      6770696F 
 1029              	.LASF62:
 1030 0543 70617373 		.ascii	"pass_interrupt_ctbs_IRQn\000"
 1030      5F696E74 
 1030      65727275 
ARM GAS  C:\Users\gjl\AppData\Local\Temp\cc36Keve.s 			page 23


 1030      70745F63 
 1030      7462735F 
 1031              	.LASF82:
 1032 055c 7363625F 		.ascii	"scb_2_interrupt_IRQn\000"
 1032      325F696E 
 1032      74657272 
 1032      7570745F 
 1032      4952516E 
 1033              	.LASF103:
 1034 0571 63707573 		.ascii	"cpuss_interrupts_dw0_14_IRQn\000"
 1034      735F696E 
 1034      74657272 
 1034      75707473 
 1034      5F647730 
 1035              	.LASF44:
 1036 058e 696F7373 		.ascii	"ioss_interrupts_gpio_5_IRQn\000"
 1036      5F696E74 
 1036      65727275 
 1036      7074735F 
 1036      6770696F 
 1037              	.LASF70:
 1038 05aa 63707573 		.ascii	"cpuss_interrupts_ipc_6_IRQn\000"
 1038      735F696E 
 1038      74657272 
 1038      75707473 
 1038      5F697063 
 1039              	.LASF163:
 1040 05c6 7564625F 		.ascii	"udb_interrupts_2_IRQn\000"
 1040      696E7465 
 1040      72727570 
 1040      74735F32 
 1040      5F495251 
 1041              	.LASF211:
 1042 05dc 433A5C47 		.ascii	"C:\\Git\\PSoC6-101-Videos\\Projects_ScreenCapture\\"
 1042      69745C50 
 1042      536F4336 
 1042      2D313031 
 1042      2D566964 
 1043 060b 50536F43 		.ascii	"PSoC 6_101\\3-1-BLEFindMe.cydsn\000"
 1043      20365F31 
 1043      30315C33 
 1043      2D312D42 
 1043      4C454669 
 1044              	.LASF26:
 1045 062a 4E766963 		.ascii	"NvicMux20_IRQn\000"
 1045      4D757832 
 1045      305F4952 
 1045      516E00
 1046              	.LASF35:
 1047 0639 4E766963 		.ascii	"NvicMux29_IRQn\000"
 1047      4D757832 
 1047      395F4952 
 1047      516E00
 1048              	.LASF149:
 1049 0648 74637077 		.ascii	"tcpwm_1_interrupts_12_IRQn\000"
 1049      6D5F315F 
 1049      696E7465 
ARM GAS  C:\Users\gjl\AppData\Local\Temp\cc36Keve.s 			page 24


 1049      72727570 
 1049      74735F31 
 1050              	.LASF118:
 1051 0663 63707573 		.ascii	"cpuss_interrupts_dw1_13_IRQn\000"
 1051      735F696E 
 1051      74657272 
 1051      75707473 
 1051      5F647731 
 1052              	.LASF195:
 1053 0680 6C6F6E67 		.ascii	"long unsigned int\000"
 1053      20756E73 
 1053      69676E65 
 1053      6420696E 
 1053      7400
 1054              	.LASF194:
 1055 0692 5F5F7569 		.ascii	"__uint32_t\000"
 1055      6E743332 
 1055      5F7400
 1056              	.LASF59:
 1057 069d 73727373 		.ascii	"srss_interrupt_mcwdt_1_IRQn\000"
 1057      5F696E74 
 1057      65727275 
 1057      70745F6D 
 1057      63776474 
 1058              	.LASF91:
 1059 06b9 63707573 		.ascii	"cpuss_interrupts_dw0_2_IRQn\000"
 1059      735F696E 
 1059      74657272 
 1059      75707473 
 1059      5F647730 
 1060              	.LASF18:
 1061 06d5 4E766963 		.ascii	"NvicMux12_IRQn\000"
 1061      4D757831 
 1061      325F4952 
 1061      516E00
 1062              	.LASF130:
 1063 06e4 74637077 		.ascii	"tcpwm_0_interrupts_1_IRQn\000"
 1063      6D5F305F 
 1063      696E7465 
 1063      72727570 
 1063      74735F31 
 1064              	.LASF32:
 1065 06fe 4E766963 		.ascii	"NvicMux26_IRQn\000"
 1065      4D757832 
 1065      365F4952 
 1065      516E00
 1066              	.LASF183:
 1067 070d 7573625F 		.ascii	"usb_interrupt_med_IRQn\000"
 1067      696E7465 
 1067      72727570 
 1067      745F6D65 
 1067      645F4952 
 1068              	.LASF121:
 1069 0724 63707573 		.ascii	"cpuss_interrupts_fault_0_IRQn\000"
 1069      735F696E 
 1069      74657272 
 1069      75707473 
ARM GAS  C:\Users\gjl\AppData\Local\Temp\cc36Keve.s 			page 25


 1069      5F666175 
 1070              	.LASF14:
 1071 0742 4E766963 		.ascii	"NvicMux8_IRQn\000"
 1071      4D757838 
 1071      5F495251 
 1071      6E00
 1072              	.LASF192:
 1073 0750 73686F72 		.ascii	"short unsigned int\000"
 1073      7420756E 
 1073      7369676E 
 1073      65642069 
 1073      6E7400
 1074              	.LASF142:
 1075 0763 74637077 		.ascii	"tcpwm_1_interrupts_5_IRQn\000"
 1075      6D5F315F 
 1075      696E7465 
 1075      72727570 
 1075      74735F35 
 1076              	.LASF65:
 1077 077d 63707573 		.ascii	"cpuss_interrupts_ipc_1_IRQn\000"
 1077      735F696E 
 1077      74657272 
 1077      75707473 
 1077      5F697063 
 1078              	.LASF109:
 1079 0799 63707573 		.ascii	"cpuss_interrupts_dw1_4_IRQn\000"
 1079      735F696E 
 1079      74657272 
 1079      75707473 
 1079      5F647731 
 1080              	.LASF124:
 1081 07b5 63707573 		.ascii	"cpuss_interrupt_fm_IRQn\000"
 1081      735F696E 
 1081      74657272 
 1081      7570745F 
 1081      666D5F49 
 1082              	.LASF180:
 1083 07cd 70726F66 		.ascii	"profile_interrupt_IRQn\000"
 1083      696C655F 
 1083      696E7465 
 1083      72727570 
 1083      745F4952 
 1084              	.LASF104:
 1085 07e4 63707573 		.ascii	"cpuss_interrupts_dw0_15_IRQn\000"
 1085      735F696E 
 1085      74657272 
 1085      75707473 
 1085      5F647730 
 1086              	.LASF45:
 1087 0801 696F7373 		.ascii	"ioss_interrupts_gpio_6_IRQn\000"
 1087      5F696E74 
 1087      65727275 
 1087      7074735F 
 1087      6770696F 
 1088              	.LASF164:
 1089 081d 7564625F 		.ascii	"udb_interrupts_3_IRQn\000"
 1089      696E7465 
ARM GAS  C:\Users\gjl\AppData\Local\Temp\cc36Keve.s 			page 26


 1089      72727570 
 1089      74735F33 
 1089      5F495251 
 1090              	.LASF53:
 1091 0833 696F7373 		.ascii	"ioss_interrupts_gpio_14_IRQn\000"
 1091      5F696E74 
 1091      65727275 
 1091      7074735F 
 1091      6770696F 
 1092              	.LASF27:
 1093 0850 4E766963 		.ascii	"NvicMux21_IRQn\000"
 1093      4D757832 
 1093      315F4952 
 1093      516E00
 1094              	.LASF175:
 1095 085f 7564625F 		.ascii	"udb_interrupts_14_IRQn\000"
 1095      696E7465 
 1095      72727570 
 1095      74735F31 
 1095      345F4952 
 1096              	.LASF5:
 1097 0876 53797354 		.ascii	"SysTick_IRQn\000"
 1097      69636B5F 
 1097      4952516E 
 1097      00
 1098              	.LASF119:
 1099 0883 63707573 		.ascii	"cpuss_interrupts_dw1_14_IRQn\000"
 1099      735F696E 
 1099      74657272 
 1099      75707473 
 1099      5F647731 
 1100              	.LASF186:
 1101 08a0 64697363 		.ascii	"disconnected_IRQn\000"
 1101      6F6E6E65 
 1101      63746564 
 1101      5F495251 
 1101      6E00
 1102              	.LASF160:
 1103 08b2 74637077 		.ascii	"tcpwm_1_interrupts_23_IRQn\000"
 1103      6D5F315F 
 1103      696E7465 
 1103      72727570 
 1103      74735F32 
 1104              	.LASF19:
 1105 08cd 4E766963 		.ascii	"NvicMux13_IRQn\000"
 1105      4D757831 
 1105      335F4952 
 1105      516E00
 1106              	.LASF131:
 1107 08dc 74637077 		.ascii	"tcpwm_0_interrupts_2_IRQn\000"
 1107      6D5F305F 
 1107      696E7465 
 1107      72727570 
 1107      74735F32 
 1108              	.LASF150:
 1109 08f6 74637077 		.ascii	"tcpwm_1_interrupts_13_IRQn\000"
 1109      6D5F315F 
ARM GAS  C:\Users\gjl\AppData\Local\Temp\cc36Keve.s 			page 27


 1109      696E7465 
 1109      72727570 
 1109      74735F31 
 1110              	.LASF122:
 1111 0911 63707573 		.ascii	"cpuss_interrupts_fault_1_IRQn\000"
 1111      735F696E 
 1111      74657272 
 1111      75707473 
 1111      5F666175 
 1112              	.LASF200:
 1113 092f 73697A65 		.ascii	"sizetype\000"
 1113      74797065 
 1113      00
 1114              	.LASF6:
 1115 0938 4E766963 		.ascii	"NvicMux0_IRQn\000"
 1115      4D757830 
 1115      5F495251 
 1115      6E00
 1116              	.LASF97:
 1117 0946 63707573 		.ascii	"cpuss_interrupts_dw0_8_IRQn\000"
 1117      735F696E 
 1117      74657272 
 1117      75707473 
 1117      5F647730 
 1118              	.LASF15:
 1119 0962 4E766963 		.ascii	"NvicMux9_IRQn\000"
 1119      4D757839 
 1119      5F495251 
 1119      6E00
 1120              	.LASF3:
 1121 0970 53564361 		.ascii	"SVCall_IRQn\000"
 1121      6C6C5F49 
 1121      52516E00 
 1122              	.LASF208:
 1123 097c 63795F73 		.ascii	"cy_stc_sysint_t\000"
 1123      74635F73 
 1123      7973696E 
 1123      745F7400 
 1124              	.LASF99:
 1125 098c 63707573 		.ascii	"cpuss_interrupts_dw0_10_IRQn\000"
 1125      735F696E 
 1125      74657272 
 1125      75707473 
 1125      5F647730 
 1126              	.LASF143:
 1127 09a9 74637077 		.ascii	"tcpwm_1_interrupts_6_IRQn\000"
 1127      6D5F315F 
 1127      696E7465 
 1127      72727570 
 1127      74735F36 
 1128              	.LASF66:
 1129 09c3 63707573 		.ascii	"cpuss_interrupts_ipc_2_IRQn\000"
 1129      735F696E 
 1129      74657272 
 1129      75707473 
 1129      5F697063 
 1130              	.LASF110:
ARM GAS  C:\Users\gjl\AppData\Local\Temp\cc36Keve.s 			page 28


 1131 09df 63707573 		.ascii	"cpuss_interrupts_dw1_5_IRQn\000"
 1131      735F696E 
 1131      74657272 
 1131      75707473 
 1131      5F647731 
 1132              	.LASF168:
 1133 09fb 7564625F 		.ascii	"udb_interrupts_7_IRQn\000"
 1133      696E7465 
 1133      72727570 
 1133      74735F37 
 1133      5F495251 
 1134              	.LASF31:
 1135 0a11 4E766963 		.ascii	"NvicMux25_IRQn\000"
 1135      4D757832 
 1135      355F4952 
 1135      516E00
 1136              	.LASF154:
 1137 0a20 74637077 		.ascii	"tcpwm_1_interrupts_17_IRQn\000"
 1137      6D5F315F 
 1137      696E7465 
 1137      72727570 
 1137      74735F31 
 1138              	.LASF84:
 1139 0a3b 7363625F 		.ascii	"scb_4_interrupt_IRQn\000"
 1139      345F696E 
 1139      74657272 
 1139      7570745F 
 1139      4952516E 
 1140              	.LASF52:
 1141 0a50 696F7373 		.ascii	"ioss_interrupts_gpio_13_IRQn\000"
 1141      5F696E74 
 1141      65727275 
 1141      7074735F 
 1141      6770696F 
 1142              	.LASF102:
 1143 0a6d 63707573 		.ascii	"cpuss_interrupts_dw0_13_IRQn\000"
 1143      735F696E 
 1143      74657272 
 1143      75707473 
 1143      5F647730 
 1144              	.LASF120:
 1145 0a8a 63707573 		.ascii	"cpuss_interrupts_dw1_15_IRQn\000"
 1145      735F696E 
 1145      74657272 
 1145      75707473 
 1145      5F647731 
 1146              	.LASF182:
 1147 0aa7 7573625F 		.ascii	"usb_interrupt_hi_IRQn\000"
 1147      696E7465 
 1147      72727570 
 1147      745F6869 
 1147      5F495251 
 1148              	.LASF203:
 1149 0abd 666C6F61 		.ascii	"float\000"
 1149      7400
 1150              	.LASF92:
 1151 0ac3 63707573 		.ascii	"cpuss_interrupts_dw0_3_IRQn\000"
ARM GAS  C:\Users\gjl\AppData\Local\Temp\cc36Keve.s 			page 29


 1151      735F696E 
 1151      74657272 
 1151      75707473 
 1151      5F647730 
 1152              	.LASF50:
 1153 0adf 696F7373 		.ascii	"ioss_interrupts_gpio_11_IRQn\000"
 1153      5F696E74 
 1153      65727275 
 1153      7074735F 
 1153      6770696F 
 1154              	.LASF20:
 1155 0afc 4E766963 		.ascii	"NvicMux14_IRQn\000"
 1155      4D757831 
 1155      345F4952 
 1155      516E00
 1156              	.LASF132:
 1157 0b0b 74637077 		.ascii	"tcpwm_0_interrupts_3_IRQn\000"
 1157      6D5F305F 
 1157      696E7465 
 1157      72727570 
 1157      74735F33 
 1158              	.LASF157:
 1159 0b25 74637077 		.ascii	"tcpwm_1_interrupts_20_IRQn\000"
 1159      6D5F315F 
 1159      696E7465 
 1159      72727570 
 1159      74735F32 
 1160              	.LASF138:
 1161 0b40 74637077 		.ascii	"tcpwm_1_interrupts_1_IRQn\000"
 1161      6D5F315F 
 1161      696E7465 
 1161      72727570 
 1161      74735F31 
 1162              	.LASF105:
 1163 0b5a 63707573 		.ascii	"cpuss_interrupts_dw1_0_IRQn\000"
 1163      735F696E 
 1163      74657272 
 1163      75707473 
 1163      5F647731 
 1164              	.LASF172:
 1165 0b76 7564625F 		.ascii	"udb_interrupts_11_IRQn\000"
 1165      696E7465 
 1165      72727570 
 1165      74735F31 
 1165      315F4952 
 1166              	.LASF98:
 1167 0b8d 63707573 		.ascii	"cpuss_interrupts_dw0_9_IRQn\000"
 1167      735F696E 
 1167      74657272 
 1167      75707473 
 1167      5F647730 
 1168              	.LASF176:
 1169 0ba9 7564625F 		.ascii	"udb_interrupts_15_IRQn\000"
 1169      696E7465 
 1169      72727570 
 1169      74735F31 
 1169      355F4952 
ARM GAS  C:\Users\gjl\AppData\Local\Temp\cc36Keve.s 			page 30


 1170              	.LASF188:
 1171 0bc0 756E7369 		.ascii	"unsigned char\000"
 1171      676E6564 
 1171      20636861 
 1171      7200
 1172              	.LASF100:
 1173 0bce 63707573 		.ascii	"cpuss_interrupts_dw0_11_IRQn\000"
 1173      735F696E 
 1173      74657272 
 1173      75707473 
 1173      5F647730 
 1174              	.LASF144:
 1175 0beb 74637077 		.ascii	"tcpwm_1_interrupts_7_IRQn\000"
 1175      6D5F315F 
 1175      696E7465 
 1175      72727570 
 1175      74735F37 
 1176              	.LASF67:
 1177 0c05 63707573 		.ascii	"cpuss_interrupts_ipc_3_IRQn\000"
 1177      735F696E 
 1177      74657272 
 1177      75707473 
 1177      5F697063 
 1178              	.LASF198:
 1179 0c21 756E7369 		.ascii	"unsigned int\000"
 1179      676E6564 
 1179      20696E74 
 1179      00
 1180              	.LASF49:
 1181 0c2e 696F7373 		.ascii	"ioss_interrupts_gpio_10_IRQn\000"
 1181      5F696E74 
 1181      65727275 
 1181      7074735F 
 1181      6770696F 
 1182              	.LASF169:
 1183 0c4b 7564625F 		.ascii	"udb_interrupts_8_IRQn\000"
 1183      696E7465 
 1183      72727570 
 1183      74735F38 
 1183      5F495251 
 1184              	.LASF38:
 1185 0c61 756E636F 		.ascii	"unconnected_IRQn\000"
 1185      6E6E6563 
 1185      7465645F 
 1185      4952516E 
 1185      00
 1186              	.LASF187:
 1187 0c72 73686F72 		.ascii	"short int\000"
 1187      7420696E 
 1187      7400
 1188              	.LASF127:
 1189 0c7c 63707573 		.ascii	"cpuss_interrupts_cm4_cti_0_IRQn\000"
 1189      735F696E 
 1189      74657272 
 1189      75707473 
 1189      5F636D34 
 1190              	.LASF155:
ARM GAS  C:\Users\gjl\AppData\Local\Temp\cc36Keve.s 			page 31


 1191 0c9c 74637077 		.ascii	"tcpwm_1_interrupts_18_IRQn\000"
 1191      6D5F315F 
 1191      696E7465 
 1191      72727570 
 1191      74735F31 
 1192              	.LASF174:
 1193 0cb7 7564625F 		.ascii	"udb_interrupts_13_IRQn\000"
 1193      696E7465 
 1193      72727570 
 1193      74735F31 
 1193      335F4952 
 1194              	.LASF108:
 1195 0cce 63707573 		.ascii	"cpuss_interrupts_dw1_3_IRQn\000"
 1195      735F696E 
 1195      74657272 
 1195      75707473 
 1195      5F647731 
 1196              	.LASF13:
 1197 0cea 4E766963 		.ascii	"NvicMux7_IRQn\000"
 1197      4D757837 
 1197      5F495251 
 1197      6E00
 1198              	.LASF24:
 1199 0cf8 4E766963 		.ascii	"NvicMux18_IRQn\000"
 1199      4D757831 
 1199      385F4952 
 1199      516E00
 1200              	.LASF136:
 1201 0d07 74637077 		.ascii	"tcpwm_0_interrupts_7_IRQn\000"
 1201      6D5F305F 
 1201      696E7465 
 1201      72727570 
 1201      74735F37 
 1202              	.LASF64:
 1203 0d21 63707573 		.ascii	"cpuss_interrupts_ipc_0_IRQn\000"
 1203      735F696E 
 1203      74657272 
 1203      75707473 
 1203      5F697063 
 1204              	.LASF116:
 1205 0d3d 63707573 		.ascii	"cpuss_interrupts_dw1_11_IRQn\000"
 1205      735F696E 
 1205      74657272 
 1205      75707473 
 1205      5F647731 
 1206              	.LASF11:
 1207 0d5a 4E766963 		.ascii	"NvicMux5_IRQn\000"
 1207      4D757835 
 1207      5F495251 
 1207      6E00
 1208              	.LASF189:
 1209 0d68 4952516E 		.ascii	"IRQn_Type\000"
 1209      5F547970 
 1209      6500
 1210              	.LASF158:
 1211 0d72 74637077 		.ascii	"tcpwm_1_interrupts_21_IRQn\000"
 1211      6D5F315F 
ARM GAS  C:\Users\gjl\AppData\Local\Temp\cc36Keve.s 			page 32


 1211      696E7465 
 1211      72727570 
 1211      74735F32 
 1212              	.LASF199:
 1213 0d8d 75696E74 		.ascii	"uint32_t\000"
 1213      33325F74 
 1213      00
 1214              	.LASF139:
 1215 0d96 74637077 		.ascii	"tcpwm_1_interrupts_2_IRQn\000"
 1215      6D5F315F 
 1215      696E7465 
 1215      72727570 
 1215      74735F32 
 1216              	.LASF71:
 1217 0db0 63707573 		.ascii	"cpuss_interrupts_ipc_7_IRQn\000"
 1217      735F696E 
 1217      74657272 
 1217      75707473 
 1217      5F697063 
 1218              	.LASF106:
 1219 0dcc 63707573 		.ascii	"cpuss_interrupts_dw1_1_IRQn\000"
 1219      735F696E 
 1219      74657272 
 1219      75707473 
 1219      5F647731 
 1220              	.LASF78:
 1221 0de8 63707573 		.ascii	"cpuss_interrupts_ipc_14_IRQn\000"
 1221      735F696E 
 1221      74657272 
 1221      75707473 
 1221      5F697063 
 1222              	.LASF209:
 1223 0e05 474E5520 		.ascii	"GNU C11 5.4.1 20160609 (release) [ARM/embedded-5-br"
 1223      43313120 
 1223      352E342E 
 1223      31203230 
 1223      31363036 
 1224 0e38 616E6368 		.ascii	"anch revision 237715] -mcpu=cortex-m0plus -mthumb -"
 1224      20726576 
 1224      6973696F 
 1224      6E203233 
 1224      37373135 
 1225 0e6b 67202D4F 		.ascii	"g -Og -ffunction-sections -ffat-lto-objects\000"
 1225      67202D66 
 1225      66756E63 
 1225      74696F6E 
 1225      2D736563 
 1226              	.LASF179:
 1227 0e97 61756469 		.ascii	"audioss_interrupt_pdm_IRQn\000"
 1227      6F73735F 
 1227      696E7465 
 1227      72727570 
 1227      745F7064 
 1228              	.LASF201:
 1229 0eb2 6C6F6E67 		.ascii	"long double\000"
 1229      20646F75 
 1229      626C6500 
ARM GAS  C:\Users\gjl\AppData\Local\Temp\cc36Keve.s 			page 33


 1230              	.LASF202:
 1231 0ebe 63686172 		.ascii	"char\000"
 1231      00
 1232              	.LASF210:
 1233 0ec3 47656E65 		.ascii	"Generated_Source\\PSoC6\\cyfitter_sysint_cfg.c\000"
 1233      72617465 
 1233      645F536F 
 1233      75726365 
 1233      5C50536F 
 1234              	.LASF101:
 1235 0ef0 63707573 		.ascii	"cpuss_interrupts_dw0_12_IRQn\000"
 1235      735F696E 
 1235      74657272 
 1235      75707473 
 1235      5F647730 
 1236              	.LASF42:
 1237 0f0d 696F7373 		.ascii	"ioss_interrupts_gpio_3_IRQn\000"
 1237      5F696E74 
 1237      65727275 
 1237      7074735F 
 1237      6770696F 
 1238              	.LASF177:
 1239 0f29 70617373 		.ascii	"pass_interrupt_sar_IRQn\000"
 1239      5F696E74 
 1239      65727275 
 1239      70745F73 
 1239      61725F49 
 1240              	.LASF4:
 1241 0f41 50656E64 		.ascii	"PendSV_IRQn\000"
 1241      53565F49 
 1241      52516E00 
 1242              	.LASF83:
 1243 0f4d 7363625F 		.ascii	"scb_3_interrupt_IRQn\000"
 1243      335F696E 
 1243      74657272 
 1243      7570745F 
 1243      4952516E 
 1244              	.LASF170:
 1245 0f62 7564625F 		.ascii	"udb_interrupts_9_IRQn\000"
 1245      696E7465 
 1245      72727570 
 1245      74735F39 
 1245      5F495251 
 1246              	.LASF33:
 1247 0f78 4E766963 		.ascii	"NvicMux27_IRQn\000"
 1247      4D757832 
 1247      375F4952 
 1247      516E00
 1248              	.LASF1:
 1249 0f87 4E6F6E4D 		.ascii	"NonMaskableInt_IRQn\000"
 1249      61736B61 
 1249      626C6549 
 1249      6E745F49 
 1249      52516E00 
 1250              	.LASF156:
 1251 0f9b 74637077 		.ascii	"tcpwm_1_interrupts_19_IRQn\000"
 1251      6D5F315F 
ARM GAS  C:\Users\gjl\AppData\Local\Temp\cc36Keve.s 			page 34


 1251      696E7465 
 1251      72727570 
 1251      74735F31 
 1252              	.LASF86:
 1253 0fb6 7363625F 		.ascii	"scb_6_interrupt_IRQn\000"
 1253      365F696E 
 1253      74657272 
 1253      7570745F 
 1253      4952516E 
 1254              	.LASF16:
 1255 0fcb 4E766963 		.ascii	"NvicMux10_IRQn\000"
 1255      4D757831 
 1255      305F4952 
 1255      516E00
 1256              	.LASF25:
 1257 0fda 4E766963 		.ascii	"NvicMux19_IRQn\000"
 1257      4D757831 
 1257      395F4952 
 1257      516E00
 1258              	.LASF171:
 1259 0fe9 7564625F 		.ascii	"udb_interrupts_10_IRQn\000"
 1259      696E7465 
 1259      72727570 
 1259      74735F31 
 1259      305F4952 
 1260              	.LASF40:
 1261 1000 696F7373 		.ascii	"ioss_interrupts_gpio_1_IRQn\000"
 1261      5F696E74 
 1261      65727275 
 1261      7074735F 
 1261      6770696F 
 1262              	.LASF2:
 1263 101c 48617264 		.ascii	"HardFault_IRQn\000"
 1263      4661756C 
 1263      745F4952 
 1263      516E00
 1264              	.LASF94:
 1265 102b 63707573 		.ascii	"cpuss_interrupts_dw0_5_IRQn\000"
 1265      735F696E 
 1265      74657272 
 1265      75707473 
 1265      5F647730 
 1266              	.LASF12:
 1267 1047 4E766963 		.ascii	"NvicMux6_IRQn\000"
 1267      4D757836 
 1267      5F495251 
 1267      6E00
 1268              	.LASF88:
 1269 1055 6373645F 		.ascii	"csd_interrupt_IRQn\000"
 1269      696E7465 
 1269      72727570 
 1269      745F4952 
 1269      516E00
 1270              	.LASF36:
 1271 1068 4E766963 		.ascii	"NvicMux30_IRQn\000"
 1271      4D757833 
 1271      305F4952 
ARM GAS  C:\Users\gjl\AppData\Local\Temp\cc36Keve.s 			page 35


 1271      516E00
 1272              	.LASF159:
 1273 1077 74637077 		.ascii	"tcpwm_1_interrupts_22_IRQn\000"
 1273      6D5F315F 
 1273      696E7465 
 1273      72727570 
 1273      74735F32 
 1274              	.LASF140:
 1275 1092 74637077 		.ascii	"tcpwm_1_interrupts_3_IRQn\000"
 1275      6D5F315F 
 1275      696E7465 
 1275      72727570 
 1275      74735F33 
 1276              	.LASF72:
 1277 10ac 63707573 		.ascii	"cpuss_interrupts_ipc_8_IRQn\000"
 1277      735F696E 
 1277      74657272 
 1277      75707473 
 1277      5F697063 
 1278              	.LASF107:
 1279 10c8 63707573 		.ascii	"cpuss_interrupts_dw1_2_IRQn\000"
 1279      735F696E 
 1279      74657272 
 1279      75707473 
 1279      5F647731 
 1280              	.LASF79:
 1281 10e4 63707573 		.ascii	"cpuss_interrupts_ipc_15_IRQn\000"
 1281      735F696E 
 1281      74657272 
 1281      75707473 
 1281      5F697063 
 1282              	.LASF165:
 1283 1101 7564625F 		.ascii	"udb_interrupts_4_IRQn\000"
 1283      696E7465 
 1283      72727570 
 1283      74735F34 
 1283      5F495251 
 1284              	.LASF28:
 1285 1117 4E766963 		.ascii	"NvicMux22_IRQn\000"
 1285      4D757832 
 1285      325F4952 
 1285      516E00
 1286              	.LASF87:
 1287 1126 7363625F 		.ascii	"scb_7_interrupt_IRQn\000"
 1287      375F696E 
 1287      74657272 
 1287      7570745F 
 1287      4952516E 
 1288              	.LASF151:
 1289 113b 74637077 		.ascii	"tcpwm_1_interrupts_14_IRQn\000"
 1289      6D5F315F 
 1289      696E7465 
 1289      72727570 
 1289      74735F31 
 1290              	.LASF43:
 1291 1156 696F7373 		.ascii	"ioss_interrupts_gpio_4_IRQn\000"
 1291      5F696E74 
ARM GAS  C:\Users\gjl\AppData\Local\Temp\cc36Keve.s 			page 36


 1291      65727275 
 1291      7074735F 
 1291      6770696F 
 1292              	.LASF181:
 1293 1172 736D6966 		.ascii	"smif_interrupt_IRQn\000"
 1293      5F696E74 
 1293      65727275 
 1293      70745F49 
 1293      52516E00 
 1294              	.LASF51:
 1295 1186 696F7373 		.ascii	"ioss_interrupts_gpio_12_IRQn\000"
 1295      5F696E74 
 1295      65727275 
 1295      7074735F 
 1295      6770696F 
 1296              	.LASF173:
 1297 11a3 7564625F 		.ascii	"udb_interrupts_12_IRQn\000"
 1297      696E7465 
 1297      72727570 
 1297      74735F31 
 1297      325F4952 
 1298              	.LASF117:
 1299 11ba 63707573 		.ascii	"cpuss_interrupts_dw1_12_IRQn\000"
 1299      735F696E 
 1299      74657272 
 1299      75707473 
 1299      5F647731 
 1300              	.LASF89:
 1301 11d7 63707573 		.ascii	"cpuss_interrupts_dw0_0_IRQn\000"
 1301      735F696E 
 1301      74657272 
 1301      75707473 
 1301      5F647730 
 1302              	.LASF7:
 1303 11f3 4E766963 		.ascii	"NvicMux1_IRQn\000"
 1303      4D757831 
 1303      5F495251 
 1303      6E00
 1304              	.LASF55:
 1305 1201 696F7373 		.ascii	"ioss_interrupt_vdd_IRQn\000"
 1305      5F696E74 
 1305      65727275 
 1305      70745F76 
 1305      64645F49 
 1306              	.LASF17:
 1307 1219 4E766963 		.ascii	"NvicMux11_IRQn\000"
 1307      4D757831 
 1307      315F4952 
 1307      516E00
 1308              	.LASF129:
 1309 1228 74637077 		.ascii	"tcpwm_0_interrupts_0_IRQn\000"
 1309      6D5F305F 
 1309      696E7465 
 1309      72727570 
 1309      74735F30 
 1310              	.LASF115:
 1311 1242 63707573 		.ascii	"cpuss_interrupts_dw1_10_IRQn\000"
ARM GAS  C:\Users\gjl\AppData\Local\Temp\cc36Keve.s 			page 37


 1311      735F696E 
 1311      74657272 
 1311      75707473 
 1311      5F647731 
 1312              	.LASF60:
 1313 125f 73727373 		.ascii	"srss_interrupt_backup_IRQn\000"
 1313      5F696E74 
 1313      65727275 
 1313      70745F62 
 1313      61636B75 
 1314              	.LASF74:
 1315 127a 63707573 		.ascii	"cpuss_interrupts_ipc_10_IRQn\000"
 1315      735F696E 
 1315      74657272 
 1315      75707473 
 1315      5F697063 
 1316              	.LASF111:
 1317 1297 63707573 		.ascii	"cpuss_interrupts_dw1_6_IRQn\000"
 1317      735F696E 
 1317      74657272 
 1317      75707473 
 1317      5F647731 
 1318              	.LASF96:
 1319 12b3 63707573 		.ascii	"cpuss_interrupts_dw0_7_IRQn\000"
 1319      735F696E 
 1319      74657272 
 1319      75707473 
 1319      5F647730 
 1320              	.LASF207:
 1321 12cf 696E7472 		.ascii	"intrPriority\000"
 1321      5072696F 
 1321      72697479 
 1321      00
 1322              	.LASF141:
 1323 12dc 74637077 		.ascii	"tcpwm_1_interrupts_4_IRQn\000"
 1323      6D5F315F 
 1323      696E7465 
 1323      72727570 
 1323      74735F34 
 1324              	.LASF125:
 1325 12f6 63707573 		.ascii	"cpuss_interrupts_cm0_cti_0_IRQn\000"
 1325      735F696E 
 1325      74657272 
 1325      75707473 
 1325      5F636D30 
 1326              	.LASF47:
 1327 1316 696F7373 		.ascii	"ioss_interrupts_gpio_8_IRQn\000"
 1327      5F696E74 
 1327      65727275 
 1327      7074735F 
 1327      6770696F 
 1328              	.LASF73:
 1329 1332 63707573 		.ascii	"cpuss_interrupts_ipc_9_IRQn\000"
 1329      735F696E 
 1329      74657272 
 1329      75707473 
 1329      5F697063 
ARM GAS  C:\Users\gjl\AppData\Local\Temp\cc36Keve.s 			page 38


 1330              	.LASF166:
 1331 134e 7564625F 		.ascii	"udb_interrupts_5_IRQn\000"
 1331      696E7465 
 1331      72727570 
 1331      74735F35 
 1331      5F495251 
 1332              	.LASF77:
 1333 1364 63707573 		.ascii	"cpuss_interrupts_ipc_13_IRQn\000"
 1333      735F696E 
 1333      74657272 
 1333      75707473 
 1333      5F697063 
 1334              	.LASF29:
 1335 1381 4E766963 		.ascii	"NvicMux23_IRQn\000"
 1335      4D757832 
 1335      335F4952 
 1335      516E00
 1336              		.ident	"GCC: (GNU Tools for ARM Embedded Processors) 5.4.1 20160609 (release) [ARM/embedded-5-bran
