ARM GAS  C:\Users\gjl\AppData\Local\Temp\ccmC29x8.s 			page 1


   1              		.syntax unified
   2              		.cpu cortex-m4
   3              		.eabi_attribute 27, 1
   4              		.fpu fpv4-sp-d16
   5              		.eabi_attribute 20, 1
   6              		.eabi_attribute 21, 1
   7              		.eabi_attribute 23, 3
   8              		.eabi_attribute 24, 1
   9              		.eabi_attribute 25, 1
  10              		.eabi_attribute 26, 1
  11              		.eabi_attribute 30, 1
  12              		.eabi_attribute 34, 1
  13              		.eabi_attribute 18, 4
  14              		.thumb
  15              		.syntax unified
  16              		.file	"cyfitter_sysint_cfg.c"
  17              		.text
  18              	.Ltext0:
  19              		.cfi_sections	.debug_frame
  20              		.global	CapSense_ISR_cfg
  21              		.global	UART_SCB_IRQ_cfg
  22              		.global	I2C_1_SCB_IRQ_cfg
  23              		.section	.rodata
  24              		.align	2
  25              		.type	CapSense_ISR_cfg, %object
  26              		.size	CapSense_ISR_cfg, 8
  27              	CapSense_ISR_cfg:
  28 0000 3100     		.short	49
  29 0002 0000     		.space	2
  30 0004 07000000 		.word	7
  31              		.type	UART_SCB_IRQ_cfg, %object
  32              		.size	UART_SCB_IRQ_cfg, 8
  33              	UART_SCB_IRQ_cfg:
  34 0008 2E00     		.short	46
  35 000a 0000     		.space	2
  36 000c 07000000 		.word	7
  37              		.type	I2C_1_SCB_IRQ_cfg, %object
  38              		.size	I2C_1_SCB_IRQ_cfg, 8
  39              	I2C_1_SCB_IRQ_cfg:
  40 0010 2C00     		.short	44
  41 0012 0000     		.space	2
  42 0014 07000000 		.word	7
  43              		.text
  44              	.Letext0:
  45              		.file 1 "Generated_Source\\PSoC6\\pdl\\devices/psoc6/psoc63/include/cy8c6347bzi_bld53.h"
  46              		.file 2 "c:\\program files (x86)\\cypress\\psoc creator\\4.2\\psoc creator\\import\\gnu\\arm\\5.4.
  47              		.file 3 "c:\\program files (x86)\\cypress\\psoc creator\\4.2\\psoc creator\\import\\gnu\\arm\\5.4.
  48              		.file 4 "Generated_Source\\PSoC6\\pdl\\drivers/peripheral/sysint/cy_sysint.h"
  49              		.file 5 "Generated_Source\\PSoC6\\pdl\\cmsis/include/core_cm4.h"
  50              		.file 6 "Generated_Source\\PSoC6\\cyfitter_sysint_cfg.c"
  51              		.section	.debug_info,"",%progbits
  52              	.Ldebug_info0:
  53 0000 F0040000 		.4byte	0x4f0
  54 0004 0400     		.2byte	0x4
  55 0006 00000000 		.4byte	.Ldebug_abbrev0
  56 000a 04       		.byte	0x4
  57 000b 01       		.uleb128 0x1
ARM GAS  C:\Users\gjl\AppData\Local\Temp\ccmC29x8.s 			page 2


  58 000c A0090000 		.4byte	.LASF184
  59 0010 0C       		.byte	0xc
  60 0011 DA0D0000 		.4byte	.LASF185
  61 0015 C3030000 		.4byte	.LASF186
  62 0019 00000000 		.4byte	.Ldebug_line0
  63 001d 02       		.uleb128 0x2
  64 001e 02       		.byte	0x2
  65 001f DE030000 		.4byte	0x3de
  66 0023 01       		.byte	0x1
  67 0024 24       		.byte	0x24
  68 0025 DE030000 		.4byte	0x3de
  69 0029 03       		.uleb128 0x3
  70 002a 3A020000 		.4byte	.LASF0
  71 002e 71       		.sleb128 -15
  72 002f 03       		.uleb128 0x3
  73 0030 8F0E0000 		.4byte	.LASF1
  74 0034 72       		.sleb128 -14
  75 0035 03       		.uleb128 0x3
  76 0036 F90E0000 		.4byte	.LASF2
  77 003a 73       		.sleb128 -13
  78 003b 03       		.uleb128 0x3
  79 003c C50A0000 		.4byte	.LASF3
  80 0040 74       		.sleb128 -12
  81 0041 03       		.uleb128 0x3
  82 0042 20050000 		.4byte	.LASF4
  83 0046 75       		.sleb128 -11
  84 0047 03       		.uleb128 0x3
  85 0048 370D0000 		.4byte	.LASF5
  86 004c 76       		.sleb128 -10
  87 004d 03       		.uleb128 0x3
  88 004e C5060000 		.4byte	.LASF6
  89 0052 7B       		.sleb128 -5
  90 0053 03       		.uleb128 0x3
  91 0054 240F0000 		.4byte	.LASF7
  92 0058 7C       		.sleb128 -4
  93 0059 03       		.uleb128 0x3
  94 005a 580E0000 		.4byte	.LASF8
  95 005e 7E       		.sleb128 -2
  96 005f 03       		.uleb128 0x3
  97 0060 CE070000 		.4byte	.LASF9
  98 0064 7F       		.sleb128 -1
  99 0065 04       		.uleb128 0x4
 100 0066 B3010000 		.4byte	.LASF10
 101 006a 00       		.byte	0
 102 006b 04       		.uleb128 0x4
 103 006c DD0E0000 		.4byte	.LASF11
 104 0070 01       		.byte	0x1
 105 0071 04       		.uleb128 0x4
 106 0072 1B000000 		.4byte	.LASF12
 107 0076 02       		.byte	0x2
 108 0077 04       		.uleb128 0x4
 109 0078 240E0000 		.4byte	.LASF13
 110 007c 03       		.byte	0x3
 111 007d 04       		.uleb128 0x4
 112 007e 20100000 		.4byte	.LASF14
 113 0082 04       		.byte	0x4
 114 0083 04       		.uleb128 0x4
ARM GAS  C:\Users\gjl\AppData\Local\Temp\ccmC29x8.s 			page 3


 115 0084 A5050000 		.4byte	.LASF15
 116 0088 05       		.byte	0x5
 117 0089 04       		.uleb128 0x4
 118 008a 6B070000 		.4byte	.LASF16
 119 008e 06       		.byte	0x6
 120 008f 04       		.uleb128 0x4
 121 0090 67090000 		.4byte	.LASF17
 122 0094 07       		.byte	0x7
 123 0095 04       		.uleb128 0x4
 124 0096 C0110000 		.4byte	.LASF18
 125 009a 08       		.byte	0x8
 126 009b 04       		.uleb128 0x4
 127 009c EF010000 		.4byte	.LASF19
 128 00a0 09       		.byte	0x9
 129 00a1 04       		.uleb128 0x4
 130 00a2 FC0B0000 		.4byte	.LASF20
 131 00a6 0A       		.byte	0xa
 132 00a7 04       		.uleb128 0x4
 133 00a8 A80A0000 		.4byte	.LASF21
 134 00ac 0B       		.byte	0xb
 135 00ad 04       		.uleb128 0x4
 136 00ae 4D100000 		.4byte	.LASF22
 137 00b2 0C       		.byte	0xc
 138 00b3 04       		.uleb128 0x4
 139 00b4 F3050000 		.4byte	.LASF23
 140 00b8 0D       		.byte	0xd
 141 00b9 04       		.uleb128 0x4
 142 00ba B1070000 		.4byte	.LASF24
 143 00be 0E       		.byte	0xe
 144 00bf 04       		.uleb128 0x4
 145 00c0 42040000 		.4byte	.LASF25
 146 00c4 0F       		.byte	0xf
 147 00c5 04       		.uleb128 0x4
 148 00c6 BA100000 		.4byte	.LASF26
 149 00ca 10       		.byte	0x10
 150 00cb 04       		.uleb128 0x4
 151 00cc FF020000 		.4byte	.LASF27
 152 00d0 11       		.byte	0x11
 153 00d1 04       		.uleb128 0x4
 154 00d2 7A000000 		.4byte	.LASF28
 155 00d6 12       		.byte	0x12
 156 00d7 04       		.uleb128 0x4
 157 00d8 5B040000 		.4byte	.LASF29
 158 00dc 13       		.byte	0x13
 159 00dd 04       		.uleb128 0x4
 160 00de 5A060000 		.4byte	.LASF30
 161 00e2 14       		.byte	0x14
 162 00e3 04       		.uleb128 0x4
 163 00e4 09110000 		.4byte	.LASF31
 164 00e8 15       		.byte	0x15
 165 00e9 04       		.uleb128 0x4
 166 00ea 66000000 		.4byte	.LASF32
 167 00ee 16       		.byte	0x16
 168 00ef 04       		.uleb128 0x4
 169 00f0 5A050000 		.4byte	.LASF33
 170 00f4 17       		.byte	0x17
 171 00f5 04       		.uleb128 0x4
ARM GAS  C:\Users\gjl\AppData\Local\Temp\ccmC29x8.s 			page 4


 172 00f6 C2000000 		.4byte	.LASF34
 173 00fa 18       		.byte	0x18
 174 00fb 04       		.uleb128 0x4
 175 00fc 490F0000 		.4byte	.LASF35
 176 0100 19       		.byte	0x19
 177 0101 04       		.uleb128 0x4
 178 0102 FE060000 		.4byte	.LASF36
 179 0106 1A       		.byte	0x1a
 180 0107 04       		.uleb128 0x4
 181 0108 E9080000 		.4byte	.LASF37
 182 010c 1B       		.byte	0x1b
 183 010d 04       		.uleb128 0x4
 184 010e C60B0000 		.4byte	.LASF38
 185 0112 1C       		.byte	0x1c
 186 0113 04       		.uleb128 0x4
 187 0114 1C010000 		.4byte	.LASF39
 188 0118 1D       		.byte	0x1d
 189 0119 04       		.uleb128 0x4
 190 011a 52030000 		.4byte	.LASF40
 191 011e 1E       		.byte	0x1e
 192 011f 04       		.uleb128 0x4
 193 0120 C1050000 		.4byte	.LASF41
 194 0124 1F       		.byte	0x1f
 195 0125 04       		.uleb128 0x4
 196 0126 590D0000 		.4byte	.LASF42
 197 012a 20       		.byte	0x20
 198 012b 04       		.uleb128 0x4
 199 012c 9A0F0000 		.4byte	.LASF43
 200 0130 21       		.byte	0x21
 201 0131 04       		.uleb128 0x4
 202 0132 DC110000 		.4byte	.LASF44
 203 0136 22       		.byte	0x22
 204 0137 04       		.uleb128 0x4
 205 0138 24110000 		.4byte	.LASF45
 206 013c 23       		.byte	0x23
 207 013d 04       		.uleb128 0x4
 208 013e 38010000 		.4byte	.LASF46
 209 0142 24       		.byte	0x24
 210 0143 04       		.uleb128 0x4
 211 0144 8A030000 		.4byte	.LASF47
 212 0148 25       		.byte	0x25
 213 0149 04       		.uleb128 0x4
 214 014a 0E120000 		.4byte	.LASF48
 215 014e 26       		.byte	0x26
 216 014f 04       		.uleb128 0x4
 217 0150 910D0000 		.4byte	.LASF49
 218 0154 27       		.byte	0x27
 219 0155 04       		.uleb128 0x4
 220 0156 D20F0000 		.4byte	.LASF50
 221 015a 28       		.byte	0x28
 222 015b 04       		.uleb128 0x4
 223 015c ED000000 		.4byte	.LASF51
 224 0160 29       		.byte	0x29
 225 0161 04       		.uleb128 0x4
 226 0162 2E050000 		.4byte	.LASF52
 227 0166 2A       		.byte	0x2a
 228 0167 04       		.uleb128 0x4
ARM GAS  C:\Users\gjl\AppData\Local\Temp\ccmC29x8.s 			page 5


 229 0168 73050000 		.4byte	.LASF53
 230 016c 2B       		.byte	0x2b
 231 016d 04       		.uleb128 0x4
 232 016e 640E0000 		.4byte	.LASF54
 233 0172 2C       		.byte	0x2c
 234 0173 04       		.uleb128 0x4
 235 0174 52090000 		.4byte	.LASF55
 236 0178 2D       		.byte	0x2d
 237 0179 04       		.uleb128 0x4
 238 017a 37000000 		.4byte	.LASF56
 239 017e 2E       		.byte	0x2e
 240 017f 04       		.uleb128 0x4
 241 0180 C80E0000 		.4byte	.LASF57
 242 0184 2F       		.byte	0x2f
 243 0185 04       		.uleb128 0x4
 244 0186 E6040000 		.4byte	.LASF58
 245 018a 30       		.byte	0x30
 246 018b 04       		.uleb128 0x4
 247 018c 360F0000 		.4byte	.LASF59
 248 0190 31       		.byte	0x31
 249 0191 04       		.uleb128 0x4
 250 0192 9E100000 		.4byte	.LASF60
 251 0196 32       		.byte	0x32
 252 0197 04       		.uleb128 0x4
 253 0198 8F000000 		.4byte	.LASF61
 254 019c 33       		.byte	0x33
 255 019d 04       		.uleb128 0x4
 256 019e CC020000 		.4byte	.LASF62
 257 01a2 34       		.byte	0x34
 258 01a3 04       		.uleb128 0x4
 259 01a4 8C0A0000 		.4byte	.LASF63
 260 01a8 35       		.byte	0x35
 261 01a9 04       		.uleb128 0x4
 262 01aa 26040000 		.4byte	.LASF64
 263 01ae 36       		.byte	0x36
 264 01af 04       		.uleb128 0x4
 265 01b0 080F0000 		.4byte	.LASF65
 266 01b4 37       		.byte	0x37
 267 01b5 04       		.uleb128 0x4
 268 01b6 99040000 		.4byte	.LASF66
 269 01ba 38       		.byte	0x38
 270 01bb 04       		.uleb128 0x4
 271 01bc 5D110000 		.4byte	.LASF67
 272 01c0 39       		.byte	0x39
 273 01c1 04       		.uleb128 0x4
 274 01c2 86080000 		.4byte	.LASF68
 275 01c6 3A       		.byte	0x3a
 276 01c7 04       		.uleb128 0x4
 277 01c8 5D0B0000 		.4byte	.LASF69
 278 01cc 3B       		.byte	0x3b
 279 01cd 04       		.uleb128 0x4
 280 01ce B2080000 		.4byte	.LASF70
 281 01d2 3C       		.byte	0x3c
 282 01d3 04       		.uleb128 0x4
 283 01d4 8F0B0000 		.4byte	.LASF71
 284 01d8 3D       		.byte	0x3d
 285 01d9 04       		.uleb128 0x4
ARM GAS  C:\Users\gjl\AppData\Local\Temp\ccmC29x8.s 			page 6


 286 01da 070E0000 		.4byte	.LASF72
 287 01de 3E       		.byte	0x3e
 288 01df 04       		.uleb128 0x4
 289 01e0 83090000 		.4byte	.LASF73
 290 01e4 3F       		.byte	0x3f
 291 01e5 04       		.uleb128 0x4
 292 01e6 88050000 		.4byte	.LASF74
 293 01ea 40       		.byte	0x40
 294 01eb 04       		.uleb128 0x4
 295 01ec 4E070000 		.4byte	.LASF75
 296 01f0 41       		.byte	0x41
 297 01f1 04       		.uleb128 0x4
 298 01f2 2A0B0000 		.4byte	.LASF76
 299 01f6 42       		.byte	0x42
 300 01f7 04       		.uleb128 0x4
 301 01f8 750D0000 		.4byte	.LASF77
 302 01fc 43       		.byte	0x43
 303 01fd 04       		.uleb128 0x4
 304 01fe B60F0000 		.4byte	.LASF78
 305 0202 44       		.byte	0x44
 306 0203 04       		.uleb128 0x4
 307 0204 850C0000 		.4byte	.LASF79
 308 0208 45       		.byte	0x45
 309 0209 04       		.uleb128 0x4
 310 020a 1A070000 		.4byte	.LASF80
 311 020e 46       		.byte	0x46
 312 020f 04       		.uleb128 0x4
 313 0210 05090000 		.4byte	.LASF81
 314 0214 47       		.byte	0x47
 315 0215 04       		.uleb128 0x4
 316 0216 41110000 		.4byte	.LASF82
 317 021a 48       		.byte	0x48
 318 021b 04       		.uleb128 0x4
 319 021c 6E030000 		.4byte	.LASF83
 320 0220 49       		.byte	0x49
 321 0221 04       		.uleb128 0x4
 322 0222 A7030000 		.4byte	.LASF84
 323 0226 4A       		.byte	0x4a
 324 0227 04       		.uleb128 0x4
 325 0228 B0020000 		.4byte	.LASF85
 326 022c 4B       		.byte	0x4b
 327 022d 04       		.uleb128 0x4
 328 022e EC100000 		.4byte	.LASF86
 329 0232 4C       		.byte	0x4c
 330 0233 04       		.uleb128 0x4
 331 0234 BB0C0000 		.4byte	.LASF87
 332 0238 4D       		.byte	0x4d
 333 0239 04       		.uleb128 0x4
 334 023a 81100000 		.4byte	.LASF88
 335 023e 4E       		.byte	0x4e
 336 023f 04       		.uleb128 0x4
 337 0240 2B060000 		.4byte	.LASF89
 338 0244 4F       		.byte	0x4f
 339 0245 04       		.uleb128 0x4
 340 0246 DB070000 		.4byte	.LASF90
 341 024a 50       		.byte	0x50
 342 024b 04       		.uleb128 0x4
ARM GAS  C:\Users\gjl\AppData\Local\Temp\ccmC29x8.s 			page 7


 343 024c 530A0000 		.4byte	.LASF91
 344 0250 51       		.byte	0x51
 345 0251 04       		.uleb128 0x4
 346 0252 A7060000 		.4byte	.LASF92
 347 0256 52       		.byte	0x52
 348 0257 04       		.uleb128 0x4
 349 0258 48080000 		.4byte	.LASF93
 350 025c 53       		.byte	0x53
 351 025d 04       		.uleb128 0x4
 352 025e 60020000 		.4byte	.LASF94
 353 0262 54       		.byte	0x54
 354 0263 04       		.uleb128 0x4
 355 0264 36070000 		.4byte	.LASF95
 356 0268 55       		.byte	0x55
 357 0269 04       		.uleb128 0x4
 358 026a A0110000 		.4byte	.LASF96
 359 026e 56       		.byte	0x56
 360 026f 04       		.uleb128 0x4
 361 0270 CF010000 		.4byte	.LASF97
 362 0274 57       		.byte	0x57
 363 0275 04       		.uleb128 0x4
 364 0276 4A0C0000 		.4byte	.LASF98
 365 027a 58       		.byte	0x58
 366 027b 04       		.uleb128 0x4
 367 027c B5040000 		.4byte	.LASF99
 368 0280 59       		.byte	0x59
 369 0281 04       		.uleb128 0x4
 370 0282 D2100000 		.4byte	.LASF100
 371 0286 5A       		.byte	0x5a
 372 0287 04       		.uleb128 0x4
 373 0288 76060000 		.4byte	.LASF101
 374 028c 5B       		.byte	0x5b
 375 028d 04       		.uleb128 0x4
 376 028e 13080000 		.4byte	.LASF102
 377 0292 5C       		.byte	0x5c
 378 0293 04       		.uleb128 0x4
 379 0294 DB0A0000 		.4byte	.LASF103
 380 0298 5D       		.byte	0x5d
 381 0299 04       		.uleb128 0x4
 382 029a 4C000000 		.4byte	.LASF104
 383 029e 5E       		.byte	0x5e
 384 029f 04       		.uleb128 0x4
 385 02a0 96020000 		.4byte	.LASF105
 386 02a4 5F       		.byte	0x5f
 387 02a5 04       		.uleb128 0x4
 388 02a6 FB040000 		.4byte	.LASF106
 389 02aa 60       		.byte	0x60
 390 02ab 04       		.uleb128 0x4
 391 02ac A10C0000 		.4byte	.LASF107
 392 02b0 61       		.byte	0x61
 393 02b1 04       		.uleb128 0x4
 394 02b2 15030000 		.4byte	.LASF108
 395 02b6 62       		.byte	0x62
 396 02b7 04       		.uleb128 0x4
 397 02b8 100B0000 		.4byte	.LASF109
 398 02bc 63       		.byte	0x63
 399 02bd 04       		.uleb128 0x4
ARM GAS  C:\Users\gjl\AppData\Local\Temp\ccmC29x8.s 			page 8


 400 02be 1D0D0000 		.4byte	.LASF110
 401 02c2 64       		.byte	0x64
 402 02c3 04       		.uleb128 0x4
 403 02c4 800F0000 		.4byte	.LASF111
 404 02c8 65       		.byte	0x65
 405 02c9 04       		.uleb128 0x4
 406 02ca 86110000 		.4byte	.LASF112
 407 02ce 66       		.byte	0x66
 408 02cf 04       		.uleb128 0x4
 409 02d0 E4060000 		.4byte	.LASF113
 410 02d4 67       		.byte	0x67
 411 02d5 04       		.uleb128 0x4
 412 02d6 CF080000 		.4byte	.LASF114
 413 02da 68       		.byte	0x68
 414 02db 04       		.uleb128 0x4
 415 02dc AC0B0000 		.4byte	.LASF115
 416 02e0 69       		.byte	0x69
 417 02e1 04       		.uleb128 0x4
 418 02e2 02010000 		.4byte	.LASF116
 419 02e6 6A       		.byte	0x6a
 420 02e7 04       		.uleb128 0x4
 421 02e8 38030000 		.4byte	.LASF117
 422 02ec 6B       		.byte	0x6b
 423 02ed 04       		.uleb128 0x4
 424 02ee 98010000 		.4byte	.LASF118
 425 02f2 6C       		.byte	0x6c
 426 02f3 04       		.uleb128 0x4
 427 02f4 0B040000 		.4byte	.LASF119
 428 02f8 6D       		.byte	0x6d
 429 02f9 04       		.uleb128 0x4
 430 02fa 10060000 		.4byte	.LASF120
 431 02fe 6E       		.byte	0x6e
 432 02ff 04       		.uleb128 0x4
 433 0300 2D080000 		.4byte	.LASF121
 434 0304 6F       		.byte	0x6f
 435 0305 04       		.uleb128 0x4
 436 0306 05100000 		.4byte	.LASF122
 437 030a 70       		.byte	0x70
 438 030b 04       		.uleb128 0x4
 439 030c 00000000 		.4byte	.LASF123
 440 0310 71       		.byte	0x71
 441 0311 04       		.uleb128 0x4
 442 0312 45020000 		.4byte	.LASF124
 443 0316 72       		.byte	0x72
 444 0317 04       		.uleb128 0x4
 445 0318 37090000 		.4byte	.LASF125
 446 031c 73       		.byte	0x73
 447 031d 04       		.uleb128 0x4
 448 031e 6A0C0000 		.4byte	.LASF126
 449 0322 74       		.byte	0x74
 450 0323 04       		.uleb128 0x4
 451 0324 AD0E0000 		.4byte	.LASF127
 452 0328 75       		.byte	0x75
 453 0329 04       		.uleb128 0x4
 454 032a F50A0000 		.4byte	.LASF128
 455 032e 76       		.byte	0x76
 456 032f 04       		.uleb128 0x4
ARM GAS  C:\Users\gjl\AppData\Local\Temp\ccmC29x8.s 			page 9


 457 0330 F90C0000 		.4byte	.LASF129
 458 0334 77       		.byte	0x77
 459 0335 04       		.uleb128 0x4
 460 0336 650F0000 		.4byte	.LASF130
 461 033a 78       		.byte	0x78
 462 033b 04       		.uleb128 0x4
 463 033c F8070000 		.4byte	.LASF131
 464 0340 79       		.byte	0x79
 465 0341 04       		.uleb128 0x4
 466 0342 55010000 		.4byte	.LASF132
 467 0346 7A       		.byte	0x7a
 468 0347 04       		.uleb128 0x4
 469 0348 D7000000 		.4byte	.LASF133
 470 034c 7B       		.byte	0x7b
 471 034d 04       		.uleb128 0x4
 472 034e DD050000 		.4byte	.LASF134
 473 0352 7C       		.byte	0x7c
 474 0353 04       		.uleb128 0x4
 475 0354 9B070000 		.4byte	.LASF135
 476 0358 7D       		.byte	0x7d
 477 0359 04       		.uleb128 0x4
 478 035a EF0F0000 		.4byte	.LASF136
 479 035e 7E       		.byte	0x7e
 480 035f 04       		.uleb128 0x4
 481 0360 F8110000 		.4byte	.LASF137
 482 0364 7F       		.byte	0x7f
 483 0365 04       		.uleb128 0x4
 484 0366 24020000 		.4byte	.LASF138
 485 036a 80       		.byte	0x80
 486 036b 04       		.uleb128 0x4
 487 036c 21090000 		.4byte	.LASF139
 488 0370 81       		.byte	0x81
 489 0371 04       		.uleb128 0x4
 490 0372 190C0000 		.4byte	.LASF140
 491 0376 82       		.byte	0x82
 492 0377 04       		.uleb128 0x4
 493 0378 790E0000 		.4byte	.LASF141
 494 037c 83       		.byte	0x83
 495 037d 04       		.uleb128 0x4
 496 037e 6F080000 		.4byte	.LASF142
 497 0382 84       		.byte	0x84
 498 0383 04       		.uleb128 0x4
 499 0384 460B0000 		.4byte	.LASF143
 500 0388 85       		.byte	0x85
 501 0389 04       		.uleb128 0x4
 502 038a AB000000 		.4byte	.LASF144
 503 038e 86       		.byte	0x86
 504 038f 04       		.uleb128 0x4
 505 0390 E8020000 		.4byte	.LASF145
 506 0394 87       		.byte	0x87
 507 0395 04       		.uleb128 0x4
 508 0396 43050000 		.4byte	.LASF146
 509 039a 88       		.byte	0x88
 510 039b 04       		.uleb128 0x4
 511 039c D80C0000 		.4byte	.LASF147
 512 03a0 89       		.byte	0x89
 513 03a1 04       		.uleb128 0x4
ARM GAS  C:\Users\gjl\AppData\Local\Temp\ccmC29x8.s 			page 10


 514 03a2 400E0000 		.4byte	.LASF148
 515 03a6 8A       		.byte	0x8a
 516 03a7 04       		.uleb128 0x4
 517 03a8 7E040000 		.4byte	.LASF149
 518 03ac 8B       		.byte	0x8b
 519 03ad 04       		.uleb128 0x4
 520 03ae AE0D0000 		.4byte	.LASF150
 521 03b2 8C       		.byte	0x8c
 522 03b3 04       		.uleb128 0x4
 523 03b4 6A100000 		.4byte	.LASF151
 524 03b8 8D       		.byte	0x8d
 525 03b9 04       		.uleb128 0x4
 526 03ba 87070000 		.4byte	.LASF152
 527 03be 8E       		.byte	0x8e
 528 03bf 04       		.uleb128 0x4
 529 03c0 700A0000 		.4byte	.LASF153
 530 03c4 8F       		.byte	0x8f
 531 03c5 04       		.uleb128 0x4
 532 03c6 90060000 		.4byte	.LASF154
 533 03ca 90       		.byte	0x90
 534 03cb 04       		.uleb128 0x4
 535 03cc 82010000 		.4byte	.LASF155
 536 03d0 91       		.byte	0x91
 537 03d1 04       		.uleb128 0x4
 538 03d2 0B020000 		.4byte	.LASF156
 539 03d6 92       		.byte	0x92
 540 03d7 04       		.uleb128 0x4
 541 03d8 2F0C0000 		.4byte	.LASF157
 542 03dc F0       		.byte	0xf0
 543 03dd 00       		.byte	0
 544 03de 05       		.uleb128 0x5
 545 03df 02       		.byte	0x2
 546 03e0 05       		.byte	0x5
 547 03e1 400C0000 		.4byte	.LASF158
 548 03e5 06       		.uleb128 0x6
 549 03e6 EF0C0000 		.4byte	.LASF162
 550 03ea 01       		.byte	0x1
 551 03eb F4       		.byte	0xf4
 552 03ec 1D000000 		.4byte	0x1d
 553 03f0 05       		.uleb128 0x5
 554 03f1 01       		.byte	0x1
 555 03f2 06       		.byte	0x6
 556 03f3 8A020000 		.4byte	.LASF159
 557 03f7 05       		.uleb128 0x5
 558 03f8 01       		.byte	0x1
 559 03f9 08       		.byte	0x8
 560 03fa 810B0000 		.4byte	.LASF160
 561 03fe 05       		.uleb128 0x5
 562 03ff 02       		.byte	0x2
 563 0400 07       		.byte	0x7
 564 0401 D1060000 		.4byte	.LASF161
 565 0405 06       		.uleb128 0x6
 566 0406 A30E0000 		.4byte	.LASF163
 567 040a 02       		.byte	0x2
 568 040b 3F       		.byte	0x3f
 569 040c 10040000 		.4byte	0x410
 570 0410 05       		.uleb128 0x5
ARM GAS  C:\Users\gjl\AppData\Local\Temp\ccmC29x8.s 			page 11


 571 0411 04       		.byte	0x4
 572 0412 05       		.byte	0x5
 573 0413 2F030000 		.4byte	.LASF164
 574 0417 06       		.uleb128 0x6
 575 0418 15050000 		.4byte	.LASF165
 576 041c 02       		.byte	0x2
 577 041d 41       		.byte	0x41
 578 041e 22040000 		.4byte	0x422
 579 0422 05       		.uleb128 0x5
 580 0423 04       		.byte	0x4
 581 0424 07       		.byte	0x7
 582 0425 48060000 		.4byte	.LASF166
 583 0429 05       		.uleb128 0x5
 584 042a 08       		.byte	0x8
 585 042b 05       		.byte	0x5
 586 042c 7C020000 		.4byte	.LASF167
 587 0430 05       		.uleb128 0x5
 588 0431 08       		.byte	0x8
 589 0432 07       		.byte	0x7
 590 0433 6B010000 		.4byte	.LASF168
 591 0437 07       		.uleb128 0x7
 592 0438 04       		.byte	0x4
 593 0439 05       		.byte	0x5
 594 043a 696E7400 		.ascii	"int\000"
 595 043e 05       		.uleb128 0x5
 596 043f 04       		.byte	0x4
 597 0440 07       		.byte	0x7
 598 0441 EF0B0000 		.4byte	.LASF169
 599 0445 06       		.uleb128 0x6
 600 0446 790B0000 		.4byte	.LASF170
 601 044a 03       		.byte	0x3
 602 044b 2C       		.byte	0x2c
 603 044c 05040000 		.4byte	0x405
 604 0450 06       		.uleb128 0x6
 605 0451 140D0000 		.4byte	.LASF171
 606 0455 03       		.byte	0x3
 607 0456 30       		.byte	0x30
 608 0457 17040000 		.4byte	0x417
 609 045b 05       		.uleb128 0x5
 610 045c 04       		.byte	0x4
 611 045d 07       		.byte	0x7
 612 045e 66080000 		.4byte	.LASF172
 613 0462 05       		.uleb128 0x5
 614 0463 08       		.byte	0x8
 615 0464 04       		.byte	0x4
 616 0465 C90D0000 		.4byte	.LASF173
 617 0469 05       		.uleb128 0x5
 618 046a 01       		.byte	0x1
 619 046b 08       		.byte	0x8
 620 046c D50D0000 		.4byte	.LASF174
 621 0470 05       		.uleb128 0x5
 622 0471 04       		.byte	0x4
 623 0472 04       		.byte	0x4
 624 0473 860A0000 		.4byte	.LASF175
 625 0477 05       		.uleb128 0x5
 626 0478 08       		.byte	0x8
 627 0479 04       		.byte	0x4
ARM GAS  C:\Users\gjl\AppData\Local\Temp\ccmC29x8.s 			page 12


 628 047a 77040000 		.4byte	.LASF176
 629 047e 08       		.uleb128 0x8
 630 047f 08       		.byte	0x8
 631 0480 04       		.byte	0x4
 632 0481 EB       		.byte	0xeb
 633 0482 9F040000 		.4byte	0x49f
 634 0486 09       		.uleb128 0x9
 635 0487 03040000 		.4byte	.LASF177
 636 048b 04       		.byte	0x4
 637 048c EC       		.byte	0xec
 638 048d E5030000 		.4byte	0x3e5
 639 0491 00       		.byte	0
 640 0492 09       		.uleb128 0x9
 641 0493 79110000 		.4byte	.LASF178
 642 0497 04       		.byte	0x4
 643 0498 F0       		.byte	0xf0
 644 0499 50040000 		.4byte	0x450
 645 049d 04       		.byte	0x4
 646 049e 00       		.byte	0
 647 049f 06       		.uleb128 0x6
 648 04a0 A2080000 		.4byte	.LASF179
 649 04a4 04       		.byte	0x4
 650 04a5 F1       		.byte	0xf1
 651 04a6 7E040000 		.4byte	0x47e
 652 04aa 0A       		.uleb128 0xa
 653 04ab E20B0000 		.4byte	.LASF180
 654 04af 05       		.byte	0x5
 655 04b0 EA07     		.2byte	0x7ea
 656 04b2 B6040000 		.4byte	0x4b6
 657 04b6 0B       		.uleb128 0xb
 658 04b7 45040000 		.4byte	0x445
 659 04bb 0C       		.uleb128 0xc
 660 04bc 470D0000 		.4byte	.LASF181
 661 04c0 06       		.byte	0x6
 662 04c1 24       		.byte	0x24
 663 04c2 CC040000 		.4byte	0x4cc
 664 04c6 05       		.uleb128 0x5
 665 04c7 03       		.byte	0x3
 666 04c8 00000000 		.4byte	I2C_1_SCB_IRQ_cfg
 667 04cc 0D       		.uleb128 0xd
 668 04cd 9F040000 		.4byte	0x49f
 669 04d1 0C       		.uleb128 0xc
 670 04d2 D5040000 		.4byte	.LASF182
 671 04d6 06       		.byte	0x6
 672 04d7 2A       		.byte	0x2a
 673 04d8 CC040000 		.4byte	0x4cc
 674 04dc 05       		.uleb128 0x5
 675 04dd 03       		.byte	0x3
 676 04de 00000000 		.4byte	UART_SCB_IRQ_cfg
 677 04e2 0C       		.uleb128 0xc
 678 04e3 3C100000 		.4byte	.LASF183
 679 04e7 06       		.byte	0x6
 680 04e8 30       		.byte	0x30
 681 04e9 CC040000 		.4byte	0x4cc
 682 04ed 05       		.uleb128 0x5
 683 04ee 03       		.byte	0x3
 684 04ef 00000000 		.4byte	CapSense_ISR_cfg
ARM GAS  C:\Users\gjl\AppData\Local\Temp\ccmC29x8.s 			page 13


 685 04f3 00       		.byte	0
 686              		.section	.debug_abbrev,"",%progbits
 687              	.Ldebug_abbrev0:
 688 0000 01       		.uleb128 0x1
 689 0001 11       		.uleb128 0x11
 690 0002 01       		.byte	0x1
 691 0003 25       		.uleb128 0x25
 692 0004 0E       		.uleb128 0xe
 693 0005 13       		.uleb128 0x13
 694 0006 0B       		.uleb128 0xb
 695 0007 03       		.uleb128 0x3
 696 0008 0E       		.uleb128 0xe
 697 0009 1B       		.uleb128 0x1b
 698 000a 0E       		.uleb128 0xe
 699 000b 10       		.uleb128 0x10
 700 000c 17       		.uleb128 0x17
 701 000d 00       		.byte	0
 702 000e 00       		.byte	0
 703 000f 02       		.uleb128 0x2
 704 0010 04       		.uleb128 0x4
 705 0011 01       		.byte	0x1
 706 0012 0B       		.uleb128 0xb
 707 0013 0B       		.uleb128 0xb
 708 0014 49       		.uleb128 0x49
 709 0015 13       		.uleb128 0x13
 710 0016 3A       		.uleb128 0x3a
 711 0017 0B       		.uleb128 0xb
 712 0018 3B       		.uleb128 0x3b
 713 0019 0B       		.uleb128 0xb
 714 001a 01       		.uleb128 0x1
 715 001b 13       		.uleb128 0x13
 716 001c 00       		.byte	0
 717 001d 00       		.byte	0
 718 001e 03       		.uleb128 0x3
 719 001f 28       		.uleb128 0x28
 720 0020 00       		.byte	0
 721 0021 03       		.uleb128 0x3
 722 0022 0E       		.uleb128 0xe
 723 0023 1C       		.uleb128 0x1c
 724 0024 0D       		.uleb128 0xd
 725 0025 00       		.byte	0
 726 0026 00       		.byte	0
 727 0027 04       		.uleb128 0x4
 728 0028 28       		.uleb128 0x28
 729 0029 00       		.byte	0
 730 002a 03       		.uleb128 0x3
 731 002b 0E       		.uleb128 0xe
 732 002c 1C       		.uleb128 0x1c
 733 002d 0B       		.uleb128 0xb
 734 002e 00       		.byte	0
 735 002f 00       		.byte	0
 736 0030 05       		.uleb128 0x5
 737 0031 24       		.uleb128 0x24
 738 0032 00       		.byte	0
 739 0033 0B       		.uleb128 0xb
 740 0034 0B       		.uleb128 0xb
 741 0035 3E       		.uleb128 0x3e
ARM GAS  C:\Users\gjl\AppData\Local\Temp\ccmC29x8.s 			page 14


 742 0036 0B       		.uleb128 0xb
 743 0037 03       		.uleb128 0x3
 744 0038 0E       		.uleb128 0xe
 745 0039 00       		.byte	0
 746 003a 00       		.byte	0
 747 003b 06       		.uleb128 0x6
 748 003c 16       		.uleb128 0x16
 749 003d 00       		.byte	0
 750 003e 03       		.uleb128 0x3
 751 003f 0E       		.uleb128 0xe
 752 0040 3A       		.uleb128 0x3a
 753 0041 0B       		.uleb128 0xb
 754 0042 3B       		.uleb128 0x3b
 755 0043 0B       		.uleb128 0xb
 756 0044 49       		.uleb128 0x49
 757 0045 13       		.uleb128 0x13
 758 0046 00       		.byte	0
 759 0047 00       		.byte	0
 760 0048 07       		.uleb128 0x7
 761 0049 24       		.uleb128 0x24
 762 004a 00       		.byte	0
 763 004b 0B       		.uleb128 0xb
 764 004c 0B       		.uleb128 0xb
 765 004d 3E       		.uleb128 0x3e
 766 004e 0B       		.uleb128 0xb
 767 004f 03       		.uleb128 0x3
 768 0050 08       		.uleb128 0x8
 769 0051 00       		.byte	0
 770 0052 00       		.byte	0
 771 0053 08       		.uleb128 0x8
 772 0054 13       		.uleb128 0x13
 773 0055 01       		.byte	0x1
 774 0056 0B       		.uleb128 0xb
 775 0057 0B       		.uleb128 0xb
 776 0058 3A       		.uleb128 0x3a
 777 0059 0B       		.uleb128 0xb
 778 005a 3B       		.uleb128 0x3b
 779 005b 0B       		.uleb128 0xb
 780 005c 01       		.uleb128 0x1
 781 005d 13       		.uleb128 0x13
 782 005e 00       		.byte	0
 783 005f 00       		.byte	0
 784 0060 09       		.uleb128 0x9
 785 0061 0D       		.uleb128 0xd
 786 0062 00       		.byte	0
 787 0063 03       		.uleb128 0x3
 788 0064 0E       		.uleb128 0xe
 789 0065 3A       		.uleb128 0x3a
 790 0066 0B       		.uleb128 0xb
 791 0067 3B       		.uleb128 0x3b
 792 0068 0B       		.uleb128 0xb
 793 0069 49       		.uleb128 0x49
 794 006a 13       		.uleb128 0x13
 795 006b 38       		.uleb128 0x38
 796 006c 0B       		.uleb128 0xb
 797 006d 00       		.byte	0
 798 006e 00       		.byte	0
ARM GAS  C:\Users\gjl\AppData\Local\Temp\ccmC29x8.s 			page 15


 799 006f 0A       		.uleb128 0xa
 800 0070 34       		.uleb128 0x34
 801 0071 00       		.byte	0
 802 0072 03       		.uleb128 0x3
 803 0073 0E       		.uleb128 0xe
 804 0074 3A       		.uleb128 0x3a
 805 0075 0B       		.uleb128 0xb
 806 0076 3B       		.uleb128 0x3b
 807 0077 05       		.uleb128 0x5
 808 0078 49       		.uleb128 0x49
 809 0079 13       		.uleb128 0x13
 810 007a 3F       		.uleb128 0x3f
 811 007b 19       		.uleb128 0x19
 812 007c 3C       		.uleb128 0x3c
 813 007d 19       		.uleb128 0x19
 814 007e 00       		.byte	0
 815 007f 00       		.byte	0
 816 0080 0B       		.uleb128 0xb
 817 0081 35       		.uleb128 0x35
 818 0082 00       		.byte	0
 819 0083 49       		.uleb128 0x49
 820 0084 13       		.uleb128 0x13
 821 0085 00       		.byte	0
 822 0086 00       		.byte	0
 823 0087 0C       		.uleb128 0xc
 824 0088 34       		.uleb128 0x34
 825 0089 00       		.byte	0
 826 008a 03       		.uleb128 0x3
 827 008b 0E       		.uleb128 0xe
 828 008c 3A       		.uleb128 0x3a
 829 008d 0B       		.uleb128 0xb
 830 008e 3B       		.uleb128 0x3b
 831 008f 0B       		.uleb128 0xb
 832 0090 49       		.uleb128 0x49
 833 0091 13       		.uleb128 0x13
 834 0092 3F       		.uleb128 0x3f
 835 0093 19       		.uleb128 0x19
 836 0094 02       		.uleb128 0x2
 837 0095 18       		.uleb128 0x18
 838 0096 00       		.byte	0
 839 0097 00       		.byte	0
 840 0098 0D       		.uleb128 0xd
 841 0099 26       		.uleb128 0x26
 842 009a 00       		.byte	0
 843 009b 49       		.uleb128 0x49
 844 009c 13       		.uleb128 0x13
 845 009d 00       		.byte	0
 846 009e 00       		.byte	0
 847 009f 00       		.byte	0
 848              		.section	.debug_aranges,"",%progbits
 849 0000 14000000 		.4byte	0x14
 850 0004 0200     		.2byte	0x2
 851 0006 00000000 		.4byte	.Ldebug_info0
 852 000a 04       		.byte	0x4
 853 000b 00       		.byte	0
 854 000c 0000     		.2byte	0
 855 000e 0000     		.2byte	0
ARM GAS  C:\Users\gjl\AppData\Local\Temp\ccmC29x8.s 			page 16


 856 0010 00000000 		.4byte	0
 857 0014 00000000 		.4byte	0
 858              		.section	.debug_line,"",%progbits
 859              	.Ldebug_line0:
 860 0000 10020000 		.section	.debug_str,"MS",%progbits,1
 860      02000A02 
 860      00000201 
 860      FB0E0D00 
 860      01010101 
 861              	.LASF123:
 862 0000 74637077 		.ascii	"tcpwm_1_interrupts_15_IRQn\000"
 862      6D5F315F 
 862      696E7465 
 862      72727570 
 862      74735F31 
 863              	.LASF12:
 864 001b 696F7373 		.ascii	"ioss_interrupts_gpio_2_IRQn\000"
 864      5F696E74 
 864      65727275 
 864      7074735F 
 864      6770696F 
 865              	.LASF56:
 866 0037 7363625F 		.ascii	"scb_5_interrupt_IRQn\000"
 866      355F696E 
 866      74657272 
 866      7570745F 
 866      4952516E 
 867              	.LASF104:
 868 004c 74637077 		.ascii	"tcpwm_0_interrupts_4_IRQn\000"
 868      6D5F305F 
 868      696E7465 
 868      72727570 
 868      74735F34 
 869              	.LASF32:
 870 0066 73727373 		.ascii	"srss_interrupt_IRQn\000"
 870      5F696E74 
 870      65727275 
 870      70745F49 
 870      52516E00 
 871              	.LASF28:
 872 007a 7363625F 		.ascii	"scb_8_interrupt_IRQn\000"
 872      385F696E 
 872      74657272 
 872      7570745F 
 872      4952516E 
 873              	.LASF61:
 874 008f 63707573 		.ascii	"cpuss_interrupts_dw0_1_IRQn\000"
 874      735F696E 
 874      74657272 
 874      75707473 
 874      5F647730 
 875              	.LASF144:
 876 00ab 7564625F 		.ascii	"udb_interrupts_12_IRQn\000"
 876      696E7465 
 876      72727570 
 876      74735F31 
 876      325F4952 
ARM GAS  C:\Users\gjl\AppData\Local\Temp\ccmC29x8.s 			page 17


 877              	.LASF34:
 878 00c2 626C6573 		.ascii	"bless_interrupt_IRQn\000"
 878      735F696E 
 878      74657272 
 878      7570745F 
 878      4952516E 
 879              	.LASF133:
 880 00d7 7564625F 		.ascii	"udb_interrupts_1_IRQn\000"
 880      696E7465 
 880      72727570 
 880      74735F31 
 880      5F495251 
 881              	.LASF51:
 882 00ed 7363625F 		.ascii	"scb_0_interrupt_IRQn\000"
 882      305F696E 
 882      74657272 
 882      7570745F 
 882      4952516E 
 883              	.LASF116:
 884 0102 74637077 		.ascii	"tcpwm_1_interrupts_8_IRQn\000"
 884      6D5F315F 
 884      696E7465 
 884      72727570 
 884      74735F38 
 885              	.LASF39:
 886 011c 63707573 		.ascii	"cpuss_interrupts_ipc_4_IRQn\000"
 886      735F696E 
 886      74657272 
 886      75707473 
 886      5F697063 
 887              	.LASF46:
 888 0138 63707573 		.ascii	"cpuss_interrupts_ipc_11_IRQn\000"
 888      735F696E 
 888      74657272 
 888      75707473 
 888      5F697063 
 889              	.LASF132:
 890 0155 7564625F 		.ascii	"udb_interrupts_0_IRQn\000"
 890      696E7465 
 890      72727570 
 890      74735F30 
 890      5F495251 
 891              	.LASF168:
 892 016b 6C6F6E67 		.ascii	"long long unsigned int\000"
 892      206C6F6E 
 892      6720756E 
 892      7369676E 
 892      65642069 
 893              	.LASF155:
 894 0182 7573625F 		.ascii	"usb_interrupt_lo_IRQn\000"
 894      696E7465 
 894      72727570 
 894      745F6C6F 
 894      5F495251 
 895              	.LASF118:
 896 0198 74637077 		.ascii	"tcpwm_1_interrupts_10_IRQn\000"
 896      6D5F315F 
ARM GAS  C:\Users\gjl\AppData\Local\Temp\ccmC29x8.s 			page 18


 896      696E7465 
 896      72727570 
 896      74735F31 
 897              	.LASF10:
 898 01b3 696F7373 		.ascii	"ioss_interrupts_gpio_0_IRQn\000"
 898      5F696E74 
 898      65727275 
 898      7074735F 
 898      6770696F 
 899              	.LASF97:
 900 01cf 63707573 		.ascii	"cpuss_interrupts_cm0_cti_1_IRQn\000"
 900      735F696E 
 900      74657272 
 900      75707473 
 900      5F636D30 
 901              	.LASF19:
 902 01ef 696F7373 		.ascii	"ioss_interrupts_gpio_9_IRQn\000"
 902      5F696E74 
 902      65727275 
 902      7074735F 
 902      6770696F 
 903              	.LASF156:
 904 020b 70617373 		.ascii	"pass_interrupt_dacs_IRQn\000"
 904      5F696E74 
 904      65727275 
 904      70745F64 
 904      6163735F 
 905              	.LASF138:
 906 0224 7564625F 		.ascii	"udb_interrupts_6_IRQn\000"
 906      696E7465 
 906      72727570 
 906      74735F36 
 906      5F495251 
 907              	.LASF0:
 908 023a 52657365 		.ascii	"Reset_IRQn\000"
 908      745F4952 
 908      516E00
 909              	.LASF124:
 910 0245 74637077 		.ascii	"tcpwm_1_interrupts_16_IRQn\000"
 910      6D5F315F 
 910      696E7465 
 910      72727570 
 910      74735F31 
 911              	.LASF94:
 912 0260 63707573 		.ascii	"cpuss_interrupt_crypto_IRQn\000"
 912      735F696E 
 912      74657272 
 912      7570745F 
 912      63727970 
 913              	.LASF167:
 914 027c 6C6F6E67 		.ascii	"long long int\000"
 914      206C6F6E 
 914      6720696E 
 914      7400
 915              	.LASF159:
 916 028a 7369676E 		.ascii	"signed char\000"
 916      65642063 
ARM GAS  C:\Users\gjl\AppData\Local\Temp\ccmC29x8.s 			page 19


 916      68617200 
 917              	.LASF105:
 918 0296 74637077 		.ascii	"tcpwm_0_interrupts_5_IRQn\000"
 918      6D5F305F 
 918      696E7465 
 918      72727570 
 918      74735F35 
 919              	.LASF85:
 920 02b0 63707573 		.ascii	"cpuss_interrupts_dw1_9_IRQn\000"
 920      735F696E 
 920      74657272 
 920      75707473 
 920      5F647731 
 921              	.LASF62:
 922 02cc 63707573 		.ascii	"cpuss_interrupts_dw0_2_IRQn\000"
 922      735F696E 
 922      74657272 
 922      75707473 
 922      5F647730 
 923              	.LASF145:
 924 02e8 7564625F 		.ascii	"udb_interrupts_13_IRQn\000"
 924      696E7465 
 924      72727570 
 924      74735F31 
 924      335F4952 
 925              	.LASF27:
 926 02ff 6C70636F 		.ascii	"lpcomp_interrupt_IRQn\000"
 926      6D705F69 
 926      6E746572 
 926      72757074 
 926      5F495251 
 927              	.LASF108:
 928 0315 74637077 		.ascii	"tcpwm_1_interrupts_0_IRQn\000"
 928      6D5F315F 
 928      696E7465 
 928      72727570 
 928      74735F30 
 929              	.LASF164:
 930 032f 6C6F6E67 		.ascii	"long int\000"
 930      20696E74 
 930      00
 931              	.LASF117:
 932 0338 74637077 		.ascii	"tcpwm_1_interrupts_9_IRQn\000"
 932      6D5F315F 
 932      696E7465 
 932      72727570 
 932      74735F39 
 933              	.LASF40:
 934 0352 63707573 		.ascii	"cpuss_interrupts_ipc_5_IRQn\000"
 934      735F696E 
 934      74657272 
 934      75707473 
 934      5F697063 
 935              	.LASF83:
 936 036e 63707573 		.ascii	"cpuss_interrupts_dw1_7_IRQn\000"
 936      735F696E 
 936      74657272 
ARM GAS  C:\Users\gjl\AppData\Local\Temp\ccmC29x8.s 			page 20


 936      75707473 
 936      5F647731 
 937              	.LASF47:
 938 038a 63707573 		.ascii	"cpuss_interrupts_ipc_12_IRQn\000"
 938      735F696E 
 938      74657272 
 938      75707473 
 938      5F697063 
 939              	.LASF84:
 940 03a7 63707573 		.ascii	"cpuss_interrupts_dw1_8_IRQn\000"
 940      735F696E 
 940      74657272 
 940      75707473 
 940      5F647731 
 941              	.LASF186:
 942 03c3 433A5C47 		.ascii	"C:\\Git\\PSoC6-101-Video-Projects\\PSoC 6_101\\RC-3"
 942      69745C50 
 942      536F4336 
 942      2D313031 
 942      2D566964 
 943 03f2 2D35622D 		.ascii	"-5b-Motion.cydsn\000"
 943      4D6F7469 
 943      6F6E2E63 
 943      7964736E 
 943      00
 944              	.LASF177:
 945 0403 696E7472 		.ascii	"intrSrc\000"
 945      53726300 
 946              	.LASF119:
 947 040b 74637077 		.ascii	"tcpwm_1_interrupts_11_IRQn\000"
 947      6D5F315F 
 947      696E7465 
 947      72727570 
 947      74735F31 
 948              	.LASF64:
 949 0426 63707573 		.ascii	"cpuss_interrupts_dw0_4_IRQn\000"
 949      735F696E 
 949      74657272 
 949      75707473 
 949      5F647730 
 950              	.LASF25:
 951 0442 696F7373 		.ascii	"ioss_interrupt_gpio_IRQn\000"
 951      5F696E74 
 951      65727275 
 951      70745F67 
 951      70696F5F 
 952              	.LASF29:
 953 045b 73727373 		.ascii	"srss_interrupt_mcwdt_0_IRQn\000"
 953      5F696E74 
 953      65727275 
 953      70745F6D 
 953      63776474 
 954              	.LASF176:
 955 0477 646F7562 		.ascii	"double\000"
 955      6C6500
 956              	.LASF149:
 957 047e 61756469 		.ascii	"audioss_interrupt_i2s_IRQn\000"
ARM GAS  C:\Users\gjl\AppData\Local\Temp\ccmC29x8.s 			page 21


 957      6F73735F 
 957      696E7465 
 957      72727570 
 957      745F6932 
 958              	.LASF66:
 959 0499 63707573 		.ascii	"cpuss_interrupts_dw0_6_IRQn\000"
 959      735F696E 
 959      74657272 
 959      75707473 
 959      5F647730 
 960              	.LASF99:
 961 04b5 63707573 		.ascii	"cpuss_interrupts_cm4_cti_1_IRQn\000"
 961      735F696E 
 961      74657272 
 961      75707473 
 961      5F636D34 
 962              	.LASF182:
 963 04d5 55415254 		.ascii	"UART_SCB_IRQ_cfg\000"
 963      5F534342 
 963      5F495251 
 963      5F636667 
 963      00
 964              	.LASF58:
 965 04e6 7363625F 		.ascii	"scb_7_interrupt_IRQn\000"
 965      375F696E 
 965      74657272 
 965      7570745F 
 965      4952516E 
 966              	.LASF106:
 967 04fb 74637077 		.ascii	"tcpwm_0_interrupts_6_IRQn\000"
 967      6D5F305F 
 967      696E7465 
 967      72727570 
 967      74735F36 
 968              	.LASF165:
 969 0515 5F5F7569 		.ascii	"__uint32_t\000"
 969      6E743332 
 969      5F7400
 970              	.LASF4:
 971 0520 42757346 		.ascii	"BusFault_IRQn\000"
 971      61756C74 
 971      5F495251 
 971      6E00
 972              	.LASF52:
 973 052e 7363625F 		.ascii	"scb_1_interrupt_IRQn\000"
 973      315F696E 
 973      74657272 
 973      7570745F 
 973      4952516E 
 974              	.LASF146:
 975 0543 7564625F 		.ascii	"udb_interrupts_14_IRQn\000"
 975      696E7465 
 975      72727570 
 975      74735F31 
 975      345F4952 
 976              	.LASF33:
 977 055a 70617373 		.ascii	"pass_interrupt_ctbs_IRQn\000"
ARM GAS  C:\Users\gjl\AppData\Local\Temp\ccmC29x8.s 			page 22


 977      5F696E74 
 977      65727275 
 977      70745F63 
 977      7462735F 
 978              	.LASF53:
 979 0573 7363625F 		.ascii	"scb_2_interrupt_IRQn\000"
 979      325F696E 
 979      74657272 
 979      7570745F 
 979      4952516E 
 980              	.LASF74:
 981 0588 63707573 		.ascii	"cpuss_interrupts_dw0_14_IRQn\000"
 981      735F696E 
 981      74657272 
 981      75707473 
 981      5F647730 
 982              	.LASF15:
 983 05a5 696F7373 		.ascii	"ioss_interrupts_gpio_5_IRQn\000"
 983      5F696E74 
 983      65727275 
 983      7074735F 
 983      6770696F 
 984              	.LASF41:
 985 05c1 63707573 		.ascii	"cpuss_interrupts_ipc_6_IRQn\000"
 985      735F696E 
 985      74657272 
 985      75707473 
 985      5F697063 
 986              	.LASF134:
 987 05dd 7564625F 		.ascii	"udb_interrupts_2_IRQn\000"
 987      696E7465 
 987      72727570 
 987      74735F32 
 987      5F495251 
 988              	.LASF23:
 989 05f3 696F7373 		.ascii	"ioss_interrupts_gpio_13_IRQn\000"
 989      5F696E74 
 989      65727275 
 989      7074735F 
 989      6770696F 
 990              	.LASF120:
 991 0610 74637077 		.ascii	"tcpwm_1_interrupts_12_IRQn\000"
 991      6D5F315F 
 991      696E7465 
 991      72727570 
 991      74735F31 
 992              	.LASF89:
 993 062b 63707573 		.ascii	"cpuss_interrupts_dw1_13_IRQn\000"
 993      735F696E 
 993      74657272 
 993      75707473 
 993      5F647731 
 994              	.LASF166:
 995 0648 6C6F6E67 		.ascii	"long unsigned int\000"
 995      20756E73 
 995      69676E65 
 995      6420696E 
ARM GAS  C:\Users\gjl\AppData\Local\Temp\ccmC29x8.s 			page 23


 995      7400
 996              	.LASF30:
 997 065a 73727373 		.ascii	"srss_interrupt_mcwdt_1_IRQn\000"
 997      5F696E74 
 997      65727275 
 997      70745F6D 
 997      63776474 
 998              	.LASF101:
 999 0676 74637077 		.ascii	"tcpwm_0_interrupts_1_IRQn\000"
 999      6D5F305F 
 999      696E7465 
 999      72727570 
 999      74735F31 
 1000              	.LASF154:
 1001 0690 7573625F 		.ascii	"usb_interrupt_med_IRQn\000"
 1001      696E7465 
 1001      72727570 
 1001      745F6D65 
 1001      645F4952 
 1002              	.LASF92:
 1003 06a7 63707573 		.ascii	"cpuss_interrupts_fault_0_IRQn\000"
 1003      735F696E 
 1003      74657272 
 1003      75707473 
 1003      5F666175 
 1004              	.LASF6:
 1005 06c5 53564361 		.ascii	"SVCall_IRQn\000"
 1005      6C6C5F49 
 1005      52516E00 
 1006              	.LASF161:
 1007 06d1 73686F72 		.ascii	"short unsigned int\000"
 1007      7420756E 
 1007      7369676E 
 1007      65642069 
 1007      6E7400
 1008              	.LASF113:
 1009 06e4 74637077 		.ascii	"tcpwm_1_interrupts_5_IRQn\000"
 1009      6D5F315F 
 1009      696E7465 
 1009      72727570 
 1009      74735F35 
 1010              	.LASF36:
 1011 06fe 63707573 		.ascii	"cpuss_interrupts_ipc_1_IRQn\000"
 1011      735F696E 
 1011      74657272 
 1011      75707473 
 1011      5F697063 
 1012              	.LASF80:
 1013 071a 63707573 		.ascii	"cpuss_interrupts_dw1_4_IRQn\000"
 1013      735F696E 
 1013      74657272 
 1013      75707473 
 1013      5F647731 
 1014              	.LASF95:
 1015 0736 63707573 		.ascii	"cpuss_interrupt_fm_IRQn\000"
 1015      735F696E 
 1015      74657272 
ARM GAS  C:\Users\gjl\AppData\Local\Temp\ccmC29x8.s 			page 24


 1015      7570745F 
 1015      666D5F49 
 1016              	.LASF75:
 1017 074e 63707573 		.ascii	"cpuss_interrupts_dw0_15_IRQn\000"
 1017      735F696E 
 1017      74657272 
 1017      75707473 
 1017      5F647730 
 1018              	.LASF16:
 1019 076b 696F7373 		.ascii	"ioss_interrupts_gpio_6_IRQn\000"
 1019      5F696E74 
 1019      65727275 
 1019      7074735F 
 1019      6770696F 
 1020              	.LASF152:
 1021 0787 736D6966 		.ascii	"smif_interrupt_IRQn\000"
 1021      5F696E74 
 1021      65727275 
 1021      70745F49 
 1021      52516E00 
 1022              	.LASF135:
 1023 079b 7564625F 		.ascii	"udb_interrupts_3_IRQn\000"
 1023      696E7465 
 1023      72727570 
 1023      74735F33 
 1023      5F495251 
 1024              	.LASF24:
 1025 07b1 696F7373 		.ascii	"ioss_interrupts_gpio_14_IRQn\000"
 1025      5F696E74 
 1025      65727275 
 1025      7074735F 
 1025      6770696F 
 1026              	.LASF9:
 1027 07ce 53797354 		.ascii	"SysTick_IRQn\000"
 1027      69636B5F 
 1027      4952516E 
 1027      00
 1028              	.LASF90:
 1029 07db 63707573 		.ascii	"cpuss_interrupts_dw1_14_IRQn\000"
 1029      735F696E 
 1029      74657272 
 1029      75707473 
 1029      5F647731 
 1030              	.LASF131:
 1031 07f8 74637077 		.ascii	"tcpwm_1_interrupts_23_IRQn\000"
 1031      6D5F315F 
 1031      696E7465 
 1031      72727570 
 1031      74735F32 
 1032              	.LASF102:
 1033 0813 74637077 		.ascii	"tcpwm_0_interrupts_2_IRQn\000"
 1033      6D5F305F 
 1033      696E7465 
 1033      72727570 
 1033      74735F32 
 1034              	.LASF121:
 1035 082d 74637077 		.ascii	"tcpwm_1_interrupts_13_IRQn\000"
ARM GAS  C:\Users\gjl\AppData\Local\Temp\ccmC29x8.s 			page 25


 1035      6D5F315F 
 1035      696E7465 
 1035      72727570 
 1035      74735F31 
 1036              	.LASF93:
 1037 0848 63707573 		.ascii	"cpuss_interrupts_fault_1_IRQn\000"
 1037      735F696E 
 1037      74657272 
 1037      75707473 
 1037      5F666175 
 1038              	.LASF172:
 1039 0866 73697A65 		.ascii	"sizetype\000"
 1039      74797065 
 1039      00
 1040              	.LASF142:
 1041 086f 7564625F 		.ascii	"udb_interrupts_10_IRQn\000"
 1041      696E7465 
 1041      72727570 
 1041      74735F31 
 1041      305F4952 
 1042              	.LASF68:
 1043 0886 63707573 		.ascii	"cpuss_interrupts_dw0_8_IRQn\000"
 1043      735F696E 
 1043      74657272 
 1043      75707473 
 1043      5F647730 
 1044              	.LASF179:
 1045 08a2 63795F73 		.ascii	"cy_stc_sysint_t\000"
 1045      74635F73 
 1045      7973696E 
 1045      745F7400 
 1046              	.LASF70:
 1047 08b2 63707573 		.ascii	"cpuss_interrupts_dw0_10_IRQn\000"
 1047      735F696E 
 1047      74657272 
 1047      75707473 
 1047      5F647730 
 1048              	.LASF114:
 1049 08cf 74637077 		.ascii	"tcpwm_1_interrupts_6_IRQn\000"
 1049      6D5F315F 
 1049      696E7465 
 1049      72727570 
 1049      74735F36 
 1050              	.LASF37:
 1051 08e9 63707573 		.ascii	"cpuss_interrupts_ipc_2_IRQn\000"
 1051      735F696E 
 1051      74657272 
 1051      75707473 
 1051      5F697063 
 1052              	.LASF81:
 1053 0905 63707573 		.ascii	"cpuss_interrupts_dw1_5_IRQn\000"
 1053      735F696E 
 1053      74657272 
 1053      75707473 
 1053      5F647731 
 1054              	.LASF139:
 1055 0921 7564625F 		.ascii	"udb_interrupts_7_IRQn\000"
ARM GAS  C:\Users\gjl\AppData\Local\Temp\ccmC29x8.s 			page 26


 1055      696E7465 
 1055      72727570 
 1055      74735F37 
 1055      5F495251 
 1056              	.LASF125:
 1057 0937 74637077 		.ascii	"tcpwm_1_interrupts_17_IRQn\000"
 1057      6D5F315F 
 1057      696E7465 
 1057      72727570 
 1057      74735F31 
 1058              	.LASF55:
 1059 0952 7363625F 		.ascii	"scb_4_interrupt_IRQn\000"
 1059      345F696E 
 1059      74657272 
 1059      7570745F 
 1059      4952516E 
 1060              	.LASF17:
 1061 0967 696F7373 		.ascii	"ioss_interrupts_gpio_7_IRQn\000"
 1061      5F696E74 
 1061      65727275 
 1061      7074735F 
 1061      6770696F 
 1062              	.LASF73:
 1063 0983 63707573 		.ascii	"cpuss_interrupts_dw0_13_IRQn\000"
 1063      735F696E 
 1063      74657272 
 1063      75707473 
 1063      5F647730 
 1064              	.LASF184:
 1065 09a0 474E5520 		.ascii	"GNU C11 5.4.1 20160609 (release) [ARM/embedded-5-br"
 1065      43313120 
 1065      352E342E 
 1065      31203230 
 1065      31363036 
 1066 09d3 616E6368 		.ascii	"anch revision 237715] -mcpu=cortex-m4 -mfloat-abi=s"
 1066      20726576 
 1066      6973696F 
 1066      6E203233 
 1066      37373135 
 1067 0a06 6F667466 		.ascii	"oftfp -mfpu=fpv4-sp-d16 -mthumb -g -Og -ffunction-s"
 1067      70202D6D 
 1067      6670753D 
 1067      66707634 
 1067      2D73702D 
 1068 0a39 65637469 		.ascii	"ections -ffat-lto-objects\000"
 1068      6F6E7320 
 1068      2D666661 
 1068      742D6C74 
 1068      6F2D6F62 
 1069              	.LASF91:
 1070 0a53 63707573 		.ascii	"cpuss_interrupts_dw1_15_IRQn\000"
 1070      735F696E 
 1070      74657272 
 1070      75707473 
 1070      5F647731 
 1071              	.LASF153:
 1072 0a70 7573625F 		.ascii	"usb_interrupt_hi_IRQn\000"
ARM GAS  C:\Users\gjl\AppData\Local\Temp\ccmC29x8.s 			page 27


 1072      696E7465 
 1072      72727570 
 1072      745F6869 
 1072      5F495251 
 1073              	.LASF175:
 1074 0a86 666C6F61 		.ascii	"float\000"
 1074      7400
 1075              	.LASF63:
 1076 0a8c 63707573 		.ascii	"cpuss_interrupts_dw0_3_IRQn\000"
 1076      735F696E 
 1076      74657272 
 1076      75707473 
 1076      5F647730 
 1077              	.LASF21:
 1078 0aa8 696F7373 		.ascii	"ioss_interrupts_gpio_11_IRQn\000"
 1078      5F696E74 
 1078      65727275 
 1078      7074735F 
 1078      6770696F 
 1079              	.LASF3:
 1080 0ac5 4D656D6F 		.ascii	"MemoryManagement_IRQn\000"
 1080      72794D61 
 1080      6E616765 
 1080      6D656E74 
 1080      5F495251 
 1081              	.LASF103:
 1082 0adb 74637077 		.ascii	"tcpwm_0_interrupts_3_IRQn\000"
 1082      6D5F305F 
 1082      696E7465 
 1082      72727570 
 1082      74735F33 
 1083              	.LASF128:
 1084 0af5 74637077 		.ascii	"tcpwm_1_interrupts_20_IRQn\000"
 1084      6D5F315F 
 1084      696E7465 
 1084      72727570 
 1084      74735F32 
 1085              	.LASF109:
 1086 0b10 74637077 		.ascii	"tcpwm_1_interrupts_1_IRQn\000"
 1086      6D5F315F 
 1086      696E7465 
 1086      72727570 
 1086      74735F31 
 1087              	.LASF76:
 1088 0b2a 63707573 		.ascii	"cpuss_interrupts_dw1_0_IRQn\000"
 1088      735F696E 
 1088      74657272 
 1088      75707473 
 1088      5F647731 
 1089              	.LASF143:
 1090 0b46 7564625F 		.ascii	"udb_interrupts_11_IRQn\000"
 1090      696E7465 
 1090      72727570 
 1090      74735F31 
 1090      315F4952 
 1091              	.LASF69:
 1092 0b5d 63707573 		.ascii	"cpuss_interrupts_dw0_9_IRQn\000"
ARM GAS  C:\Users\gjl\AppData\Local\Temp\ccmC29x8.s 			page 28


 1092      735F696E 
 1092      74657272 
 1092      75707473 
 1092      5F647730 
 1093              	.LASF170:
 1094 0b79 696E7433 		.ascii	"int32_t\000"
 1094      325F7400 
 1095              	.LASF160:
 1096 0b81 756E7369 		.ascii	"unsigned char\000"
 1096      676E6564 
 1096      20636861 
 1096      7200
 1097              	.LASF71:
 1098 0b8f 63707573 		.ascii	"cpuss_interrupts_dw0_11_IRQn\000"
 1098      735F696E 
 1098      74657272 
 1098      75707473 
 1098      5F647730 
 1099              	.LASF115:
 1100 0bac 74637077 		.ascii	"tcpwm_1_interrupts_7_IRQn\000"
 1100      6D5F315F 
 1100      696E7465 
 1100      72727570 
 1100      74735F37 
 1101              	.LASF38:
 1102 0bc6 63707573 		.ascii	"cpuss_interrupts_ipc_3_IRQn\000"
 1102      735F696E 
 1102      74657272 
 1102      75707473 
 1102      5F697063 
 1103              	.LASF180:
 1104 0be2 49544D5F 		.ascii	"ITM_RxBuffer\000"
 1104      52784275 
 1104      66666572 
 1104      00
 1105              	.LASF169:
 1106 0bef 756E7369 		.ascii	"unsigned int\000"
 1106      676E6564 
 1106      20696E74 
 1106      00
 1107              	.LASF20:
 1108 0bfc 696F7373 		.ascii	"ioss_interrupts_gpio_10_IRQn\000"
 1108      5F696E74 
 1108      65727275 
 1108      7074735F 
 1108      6770696F 
 1109              	.LASF140:
 1110 0c19 7564625F 		.ascii	"udb_interrupts_8_IRQn\000"
 1110      696E7465 
 1110      72727570 
 1110      74735F38 
 1110      5F495251 
 1111              	.LASF157:
 1112 0c2f 756E636F 		.ascii	"unconnected_IRQn\000"
 1112      6E6E6563 
 1112      7465645F 
 1112      4952516E 
ARM GAS  C:\Users\gjl\AppData\Local\Temp\ccmC29x8.s 			page 29


 1112      00
 1113              	.LASF158:
 1114 0c40 73686F72 		.ascii	"short int\000"
 1114      7420696E 
 1114      7400
 1115              	.LASF98:
 1116 0c4a 63707573 		.ascii	"cpuss_interrupts_cm4_cti_0_IRQn\000"
 1116      735F696E 
 1116      74657272 
 1116      75707473 
 1116      5F636D34 
 1117              	.LASF126:
 1118 0c6a 74637077 		.ascii	"tcpwm_1_interrupts_18_IRQn\000"
 1118      6D5F315F 
 1118      696E7465 
 1118      72727570 
 1118      74735F31 
 1119              	.LASF79:
 1120 0c85 63707573 		.ascii	"cpuss_interrupts_dw1_3_IRQn\000"
 1120      735F696E 
 1120      74657272 
 1120      75707473 
 1120      5F647731 
 1121              	.LASF107:
 1122 0ca1 74637077 		.ascii	"tcpwm_0_interrupts_7_IRQn\000"
 1122      6D5F305F 
 1122      696E7465 
 1122      72727570 
 1122      74735F37 
 1123              	.LASF87:
 1124 0cbb 63707573 		.ascii	"cpuss_interrupts_dw1_11_IRQn\000"
 1124      735F696E 
 1124      74657272 
 1124      75707473 
 1124      5F647731 
 1125              	.LASF147:
 1126 0cd8 7564625F 		.ascii	"udb_interrupts_15_IRQn\000"
 1126      696E7465 
 1126      72727570 
 1126      74735F31 
 1126      355F4952 
 1127              	.LASF162:
 1128 0cef 4952516E 		.ascii	"IRQn_Type\000"
 1128      5F547970 
 1128      6500
 1129              	.LASF129:
 1130 0cf9 74637077 		.ascii	"tcpwm_1_interrupts_21_IRQn\000"
 1130      6D5F315F 
 1130      696E7465 
 1130      72727570 
 1130      74735F32 
 1131              	.LASF171:
 1132 0d14 75696E74 		.ascii	"uint32_t\000"
 1132      33325F74 
 1132      00
 1133              	.LASF110:
 1134 0d1d 74637077 		.ascii	"tcpwm_1_interrupts_2_IRQn\000"
ARM GAS  C:\Users\gjl\AppData\Local\Temp\ccmC29x8.s 			page 30


 1134      6D5F315F 
 1134      696E7465 
 1134      72727570 
 1134      74735F32 
 1135              	.LASF5:
 1136 0d37 55736167 		.ascii	"UsageFault_IRQn\000"
 1136      65466175 
 1136      6C745F49 
 1136      52516E00 
 1137              	.LASF181:
 1138 0d47 4932435F 		.ascii	"I2C_1_SCB_IRQ_cfg\000"
 1138      315F5343 
 1138      425F4952 
 1138      515F6366 
 1138      6700
 1139              	.LASF42:
 1140 0d59 63707573 		.ascii	"cpuss_interrupts_ipc_7_IRQn\000"
 1140      735F696E 
 1140      74657272 
 1140      75707473 
 1140      5F697063 
 1141              	.LASF77:
 1142 0d75 63707573 		.ascii	"cpuss_interrupts_dw1_1_IRQn\000"
 1142      735F696E 
 1142      74657272 
 1142      75707473 
 1142      5F647731 
 1143              	.LASF49:
 1144 0d91 63707573 		.ascii	"cpuss_interrupts_ipc_14_IRQn\000"
 1144      735F696E 
 1144      74657272 
 1144      75707473 
 1144      5F697063 
 1145              	.LASF150:
 1146 0dae 61756469 		.ascii	"audioss_interrupt_pdm_IRQn\000"
 1146      6F73735F 
 1146      696E7465 
 1146      72727570 
 1146      745F7064 
 1147              	.LASF173:
 1148 0dc9 6C6F6E67 		.ascii	"long double\000"
 1148      20646F75 
 1148      626C6500 
 1149              	.LASF174:
 1150 0dd5 63686172 		.ascii	"char\000"
 1150      00
 1151              	.LASF185:
 1152 0dda 47656E65 		.ascii	"Generated_Source\\PSoC6\\cyfitter_sysint_cfg.c\000"
 1152      72617465 
 1152      645F536F 
 1152      75726365 
 1152      5C50536F 
 1153              	.LASF72:
 1154 0e07 63707573 		.ascii	"cpuss_interrupts_dw0_12_IRQn\000"
 1154      735F696E 
 1154      74657272 
 1154      75707473 
ARM GAS  C:\Users\gjl\AppData\Local\Temp\ccmC29x8.s 			page 31


 1154      5F647730 
 1155              	.LASF13:
 1156 0e24 696F7373 		.ascii	"ioss_interrupts_gpio_3_IRQn\000"
 1156      5F696E74 
 1156      65727275 
 1156      7074735F 
 1156      6770696F 
 1157              	.LASF148:
 1158 0e40 70617373 		.ascii	"pass_interrupt_sar_IRQn\000"
 1158      5F696E74 
 1158      65727275 
 1158      70745F73 
 1158      61725F49 
 1159              	.LASF8:
 1160 0e58 50656E64 		.ascii	"PendSV_IRQn\000"
 1160      53565F49 
 1160      52516E00 
 1161              	.LASF54:
 1162 0e64 7363625F 		.ascii	"scb_3_interrupt_IRQn\000"
 1162      335F696E 
 1162      74657272 
 1162      7570745F 
 1162      4952516E 
 1163              	.LASF141:
 1164 0e79 7564625F 		.ascii	"udb_interrupts_9_IRQn\000"
 1164      696E7465 
 1164      72727570 
 1164      74735F39 
 1164      5F495251 
 1165              	.LASF1:
 1166 0e8f 4E6F6E4D 		.ascii	"NonMaskableInt_IRQn\000"
 1166      61736B61 
 1166      626C6549 
 1166      6E745F49 
 1166      52516E00 
 1167              	.LASF163:
 1168 0ea3 5F5F696E 		.ascii	"__int32_t\000"
 1168      7433325F 
 1168      7400
 1169              	.LASF127:
 1170 0ead 74637077 		.ascii	"tcpwm_1_interrupts_19_IRQn\000"
 1170      6D5F315F 
 1170      696E7465 
 1170      72727570 
 1170      74735F31 
 1171              	.LASF57:
 1172 0ec8 7363625F 		.ascii	"scb_6_interrupt_IRQn\000"
 1172      365F696E 
 1172      74657272 
 1172      7570745F 
 1172      4952516E 
 1173              	.LASF11:
 1174 0edd 696F7373 		.ascii	"ioss_interrupts_gpio_1_IRQn\000"
 1174      5F696E74 
 1174      65727275 
 1174      7074735F 
 1174      6770696F 
ARM GAS  C:\Users\gjl\AppData\Local\Temp\ccmC29x8.s 			page 32


 1175              	.LASF2:
 1176 0ef9 48617264 		.ascii	"HardFault_IRQn\000"
 1176      4661756C 
 1176      745F4952 
 1176      516E00
 1177              	.LASF65:
 1178 0f08 63707573 		.ascii	"cpuss_interrupts_dw0_5_IRQn\000"
 1178      735F696E 
 1178      74657272 
 1178      75707473 
 1178      5F647730 
 1179              	.LASF7:
 1180 0f24 44656275 		.ascii	"DebugMonitor_IRQn\000"
 1180      674D6F6E 
 1180      69746F72 
 1180      5F495251 
 1180      6E00
 1181              	.LASF59:
 1182 0f36 6373645F 		.ascii	"csd_interrupt_IRQn\000"
 1182      696E7465 
 1182      72727570 
 1182      745F4952 
 1182      516E00
 1183              	.LASF35:
 1184 0f49 63707573 		.ascii	"cpuss_interrupts_ipc_0_IRQn\000"
 1184      735F696E 
 1184      74657272 
 1184      75707473 
 1184      5F697063 
 1185              	.LASF130:
 1186 0f65 74637077 		.ascii	"tcpwm_1_interrupts_22_IRQn\000"
 1186      6D5F315F 
 1186      696E7465 
 1186      72727570 
 1186      74735F32 
 1187              	.LASF111:
 1188 0f80 74637077 		.ascii	"tcpwm_1_interrupts_3_IRQn\000"
 1188      6D5F315F 
 1188      696E7465 
 1188      72727570 
 1188      74735F33 
 1189              	.LASF43:
 1190 0f9a 63707573 		.ascii	"cpuss_interrupts_ipc_8_IRQn\000"
 1190      735F696E 
 1190      74657272 
 1190      75707473 
 1190      5F697063 
 1191              	.LASF78:
 1192 0fb6 63707573 		.ascii	"cpuss_interrupts_dw1_2_IRQn\000"
 1192      735F696E 
 1192      74657272 
 1192      75707473 
 1192      5F647731 
 1193              	.LASF50:
 1194 0fd2 63707573 		.ascii	"cpuss_interrupts_ipc_15_IRQn\000"
 1194      735F696E 
 1194      74657272 
ARM GAS  C:\Users\gjl\AppData\Local\Temp\ccmC29x8.s 			page 33


 1194      75707473 
 1194      5F697063 
 1195              	.LASF136:
 1196 0fef 7564625F 		.ascii	"udb_interrupts_4_IRQn\000"
 1196      696E7465 
 1196      72727570 
 1196      74735F34 
 1196      5F495251 
 1197              	.LASF122:
 1198 1005 74637077 		.ascii	"tcpwm_1_interrupts_14_IRQn\000"
 1198      6D5F315F 
 1198      696E7465 
 1198      72727570 
 1198      74735F31 
 1199              	.LASF14:
 1200 1020 696F7373 		.ascii	"ioss_interrupts_gpio_4_IRQn\000"
 1200      5F696E74 
 1200      65727275 
 1200      7074735F 
 1200      6770696F 
 1201              	.LASF183:
 1202 103c 43617053 		.ascii	"CapSense_ISR_cfg\000"
 1202      656E7365 
 1202      5F495352 
 1202      5F636667 
 1202      00
 1203              	.LASF22:
 1204 104d 696F7373 		.ascii	"ioss_interrupts_gpio_12_IRQn\000"
 1204      5F696E74 
 1204      65727275 
 1204      7074735F 
 1204      6770696F 
 1205              	.LASF151:
 1206 106a 70726F66 		.ascii	"profile_interrupt_IRQn\000"
 1206      696C655F 
 1206      696E7465 
 1206      72727570 
 1206      745F4952 
 1207              	.LASF88:
 1208 1081 63707573 		.ascii	"cpuss_interrupts_dw1_12_IRQn\000"
 1208      735F696E 
 1208      74657272 
 1208      75707473 
 1208      5F647731 
 1209              	.LASF60:
 1210 109e 63707573 		.ascii	"cpuss_interrupts_dw0_0_IRQn\000"
 1210      735F696E 
 1210      74657272 
 1210      75707473 
 1210      5F647730 
 1211              	.LASF26:
 1212 10ba 696F7373 		.ascii	"ioss_interrupt_vdd_IRQn\000"
 1212      5F696E74 
 1212      65727275 
 1212      70745F76 
 1212      64645F49 
 1213              	.LASF100:
ARM GAS  C:\Users\gjl\AppData\Local\Temp\ccmC29x8.s 			page 34


 1214 10d2 74637077 		.ascii	"tcpwm_0_interrupts_0_IRQn\000"
 1214      6D5F305F 
 1214      696E7465 
 1214      72727570 
 1214      74735F30 
 1215              	.LASF86:
 1216 10ec 63707573 		.ascii	"cpuss_interrupts_dw1_10_IRQn\000"
 1216      735F696E 
 1216      74657272 
 1216      75707473 
 1216      5F647731 
 1217              	.LASF31:
 1218 1109 73727373 		.ascii	"srss_interrupt_backup_IRQn\000"
 1218      5F696E74 
 1218      65727275 
 1218      70745F62 
 1218      61636B75 
 1219              	.LASF45:
 1220 1124 63707573 		.ascii	"cpuss_interrupts_ipc_10_IRQn\000"
 1220      735F696E 
 1220      74657272 
 1220      75707473 
 1220      5F697063 
 1221              	.LASF82:
 1222 1141 63707573 		.ascii	"cpuss_interrupts_dw1_6_IRQn\000"
 1222      735F696E 
 1222      74657272 
 1222      75707473 
 1222      5F647731 
 1223              	.LASF67:
 1224 115d 63707573 		.ascii	"cpuss_interrupts_dw0_7_IRQn\000"
 1224      735F696E 
 1224      74657272 
 1224      75707473 
 1224      5F647730 
 1225              	.LASF178:
 1226 1179 696E7472 		.ascii	"intrPriority\000"
 1226      5072696F 
 1226      72697479 
 1226      00
 1227              	.LASF112:
 1228 1186 74637077 		.ascii	"tcpwm_1_interrupts_4_IRQn\000"
 1228      6D5F315F 
 1228      696E7465 
 1228      72727570 
 1228      74735F34 
 1229              	.LASF96:
 1230 11a0 63707573 		.ascii	"cpuss_interrupts_cm0_cti_0_IRQn\000"
 1230      735F696E 
 1230      74657272 
 1230      75707473 
 1230      5F636D30 
 1231              	.LASF18:
 1232 11c0 696F7373 		.ascii	"ioss_interrupts_gpio_8_IRQn\000"
 1232      5F696E74 
 1232      65727275 
 1232      7074735F 
ARM GAS  C:\Users\gjl\AppData\Local\Temp\ccmC29x8.s 			page 35


 1232      6770696F 
 1233              	.LASF44:
 1234 11dc 63707573 		.ascii	"cpuss_interrupts_ipc_9_IRQn\000"
 1234      735F696E 
 1234      74657272 
 1234      75707473 
 1234      5F697063 
 1235              	.LASF137:
 1236 11f8 7564625F 		.ascii	"udb_interrupts_5_IRQn\000"
 1236      696E7465 
 1236      72727570 
 1236      74735F35 
 1236      5F495251 
 1237              	.LASF48:
 1238 120e 63707573 		.ascii	"cpuss_interrupts_ipc_13_IRQn\000"
 1238      735F696E 
 1238      74657272 
 1238      75707473 
 1238      5F697063 
 1239              		.ident	"GCC: (GNU Tools for ARM Embedded Processors) 5.4.1 20160609 (release) [ARM/embedded-5-bran
