ARM GAS  C:\Users\gjl\AppData\Local\Temp\ccZwflAc.s 			page 1


   1              		.syntax unified
   2              		.cpu cortex-m4
   3              		.eabi_attribute 27, 1
   4              		.fpu fpv4-sp-d16
   5              		.eabi_attribute 20, 1
   6              		.eabi_attribute 21, 1
   7              		.eabi_attribute 23, 3
   8              		.eabi_attribute 24, 1
   9              		.eabi_attribute 25, 1
  10              		.eabi_attribute 26, 1
  11              		.eabi_attribute 30, 1
  12              		.eabi_attribute 34, 1
  13              		.eabi_attribute 18, 4
  14              		.thumb
  15              		.syntax unified
  16              		.file	"main_cm4.c"
  17              		.text
  18              	.Ltext0:
  19              		.cfi_sections	.debug_frame
  20              		.section	.text.main,"ax",%progbits
  21              		.align	2
  22              		.global	main
  23              		.thumb
  24              		.thumb_func
  25              		.type	main, %function
  26              	main:
  27              	.LFB315:
  28              		.file 1 "main_cm4.c"
   1:main_cm4.c    **** /* ========================================
   2:main_cm4.c    ****  *
   3:main_cm4.c    ****  * Copyright YOUR COMPANY, THE YEAR
   4:main_cm4.c    ****  * All Rights Reserved
   5:main_cm4.c    ****  * UNPUBLISHED, LICENSED SOFTWARE.
   6:main_cm4.c    ****  *
   7:main_cm4.c    ****  * CONFIDENTIAL AND PROPRIETARY INFORMATION
   8:main_cm4.c    ****  * WHICH IS THE PROPERTY OF your company.
   9:main_cm4.c    ****  *
  10:main_cm4.c    ****  * ========================================
  11:main_cm4.c    **** */
  12:main_cm4.c    **** #include "project.h"
  13:main_cm4.c    **** 
  14:main_cm4.c    **** int main(void)
  15:main_cm4.c    **** {
  29              		.loc 1 15 0
  30              		.cfi_startproc
  31              		@ Volatile: function does not return.
  32              		@ args = 0, pretend = 0, frame = 0
  33              		@ frame_needed = 0, uses_anonymous_args = 0
  34              		@ link register save eliminated.
  35              	.LBB4:
  36              	.LBB5:
  37              		.file 2 "Generated_Source\\PSoC6\\pdl\\cmsis/include/cmsis_gcc.h"
   1:Generated_Source\PSoC6\pdl\cmsis/include/cmsis_gcc.h **** /**************************************************************************//**
   2:Generated_Source\PSoC6\pdl\cmsis/include/cmsis_gcc.h ****  * @file     cmsis_gcc.h
   3:Generated_Source\PSoC6\pdl\cmsis/include/cmsis_gcc.h ****  * @brief    CMSIS compiler GCC header file
   4:Generated_Source\PSoC6\pdl\cmsis/include/cmsis_gcc.h ****  * @version  V5.0.1
   5:Generated_Source\PSoC6\pdl\cmsis/include/cmsis_gcc.h ****  * @date     02. February 2017
ARM GAS  C:\Users\gjl\AppData\Local\Temp\ccZwflAc.s 			page 2


   6:Generated_Source\PSoC6\pdl\cmsis/include/cmsis_gcc.h ****  ******************************************************************************/
   7:Generated_Source\PSoC6\pdl\cmsis/include/cmsis_gcc.h **** /*
   8:Generated_Source\PSoC6\pdl\cmsis/include/cmsis_gcc.h ****  * Copyright (c) 2009-2017 ARM Limited. All rights reserved.
   9:Generated_Source\PSoC6\pdl\cmsis/include/cmsis_gcc.h ****  *
  10:Generated_Source\PSoC6\pdl\cmsis/include/cmsis_gcc.h ****  * SPDX-License-Identifier: Apache-2.0
  11:Generated_Source\PSoC6\pdl\cmsis/include/cmsis_gcc.h ****  *
  12:Generated_Source\PSoC6\pdl\cmsis/include/cmsis_gcc.h ****  * Licensed under the Apache License, Version 2.0 (the License); you may
  13:Generated_Source\PSoC6\pdl\cmsis/include/cmsis_gcc.h ****  * not use this file except in compliance with the License.
  14:Generated_Source\PSoC6\pdl\cmsis/include/cmsis_gcc.h ****  * You may obtain a copy of the License at
  15:Generated_Source\PSoC6\pdl\cmsis/include/cmsis_gcc.h ****  *
  16:Generated_Source\PSoC6\pdl\cmsis/include/cmsis_gcc.h ****  * www.apache.org/licenses/LICENSE-2.0
  17:Generated_Source\PSoC6\pdl\cmsis/include/cmsis_gcc.h ****  *
  18:Generated_Source\PSoC6\pdl\cmsis/include/cmsis_gcc.h ****  * Unless required by applicable law or agreed to in writing, software
  19:Generated_Source\PSoC6\pdl\cmsis/include/cmsis_gcc.h ****  * distributed under the License is distributed on an AS IS BASIS, WITHOUT
  20:Generated_Source\PSoC6\pdl\cmsis/include/cmsis_gcc.h ****  * WARRANTIES OR CONDITIONS OF ANY KIND, either express or implied.
  21:Generated_Source\PSoC6\pdl\cmsis/include/cmsis_gcc.h ****  * See the License for the specific language governing permissions and
  22:Generated_Source\PSoC6\pdl\cmsis/include/cmsis_gcc.h ****  * limitations under the License.
  23:Generated_Source\PSoC6\pdl\cmsis/include/cmsis_gcc.h ****  */
  24:Generated_Source\PSoC6\pdl\cmsis/include/cmsis_gcc.h **** 
  25:Generated_Source\PSoC6\pdl\cmsis/include/cmsis_gcc.h **** #ifndef __CMSIS_GCC_H
  26:Generated_Source\PSoC6\pdl\cmsis/include/cmsis_gcc.h **** #define __CMSIS_GCC_H
  27:Generated_Source\PSoC6\pdl\cmsis/include/cmsis_gcc.h **** 
  28:Generated_Source\PSoC6\pdl\cmsis/include/cmsis_gcc.h **** /* ignore some GCC warnings */
  29:Generated_Source\PSoC6\pdl\cmsis/include/cmsis_gcc.h **** #pragma GCC diagnostic push
  30:Generated_Source\PSoC6\pdl\cmsis/include/cmsis_gcc.h **** #pragma GCC diagnostic ignored "-Wsign-conversion"
  31:Generated_Source\PSoC6\pdl\cmsis/include/cmsis_gcc.h **** #pragma GCC diagnostic ignored "-Wconversion"
  32:Generated_Source\PSoC6\pdl\cmsis/include/cmsis_gcc.h **** #pragma GCC diagnostic ignored "-Wunused-parameter"
  33:Generated_Source\PSoC6\pdl\cmsis/include/cmsis_gcc.h **** 
  34:Generated_Source\PSoC6\pdl\cmsis/include/cmsis_gcc.h **** /* CMSIS compiler specific defines */
  35:Generated_Source\PSoC6\pdl\cmsis/include/cmsis_gcc.h **** #ifndef   __ASM
  36:Generated_Source\PSoC6\pdl\cmsis/include/cmsis_gcc.h ****   #define __ASM                     __asm
  37:Generated_Source\PSoC6\pdl\cmsis/include/cmsis_gcc.h **** #endif
  38:Generated_Source\PSoC6\pdl\cmsis/include/cmsis_gcc.h **** #ifndef   __INLINE
  39:Generated_Source\PSoC6\pdl\cmsis/include/cmsis_gcc.h ****   #define __INLINE                  inline
  40:Generated_Source\PSoC6\pdl\cmsis/include/cmsis_gcc.h **** #endif
  41:Generated_Source\PSoC6\pdl\cmsis/include/cmsis_gcc.h **** #ifndef   __STATIC_INLINE
  42:Generated_Source\PSoC6\pdl\cmsis/include/cmsis_gcc.h ****   #define __STATIC_INLINE           static inline
  43:Generated_Source\PSoC6\pdl\cmsis/include/cmsis_gcc.h **** #endif
  44:Generated_Source\PSoC6\pdl\cmsis/include/cmsis_gcc.h **** #ifndef   __NO_RETURN
  45:Generated_Source\PSoC6\pdl\cmsis/include/cmsis_gcc.h ****   #define __NO_RETURN               __attribute__((noreturn))
  46:Generated_Source\PSoC6\pdl\cmsis/include/cmsis_gcc.h **** #endif
  47:Generated_Source\PSoC6\pdl\cmsis/include/cmsis_gcc.h **** #ifndef   __USED
  48:Generated_Source\PSoC6\pdl\cmsis/include/cmsis_gcc.h ****   #define __USED                    __attribute__((used))
  49:Generated_Source\PSoC6\pdl\cmsis/include/cmsis_gcc.h **** #endif
  50:Generated_Source\PSoC6\pdl\cmsis/include/cmsis_gcc.h **** #ifndef   __WEAK
  51:Generated_Source\PSoC6\pdl\cmsis/include/cmsis_gcc.h ****   #define __WEAK                    __attribute__((weak))
  52:Generated_Source\PSoC6\pdl\cmsis/include/cmsis_gcc.h **** #endif
  53:Generated_Source\PSoC6\pdl\cmsis/include/cmsis_gcc.h **** #ifndef   __UNALIGNED_UINT32
  54:Generated_Source\PSoC6\pdl\cmsis/include/cmsis_gcc.h **** #pragma GCC diagnostic push
  55:Generated_Source\PSoC6\pdl\cmsis/include/cmsis_gcc.h **** #pragma GCC diagnostic ignored "-Wpacked"
  56:Generated_Source\PSoC6\pdl\cmsis/include/cmsis_gcc.h **** #pragma GCC diagnostic ignored "-Wattributes"
  57:Generated_Source\PSoC6\pdl\cmsis/include/cmsis_gcc.h ****   struct __attribute__((packed)) T_UINT32 { uint32_t v; };
  58:Generated_Source\PSoC6\pdl\cmsis/include/cmsis_gcc.h **** #pragma GCC diagnostic pop
  59:Generated_Source\PSoC6\pdl\cmsis/include/cmsis_gcc.h ****   #define __UNALIGNED_UINT32(x)     (((struct T_UINT32 *)(x))->v)
  60:Generated_Source\PSoC6\pdl\cmsis/include/cmsis_gcc.h **** #endif
  61:Generated_Source\PSoC6\pdl\cmsis/include/cmsis_gcc.h **** #ifndef   __ALIGNED
  62:Generated_Source\PSoC6\pdl\cmsis/include/cmsis_gcc.h ****   #define __ALIGNED(x)              __attribute__((aligned(x)))
ARM GAS  C:\Users\gjl\AppData\Local\Temp\ccZwflAc.s 			page 3


  63:Generated_Source\PSoC6\pdl\cmsis/include/cmsis_gcc.h **** #endif
  64:Generated_Source\PSoC6\pdl\cmsis/include/cmsis_gcc.h **** #ifndef   __PACKED
  65:Generated_Source\PSoC6\pdl\cmsis/include/cmsis_gcc.h ****   #define __PACKED                  __attribute__((packed, aligned(1)))
  66:Generated_Source\PSoC6\pdl\cmsis/include/cmsis_gcc.h **** #endif
  67:Generated_Source\PSoC6\pdl\cmsis/include/cmsis_gcc.h **** #ifndef   __PACKED_STRUCT
  68:Generated_Source\PSoC6\pdl\cmsis/include/cmsis_gcc.h ****   #define __PACKED_STRUCT           struct __attribute__((packed, aligned(1)))
  69:Generated_Source\PSoC6\pdl\cmsis/include/cmsis_gcc.h **** #endif
  70:Generated_Source\PSoC6\pdl\cmsis/include/cmsis_gcc.h **** 
  71:Generated_Source\PSoC6\pdl\cmsis/include/cmsis_gcc.h **** 
  72:Generated_Source\PSoC6\pdl\cmsis/include/cmsis_gcc.h **** /* ###########################  Core Function Access  ########################### */
  73:Generated_Source\PSoC6\pdl\cmsis/include/cmsis_gcc.h **** /** \ingroup  CMSIS_Core_FunctionInterface
  74:Generated_Source\PSoC6\pdl\cmsis/include/cmsis_gcc.h ****     \defgroup CMSIS_Core_RegAccFunctions CMSIS Core Register Access Functions
  75:Generated_Source\PSoC6\pdl\cmsis/include/cmsis_gcc.h ****   @{
  76:Generated_Source\PSoC6\pdl\cmsis/include/cmsis_gcc.h ****  */
  77:Generated_Source\PSoC6\pdl\cmsis/include/cmsis_gcc.h **** 
  78:Generated_Source\PSoC6\pdl\cmsis/include/cmsis_gcc.h **** /**
  79:Generated_Source\PSoC6\pdl\cmsis/include/cmsis_gcc.h ****   \brief   Enable IRQ Interrupts
  80:Generated_Source\PSoC6\pdl\cmsis/include/cmsis_gcc.h ****   \details Enables IRQ interrupts by clearing the I-bit in the CPSR.
  81:Generated_Source\PSoC6\pdl\cmsis/include/cmsis_gcc.h ****            Can only be executed in Privileged modes.
  82:Generated_Source\PSoC6\pdl\cmsis/include/cmsis_gcc.h ****  */
  83:Generated_Source\PSoC6\pdl\cmsis/include/cmsis_gcc.h **** __attribute__((always_inline)) __STATIC_INLINE void __enable_irq(void)
  84:Generated_Source\PSoC6\pdl\cmsis/include/cmsis_gcc.h **** {
  85:Generated_Source\PSoC6\pdl\cmsis/include/cmsis_gcc.h ****   __ASM volatile ("cpsie i" : : : "memory");
  38              		.loc 2 85 0
  39              		.syntax unified
  40              	@ 85 "Generated_Source\PSoC6\pdl\cmsis/include/cmsis_gcc.h" 1
  41 0000 62B6     		cpsie i
  42              	@ 0 "" 2
  43              		.thumb
  44              		.syntax unified
  45              	.L2:
  46 0002 FEE7     		b	.L2
  47              	.LBE5:
  48              	.LBE4:
  49              		.cfi_endproc
  50              	.LFE315:
  51              		.size	main, .-main
  52              		.text
  53              	.Letext0:
  54              		.file 3 "c:\\program files (x86)\\cypress\\psoc creator\\4.2\\psoc creator\\import\\gnu\\arm\\5.4.
  55              		.file 4 "c:\\program files (x86)\\cypress\\psoc creator\\4.2\\psoc creator\\import\\gnu\\arm\\5.4.
  56              		.file 5 "Generated_Source\\PSoC6\\pdl\\cmsis/include/core_cm4.h"
  57              		.section	.debug_info,"",%progbits
  58              	.Ldebug_info0:
  59 0000 EA000000 		.4byte	0xea
  60 0004 0400     		.2byte	0x4
  61 0006 00000000 		.4byte	.Ldebug_abbrev0
  62 000a 04       		.byte	0x4
  63 000b 01       		.uleb128 0x1
  64 000c 3B000000 		.4byte	.LASF17
  65 0010 0C       		.byte	0xc
  66 0011 05010000 		.4byte	.LASF18
  67 0015 6F010000 		.4byte	.LASF19
  68 0019 00000000 		.4byte	.Ldebug_ranges0+0
  69 001d 00000000 		.4byte	0
  70 0021 00000000 		.4byte	.Ldebug_line0
  71 0025 02       		.uleb128 0x2
ARM GAS  C:\Users\gjl\AppData\Local\Temp\ccZwflAc.s 			page 4


  72 0026 02       		.byte	0x2
  73 0027 05       		.byte	0x5
  74 0028 C9010000 		.4byte	.LASF0
  75 002c 02       		.uleb128 0x2
  76 002d 01       		.byte	0x1
  77 002e 06       		.byte	0x6
  78 002f 63010000 		.4byte	.LASF1
  79 0033 02       		.uleb128 0x2
  80 0034 01       		.byte	0x1
  81 0035 08       		.byte	0x8
  82 0036 1B000000 		.4byte	.LASF2
  83 003a 02       		.uleb128 0x2
  84 003b 02       		.byte	0x2
  85 003c 07       		.byte	0x7
  86 003d 50010000 		.4byte	.LASF3
  87 0041 03       		.uleb128 0x3
  88 0042 B3010000 		.4byte	.LASF9
  89 0046 03       		.byte	0x3
  90 0047 3F       		.byte	0x3f
  91 0048 4C000000 		.4byte	0x4c
  92 004c 02       		.uleb128 0x2
  93 004d 04       		.byte	0x4
  94 004e 05       		.byte	0x5
  95 004f 47010000 		.4byte	.LASF4
  96 0053 02       		.uleb128 0x2
  97 0054 04       		.byte	0x4
  98 0055 07       		.byte	0x7
  99 0056 29000000 		.4byte	.LASF5
 100 005a 02       		.uleb128 0x2
 101 005b 08       		.byte	0x8
 102 005c 05       		.byte	0x5
 103 005d 00000000 		.4byte	.LASF6
 104 0061 02       		.uleb128 0x2
 105 0062 08       		.byte	0x8
 106 0063 07       		.byte	0x7
 107 0064 EE000000 		.4byte	.LASF7
 108 0068 04       		.uleb128 0x4
 109 0069 04       		.byte	0x4
 110 006a 05       		.byte	0x5
 111 006b 696E7400 		.ascii	"int\000"
 112 006f 02       		.uleb128 0x2
 113 0070 04       		.byte	0x4
 114 0071 07       		.byte	0x7
 115 0072 33010000 		.4byte	.LASF8
 116 0076 03       		.uleb128 0x3
 117 0077 D3010000 		.4byte	.LASF10
 118 007b 04       		.byte	0x4
 119 007c 2C       		.byte	0x2c
 120 007d 41000000 		.4byte	0x41
 121 0081 02       		.uleb128 0x2
 122 0082 04       		.byte	0x4
 123 0083 07       		.byte	0x7
 124 0084 DB010000 		.4byte	.LASF11
 125 0088 02       		.uleb128 0x2
 126 0089 08       		.byte	0x8
 127 008a 04       		.byte	0x4
 128 008b BD010000 		.4byte	.LASF12
ARM GAS  C:\Users\gjl\AppData\Local\Temp\ccZwflAc.s 			page 5


 129 008f 02       		.uleb128 0x2
 130 0090 01       		.byte	0x1
 131 0091 08       		.byte	0x8
 132 0092 16010000 		.4byte	.LASF13
 133 0096 02       		.uleb128 0x2
 134 0097 04       		.byte	0x4
 135 0098 04       		.byte	0x4
 136 0099 10010000 		.4byte	.LASF14
 137 009d 02       		.uleb128 0x2
 138 009e 08       		.byte	0x8
 139 009f 04       		.byte	0x4
 140 00a0 40010000 		.4byte	.LASF15
 141 00a4 02       		.uleb128 0x2
 142 00a5 01       		.byte	0x1
 143 00a6 02       		.byte	0x2
 144 00a7 1B010000 		.4byte	.LASF16
 145 00ab 05       		.uleb128 0x5
 146 00ac 0E000000 		.4byte	.LASF20
 147 00b0 02       		.byte	0x2
 148 00b1 53       		.byte	0x53
 149 00b2 03       		.byte	0x3
 150 00b3 06       		.uleb128 0x6
 151 00b4 21010000 		.4byte	.LASF21
 152 00b8 01       		.byte	0x1
 153 00b9 0E       		.byte	0xe
 154 00ba 68000000 		.4byte	0x68
 155 00be 00000000 		.4byte	.LFB315
 156 00c2 04000000 		.4byte	.LFE315-.LFB315
 157 00c6 01       		.uleb128 0x1
 158 00c7 9C       		.byte	0x9c
 159 00c8 DC000000 		.4byte	0xdc
 160 00cc 07       		.uleb128 0x7
 161 00cd AB000000 		.4byte	0xab
 162 00d1 00000000 		.4byte	.LBB4
 163 00d5 04000000 		.4byte	.LBE4-.LBB4
 164 00d9 01       		.byte	0x1
 165 00da 10       		.byte	0x10
 166 00db 00       		.byte	0
 167 00dc 08       		.uleb128 0x8
 168 00dd 26010000 		.4byte	.LASF22
 169 00e1 05       		.byte	0x5
 170 00e2 EA07     		.2byte	0x7ea
 171 00e4 E8000000 		.4byte	0xe8
 172 00e8 09       		.uleb128 0x9
 173 00e9 76000000 		.4byte	0x76
 174 00ed 00       		.byte	0
 175              		.section	.debug_abbrev,"",%progbits
 176              	.Ldebug_abbrev0:
 177 0000 01       		.uleb128 0x1
 178 0001 11       		.uleb128 0x11
 179 0002 01       		.byte	0x1
 180 0003 25       		.uleb128 0x25
 181 0004 0E       		.uleb128 0xe
 182 0005 13       		.uleb128 0x13
 183 0006 0B       		.uleb128 0xb
 184 0007 03       		.uleb128 0x3
 185 0008 0E       		.uleb128 0xe
ARM GAS  C:\Users\gjl\AppData\Local\Temp\ccZwflAc.s 			page 6


 186 0009 1B       		.uleb128 0x1b
 187 000a 0E       		.uleb128 0xe
 188 000b 55       		.uleb128 0x55
 189 000c 17       		.uleb128 0x17
 190 000d 11       		.uleb128 0x11
 191 000e 01       		.uleb128 0x1
 192 000f 10       		.uleb128 0x10
 193 0010 17       		.uleb128 0x17
 194 0011 00       		.byte	0
 195 0012 00       		.byte	0
 196 0013 02       		.uleb128 0x2
 197 0014 24       		.uleb128 0x24
 198 0015 00       		.byte	0
 199 0016 0B       		.uleb128 0xb
 200 0017 0B       		.uleb128 0xb
 201 0018 3E       		.uleb128 0x3e
 202 0019 0B       		.uleb128 0xb
 203 001a 03       		.uleb128 0x3
 204 001b 0E       		.uleb128 0xe
 205 001c 00       		.byte	0
 206 001d 00       		.byte	0
 207 001e 03       		.uleb128 0x3
 208 001f 16       		.uleb128 0x16
 209 0020 00       		.byte	0
 210 0021 03       		.uleb128 0x3
 211 0022 0E       		.uleb128 0xe
 212 0023 3A       		.uleb128 0x3a
 213 0024 0B       		.uleb128 0xb
 214 0025 3B       		.uleb128 0x3b
 215 0026 0B       		.uleb128 0xb
 216 0027 49       		.uleb128 0x49
 217 0028 13       		.uleb128 0x13
 218 0029 00       		.byte	0
 219 002a 00       		.byte	0
 220 002b 04       		.uleb128 0x4
 221 002c 24       		.uleb128 0x24
 222 002d 00       		.byte	0
 223 002e 0B       		.uleb128 0xb
 224 002f 0B       		.uleb128 0xb
 225 0030 3E       		.uleb128 0x3e
 226 0031 0B       		.uleb128 0xb
 227 0032 03       		.uleb128 0x3
 228 0033 08       		.uleb128 0x8
 229 0034 00       		.byte	0
 230 0035 00       		.byte	0
 231 0036 05       		.uleb128 0x5
 232 0037 2E       		.uleb128 0x2e
 233 0038 00       		.byte	0
 234 0039 03       		.uleb128 0x3
 235 003a 0E       		.uleb128 0xe
 236 003b 3A       		.uleb128 0x3a
 237 003c 0B       		.uleb128 0xb
 238 003d 3B       		.uleb128 0x3b
 239 003e 0B       		.uleb128 0xb
 240 003f 27       		.uleb128 0x27
 241 0040 19       		.uleb128 0x19
 242 0041 20       		.uleb128 0x20
ARM GAS  C:\Users\gjl\AppData\Local\Temp\ccZwflAc.s 			page 7


 243 0042 0B       		.uleb128 0xb
 244 0043 00       		.byte	0
 245 0044 00       		.byte	0
 246 0045 06       		.uleb128 0x6
 247 0046 2E       		.uleb128 0x2e
 248 0047 01       		.byte	0x1
 249 0048 3F       		.uleb128 0x3f
 250 0049 19       		.uleb128 0x19
 251 004a 03       		.uleb128 0x3
 252 004b 0E       		.uleb128 0xe
 253 004c 3A       		.uleb128 0x3a
 254 004d 0B       		.uleb128 0xb
 255 004e 3B       		.uleb128 0x3b
 256 004f 0B       		.uleb128 0xb
 257 0050 27       		.uleb128 0x27
 258 0051 19       		.uleb128 0x19
 259 0052 49       		.uleb128 0x49
 260 0053 13       		.uleb128 0x13
 261 0054 8701     		.uleb128 0x87
 262 0056 19       		.uleb128 0x19
 263 0057 11       		.uleb128 0x11
 264 0058 01       		.uleb128 0x1
 265 0059 12       		.uleb128 0x12
 266 005a 06       		.uleb128 0x6
 267 005b 40       		.uleb128 0x40
 268 005c 18       		.uleb128 0x18
 269 005d 9742     		.uleb128 0x2117
 270 005f 19       		.uleb128 0x19
 271 0060 01       		.uleb128 0x1
 272 0061 13       		.uleb128 0x13
 273 0062 00       		.byte	0
 274 0063 00       		.byte	0
 275 0064 07       		.uleb128 0x7
 276 0065 1D       		.uleb128 0x1d
 277 0066 00       		.byte	0
 278 0067 31       		.uleb128 0x31
 279 0068 13       		.uleb128 0x13
 280 0069 11       		.uleb128 0x11
 281 006a 01       		.uleb128 0x1
 282 006b 12       		.uleb128 0x12
 283 006c 06       		.uleb128 0x6
 284 006d 58       		.uleb128 0x58
 285 006e 0B       		.uleb128 0xb
 286 006f 59       		.uleb128 0x59
 287 0070 0B       		.uleb128 0xb
 288 0071 00       		.byte	0
 289 0072 00       		.byte	0
 290 0073 08       		.uleb128 0x8
 291 0074 34       		.uleb128 0x34
 292 0075 00       		.byte	0
 293 0076 03       		.uleb128 0x3
 294 0077 0E       		.uleb128 0xe
 295 0078 3A       		.uleb128 0x3a
 296 0079 0B       		.uleb128 0xb
 297 007a 3B       		.uleb128 0x3b
 298 007b 05       		.uleb128 0x5
 299 007c 49       		.uleb128 0x49
ARM GAS  C:\Users\gjl\AppData\Local\Temp\ccZwflAc.s 			page 8


 300 007d 13       		.uleb128 0x13
 301 007e 3F       		.uleb128 0x3f
 302 007f 19       		.uleb128 0x19
 303 0080 3C       		.uleb128 0x3c
 304 0081 19       		.uleb128 0x19
 305 0082 00       		.byte	0
 306 0083 00       		.byte	0
 307 0084 09       		.uleb128 0x9
 308 0085 35       		.uleb128 0x35
 309 0086 00       		.byte	0
 310 0087 49       		.uleb128 0x49
 311 0088 13       		.uleb128 0x13
 312 0089 00       		.byte	0
 313 008a 00       		.byte	0
 314 008b 00       		.byte	0
 315              		.section	.debug_aranges,"",%progbits
 316 0000 1C000000 		.4byte	0x1c
 317 0004 0200     		.2byte	0x2
 318 0006 00000000 		.4byte	.Ldebug_info0
 319 000a 04       		.byte	0x4
 320 000b 00       		.byte	0
 321 000c 0000     		.2byte	0
 322 000e 0000     		.2byte	0
 323 0010 00000000 		.4byte	.LFB315
 324 0014 04000000 		.4byte	.LFE315-.LFB315
 325 0018 00000000 		.4byte	0
 326 001c 00000000 		.4byte	0
 327              		.section	.debug_ranges,"",%progbits
 328              	.Ldebug_ranges0:
 329 0000 00000000 		.4byte	.LFB315
 330 0004 04000000 		.4byte	.LFE315
 331 0008 00000000 		.4byte	0
 332 000c 00000000 		.4byte	0
 333              		.section	.debug_line,"",%progbits
 334              	.Ldebug_line0:
 335 0000 7F010000 		.section	.debug_str,"MS",%progbits,1
 335      02006401 
 335      00000201 
 335      FB0E0D00 
 335      01010101 
 336              	.LASF6:
 337 0000 6C6F6E67 		.ascii	"long long int\000"
 337      206C6F6E 
 337      6720696E 
 337      7400
 338              	.LASF20:
 339 000e 5F5F656E 		.ascii	"__enable_irq\000"
 339      61626C65 
 339      5F697271 
 339      00
 340              	.LASF2:
 341 001b 756E7369 		.ascii	"unsigned char\000"
 341      676E6564 
 341      20636861 
 341      7200
 342              	.LASF5:
 343 0029 6C6F6E67 		.ascii	"long unsigned int\000"
ARM GAS  C:\Users\gjl\AppData\Local\Temp\ccZwflAc.s 			page 9


 343      20756E73 
 343      69676E65 
 343      6420696E 
 343      7400
 344              	.LASF17:
 345 003b 474E5520 		.ascii	"GNU C11 5.4.1 20160609 (release) [ARM/embedded-5-br"
 345      43313120 
 345      352E342E 
 345      31203230 
 345      31363036 
 346 006e 616E6368 		.ascii	"anch revision 237715] -mcpu=cortex-m4 -mfloat-abi=s"
 346      20726576 
 346      6973696F 
 346      6E203233 
 346      37373135 
 347 00a1 6F667466 		.ascii	"oftfp -mfpu=fpv4-sp-d16 -mthumb -g -Og -ffunction-s"
 347      70202D6D 
 347      6670753D 
 347      66707634 
 347      2D73702D 
 348 00d4 65637469 		.ascii	"ections -ffat-lto-objects\000"
 348      6F6E7320 
 348      2D666661 
 348      742D6C74 
 348      6F2D6F62 
 349              	.LASF7:
 350 00ee 6C6F6E67 		.ascii	"long long unsigned int\000"
 350      206C6F6E 
 350      6720756E 
 350      7369676E 
 350      65642069 
 351              	.LASF18:
 352 0105 6D61696E 		.ascii	"main_cm4.c\000"
 352      5F636D34 
 352      2E6300
 353              	.LASF14:
 354 0110 666C6F61 		.ascii	"float\000"
 354      7400
 355              	.LASF13:
 356 0116 63686172 		.ascii	"char\000"
 356      00
 357              	.LASF16:
 358 011b 5F426F6F 		.ascii	"_Bool\000"
 358      6C00
 359              	.LASF21:
 360 0121 6D61696E 		.ascii	"main\000"
 360      00
 361              	.LASF22:
 362 0126 49544D5F 		.ascii	"ITM_RxBuffer\000"
 362      52784275 
 362      66666572 
 362      00
 363              	.LASF8:
 364 0133 756E7369 		.ascii	"unsigned int\000"
 364      676E6564 
 364      20696E74 
 364      00
ARM GAS  C:\Users\gjl\AppData\Local\Temp\ccZwflAc.s 			page 10


 365              	.LASF15:
 366 0140 646F7562 		.ascii	"double\000"
 366      6C6500
 367              	.LASF4:
 368 0147 6C6F6E67 		.ascii	"long int\000"
 368      20696E74 
 368      00
 369              	.LASF3:
 370 0150 73686F72 		.ascii	"short unsigned int\000"
 370      7420756E 
 370      7369676E 
 370      65642069 
 370      6E7400
 371              	.LASF1:
 372 0163 7369676E 		.ascii	"signed char\000"
 372      65642063 
 372      68617200 
 373              	.LASF19:
 374 016f 433A5C55 		.ascii	"C:\\Users\\gjl\\Documents\\PSoC Creator\\PSoC 6_101"
 374      73657273 
 374      5C676A6C 
 374      5C446F63 
 374      756D656E 
 375 019d 5C48656C 		.ascii	"\\HelloWorldCM0p.cydsn\000"
 375      6C6F576F 
 375      726C6443 
 375      4D30702E 
 375      63796473 
 376              	.LASF9:
 377 01b3 5F5F696E 		.ascii	"__int32_t\000"
 377      7433325F 
 377      7400
 378              	.LASF12:
 379 01bd 6C6F6E67 		.ascii	"long double\000"
 379      20646F75 
 379      626C6500 
 380              	.LASF0:
 381 01c9 73686F72 		.ascii	"short int\000"
 381      7420696E 
 381      7400
 382              	.LASF10:
 383 01d3 696E7433 		.ascii	"int32_t\000"
 383      325F7400 
 384              	.LASF11:
 385 01db 73697A65 		.ascii	"sizetype\000"
 385      74797065 
 385      00
 386              		.ident	"GCC: (GNU Tools for ARM Embedded Processors) 5.4.1 20160609 (release) [ARM/embedded-5-bran
