ARM GAS  C:\Users\gjl\AppData\Local\Temp\cc5EWzni.s 			page 1


   1              		.syntax unified
   2              		.cpu cortex-m0plus
   3              		.fpu softvfp
   4              		.eabi_attribute 20, 1
   5              		.eabi_attribute 21, 1
   6              		.eabi_attribute 23, 3
   7              		.eabi_attribute 24, 1
   8              		.eabi_attribute 25, 1
   9              		.eabi_attribute 26, 1
  10              		.eabi_attribute 30, 1
  11              		.eabi_attribute 34, 0
  12              		.eabi_attribute 18, 4
  13              		.thumb
  14              		.syntax unified
  15              		.file	"cy_ble_event_handler.c"
  16              		.text
  17              	.Ltext0:
  18              		.cfi_sections	.debug_frame
  19              	.Letext0:
  20              		.section	.debug_info,"",%progbits
  21              	.Ldebug_info0:
  22 0000 8A000000 		.4byte	0x8a
  23 0004 0400     		.2byte	0x4
  24 0006 00000000 		.4byte	.Ldebug_abbrev0
  25 000a 04       		.byte	0x4
  26 000b 01       		.uleb128 0x1
  27 000c 38010000 		.4byte	.LASF15
  28 0010 0C       		.byte	0xc
  29 0011 73000000 		.4byte	.LASF16
  30 0015 D3000000 		.4byte	.LASF17
  31 0019 00000000 		.4byte	.Ldebug_line0
  32 001d 02       		.uleb128 0x2
  33 001e 04       		.byte	0x4
  34 001f 05       		.byte	0x5
  35 0020 696E7400 		.ascii	"int\000"
  36 0024 03       		.uleb128 0x3
  37 0025 04       		.byte	0x4
  38 0026 07       		.byte	0x7
  39 0027 0E000000 		.4byte	.LASF0
  40 002b 03       		.uleb128 0x3
  41 002c 08       		.byte	0x8
  42 002d 05       		.byte	0x5
  43 002e 00000000 		.4byte	.LASF1
  44 0032 03       		.uleb128 0x3
  45 0033 08       		.byte	0x8
  46 0034 04       		.byte	0x4
  47 0035 22010000 		.4byte	.LASF2
  48 0039 03       		.uleb128 0x3
  49 003a 01       		.byte	0x1
  50 003b 06       		.byte	0x6
  51 003c C7000000 		.4byte	.LASF3
  52 0040 03       		.uleb128 0x3
  53 0041 01       		.byte	0x1
  54 0042 08       		.byte	0x8
  55 0043 1B000000 		.4byte	.LASF4
  56 0047 03       		.uleb128 0x3
  57 0048 02       		.byte	0x2
ARM GAS  C:\Users\gjl\AppData\Local\Temp\cc5EWzni.s 			page 2


  58 0049 05       		.byte	0x5
  59 004a 2E010000 		.4byte	.LASF5
  60 004e 03       		.uleb128 0x3
  61 004f 02       		.byte	0x2
  62 0050 07       		.byte	0x7
  63 0051 B4000000 		.4byte	.LASF6
  64 0055 03       		.uleb128 0x3
  65 0056 04       		.byte	0x4
  66 0057 05       		.byte	0x5
  67 0058 63000000 		.4byte	.LASF7
  68 005c 03       		.uleb128 0x3
  69 005d 04       		.byte	0x4
  70 005e 07       		.byte	0x7
  71 005f 29000000 		.4byte	.LASF8
  72 0063 03       		.uleb128 0x3
  73 0064 08       		.byte	0x8
  74 0065 07       		.byte	0x7
  75 0066 3B000000 		.4byte	.LASF9
  76 006a 03       		.uleb128 0x3
  77 006b 04       		.byte	0x4
  78 006c 07       		.byte	0x7
  79 006d CA010000 		.4byte	.LASF10
  80 0071 03       		.uleb128 0x3
  81 0072 01       		.byte	0x1
  82 0073 08       		.byte	0x8
  83 0074 5E000000 		.4byte	.LASF11
  84 0078 03       		.uleb128 0x3
  85 0079 04       		.byte	0x4
  86 007a 04       		.byte	0x4
  87 007b 52000000 		.4byte	.LASF12
  88 007f 03       		.uleb128 0x3
  89 0080 08       		.byte	0x8
  90 0081 04       		.byte	0x4
  91 0082 6C000000 		.4byte	.LASF13
  92 0086 03       		.uleb128 0x3
  93 0087 01       		.byte	0x1
  94 0088 02       		.byte	0x2
  95 0089 58000000 		.4byte	.LASF14
  96 008d 00       		.byte	0
  97              		.section	.debug_abbrev,"",%progbits
  98              	.Ldebug_abbrev0:
  99 0000 01       		.uleb128 0x1
 100 0001 11       		.uleb128 0x11
 101 0002 01       		.byte	0x1
 102 0003 25       		.uleb128 0x25
 103 0004 0E       		.uleb128 0xe
 104 0005 13       		.uleb128 0x13
 105 0006 0B       		.uleb128 0xb
 106 0007 03       		.uleb128 0x3
 107 0008 0E       		.uleb128 0xe
 108 0009 1B       		.uleb128 0x1b
 109 000a 0E       		.uleb128 0xe
 110 000b 10       		.uleb128 0x10
 111 000c 17       		.uleb128 0x17
 112 000d 00       		.byte	0
 113 000e 00       		.byte	0
 114 000f 02       		.uleb128 0x2
ARM GAS  C:\Users\gjl\AppData\Local\Temp\cc5EWzni.s 			page 3


 115 0010 24       		.uleb128 0x24
 116 0011 00       		.byte	0
 117 0012 0B       		.uleb128 0xb
 118 0013 0B       		.uleb128 0xb
 119 0014 3E       		.uleb128 0x3e
 120 0015 0B       		.uleb128 0xb
 121 0016 03       		.uleb128 0x3
 122 0017 08       		.uleb128 0x8
 123 0018 00       		.byte	0
 124 0019 00       		.byte	0
 125 001a 03       		.uleb128 0x3
 126 001b 24       		.uleb128 0x24
 127 001c 00       		.byte	0
 128 001d 0B       		.uleb128 0xb
 129 001e 0B       		.uleb128 0xb
 130 001f 3E       		.uleb128 0x3e
 131 0020 0B       		.uleb128 0xb
 132 0021 03       		.uleb128 0x3
 133 0022 0E       		.uleb128 0xe
 134 0023 00       		.byte	0
 135 0024 00       		.byte	0
 136 0025 00       		.byte	0
 137              		.section	.debug_aranges,"",%progbits
 138 0000 14000000 		.4byte	0x14
 139 0004 0200     		.2byte	0x2
 140 0006 00000000 		.4byte	.Ldebug_info0
 141 000a 04       		.byte	0x4
 142 000b 00       		.byte	0
 143 000c 0000     		.2byte	0
 144 000e 0000     		.2byte	0
 145 0010 00000000 		.4byte	0
 146 0014 00000000 		.4byte	0
 147              		.section	.debug_line,"",%progbits
 148              	.Ldebug_line0:
 149 0000 19000000 		.section	.debug_str,"MS",%progbits,1
 149      02001300 
 149      00000201 
 149      FB0E0D00 
 149      01010101 
 150              	.LASF1:
 151 0000 6C6F6E67 		.ascii	"long long int\000"
 151      206C6F6E 
 151      6720696E 
 151      7400
 152              	.LASF0:
 153 000e 756E7369 		.ascii	"unsigned int\000"
 153      676E6564 
 153      20696E74 
 153      00
 154              	.LASF4:
 155 001b 756E7369 		.ascii	"unsigned char\000"
 155      676E6564 
 155      20636861 
 155      7200
 156              	.LASF8:
 157 0029 6C6F6E67 		.ascii	"long unsigned int\000"
 157      20756E73 
ARM GAS  C:\Users\gjl\AppData\Local\Temp\cc5EWzni.s 			page 4


 157      69676E65 
 157      6420696E 
 157      7400
 158              	.LASF9:
 159 003b 6C6F6E67 		.ascii	"long long unsigned int\000"
 159      206C6F6E 
 159      6720756E 
 159      7369676E 
 159      65642069 
 160              	.LASF12:
 161 0052 666C6F61 		.ascii	"float\000"
 161      7400
 162              	.LASF14:
 163 0058 5F426F6F 		.ascii	"_Bool\000"
 163      6C00
 164              	.LASF11:
 165 005e 63686172 		.ascii	"char\000"
 165      00
 166              	.LASF7:
 167 0063 6C6F6E67 		.ascii	"long int\000"
 167      20696E74 
 167      00
 168              	.LASF13:
 169 006c 646F7562 		.ascii	"double\000"
 169      6C6500
 170              	.LASF16:
 171 0073 47656E65 		.ascii	"Generated_Source\\PSoC6\\pdl\\middleware\\ble\\cy_b"
 171      72617465 
 171      645F536F 
 171      75726365 
 171      5C50536F 
 172 00a1 6C655F65 		.ascii	"le_event_handler.c\000"
 172      76656E74 
 172      5F68616E 
 172      646C6572 
 172      2E6300
 173              	.LASF6:
 174 00b4 73686F72 		.ascii	"short unsigned int\000"
 174      7420756E 
 174      7369676E 
 174      65642069 
 174      6E7400
 175              	.LASF3:
 176 00c7 7369676E 		.ascii	"signed char\000"
 176      65642063 
 176      68617200 
 177              	.LASF17:
 178 00d3 433A5C47 		.ascii	"C:\\Git\\PSoC6-101-Videos\\Projects_ScreenCapture\\"
 178      69745C50 
 178      536F4336 
 178      2D313031 
 178      2D566964 
 179 0102 50536F43 		.ascii	"PSoC 6_101\\MainController.cydsn\000"
 179      20365F31 
 179      30315C4D 
 179      61696E43 
 179      6F6E7472 
ARM GAS  C:\Users\gjl\AppData\Local\Temp\cc5EWzni.s 			page 5


 180              	.LASF2:
 181 0122 6C6F6E67 		.ascii	"long double\000"
 181      20646F75 
 181      626C6500 
 182              	.LASF5:
 183 012e 73686F72 		.ascii	"short int\000"
 183      7420696E 
 183      7400
 184              	.LASF15:
 185 0138 474E5520 		.ascii	"GNU C11 5.4.1 20160609 (release) [ARM/embedded-5-br"
 185      43313120 
 185      352E342E 
 185      31203230 
 185      31363036 
 186 016b 616E6368 		.ascii	"anch revision 237715] -mcpu=cortex-m0plus -mthumb -"
 186      20726576 
 186      6973696F 
 186      6E203233 
 186      37373135 
 187 019e 67202D4F 		.ascii	"g -Og -ffunction-sections -ffat-lto-objects\000"
 187      67202D66 
 187      66756E63 
 187      74696F6E 
 187      2D736563 
 188              	.LASF10:
 189 01ca 73697A65 		.ascii	"sizetype\000"
 189      74797065 
 189      00
 190              		.ident	"GCC: (GNU Tools for ARM Embedded Processors) 5.4.1 20160609 (release) [ARM/embedded-5-bran
