ARM GAS  C:\Users\gjl\AppData\Local\Temp\ccrE2adg.s 			page 1


   1              		.syntax unified
   2              		.cpu cortex-m0plus
   3              		.fpu softvfp
   4              		.eabi_attribute 20, 1
   5              		.eabi_attribute 21, 1
   6              		.eabi_attribute 23, 3
   7              		.eabi_attribute 24, 1
   8              		.eabi_attribute 25, 1
   9              		.eabi_attribute 26, 1
  10              		.eabi_attribute 30, 1
  11              		.eabi_attribute 34, 0
  12              		.eabi_attribute 18, 4
  13              		.thumb
  14              		.syntax unified
  15              		.file	"cy_tcpwm_counter.c"
  16              		.text
  17              	.Ltext0:
  18              		.cfi_sections	.debug_frame
  19              		.section	.text.Cy_TCPWM_Counter_Init,"ax",%progbits
  20              		.align	2
  21              		.global	Cy_TCPWM_Counter_Init
  22              		.code	16
  23              		.thumb_func
  24              		.type	Cy_TCPWM_Counter_Init, %function
  25              	Cy_TCPWM_Counter_Init:
  26              	.LFB62:
  27              		.file 1 "Generated_Source\\PSoC6\\pdl\\drivers\\peripheral\\tcpwm\\cy_tcpwm_counter.c"
   1:Generated_Source\PSoC6\pdl\drivers\peripheral\tcpwm/cy_tcpwm_counter.c **** /***************************************************************************//**
   2:Generated_Source\PSoC6\pdl\drivers\peripheral\tcpwm/cy_tcpwm_counter.c **** * \file cy_tcpwm_counter.c
   3:Generated_Source\PSoC6\pdl\drivers\peripheral\tcpwm/cy_tcpwm_counter.c **** * \version 1.0.1
   4:Generated_Source\PSoC6\pdl\drivers\peripheral\tcpwm/cy_tcpwm_counter.c **** *
   5:Generated_Source\PSoC6\pdl\drivers\peripheral\tcpwm/cy_tcpwm_counter.c **** * \brief
   6:Generated_Source\PSoC6\pdl\drivers\peripheral\tcpwm/cy_tcpwm_counter.c **** *  The source file of the tcpwm driver.
   7:Generated_Source\PSoC6\pdl\drivers\peripheral\tcpwm/cy_tcpwm_counter.c **** *
   8:Generated_Source\PSoC6\pdl\drivers\peripheral\tcpwm/cy_tcpwm_counter.c **** ********************************************************************************
   9:Generated_Source\PSoC6\pdl\drivers\peripheral\tcpwm/cy_tcpwm_counter.c **** * \copyright
  10:Generated_Source\PSoC6\pdl\drivers\peripheral\tcpwm/cy_tcpwm_counter.c **** * Copyright 2016-2018, Cypress Semiconductor Corporation.  All rights reserved.
  11:Generated_Source\PSoC6\pdl\drivers\peripheral\tcpwm/cy_tcpwm_counter.c **** * You may use this file only in accordance with the license, terms, conditions,
  12:Generated_Source\PSoC6\pdl\drivers\peripheral\tcpwm/cy_tcpwm_counter.c **** * disclaimers, and limitations in the end user license agreement accompanying
  13:Generated_Source\PSoC6\pdl\drivers\peripheral\tcpwm/cy_tcpwm_counter.c **** * the software package with which this file was provided.
  14:Generated_Source\PSoC6\pdl\drivers\peripheral\tcpwm/cy_tcpwm_counter.c **** *******************************************************************************/
  15:Generated_Source\PSoC6\pdl\drivers\peripheral\tcpwm/cy_tcpwm_counter.c **** 
  16:Generated_Source\PSoC6\pdl\drivers\peripheral\tcpwm/cy_tcpwm_counter.c **** #include "cy_tcpwm_counter.h"
  17:Generated_Source\PSoC6\pdl\drivers\peripheral\tcpwm/cy_tcpwm_counter.c **** 
  18:Generated_Source\PSoC6\pdl\drivers\peripheral\tcpwm/cy_tcpwm_counter.c **** #if defined(__cplusplus)
  19:Generated_Source\PSoC6\pdl\drivers\peripheral\tcpwm/cy_tcpwm_counter.c **** extern "C" {
  20:Generated_Source\PSoC6\pdl\drivers\peripheral\tcpwm/cy_tcpwm_counter.c **** #endif
  21:Generated_Source\PSoC6\pdl\drivers\peripheral\tcpwm/cy_tcpwm_counter.c **** 
  22:Generated_Source\PSoC6\pdl\drivers\peripheral\tcpwm/cy_tcpwm_counter.c **** 
  23:Generated_Source\PSoC6\pdl\drivers\peripheral\tcpwm/cy_tcpwm_counter.c **** /*******************************************************************************
  24:Generated_Source\PSoC6\pdl\drivers\peripheral\tcpwm/cy_tcpwm_counter.c **** * Function Name: Cy_TCPWM_Counter_Init
  25:Generated_Source\PSoC6\pdl\drivers\peripheral\tcpwm/cy_tcpwm_counter.c **** ****************************************************************************//**
  26:Generated_Source\PSoC6\pdl\drivers\peripheral\tcpwm/cy_tcpwm_counter.c **** *
  27:Generated_Source\PSoC6\pdl\drivers\peripheral\tcpwm/cy_tcpwm_counter.c **** * Initializes the counter in the TCPWM block for the Counter operation.
  28:Generated_Source\PSoC6\pdl\drivers\peripheral\tcpwm/cy_tcpwm_counter.c **** *
  29:Generated_Source\PSoC6\pdl\drivers\peripheral\tcpwm/cy_tcpwm_counter.c **** * \param base
  30:Generated_Source\PSoC6\pdl\drivers\peripheral\tcpwm/cy_tcpwm_counter.c **** * The pointer to a TCPWM instance.
ARM GAS  C:\Users\gjl\AppData\Local\Temp\ccrE2adg.s 			page 2


  31:Generated_Source\PSoC6\pdl\drivers\peripheral\tcpwm/cy_tcpwm_counter.c **** *
  32:Generated_Source\PSoC6\pdl\drivers\peripheral\tcpwm/cy_tcpwm_counter.c **** * \param cntNum
  33:Generated_Source\PSoC6\pdl\drivers\peripheral\tcpwm/cy_tcpwm_counter.c **** * The Counter instance number in the selected TCPWM.
  34:Generated_Source\PSoC6\pdl\drivers\peripheral\tcpwm/cy_tcpwm_counter.c **** *
  35:Generated_Source\PSoC6\pdl\drivers\peripheral\tcpwm/cy_tcpwm_counter.c **** * \param config
  36:Generated_Source\PSoC6\pdl\drivers\peripheral\tcpwm/cy_tcpwm_counter.c **** * The pointer to configuration structure. See \ref cy_stc_tcpwm_counter_config_t.
  37:Generated_Source\PSoC6\pdl\drivers\peripheral\tcpwm/cy_tcpwm_counter.c **** *
  38:Generated_Source\PSoC6\pdl\drivers\peripheral\tcpwm/cy_tcpwm_counter.c **** * \return error / status code. See \ref cy_en_tcpwm_status_t.
  39:Generated_Source\PSoC6\pdl\drivers\peripheral\tcpwm/cy_tcpwm_counter.c **** *
  40:Generated_Source\PSoC6\pdl\drivers\peripheral\tcpwm/cy_tcpwm_counter.c **** * \funcusage
  41:Generated_Source\PSoC6\pdl\drivers\peripheral\tcpwm/cy_tcpwm_counter.c **** * \snippet tcpwm/tcpwm_v1_0_counter_sut_01.cydsn/main_cm4.c snippet_Cy_TCPWM_Counter_Config
  42:Generated_Source\PSoC6\pdl\drivers\peripheral\tcpwm/cy_tcpwm_counter.c **** * \snippet tcpwm/tcpwm_v1_0_counter_sut_01.cydsn/main_cm4.c snippet_Cy_TCPWM_Counter_Init
  43:Generated_Source\PSoC6\pdl\drivers\peripheral\tcpwm/cy_tcpwm_counter.c **** *
  44:Generated_Source\PSoC6\pdl\drivers\peripheral\tcpwm/cy_tcpwm_counter.c **** *******************************************************************************/
  45:Generated_Source\PSoC6\pdl\drivers\peripheral\tcpwm/cy_tcpwm_counter.c **** cy_en_tcpwm_status_t Cy_TCPWM_Counter_Init(TCPWM_Type *base, uint32_t cntNum, 
  46:Generated_Source\PSoC6\pdl\drivers\peripheral\tcpwm/cy_tcpwm_counter.c ****                                            cy_stc_tcpwm_counter_config_t const *config)
  47:Generated_Source\PSoC6\pdl\drivers\peripheral\tcpwm/cy_tcpwm_counter.c **** {
  28              		.loc 1 47 0
  29              		.cfi_startproc
  30              		@ args = 0, pretend = 0, frame = 0
  31              		@ frame_needed = 0, uses_anonymous_args = 0
  32              	.LVL0:
  33 0000 70B5     		push	{r4, r5, r6, lr}
  34              		.cfi_def_cfa_offset 16
  35              		.cfi_offset 4, -16
  36              		.cfi_offset 5, -12
  37              		.cfi_offset 6, -8
  38              		.cfi_offset 14, -4
  39              	.LVL1:
  48:Generated_Source\PSoC6\pdl\drivers\peripheral\tcpwm/cy_tcpwm_counter.c ****     cy_en_tcpwm_status_t status = CY_TCPWM_BAD_PARAM;
  49:Generated_Source\PSoC6\pdl\drivers\peripheral\tcpwm/cy_tcpwm_counter.c **** 
  50:Generated_Source\PSoC6\pdl\drivers\peripheral\tcpwm/cy_tcpwm_counter.c ****     if ((NULL != base) && (NULL != config))
  40              		.loc 1 50 0
  41 0002 0028     		cmp	r0, #0
  42 0004 00D1     		bne	.LCB15
  43 0006 93E0     		b	.L9	@long jump
  44              	.LCB15:
  45              		.loc 1 50 0 is_stmt 0 discriminator 1
  46 0008 002A     		cmp	r2, #0
  47 000a 00D1     		bne	.LCB17
  48 000c 92E0     		b	.L10	@long jump
  49              	.LCB17:
  51:Generated_Source\PSoC6\pdl\drivers\peripheral\tcpwm/cy_tcpwm_counter.c ****     {
  52:Generated_Source\PSoC6\pdl\drivers\peripheral\tcpwm/cy_tcpwm_counter.c ****         base->CNT[cntNum].CTRL = (_VAL2FLD(TCPWM_CNT_CTRL_GENERIC, config->clockPrescaler) |
  50              		.loc 1 52 0 is_stmt 1
  51 000e 5368     		ldr	r3, [r2, #4]
  52 0010 1B06     		lsls	r3, r3, #24
  53 0012 1D0C     		lsrs	r5, r3, #16
  53:Generated_Source\PSoC6\pdl\drivers\peripheral\tcpwm/cy_tcpwm_counter.c ****                                   _VAL2FLD(TCPWM_CNT_CTRL_ONE_SHOT, config->runMode) |
  54              		.loc 1 53 0
  55 0014 9368     		ldr	r3, [r2, #8]
  56 0016 9B04     		lsls	r3, r3, #18
  57 0018 8024     		movs	r4, #128
  58 001a E402     		lsls	r4, r4, #11
  59 001c 2340     		ands	r3, r4
  52:Generated_Source\PSoC6\pdl\drivers\peripheral\tcpwm/cy_tcpwm_counter.c ****                                   _VAL2FLD(TCPWM_CNT_CTRL_ONE_SHOT, config->runMode) |
  60              		.loc 1 52 0
ARM GAS  C:\Users\gjl\AppData\Local\Temp\ccrE2adg.s 			page 3


  61 001e 2B43     		orrs	r3, r5
  54:Generated_Source\PSoC6\pdl\drivers\peripheral\tcpwm/cy_tcpwm_counter.c ****                                   _VAL2FLD(TCPWM_CNT_CTRL_UP_DOWN_MODE, config->countDirection) |
  62              		.loc 1 54 0
  63 0020 D468     		ldr	r4, [r2, #12]
  64 0022 2504     		lsls	r5, r4, #16
  65 0024 C024     		movs	r4, #192
  66 0026 A402     		lsls	r4, r4, #10
  67 0028 2C40     		ands	r4, r5
  53:Generated_Source\PSoC6\pdl\drivers\peripheral\tcpwm/cy_tcpwm_counter.c ****                                   _VAL2FLD(TCPWM_CNT_CTRL_ONE_SHOT, config->runMode) |
  68              		.loc 1 53 0
  69 002a 2343     		orrs	r3, r4
  55:Generated_Source\PSoC6\pdl\drivers\peripheral\tcpwm/cy_tcpwm_counter.c ****                                   _VAL2FLD(TCPWM_CNT_CTRL_MODE, config->compareOrCapture) |
  70              		.loc 1 55 0
  71 002c 1469     		ldr	r4, [r2, #16]
  72 002e 2506     		lsls	r5, r4, #24
  73 0030 E024     		movs	r4, #224
  74 0032 E404     		lsls	r4, r4, #19
  75 0034 2C40     		ands	r4, r5
  54:Generated_Source\PSoC6\pdl\drivers\peripheral\tcpwm/cy_tcpwm_counter.c ****                                   _VAL2FLD(TCPWM_CNT_CTRL_UP_DOWN_MODE, config->countDirection) |
  76              		.loc 1 54 0
  77 0036 2343     		orrs	r3, r4
  56:Generated_Source\PSoC6\pdl\drivers\peripheral\tcpwm/cy_tcpwm_counter.c ****                                   (config->enableCompareSwap ? TCPWM_CNT_CTRL_AUTO_RELOAD_CC_Msk : 
  78              		.loc 1 56 0
  79 0038 147F     		ldrb	r4, [r2, #28]
  80 003a 002C     		cmp	r4, #0
  81 003c 01D0     		beq	.L11
  82 003e 0124     		movs	r4, #1
  83 0040 00E0     		b	.L3
  84              	.L11:
  85 0042 0024     		movs	r4, #0
  86              	.L3:
  55:Generated_Source\PSoC6\pdl\drivers\peripheral\tcpwm/cy_tcpwm_counter.c ****                                   _VAL2FLD(TCPWM_CNT_CTRL_MODE, config->compareOrCapture) |
  87              		.loc 1 55 0
  88 0044 2343     		orrs	r3, r4
  52:Generated_Source\PSoC6\pdl\drivers\peripheral\tcpwm/cy_tcpwm_counter.c ****                                   _VAL2FLD(TCPWM_CNT_CTRL_ONE_SHOT, config->runMode) |
  89              		.loc 1 52 0
  90 0046 0C1D     		adds	r4, r1, #4
  91 0048 A401     		lsls	r4, r4, #6
  92 004a 2350     		str	r3, [r4, r0]
  57:Generated_Source\PSoC6\pdl\drivers\peripheral\tcpwm/cy_tcpwm_counter.c **** 
  58:Generated_Source\PSoC6\pdl\drivers\peripheral\tcpwm/cy_tcpwm_counter.c ****         if (CY_TCPWM_COUNTER_COUNT_UP == config->countDirection)
  93              		.loc 1 58 0
  94 004c D368     		ldr	r3, [r2, #12]
  95 004e 002B     		cmp	r3, #0
  96 0050 06D1     		bne	.L4
  59:Generated_Source\PSoC6\pdl\drivers\peripheral\tcpwm/cy_tcpwm_counter.c ****         {
  60:Generated_Source\PSoC6\pdl\drivers\peripheral\tcpwm/cy_tcpwm_counter.c ****             base->CNT[cntNum].COUNTER = CY_TCPWM_CNT_UP_INIT_VAL;
  97              		.loc 1 60 0
  98 0052 8B01     		lsls	r3, r1, #6
  99 0054 C318     		adds	r3, r0, r3
 100 0056 0933     		adds	r3, r3, #9
 101 0058 FF33     		adds	r3, r3, #255
 102 005a 0024     		movs	r4, #0
 103 005c 1C60     		str	r4, [r3]
 104 005e 0EE0     		b	.L5
 105              	.L4:
  61:Generated_Source\PSoC6\pdl\drivers\peripheral\tcpwm/cy_tcpwm_counter.c ****         }
ARM GAS  C:\Users\gjl\AppData\Local\Temp\ccrE2adg.s 			page 4


  62:Generated_Source\PSoC6\pdl\drivers\peripheral\tcpwm/cy_tcpwm_counter.c ****         else if (CY_TCPWM_COUNTER_COUNT_DOWN == config->countDirection)
 106              		.loc 1 62 0
 107 0060 012B     		cmp	r3, #1
 108 0062 06D1     		bne	.L6
  63:Generated_Source\PSoC6\pdl\drivers\peripheral\tcpwm/cy_tcpwm_counter.c ****         {
  64:Generated_Source\PSoC6\pdl\drivers\peripheral\tcpwm/cy_tcpwm_counter.c ****             base->CNT[cntNum].COUNTER = config->period;
 109              		.loc 1 64 0
 110 0064 8B01     		lsls	r3, r1, #6
 111 0066 C318     		adds	r3, r0, r3
 112 0068 0933     		adds	r3, r3, #9
 113 006a FF33     		adds	r3, r3, #255
 114 006c 1468     		ldr	r4, [r2]
 115 006e 1C60     		str	r4, [r3]
 116 0070 05E0     		b	.L5
 117              	.L6:
  65:Generated_Source\PSoC6\pdl\drivers\peripheral\tcpwm/cy_tcpwm_counter.c ****         }
  66:Generated_Source\PSoC6\pdl\drivers\peripheral\tcpwm/cy_tcpwm_counter.c ****         else
  67:Generated_Source\PSoC6\pdl\drivers\peripheral\tcpwm/cy_tcpwm_counter.c ****         {
  68:Generated_Source\PSoC6\pdl\drivers\peripheral\tcpwm/cy_tcpwm_counter.c ****             base->CNT[cntNum].COUNTER = CY_TCPWM_CNT_UP_DOWN_INIT_VAL;
 118              		.loc 1 68 0
 119 0072 8B01     		lsls	r3, r1, #6
 120 0074 C318     		adds	r3, r0, r3
 121 0076 0933     		adds	r3, r3, #9
 122 0078 FF33     		adds	r3, r3, #255
 123 007a 0124     		movs	r4, #1
 124 007c 1C60     		str	r4, [r3]
 125              	.L5:
  69:Generated_Source\PSoC6\pdl\drivers\peripheral\tcpwm/cy_tcpwm_counter.c ****         }
  70:Generated_Source\PSoC6\pdl\drivers\peripheral\tcpwm/cy_tcpwm_counter.c **** 
  71:Generated_Source\PSoC6\pdl\drivers\peripheral\tcpwm/cy_tcpwm_counter.c ****         if (CY_TCPWM_COUNTER_MODE_COMPARE == config->compareOrCapture)
 126              		.loc 1 71 0
 127 007e 1369     		ldr	r3, [r2, #16]
 128 0080 002B     		cmp	r3, #0
 129 0082 0AD1     		bne	.L7
  72:Generated_Source\PSoC6\pdl\drivers\peripheral\tcpwm/cy_tcpwm_counter.c ****         {
  73:Generated_Source\PSoC6\pdl\drivers\peripheral\tcpwm/cy_tcpwm_counter.c ****             base->CNT[cntNum].CC = config->compare0;
 130              		.loc 1 73 0
 131 0084 8B01     		lsls	r3, r1, #6
 132 0086 C318     		adds	r3, r0, r3
 133 0088 1C00     		movs	r4, r3
 134 008a 0D34     		adds	r4, r4, #13
 135 008c FF34     		adds	r4, r4, #255
 136 008e 5569     		ldr	r5, [r2, #20]
 137 0090 2560     		str	r5, [r4]
  74:Generated_Source\PSoC6\pdl\drivers\peripheral\tcpwm/cy_tcpwm_counter.c ****             base->CNT[cntNum].CC_BUFF = config->compare1;
 138              		.loc 1 74 0
 139 0092 1133     		adds	r3, r3, #17
 140 0094 FF33     		adds	r3, r3, #255
 141 0096 9469     		ldr	r4, [r2, #24]
 142 0098 1C60     		str	r4, [r3]
 143              	.L7:
  75:Generated_Source\PSoC6\pdl\drivers\peripheral\tcpwm/cy_tcpwm_counter.c ****         }
  76:Generated_Source\PSoC6\pdl\drivers\peripheral\tcpwm/cy_tcpwm_counter.c **** 
  77:Generated_Source\PSoC6\pdl\drivers\peripheral\tcpwm/cy_tcpwm_counter.c ****         base->CNT[cntNum].PERIOD = config->period;
 144              		.loc 1 77 0
 145 009a 8B01     		lsls	r3, r1, #6
 146 009c C318     		adds	r3, r0, r3
ARM GAS  C:\Users\gjl\AppData\Local\Temp\ccrE2adg.s 			page 5


 147 009e 1533     		adds	r3, r3, #21
 148 00a0 FF33     		adds	r3, r3, #255
 149 00a2 1468     		ldr	r4, [r2]
 150 00a4 1C60     		str	r4, [r3]
  78:Generated_Source\PSoC6\pdl\drivers\peripheral\tcpwm/cy_tcpwm_counter.c **** 
  79:Generated_Source\PSoC6\pdl\drivers\peripheral\tcpwm/cy_tcpwm_counter.c ****         if (CY_TCPWM_INPUT_CREATOR != config->countInput)
 151              		.loc 1 79 0
 152 00a6 936C     		ldr	r3, [r2, #72]
 153 00a8 5C1C     		adds	r4, r3, #1
 154 00aa 1BD0     		beq	.L8
  80:Generated_Source\PSoC6\pdl\drivers\peripheral\tcpwm/cy_tcpwm_counter.c ****         {
  81:Generated_Source\PSoC6\pdl\drivers\peripheral\tcpwm/cy_tcpwm_counter.c ****             base->CNT[cntNum].TR_CTRL0 = (_VAL2FLD(TCPWM_CNT_TR_CTRL0_CAPTURE_SEL, config->captureI
 155              		.loc 1 81 0
 156 00ac 0F25     		movs	r5, #15
 157 00ae 966A     		ldr	r6, [r2, #40]
 158 00b0 2E40     		ands	r6, r5
  82:Generated_Source\PSoC6\pdl\drivers\peripheral\tcpwm/cy_tcpwm_counter.c ****                                           _VAL2FLD(TCPWM_CNT_TR_CTRL0_RELOAD_SEL, config->reloadInp
 159              		.loc 1 82 0
 160 00b2 146B     		ldr	r4, [r2, #48]
 161 00b4 2502     		lsls	r5, r4, #8
 162 00b6 F024     		movs	r4, #240
 163 00b8 2401     		lsls	r4, r4, #4
 164 00ba 2540     		ands	r5, r4
  81:Generated_Source\PSoC6\pdl\drivers\peripheral\tcpwm/cy_tcpwm_counter.c ****                                           _VAL2FLD(TCPWM_CNT_TR_CTRL0_RELOAD_SEL, config->reloadInp
 165              		.loc 1 81 0
 166 00bc 3543     		orrs	r5, r6
  83:Generated_Source\PSoC6\pdl\drivers\peripheral\tcpwm/cy_tcpwm_counter.c ****                                           _VAL2FLD(TCPWM_CNT_TR_CTRL0_START_SEL, config->startInput
 167              		.loc 1 83 0
 168 00be 946B     		ldr	r4, [r2, #56]
 169 00c0 2604     		lsls	r6, r4, #16
 170 00c2 F024     		movs	r4, #240
 171 00c4 2403     		lsls	r4, r4, #12
 172 00c6 3440     		ands	r4, r6
  82:Generated_Source\PSoC6\pdl\drivers\peripheral\tcpwm/cy_tcpwm_counter.c ****                                           _VAL2FLD(TCPWM_CNT_TR_CTRL0_RELOAD_SEL, config->reloadInp
 173              		.loc 1 82 0
 174 00c8 2543     		orrs	r5, r4
  84:Generated_Source\PSoC6\pdl\drivers\peripheral\tcpwm/cy_tcpwm_counter.c ****                                           _VAL2FLD(TCPWM_CNT_TR_CTRL0_STOP_SEL, config->stopInput) 
 175              		.loc 1 84 0
 176 00ca 146C     		ldr	r4, [r2, #64]
 177 00cc 2407     		lsls	r4, r4, #28
 178 00ce 240C     		lsrs	r4, r4, #16
  83:Generated_Source\PSoC6\pdl\drivers\peripheral\tcpwm/cy_tcpwm_counter.c ****                                           _VAL2FLD(TCPWM_CNT_TR_CTRL0_START_SEL, config->startInput
 179              		.loc 1 83 0
 180 00d0 2543     		orrs	r5, r4
  85:Generated_Source\PSoC6\pdl\drivers\peripheral\tcpwm/cy_tcpwm_counter.c ****                                           _VAL2FLD(TCPWM_CNT_TR_CTRL0_COUNT_SEL, config->countInput
 181              		.loc 1 85 0
 182 00d2 1C01     		lsls	r4, r3, #4
 183 00d4 FF23     		movs	r3, #255
 184 00d6 2340     		ands	r3, r4
  84:Generated_Source\PSoC6\pdl\drivers\peripheral\tcpwm/cy_tcpwm_counter.c ****                                           _VAL2FLD(TCPWM_CNT_TR_CTRL0_STOP_SEL, config->stopInput) 
 185              		.loc 1 84 0
 186 00d8 2B43     		orrs	r3, r5
  81:Generated_Source\PSoC6\pdl\drivers\peripheral\tcpwm/cy_tcpwm_counter.c ****                                           _VAL2FLD(TCPWM_CNT_TR_CTRL0_RELOAD_SEL, config->reloadInp
 187              		.loc 1 81 0
 188 00da 8C01     		lsls	r4, r1, #6
 189 00dc 0419     		adds	r4, r0, r4
 190 00de 2134     		adds	r4, r4, #33
ARM GAS  C:\Users\gjl\AppData\Local\Temp\ccrE2adg.s 			page 6


 191 00e0 FF34     		adds	r4, r4, #255
 192 00e2 2360     		str	r3, [r4]
 193              	.L8:
  86:Generated_Source\PSoC6\pdl\drivers\peripheral\tcpwm/cy_tcpwm_counter.c ****         }
  87:Generated_Source\PSoC6\pdl\drivers\peripheral\tcpwm/cy_tcpwm_counter.c **** 
  88:Generated_Source\PSoC6\pdl\drivers\peripheral\tcpwm/cy_tcpwm_counter.c ****         base->CNT[cntNum].TR_CTRL1 = (_VAL2FLD(TCPWM_CNT_TR_CTRL1_CAPTURE_EDGE, config->captureInpu
 194              		.loc 1 88 0
 195 00e4 0324     		movs	r4, #3
 196 00e6 556A     		ldr	r5, [r2, #36]
 197 00e8 2540     		ands	r5, r4
  89:Generated_Source\PSoC6\pdl\drivers\peripheral\tcpwm/cy_tcpwm_counter.c ****                                       _VAL2FLD(TCPWM_CNT_TR_CTRL1_RELOAD_EDGE, config->reloadInputM
 198              		.loc 1 89 0
 199 00ea D36A     		ldr	r3, [r2, #44]
 200 00ec 1E01     		lsls	r6, r3, #4
 201 00ee 2D34     		adds	r4, r4, #45
 202 00f0 3440     		ands	r4, r6
  88:Generated_Source\PSoC6\pdl\drivers\peripheral\tcpwm/cy_tcpwm_counter.c ****                                       _VAL2FLD(TCPWM_CNT_TR_CTRL1_RELOAD_EDGE, config->reloadInputM
 203              		.loc 1 88 0
 204 00f2 2C43     		orrs	r4, r5
  90:Generated_Source\PSoC6\pdl\drivers\peripheral\tcpwm/cy_tcpwm_counter.c ****                                       _VAL2FLD(TCPWM_CNT_TR_CTRL1_START_EDGE, config->startInputMod
 205              		.loc 1 90 0
 206 00f4 536B     		ldr	r3, [r2, #52]
 207 00f6 1D02     		lsls	r5, r3, #8
 208 00f8 C023     		movs	r3, #192
 209 00fa 9B00     		lsls	r3, r3, #2
 210 00fc 2B40     		ands	r3, r5
  89:Generated_Source\PSoC6\pdl\drivers\peripheral\tcpwm/cy_tcpwm_counter.c ****                                       _VAL2FLD(TCPWM_CNT_TR_CTRL1_RELOAD_EDGE, config->reloadInputM
 211              		.loc 1 89 0
 212 00fe 2343     		orrs	r3, r4
  91:Generated_Source\PSoC6\pdl\drivers\peripheral\tcpwm/cy_tcpwm_counter.c ****                                       _VAL2FLD(TCPWM_CNT_TR_CTRL1_STOP_EDGE, config->stopInputMode)
 213              		.loc 1 91 0
 214 0100 D46B     		ldr	r4, [r2, #60]
 215 0102 A401     		lsls	r4, r4, #6
 216 0104 FF25     		movs	r5, #255
 217 0106 2C40     		ands	r4, r5
  90:Generated_Source\PSoC6\pdl\drivers\peripheral\tcpwm/cy_tcpwm_counter.c ****                                       _VAL2FLD(TCPWM_CNT_TR_CTRL1_START_EDGE, config->startInputMod
 218              		.loc 1 90 0
 219 0108 2343     		orrs	r3, r4
 220 010a 1D00     		movs	r5, r3
  92:Generated_Source\PSoC6\pdl\drivers\peripheral\tcpwm/cy_tcpwm_counter.c ****                                       _VAL2FLD(TCPWM_CNT_TR_CTRL1_COUNT_EDGE, config->countInputMod
 221              		.loc 1 92 0
 222 010c 536C     		ldr	r3, [r2, #68]
 223 010e 9C00     		lsls	r4, r3, #2
 224 0110 0C23     		movs	r3, #12
 225 0112 1C40     		ands	r4, r3
  91:Generated_Source\PSoC6\pdl\drivers\peripheral\tcpwm/cy_tcpwm_counter.c ****                                       _VAL2FLD(TCPWM_CNT_TR_CTRL1_STOP_EDGE, config->stopInputMode)
 226              		.loc 1 91 0
 227 0114 2B00     		movs	r3, r5
 228 0116 2343     		orrs	r3, r4
  88:Generated_Source\PSoC6\pdl\drivers\peripheral\tcpwm/cy_tcpwm_counter.c ****                                       _VAL2FLD(TCPWM_CNT_TR_CTRL1_RELOAD_EDGE, config->reloadInputM
 229              		.loc 1 88 0
 230 0118 8901     		lsls	r1, r1, #6
 231              	.LVL2:
 232 011a 4118     		adds	r1, r0, r1
 233 011c 0800     		movs	r0, r1
 234              	.LVL3:
 235 011e 2530     		adds	r0, r0, #37
ARM GAS  C:\Users\gjl\AppData\Local\Temp\ccrE2adg.s 			page 7


 236 0120 FF30     		adds	r0, r0, #255
 237 0122 0360     		str	r3, [r0]
  93:Generated_Source\PSoC6\pdl\drivers\peripheral\tcpwm/cy_tcpwm_counter.c **** 
  94:Generated_Source\PSoC6\pdl\drivers\peripheral\tcpwm/cy_tcpwm_counter.c ****         base->CNT[cntNum].INTR_MASK = config->interruptSources;
 238              		.loc 1 94 0
 239 0124 136A     		ldr	r3, [r2, #32]
 240 0126 3931     		adds	r1, r1, #57
 241 0128 FF31     		adds	r1, r1, #255
 242 012a 0B60     		str	r3, [r1]
 243              	.LVL4:
  95:Generated_Source\PSoC6\pdl\drivers\peripheral\tcpwm/cy_tcpwm_counter.c **** 
  96:Generated_Source\PSoC6\pdl\drivers\peripheral\tcpwm/cy_tcpwm_counter.c ****         status = CY_TCPWM_SUCCESS;
 244              		.loc 1 96 0
 245 012c 0020     		movs	r0, #0
 246 012e 02E0     		b	.L2
 247              	.LVL5:
 248              	.L9:
  48:Generated_Source\PSoC6\pdl\drivers\peripheral\tcpwm/cy_tcpwm_counter.c **** 
 249              		.loc 1 48 0
 250 0130 0148     		ldr	r0, .L12
 251              	.LVL6:
 252 0132 00E0     		b	.L2
 253              	.LVL7:
 254              	.L10:
 255 0134 0048     		ldr	r0, .L12
 256              	.LVL8:
 257              	.L2:
  97:Generated_Source\PSoC6\pdl\drivers\peripheral\tcpwm/cy_tcpwm_counter.c ****     }
  98:Generated_Source\PSoC6\pdl\drivers\peripheral\tcpwm/cy_tcpwm_counter.c **** 
  99:Generated_Source\PSoC6\pdl\drivers\peripheral\tcpwm/cy_tcpwm_counter.c ****     return(status);
 100:Generated_Source\PSoC6\pdl\drivers\peripheral\tcpwm/cy_tcpwm_counter.c **** }
 258              		.loc 1 100 0
 259              		@ sp needed
 260 0136 70BD     		pop	{r4, r5, r6, pc}
 261              	.L13:
 262              		.align	2
 263              	.L12:
 264 0138 0100B600 		.word	11927553
 265              		.cfi_endproc
 266              	.LFE62:
 267              		.size	Cy_TCPWM_Counter_Init, .-Cy_TCPWM_Counter_Init
 268              		.section	.text.Cy_TCPWM_Counter_DeInit,"ax",%progbits
 269              		.align	2
 270              		.global	Cy_TCPWM_Counter_DeInit
 271              		.code	16
 272              		.thumb_func
 273              		.type	Cy_TCPWM_Counter_DeInit, %function
 274              	Cy_TCPWM_Counter_DeInit:
 275              	.LFB63:
 101:Generated_Source\PSoC6\pdl\drivers\peripheral\tcpwm/cy_tcpwm_counter.c **** 
 102:Generated_Source\PSoC6\pdl\drivers\peripheral\tcpwm/cy_tcpwm_counter.c **** 
 103:Generated_Source\PSoC6\pdl\drivers\peripheral\tcpwm/cy_tcpwm_counter.c **** /*******************************************************************************
 104:Generated_Source\PSoC6\pdl\drivers\peripheral\tcpwm/cy_tcpwm_counter.c **** * Function Name: Cy_TCPWM_Counter_DeInit
 105:Generated_Source\PSoC6\pdl\drivers\peripheral\tcpwm/cy_tcpwm_counter.c **** ****************************************************************************//**
 106:Generated_Source\PSoC6\pdl\drivers\peripheral\tcpwm/cy_tcpwm_counter.c **** *
 107:Generated_Source\PSoC6\pdl\drivers\peripheral\tcpwm/cy_tcpwm_counter.c **** * De-initializes the counter in the TCPWM block, returns register values to 
 108:Generated_Source\PSoC6\pdl\drivers\peripheral\tcpwm/cy_tcpwm_counter.c **** * default.
ARM GAS  C:\Users\gjl\AppData\Local\Temp\ccrE2adg.s 			page 8


 109:Generated_Source\PSoC6\pdl\drivers\peripheral\tcpwm/cy_tcpwm_counter.c **** *
 110:Generated_Source\PSoC6\pdl\drivers\peripheral\tcpwm/cy_tcpwm_counter.c **** * \param base
 111:Generated_Source\PSoC6\pdl\drivers\peripheral\tcpwm/cy_tcpwm_counter.c **** * The pointer to a TCPWM instance.
 112:Generated_Source\PSoC6\pdl\drivers\peripheral\tcpwm/cy_tcpwm_counter.c **** *
 113:Generated_Source\PSoC6\pdl\drivers\peripheral\tcpwm/cy_tcpwm_counter.c **** * \param cntNum
 114:Generated_Source\PSoC6\pdl\drivers\peripheral\tcpwm/cy_tcpwm_counter.c **** * The Counter instance number in the selected TCPWM.
 115:Generated_Source\PSoC6\pdl\drivers\peripheral\tcpwm/cy_tcpwm_counter.c **** *
 116:Generated_Source\PSoC6\pdl\drivers\peripheral\tcpwm/cy_tcpwm_counter.c **** * \param config
 117:Generated_Source\PSoC6\pdl\drivers\peripheral\tcpwm/cy_tcpwm_counter.c **** * The pointer to configuration structure. See \ref cy_stc_tcpwm_counter_config_t.
 118:Generated_Source\PSoC6\pdl\drivers\peripheral\tcpwm/cy_tcpwm_counter.c **** *
 119:Generated_Source\PSoC6\pdl\drivers\peripheral\tcpwm/cy_tcpwm_counter.c **** * \funcusage
 120:Generated_Source\PSoC6\pdl\drivers\peripheral\tcpwm/cy_tcpwm_counter.c **** * \snippet tcpwm/tcpwm_v1_0_counter_sut_01.cydsn/main_cm4.c snippet_Cy_TCPWM_Counter_DeInit
 121:Generated_Source\PSoC6\pdl\drivers\peripheral\tcpwm/cy_tcpwm_counter.c **** *
 122:Generated_Source\PSoC6\pdl\drivers\peripheral\tcpwm/cy_tcpwm_counter.c **** *******************************************************************************/
 123:Generated_Source\PSoC6\pdl\drivers\peripheral\tcpwm/cy_tcpwm_counter.c **** void Cy_TCPWM_Counter_DeInit(TCPWM_Type *base, uint32_t cntNum, cy_stc_tcpwm_counter_config_t const
 124:Generated_Source\PSoC6\pdl\drivers\peripheral\tcpwm/cy_tcpwm_counter.c **** {
 276              		.loc 1 124 0
 277              		.cfi_startproc
 278              		@ args = 0, pretend = 0, frame = 0
 279              		@ frame_needed = 0, uses_anonymous_args = 0
 280              	.LVL9:
 281 0000 70B5     		push	{r4, r5, r6, lr}
 282              		.cfi_def_cfa_offset 16
 283              		.cfi_offset 4, -16
 284              		.cfi_offset 5, -12
 285              		.cfi_offset 6, -8
 286              		.cfi_offset 14, -4
 125:Generated_Source\PSoC6\pdl\drivers\peripheral\tcpwm/cy_tcpwm_counter.c ****     base->CNT[cntNum].CTRL = CY_TCPWM_CNT_CTRL_DEFAULT;
 287              		.loc 1 125 0
 288 0002 0B1D     		adds	r3, r1, #4
 289 0004 9B01     		lsls	r3, r3, #6
 290 0006 0024     		movs	r4, #0
 291 0008 1C50     		str	r4, [r3, r0]
 126:Generated_Source\PSoC6\pdl\drivers\peripheral\tcpwm/cy_tcpwm_counter.c ****     base->CNT[cntNum].COUNTER = CY_TCPWM_CNT_COUNTER_DEFAULT;
 292              		.loc 1 126 0
 293 000a 8B01     		lsls	r3, r1, #6
 294 000c C318     		adds	r3, r0, r3
 295 000e 1D00     		movs	r5, r3
 296 0010 0935     		adds	r5, r5, #9
 297 0012 FF35     		adds	r5, r5, #255
 298 0014 2C60     		str	r4, [r5]
 127:Generated_Source\PSoC6\pdl\drivers\peripheral\tcpwm/cy_tcpwm_counter.c ****     base->CNT[cntNum].CC = CY_TCPWM_CNT_CC_DEFAULT;
 299              		.loc 1 127 0
 300 0016 1E00     		movs	r6, r3
 301 0018 0D36     		adds	r6, r6, #13
 302 001a FF36     		adds	r6, r6, #255
 303 001c 0125     		movs	r5, #1
 304 001e 6D42     		rsbs	r5, r5, #0
 305 0020 3560     		str	r5, [r6]
 128:Generated_Source\PSoC6\pdl\drivers\peripheral\tcpwm/cy_tcpwm_counter.c ****     base->CNT[cntNum].CC_BUFF = CY_TCPWM_CNT_CC_BUFF_DEFAULT;
 306              		.loc 1 128 0
 307 0022 0436     		adds	r6, r6, #4
 308 0024 3560     		str	r5, [r6]
 129:Generated_Source\PSoC6\pdl\drivers\peripheral\tcpwm/cy_tcpwm_counter.c ****     base->CNT[cntNum].PERIOD = CY_TCPWM_CNT_PERIOD_DEFAULT;
 309              		.loc 1 129 0
 310 0026 0436     		adds	r6, r6, #4
 311 0028 3560     		str	r5, [r6]
ARM GAS  C:\Users\gjl\AppData\Local\Temp\ccrE2adg.s 			page 9


 130:Generated_Source\PSoC6\pdl\drivers\peripheral\tcpwm/cy_tcpwm_counter.c ****     base->CNT[cntNum].PERIOD_BUFF = CY_TCPWM_CNT_PERIOD_BUFF_DEFAULT;
 312              		.loc 1 130 0
 313 002a 0436     		adds	r6, r6, #4
 314 002c 3560     		str	r5, [r6]
 131:Generated_Source\PSoC6\pdl\drivers\peripheral\tcpwm/cy_tcpwm_counter.c ****     base->CNT[cntNum].TR_CTRL1 = CY_TCPWM_CNT_TR_CTRL1_DEFAULT;
 315              		.loc 1 131 0
 316 002e 1D00     		movs	r5, r3
 317 0030 2535     		adds	r5, r5, #37
 318 0032 FF35     		adds	r5, r5, #255
 319 0034 0B4E     		ldr	r6, .L16
 320 0036 2E60     		str	r6, [r5]
 132:Generated_Source\PSoC6\pdl\drivers\peripheral\tcpwm/cy_tcpwm_counter.c ****     base->CNT[cntNum].TR_CTRL2 = CY_TCPWM_CNT_TR_CTRL2_DEFAULT;
 321              		.loc 1 132 0
 322 0038 0435     		adds	r5, r5, #4
 323 003a 3F26     		movs	r6, #63
 324 003c 2E60     		str	r6, [r5]
 133:Generated_Source\PSoC6\pdl\drivers\peripheral\tcpwm/cy_tcpwm_counter.c ****     base->CNT[cntNum].INTR = CY_TCPWM_CNT_INTR_DEFAULT;
 325              		.loc 1 133 0
 326 003e 0835     		adds	r5, r5, #8
 327 0040 3C3E     		subs	r6, r6, #60
 328 0042 2E60     		str	r6, [r5]
 134:Generated_Source\PSoC6\pdl\drivers\peripheral\tcpwm/cy_tcpwm_counter.c ****     base->CNT[cntNum].INTR_SET = CY_TCPWM_CNT_INTR_SET_DEFAULT;
 329              		.loc 1 134 0
 330 0044 0435     		adds	r5, r5, #4
 331 0046 2C60     		str	r4, [r5]
 135:Generated_Source\PSoC6\pdl\drivers\peripheral\tcpwm/cy_tcpwm_counter.c ****     base->CNT[cntNum].INTR_MASK = CY_TCPWM_CNT_INTR_MASK_DEFAULT;
 332              		.loc 1 135 0
 333 0048 3933     		adds	r3, r3, #57
 334 004a FF33     		adds	r3, r3, #255
 335 004c 1C60     		str	r4, [r3]
 136:Generated_Source\PSoC6\pdl\drivers\peripheral\tcpwm/cy_tcpwm_counter.c ****     
 137:Generated_Source\PSoC6\pdl\drivers\peripheral\tcpwm/cy_tcpwm_counter.c ****     if (CY_TCPWM_INPUT_CREATOR != config->countInput)
 336              		.loc 1 137 0
 337 004e 936C     		ldr	r3, [r2, #72]
 338 0050 0133     		adds	r3, r3, #1
 339 0052 05D0     		beq	.L14
 138:Generated_Source\PSoC6\pdl\drivers\peripheral\tcpwm/cy_tcpwm_counter.c ****     {
 139:Generated_Source\PSoC6\pdl\drivers\peripheral\tcpwm/cy_tcpwm_counter.c ****         base->CNT[cntNum].TR_CTRL0 = CY_TCPWM_CNT_TR_CTRL0_DEFAULT;
 340              		.loc 1 139 0
 341 0054 8901     		lsls	r1, r1, #6
 342              	.LVL10:
 343 0056 4118     		adds	r1, r0, r1
 344 0058 2131     		adds	r1, r1, #33
 345 005a FF31     		adds	r1, r1, #255
 346 005c 1023     		movs	r3, #16
 347 005e 0B60     		str	r3, [r1]
 348              	.L14:
 140:Generated_Source\PSoC6\pdl\drivers\peripheral\tcpwm/cy_tcpwm_counter.c ****     }
 141:Generated_Source\PSoC6\pdl\drivers\peripheral\tcpwm/cy_tcpwm_counter.c **** }
 349              		.loc 1 141 0
 350              		@ sp needed
 351 0060 70BD     		pop	{r4, r5, r6, pc}
 352              	.L17:
 353 0062 C046     		.align	2
 354              	.L16:
 355 0064 FF030000 		.word	1023
 356              		.cfi_endproc
ARM GAS  C:\Users\gjl\AppData\Local\Temp\ccrE2adg.s 			page 10


 357              	.LFE63:
 358              		.size	Cy_TCPWM_Counter_DeInit, .-Cy_TCPWM_Counter_DeInit
 359              		.text
 360              	.Letext0:
 361              		.file 2 "c:\\program files (x86)\\cypress\\psoc creator\\4.2\\psoc creator\\import\\gnu\\arm\\5.4.
 362              		.file 3 "c:\\program files (x86)\\cypress\\psoc creator\\4.2\\psoc creator\\import\\gnu\\arm\\5.4.
 363              		.file 4 "Generated_Source\\PSoC6\\pdl\\devices/psoc6/ip/cyip_tcpwm.h"
 364              		.file 5 "Generated_Source\\PSoC6\\pdl\\drivers\\peripheral\\tcpwm\\cy_tcpwm.h"
 365              		.file 6 "Generated_Source\\PSoC6\\pdl\\drivers\\peripheral\\tcpwm\\cy_tcpwm_counter.h"
 366              		.section	.debug_info,"",%progbits
 367              	.Ldebug_info0:
 368 0000 02040000 		.4byte	0x402
 369 0004 0400     		.2byte	0x4
 370 0006 00000000 		.4byte	.Ldebug_abbrev0
 371 000a 04       		.byte	0x4
 372 000b 01       		.uleb128 0x1
 373 000c 50030000 		.4byte	.LASF67
 374 0010 0C       		.byte	0xc
 375 0011 B3000000 		.4byte	.LASF68
 376 0015 E8020000 		.4byte	.LASF69
 377 0019 00000000 		.4byte	.Ldebug_ranges0+0
 378 001d 00000000 		.4byte	0
 379 0021 00000000 		.4byte	.Ldebug_line0
 380 0025 02       		.uleb128 0x2
 381 0026 01       		.byte	0x1
 382 0027 06       		.byte	0x6
 383 0028 0A020000 		.4byte	.LASF0
 384 002c 02       		.uleb128 0x2
 385 002d 01       		.byte	0x1
 386 002e 08       		.byte	0x8
 387 002f DD010000 		.4byte	.LASF1
 388 0033 02       		.uleb128 0x2
 389 0034 02       		.byte	0x2
 390 0035 05       		.byte	0x5
 391 0036 4B000000 		.4byte	.LASF2
 392 003a 02       		.uleb128 0x2
 393 003b 02       		.byte	0x2
 394 003c 07       		.byte	0x7
 395 003d 89020000 		.4byte	.LASF3
 396 0041 02       		.uleb128 0x2
 397 0042 04       		.byte	0x4
 398 0043 05       		.byte	0x5
 399 0044 97010000 		.4byte	.LASF4
 400 0048 03       		.uleb128 0x3
 401 0049 A8000000 		.4byte	.LASF9
 402 004d 02       		.byte	0x2
 403 004e 41       		.byte	0x41
 404 004f 53000000 		.4byte	0x53
 405 0053 02       		.uleb128 0x2
 406 0054 04       		.byte	0x4
 407 0055 07       		.byte	0x7
 408 0056 37030000 		.4byte	.LASF5
 409 005a 02       		.uleb128 0x2
 410 005b 08       		.byte	0x8
 411 005c 05       		.byte	0x5
 412 005d 6B010000 		.4byte	.LASF6
 413 0061 02       		.uleb128 0x2
ARM GAS  C:\Users\gjl\AppData\Local\Temp\ccrE2adg.s 			page 11


 414 0062 08       		.byte	0x8
 415 0063 07       		.byte	0x7
 416 0064 1F020000 		.4byte	.LASF7
 417 0068 04       		.uleb128 0x4
 418 0069 04       		.byte	0x4
 419 006a 05       		.byte	0x5
 420 006b 696E7400 		.ascii	"int\000"
 421 006f 02       		.uleb128 0x2
 422 0070 04       		.byte	0x4
 423 0071 07       		.byte	0x7
 424 0072 4E010000 		.4byte	.LASF8
 425 0076 03       		.uleb128 0x3
 426 0077 36020000 		.4byte	.LASF10
 427 007b 03       		.byte	0x3
 428 007c 30       		.byte	0x30
 429 007d 48000000 		.4byte	0x48
 430 0081 02       		.uleb128 0x2
 431 0082 08       		.byte	0x8
 432 0083 04       		.byte	0x4
 433 0084 C2010000 		.4byte	.LASF11
 434 0088 02       		.uleb128 0x2
 435 0089 04       		.byte	0x4
 436 008a 07       		.byte	0x7
 437 008b 55000000 		.4byte	.LASF12
 438 008f 05       		.uleb128 0x5
 439 0090 76000000 		.4byte	0x76
 440 0094 06       		.uleb128 0x6
 441 0095 8F000000 		.4byte	0x8f
 442 0099 07       		.uleb128 0x7
 443 009a 40       		.byte	0x40
 444 009b 04       		.byte	0x4
 445 009c 22       		.byte	0x22
 446 009d 61010000 		.4byte	0x161
 447 00a1 08       		.uleb128 0x8
 448 00a2 FA010000 		.4byte	.LASF13
 449 00a6 04       		.byte	0x4
 450 00a7 23       		.byte	0x23
 451 00a8 8F000000 		.4byte	0x8f
 452 00ac 00       		.byte	0
 453 00ad 08       		.uleb128 0x8
 454 00ae A8020000 		.4byte	.LASF14
 455 00b2 04       		.byte	0x4
 456 00b3 24       		.byte	0x24
 457 00b4 94000000 		.4byte	0x94
 458 00b8 04       		.byte	0x4
 459 00b9 08       		.uleb128 0x8
 460 00ba 38040000 		.4byte	.LASF15
 461 00be 04       		.byte	0x4
 462 00bf 25       		.byte	0x25
 463 00c0 8F000000 		.4byte	0x8f
 464 00c4 08       		.byte	0x8
 465 00c5 09       		.uleb128 0x9
 466 00c6 434300   		.ascii	"CC\000"
 467 00c9 04       		.byte	0x4
 468 00ca 26       		.byte	0x26
 469 00cb 8F000000 		.4byte	0x8f
 470 00cf 0C       		.byte	0xc
ARM GAS  C:\Users\gjl\AppData\Local\Temp\ccrE2adg.s 			page 12


 471 00d0 08       		.uleb128 0x8
 472 00d1 BA010000 		.4byte	.LASF16
 473 00d5 04       		.byte	0x4
 474 00d6 27       		.byte	0x27
 475 00d7 8F000000 		.4byte	0x8f
 476 00db 10       		.byte	0x10
 477 00dc 08       		.uleb128 0x8
 478 00dd 73000000 		.4byte	.LASF17
 479 00e1 04       		.byte	0x4
 480 00e2 28       		.byte	0x28
 481 00e3 8F000000 		.4byte	0x8f
 482 00e7 14       		.byte	0x14
 483 00e8 08       		.uleb128 0x8
 484 00e9 5E000000 		.4byte	.LASF18
 485 00ed 04       		.byte	0x4
 486 00ee 29       		.byte	0x29
 487 00ef 8F000000 		.4byte	0x8f
 488 00f3 18       		.byte	0x18
 489 00f4 08       		.uleb128 0x8
 490 00f5 40040000 		.4byte	.LASF19
 491 00f9 04       		.byte	0x4
 492 00fa 2A       		.byte	0x2a
 493 00fb 94000000 		.4byte	0x94
 494 00ff 1C       		.byte	0x1c
 495 0100 08       		.uleb128 0x8
 496 0101 04010000 		.4byte	.LASF20
 497 0105 04       		.byte	0x4
 498 0106 2B       		.byte	0x2b
 499 0107 8F000000 		.4byte	0x8f
 500 010b 20       		.byte	0x20
 501 010c 08       		.uleb128 0x8
 502 010d 85000000 		.4byte	.LASF21
 503 0111 04       		.byte	0x4
 504 0112 2C       		.byte	0x2c
 505 0113 8F000000 		.4byte	0x8f
 506 0117 24       		.byte	0x24
 507 0118 08       		.uleb128 0x8
 508 0119 8E000000 		.4byte	.LASF22
 509 011d 04       		.byte	0x4
 510 011e 2D       		.byte	0x2d
 511 011f 8F000000 		.4byte	0x8f
 512 0123 28       		.byte	0x28
 513 0124 08       		.uleb128 0x8
 514 0125 DE020000 		.4byte	.LASF23
 515 0129 04       		.byte	0x4
 516 012a 2E       		.byte	0x2e
 517 012b 94000000 		.4byte	0x94
 518 012f 2C       		.byte	0x2c
 519 0130 08       		.uleb128 0x8
 520 0131 C8020000 		.4byte	.LASF24
 521 0135 04       		.byte	0x4
 522 0136 2F       		.byte	0x2f
 523 0137 8F000000 		.4byte	0x8f
 524 013b 30       		.byte	0x30
 525 013c 08       		.uleb128 0x8
 526 013d 16020000 		.4byte	.LASF25
 527 0141 04       		.byte	0x4
ARM GAS  C:\Users\gjl\AppData\Local\Temp\ccrE2adg.s 			page 13


 528 0142 30       		.byte	0x30
 529 0143 8F000000 		.4byte	0x8f
 530 0147 34       		.byte	0x34
 531 0148 08       		.uleb128 0x8
 532 0149 69040000 		.4byte	.LASF26
 533 014d 04       		.byte	0x4
 534 014e 31       		.byte	0x31
 535 014f 8F000000 		.4byte	0x8f
 536 0153 38       		.byte	0x38
 537 0154 08       		.uleb128 0x8
 538 0155 AE010000 		.4byte	.LASF27
 539 0159 04       		.byte	0x4
 540 015a 32       		.byte	0x32
 541 015b 94000000 		.4byte	0x94
 542 015f 3C       		.byte	0x3c
 543 0160 00       		.byte	0
 544 0161 03       		.uleb128 0x3
 545 0162 3C000000 		.4byte	.LASF28
 546 0166 04       		.byte	0x4
 547 0167 33       		.byte	0x33
 548 0168 99000000 		.4byte	0x99
 549 016c 0A       		.uleb128 0xa
 550 016d 0009     		.2byte	0x900
 551 016f 04       		.byte	0x4
 552 0170 38       		.byte	0x38
 553 0171 EF010000 		.4byte	0x1ef
 554 0175 08       		.uleb128 0x8
 555 0176 FA010000 		.4byte	.LASF13
 556 017a 04       		.byte	0x4
 557 017b 39       		.byte	0x39
 558 017c 8F000000 		.4byte	0x8f
 559 0180 00       		.byte	0
 560 0181 08       		.uleb128 0x8
 561 0182 17040000 		.4byte	.LASF29
 562 0186 04       		.byte	0x4
 563 0187 3A       		.byte	0x3a
 564 0188 8F000000 		.4byte	0x8f
 565 018c 04       		.byte	0x4
 566 018d 08       		.uleb128 0x8
 567 018e 6A000000 		.4byte	.LASF30
 568 0192 04       		.byte	0x4
 569 0193 3B       		.byte	0x3b
 570 0194 8F000000 		.4byte	0x8f
 571 0198 08       		.byte	0x8
 572 0199 08       		.uleb128 0x8
 573 019a 21010000 		.4byte	.LASF31
 574 019e 04       		.byte	0x4
 575 019f 3C       		.byte	0x3c
 576 01a0 8F000000 		.4byte	0x8f
 577 01a4 0C       		.byte	0xc
 578 01a5 08       		.uleb128 0x8
 579 01a6 7A000000 		.4byte	.LASF32
 580 01aa 04       		.byte	0x4
 581 01ab 3D       		.byte	0x3d
 582 01ac 8F000000 		.4byte	0x8f
 583 01b0 10       		.byte	0x10
 584 01b1 08       		.uleb128 0x8
ARM GAS  C:\Users\gjl\AppData\Local\Temp\ccrE2adg.s 			page 14


 585 01b2 62020000 		.4byte	.LASF33
 586 01b6 04       		.byte	0x4
 587 01b7 3E       		.byte	0x3e
 588 01b8 8F000000 		.4byte	0x8f
 589 01bc 14       		.byte	0x14
 590 01bd 08       		.uleb128 0x8
 591 01be 3E010000 		.4byte	.LASF34
 592 01c2 04       		.byte	0x4
 593 01c3 3F       		.byte	0x3f
 594 01c4 8F000000 		.4byte	0x8f
 595 01c8 18       		.byte	0x18
 596 01c9 08       		.uleb128 0x8
 597 01ca FF010000 		.4byte	.LASF35
 598 01ce 04       		.byte	0x4
 599 01cf 40       		.byte	0x40
 600 01d0 94000000 		.4byte	0x94
 601 01d4 1C       		.byte	0x1c
 602 01d5 08       		.uleb128 0x8
 603 01d6 40040000 		.4byte	.LASF19
 604 01da 04       		.byte	0x4
 605 01db 41       		.byte	0x41
 606 01dc 04020000 		.4byte	0x204
 607 01e0 20       		.byte	0x20
 608 01e1 0B       		.uleb128 0xb
 609 01e2 434E5400 		.ascii	"CNT\000"
 610 01e6 04       		.byte	0x4
 611 01e7 42       		.byte	0x42
 612 01e8 09020000 		.4byte	0x209
 613 01ec 0001     		.2byte	0x100
 614 01ee 00       		.byte	0
 615 01ef 0C       		.uleb128 0xc
 616 01f0 94000000 		.4byte	0x94
 617 01f4 FF010000 		.4byte	0x1ff
 618 01f8 0D       		.uleb128 0xd
 619 01f9 88000000 		.4byte	0x88
 620 01fd 37       		.byte	0x37
 621 01fe 00       		.byte	0
 622 01ff 05       		.uleb128 0x5
 623 0200 EF010000 		.4byte	0x1ef
 624 0204 06       		.uleb128 0x6
 625 0205 FF010000 		.4byte	0x1ff
 626 0209 0C       		.uleb128 0xc
 627 020a 61010000 		.4byte	0x161
 628 020e 19020000 		.4byte	0x219
 629 0212 0D       		.uleb128 0xd
 630 0213 88000000 		.4byte	0x88
 631 0217 1F       		.byte	0x1f
 632 0218 00       		.byte	0
 633 0219 03       		.uleb128 0x3
 634 021a 73040000 		.4byte	.LASF36
 635 021e 04       		.byte	0x4
 636 021f 43       		.byte	0x43
 637 0220 6C010000 		.4byte	0x16c
 638 0224 02       		.uleb128 0x2
 639 0225 01       		.byte	0x1
 640 0226 08       		.byte	0x8
 641 0227 A3020000 		.4byte	.LASF37
ARM GAS  C:\Users\gjl\AppData\Local\Temp\ccrE2adg.s 			page 15


 642 022b 02       		.uleb128 0x2
 643 022c 04       		.byte	0x4
 644 022d 04       		.byte	0x4
 645 022e 48010000 		.4byte	.LASF38
 646 0232 02       		.uleb128 0x2
 647 0233 08       		.byte	0x8
 648 0234 04       		.byte	0x4
 649 0235 49030000 		.4byte	.LASF39
 650 0239 0E       		.uleb128 0xe
 651 023a 04       		.byte	0x4
 652 023b 6F000000 		.4byte	0x6f
 653 023f 05       		.byte	0x5
 654 0240 4B01     		.2byte	0x14b
 655 0242 56020000 		.4byte	0x256
 656 0246 0F       		.uleb128 0xf
 657 0247 97000000 		.4byte	.LASF40
 658 024b 00       		.byte	0
 659 024c 10       		.uleb128 0x10
 660 024d AF020000 		.4byte	.LASF41
 661 0251 0100B600 		.4byte	0xb60001
 662 0255 00       		.byte	0
 663 0256 11       		.uleb128 0x11
 664 0257 49040000 		.4byte	.LASF42
 665 025b 05       		.byte	0x5
 666 025c 4E01     		.2byte	0x14e
 667 025e 39020000 		.4byte	0x239
 668 0262 12       		.uleb128 0x12
 669 0263 E2030000 		.4byte	.LASF70
 670 0267 4C       		.byte	0x4c
 671 0268 06       		.byte	0x6
 672 0269 2B       		.byte	0x2b
 673 026a 53030000 		.4byte	0x353
 674 026e 08       		.uleb128 0x8
 675 026f A0010000 		.4byte	.LASF43
 676 0273 06       		.byte	0x6
 677 0274 2D       		.byte	0x2d
 678 0275 76000000 		.4byte	0x76
 679 0279 00       		.byte	0
 680 027a 08       		.uleb128 0x8
 681 027b 0C000000 		.4byte	.LASF44
 682 027f 06       		.byte	0x6
 683 0280 2F       		.byte	0x2f
 684 0281 76000000 		.4byte	0x76
 685 0285 04       		.byte	0x4
 686 0286 08       		.uleb128 0x8
 687 0287 79010000 		.4byte	.LASF45
 688 028b 06       		.byte	0x6
 689 028c 30       		.byte	0x30
 690 028d 76000000 		.4byte	0x76
 691 0291 08       		.byte	0x8
 692 0292 08       		.uleb128 0x8
 693 0293 EB010000 		.4byte	.LASF46
 694 0297 06       		.byte	0x6
 695 0298 31       		.byte	0x31
 696 0299 76000000 		.4byte	0x76
 697 029d 0C       		.byte	0xc
 698 029e 08       		.uleb128 0x8
ARM GAS  C:\Users\gjl\AppData\Local\Temp\ccrE2adg.s 			page 16


 699 029f 3F020000 		.4byte	.LASF47
 700 02a3 06       		.byte	0x6
 701 02a4 33       		.byte	0x33
 702 02a5 76000000 		.4byte	0x76
 703 02a9 10       		.byte	0x10
 704 02aa 08       		.uleb128 0x8
 705 02ab 2A000000 		.4byte	.LASF48
 706 02af 06       		.byte	0x6
 707 02b0 34       		.byte	0x34
 708 02b1 76000000 		.4byte	0x76
 709 02b5 14       		.byte	0x14
 710 02b6 08       		.uleb128 0x8
 711 02b7 33000000 		.4byte	.LASF49
 712 02bb 06       		.byte	0x6
 713 02bc 35       		.byte	0x35
 714 02bd 76000000 		.4byte	0x76
 715 02c1 18       		.byte	0x18
 716 02c2 08       		.uleb128 0x8
 717 02c3 50020000 		.4byte	.LASF50
 718 02c7 06       		.byte	0x6
 719 02c8 36       		.byte	0x36
 720 02c9 53030000 		.4byte	0x353
 721 02cd 1C       		.byte	0x1c
 722 02ce 08       		.uleb128 0x8
 723 02cf 2D010000 		.4byte	.LASF51
 724 02d3 06       		.byte	0x6
 725 02d4 38       		.byte	0x38
 726 02d5 76000000 		.4byte	0x76
 727 02d9 20       		.byte	0x20
 728 02da 08       		.uleb128 0x8
 729 02db CD020000 		.4byte	.LASF52
 730 02df 06       		.byte	0x6
 731 02e0 39       		.byte	0x39
 732 02e1 76000000 		.4byte	0x76
 733 02e5 24       		.byte	0x24
 734 02e6 08       		.uleb128 0x8
 735 02e7 14010000 		.4byte	.LASF53
 736 02eb 06       		.byte	0x6
 737 02ec 3B       		.byte	0x3b
 738 02ed 76000000 		.4byte	0x76
 739 02f1 28       		.byte	0x28
 740 02f2 08       		.uleb128 0x8
 741 02f3 5B010000 		.4byte	.LASF54
 742 02f7 06       		.byte	0x6
 743 02f8 3C       		.byte	0x3c
 744 02f9 76000000 		.4byte	0x76
 745 02fd 2C       		.byte	0x2c
 746 02fe 08       		.uleb128 0x8
 747 02ff 00000000 		.4byte	.LASF55
 748 0303 06       		.byte	0x6
 749 0304 3E       		.byte	0x3e
 750 0305 76000000 		.4byte	0x76
 751 0309 30       		.byte	0x30
 752 030a 08       		.uleb128 0x8
 753 030b CE010000 		.4byte	.LASF56
 754 030f 06       		.byte	0x6
 755 0310 3F       		.byte	0x3f
ARM GAS  C:\Users\gjl\AppData\Local\Temp\ccrE2adg.s 			page 17


 756 0311 76000000 		.4byte	0x76
 757 0315 34       		.byte	0x34
 758 0316 08       		.uleb128 0x8
 759 0317 FE030000 		.4byte	.LASF57
 760 031b 06       		.byte	0x6
 761 031c 41       		.byte	0x41
 762 031d 76000000 		.4byte	0x76
 763 0321 38       		.byte	0x38
 764 0322 08       		.uleb128 0x8
 765 0323 09040000 		.4byte	.LASF58
 766 0327 06       		.byte	0x6
 767 0328 42       		.byte	0x42
 768 0329 76000000 		.4byte	0x76
 769 032d 3C       		.byte	0x3c
 770 032e 08       		.uleb128 0x8
 771 032f FA000000 		.4byte	.LASF59
 772 0333 06       		.byte	0x6
 773 0334 44       		.byte	0x44
 774 0335 76000000 		.4byte	0x76
 775 0339 40       		.byte	0x40
 776 033a 08       		.uleb128 0x8
 777 033b 1B000000 		.4byte	.LASF60
 778 033f 06       		.byte	0x6
 779 0340 45       		.byte	0x45
 780 0341 76000000 		.4byte	0x76
 781 0345 44       		.byte	0x44
 782 0346 08       		.uleb128 0x8
 783 0347 5E040000 		.4byte	.LASF61
 784 034b 06       		.byte	0x6
 785 034c 47       		.byte	0x47
 786 034d 76000000 		.4byte	0x76
 787 0351 48       		.byte	0x48
 788 0352 00       		.byte	0
 789 0353 02       		.uleb128 0x2
 790 0354 01       		.byte	0x1
 791 0355 02       		.byte	0x2
 792 0356 C2020000 		.4byte	.LASF62
 793 035a 03       		.uleb128 0x3
 794 035b 6B020000 		.4byte	.LASF63
 795 035f 06       		.byte	0x6
 796 0360 48       		.byte	0x48
 797 0361 62020000 		.4byte	0x262
 798 0365 13       		.uleb128 0x13
 799 0366 81010000 		.4byte	.LASF71
 800 036a 01       		.byte	0x1
 801 036b 2D       		.byte	0x2d
 802 036c 56020000 		.4byte	0x256
 803 0370 00000000 		.4byte	.LFB62
 804 0374 3C010000 		.4byte	.LFE62-.LFB62
 805 0378 01       		.uleb128 0x1
 806 0379 9C       		.byte	0x9c
 807 037a B9030000 		.4byte	0x3b9
 808 037e 14       		.uleb128 0x14
 809 037f 7E040000 		.4byte	.LASF64
 810 0383 01       		.byte	0x1
 811 0384 2D       		.byte	0x2d
 812 0385 B9030000 		.4byte	0x3b9
ARM GAS  C:\Users\gjl\AppData\Local\Temp\ccrE2adg.s 			page 18


 813 0389 00000000 		.4byte	.LLST0
 814 038d 14       		.uleb128 0x14
 815 038e A7010000 		.4byte	.LASF65
 816 0392 01       		.byte	0x1
 817 0393 2D       		.byte	0x2d
 818 0394 76000000 		.4byte	0x76
 819 0398 53000000 		.4byte	.LLST1
 820 039c 15       		.uleb128 0x15
 821 039d 0D010000 		.4byte	.LASF66
 822 03a1 01       		.byte	0x1
 823 03a2 2E       		.byte	0x2e
 824 03a3 BF030000 		.4byte	0x3bf
 825 03a7 01       		.uleb128 0x1
 826 03a8 52       		.byte	0x52
 827 03a9 16       		.uleb128 0x16
 828 03aa 9C020000 		.4byte	.LASF72
 829 03ae 01       		.byte	0x1
 830 03af 30       		.byte	0x30
 831 03b0 56020000 		.4byte	0x256
 832 03b4 8D000000 		.4byte	.LLST2
 833 03b8 00       		.byte	0
 834 03b9 17       		.uleb128 0x17
 835 03ba 04       		.byte	0x4
 836 03bb 19020000 		.4byte	0x219
 837 03bf 17       		.uleb128 0x17
 838 03c0 04       		.byte	0x4
 839 03c1 C5030000 		.4byte	0x3c5
 840 03c5 06       		.uleb128 0x6
 841 03c6 5A030000 		.4byte	0x35a
 842 03ca 18       		.uleb128 0x18
 843 03cb 20040000 		.4byte	.LASF73
 844 03cf 01       		.byte	0x1
 845 03d0 7B       		.byte	0x7b
 846 03d1 00000000 		.4byte	.LFB63
 847 03d5 68000000 		.4byte	.LFE63-.LFB63
 848 03d9 01       		.uleb128 0x1
 849 03da 9C       		.byte	0x9c
 850 03db 15       		.uleb128 0x15
 851 03dc 7E040000 		.4byte	.LASF64
 852 03e0 01       		.byte	0x1
 853 03e1 7B       		.byte	0x7b
 854 03e2 B9030000 		.4byte	0x3b9
 855 03e6 01       		.uleb128 0x1
 856 03e7 50       		.byte	0x50
 857 03e8 14       		.uleb128 0x14
 858 03e9 A7010000 		.4byte	.LASF65
 859 03ed 01       		.byte	0x1
 860 03ee 7B       		.byte	0x7b
 861 03ef 76000000 		.4byte	0x76
 862 03f3 CC000000 		.4byte	.LLST3
 863 03f7 15       		.uleb128 0x15
 864 03f8 0D010000 		.4byte	.LASF66
 865 03fc 01       		.byte	0x1
 866 03fd 7B       		.byte	0x7b
 867 03fe BF030000 		.4byte	0x3bf
 868 0402 01       		.uleb128 0x1
 869 0403 52       		.byte	0x52
ARM GAS  C:\Users\gjl\AppData\Local\Temp\ccrE2adg.s 			page 19


 870 0404 00       		.byte	0
 871 0405 00       		.byte	0
 872              		.section	.debug_abbrev,"",%progbits
 873              	.Ldebug_abbrev0:
 874 0000 01       		.uleb128 0x1
 875 0001 11       		.uleb128 0x11
 876 0002 01       		.byte	0x1
 877 0003 25       		.uleb128 0x25
 878 0004 0E       		.uleb128 0xe
 879 0005 13       		.uleb128 0x13
 880 0006 0B       		.uleb128 0xb
 881 0007 03       		.uleb128 0x3
 882 0008 0E       		.uleb128 0xe
 883 0009 1B       		.uleb128 0x1b
 884 000a 0E       		.uleb128 0xe
 885 000b 55       		.uleb128 0x55
 886 000c 17       		.uleb128 0x17
 887 000d 11       		.uleb128 0x11
 888 000e 01       		.uleb128 0x1
 889 000f 10       		.uleb128 0x10
 890 0010 17       		.uleb128 0x17
 891 0011 00       		.byte	0
 892 0012 00       		.byte	0
 893 0013 02       		.uleb128 0x2
 894 0014 24       		.uleb128 0x24
 895 0015 00       		.byte	0
 896 0016 0B       		.uleb128 0xb
 897 0017 0B       		.uleb128 0xb
 898 0018 3E       		.uleb128 0x3e
 899 0019 0B       		.uleb128 0xb
 900 001a 03       		.uleb128 0x3
 901 001b 0E       		.uleb128 0xe
 902 001c 00       		.byte	0
 903 001d 00       		.byte	0
 904 001e 03       		.uleb128 0x3
 905 001f 16       		.uleb128 0x16
 906 0020 00       		.byte	0
 907 0021 03       		.uleb128 0x3
 908 0022 0E       		.uleb128 0xe
 909 0023 3A       		.uleb128 0x3a
 910 0024 0B       		.uleb128 0xb
 911 0025 3B       		.uleb128 0x3b
 912 0026 0B       		.uleb128 0xb
 913 0027 49       		.uleb128 0x49
 914 0028 13       		.uleb128 0x13
 915 0029 00       		.byte	0
 916 002a 00       		.byte	0
 917 002b 04       		.uleb128 0x4
 918 002c 24       		.uleb128 0x24
 919 002d 00       		.byte	0
 920 002e 0B       		.uleb128 0xb
 921 002f 0B       		.uleb128 0xb
 922 0030 3E       		.uleb128 0x3e
 923 0031 0B       		.uleb128 0xb
 924 0032 03       		.uleb128 0x3
 925 0033 08       		.uleb128 0x8
 926 0034 00       		.byte	0
ARM GAS  C:\Users\gjl\AppData\Local\Temp\ccrE2adg.s 			page 20


 927 0035 00       		.byte	0
 928 0036 05       		.uleb128 0x5
 929 0037 35       		.uleb128 0x35
 930 0038 00       		.byte	0
 931 0039 49       		.uleb128 0x49
 932 003a 13       		.uleb128 0x13
 933 003b 00       		.byte	0
 934 003c 00       		.byte	0
 935 003d 06       		.uleb128 0x6
 936 003e 26       		.uleb128 0x26
 937 003f 00       		.byte	0
 938 0040 49       		.uleb128 0x49
 939 0041 13       		.uleb128 0x13
 940 0042 00       		.byte	0
 941 0043 00       		.byte	0
 942 0044 07       		.uleb128 0x7
 943 0045 13       		.uleb128 0x13
 944 0046 01       		.byte	0x1
 945 0047 0B       		.uleb128 0xb
 946 0048 0B       		.uleb128 0xb
 947 0049 3A       		.uleb128 0x3a
 948 004a 0B       		.uleb128 0xb
 949 004b 3B       		.uleb128 0x3b
 950 004c 0B       		.uleb128 0xb
 951 004d 01       		.uleb128 0x1
 952 004e 13       		.uleb128 0x13
 953 004f 00       		.byte	0
 954 0050 00       		.byte	0
 955 0051 08       		.uleb128 0x8
 956 0052 0D       		.uleb128 0xd
 957 0053 00       		.byte	0
 958 0054 03       		.uleb128 0x3
 959 0055 0E       		.uleb128 0xe
 960 0056 3A       		.uleb128 0x3a
 961 0057 0B       		.uleb128 0xb
 962 0058 3B       		.uleb128 0x3b
 963 0059 0B       		.uleb128 0xb
 964 005a 49       		.uleb128 0x49
 965 005b 13       		.uleb128 0x13
 966 005c 38       		.uleb128 0x38
 967 005d 0B       		.uleb128 0xb
 968 005e 00       		.byte	0
 969 005f 00       		.byte	0
 970 0060 09       		.uleb128 0x9
 971 0061 0D       		.uleb128 0xd
 972 0062 00       		.byte	0
 973 0063 03       		.uleb128 0x3
 974 0064 08       		.uleb128 0x8
 975 0065 3A       		.uleb128 0x3a
 976 0066 0B       		.uleb128 0xb
 977 0067 3B       		.uleb128 0x3b
 978 0068 0B       		.uleb128 0xb
 979 0069 49       		.uleb128 0x49
 980 006a 13       		.uleb128 0x13
 981 006b 38       		.uleb128 0x38
 982 006c 0B       		.uleb128 0xb
 983 006d 00       		.byte	0
ARM GAS  C:\Users\gjl\AppData\Local\Temp\ccrE2adg.s 			page 21


 984 006e 00       		.byte	0
 985 006f 0A       		.uleb128 0xa
 986 0070 13       		.uleb128 0x13
 987 0071 01       		.byte	0x1
 988 0072 0B       		.uleb128 0xb
 989 0073 05       		.uleb128 0x5
 990 0074 3A       		.uleb128 0x3a
 991 0075 0B       		.uleb128 0xb
 992 0076 3B       		.uleb128 0x3b
 993 0077 0B       		.uleb128 0xb
 994 0078 01       		.uleb128 0x1
 995 0079 13       		.uleb128 0x13
 996 007a 00       		.byte	0
 997 007b 00       		.byte	0
 998 007c 0B       		.uleb128 0xb
 999 007d 0D       		.uleb128 0xd
 1000 007e 00       		.byte	0
 1001 007f 03       		.uleb128 0x3
 1002 0080 08       		.uleb128 0x8
 1003 0081 3A       		.uleb128 0x3a
 1004 0082 0B       		.uleb128 0xb
 1005 0083 3B       		.uleb128 0x3b
 1006 0084 0B       		.uleb128 0xb
 1007 0085 49       		.uleb128 0x49
 1008 0086 13       		.uleb128 0x13
 1009 0087 38       		.uleb128 0x38
 1010 0088 05       		.uleb128 0x5
 1011 0089 00       		.byte	0
 1012 008a 00       		.byte	0
 1013 008b 0C       		.uleb128 0xc
 1014 008c 01       		.uleb128 0x1
 1015 008d 01       		.byte	0x1
 1016 008e 49       		.uleb128 0x49
 1017 008f 13       		.uleb128 0x13
 1018 0090 01       		.uleb128 0x1
 1019 0091 13       		.uleb128 0x13
 1020 0092 00       		.byte	0
 1021 0093 00       		.byte	0
 1022 0094 0D       		.uleb128 0xd
 1023 0095 21       		.uleb128 0x21
 1024 0096 00       		.byte	0
 1025 0097 49       		.uleb128 0x49
 1026 0098 13       		.uleb128 0x13
 1027 0099 2F       		.uleb128 0x2f
 1028 009a 0B       		.uleb128 0xb
 1029 009b 00       		.byte	0
 1030 009c 00       		.byte	0
 1031 009d 0E       		.uleb128 0xe
 1032 009e 04       		.uleb128 0x4
 1033 009f 01       		.byte	0x1
 1034 00a0 0B       		.uleb128 0xb
 1035 00a1 0B       		.uleb128 0xb
 1036 00a2 49       		.uleb128 0x49
 1037 00a3 13       		.uleb128 0x13
 1038 00a4 3A       		.uleb128 0x3a
 1039 00a5 0B       		.uleb128 0xb
 1040 00a6 3B       		.uleb128 0x3b
ARM GAS  C:\Users\gjl\AppData\Local\Temp\ccrE2adg.s 			page 22


 1041 00a7 05       		.uleb128 0x5
 1042 00a8 01       		.uleb128 0x1
 1043 00a9 13       		.uleb128 0x13
 1044 00aa 00       		.byte	0
 1045 00ab 00       		.byte	0
 1046 00ac 0F       		.uleb128 0xf
 1047 00ad 28       		.uleb128 0x28
 1048 00ae 00       		.byte	0
 1049 00af 03       		.uleb128 0x3
 1050 00b0 0E       		.uleb128 0xe
 1051 00b1 1C       		.uleb128 0x1c
 1052 00b2 0B       		.uleb128 0xb
 1053 00b3 00       		.byte	0
 1054 00b4 00       		.byte	0
 1055 00b5 10       		.uleb128 0x10
 1056 00b6 28       		.uleb128 0x28
 1057 00b7 00       		.byte	0
 1058 00b8 03       		.uleb128 0x3
 1059 00b9 0E       		.uleb128 0xe
 1060 00ba 1C       		.uleb128 0x1c
 1061 00bb 06       		.uleb128 0x6
 1062 00bc 00       		.byte	0
 1063 00bd 00       		.byte	0
 1064 00be 11       		.uleb128 0x11
 1065 00bf 16       		.uleb128 0x16
 1066 00c0 00       		.byte	0
 1067 00c1 03       		.uleb128 0x3
 1068 00c2 0E       		.uleb128 0xe
 1069 00c3 3A       		.uleb128 0x3a
 1070 00c4 0B       		.uleb128 0xb
 1071 00c5 3B       		.uleb128 0x3b
 1072 00c6 05       		.uleb128 0x5
 1073 00c7 49       		.uleb128 0x49
 1074 00c8 13       		.uleb128 0x13
 1075 00c9 00       		.byte	0
 1076 00ca 00       		.byte	0
 1077 00cb 12       		.uleb128 0x12
 1078 00cc 13       		.uleb128 0x13
 1079 00cd 01       		.byte	0x1
 1080 00ce 03       		.uleb128 0x3
 1081 00cf 0E       		.uleb128 0xe
 1082 00d0 0B       		.uleb128 0xb
 1083 00d1 0B       		.uleb128 0xb
 1084 00d2 3A       		.uleb128 0x3a
 1085 00d3 0B       		.uleb128 0xb
 1086 00d4 3B       		.uleb128 0x3b
 1087 00d5 0B       		.uleb128 0xb
 1088 00d6 01       		.uleb128 0x1
 1089 00d7 13       		.uleb128 0x13
 1090 00d8 00       		.byte	0
 1091 00d9 00       		.byte	0
 1092 00da 13       		.uleb128 0x13
 1093 00db 2E       		.uleb128 0x2e
 1094 00dc 01       		.byte	0x1
 1095 00dd 3F       		.uleb128 0x3f
 1096 00de 19       		.uleb128 0x19
 1097 00df 03       		.uleb128 0x3
ARM GAS  C:\Users\gjl\AppData\Local\Temp\ccrE2adg.s 			page 23


 1098 00e0 0E       		.uleb128 0xe
 1099 00e1 3A       		.uleb128 0x3a
 1100 00e2 0B       		.uleb128 0xb
 1101 00e3 3B       		.uleb128 0x3b
 1102 00e4 0B       		.uleb128 0xb
 1103 00e5 27       		.uleb128 0x27
 1104 00e6 19       		.uleb128 0x19
 1105 00e7 49       		.uleb128 0x49
 1106 00e8 13       		.uleb128 0x13
 1107 00e9 11       		.uleb128 0x11
 1108 00ea 01       		.uleb128 0x1
 1109 00eb 12       		.uleb128 0x12
 1110 00ec 06       		.uleb128 0x6
 1111 00ed 40       		.uleb128 0x40
 1112 00ee 18       		.uleb128 0x18
 1113 00ef 9742     		.uleb128 0x2117
 1114 00f1 19       		.uleb128 0x19
 1115 00f2 01       		.uleb128 0x1
 1116 00f3 13       		.uleb128 0x13
 1117 00f4 00       		.byte	0
 1118 00f5 00       		.byte	0
 1119 00f6 14       		.uleb128 0x14
 1120 00f7 05       		.uleb128 0x5
 1121 00f8 00       		.byte	0
 1122 00f9 03       		.uleb128 0x3
 1123 00fa 0E       		.uleb128 0xe
 1124 00fb 3A       		.uleb128 0x3a
 1125 00fc 0B       		.uleb128 0xb
 1126 00fd 3B       		.uleb128 0x3b
 1127 00fe 0B       		.uleb128 0xb
 1128 00ff 49       		.uleb128 0x49
 1129 0100 13       		.uleb128 0x13
 1130 0101 02       		.uleb128 0x2
 1131 0102 17       		.uleb128 0x17
 1132 0103 00       		.byte	0
 1133 0104 00       		.byte	0
 1134 0105 15       		.uleb128 0x15
 1135 0106 05       		.uleb128 0x5
 1136 0107 00       		.byte	0
 1137 0108 03       		.uleb128 0x3
 1138 0109 0E       		.uleb128 0xe
 1139 010a 3A       		.uleb128 0x3a
 1140 010b 0B       		.uleb128 0xb
 1141 010c 3B       		.uleb128 0x3b
 1142 010d 0B       		.uleb128 0xb
 1143 010e 49       		.uleb128 0x49
 1144 010f 13       		.uleb128 0x13
 1145 0110 02       		.uleb128 0x2
 1146 0111 18       		.uleb128 0x18
 1147 0112 00       		.byte	0
 1148 0113 00       		.byte	0
 1149 0114 16       		.uleb128 0x16
 1150 0115 34       		.uleb128 0x34
 1151 0116 00       		.byte	0
 1152 0117 03       		.uleb128 0x3
 1153 0118 0E       		.uleb128 0xe
 1154 0119 3A       		.uleb128 0x3a
ARM GAS  C:\Users\gjl\AppData\Local\Temp\ccrE2adg.s 			page 24


 1155 011a 0B       		.uleb128 0xb
 1156 011b 3B       		.uleb128 0x3b
 1157 011c 0B       		.uleb128 0xb
 1158 011d 49       		.uleb128 0x49
 1159 011e 13       		.uleb128 0x13
 1160 011f 02       		.uleb128 0x2
 1161 0120 17       		.uleb128 0x17
 1162 0121 00       		.byte	0
 1163 0122 00       		.byte	0
 1164 0123 17       		.uleb128 0x17
 1165 0124 0F       		.uleb128 0xf
 1166 0125 00       		.byte	0
 1167 0126 0B       		.uleb128 0xb
 1168 0127 0B       		.uleb128 0xb
 1169 0128 49       		.uleb128 0x49
 1170 0129 13       		.uleb128 0x13
 1171 012a 00       		.byte	0
 1172 012b 00       		.byte	0
 1173 012c 18       		.uleb128 0x18
 1174 012d 2E       		.uleb128 0x2e
 1175 012e 01       		.byte	0x1
 1176 012f 3F       		.uleb128 0x3f
 1177 0130 19       		.uleb128 0x19
 1178 0131 03       		.uleb128 0x3
 1179 0132 0E       		.uleb128 0xe
 1180 0133 3A       		.uleb128 0x3a
 1181 0134 0B       		.uleb128 0xb
 1182 0135 3B       		.uleb128 0x3b
 1183 0136 0B       		.uleb128 0xb
 1184 0137 27       		.uleb128 0x27
 1185 0138 19       		.uleb128 0x19
 1186 0139 11       		.uleb128 0x11
 1187 013a 01       		.uleb128 0x1
 1188 013b 12       		.uleb128 0x12
 1189 013c 06       		.uleb128 0x6
 1190 013d 40       		.uleb128 0x40
 1191 013e 18       		.uleb128 0x18
 1192 013f 9742     		.uleb128 0x2117
 1193 0141 19       		.uleb128 0x19
 1194 0142 00       		.byte	0
 1195 0143 00       		.byte	0
 1196 0144 00       		.byte	0
 1197              		.section	.debug_loc,"",%progbits
 1198              	.Ldebug_loc0:
 1199              	.LLST0:
 1200 0000 00000000 		.4byte	.LVL0
 1201 0004 1E010000 		.4byte	.LVL3
 1202 0008 0100     		.2byte	0x1
 1203 000a 50       		.byte	0x50
 1204 000b 1E010000 		.4byte	.LVL3
 1205 000f 30010000 		.4byte	.LVL5
 1206 0013 0400     		.2byte	0x4
 1207 0015 F3       		.byte	0xf3
 1208 0016 01       		.uleb128 0x1
 1209 0017 50       		.byte	0x50
 1210 0018 9F       		.byte	0x9f
 1211 0019 30010000 		.4byte	.LVL5
ARM GAS  C:\Users\gjl\AppData\Local\Temp\ccrE2adg.s 			page 25


 1212 001d 32010000 		.4byte	.LVL6
 1213 0021 0100     		.2byte	0x1
 1214 0023 50       		.byte	0x50
 1215 0024 32010000 		.4byte	.LVL6
 1216 0028 34010000 		.4byte	.LVL7
 1217 002c 0400     		.2byte	0x4
 1218 002e F3       		.byte	0xf3
 1219 002f 01       		.uleb128 0x1
 1220 0030 50       		.byte	0x50
 1221 0031 9F       		.byte	0x9f
 1222 0032 34010000 		.4byte	.LVL7
 1223 0036 36010000 		.4byte	.LVL8
 1224 003a 0100     		.2byte	0x1
 1225 003c 50       		.byte	0x50
 1226 003d 36010000 		.4byte	.LVL8
 1227 0041 3C010000 		.4byte	.LFE62
 1228 0045 0400     		.2byte	0x4
 1229 0047 F3       		.byte	0xf3
 1230 0048 01       		.uleb128 0x1
 1231 0049 50       		.byte	0x50
 1232 004a 9F       		.byte	0x9f
 1233 004b 00000000 		.4byte	0
 1234 004f 00000000 		.4byte	0
 1235              	.LLST1:
 1236 0053 00000000 		.4byte	.LVL0
 1237 0057 1A010000 		.4byte	.LVL2
 1238 005b 0100     		.2byte	0x1
 1239 005d 51       		.byte	0x51
 1240 005e 1A010000 		.4byte	.LVL2
 1241 0062 30010000 		.4byte	.LVL5
 1242 0066 0400     		.2byte	0x4
 1243 0068 F3       		.byte	0xf3
 1244 0069 01       		.uleb128 0x1
 1245 006a 51       		.byte	0x51
 1246 006b 9F       		.byte	0x9f
 1247 006c 30010000 		.4byte	.LVL5
 1248 0070 36010000 		.4byte	.LVL8
 1249 0074 0100     		.2byte	0x1
 1250 0076 51       		.byte	0x51
 1251 0077 36010000 		.4byte	.LVL8
 1252 007b 3C010000 		.4byte	.LFE62
 1253 007f 0400     		.2byte	0x4
 1254 0081 F3       		.byte	0xf3
 1255 0082 01       		.uleb128 0x1
 1256 0083 51       		.byte	0x51
 1257 0084 9F       		.byte	0x9f
 1258 0085 00000000 		.4byte	0
 1259 0089 00000000 		.4byte	0
 1260              	.LLST2:
 1261 008d 02000000 		.4byte	.LVL1
 1262 0091 2C010000 		.4byte	.LVL4
 1263 0095 0600     		.2byte	0x6
 1264 0097 0C       		.byte	0xc
 1265 0098 0100B600 		.4byte	0xb60001
 1266 009c 9F       		.byte	0x9f
 1267 009d 2C010000 		.4byte	.LVL4
 1268 00a1 30010000 		.4byte	.LVL5
ARM GAS  C:\Users\gjl\AppData\Local\Temp\ccrE2adg.s 			page 26


 1269 00a5 0200     		.2byte	0x2
 1270 00a7 30       		.byte	0x30
 1271 00a8 9F       		.byte	0x9f
 1272 00a9 30010000 		.4byte	.LVL5
 1273 00ad 36010000 		.4byte	.LVL8
 1274 00b1 0600     		.2byte	0x6
 1275 00b3 0C       		.byte	0xc
 1276 00b4 0100B600 		.4byte	0xb60001
 1277 00b8 9F       		.byte	0x9f
 1278 00b9 36010000 		.4byte	.LVL8
 1279 00bd 3C010000 		.4byte	.LFE62
 1280 00c1 0100     		.2byte	0x1
 1281 00c3 50       		.byte	0x50
 1282 00c4 00000000 		.4byte	0
 1283 00c8 00000000 		.4byte	0
 1284              	.LLST3:
 1285 00cc 00000000 		.4byte	.LVL9
 1286 00d0 56000000 		.4byte	.LVL10
 1287 00d4 0100     		.2byte	0x1
 1288 00d6 51       		.byte	0x51
 1289 00d7 56000000 		.4byte	.LVL10
 1290 00db 68000000 		.4byte	.LFE63
 1291 00df 0400     		.2byte	0x4
 1292 00e1 F3       		.byte	0xf3
 1293 00e2 01       		.uleb128 0x1
 1294 00e3 51       		.byte	0x51
 1295 00e4 9F       		.byte	0x9f
 1296 00e5 00000000 		.4byte	0
 1297 00e9 00000000 		.4byte	0
 1298              		.section	.debug_aranges,"",%progbits
 1299 0000 24000000 		.4byte	0x24
 1300 0004 0200     		.2byte	0x2
 1301 0006 00000000 		.4byte	.Ldebug_info0
 1302 000a 04       		.byte	0x4
 1303 000b 00       		.byte	0
 1304 000c 0000     		.2byte	0
 1305 000e 0000     		.2byte	0
 1306 0010 00000000 		.4byte	.LFB62
 1307 0014 3C010000 		.4byte	.LFE62-.LFB62
 1308 0018 00000000 		.4byte	.LFB63
 1309 001c 68000000 		.4byte	.LFE63-.LFB63
 1310 0020 00000000 		.4byte	0
 1311 0024 00000000 		.4byte	0
 1312              		.section	.debug_ranges,"",%progbits
 1313              	.Ldebug_ranges0:
 1314 0000 00000000 		.4byte	.LFB62
 1315 0004 3C010000 		.4byte	.LFE62
 1316 0008 00000000 		.4byte	.LFB63
 1317 000c 68000000 		.4byte	.LFE63
 1318 0010 00000000 		.4byte	0
 1319 0014 00000000 		.4byte	0
 1320              		.section	.debug_line,"",%progbits
 1321              	.Ldebug_line0:
 1322 0000 25020000 		.section	.debug_str,"MS",%progbits,1
 1322      0200BA01 
 1322      00000201 
 1322      FB0E0D00 
ARM GAS  C:\Users\gjl\AppData\Local\Temp\ccrE2adg.s 			page 27


 1322      01010101 
 1323              	.LASF55:
 1324 0000 72656C6F 		.ascii	"reloadInput\000"
 1324      6164496E 
 1324      70757400 
 1325              	.LASF44:
 1326 000c 636C6F63 		.ascii	"clockPrescaler\000"
 1326      6B507265 
 1326      7363616C 
 1326      657200
 1327              	.LASF60:
 1328 001b 636F756E 		.ascii	"countInputMode\000"
 1328      74496E70 
 1328      75744D6F 
 1328      646500
 1329              	.LASF48:
 1330 002a 636F6D70 		.ascii	"compare0\000"
 1330      61726530 
 1330      00
 1331              	.LASF49:
 1332 0033 636F6D70 		.ascii	"compare1\000"
 1332      61726531 
 1332      00
 1333              	.LASF28:
 1334 003c 54435057 		.ascii	"TCPWM_CNT_Type\000"
 1334      4D5F434E 
 1334      545F5479 
 1334      706500
 1335              	.LASF2:
 1336 004b 73686F72 		.ascii	"short int\000"
 1336      7420696E 
 1336      7400
 1337              	.LASF12:
 1338 0055 73697A65 		.ascii	"sizetype\000"
 1338      74797065 
 1338      00
 1339              	.LASF18:
 1340 005e 50455249 		.ascii	"PERIOD_BUFF\000"
 1340      4F445F42 
 1340      55464600 
 1341              	.LASF30:
 1342 006a 4354524C 		.ascii	"CTRL_SET\000"
 1342      5F534554 
 1342      00
 1343              	.LASF17:
 1344 0073 50455249 		.ascii	"PERIOD\000"
 1344      4F4400
 1345              	.LASF32:
 1346 007a 434D445F 		.ascii	"CMD_RELOAD\000"
 1346      52454C4F 
 1346      414400
 1347              	.LASF21:
 1348 0085 54525F43 		.ascii	"TR_CTRL1\000"
 1348      54524C31 
 1348      00
 1349              	.LASF22:
 1350 008e 54525F43 		.ascii	"TR_CTRL2\000"
ARM GAS  C:\Users\gjl\AppData\Local\Temp\ccrE2adg.s 			page 28


 1350      54524C32 
 1350      00
 1351              	.LASF40:
 1352 0097 43595F54 		.ascii	"CY_TCPWM_SUCCESS\000"
 1352      4350574D 
 1352      5F535543 
 1352      43455353 
 1352      00
 1353              	.LASF9:
 1354 00a8 5F5F7569 		.ascii	"__uint32_t\000"
 1354      6E743332 
 1354      5F7400
 1355              	.LASF68:
 1356 00b3 47656E65 		.ascii	"Generated_Source\\PSoC6\\pdl\\drivers\\peripheral\\"
 1356      72617465 
 1356      645F536F 
 1356      75726365 
 1356      5C50536F 
 1357 00e1 74637077 		.ascii	"tcpwm\\cy_tcpwm_counter.c\000"
 1357      6D5C6379 
 1357      5F746370 
 1357      776D5F63 
 1357      6F756E74 
 1358              	.LASF59:
 1359 00fa 73746F70 		.ascii	"stopInput\000"
 1359      496E7075 
 1359      7400
 1360              	.LASF20:
 1361 0104 54525F43 		.ascii	"TR_CTRL0\000"
 1361      54524C30 
 1361      00
 1362              	.LASF66:
 1363 010d 636F6E66 		.ascii	"config\000"
 1363      696700
 1364              	.LASF53:
 1365 0114 63617074 		.ascii	"captureInput\000"
 1365      75726549 
 1365      6E707574 
 1365      00
 1366              	.LASF31:
 1367 0121 434D445F 		.ascii	"CMD_CAPTURE\000"
 1367      43415054 
 1367      55524500 
 1368              	.LASF51:
 1369 012d 696E7465 		.ascii	"interruptSources\000"
 1369      72727570 
 1369      74536F75 
 1369      72636573 
 1369      00
 1370              	.LASF34:
 1371 013e 434D445F 		.ascii	"CMD_START\000"
 1371      53544152 
 1371      5400
 1372              	.LASF38:
 1373 0148 666C6F61 		.ascii	"float\000"
 1373      7400
 1374              	.LASF8:
ARM GAS  C:\Users\gjl\AppData\Local\Temp\ccrE2adg.s 			page 29


 1375 014e 756E7369 		.ascii	"unsigned int\000"
 1375      676E6564 
 1375      20696E74 
 1375      00
 1376              	.LASF54:
 1377 015b 72656C6F 		.ascii	"reloadInputMode\000"
 1377      6164496E 
 1377      7075744D 
 1377      6F646500 
 1378              	.LASF6:
 1379 016b 6C6F6E67 		.ascii	"long long int\000"
 1379      206C6F6E 
 1379      6720696E 
 1379      7400
 1380              	.LASF45:
 1381 0179 72756E4D 		.ascii	"runMode\000"
 1381      6F646500 
 1382              	.LASF71:
 1383 0181 43795F54 		.ascii	"Cy_TCPWM_Counter_Init\000"
 1383      4350574D 
 1383      5F436F75 
 1383      6E746572 
 1383      5F496E69 
 1384              	.LASF4:
 1385 0197 6C6F6E67 		.ascii	"long int\000"
 1385      20696E74 
 1385      00
 1386              	.LASF43:
 1387 01a0 70657269 		.ascii	"period\000"
 1387      6F6400
 1388              	.LASF65:
 1389 01a7 636E744E 		.ascii	"cntNum\000"
 1389      756D00
 1390              	.LASF27:
 1391 01ae 494E5452 		.ascii	"INTR_MASKED\000"
 1391      5F4D4153 
 1391      4B454400 
 1392              	.LASF16:
 1393 01ba 43435F42 		.ascii	"CC_BUFF\000"
 1393      55464600 
 1394              	.LASF11:
 1395 01c2 6C6F6E67 		.ascii	"long double\000"
 1395      20646F75 
 1395      626C6500 
 1396              	.LASF56:
 1397 01ce 73746172 		.ascii	"startInputMode\000"
 1397      74496E70 
 1397      75744D6F 
 1397      646500
 1398              	.LASF1:
 1399 01dd 756E7369 		.ascii	"unsigned char\000"
 1399      676E6564 
 1399      20636861 
 1399      7200
 1400              	.LASF46:
 1401 01eb 636F756E 		.ascii	"countDirection\000"
 1401      74446972 
ARM GAS  C:\Users\gjl\AppData\Local\Temp\ccrE2adg.s 			page 30


 1401      65637469 
 1401      6F6E00
 1402              	.LASF13:
 1403 01fa 4354524C 		.ascii	"CTRL\000"
 1403      00
 1404              	.LASF35:
 1405 01ff 494E5452 		.ascii	"INTR_CAUSE\000"
 1405      5F434155 
 1405      534500
 1406              	.LASF0:
 1407 020a 7369676E 		.ascii	"signed char\000"
 1407      65642063 
 1407      68617200 
 1408              	.LASF25:
 1409 0216 494E5452 		.ascii	"INTR_SET\000"
 1409      5F534554 
 1409      00
 1410              	.LASF7:
 1411 021f 6C6F6E67 		.ascii	"long long unsigned int\000"
 1411      206C6F6E 
 1411      6720756E 
 1411      7369676E 
 1411      65642069 
 1412              	.LASF10:
 1413 0236 75696E74 		.ascii	"uint32_t\000"
 1413      33325F74 
 1413      00
 1414              	.LASF47:
 1415 023f 636F6D70 		.ascii	"compareOrCapture\000"
 1415      6172654F 
 1415      72436170 
 1415      74757265 
 1415      00
 1416              	.LASF50:
 1417 0250 656E6162 		.ascii	"enableCompareSwap\000"
 1417      6C65436F 
 1417      6D706172 
 1417      65537761 
 1417      7000
 1418              	.LASF33:
 1419 0262 434D445F 		.ascii	"CMD_STOP\000"
 1419      53544F50 
 1419      00
 1420              	.LASF63:
 1421 026b 63795F73 		.ascii	"cy_stc_tcpwm_counter_config_t\000"
 1421      74635F74 
 1421      6370776D 
 1421      5F636F75 
 1421      6E746572 
 1422              	.LASF3:
 1423 0289 73686F72 		.ascii	"short unsigned int\000"
 1423      7420756E 
 1423      7369676E 
 1423      65642069 
 1423      6E7400
 1424              	.LASF72:
 1425 029c 73746174 		.ascii	"status\000"
ARM GAS  C:\Users\gjl\AppData\Local\Temp\ccrE2adg.s 			page 31


 1425      757300
 1426              	.LASF37:
 1427 02a3 63686172 		.ascii	"char\000"
 1427      00
 1428              	.LASF14:
 1429 02a8 53544154 		.ascii	"STATUS\000"
 1429      555300
 1430              	.LASF41:
 1431 02af 43595F54 		.ascii	"CY_TCPWM_BAD_PARAM\000"
 1431      4350574D 
 1431      5F424144 
 1431      5F504152 
 1431      414D00
 1432              	.LASF62:
 1433 02c2 5F426F6F 		.ascii	"_Bool\000"
 1433      6C00
 1434              	.LASF24:
 1435 02c8 494E5452 		.ascii	"INTR\000"
 1435      00
 1436              	.LASF52:
 1437 02cd 63617074 		.ascii	"captureInputMode\000"
 1437      75726549 
 1437      6E707574 
 1437      4D6F6465 
 1437      00
 1438              	.LASF23:
 1439 02de 52455345 		.ascii	"RESERVED1\000"
 1439      52564544 
 1439      3100
 1440              	.LASF69:
 1441 02e8 433A5C47 		.ascii	"C:\\Git\\PSoC6-101-Videos\\Projects_ScreenCapture\\"
 1441      69745C50 
 1441      536F4336 
 1441      2D313031 
 1441      2D566964 
 1442 0317 50536F43 		.ascii	"PSoC 6_101\\MainController.cydsn\000"
 1442      20365F31 
 1442      30315C4D 
 1442      61696E43 
 1442      6F6E7472 
 1443              	.LASF5:
 1444 0337 6C6F6E67 		.ascii	"long unsigned int\000"
 1444      20756E73 
 1444      69676E65 
 1444      6420696E 
 1444      7400
 1445              	.LASF39:
 1446 0349 646F7562 		.ascii	"double\000"
 1446      6C6500
 1447              	.LASF67:
 1448 0350 474E5520 		.ascii	"GNU C11 5.4.1 20160609 (release) [ARM/embedded-5-br"
 1448      43313120 
 1448      352E342E 
 1448      31203230 
 1448      31363036 
 1449 0383 616E6368 		.ascii	"anch revision 237715] -mcpu=cortex-m0plus -mthumb -"
 1449      20726576 
ARM GAS  C:\Users\gjl\AppData\Local\Temp\ccrE2adg.s 			page 32


 1449      6973696F 
 1449      6E203233 
 1449      37373135 
 1450 03b6 67202D4F 		.ascii	"g -Og -ffunction-sections -ffat-lto-objects\000"
 1450      67202D66 
 1450      66756E63 
 1450      74696F6E 
 1450      2D736563 
 1451              	.LASF70:
 1452 03e2 63795F73 		.ascii	"cy_stc_tcpwm_counter_config\000"
 1452      74635F74 
 1452      6370776D 
 1452      5F636F75 
 1452      6E746572 
 1453              	.LASF57:
 1454 03fe 73746172 		.ascii	"startInput\000"
 1454      74496E70 
 1454      757400
 1455              	.LASF58:
 1456 0409 73746F70 		.ascii	"stopInputMode\000"
 1456      496E7075 
 1456      744D6F64 
 1456      6500
 1457              	.LASF29:
 1458 0417 4354524C 		.ascii	"CTRL_CLR\000"
 1458      5F434C52 
 1458      00
 1459              	.LASF73:
 1460 0420 43795F54 		.ascii	"Cy_TCPWM_Counter_DeInit\000"
 1460      4350574D 
 1460      5F436F75 
 1460      6E746572 
 1460      5F446549 
 1461              	.LASF15:
 1462 0438 434F554E 		.ascii	"COUNTER\000"
 1462      54455200 
 1463              	.LASF19:
 1464 0440 52455345 		.ascii	"RESERVED\000"
 1464      52564544 
 1464      00
 1465              	.LASF42:
 1466 0449 63795F65 		.ascii	"cy_en_tcpwm_status_t\000"
 1466      6E5F7463 
 1466      70776D5F 
 1466      73746174 
 1466      75735F74 
 1467              	.LASF61:
 1468 045e 636F756E 		.ascii	"countInput\000"
 1468      74496E70 
 1468      757400
 1469              	.LASF26:
 1470 0469 494E5452 		.ascii	"INTR_MASK\000"
 1470      5F4D4153 
 1470      4B00
 1471              	.LASF36:
 1472 0473 54435057 		.ascii	"TCPWM_Type\000"
 1472      4D5F5479 
ARM GAS  C:\Users\gjl\AppData\Local\Temp\ccrE2adg.s 			page 33


 1472      706500
 1473              	.LASF64:
 1474 047e 62617365 		.ascii	"base\000"
 1474      00
 1475              		.ident	"GCC: (GNU Tools for ARM Embedded Processors) 5.4.1 20160609 (release) [ARM/embedded-5-bran
