ARM GAS  C:\Users\gjl\AppData\Local\Temp\ccKu9ryi.s 			page 1


   1              		.syntax unified
   2              		.cpu cortex-m0plus
   3              		.fpu softvfp
   4              		.eabi_attribute 20, 1
   5              		.eabi_attribute 21, 1
   6              		.eabi_attribute 23, 3
   7              		.eabi_attribute 24, 1
   8              		.eabi_attribute 25, 1
   9              		.eabi_attribute 26, 1
  10              		.eabi_attribute 30, 1
  11              		.eabi_attribute 34, 0
  12              		.eabi_attribute 18, 4
  13              		.thumb
  14              		.syntax unified
  15              		.file	"main_cm0p.c"
  16              		.text
  17              	.Ltext0:
  18              		.cfi_sections	.debug_frame
  19              		.section	.text.main,"ax",%progbits
  20              		.align	2
  21              		.global	main
  22              		.code	16
  23              		.thumb_func
  24              		.type	main, %function
  25              	main:
  26              	.LFB539:
  27              		.file 1 "main_cm0p.c"
   1:main_cm0p.c   **** /* ========================================
   2:main_cm0p.c   ****  *
   3:main_cm0p.c   ****  * Copyright YOUR COMPANY, THE YEAR
   4:main_cm0p.c   ****  * All Rights Reserved
   5:main_cm0p.c   ****  * UNPUBLISHED, LICENSED SOFTWARE.
   6:main_cm0p.c   ****  *
   7:main_cm0p.c   ****  * CONFIDENTIAL AND PROPRIETARY INFORMATION
   8:main_cm0p.c   ****  * WHICH IS THE PROPERTY OF your company.
   9:main_cm0p.c   ****  *
  10:main_cm0p.c   ****  * ========================================
  11:main_cm0p.c   **** */
  12:main_cm0p.c   **** #include "project.h"
  13:main_cm0p.c   **** 
  14:main_cm0p.c   **** int main(void)
  15:main_cm0p.c   **** {
  28              		.loc 1 15 0
  29              		.cfi_startproc
  30              		@ Volatile: function does not return.
  31              		@ args = 0, pretend = 0, frame = 0
  32              		@ frame_needed = 0, uses_anonymous_args = 0
  33 0000 10B5     		push	{r4, lr}
  34              		.cfi_def_cfa_offset 8
  35              		.cfi_offset 4, -8
  36              		.cfi_offset 14, -4
  37              	.LBB4:
  38              	.LBB5:
  39              		.file 2 "Generated_Source\\PSoC6\\pdl\\cmsis/include/cmsis_gcc.h"
   1:Generated_Source\PSoC6\pdl\cmsis/include/cmsis_gcc.h **** /**************************************************************************//**
   2:Generated_Source\PSoC6\pdl\cmsis/include/cmsis_gcc.h ****  * @file     cmsis_gcc.h
   3:Generated_Source\PSoC6\pdl\cmsis/include/cmsis_gcc.h ****  * @brief    CMSIS compiler GCC header file
ARM GAS  C:\Users\gjl\AppData\Local\Temp\ccKu9ryi.s 			page 2


   4:Generated_Source\PSoC6\pdl\cmsis/include/cmsis_gcc.h ****  * @version  V5.0.1
   5:Generated_Source\PSoC6\pdl\cmsis/include/cmsis_gcc.h ****  * @date     02. February 2017
   6:Generated_Source\PSoC6\pdl\cmsis/include/cmsis_gcc.h ****  ******************************************************************************/
   7:Generated_Source\PSoC6\pdl\cmsis/include/cmsis_gcc.h **** /*
   8:Generated_Source\PSoC6\pdl\cmsis/include/cmsis_gcc.h ****  * Copyright (c) 2009-2017 ARM Limited. All rights reserved.
   9:Generated_Source\PSoC6\pdl\cmsis/include/cmsis_gcc.h ****  *
  10:Generated_Source\PSoC6\pdl\cmsis/include/cmsis_gcc.h ****  * SPDX-License-Identifier: Apache-2.0
  11:Generated_Source\PSoC6\pdl\cmsis/include/cmsis_gcc.h ****  *
  12:Generated_Source\PSoC6\pdl\cmsis/include/cmsis_gcc.h ****  * Licensed under the Apache License, Version 2.0 (the License); you may
  13:Generated_Source\PSoC6\pdl\cmsis/include/cmsis_gcc.h ****  * not use this file except in compliance with the License.
  14:Generated_Source\PSoC6\pdl\cmsis/include/cmsis_gcc.h ****  * You may obtain a copy of the License at
  15:Generated_Source\PSoC6\pdl\cmsis/include/cmsis_gcc.h ****  *
  16:Generated_Source\PSoC6\pdl\cmsis/include/cmsis_gcc.h ****  * www.apache.org/licenses/LICENSE-2.0
  17:Generated_Source\PSoC6\pdl\cmsis/include/cmsis_gcc.h ****  *
  18:Generated_Source\PSoC6\pdl\cmsis/include/cmsis_gcc.h ****  * Unless required by applicable law or agreed to in writing, software
  19:Generated_Source\PSoC6\pdl\cmsis/include/cmsis_gcc.h ****  * distributed under the License is distributed on an AS IS BASIS, WITHOUT
  20:Generated_Source\PSoC6\pdl\cmsis/include/cmsis_gcc.h ****  * WARRANTIES OR CONDITIONS OF ANY KIND, either express or implied.
  21:Generated_Source\PSoC6\pdl\cmsis/include/cmsis_gcc.h ****  * See the License for the specific language governing permissions and
  22:Generated_Source\PSoC6\pdl\cmsis/include/cmsis_gcc.h ****  * limitations under the License.
  23:Generated_Source\PSoC6\pdl\cmsis/include/cmsis_gcc.h ****  */
  24:Generated_Source\PSoC6\pdl\cmsis/include/cmsis_gcc.h **** 
  25:Generated_Source\PSoC6\pdl\cmsis/include/cmsis_gcc.h **** #ifndef __CMSIS_GCC_H
  26:Generated_Source\PSoC6\pdl\cmsis/include/cmsis_gcc.h **** #define __CMSIS_GCC_H
  27:Generated_Source\PSoC6\pdl\cmsis/include/cmsis_gcc.h **** 
  28:Generated_Source\PSoC6\pdl\cmsis/include/cmsis_gcc.h **** /* ignore some GCC warnings */
  29:Generated_Source\PSoC6\pdl\cmsis/include/cmsis_gcc.h **** #pragma GCC diagnostic push
  30:Generated_Source\PSoC6\pdl\cmsis/include/cmsis_gcc.h **** #pragma GCC diagnostic ignored "-Wsign-conversion"
  31:Generated_Source\PSoC6\pdl\cmsis/include/cmsis_gcc.h **** #pragma GCC diagnostic ignored "-Wconversion"
  32:Generated_Source\PSoC6\pdl\cmsis/include/cmsis_gcc.h **** #pragma GCC diagnostic ignored "-Wunused-parameter"
  33:Generated_Source\PSoC6\pdl\cmsis/include/cmsis_gcc.h **** 
  34:Generated_Source\PSoC6\pdl\cmsis/include/cmsis_gcc.h **** /* CMSIS compiler specific defines */
  35:Generated_Source\PSoC6\pdl\cmsis/include/cmsis_gcc.h **** #ifndef   __ASM
  36:Generated_Source\PSoC6\pdl\cmsis/include/cmsis_gcc.h ****   #define __ASM                     __asm
  37:Generated_Source\PSoC6\pdl\cmsis/include/cmsis_gcc.h **** #endif
  38:Generated_Source\PSoC6\pdl\cmsis/include/cmsis_gcc.h **** #ifndef   __INLINE
  39:Generated_Source\PSoC6\pdl\cmsis/include/cmsis_gcc.h ****   #define __INLINE                  inline
  40:Generated_Source\PSoC6\pdl\cmsis/include/cmsis_gcc.h **** #endif
  41:Generated_Source\PSoC6\pdl\cmsis/include/cmsis_gcc.h **** #ifndef   __STATIC_INLINE
  42:Generated_Source\PSoC6\pdl\cmsis/include/cmsis_gcc.h ****   #define __STATIC_INLINE           static inline
  43:Generated_Source\PSoC6\pdl\cmsis/include/cmsis_gcc.h **** #endif
  44:Generated_Source\PSoC6\pdl\cmsis/include/cmsis_gcc.h **** #ifndef   __NO_RETURN
  45:Generated_Source\PSoC6\pdl\cmsis/include/cmsis_gcc.h ****   #define __NO_RETURN               __attribute__((noreturn))
  46:Generated_Source\PSoC6\pdl\cmsis/include/cmsis_gcc.h **** #endif
  47:Generated_Source\PSoC6\pdl\cmsis/include/cmsis_gcc.h **** #ifndef   __USED
  48:Generated_Source\PSoC6\pdl\cmsis/include/cmsis_gcc.h ****   #define __USED                    __attribute__((used))
  49:Generated_Source\PSoC6\pdl\cmsis/include/cmsis_gcc.h **** #endif
  50:Generated_Source\PSoC6\pdl\cmsis/include/cmsis_gcc.h **** #ifndef   __WEAK
  51:Generated_Source\PSoC6\pdl\cmsis/include/cmsis_gcc.h ****   #define __WEAK                    __attribute__((weak))
  52:Generated_Source\PSoC6\pdl\cmsis/include/cmsis_gcc.h **** #endif
  53:Generated_Source\PSoC6\pdl\cmsis/include/cmsis_gcc.h **** #ifndef   __UNALIGNED_UINT32
  54:Generated_Source\PSoC6\pdl\cmsis/include/cmsis_gcc.h **** #pragma GCC diagnostic push
  55:Generated_Source\PSoC6\pdl\cmsis/include/cmsis_gcc.h **** #pragma GCC diagnostic ignored "-Wpacked"
  56:Generated_Source\PSoC6\pdl\cmsis/include/cmsis_gcc.h **** #pragma GCC diagnostic ignored "-Wattributes"
  57:Generated_Source\PSoC6\pdl\cmsis/include/cmsis_gcc.h ****   struct __attribute__((packed)) T_UINT32 { uint32_t v; };
  58:Generated_Source\PSoC6\pdl\cmsis/include/cmsis_gcc.h **** #pragma GCC diagnostic pop
  59:Generated_Source\PSoC6\pdl\cmsis/include/cmsis_gcc.h ****   #define __UNALIGNED_UINT32(x)     (((struct T_UINT32 *)(x))->v)
  60:Generated_Source\PSoC6\pdl\cmsis/include/cmsis_gcc.h **** #endif
ARM GAS  C:\Users\gjl\AppData\Local\Temp\ccKu9ryi.s 			page 3


  61:Generated_Source\PSoC6\pdl\cmsis/include/cmsis_gcc.h **** #ifndef   __ALIGNED
  62:Generated_Source\PSoC6\pdl\cmsis/include/cmsis_gcc.h ****   #define __ALIGNED(x)              __attribute__((aligned(x)))
  63:Generated_Source\PSoC6\pdl\cmsis/include/cmsis_gcc.h **** #endif
  64:Generated_Source\PSoC6\pdl\cmsis/include/cmsis_gcc.h **** #ifndef   __PACKED
  65:Generated_Source\PSoC6\pdl\cmsis/include/cmsis_gcc.h ****   #define __PACKED                  __attribute__((packed, aligned(1)))
  66:Generated_Source\PSoC6\pdl\cmsis/include/cmsis_gcc.h **** #endif
  67:Generated_Source\PSoC6\pdl\cmsis/include/cmsis_gcc.h **** #ifndef   __PACKED_STRUCT
  68:Generated_Source\PSoC6\pdl\cmsis/include/cmsis_gcc.h ****   #define __PACKED_STRUCT           struct __attribute__((packed, aligned(1)))
  69:Generated_Source\PSoC6\pdl\cmsis/include/cmsis_gcc.h **** #endif
  70:Generated_Source\PSoC6\pdl\cmsis/include/cmsis_gcc.h **** 
  71:Generated_Source\PSoC6\pdl\cmsis/include/cmsis_gcc.h **** 
  72:Generated_Source\PSoC6\pdl\cmsis/include/cmsis_gcc.h **** /* ###########################  Core Function Access  ########################### */
  73:Generated_Source\PSoC6\pdl\cmsis/include/cmsis_gcc.h **** /** \ingroup  CMSIS_Core_FunctionInterface
  74:Generated_Source\PSoC6\pdl\cmsis/include/cmsis_gcc.h ****     \defgroup CMSIS_Core_RegAccFunctions CMSIS Core Register Access Functions
  75:Generated_Source\PSoC6\pdl\cmsis/include/cmsis_gcc.h ****   @{
  76:Generated_Source\PSoC6\pdl\cmsis/include/cmsis_gcc.h ****  */
  77:Generated_Source\PSoC6\pdl\cmsis/include/cmsis_gcc.h **** 
  78:Generated_Source\PSoC6\pdl\cmsis/include/cmsis_gcc.h **** /**
  79:Generated_Source\PSoC6\pdl\cmsis/include/cmsis_gcc.h ****   \brief   Enable IRQ Interrupts
  80:Generated_Source\PSoC6\pdl\cmsis/include/cmsis_gcc.h ****   \details Enables IRQ interrupts by clearing the I-bit in the CPSR.
  81:Generated_Source\PSoC6\pdl\cmsis/include/cmsis_gcc.h ****            Can only be executed in Privileged modes.
  82:Generated_Source\PSoC6\pdl\cmsis/include/cmsis_gcc.h ****  */
  83:Generated_Source\PSoC6\pdl\cmsis/include/cmsis_gcc.h **** __attribute__((always_inline)) __STATIC_INLINE void __enable_irq(void)
  84:Generated_Source\PSoC6\pdl\cmsis/include/cmsis_gcc.h **** {
  85:Generated_Source\PSoC6\pdl\cmsis/include/cmsis_gcc.h ****   __ASM volatile ("cpsie i" : : : "memory");
  40              		.loc 2 85 0
  41              		.syntax divided
  42              	@ 85 "Generated_Source\PSoC6\pdl\cmsis/include/cmsis_gcc.h" 1
  43 0002 62B6     		cpsie i
  44              	@ 0 "" 2
  45              		.thumb
  46              		.syntax unified
  47              	.LBE5:
  48              	.LBE4:
  16:main_cm0p.c   ****     __enable_irq(); /* Enable global interrupts. */
  17:main_cm0p.c   ****     
  18:main_cm0p.c   ****     Cy_BLE_Start(0);
  49              		.loc 1 18 0
  50 0004 0020     		movs	r0, #0
  51 0006 FFF7FEFF 		bl	Cy_BLE_Start
  52              	.LVL0:
  19:main_cm0p.c   ****     
  20:main_cm0p.c   ****     /* Enable CM4.  CY_CORTEX_M4_APPL_ADDR must be updated if CM4 memory layout is changed. */
  21:main_cm0p.c   ****     Cy_SysEnableCM4(CY_CORTEX_M4_APPL_ADDR); 
  53              		.loc 1 21 0
  54 000a 0348     		ldr	r0, .L3
  55 000c FFF7FEFF 		bl	Cy_SysEnableCM4
  56              	.LVL1:
  57              	.L2:
  22:main_cm0p.c   **** 
  23:main_cm0p.c   ****     /* Place your initialization/startup code here (e.g. MyInst_Start()) */
  24:main_cm0p.c   **** 
  25:main_cm0p.c   ****     for(;;)
  26:main_cm0p.c   ****     {
  27:main_cm0p.c   ****         Cy_BLE_ProcessEvents();
  58              		.loc 1 27 0 discriminator 1
  59 0010 FFF7FEFF 		bl	Cy_BLE_ProcessEvents
ARM GAS  C:\Users\gjl\AppData\Local\Temp\ccKu9ryi.s 			page 4


  60              	.LVL2:
  61 0014 FCE7     		b	.L2
  62              	.L4:
  63 0016 C046     		.align	2
  64              	.L3:
  65 0018 00000810 		.word	268959744
  66              		.cfi_endproc
  67              	.LFE539:
  68              		.size	main, .-main
  69              		.text
  70              	.Letext0:
  71              		.file 3 "c:\\program files (x86)\\cypress\\psoc creator\\4.2\\psoc creator\\import\\gnu\\arm\\5.4.
  72              		.file 4 "c:\\program files (x86)\\cypress\\psoc creator\\4.2\\psoc creator\\import\\gnu\\arm\\5.4.
  73              		.file 5 "Generated_Source\\PSoC6\\pdl\\drivers/peripheral/tcpwm/cy_tcpwm_pwm.h"
  74              		.file 6 "Generated_Source\\PSoC6\\pdl\\drivers/peripheral/scb/cy_scb_ezi2c.h"
  75              		.file 7 "Generated_Source\\PSoC6\\pdl\\drivers/peripheral/scb/cy_scb_uart.h"
  76              		.file 8 "Generated_Source\\PSoC6/UART.h"
  77              		.file 9 "Generated_Source\\PSoC6/PWM_1.h"
  78              		.file 10 "Generated_Source\\PSoC6/PWM_2.h"
  79              		.file 11 "Generated_Source\\PSoC6/EZI2C.h"
  80              		.file 12 "Generated_Source\\PSoC6/LEDBlink.h"
  81              		.file 13 "Generated_Source\\PSoC6/BLE.h"
  82              		.file 14 "./system_psoc63.h"
  83              		.file 15 "Generated_Source\\PSoC6\\pdl\\middleware/ble/cy_ble_stack.h"
  84              		.section	.debug_info,"",%progbits
  85              	.Ldebug_info0:
  86 0000 25050000 		.4byte	0x525
  87 0004 0400     		.2byte	0x4
  88 0006 00000000 		.4byte	.Ldebug_abbrev0
  89 000a 04       		.byte	0x4
  90 000b 01       		.uleb128 0x1
  91 000c D2000000 		.4byte	.LASF100
  92 0010 0C       		.byte	0xc
  93 0011 93000000 		.4byte	.LASF101
  94 0015 F9040000 		.4byte	.LASF102
  95 0019 00000000 		.4byte	.Ldebug_ranges0+0
  96 001d 00000000 		.4byte	0
  97 0021 00000000 		.4byte	.Ldebug_line0
  98 0025 02       		.uleb128 0x2
  99 0026 02       		.byte	0x2
 100 0027 05       		.byte	0x5
 101 0028 9F000000 		.4byte	.LASF0
 102 002c 02       		.uleb128 0x2
 103 002d 01       		.byte	0x1
 104 002e 08       		.byte	0x8
 105 002f 3B030000 		.4byte	.LASF1
 106 0033 02       		.uleb128 0x2
 107 0034 01       		.byte	0x1
 108 0035 06       		.byte	0x6
 109 0036 76030000 		.4byte	.LASF2
 110 003a 03       		.uleb128 0x3
 111 003b B9020000 		.4byte	.LASF5
 112 003f 03       		.byte	0x3
 113 0040 1D       		.byte	0x1d
 114 0041 2C000000 		.4byte	0x2c
 115 0045 02       		.uleb128 0x2
 116 0046 02       		.byte	0x2
ARM GAS  C:\Users\gjl\AppData\Local\Temp\ccKu9ryi.s 			page 5


 117 0047 07       		.byte	0x7
 118 0048 F5030000 		.4byte	.LASF3
 119 004c 02       		.uleb128 0x2
 120 004d 04       		.byte	0x4
 121 004e 05       		.byte	0x5
 122 004f D4010000 		.4byte	.LASF4
 123 0053 03       		.uleb128 0x3
 124 0054 8B010000 		.4byte	.LASF6
 125 0058 03       		.byte	0x3
 126 0059 41       		.byte	0x41
 127 005a 5E000000 		.4byte	0x5e
 128 005e 02       		.uleb128 0x2
 129 005f 04       		.byte	0x4
 130 0060 07       		.byte	0x7
 131 0061 48050000 		.4byte	.LASF7
 132 0065 02       		.uleb128 0x2
 133 0066 08       		.byte	0x8
 134 0067 05       		.byte	0x5
 135 0068 6F020000 		.4byte	.LASF8
 136 006c 02       		.uleb128 0x2
 137 006d 08       		.byte	0x8
 138 006e 07       		.byte	0x7
 139 006f 82030000 		.4byte	.LASF9
 140 0073 04       		.uleb128 0x4
 141 0074 04       		.byte	0x4
 142 0075 05       		.byte	0x5
 143 0076 696E7400 		.ascii	"int\000"
 144 007a 02       		.uleb128 0x2
 145 007b 04       		.byte	0x4
 146 007c 07       		.byte	0x7
 147 007d A2030000 		.4byte	.LASF10
 148 0081 03       		.uleb128 0x3
 149 0082 05020000 		.4byte	.LASF11
 150 0086 04       		.byte	0x4
 151 0087 18       		.byte	0x18
 152 0088 3A000000 		.4byte	0x3a
 153 008c 03       		.uleb128 0x3
 154 008d 99030000 		.4byte	.LASF12
 155 0091 04       		.byte	0x4
 156 0092 30       		.byte	0x30
 157 0093 53000000 		.4byte	0x53
 158 0097 02       		.uleb128 0x2
 159 0098 04       		.byte	0x4
 160 0099 07       		.byte	0x7
 161 009a B1000000 		.4byte	.LASF13
 162 009e 05       		.uleb128 0x5
 163 009f 8C000000 		.4byte	0x8c
 164 00a3 02       		.uleb128 0x2
 165 00a4 08       		.byte	0x8
 166 00a5 04       		.byte	0x4
 167 00a6 17030000 		.4byte	.LASF14
 168 00aa 02       		.uleb128 0x2
 169 00ab 01       		.byte	0x1
 170 00ac 08       		.byte	0x8
 171 00ad 54040000 		.4byte	.LASF15
 172 00b1 02       		.uleb128 0x2
 173 00b2 04       		.byte	0x4
ARM GAS  C:\Users\gjl\AppData\Local\Temp\ccKu9ryi.s 			page 6


 174 00b3 04       		.byte	0x4
 175 00b4 4B020000 		.4byte	.LASF16
 176 00b8 02       		.uleb128 0x2
 177 00b9 08       		.byte	0x8
 178 00ba 04       		.byte	0x4
 179 00bb 5A050000 		.4byte	.LASF17
 180 00bf 06       		.uleb128 0x6
 181 00c0 04       		.byte	0x4
 182 00c1 02       		.uleb128 0x2
 183 00c2 01       		.byte	0x1
 184 00c3 02       		.byte	0x2
 185 00c4 87040000 		.4byte	.LASF18
 186 00c8 07       		.uleb128 0x7
 187 00c9 6E010000 		.4byte	.LASF56
 188 00cd 64       		.byte	0x64
 189 00ce 05       		.byte	0x5
 190 00cf 2B       		.byte	0x2b
 191 00d0 01020000 		.4byte	0x201
 192 00d4 08       		.uleb128 0x8
 193 00d5 35060000 		.4byte	.LASF19
 194 00d9 05       		.byte	0x5
 195 00da 2D       		.byte	0x2d
 196 00db 8C000000 		.4byte	0x8c
 197 00df 00       		.byte	0
 198 00e0 08       		.uleb128 0x8
 199 00e1 26000000 		.4byte	.LASF20
 200 00e5 05       		.byte	0x5
 201 00e6 2F       		.byte	0x2f
 202 00e7 8C000000 		.4byte	0x8c
 203 00eb 04       		.byte	0x4
 204 00ec 08       		.uleb128 0x8
 205 00ed DD010000 		.4byte	.LASF21
 206 00f1 05       		.byte	0x5
 207 00f2 30       		.byte	0x30
 208 00f3 8C000000 		.4byte	0x8c
 209 00f7 08       		.byte	0x8
 210 00f8 08       		.uleb128 0x8
 211 00f9 6B040000 		.4byte	.LASF22
 212 00fd 05       		.byte	0x5
 213 00fe 31       		.byte	0x31
 214 00ff 8C000000 		.4byte	0x8c
 215 0103 0C       		.byte	0xc
 216 0104 08       		.uleb128 0x8
 217 0105 8B020000 		.4byte	.LASF23
 218 0109 05       		.byte	0x5
 219 010a 32       		.byte	0x32
 220 010b 8C000000 		.4byte	0x8c
 221 010f 10       		.byte	0x10
 222 0110 08       		.uleb128 0x8
 223 0111 A9000000 		.4byte	.LASF24
 224 0115 05       		.byte	0x5
 225 0116 33       		.byte	0x33
 226 0117 8C000000 		.4byte	0x8c
 227 011b 14       		.byte	0x14
 228 011c 08       		.uleb128 0x8
 229 011d 57020000 		.4byte	.LASF25
 230 0121 05       		.byte	0x5
ARM GAS  C:\Users\gjl\AppData\Local\Temp\ccKu9ryi.s 			page 7


 231 0122 34       		.byte	0x34
 232 0123 8C000000 		.4byte	0x8c
 233 0127 18       		.byte	0x18
 234 0128 08       		.uleb128 0x8
 235 0129 17020000 		.4byte	.LASF26
 236 012d 05       		.byte	0x5
 237 012e 35       		.byte	0x35
 238 012f C1000000 		.4byte	0xc1
 239 0133 1C       		.byte	0x1c
 240 0134 08       		.uleb128 0x8
 241 0135 44000000 		.4byte	.LASF27
 242 0139 05       		.byte	0x5
 243 013a 36       		.byte	0x36
 244 013b 8C000000 		.4byte	0x8c
 245 013f 20       		.byte	0x20
 246 0140 08       		.uleb128 0x8
 247 0141 4D000000 		.4byte	.LASF28
 248 0145 05       		.byte	0x5
 249 0146 37       		.byte	0x37
 250 0147 8C000000 		.4byte	0x8c
 251 014b 24       		.byte	0x24
 252 014c 08       		.uleb128 0x8
 253 014d BC030000 		.4byte	.LASF29
 254 0151 05       		.byte	0x5
 255 0152 38       		.byte	0x38
 256 0153 C1000000 		.4byte	0xc1
 257 0157 28       		.byte	0x28
 258 0158 08       		.uleb128 0x8
 259 0159 E8040000 		.4byte	.LASF30
 260 015d 05       		.byte	0x5
 261 015e 3A       		.byte	0x3a
 262 015f 8C000000 		.4byte	0x8c
 263 0163 2C       		.byte	0x2c
 264 0164 08       		.uleb128 0x8
 265 0165 4A060000 		.4byte	.LASF31
 266 0169 05       		.byte	0x5
 267 016a 3B       		.byte	0x3b
 268 016b 8C000000 		.4byte	0x8c
 269 016f 30       		.byte	0x30
 270 0170 08       		.uleb128 0x8
 271 0171 84060000 		.4byte	.LASF32
 272 0175 05       		.byte	0x5
 273 0176 3C       		.byte	0x3c
 274 0177 8C000000 		.4byte	0x8c
 275 017b 34       		.byte	0x34
 276 017c 08       		.uleb128 0x8
 277 017d 34020000 		.4byte	.LASF33
 278 0181 05       		.byte	0x5
 279 0182 3D       		.byte	0x3d
 280 0183 8C000000 		.4byte	0x8c
 281 0187 38       		.byte	0x38
 282 0188 08       		.uleb128 0x8
 283 0189 7A050000 		.4byte	.LASF34
 284 018d 05       		.byte	0x5
 285 018e 3E       		.byte	0x3e
 286 018f 8C000000 		.4byte	0x8c
 287 0193 3C       		.byte	0x3c
ARM GAS  C:\Users\gjl\AppData\Local\Temp\ccKu9ryi.s 			page 8


 288 0194 08       		.uleb128 0x8
 289 0195 CE050000 		.4byte	.LASF35
 290 0199 05       		.byte	0x5
 291 019a 40       		.byte	0x40
 292 019b 8C000000 		.4byte	0x8c
 293 019f 40       		.byte	0x40
 294 01a0 08       		.uleb128 0x8
 295 01a1 5F020000 		.4byte	.LASF36
 296 01a5 05       		.byte	0x5
 297 01a6 41       		.byte	0x41
 298 01a7 8C000000 		.4byte	0x8c
 299 01ab 44       		.byte	0x44
 300 01ac 08       		.uleb128 0x8
 301 01ad 09000000 		.4byte	.LASF37
 302 01b1 05       		.byte	0x5
 303 01b2 43       		.byte	0x43
 304 01b3 8C000000 		.4byte	0x8c
 305 01b7 48       		.byte	0x48
 306 01b8 08       		.uleb128 0x8
 307 01b9 23030000 		.4byte	.LASF38
 308 01bd 05       		.byte	0x5
 309 01be 44       		.byte	0x44
 310 01bf 8C000000 		.4byte	0x8c
 311 01c3 4C       		.byte	0x4c
 312 01c4 08       		.uleb128 0x8
 313 01c5 A9050000 		.4byte	.LASF39
 314 01c9 05       		.byte	0x5
 315 01ca 46       		.byte	0x46
 316 01cb 8C000000 		.4byte	0x8c
 317 01cf 50       		.byte	0x50
 318 01d0 08       		.uleb128 0x8
 319 01d1 68030000 		.4byte	.LASF40
 320 01d5 05       		.byte	0x5
 321 01d6 47       		.byte	0x47
 322 01d7 8C000000 		.4byte	0x8c
 323 01db 54       		.byte	0x54
 324 01dc 08       		.uleb128 0x8
 325 01dd 0D020000 		.4byte	.LASF41
 326 01e1 05       		.byte	0x5
 327 01e2 49       		.byte	0x49
 328 01e3 8C000000 		.4byte	0x8c
 329 01e7 58       		.byte	0x58
 330 01e8 08       		.uleb128 0x8
 331 01e9 35000000 		.4byte	.LASF42
 332 01ed 05       		.byte	0x5
 333 01ee 4A       		.byte	0x4a
 334 01ef 8C000000 		.4byte	0x8c
 335 01f3 5C       		.byte	0x5c
 336 01f4 08       		.uleb128 0x8
 337 01f5 57060000 		.4byte	.LASF43
 338 01f9 05       		.byte	0x5
 339 01fa 4C       		.byte	0x4c
 340 01fb 8C000000 		.4byte	0x8c
 341 01ff 60       		.byte	0x60
 342 0200 00       		.byte	0
 343 0201 03       		.uleb128 0x3
 344 0202 93020000 		.4byte	.LASF44
ARM GAS  C:\Users\gjl\AppData\Local\Temp\ccKu9ryi.s 			page 9


 345 0206 05       		.byte	0x5
 346 0207 4D       		.byte	0x4d
 347 0208 C8000000 		.4byte	0xc8
 348 020c 09       		.uleb128 0x9
 349 020d 04       		.byte	0x4
 350 020e 12020000 		.4byte	0x212
 351 0212 0A       		.uleb128 0xa
 352 0213 1D020000 		.4byte	0x21d
 353 0217 0B       		.uleb128 0xb
 354 0218 8C000000 		.4byte	0x8c
 355 021c 00       		.byte	0
 356 021d 09       		.uleb128 0x9
 357 021e 04       		.byte	0x4
 358 021f 81000000 		.4byte	0x81
 359 0223 0C       		.uleb128 0xc
 360 0224 01       		.byte	0x1
 361 0225 2C000000 		.4byte	0x2c
 362 0229 06       		.byte	0x6
 363 022a 2A01     		.2byte	0x12a
 364 022c 3D020000 		.4byte	0x23d
 365 0230 0D       		.uleb128 0xd
 366 0231 A8010000 		.4byte	.LASF45
 367 0235 00       		.byte	0
 368 0236 0D       		.uleb128 0xd
 369 0237 18060000 		.4byte	.LASF46
 370 023b 01       		.byte	0x1
 371 023c 00       		.byte	0
 372 023d 0E       		.uleb128 0xe
 373 023e CE030000 		.4byte	.LASF47
 374 0242 06       		.byte	0x6
 375 0243 2D01     		.2byte	0x12d
 376 0245 23020000 		.4byte	0x223
 377 0249 0C       		.uleb128 0xc
 378 024a 01       		.byte	0x1
 379 024b 2C000000 		.4byte	0x2c
 380 024f 06       		.byte	0x6
 381 0250 3201     		.2byte	0x132
 382 0252 81020000 		.4byte	0x281
 383 0256 0D       		.uleb128 0xd
 384 0257 F2050000 		.4byte	.LASF48
 385 025b 00       		.byte	0
 386 025c 0D       		.uleb128 0xd
 387 025d D0040000 		.4byte	.LASF49
 388 0261 01       		.byte	0x1
 389 0262 0D       		.uleb128 0xd
 390 0263 8D040000 		.4byte	.LASF50
 391 0267 02       		.byte	0x2
 392 0268 0D       		.uleb128 0xd
 393 0269 88050000 		.4byte	.LASF51
 394 026d 03       		.byte	0x3
 395 026e 0D       		.uleb128 0xd
 396 026f 0E040000 		.4byte	.LASF52
 397 0273 04       		.byte	0x4
 398 0274 0D       		.uleb128 0xd
 399 0275 2A040000 		.4byte	.LASF53
 400 0279 05       		.byte	0x5
 401 027a 0D       		.uleb128 0xd
ARM GAS  C:\Users\gjl\AppData\Local\Temp\ccKu9ryi.s 			page 10


 402 027b AE040000 		.4byte	.LASF54
 403 027f 06       		.byte	0x6
 404 0280 00       		.byte	0
 405 0281 0E       		.uleb128 0xe
 406 0282 62060000 		.4byte	.LASF55
 407 0286 06       		.byte	0x6
 408 0287 3A01     		.2byte	0x13a
 409 0289 49020000 		.4byte	0x249
 410 028d 0F       		.uleb128 0xf
 411 028e 61050000 		.4byte	.LASF57
 412 0292 3C       		.byte	0x3c
 413 0293 06       		.byte	0x6
 414 0294 6601     		.2byte	0x166
 415 0296 78030000 		.4byte	0x378
 416 029a 10       		.uleb128 0x10
 417 029b 60000000 		.4byte	.LASF58
 418 029f 06       		.byte	0x6
 419 02a0 6901     		.2byte	0x169
 420 02a2 78030000 		.4byte	0x378
 421 02a6 00       		.byte	0
 422 02a7 10       		.uleb128 0x10
 423 02a8 EE030000 		.4byte	.LASF59
 424 02ac 06       		.byte	0x6
 425 02ad 6A01     		.2byte	0x16a
 426 02af 9E000000 		.4byte	0x9e
 427 02b3 04       		.byte	0x4
 428 02b4 10       		.uleb128 0x10
 429 02b5 B4050000 		.4byte	.LASF60
 430 02b9 06       		.byte	0x6
 431 02ba 6C01     		.2byte	0x16c
 432 02bc 81000000 		.4byte	0x81
 433 02c0 08       		.byte	0x8
 434 02c1 10       		.uleb128 0x10
 435 02c2 BD050000 		.4byte	.LASF61
 436 02c6 06       		.byte	0x6
 437 02c7 6D01     		.2byte	0x16d
 438 02c9 81000000 		.4byte	0x81
 439 02cd 09       		.byte	0x9
 440 02ce 10       		.uleb128 0x10
 441 02cf 28020000 		.4byte	.LASF62
 442 02d3 06       		.byte	0x6
 443 02d4 6E01     		.2byte	0x16e
 444 02d6 3D020000 		.4byte	0x23d
 445 02da 0A       		.byte	0xa
 446 02db 11       		.uleb128 0x11
 447 02dc 69647800 		.ascii	"idx\000"
 448 02e0 06       		.byte	0x6
 449 02e1 7001     		.2byte	0x170
 450 02e3 8C000000 		.4byte	0x8c
 451 02e7 0C       		.byte	0xc
 452 02e8 10       		.uleb128 0x10
 453 02e9 03030000 		.4byte	.LASF63
 454 02ed 06       		.byte	0x6
 455 02ee 7101     		.2byte	0x171
 456 02f0 8C000000 		.4byte	0x8c
 457 02f4 10       		.byte	0x10
 458 02f5 10       		.uleb128 0x10
ARM GAS  C:\Users\gjl\AppData\Local\Temp\ccKu9ryi.s 			page 11


 459 02f6 0D030000 		.4byte	.LASF64
 460 02fa 06       		.byte	0x6
 461 02fb 7201     		.2byte	0x172
 462 02fd 8C000000 		.4byte	0x8c
 463 0301 14       		.byte	0x14
 464 0302 10       		.uleb128 0x10
 465 0303 AD020000 		.4byte	.LASF65
 466 0307 06       		.byte	0x6
 467 0308 7401     		.2byte	0x174
 468 030a C1000000 		.4byte	0xc1
 469 030e 18       		.byte	0x18
 470 030f 10       		.uleb128 0x10
 471 0310 C9040000 		.4byte	.LASF66
 472 0314 06       		.byte	0x6
 473 0315 7501     		.2byte	0x175
 474 0317 1D020000 		.4byte	0x21d
 475 031b 1C       		.byte	0x1c
 476 031c 10       		.uleb128 0x10
 477 031d C3020000 		.4byte	.LASF67
 478 0321 06       		.byte	0x6
 479 0322 7601     		.2byte	0x176
 480 0324 8C000000 		.4byte	0x8c
 481 0328 20       		.byte	0x20
 482 0329 10       		.uleb128 0x10
 483 032a 7A060000 		.4byte	.LASF68
 484 032e 06       		.byte	0x6
 485 032f 7801     		.2byte	0x178
 486 0331 1D020000 		.4byte	0x21d
 487 0335 24       		.byte	0x24
 488 0336 10       		.uleb128 0x10
 489 0337 62040000 		.4byte	.LASF69
 490 033b 06       		.byte	0x6
 491 033c 7901     		.2byte	0x179
 492 033e 8C000000 		.4byte	0x8c
 493 0342 28       		.byte	0x28
 494 0343 10       		.uleb128 0x10
 495 0344 7D020000 		.4byte	.LASF70
 496 0348 06       		.byte	0x6
 497 0349 7A01     		.2byte	0x17a
 498 034b 8C000000 		.4byte	0x8c
 499 034f 2C       		.byte	0x2c
 500 0350 10       		.uleb128 0x10
 501 0351 7F060000 		.4byte	.LASF71
 502 0355 06       		.byte	0x6
 503 0356 7C01     		.2byte	0x17c
 504 0358 1D020000 		.4byte	0x21d
 505 035c 30       		.byte	0x30
 506 035d 10       		.uleb128 0x10
 507 035e 00000000 		.4byte	.LASF72
 508 0362 06       		.byte	0x6
 509 0363 7D01     		.2byte	0x17d
 510 0365 8C000000 		.4byte	0x8c
 511 0369 34       		.byte	0x34
 512 036a 10       		.uleb128 0x10
 513 036b EA010000 		.4byte	.LASF73
 514 036f 06       		.byte	0x6
 515 0370 7E01     		.2byte	0x17e
ARM GAS  C:\Users\gjl\AppData\Local\Temp\ccKu9ryi.s 			page 12


 516 0372 8C000000 		.4byte	0x8c
 517 0376 38       		.byte	0x38
 518 0377 00       		.byte	0
 519 0378 05       		.uleb128 0x5
 520 0379 81020000 		.4byte	0x281
 521 037d 0E       		.uleb128 0xe
 522 037e E8020000 		.4byte	.LASF74
 523 0382 06       		.byte	0x6
 524 0383 8001     		.2byte	0x180
 525 0385 8D020000 		.4byte	0x28d
 526 0389 0E       		.uleb128 0xe
 527 038a 66000000 		.4byte	.LASF75
 528 038e 07       		.byte	0x7
 529 038f AB01     		.2byte	0x1ab
 530 0391 0C020000 		.4byte	0x20c
 531 0395 0F       		.uleb128 0xf
 532 0396 BA000000 		.4byte	.LASF76
 533 039a 38       		.byte	0x38
 534 039b 07       		.byte	0x7
 535 039c 4702     		.2byte	0x247
 536 039e 59040000 		.4byte	0x459
 537 03a2 10       		.uleb128 0x10
 538 03a3 96010000 		.4byte	.LASF77
 539 03a7 07       		.byte	0x7
 540 03a8 4A02     		.2byte	0x24a
 541 03aa 9E000000 		.4byte	0x9e
 542 03ae 00       		.byte	0
 543 03af 10       		.uleb128 0x10
 544 03b0 32030000 		.4byte	.LASF78
 545 03b4 07       		.byte	0x7
 546 03b5 4B02     		.2byte	0x24b
 547 03b7 9E000000 		.4byte	0x9e
 548 03bb 04       		.byte	0x4
 549 03bc 10       		.uleb128 0x10
 550 03bd 49030000 		.4byte	.LASF79
 551 03c1 07       		.byte	0x7
 552 03c2 4D02     		.2byte	0x24d
 553 03c4 BF000000 		.4byte	0xbf
 554 03c8 08       		.byte	0x8
 555 03c9 10       		.uleb128 0x10
 556 03ca 85000000 		.4byte	.LASF80
 557 03ce 07       		.byte	0x7
 558 03cf 4E02     		.2byte	0x24e
 559 03d1 8C000000 		.4byte	0x8c
 560 03d5 0C       		.byte	0xc
 561 03d6 10       		.uleb128 0x10
 562 03d7 3D020000 		.4byte	.LASF81
 563 03db 07       		.byte	0x7
 564 03dc 4F02     		.2byte	0x24f
 565 03de 9E000000 		.4byte	0x9e
 566 03e2 10       		.byte	0x10
 567 03e3 10       		.uleb128 0x10
 568 03e4 0A060000 		.4byte	.LASF82
 569 03e8 07       		.byte	0x7
 570 03e9 5002     		.2byte	0x250
 571 03eb 9E000000 		.4byte	0x9e
 572 03ef 14       		.byte	0x14
ARM GAS  C:\Users\gjl\AppData\Local\Temp\ccKu9ryi.s 			page 13


 573 03f0 10       		.uleb128 0x10
 574 03f1 08040000 		.4byte	.LASF83
 575 03f5 07       		.byte	0x7
 576 03f6 5202     		.2byte	0x252
 577 03f8 BF000000 		.4byte	0xbf
 578 03fc 18       		.byte	0x18
 579 03fd 10       		.uleb128 0x10
 580 03fe 56000000 		.4byte	.LASF84
 581 0402 07       		.byte	0x7
 582 0403 5302     		.2byte	0x253
 583 0405 8C000000 		.4byte	0x8c
 584 0409 1C       		.byte	0x1c
 585 040a 10       		.uleb128 0x10
 586 040b 9F010000 		.4byte	.LASF85
 587 040f 07       		.byte	0x7
 588 0410 5402     		.2byte	0x254
 589 0412 9E000000 		.4byte	0x9e
 590 0416 20       		.byte	0x20
 591 0417 10       		.uleb128 0x10
 592 0418 51020000 		.4byte	.LASF86
 593 041c 07       		.byte	0x7
 594 041d 5602     		.2byte	0x256
 595 041f BF000000 		.4byte	0xbf
 596 0423 24       		.byte	0x24
 597 0424 10       		.uleb128 0x10
 598 0425 64010000 		.4byte	.LASF87
 599 0429 07       		.byte	0x7
 600 042a 5702     		.2byte	0x257
 601 042c 8C000000 		.4byte	0x8c
 602 0430 28       		.byte	0x28
 603 0431 10       		.uleb128 0x10
 604 0432 15000000 		.4byte	.LASF88
 605 0436 07       		.byte	0x7
 606 0437 5802     		.2byte	0x258
 607 0439 9E000000 		.4byte	0x9e
 608 043d 2C       		.byte	0x2c
 609 043e 10       		.uleb128 0x10
 610 043f 59040000 		.4byte	.LASF89
 611 0443 07       		.byte	0x7
 612 0444 5D02     		.2byte	0x25d
 613 0446 89030000 		.4byte	0x389
 614 044a 30       		.byte	0x30
 615 044b 10       		.uleb128 0x10
 616 044c C6050000 		.4byte	.LASF90
 617 0450 07       		.byte	0x7
 618 0451 6002     		.2byte	0x260
 619 0453 8C000000 		.4byte	0x8c
 620 0457 34       		.byte	0x34
 621 0458 00       		.byte	0
 622 0459 0E       		.uleb128 0xe
 623 045a D8050000 		.4byte	.LASF91
 624 045e 07       		.byte	0x7
 625 045f 6302     		.2byte	0x263
 626 0461 95030000 		.4byte	0x395
 627 0465 12       		.uleb128 0x12
 628 0466 CB020000 		.4byte	.LASF103
 629 046a 02       		.byte	0x2
ARM GAS  C:\Users\gjl\AppData\Local\Temp\ccKu9ryi.s 			page 14


 630 046b 53       		.byte	0x53
 631 046c 03       		.byte	0x3
 632 046d 13       		.uleb128 0x13
 633 046e 86010000 		.4byte	.LASF104
 634 0472 01       		.byte	0x1
 635 0473 0E       		.byte	0xe
 636 0474 73000000 		.4byte	0x73
 637 0478 00000000 		.4byte	.LFB539
 638 047c 1C000000 		.4byte	.LFE539-.LFB539
 639 0480 01       		.uleb128 0x1
 640 0481 9C       		.byte	0x9c
 641 0482 C9040000 		.4byte	0x4c9
 642 0486 14       		.uleb128 0x14
 643 0487 65040000 		.4byte	0x465
 644 048b 02000000 		.4byte	.LBB4
 645 048f 02000000 		.4byte	.LBE4-.LBB4
 646 0493 01       		.byte	0x1
 647 0494 10       		.byte	0x10
 648 0495 15       		.uleb128 0x15
 649 0496 0A000000 		.4byte	.LVL0
 650 049a 05050000 		.4byte	0x505
 651 049e A8040000 		.4byte	0x4a8
 652 04a2 16       		.uleb128 0x16
 653 04a3 01       		.uleb128 0x1
 654 04a4 50       		.byte	0x50
 655 04a5 01       		.uleb128 0x1
 656 04a6 30       		.byte	0x30
 657 04a7 00       		.byte	0
 658 04a8 15       		.uleb128 0x15
 659 04a9 10000000 		.4byte	.LVL1
 660 04ad 10050000 		.4byte	0x510
 661 04b1 BF040000 		.4byte	0x4bf
 662 04b5 16       		.uleb128 0x16
 663 04b6 01       		.uleb128 0x1
 664 04b7 50       		.byte	0x50
 665 04b8 05       		.uleb128 0x5
 666 04b9 0C       		.byte	0xc
 667 04ba 00000810 		.4byte	0x10080000
 668 04be 00       		.byte	0
 669 04bf 17       		.uleb128 0x17
 670 04c0 14000000 		.4byte	.LVL2
 671 04c4 1C050000 		.4byte	0x51c
 672 04c8 00       		.byte	0
 673 04c9 18       		.uleb128 0x18
 674 04ca 3D060000 		.4byte	.LASF92
 675 04ce 08       		.byte	0x8
 676 04cf 87       		.byte	0x87
 677 04d0 59040000 		.4byte	0x459
 678 04d4 18       		.uleb128 0x18
 679 04d5 F8010000 		.4byte	.LASF93
 680 04d9 09       		.byte	0x9
 681 04da 1F       		.byte	0x1f
 682 04db DF040000 		.4byte	0x4df
 683 04df 19       		.uleb128 0x19
 684 04e0 01020000 		.4byte	0x201
 685 04e4 18       		.uleb128 0x18
 686 04e5 AF030000 		.4byte	.LASF94
ARM GAS  C:\Users\gjl\AppData\Local\Temp\ccKu9ryi.s 			page 15


 687 04e9 0A       		.byte	0xa
 688 04ea 1F       		.byte	0x1f
 689 04eb DF040000 		.4byte	0x4df
 690 04ef 18       		.uleb128 0x18
 691 04f0 46040000 		.4byte	.LASF95
 692 04f4 0B       		.byte	0xb
 693 04f5 4B       		.byte	0x4b
 694 04f6 7D030000 		.4byte	0x37d
 695 04fa 18       		.uleb128 0x18
 696 04fb D8020000 		.4byte	.LASF96
 697 04ff 0C       		.byte	0xc
 698 0500 1F       		.byte	0x1f
 699 0501 DF040000 		.4byte	0x4df
 700 0505 1A       		.uleb128 0x1a
 701 0506 7A040000 		.4byte	.LASF97
 702 050a 7A040000 		.4byte	.LASF97
 703 050e 0D       		.byte	0xd
 704 050f 24       		.byte	0x24
 705 0510 1B       		.uleb128 0x1b
 706 0511 C4010000 		.4byte	.LASF98
 707 0515 C4010000 		.4byte	.LASF98
 708 0519 0E       		.byte	0xe
 709 051a FE01     		.2byte	0x1fe
 710 051c 1B       		.uleb128 0x1b
 711 051d 53030000 		.4byte	.LASF99
 712 0521 53030000 		.4byte	.LASF99
 713 0525 0F       		.byte	0xf
 714 0526 A407     		.2byte	0x7a4
 715 0528 00       		.byte	0
 716              		.section	.debug_abbrev,"",%progbits
 717              	.Ldebug_abbrev0:
 718 0000 01       		.uleb128 0x1
 719 0001 11       		.uleb128 0x11
 720 0002 01       		.byte	0x1
 721 0003 25       		.uleb128 0x25
 722 0004 0E       		.uleb128 0xe
 723 0005 13       		.uleb128 0x13
 724 0006 0B       		.uleb128 0xb
 725 0007 03       		.uleb128 0x3
 726 0008 0E       		.uleb128 0xe
 727 0009 1B       		.uleb128 0x1b
 728 000a 0E       		.uleb128 0xe
 729 000b 55       		.uleb128 0x55
 730 000c 17       		.uleb128 0x17
 731 000d 11       		.uleb128 0x11
 732 000e 01       		.uleb128 0x1
 733 000f 10       		.uleb128 0x10
 734 0010 17       		.uleb128 0x17
 735 0011 00       		.byte	0
 736 0012 00       		.byte	0
 737 0013 02       		.uleb128 0x2
 738 0014 24       		.uleb128 0x24
 739 0015 00       		.byte	0
 740 0016 0B       		.uleb128 0xb
 741 0017 0B       		.uleb128 0xb
 742 0018 3E       		.uleb128 0x3e
 743 0019 0B       		.uleb128 0xb
ARM GAS  C:\Users\gjl\AppData\Local\Temp\ccKu9ryi.s 			page 16


 744 001a 03       		.uleb128 0x3
 745 001b 0E       		.uleb128 0xe
 746 001c 00       		.byte	0
 747 001d 00       		.byte	0
 748 001e 03       		.uleb128 0x3
 749 001f 16       		.uleb128 0x16
 750 0020 00       		.byte	0
 751 0021 03       		.uleb128 0x3
 752 0022 0E       		.uleb128 0xe
 753 0023 3A       		.uleb128 0x3a
 754 0024 0B       		.uleb128 0xb
 755 0025 3B       		.uleb128 0x3b
 756 0026 0B       		.uleb128 0xb
 757 0027 49       		.uleb128 0x49
 758 0028 13       		.uleb128 0x13
 759 0029 00       		.byte	0
 760 002a 00       		.byte	0
 761 002b 04       		.uleb128 0x4
 762 002c 24       		.uleb128 0x24
 763 002d 00       		.byte	0
 764 002e 0B       		.uleb128 0xb
 765 002f 0B       		.uleb128 0xb
 766 0030 3E       		.uleb128 0x3e
 767 0031 0B       		.uleb128 0xb
 768 0032 03       		.uleb128 0x3
 769 0033 08       		.uleb128 0x8
 770 0034 00       		.byte	0
 771 0035 00       		.byte	0
 772 0036 05       		.uleb128 0x5
 773 0037 35       		.uleb128 0x35
 774 0038 00       		.byte	0
 775 0039 49       		.uleb128 0x49
 776 003a 13       		.uleb128 0x13
 777 003b 00       		.byte	0
 778 003c 00       		.byte	0
 779 003d 06       		.uleb128 0x6
 780 003e 0F       		.uleb128 0xf
 781 003f 00       		.byte	0
 782 0040 0B       		.uleb128 0xb
 783 0041 0B       		.uleb128 0xb
 784 0042 00       		.byte	0
 785 0043 00       		.byte	0
 786 0044 07       		.uleb128 0x7
 787 0045 13       		.uleb128 0x13
 788 0046 01       		.byte	0x1
 789 0047 03       		.uleb128 0x3
 790 0048 0E       		.uleb128 0xe
 791 0049 0B       		.uleb128 0xb
 792 004a 0B       		.uleb128 0xb
 793 004b 3A       		.uleb128 0x3a
 794 004c 0B       		.uleb128 0xb
 795 004d 3B       		.uleb128 0x3b
 796 004e 0B       		.uleb128 0xb
 797 004f 01       		.uleb128 0x1
 798 0050 13       		.uleb128 0x13
 799 0051 00       		.byte	0
 800 0052 00       		.byte	0
ARM GAS  C:\Users\gjl\AppData\Local\Temp\ccKu9ryi.s 			page 17


 801 0053 08       		.uleb128 0x8
 802 0054 0D       		.uleb128 0xd
 803 0055 00       		.byte	0
 804 0056 03       		.uleb128 0x3
 805 0057 0E       		.uleb128 0xe
 806 0058 3A       		.uleb128 0x3a
 807 0059 0B       		.uleb128 0xb
 808 005a 3B       		.uleb128 0x3b
 809 005b 0B       		.uleb128 0xb
 810 005c 49       		.uleb128 0x49
 811 005d 13       		.uleb128 0x13
 812 005e 38       		.uleb128 0x38
 813 005f 0B       		.uleb128 0xb
 814 0060 00       		.byte	0
 815 0061 00       		.byte	0
 816 0062 09       		.uleb128 0x9
 817 0063 0F       		.uleb128 0xf
 818 0064 00       		.byte	0
 819 0065 0B       		.uleb128 0xb
 820 0066 0B       		.uleb128 0xb
 821 0067 49       		.uleb128 0x49
 822 0068 13       		.uleb128 0x13
 823 0069 00       		.byte	0
 824 006a 00       		.byte	0
 825 006b 0A       		.uleb128 0xa
 826 006c 15       		.uleb128 0x15
 827 006d 01       		.byte	0x1
 828 006e 27       		.uleb128 0x27
 829 006f 19       		.uleb128 0x19
 830 0070 01       		.uleb128 0x1
 831 0071 13       		.uleb128 0x13
 832 0072 00       		.byte	0
 833 0073 00       		.byte	0
 834 0074 0B       		.uleb128 0xb
 835 0075 05       		.uleb128 0x5
 836 0076 00       		.byte	0
 837 0077 49       		.uleb128 0x49
 838 0078 13       		.uleb128 0x13
 839 0079 00       		.byte	0
 840 007a 00       		.byte	0
 841 007b 0C       		.uleb128 0xc
 842 007c 04       		.uleb128 0x4
 843 007d 01       		.byte	0x1
 844 007e 0B       		.uleb128 0xb
 845 007f 0B       		.uleb128 0xb
 846 0080 49       		.uleb128 0x49
 847 0081 13       		.uleb128 0x13
 848 0082 3A       		.uleb128 0x3a
 849 0083 0B       		.uleb128 0xb
 850 0084 3B       		.uleb128 0x3b
 851 0085 05       		.uleb128 0x5
 852 0086 01       		.uleb128 0x1
 853 0087 13       		.uleb128 0x13
 854 0088 00       		.byte	0
 855 0089 00       		.byte	0
 856 008a 0D       		.uleb128 0xd
 857 008b 28       		.uleb128 0x28
ARM GAS  C:\Users\gjl\AppData\Local\Temp\ccKu9ryi.s 			page 18


 858 008c 00       		.byte	0
 859 008d 03       		.uleb128 0x3
 860 008e 0E       		.uleb128 0xe
 861 008f 1C       		.uleb128 0x1c
 862 0090 0B       		.uleb128 0xb
 863 0091 00       		.byte	0
 864 0092 00       		.byte	0
 865 0093 0E       		.uleb128 0xe
 866 0094 16       		.uleb128 0x16
 867 0095 00       		.byte	0
 868 0096 03       		.uleb128 0x3
 869 0097 0E       		.uleb128 0xe
 870 0098 3A       		.uleb128 0x3a
 871 0099 0B       		.uleb128 0xb
 872 009a 3B       		.uleb128 0x3b
 873 009b 05       		.uleb128 0x5
 874 009c 49       		.uleb128 0x49
 875 009d 13       		.uleb128 0x13
 876 009e 00       		.byte	0
 877 009f 00       		.byte	0
 878 00a0 0F       		.uleb128 0xf
 879 00a1 13       		.uleb128 0x13
 880 00a2 01       		.byte	0x1
 881 00a3 03       		.uleb128 0x3
 882 00a4 0E       		.uleb128 0xe
 883 00a5 0B       		.uleb128 0xb
 884 00a6 0B       		.uleb128 0xb
 885 00a7 3A       		.uleb128 0x3a
 886 00a8 0B       		.uleb128 0xb
 887 00a9 3B       		.uleb128 0x3b
 888 00aa 05       		.uleb128 0x5
 889 00ab 01       		.uleb128 0x1
 890 00ac 13       		.uleb128 0x13
 891 00ad 00       		.byte	0
 892 00ae 00       		.byte	0
 893 00af 10       		.uleb128 0x10
 894 00b0 0D       		.uleb128 0xd
 895 00b1 00       		.byte	0
 896 00b2 03       		.uleb128 0x3
 897 00b3 0E       		.uleb128 0xe
 898 00b4 3A       		.uleb128 0x3a
 899 00b5 0B       		.uleb128 0xb
 900 00b6 3B       		.uleb128 0x3b
 901 00b7 05       		.uleb128 0x5
 902 00b8 49       		.uleb128 0x49
 903 00b9 13       		.uleb128 0x13
 904 00ba 38       		.uleb128 0x38
 905 00bb 0B       		.uleb128 0xb
 906 00bc 00       		.byte	0
 907 00bd 00       		.byte	0
 908 00be 11       		.uleb128 0x11
 909 00bf 0D       		.uleb128 0xd
 910 00c0 00       		.byte	0
 911 00c1 03       		.uleb128 0x3
 912 00c2 08       		.uleb128 0x8
 913 00c3 3A       		.uleb128 0x3a
 914 00c4 0B       		.uleb128 0xb
ARM GAS  C:\Users\gjl\AppData\Local\Temp\ccKu9ryi.s 			page 19


 915 00c5 3B       		.uleb128 0x3b
 916 00c6 05       		.uleb128 0x5
 917 00c7 49       		.uleb128 0x49
 918 00c8 13       		.uleb128 0x13
 919 00c9 38       		.uleb128 0x38
 920 00ca 0B       		.uleb128 0xb
 921 00cb 00       		.byte	0
 922 00cc 00       		.byte	0
 923 00cd 12       		.uleb128 0x12
 924 00ce 2E       		.uleb128 0x2e
 925 00cf 00       		.byte	0
 926 00d0 03       		.uleb128 0x3
 927 00d1 0E       		.uleb128 0xe
 928 00d2 3A       		.uleb128 0x3a
 929 00d3 0B       		.uleb128 0xb
 930 00d4 3B       		.uleb128 0x3b
 931 00d5 0B       		.uleb128 0xb
 932 00d6 27       		.uleb128 0x27
 933 00d7 19       		.uleb128 0x19
 934 00d8 20       		.uleb128 0x20
 935 00d9 0B       		.uleb128 0xb
 936 00da 00       		.byte	0
 937 00db 00       		.byte	0
 938 00dc 13       		.uleb128 0x13
 939 00dd 2E       		.uleb128 0x2e
 940 00de 01       		.byte	0x1
 941 00df 3F       		.uleb128 0x3f
 942 00e0 19       		.uleb128 0x19
 943 00e1 03       		.uleb128 0x3
 944 00e2 0E       		.uleb128 0xe
 945 00e3 3A       		.uleb128 0x3a
 946 00e4 0B       		.uleb128 0xb
 947 00e5 3B       		.uleb128 0x3b
 948 00e6 0B       		.uleb128 0xb
 949 00e7 27       		.uleb128 0x27
 950 00e8 19       		.uleb128 0x19
 951 00e9 49       		.uleb128 0x49
 952 00ea 13       		.uleb128 0x13
 953 00eb 8701     		.uleb128 0x87
 954 00ed 19       		.uleb128 0x19
 955 00ee 11       		.uleb128 0x11
 956 00ef 01       		.uleb128 0x1
 957 00f0 12       		.uleb128 0x12
 958 00f1 06       		.uleb128 0x6
 959 00f2 40       		.uleb128 0x40
 960 00f3 18       		.uleb128 0x18
 961 00f4 9742     		.uleb128 0x2117
 962 00f6 19       		.uleb128 0x19
 963 00f7 01       		.uleb128 0x1
 964 00f8 13       		.uleb128 0x13
 965 00f9 00       		.byte	0
 966 00fa 00       		.byte	0
 967 00fb 14       		.uleb128 0x14
 968 00fc 1D       		.uleb128 0x1d
 969 00fd 00       		.byte	0
 970 00fe 31       		.uleb128 0x31
 971 00ff 13       		.uleb128 0x13
ARM GAS  C:\Users\gjl\AppData\Local\Temp\ccKu9ryi.s 			page 20


 972 0100 11       		.uleb128 0x11
 973 0101 01       		.uleb128 0x1
 974 0102 12       		.uleb128 0x12
 975 0103 06       		.uleb128 0x6
 976 0104 58       		.uleb128 0x58
 977 0105 0B       		.uleb128 0xb
 978 0106 59       		.uleb128 0x59
 979 0107 0B       		.uleb128 0xb
 980 0108 00       		.byte	0
 981 0109 00       		.byte	0
 982 010a 15       		.uleb128 0x15
 983 010b 898201   		.uleb128 0x4109
 984 010e 01       		.byte	0x1
 985 010f 11       		.uleb128 0x11
 986 0110 01       		.uleb128 0x1
 987 0111 31       		.uleb128 0x31
 988 0112 13       		.uleb128 0x13
 989 0113 01       		.uleb128 0x1
 990 0114 13       		.uleb128 0x13
 991 0115 00       		.byte	0
 992 0116 00       		.byte	0
 993 0117 16       		.uleb128 0x16
 994 0118 8A8201   		.uleb128 0x410a
 995 011b 00       		.byte	0
 996 011c 02       		.uleb128 0x2
 997 011d 18       		.uleb128 0x18
 998 011e 9142     		.uleb128 0x2111
 999 0120 18       		.uleb128 0x18
 1000 0121 00       		.byte	0
 1001 0122 00       		.byte	0
 1002 0123 17       		.uleb128 0x17
 1003 0124 898201   		.uleb128 0x4109
 1004 0127 00       		.byte	0
 1005 0128 11       		.uleb128 0x11
 1006 0129 01       		.uleb128 0x1
 1007 012a 31       		.uleb128 0x31
 1008 012b 13       		.uleb128 0x13
 1009 012c 00       		.byte	0
 1010 012d 00       		.byte	0
 1011 012e 18       		.uleb128 0x18
 1012 012f 34       		.uleb128 0x34
 1013 0130 00       		.byte	0
 1014 0131 03       		.uleb128 0x3
 1015 0132 0E       		.uleb128 0xe
 1016 0133 3A       		.uleb128 0x3a
 1017 0134 0B       		.uleb128 0xb
 1018 0135 3B       		.uleb128 0x3b
 1019 0136 0B       		.uleb128 0xb
 1020 0137 49       		.uleb128 0x49
 1021 0138 13       		.uleb128 0x13
 1022 0139 3F       		.uleb128 0x3f
 1023 013a 19       		.uleb128 0x19
 1024 013b 3C       		.uleb128 0x3c
 1025 013c 19       		.uleb128 0x19
 1026 013d 00       		.byte	0
 1027 013e 00       		.byte	0
 1028 013f 19       		.uleb128 0x19
ARM GAS  C:\Users\gjl\AppData\Local\Temp\ccKu9ryi.s 			page 21


 1029 0140 26       		.uleb128 0x26
 1030 0141 00       		.byte	0
 1031 0142 49       		.uleb128 0x49
 1032 0143 13       		.uleb128 0x13
 1033 0144 00       		.byte	0
 1034 0145 00       		.byte	0
 1035 0146 1A       		.uleb128 0x1a
 1036 0147 2E       		.uleb128 0x2e
 1037 0148 00       		.byte	0
 1038 0149 3F       		.uleb128 0x3f
 1039 014a 19       		.uleb128 0x19
 1040 014b 3C       		.uleb128 0x3c
 1041 014c 19       		.uleb128 0x19
 1042 014d 6E       		.uleb128 0x6e
 1043 014e 0E       		.uleb128 0xe
 1044 014f 03       		.uleb128 0x3
 1045 0150 0E       		.uleb128 0xe
 1046 0151 3A       		.uleb128 0x3a
 1047 0152 0B       		.uleb128 0xb
 1048 0153 3B       		.uleb128 0x3b
 1049 0154 0B       		.uleb128 0xb
 1050 0155 00       		.byte	0
 1051 0156 00       		.byte	0
 1052 0157 1B       		.uleb128 0x1b
 1053 0158 2E       		.uleb128 0x2e
 1054 0159 00       		.byte	0
 1055 015a 3F       		.uleb128 0x3f
 1056 015b 19       		.uleb128 0x19
 1057 015c 3C       		.uleb128 0x3c
 1058 015d 19       		.uleb128 0x19
 1059 015e 6E       		.uleb128 0x6e
 1060 015f 0E       		.uleb128 0xe
 1061 0160 03       		.uleb128 0x3
 1062 0161 0E       		.uleb128 0xe
 1063 0162 3A       		.uleb128 0x3a
 1064 0163 0B       		.uleb128 0xb
 1065 0164 3B       		.uleb128 0x3b
 1066 0165 05       		.uleb128 0x5
 1067 0166 00       		.byte	0
 1068 0167 00       		.byte	0
 1069 0168 00       		.byte	0
 1070              		.section	.debug_aranges,"",%progbits
 1071 0000 1C000000 		.4byte	0x1c
 1072 0004 0200     		.2byte	0x2
 1073 0006 00000000 		.4byte	.Ldebug_info0
 1074 000a 04       		.byte	0x4
 1075 000b 00       		.byte	0
 1076 000c 0000     		.2byte	0
 1077 000e 0000     		.2byte	0
 1078 0010 00000000 		.4byte	.LFB539
 1079 0014 1C000000 		.4byte	.LFE539-.LFB539
 1080 0018 00000000 		.4byte	0
 1081 001c 00000000 		.4byte	0
 1082              		.section	.debug_ranges,"",%progbits
 1083              	.Ldebug_ranges0:
 1084 0000 00000000 		.4byte	.LFB539
 1085 0004 1C000000 		.4byte	.LFE539
ARM GAS  C:\Users\gjl\AppData\Local\Temp\ccKu9ryi.s 			page 22


 1086 0008 00000000 		.4byte	0
 1087 000c 00000000 		.4byte	0
 1088              		.section	.debug_line,"",%progbits
 1089              	.Ldebug_line0:
 1090 0000 C3020000 		.section	.debug_str,"MS",%progbits,1
 1090      02009C02 
 1090      00000201 
 1090      FB0E0D00 
 1090      01010101 
 1091              	.LASF72:
 1092 0000 62756632 		.ascii	"buf2Size\000"
 1092      53697A65 
 1092      00
 1093              	.LASF37:
 1094 0009 72656C6F 		.ascii	"reloadInput\000"
 1094      6164496E 
 1094      70757400 
 1095              	.LASF88:
 1096 0015 74784C65 		.ascii	"txLeftToTransmit\000"
 1096      6674546F 
 1096      5472616E 
 1096      736D6974 
 1096      00
 1097              	.LASF20:
 1098 0026 636C6F63 		.ascii	"clockPrescaler\000"
 1098      6B507265 
 1098      7363616C 
 1098      657200
 1099              	.LASF42:
 1100 0035 636F756E 		.ascii	"countInputMode\000"
 1100      74496E70 
 1100      75744D6F 
 1100      646500
 1101              	.LASF27:
 1102 0044 636F6D70 		.ascii	"compare0\000"
 1102      61726530 
 1102      00
 1103              	.LASF28:
 1104 004d 636F6D70 		.ascii	"compare1\000"
 1104      61726531 
 1104      00
 1105              	.LASF84:
 1106 0056 72784275 		.ascii	"rxBufSize\000"
 1106      6653697A 
 1106      6500
 1107              	.LASF58:
 1108 0060 73746174 		.ascii	"state\000"
 1108      6500
 1109              	.LASF75:
 1110 0066 63795F63 		.ascii	"cy_cb_scb_uart_handle_events_t\000"
 1110      625F7363 
 1110      625F7561 
 1110      72745F68 
 1110      616E646C 
 1111              	.LASF80:
 1112 0085 72785269 		.ascii	"rxRingBufSize\000"
 1112      6E674275 
ARM GAS  C:\Users\gjl\AppData\Local\Temp\ccKu9ryi.s 			page 23


 1112      6653697A 
 1112      6500
 1113              	.LASF101:
 1114 0093 6D61696E 		.ascii	"main_cm0p.c\000"
 1114      5F636D30 
 1114      702E6300 
 1115              	.LASF0:
 1116 009f 73686F72 		.ascii	"short int\000"
 1116      7420696E 
 1116      7400
 1117              	.LASF24:
 1118 00a9 70657269 		.ascii	"period0\000"
 1118      6F643000 
 1119              	.LASF13:
 1120 00b1 73697A65 		.ascii	"sizetype\000"
 1120      74797065 
 1120      00
 1121              	.LASF76:
 1122 00ba 63795F73 		.ascii	"cy_stc_scb_uart_context\000"
 1122      74635F73 
 1122      63625F75 
 1122      6172745F 
 1122      636F6E74 
 1123              	.LASF100:
 1124 00d2 474E5520 		.ascii	"GNU C11 5.4.1 20160609 (release) [ARM/embedded-5-br"
 1124      43313120 
 1124      352E342E 
 1124      31203230 
 1124      31363036 
 1125 0105 616E6368 		.ascii	"anch revision 237715] -mcpu=cortex-m0plus -mthumb -"
 1125      20726576 
 1125      6973696F 
 1125      6E203233 
 1125      37373135 
 1126 0138 67202D4F 		.ascii	"g -Og -ffunction-sections -ffat-lto-objects\000"
 1126      67202D66 
 1126      66756E63 
 1126      74696F6E 
 1126      2D736563 
 1127              	.LASF87:
 1128 0164 74784275 		.ascii	"txBufSize\000"
 1128      6653697A 
 1128      6500
 1129              	.LASF56:
 1130 016e 63795F73 		.ascii	"cy_stc_tcpwm_pwm_config\000"
 1130      74635F74 
 1130      6370776D 
 1130      5F70776D 
 1130      5F636F6E 
 1131              	.LASF104:
 1132 0186 6D61696E 		.ascii	"main\000"
 1132      00
 1133              	.LASF6:
 1134 018b 5F5F7569 		.ascii	"__uint32_t\000"
 1134      6E743332 
 1134      5F7400
 1135              	.LASF77:
ARM GAS  C:\Users\gjl\AppData\Local\Temp\ccKu9ryi.s 			page 24


 1136 0196 74785374 		.ascii	"txStatus\000"
 1136      61747573 
 1136      00
 1137              	.LASF85:
 1138 019f 72784275 		.ascii	"rxBufIdx\000"
 1138      66496478 
 1138      00
 1139              	.LASF45:
 1140 01a8 43595F53 		.ascii	"CY_SCB_EZI2C_SUB_ADDR8_BITS\000"
 1140      43425F45 
 1140      5A493243 
 1140      5F535542 
 1140      5F414444 
 1141              	.LASF98:
 1142 01c4 43795F53 		.ascii	"Cy_SysEnableCM4\000"
 1142      7973456E 
 1142      61626C65 
 1142      434D3400 
 1143              	.LASF4:
 1144 01d4 6C6F6E67 		.ascii	"long int\000"
 1144      20696E74 
 1144      00
 1145              	.LASF21:
 1146 01dd 70776D41 		.ascii	"pwmAlignment\000"
 1146      6C69676E 
 1146      6D656E74 
 1146      00
 1147              	.LASF73:
 1148 01ea 62756632 		.ascii	"buf2rwBondary\000"
 1148      7277426F 
 1148      6E646172 
 1148      7900
 1149              	.LASF93:
 1150 01f8 50574D5F 		.ascii	"PWM_1_config\000"
 1150      315F636F 
 1150      6E666967 
 1150      00
 1151              	.LASF11:
 1152 0205 75696E74 		.ascii	"uint8_t\000"
 1152      385F7400 
 1153              	.LASF41:
 1154 020d 6B696C6C 		.ascii	"killInput\000"
 1154      496E7075 
 1154      7400
 1155              	.LASF26:
 1156 0217 656E6162 		.ascii	"enablePeriodSwap\000"
 1156      6C655065 
 1156      72696F64 
 1156      53776170 
 1156      00
 1157              	.LASF62:
 1158 0228 73756241 		.ascii	"subAddrSize\000"
 1158      64647253 
 1158      697A6500 
 1159              	.LASF33:
 1160 0234 6B696C6C 		.ascii	"killMode\000"
 1160      4D6F6465 
ARM GAS  C:\Users\gjl\AppData\Local\Temp\ccKu9ryi.s 			page 25


 1160      00
 1161              	.LASF81:
 1162 023d 72785269 		.ascii	"rxRingBufHead\000"
 1162      6E674275 
 1162      66486561 
 1162      6400
 1163              	.LASF16:
 1164 024b 666C6F61 		.ascii	"float\000"
 1164      7400
 1165              	.LASF86:
 1166 0251 74784275 		.ascii	"txBuf\000"
 1166      6600
 1167              	.LASF25:
 1168 0257 70657269 		.ascii	"period1\000"
 1168      6F643100 
 1169              	.LASF36:
 1170 025f 72656C6F 		.ascii	"reloadInputMode\000"
 1170      6164496E 
 1170      7075744D 
 1170      6F646500 
 1171              	.LASF8:
 1172 026f 6C6F6E67 		.ascii	"long long int\000"
 1172      206C6F6E 
 1172      6720696E 
 1172      7400
 1173              	.LASF70:
 1174 027d 62756631 		.ascii	"buf1rwBondary\000"
 1174      7277426F 
 1174      6E646172 
 1174      7900
 1175              	.LASF23:
 1176 028b 72756E4D 		.ascii	"runMode\000"
 1176      6F646500 
 1177              	.LASF44:
 1178 0293 63795F73 		.ascii	"cy_stc_tcpwm_pwm_config_t\000"
 1178      74635F74 
 1178      6370776D 
 1178      5F70776D 
 1178      5F636F6E 
 1179              	.LASF65:
 1180 02ad 61646472 		.ascii	"addr1Active\000"
 1180      31416374 
 1180      69766500 
 1181              	.LASF5:
 1182 02b9 5F5F7569 		.ascii	"__uint8_t\000"
 1182      6E74385F 
 1182      7400
 1183              	.LASF67:
 1184 02c3 62756653 		.ascii	"bufSize\000"
 1184      697A6500 
 1185              	.LASF103:
 1186 02cb 5F5F656E 		.ascii	"__enable_irq\000"
 1186      61626C65 
 1186      5F697271 
 1186      00
 1187              	.LASF96:
 1188 02d8 4C454442 		.ascii	"LEDBlink_config\000"
ARM GAS  C:\Users\gjl\AppData\Local\Temp\ccKu9ryi.s 			page 26


 1188      6C696E6B 
 1188      5F636F6E 
 1188      66696700 
 1189              	.LASF74:
 1190 02e8 63795F73 		.ascii	"cy_stc_scb_ezi2c_context_t\000"
 1190      74635F73 
 1190      63625F65 
 1190      7A693263 
 1190      5F636F6E 
 1191              	.LASF63:
 1192 0303 62617365 		.ascii	"baseAddr1\000"
 1192      41646472 
 1192      3100
 1193              	.LASF64:
 1194 030d 62617365 		.ascii	"baseAddr2\000"
 1194      41646472 
 1194      3200
 1195              	.LASF14:
 1196 0317 6C6F6E67 		.ascii	"long double\000"
 1196      20646F75 
 1196      626C6500 
 1197              	.LASF38:
 1198 0323 73746172 		.ascii	"startInputMode\000"
 1198      74496E70 
 1198      75744D6F 
 1198      646500
 1199              	.LASF78:
 1200 0332 72785374 		.ascii	"rxStatus\000"
 1200      61747573 
 1200      00
 1201              	.LASF1:
 1202 033b 756E7369 		.ascii	"unsigned char\000"
 1202      676E6564 
 1202      20636861 
 1202      7200
 1203              	.LASF79:
 1204 0349 72785269 		.ascii	"rxRingBuf\000"
 1204      6E674275 
 1204      6600
 1205              	.LASF99:
 1206 0353 43795F42 		.ascii	"Cy_BLE_ProcessEvents\000"
 1206      4C455F50 
 1206      726F6365 
 1206      73734576 
 1206      656E7473 
 1207              	.LASF40:
 1208 0368 6B696C6C 		.ascii	"killInputMode\000"
 1208      496E7075 
 1208      744D6F64 
 1208      6500
 1209              	.LASF2:
 1210 0376 7369676E 		.ascii	"signed char\000"
 1210      65642063 
 1210      68617200 
 1211              	.LASF9:
 1212 0382 6C6F6E67 		.ascii	"long long unsigned int\000"
 1212      206C6F6E 
ARM GAS  C:\Users\gjl\AppData\Local\Temp\ccKu9ryi.s 			page 27


 1212      6720756E 
 1212      7369676E 
 1212      65642069 
 1213              	.LASF12:
 1214 0399 75696E74 		.ascii	"uint32_t\000"
 1214      33325F74 
 1214      00
 1215              	.LASF10:
 1216 03a2 756E7369 		.ascii	"unsigned int\000"
 1216      676E6564 
 1216      20696E74 
 1216      00
 1217              	.LASF94:
 1218 03af 50574D5F 		.ascii	"PWM_2_config\000"
 1218      325F636F 
 1218      6E666967 
 1218      00
 1219              	.LASF29:
 1220 03bc 656E6162 		.ascii	"enableCompareSwap\000"
 1220      6C65436F 
 1220      6D706172 
 1220      65537761 
 1220      7000
 1221              	.LASF47:
 1222 03ce 63795F65 		.ascii	"cy_en_scb_ezi2c_sub_addr_size_t\000"
 1222      6E5F7363 
 1222      625F657A 
 1222      6932635F 
 1222      7375625F 
 1223              	.LASF59:
 1224 03ee 73746174 		.ascii	"status\000"
 1224      757300
 1225              	.LASF3:
 1226 03f5 73686F72 		.ascii	"short unsigned int\000"
 1226      7420756E 
 1226      7369676E 
 1226      65642069 
 1226      6E7400
 1227              	.LASF83:
 1228 0408 72784275 		.ascii	"rxBuf\000"
 1228      6600
 1229              	.LASF52:
 1230 040e 43595F53 		.ascii	"CY_SCB_EZI2C_STATE_RX_DATA0\000"
 1230      43425F45 
 1230      5A493243 
 1230      5F535441 
 1230      54455F52 
 1231              	.LASF53:
 1232 042a 43595F53 		.ascii	"CY_SCB_EZI2C_STATE_RX_DATA1\000"
 1232      43425F45 
 1232      5A493243 
 1232      5F535441 
 1232      54455F52 
 1233              	.LASF95:
 1234 0446 455A4932 		.ascii	"EZI2C_context\000"
 1234      435F636F 
 1234      6E746578 
ARM GAS  C:\Users\gjl\AppData\Local\Temp\ccKu9ryi.s 			page 28


 1234      7400
 1235              	.LASF15:
 1236 0454 63686172 		.ascii	"char\000"
 1236      00
 1237              	.LASF89:
 1238 0459 63624576 		.ascii	"cbEvents\000"
 1238      656E7473 
 1238      00
 1239              	.LASF69:
 1240 0462 62756631 		.ascii	"buf1Size\000"
 1240      53697A65 
 1240      00
 1241              	.LASF22:
 1242 046b 64656164 		.ascii	"deadTimeClocks\000"
 1242      54696D65 
 1242      436C6F63 
 1242      6B7300
 1243              	.LASF97:
 1244 047a 43795F42 		.ascii	"Cy_BLE_Start\000"
 1244      4C455F53 
 1244      74617274 
 1244      00
 1245              	.LASF18:
 1246 0487 5F426F6F 		.ascii	"_Bool\000"
 1246      6C00
 1247              	.LASF50:
 1248 048d 43595F53 		.ascii	"CY_SCB_EZI2C_STATE_RX_OFFSET_MSB\000"
 1248      43425F45 
 1248      5A493243 
 1248      5F535441 
 1248      54455F52 
 1249              	.LASF54:
 1250 04ae 43595F53 		.ascii	"CY_SCB_EZI2C_STATE_TX_DATA\000"
 1250      43425F45 
 1250      5A493243 
 1250      5F535441 
 1250      54455F54 
 1251              	.LASF66:
 1252 04c9 63757242 		.ascii	"curBuf\000"
 1252      756600
 1253              	.LASF49:
 1254 04d0 43595F53 		.ascii	"CY_SCB_EZI2C_STATE_ADDR\000"
 1254      43425F45 
 1254      5A493243 
 1254      5F535441 
 1254      54455F41 
 1255              	.LASF30:
 1256 04e8 696E7465 		.ascii	"interruptSources\000"
 1256      72727570 
 1256      74536F75 
 1256      72636573 
 1256      00
 1257              	.LASF102:
 1258 04f9 433A5C47 		.ascii	"C:\\Git\\PSoC6-101-Videos\\Projects_ScreenCapture\\"
 1258      69745C50 
 1258      536F4336 
 1258      2D313031 
ARM GAS  C:\Users\gjl\AppData\Local\Temp\ccKu9ryi.s 			page 29


 1258      2D566964 
 1259 0528 50536F43 		.ascii	"PSoC 6_101\\MainController.cydsn\000"
 1259      20365F31 
 1259      30315C4D 
 1259      61696E43 
 1259      6F6E7472 
 1260              	.LASF7:
 1261 0548 6C6F6E67 		.ascii	"long unsigned int\000"
 1261      20756E73 
 1261      69676E65 
 1261      6420696E 
 1261      7400
 1262              	.LASF17:
 1263 055a 646F7562 		.ascii	"double\000"
 1263      6C6500
 1264              	.LASF57:
 1265 0561 63795F73 		.ascii	"cy_stc_scb_ezi2c_context\000"
 1265      74635F73 
 1265      63625F65 
 1265      7A693263 
 1265      5F636F6E 
 1266              	.LASF34:
 1267 057a 73776170 		.ascii	"swapInputMode\000"
 1267      496E7075 
 1267      744D6F64 
 1267      6500
 1268              	.LASF51:
 1269 0588 43595F53 		.ascii	"CY_SCB_EZI2C_STATE_RX_OFFSET_LSB\000"
 1269      43425F45 
 1269      5A493243 
 1269      5F535441 
 1269      54455F52 
 1270              	.LASF39:
 1271 05a9 73746172 		.ascii	"startInput\000"
 1271      74496E70 
 1271      757400
 1272              	.LASF60:
 1273 05b4 61646472 		.ascii	"address1\000"
 1273      65737331 
 1273      00
 1274              	.LASF61:
 1275 05bd 61646472 		.ascii	"address2\000"
 1275      65737332 
 1275      00
 1276              	.LASF90:
 1277 05c6 696E6974 		.ascii	"initKey\000"
 1277      4B657900 
 1278              	.LASF35:
 1279 05ce 73776170 		.ascii	"swapInput\000"
 1279      496E7075 
 1279      7400
 1280              	.LASF91:
 1281 05d8 63795F73 		.ascii	"cy_stc_scb_uart_context_t\000"
 1281      74635F73 
 1281      63625F75 
 1281      6172745F 
 1281      636F6E74 
ARM GAS  C:\Users\gjl\AppData\Local\Temp\ccKu9ryi.s 			page 30


 1282              	.LASF48:
 1283 05f2 43595F53 		.ascii	"CY_SCB_EZI2C_STATE_IDLE\000"
 1283      43425F45 
 1283      5A493243 
 1283      5F535441 
 1283      54455F49 
 1284              	.LASF82:
 1285 060a 72785269 		.ascii	"rxRingBufTail\000"
 1285      6E674275 
 1285      66546169 
 1285      6C00
 1286              	.LASF46:
 1287 0618 43595F53 		.ascii	"CY_SCB_EZI2C_SUB_ADDR16_BITS\000"
 1287      43425F45 
 1287      5A493243 
 1287      5F535542 
 1287      5F414444 
 1288              	.LASF19:
 1289 0635 70776D4D 		.ascii	"pwmMode\000"
 1289      6F646500 
 1290              	.LASF92:
 1291 063d 55415254 		.ascii	"UART_context\000"
 1291      5F636F6E 
 1291      74657874 
 1291      00
 1292              	.LASF31:
 1293 064a 696E7665 		.ascii	"invertPWMOut\000"
 1293      72745057 
 1293      4D4F7574 
 1293      00
 1294              	.LASF43:
 1295 0657 636F756E 		.ascii	"countInput\000"
 1295      74496E70 
 1295      757400
 1296              	.LASF55:
 1297 0662 63795F65 		.ascii	"cy_en_scb_ezi2c_state_t\000"
 1297      6E5F7363 
 1297      625F657A 
 1297      6932635F 
 1297      73746174 
 1298              	.LASF68:
 1299 067a 62756631 		.ascii	"buf1\000"
 1299      00
 1300              	.LASF71:
 1301 067f 62756632 		.ascii	"buf2\000"
 1301      00
 1302              	.LASF32:
 1303 0684 696E7665 		.ascii	"invertPWMOutN\000"
 1303      72745057 
 1303      4D4F7574 
 1303      4E00
 1304              		.ident	"GCC: (GNU Tools for ARM Embedded Processors) 5.4.1 20160609 (release) [ARM/embedded-5-bran
